 /home/kjablonk/anaconda3/envs/dispersant_screener/lib/python3.7/site-packages/sklearn/utils/deprecation.py:143: FutureWarning:The sklearn.preprocessing.data module is  deprecated in version 0.22 and will be removed in version 0.24. The corresponding classes / functions should instead be imported from sklearn.preprocessing. Anything that cannot be imported from sklearn.preprocessing is now part of the private API.
 /home/kjablonk/programs/pypal/pypal/pal/validate_inputs.py:146: UserWarning:No goals provided,                 will assume that every dimension should be maximized
 /home/kjablonk/anaconda3/envs/dispersant_screener/lib/python3.7/site-packages/GPy/kern/src/stationary.py:166: RuntimeWarning:overflow encountered in true_divide
 /home/kjablonk/anaconda3/envs/dispersant_screener/lib/python3.7/site-packages/GPy/kern/src/stationary.py:137: RuntimeWarning:overflow encountered in square
 /home/kjablonk/anaconda3/envs/dispersant_screener/lib/python3.7/site-packages/GPy/kern/src/stationary.py:138: RuntimeWarning:invalid value encountered in add
 /home/kjablonk/anaconda3/envs/dispersant_screener/lib/python3.7/site-packages/GPy/kern/src/stationary.py:243: RuntimeWarning:invalid value encountered in true_divide
 /home/kjablonk/anaconda3/envs/dispersant_screener/lib/python3.7/site-packages/GPy/kern/src/stationary.py:565: RuntimeWarning:invalid value encountered in multiply
 /home/kjablonk/anaconda3/envs/dispersant_screener/lib/python3.7/site-packages/GPy/kern/src/stationary.py:568: RuntimeWarning:invalid value encountered in subtract
 /home/kjablonk/anaconda3/envs/dispersant_screener/lib/python3.7/site-packages/paramz/transformations.py:111: RuntimeWarning:overflow encountered in expm1
 /home/kjablonk/anaconda3/envs/dispersant_screener/lib/python3.7/site-packages/GPy/kern/src/stationary.py:166: RuntimeWarning:overflow encountered in true_divide
 /home/kjablonk/anaconda3/envs/dispersant_screener/lib/python3.7/site-packages/GPy/kern/src/stationary.py:137: RuntimeWarning:overflow encountered in square
 /home/kjablonk/anaconda3/envs/dispersant_screener/lib/python3.7/site-packages/GPy/kern/src/stationary.py:138: RuntimeWarning:invalid value encountered in add
 /home/kjablonk/anaconda3/envs/dispersant_screener/lib/python3.7/site-packages/GPy/kern/src/stationary.py:565: RuntimeWarning:invalid value encountered in multiply
 /home/kjablonk/anaconda3/envs/dispersant_screener/lib/python3.7/site-packages/GPy/kern/src/stationary.py:568: RuntimeWarning:invalid value encountered in subtract
 /home/kjablonk/anaconda3/envs/dispersant_screener/lib/python3.7/site-packages/GPy/kern/src/stationary.py:243: RuntimeWarning:invalid value encountered in true_divide
 /home/kjablonk/anaconda3/envs/dispersant_screener/lib/python3.7/site-packages/GPy/kern/src/stationary.py:565: RuntimeWarning:overflow encountered in multiply
 /home/kjablonk/anaconda3/envs/dispersant_screener/lib/python3.7/site-packages/GPy/kern/src/stationary.py:568: RuntimeWarning:overflow encountered in multiply
 /home/kjablonk/anaconda3/envs/dispersant_screener/lib/python3.7/site-packages/GPy/kern/src/stationary.py:568: RuntimeWarning:invalid value encountered in multiply
 /home/kjablonk/anaconda3/envs/dispersant_screener/lib/python3.7/site-packages/GPy/kern/src/stationary.py:138: RuntimeWarning:overflow encountered in multiply
 /home/kjablonk/anaconda3/envs/dispersant_screener/lib/python3.7/site-packages/GPy/kern/src/stationary.py:138: RuntimeWarning:overflow encountered in add
Maximum hypervolume 1536.0438526567837
STARTING PAL
Optimization restart 1/20, f = -133.3582081647395
Optimization restart 2/20, f = -124.42609113313702
Optimization restart 3/20, f = -124.81901786958804
Optimization restart 4/20, f = -122.9198755279672
Optimization restart 5/20, f = -49.0886160000789
Optimization restart 6/20, f = -133.26022813719027
Optimization restart 7/20, f = -127.88324240952115
Optimization restart 8/20, f = -67.70591930804251
Optimization restart 9/20, f = -133.19709138679244
Optimization restart 10/20, f = -124.84004521008214
Optimization restart 11/20, f = -133.07549711292765
Optimization restart 12/20, f = -119.61756805247444
Optimization restart 13/20, f = -133.3732881002167
Optimization restart 14/20, f = -120.94387420938256
Optimization restart 15/20, f = -133.11460409755358
Optimization restart 16/20, f = -132.26064233931186
Optimization restart 17/20, f = -133.4183729109278
Optimization restart 18/20, f = -133.28225302132233
Optimization restart 19/20, f = -133.0574636457204
Optimization restart 20/20, f = -124.80144984522047
pypal at iteration 1.         0 Pareto optimal points,         32 discarded points,         3093 unclassified points.
Hypervolume 0
pypal at iteration 2.         0 Pareto optimal points,         32 discarded points,         3093 unclassified points.
Hypervolume 0
pypal at iteration 3.         0 Pareto optimal points,         33 discarded points,         3092 unclassified points.
Hypervolume 0
pypal at iteration 4.         0 Pareto optimal points,         34 discarded points,         3091 unclassified points.
Hypervolume 0
pypal at iteration 5.         0 Pareto optimal points,         35 discarded points,         3090 unclassified points.
Hypervolume 0
pypal at iteration 6.         0 Pareto optimal points,         36 discarded points,         3089 unclassified points.
Hypervolume 0
pypal at iteration 7.         0 Pareto optimal points,         36 discarded points,         3089 unclassified points.
Hypervolume 0
pypal at iteration 8.         0 Pareto optimal points,         37 discarded points,         3088 unclassified points.
Hypervolume 0
pypal at iteration 9.         0 Pareto optimal points,         38 discarded points,         3087 unclassified points.
Hypervolume 0
pypal at iteration 10.         0 Pareto optimal points,         39 discarded points,         3086 unclassified points.
Hypervolume 0
Optimization restart 1/20, f = -254.27032778289376
Optimization restart 2/20, f = -252.9000601653445
Optimization restart 3/20, f = -252.33604513754025
Optimization restart 4/20, f = -252.33223663876737
Optimization restart 5/20, f = -252.33603619260987
Optimization restart 6/20, f = -252.33598529998835
Optimization restart 7/20, f = -253.3707467956014
Optimization restart 8/20, f = -252.54293471636612
Optimization restart 9/20, f = -252.33597099747504
Optimization restart 10/20, f = -252.34068819168007
Optimization restart 11/20, f = -252.90918388236187
Optimization restart 12/20, f = -252.9031870220061
Optimization restart 13/20, f = -252.33617796269152
Optimization restart 14/20, f = -252.3321051422891
Optimization restart 15/20, f = -252.33592906965407
Optimization restart 16/20, f = -252.18801156131917
Optimization restart 17/20, f = -252.33484775225978
Optimization restart 18/20, f = -252.33620344198013
Optimization restart 19/20, f = -251.28818905065472
Optimization restart 20/20, f = -252.33122509483417
pypal at iteration 11.         0 Pareto optimal points,         40 discarded points,         3085 unclassified points.
Hypervolume 0
pypal at iteration 12.         0 Pareto optimal points,         41 discarded points,         3084 unclassified points.
Hypervolume 0
pypal at iteration 13.         0 Pareto optimal points,         42 discarded points,         3083 unclassified points.
Hypervolume 0
pypal at iteration 14.         0 Pareto optimal points,         43 discarded points,         3082 unclassified points.
Hypervolume 0
pypal at iteration 15.         0 Pareto optimal points,         44 discarded points,         3081 unclassified points.
Hypervolume 0
pypal at iteration 16.         0 Pareto optimal points,         45 discarded points,         3080 unclassified points.
Hypervolume 0
pypal at iteration 17.         0 Pareto optimal points,         46 discarded points,         3079 unclassified points.
Hypervolume 0
pypal at iteration 18.         0 Pareto optimal points,         47 discarded points,         3078 unclassified points.
Hypervolume 0
pypal at iteration 19.         0 Pareto optimal points,         48 discarded points,         3077 unclassified points.
Hypervolume 0
pypal at iteration 20.         0 Pareto optimal points,         49 discarded points,         3076 unclassified points.
Hypervolume 0
Optimization restart 1/20, f = -345.10306682417433
Optimization restart 2/20, f = -342.23992968350774
Optimization restart 3/20, f = -323.8712975140661
Optimization restart 4/20, f = -340.0605063637643
Optimization restart 5/20, f = -343.8344471649151
Optimization restart 6/20, f = -343.6207832468845
Optimization restart 7/20, f = -339.40789411939653
Optimization restart 8/20, f = -340.14379969300296
Optimization restart 9/20, f = -329.16820906839
Optimization restart 10/20, f = -343.9471420659108
Optimization restart 11/20, f = -344.282266968833
Optimization restart 12/20, f = -342.53478947600746
Optimization restart 13/20, f = -344.0443514926222
Optimization restart 14/20, f = -344.0244101854414
Optimization restart 15/20, f = -344.68321390538756
Optimization restart 16/20, f = -344.33818222753683
Optimization restart 17/20, f = -342.6220864261922
Optimization restart 18/20, f = -255.47141586841525
Optimization restart 19/20, f = -342.5236864411953
Optimization restart 20/20, f = -339.7949176286374
pypal at iteration 21.         0 Pareto optimal points,         50 discarded points,         3075 unclassified points.
Hypervolume 0
pypal at iteration 22.         0 Pareto optimal points,         51 discarded points,         3074 unclassified points.
Hypervolume 0
pypal at iteration 23.         0 Pareto optimal points,         52 discarded points,         3073 unclassified points.
Hypervolume 0
pypal at iteration 24.         0 Pareto optimal points,         53 discarded points,         3072 unclassified points.
Hypervolume 0
pypal at iteration 25.         0 Pareto optimal points,         54 discarded points,         3071 unclassified points.
Hypervolume 0
pypal at iteration 26.         0 Pareto optimal points,         55 discarded points,         3070 unclassified points.
Hypervolume 0
pypal at iteration 27.         0 Pareto optimal points,         56 discarded points,         3069 unclassified points.
Hypervolume 0
pypal at iteration 28.         0 Pareto optimal points,         57 discarded points,         3068 unclassified points.
Hypervolume 0
pypal at iteration 29.         0 Pareto optimal points,         58 discarded points,         3067 unclassified points.
Hypervolume 0
pypal at iteration 30.         0 Pareto optimal points,         59 discarded points,         3066 unclassified points.
Hypervolume 0
Optimization restart 1/20, f = -429.7195525008568
Optimization restart 2/20, f = -425.52533277432525
Optimization restart 3/20, f = -425.7233503134729
Optimization restart 4/20, f = -426.2485984291555
Optimization restart 5/20, f = -427.3267230657101
Optimization restart 6/20, f = -427.7706422487443
Optimization restart 7/20, f = -428.5306331861774
Optimization restart 8/20, f = -416.4023710284364
Optimization restart 9/20, f = -427.3929955439967
Optimization restart 10/20, f = -387.57116824201324
Optimization restart 11/20, f = -428.1205793525371
Optimization restart 12/20, f = -428.44302994156726
Optimization restart 13/20, f = -428.0026788380029
Optimization restart 14/20, f = -427.3581369639331
Optimization restart 15/20, f = -428.28085773092323
Optimization restart 16/20, f = -425.921258795859
Optimization restart 17/20, f = -427.9065402971868
Optimization restart 18/20, f = -426.57973540497426
Optimization restart 19/20, f = -428.1799236973088
Optimization restart 20/20, f = -427.9200509330445
pypal at iteration 31.         0 Pareto optimal points,         60 discarded points,         3065 unclassified points.
Hypervolume 0
pypal at iteration 32.         0 Pareto optimal points,         61 discarded points,         3064 unclassified points.
Hypervolume 0
pypal at iteration 33.         0 Pareto optimal points,         62 discarded points,         3063 unclassified points.
Hypervolume 0
pypal at iteration 34.         0 Pareto optimal points,         62 discarded points,         3063 unclassified points.
Hypervolume 0
pypal at iteration 35.         0 Pareto optimal points,         63 discarded points,         3062 unclassified points.
Hypervolume 0
pypal at iteration 36.         0 Pareto optimal points,         64 discarded points,         3061 unclassified points.
Hypervolume 0
pypal at iteration 37.         0 Pareto optimal points,         65 discarded points,         3060 unclassified points.
Hypervolume 0
pypal at iteration 38.         0 Pareto optimal points,         66 discarded points,         3059 unclassified points.
Hypervolume 0
pypal at iteration 39.         0 Pareto optimal points,         67 discarded points,         3058 unclassified points.
Hypervolume 0
pypal at iteration 40.         0 Pareto optimal points,         68 discarded points,         3057 unclassified points.
Hypervolume 0
Optimization restart 1/20, f = -512.1152129187842
Optimization restart 2/20, f = -509.251454478164
Optimization restart 3/20, f = -506.0778672639266
Optimization restart 4/20, f = -506.1904850092686
Optimization restart 5/20, f = -509.02162319514196
Optimization restart 6/20, f = -509.2534526505912
Optimization restart 7/20, f = -500.94154046476814
Optimization restart 8/20, f = -509.7008624565782
Optimization restart 9/20, f = -510.71880442472
Optimization restart 10/20, f = -509.6457861448916
Optimization restart 11/20, f = -508.9426910711349
Optimization restart 12/20, f = -507.2409605653161
Optimization restart 13/20, f = -494.43635949039265
Optimization restart 14/20, f = -511.9368177233887
Optimization restart 15/20, f = -508.1806355028742
Optimization restart 16/20, f = -423.769513716543
Optimization restart 17/20, f = -509.17273756006
Optimization restart 18/20, f = -508.6995294953483
Optimization restart 19/20, f = -510.3063821570453
Optimization restart 20/20, f = -510.6107376707115
pypal at iteration 41.         0 Pareto optimal points,         69 discarded points,         3056 unclassified points.
Hypervolume 0
pypal at iteration 42.         0 Pareto optimal points,         70 discarded points,         3055 unclassified points.
Hypervolume 0
pypal at iteration 43.         0 Pareto optimal points,         71 discarded points,         3054 unclassified points.
Hypervolume 0
pypal at iteration 44.         0 Pareto optimal points,         72 discarded points,         3053 unclassified points.
Hypervolume 0
pypal at iteration 45.         0 Pareto optimal points,         73 discarded points,         3052 unclassified points.
Hypervolume 0
pypal at iteration 46.         0 Pareto optimal points,         74 discarded points,         3051 unclassified points.
Hypervolume 0
pypal at iteration 47.         0 Pareto optimal points,         75 discarded points,         3050 unclassified points.
Hypervolume 0
pypal at iteration 48.         0 Pareto optimal points,         76 discarded points,         3049 unclassified points.
Hypervolume 0
pypal at iteration 49.         0 Pareto optimal points,         77 discarded points,         3048 unclassified points.
Hypervolume 0
pypal at iteration 50.         0 Pareto optimal points,         78 discarded points,         3047 unclassified points.
Hypervolume 0
Optimization restart 1/20, f = -587.7629876886145
Optimization restart 2/20, f = -584.8990399637403
Optimization restart 3/20, f = -585.0898766171235
Optimization restart 4/20, f = -586.1599253036925
Optimization restart 5/20, f = -567.4363258596534
Optimization restart 6/20, f = -585.2205372157066
Optimization restart 7/20, f = -578.7696944670992
Optimization restart 8/20, f = -574.360483709363
Optimization restart 9/20, f = -585.0934824280325
Optimization restart 10/20, f = -584.0703083322393
Optimization restart 11/20, f = -585.2434425032604
Optimization restart 12/20, f = -584.8467117137031
Optimization restart 13/20, f = -579.5991843741956
Optimization restart 14/20, f = -562.8336266110466
Optimization restart 15/20, f = -584.2943575334834
Optimization restart 16/20, f = -585.3938384044632
Optimization restart 17/20, f = -586.807888424214
Optimization restart 18/20, f = -586.7708321919504
Optimization restart 19/20, f = -552.1416608735893
Optimization restart 20/20, f = -550.5751856258374
pypal at iteration 51.         0 Pareto optimal points,         79 discarded points,         3046 unclassified points.
Hypervolume 0
pypal at iteration 52.         0 Pareto optimal points,         80 discarded points,         3045 unclassified points.
Hypervolume 0
pypal at iteration 53.         0 Pareto optimal points,         81 discarded points,         3044 unclassified points.
Hypervolume 0
pypal at iteration 54.         0 Pareto optimal points,         82 discarded points,         3043 unclassified points.
Hypervolume 0
pypal at iteration 55.         0 Pareto optimal points,         82 discarded points,         3043 unclassified points.
Hypervolume 0
pypal at iteration 56.         0 Pareto optimal points,         83 discarded points,         3042 unclassified points.
Hypervolume 0
pypal at iteration 57.         0 Pareto optimal points,         84 discarded points,         3041 unclassified points.
Hypervolume 0
pypal at iteration 58.         0 Pareto optimal points,         85 discarded points,         3040 unclassified points.
Hypervolume 0
pypal at iteration 59.         0 Pareto optimal points,         86 discarded points,         3039 unclassified points.
Hypervolume 0
pypal at iteration 60.         0 Pareto optimal points,         87 discarded points,         3038 unclassified points.
Hypervolume 0
Optimization restart 1/20, f = -654.856180432036
Optimization restart 2/20, f = -649.2397807256782
Optimization restart 3/20, f = -652.5528363125435
Optimization restart 4/20, f = -646.9089085522378
Optimization restart 5/20, f = -651.575349748431
Optimization restart 6/20, f = -653.3737434405863
Optimization restart 7/20, f = -651.2043939311793
Optimization restart 8/20, f = -653.4577315576491
Optimization restart 9/20, f = -639.5569139602546
Optimization restart 10/20, f = -647.6489473444183
Optimization restart 11/20, f = -632.5877291251013
Optimization restart 12/20, f = -646.7081562123528
Optimization restart 13/20, f = -637.0834490982718
Optimization restart 14/20, f = -653.0524731263517
Optimization restart 15/20, f = -653.9118240600467
Optimization restart 16/20, f = -652.3521668021415
Optimization restart 17/20, f = -652.7089208468083
Optimization restart 18/20, f = -653.3672808700937
Optimization restart 19/20, f = -650.0515474235108
Optimization restart 20/20, f = -640.8517901123743
pypal at iteration 61.         0 Pareto optimal points,         88 discarded points,         3037 unclassified points.
Hypervolume 0
pypal at iteration 62.         0 Pareto optimal points,         89 discarded points,         3036 unclassified points.
Hypervolume 0
pypal at iteration 63.         0 Pareto optimal points,         90 discarded points,         3035 unclassified points.
Hypervolume 0
pypal at iteration 64.         0 Pareto optimal points,         90 discarded points,         3035 unclassified points.
Hypervolume 0
pypal at iteration 65.         0 Pareto optimal points,         91 discarded points,         3034 unclassified points.
Hypervolume 0
pypal at iteration 66.         0 Pareto optimal points,         92 discarded points,         3033 unclassified points.
Hypervolume 0
pypal at iteration 67.         0 Pareto optimal points,         93 discarded points,         3032 unclassified points.
Hypervolume 0
pypal at iteration 68.         0 Pareto optimal points,         94 discarded points,         3031 unclassified points.
Hypervolume 0
pypal at iteration 69.         0 Pareto optimal points,         95 discarded points,         3030 unclassified points.
Hypervolume 0
pypal at iteration 70.         0 Pareto optimal points,         96 discarded points,         3029 unclassified points.
Hypervolume 0
Optimization restart 1/20, f = -728.7288490585677
Optimization restart 2/20, f = -723.1549952407219
Optimization restart 3/20, f = -725.8019064688519
Optimization restart 4/20, f = -613.9762937333608
Optimization restart 5/20, f = -726.3314146226003
Optimization restart 6/20, f = -726.1702406239743
Optimization restart 7/20, f = -712.7472348477247
Optimization restart 8/20, f = -727.7500842979725
Optimization restart 9/20, f = -716.0243812995838
Optimization restart 10/20, f = -722.6025586779833
Optimization restart 11/20, f = -728.3172230038924
Optimization restart 12/20, f = -548.311534401058
Optimization restart 13/20, f = -648.1854928517631
Optimization restart 14/20, f = -724.4891885563286
Optimization restart 15/20, f = -726.2575740870951
Optimization restart 16/20, f = -707.487551666582
Optimization restart 17/20, f = -726.7400535795963
Optimization restart 18/20, f = -725.1869213289206
Optimization restart 19/20, f = -727.1696424254538
Optimization restart 20/20, f = -726.2813823674987
pypal at iteration 71.         0 Pareto optimal points,         97 discarded points,         3028 unclassified points.
Hypervolume 0
pypal at iteration 72.         0 Pareto optimal points,         98 discarded points,         3027 unclassified points.
Hypervolume 0
pypal at iteration 73.         0 Pareto optimal points,         98 discarded points,         3027 unclassified points.
Hypervolume 0
pypal at iteration 74.         0 Pareto optimal points,         99 discarded points,         3026 unclassified points.
Hypervolume 0
pypal at iteration 75.         0 Pareto optimal points,         99 discarded points,         3026 unclassified points.
Hypervolume 0
pypal at iteration 76.         0 Pareto optimal points,         99 discarded points,         3026 unclassified points.
Hypervolume 0
pypal at iteration 77.         0 Pareto optimal points,         100 discarded points,         3025 unclassified points.
Hypervolume 0
pypal at iteration 78.         0 Pareto optimal points,         101 discarded points,         3024 unclassified points.
Hypervolume 0
pypal at iteration 79.         0 Pareto optimal points,         102 discarded points,         3023 unclassified points.
Hypervolume 0
pypal at iteration 80.         0 Pareto optimal points,         103 discarded points,         3022 unclassified points.
Hypervolume 0
Optimization restart 1/20, f = -792.8232702182002
Optimization restart 2/20, f = -790.412664080578
Optimization restart 3/20, f = -780.9318993411792
Optimization restart 4/20, f = -790.9488973427675
Optimization restart 5/20, f = -791.3567693549141
Optimization restart 6/20, f = -779.2830916234283
Optimization restart 7/20, f = -754.7361776864284
Optimization restart 8/20, f = -791.3664497266036
Optimization restart 9/20, f = -790.2763812394815
Optimization restart 10/20, f = -791.4031236555835
Optimization restart 11/20, f = -780.1312865124468
Optimization restart 12/20, f = -790.2704424416669
Optimization restart 13/20, f = -784.8891401875966
Optimization restart 14/20, f = -654.0834118743742
Optimization restart 15/20, f = -783.9315452595561
Optimization restart 16/20, f = -790.8042763684009
Optimization restart 17/20, f = -782.4867316685289
Optimization restart 18/20, f = -791.7545550989184
Optimization restart 19/20, f = -791.6372526035484
Optimization restart 20/20, f = -790.1394464546524
pypal at iteration 81.         0 Pareto optimal points,         104 discarded points,         3021 unclassified points.
Hypervolume 0
pypal at iteration 82.         0 Pareto optimal points,         105 discarded points,         3020 unclassified points.
Hypervolume 0
pypal at iteration 83.         0 Pareto optimal points,         106 discarded points,         3019 unclassified points.
Hypervolume 0
pypal at iteration 84.         0 Pareto optimal points,         107 discarded points,         3018 unclassified points.
Hypervolume 0
pypal at iteration 85.         0 Pareto optimal points,         108 discarded points,         3017 unclassified points.
Hypervolume 0
pypal at iteration 86.         0 Pareto optimal points,         109 discarded points,         3016 unclassified points.
Hypervolume 0
pypal at iteration 87.         0 Pareto optimal points,         110 discarded points,         3015 unclassified points.
Hypervolume 0
pypal at iteration 88.         0 Pareto optimal points,         111 discarded points,         3014 unclassified points.
Hypervolume 0
pypal at iteration 89.         0 Pareto optimal points,         112 discarded points,         3013 unclassified points.
Hypervolume 0
pypal at iteration 90.         0 Pareto optimal points,         113 discarded points,         3012 unclassified points.
Hypervolume 0
Optimization restart 1/20, f = -864.2675346898681
Optimization restart 2/20, f = -862.8682606079374
Optimization restart 3/20, f = -860.4396455541496
Optimization restart 4/20, f = -861.9565638468787
Optimization restart 5/20, f = -854.2933939492065
Optimization restart 6/20, f = -820.5574373290178
Optimization restart 7/20, f = -651.6663627245391
Optimization restart 8/20, f = -862.5166237601052
Optimization restart 9/20, f = -840.6645381983639
Optimization restart 10/20, f = -857.8431538930979
Optimization restart 11/20, f = -863.1343628047199
Optimization restart 12/20, f = -819.5684830137641
Optimization restart 13/20, f = -862.4021195605908
Optimization restart 14/20, f = -862.9061065791202
Optimization restart 15/20, f = -858.1630189501585
Optimization restart 16/20, f = -861.8300864970307
Optimization restart 17/20, f = -857.6365920827361
Optimization restart 18/20, f = -861.4678117598899
Optimization restart 19/20, f = -862.5712418932469
Optimization restart 20/20, f = -861.0021857895274
pypal at iteration 91.         0 Pareto optimal points,         114 discarded points,         3011 unclassified points.
Hypervolume 0
pypal at iteration 92.         0 Pareto optimal points,         115 discarded points,         3010 unclassified points.
Hypervolume 0
pypal at iteration 93.         0 Pareto optimal points,         116 discarded points,         3009 unclassified points.
Hypervolume 0
pypal at iteration 94.         0 Pareto optimal points,         117 discarded points,         3008 unclassified points.
Hypervolume 0
pypal at iteration 95.         0 Pareto optimal points,         118 discarded points,         3007 unclassified points.
Hypervolume 0
pypal at iteration 96.         0 Pareto optimal points,         119 discarded points,         3006 unclassified points.
Hypervolume 0
pypal at iteration 97.         0 Pareto optimal points,         120 discarded points,         3005 unclassified points.
Hypervolume 0
pypal at iteration 98.         0 Pareto optimal points,         121 discarded points,         3004 unclassified points.
Hypervolume 0
pypal at iteration 99.         0 Pareto optimal points,         122 discarded points,         3003 unclassified points.
Hypervolume 0
pypal at iteration 100.         0 Pareto optimal points,         123 discarded points,         3002 unclassified points.
Hypervolume 0
Optimization restart 1/20, f = -935.0138334652192
Optimization restart 2/20, f = -921.7709832015548
Optimization restart 3/20, f = -933.2704138547087
Optimization restart 4/20, f = -933.1221136140583
Optimization restart 5/20, f = -932.8569495612733
Optimization restart 6/20, f = -925.5802378514965
Optimization restart 7/20, f = -933.9398248612513
Optimization restart 8/20, f = -933.0026998047178
Optimization restart 9/20, f = -929.59028008104
Optimization restart 10/20, f = -932.2925012090511
Optimization restart 11/20, f = -909.7799786903547
Optimization restart 12/20, f = -931.1999498058782
Optimization restart 13/20, f = -923.7995230687916
Optimization restart 14/20, f = -923.1885156555429
Optimization restart 15/20, f = -925.0595492321262
Optimization restart 16/20, f = -919.8010508815332
Optimization restart 17/20, f = -935.0516558312278
Optimization restart 18/20, f = -933.8366070941855
Optimization restart 19/20, f = -919.221344697329
Optimization restart 20/20, f = -933.914183671139
pypal at iteration 101.         0 Pareto optimal points,         124 discarded points,         3001 unclassified points.
Hypervolume 0
pypal at iteration 102.         0 Pareto optimal points,         125 discarded points,         3000 unclassified points.
Hypervolume 0
pypal at iteration 103.         0 Pareto optimal points,         126 discarded points,         2999 unclassified points.
Hypervolume 0
pypal at iteration 104.         0 Pareto optimal points,         127 discarded points,         2998 unclassified points.
Hypervolume 0
pypal at iteration 105.         0 Pareto optimal points,         128 discarded points,         2997 unclassified points.
Hypervolume 0
pypal at iteration 106.         0 Pareto optimal points,         129 discarded points,         2996 unclassified points.
Hypervolume 0
pypal at iteration 107.         0 Pareto optimal points,         130 discarded points,         2995 unclassified points.
Hypervolume 0
pypal at iteration 108.         0 Pareto optimal points,         131 discarded points,         2994 unclassified points.
Hypervolume 0
pypal at iteration 109.         0 Pareto optimal points,         132 discarded points,         2993 unclassified points.
Hypervolume 0
pypal at iteration 110.         0 Pareto optimal points,         133 discarded points,         2992 unclassified points.
Hypervolume 0
Optimization restart 1/20, f = -1003.0921243132107
Optimization restart 2/20, f = -991.1889295636219
Optimization restart 3/20, f = -999.5644314030251
Optimization restart 4/20, f = -1001.6521910237109
Optimization restart 5/20, f = -1000.126746886491
Optimization restart 6/20, f = -998.6918090349365
Optimization restart 7/20, f = -1001.4451240979365
Optimization restart 8/20, f = -955.3855414065443
Optimization restart 9/20, f = -998.4144871330352
Optimization restart 10/20, f = -999.5918260394385
Optimization restart 11/20, f = -1000.3043824725414
Optimization restart 12/20, f = -1000.7332510696224
Optimization restart 13/20, f = -999.1077069344535
Optimization restart 14/20, f = -995.0343121477413
Optimization restart 15/20, f = -1000.8545835806653
Optimization restart 16/20, f = -974.9312810635581
Optimization restart 17/20, f = -1002.2955035358189
Optimization restart 18/20, f = -996.8604449234672
Optimization restart 19/20, f = -945.9042799908545
Optimization restart 20/20, f = -999.899614741803
pypal at iteration 111.         0 Pareto optimal points,         133 discarded points,         2992 unclassified points.
Hypervolume 0
pypal at iteration 112.         0 Pareto optimal points,         134 discarded points,         2991 unclassified points.
Hypervolume 0
pypal at iteration 113.         0 Pareto optimal points,         135 discarded points,         2990 unclassified points.
Hypervolume 0
pypal at iteration 114.         0 Pareto optimal points,         136 discarded points,         2989 unclassified points.
Hypervolume 0
pypal at iteration 115.         0 Pareto optimal points,         137 discarded points,         2988 unclassified points.
Hypervolume 0
pypal at iteration 116.         0 Pareto optimal points,         138 discarded points,         2987 unclassified points.
Hypervolume 0
pypal at iteration 117.         0 Pareto optimal points,         139 discarded points,         2986 unclassified points.
Hypervolume 0
pypal at iteration 118.         0 Pareto optimal points,         140 discarded points,         2985 unclassified points.
Hypervolume 0
pypal at iteration 119.         0 Pareto optimal points,         141 discarded points,         2984 unclassified points.
Hypervolume 0
pypal at iteration 120.         0 Pareto optimal points,         141 discarded points,         2984 unclassified points.
Hypervolume 0
Optimization restart 1/20, f = -1072.5152499647027
Optimization restart 2/20, f = -1064.5197752816593
Optimization restart 3/20, f = -1068.1256913672134
Optimization restart 4/20, f = -1067.1557839448137
Optimization restart 5/20, f = -1044.3204488406607
Optimization restart 6/20, f = -1062.8337685343336
Optimization restart 7/20, f = -1070.3902616543473
Optimization restart 8/20, f = -1047.2172501540438
Optimization restart 9/20, f = -1043.6362439327274
Optimization restart 10/20, f = -1072.5890756166482
Optimization restart 11/20, f = -1066.3339889212111
Optimization restart 12/20, f = -1069.7312141040607
Optimization restart 13/20, f = -1061.738956258803
Optimization restart 14/20, f = -1067.8250931764087
Optimization restart 15/20, f = -1067.9470552292935
Optimization restart 16/20, f = -1071.1597224530726
Optimization restart 17/20, f = -1068.0325319433541
Optimization restart 18/20, f = -1066.969250246941
Optimization restart 19/20, f = -1068.3486304367632
Optimization restart 20/20, f = -1068.6531887628141
pypal at iteration 121.         0 Pareto optimal points,         142 discarded points,         2983 unclassified points.
Hypervolume 0
pypal at iteration 122.         0 Pareto optimal points,         143 discarded points,         2982 unclassified points.
Hypervolume 0
pypal at iteration 123.         0 Pareto optimal points,         144 discarded points,         2981 unclassified points.
Hypervolume 0
pypal at iteration 124.         0 Pareto optimal points,         145 discarded points,         2980 unclassified points.
Hypervolume 0
pypal at iteration 125.         0 Pareto optimal points,         146 discarded points,         2979 unclassified points.
Hypervolume 0
pypal at iteration 126.         0 Pareto optimal points,         147 discarded points,         2978 unclassified points.
Hypervolume 0
pypal at iteration 127.         0 Pareto optimal points,         148 discarded points,         2977 unclassified points.
Hypervolume 0
pypal at iteration 128.         0 Pareto optimal points,         149 discarded points,         2976 unclassified points.
Hypervolume 0
pypal at iteration 129.         0 Pareto optimal points,         150 discarded points,         2975 unclassified points.
Hypervolume 0
pypal at iteration 130.         0 Pareto optimal points,         151 discarded points,         2974 unclassified points.
Hypervolume 0
Optimization restart 1/20, f = -1147.1790828012001
Optimization restart 2/20, f = -1138.1241148020783
Optimization restart 3/20, f = -1141.246052332624
Optimization restart 4/20, f = -1141.6025086367242
Optimization restart 5/20, f = -1142.1544267013076
Optimization restart 6/20, f = -1144.0788914471973
Optimization restart 7/20, f = -1136.7218359647995
Optimization restart 8/20, f = -1140.756712813136
Optimization restart 9/20, f = -1134.4723392444475
Optimization restart 10/20, f = -1140.6283155171666
Optimization restart 11/20, f = -1133.4812209908578
Optimization restart 12/20, f = -1144.5194819126218
Optimization restart 13/20, f = -1138.2445751220043
Optimization restart 14/20, f = -1139.5755518066856
Optimization restart 15/20, f = -1143.544063693478
Optimization restart 16/20, f = -1142.957556596531
Optimization restart 17/20, f = -1140.5966343481737
Optimization restart 18/20, f = -1128.5120802291208
Optimization restart 19/20, f = -1141.0639703107486
Optimization restart 20/20, f = -1129.8921844929182
pypal at iteration 131.         0 Pareto optimal points,         152 discarded points,         2973 unclassified points.
Hypervolume 0
pypal at iteration 132.         0 Pareto optimal points,         153 discarded points,         2972 unclassified points.
Hypervolume 0
pypal at iteration 133.         0 Pareto optimal points,         154 discarded points,         2971 unclassified points.
Hypervolume 0
pypal at iteration 134.         0 Pareto optimal points,         155 discarded points,         2970 unclassified points.
Hypervolume 0
pypal at iteration 135.         0 Pareto optimal points,         156 discarded points,         2969 unclassified points.
Hypervolume 0
pypal at iteration 136.         0 Pareto optimal points,         157 discarded points,         2968 unclassified points.
Hypervolume 0
pypal at iteration 137.         0 Pareto optimal points,         158 discarded points,         2967 unclassified points.
Hypervolume 0
pypal at iteration 138.         0 Pareto optimal points,         159 discarded points,         2966 unclassified points.
Hypervolume 0
pypal at iteration 139.         0 Pareto optimal points,         160 discarded points,         2965 unclassified points.
Hypervolume 0
pypal at iteration 140.         0 Pareto optimal points,         161 discarded points,         2964 unclassified points.
Hypervolume 0
Optimization restart 1/20, f = -1219.4235341025162
Optimization restart 2/20, f = -1188.615055269854
Optimization restart 3/20, f = -1212.1600537143527
Optimization restart 4/20, f = -1177.401480896974
Optimization restart 5/20, f = -1189.5759440246454
Optimization restart 6/20, f = -1208.5698712786311
Optimization restart 7/20, f = -1208.3011879914875
Optimization restart 8/20, f = -1202.0683116322878
Optimization restart 9/20, f = -1213.8764167270217
Optimization restart 10/20, f = -1205.8081920671434
Optimization restart 11/20, f = -1213.5069119924326
Optimization restart 12/20, f = -1180.8863319803504
Optimization restart 13/20, f = -1214.1393439889025
Optimization restart 14/20, f = -1214.0458624230614
Optimization restart 15/20, f = -1194.0716014422435
Optimization restart 16/20, f = -1214.9475248665863
Optimization restart 17/20, f = -1193.0832885537307
Optimization restart 18/20, f = -1207.9077236781984
Optimization restart 19/20, f = -1209.7662773902132
Optimization restart 20/20, f = -1206.834920783391
pypal at iteration 141.         0 Pareto optimal points,         162 discarded points,         2963 unclassified points.
Hypervolume 0
pypal at iteration 142.         0 Pareto optimal points,         163 discarded points,         2962 unclassified points.
Hypervolume 0
pypal at iteration 143.         0 Pareto optimal points,         163 discarded points,         2962 unclassified points.
Hypervolume 0
pypal at iteration 144.         0 Pareto optimal points,         167 discarded points,         2958 unclassified points.
Hypervolume 0
pypal at iteration 145.         0 Pareto optimal points,         168 discarded points,         2957 unclassified points.
Hypervolume 0
pypal at iteration 146.         0 Pareto optimal points,         169 discarded points,         2956 unclassified points.
Hypervolume 0
pypal at iteration 147.         0 Pareto optimal points,         170 discarded points,         2955 unclassified points.
Hypervolume 0
pypal at iteration 148.         0 Pareto optimal points,         171 discarded points,         2954 unclassified points.
Hypervolume 0
pypal at iteration 149.         0 Pareto optimal points,         172 discarded points,         2953 unclassified points.
Hypervolume 0
pypal at iteration 150.         0 Pareto optimal points,         173 discarded points,         2952 unclassified points.
Hypervolume 0
Optimization restart 1/20, f = -1290.4443184580148
Optimization restart 2/20, f = -1281.7270338123226
Optimization restart 3/20, f = -1275.5416206040682
Optimization restart 4/20, f = -1284.2227301438854
Optimization restart 5/20, f = -1263.8311721964615
Optimization restart 6/20, f = -1285.9758226457989
Optimization restart 7/20, f = -1283.5695247589224
Optimization restart 8/20, f = -1281.0912779095256
Optimization restart 9/20, f = -1285.3764422002746
Optimization restart 10/20, f = -1285.2596025680173
Optimization restart 11/20, f = -1286.2189967129057
Optimization restart 12/20, f = -1290.1477072664957
Optimization restart 13/20, f = -1284.8581987401883
Optimization restart 14/20, f = -1283.6613851908064
Optimization restart 15/20, f = -1288.1754858278666
Optimization restart 16/20, f = -1265.0258038496584
Optimization restart 17/20, f = -1281.5655625687205
Optimization restart 18/20, f = -1286.816976634835
Optimization restart 19/20, f = -1288.690423191873
Optimization restart 20/20, f = -1285.7632504637274
pypal at iteration 151.         0 Pareto optimal points,         174 discarded points,         2951 unclassified points.
Hypervolume 0
pypal at iteration 152.         0 Pareto optimal points,         175 discarded points,         2950 unclassified points.
Hypervolume 0
pypal at iteration 153.         0 Pareto optimal points,         176 discarded points,         2949 unclassified points.
Hypervolume 0
pypal at iteration 154.         0 Pareto optimal points,         177 discarded points,         2948 unclassified points.
Hypervolume 0
pypal at iteration 155.         0 Pareto optimal points,         178 discarded points,         2947 unclassified points.
Hypervolume 0
pypal at iteration 156.         0 Pareto optimal points,         179 discarded points,         2946 unclassified points.
Hypervolume 0
pypal at iteration 157.         0 Pareto optimal points,         180 discarded points,         2945 unclassified points.
Hypervolume 0
pypal at iteration 158.         0 Pareto optimal points,         181 discarded points,         2944 unclassified points.
Hypervolume 0
pypal at iteration 159.         0 Pareto optimal points,         181 discarded points,         2944 unclassified points.
Hypervolume 0
pypal at iteration 160.         0 Pareto optimal points,         182 discarded points,         2943 unclassified points.
Hypervolume 0
Optimization restart 1/20, f = -1347.5181282666542
Optimization restart 2/20, f = -1337.759876866095
Optimization restart 3/20, f = -1342.7982794364382
Optimization restart 4/20, f = -1344.3064998925986
Optimization restart 5/20, f = -1335.5530118881686
Optimization restart 6/20, f = -1341.748809923072
Optimization restart 7/20, f = -1334.778116859728
Optimization restart 8/20, f = -1334.1453912919626
Optimization restart 9/20, f = -1342.3681712594948
Optimization restart 10/20, f = -1342.1514154647764
Optimization restart 11/20, f = -1343.8502964174595
Optimization restart 12/20, f = -1343.7011091600325
Optimization restart 13/20, f = -1342.7928619587742
Optimization restart 14/20, f = -1335.5969212670573
Optimization restart 15/20, f = -1344.6143109243324
Optimization restart 16/20, f = -1279.1438593531227
Optimization restart 17/20, f = -1343.5802241196932
Optimization restart 18/20, f = -1265.6596623493826
Optimization restart 19/20, f = -1343.615410782149
Optimization restart 20/20, f = -1335.9212458647878
pypal at iteration 161.         0 Pareto optimal points,         183 discarded points,         2942 unclassified points.
Hypervolume 0
pypal at iteration 162.         0 Pareto optimal points,         184 discarded points,         2941 unclassified points.
Hypervolume 0
pypal at iteration 163.         0 Pareto optimal points,         185 discarded points,         2940 unclassified points.
Hypervolume 0
pypal at iteration 164.         0 Pareto optimal points,         186 discarded points,         2939 unclassified points.
Hypervolume 0
pypal at iteration 165.         0 Pareto optimal points,         187 discarded points,         2938 unclassified points.
Hypervolume 0
pypal at iteration 166.         0 Pareto optimal points,         188 discarded points,         2937 unclassified points.
Hypervolume 0
pypal at iteration 167.         0 Pareto optimal points,         189 discarded points,         2936 unclassified points.
Hypervolume 0
pypal at iteration 168.         0 Pareto optimal points,         190 discarded points,         2935 unclassified points.
Hypervolume 0
pypal at iteration 169.         0 Pareto optimal points,         191 discarded points,         2934 unclassified points.
Hypervolume 0
pypal at iteration 170.         0 Pareto optimal points,         192 discarded points,         2933 unclassified points.
Hypervolume 0
Optimization restart 1/20, f = -1417.6001352982605
Optimization restart 2/20, f = -1412.7543692095107
Optimization restart 3/20, f = -1402.7810844862186
Optimization restart 4/20, f = -1408.4701231178356
Optimization restart 5/20, f = -1165.5892180294697
Optimization restart 6/20, f = -1403.3443980395778
Optimization restart 7/20, f = -1413.5413062356488
Optimization restart 8/20, f = -1413.422543332981
Optimization restart 9/20, f = -1414.0357852239417
Optimization restart 10/20, f = -1412.944262465207
Optimization restart 11/20, f = -1410.3917658109995
Optimization restart 12/20, f = -1414.8204532317536
Optimization restart 13/20, f = -1415.3317954849224
Optimization restart 14/20, f = -1413.4468451855016
Optimization restart 15/20, f = -1412.7472574713079
Optimization restart 16/20, f = -1414.3988186833187
Optimization restart 17/20, f = -1403.7313054046954
Optimization restart 18/20, f = -1401.0080070041288
Optimization restart 19/20, f = -1408.8581400977
Optimization restart 20/20, f = -1406.8964398247726
pypal at iteration 171.         0 Pareto optimal points,         193 discarded points,         2932 unclassified points.
Hypervolume 0
pypal at iteration 172.         0 Pareto optimal points,         194 discarded points,         2931 unclassified points.
Hypervolume 0
pypal at iteration 173.         0 Pareto optimal points,         195 discarded points,         2930 unclassified points.
Hypervolume 0
pypal at iteration 174.         0 Pareto optimal points,         196 discarded points,         2929 unclassified points.
Hypervolume 0
pypal at iteration 175.         0 Pareto optimal points,         197 discarded points,         2928 unclassified points.
Hypervolume 0
pypal at iteration 176.         0 Pareto optimal points,         198 discarded points,         2927 unclassified points.
Hypervolume 0
pypal at iteration 177.         0 Pareto optimal points,         199 discarded points,         2926 unclassified points.
Hypervolume 0
pypal at iteration 178.         0 Pareto optimal points,         200 discarded points,         2925 unclassified points.
Hypervolume 0
pypal at iteration 179.         0 Pareto optimal points,         201 discarded points,         2924 unclassified points.
Hypervolume 0
pypal at iteration 180.         0 Pareto optimal points,         202 discarded points,         2923 unclassified points.
Hypervolume 0
Optimization restart 1/20, f = -1484.9318202201066
Optimization restart 2/20, f = -1476.8494395231169
Optimization restart 3/20, f = -1481.6896597657383
Optimization restart 4/20, f = -1477.9684459792961
Optimization restart 5/20, f = -1477.718192807502
Optimization restart 6/20, f = -1479.9586845320637
Optimization restart 7/20, f = -1472.161773159757
Optimization restart 8/20, f = -1473.5883724179837
Optimization restart 9/20, f = -1469.7881001028395
Optimization restart 10/20, f = -1462.7359598521912
Optimization restart 11/20, f = -1477.4057043533599
Optimization restart 12/20, f = -1480.8256741638215
Optimization restart 13/20, f = -1481.2905752956221
Optimization restart 14/20, f = -1481.7170798398975
Optimization restart 15/20, f = -1479.3933611273924
Optimization restart 16/20, f = -1469.9014405942173
Optimization restart 17/20, f = -1471.7848771173494
Optimization restart 18/20, f = -1471.8111093892642
Optimization restart 19/20, f = -1478.1082462025154
Optimization restart 20/20, f = -1481.4153800327294
pypal at iteration 181.         0 Pareto optimal points,         203 discarded points,         2922 unclassified points.
Hypervolume 0
pypal at iteration 182.         0 Pareto optimal points,         204 discarded points,         2921 unclassified points.
Hypervolume 0
pypal at iteration 183.         0 Pareto optimal points,         205 discarded points,         2920 unclassified points.
Hypervolume 0
pypal at iteration 184.         0 Pareto optimal points,         206 discarded points,         2919 unclassified points.
Hypervolume 0
pypal at iteration 185.         0 Pareto optimal points,         207 discarded points,         2918 unclassified points.
Hypervolume 0
pypal at iteration 186.         0 Pareto optimal points,         208 discarded points,         2917 unclassified points.
Hypervolume 0
pypal at iteration 187.         0 Pareto optimal points,         209 discarded points,         2916 unclassified points.
Hypervolume 0
pypal at iteration 188.         0 Pareto optimal points,         210 discarded points,         2915 unclassified points.
Hypervolume 0
pypal at iteration 189.         0 Pareto optimal points,         211 discarded points,         2914 unclassified points.
Hypervolume 0
pypal at iteration 190.         0 Pareto optimal points,         212 discarded points,         2913 unclassified points.
Hypervolume 0
Optimization restart 1/20, f = -1553.987641435013
Optimization restart 2/20, f = -1548.8232408671242
Optimization restart 3/20, f = -1431.786514683689
Optimization restart 4/20, f = -1550.587060240854
Optimization restart 5/20, f = -1550.3478623502638
Optimization restart 6/20, f = -1553.2614179761536
Optimization restart 7/20, f = -1549.2875748570941
Optimization restart 8/20, f = -1546.0969969933058
Optimization restart 9/20, f = -1547.2446776402098
Optimization restart 10/20, f = -1550.0441536431697
Optimization restart 11/20, f = -1552.1142246226964
Optimization restart 12/20, f = -1550.829855253648
Optimization restart 13/20, f = -1529.9832139410416
Optimization restart 14/20, f = -1551.6931600587595
Optimization restart 15/20, f = -1549.456917741294
Optimization restart 16/20, f = -1548.4936744995298
Optimization restart 17/20, f = -1540.8609998143834
Optimization restart 18/20, f = -1528.5750306839218
Optimization restart 19/20, f = -1529.1160900409182
Optimization restart 20/20, f = -1551.6885026880211
pypal at iteration 191.         0 Pareto optimal points,         213 discarded points,         2912 unclassified points.
Hypervolume 0
pypal at iteration 192.         0 Pareto optimal points,         214 discarded points,         2911 unclassified points.
Hypervolume 0
pypal at iteration 193.         0 Pareto optimal points,         215 discarded points,         2910 unclassified points.
Hypervolume 0
pypal at iteration 194.         0 Pareto optimal points,         216 discarded points,         2909 unclassified points.
Hypervolume 0
pypal at iteration 195.         0 Pareto optimal points,         217 discarded points,         2908 unclassified points.
Hypervolume 0
pypal at iteration 196.         0 Pareto optimal points,         218 discarded points,         2907 unclassified points.
Hypervolume 0
pypal at iteration 197.         0 Pareto optimal points,         219 discarded points,         2906 unclassified points.
Hypervolume 0
pypal at iteration 198.         0 Pareto optimal points,         220 discarded points,         2905 unclassified points.
Hypervolume 0
pypal at iteration 199.         0 Pareto optimal points,         221 discarded points,         2904 unclassified points.
Hypervolume 0
pypal at iteration 200.         0 Pareto optimal points,         222 discarded points,         2903 unclassified points.
Hypervolume 0
Optimization restart 1/20, f = -1626.7876669182883
Optimization restart 2/20, f = -1619.7149495686356
Optimization restart 3/20, f = -1622.633032117081
Optimization restart 4/20, f = -1625.524169669343
Optimization restart 5/20, f = -1621.0348611657596
Optimization restart 6/20, f = -1622.1718350424526
Optimization restart 7/20, f = -1622.7911785876522
Optimization restart 8/20, f = -1620.2642043615765
Optimization restart 9/20, f = -1610.0949254066225
Optimization restart 10/20, f = -1598.9492495292018
Optimization restart 11/20, f = -1622.1750529888266
Optimization restart 12/20, f = -1623.7732236048655
Optimization restart 13/20, f = -1613.6804592689023
Optimization restart 14/20, f = -1624.045708959141
Optimization restart 15/20, f = -1620.5734634654177
Optimization restart 16/20, f = -1616.3285962522136
Optimization restart 17/20, f = -1614.2977259113486
Optimization restart 18/20, f = -1620.8111384828608
Optimization restart 19/20, f = -1622.5515902215107
Optimization restart 20/20, f = -1597.4803150999912
pypal at iteration 201.         0 Pareto optimal points,         223 discarded points,         2902 unclassified points.
Hypervolume 0
pypal at iteration 202.         0 Pareto optimal points,         224 discarded points,         2901 unclassified points.
Hypervolume 0
pypal at iteration 203.         0 Pareto optimal points,         225 discarded points,         2900 unclassified points.
Hypervolume 0
pypal at iteration 204.         0 Pareto optimal points,         226 discarded points,         2899 unclassified points.
Hypervolume 0
pypal at iteration 205.         0 Pareto optimal points,         227 discarded points,         2898 unclassified points.
Hypervolume 0
pypal at iteration 206.         0 Pareto optimal points,         228 discarded points,         2897 unclassified points.
Hypervolume 0
pypal at iteration 207.         0 Pareto optimal points,         228 discarded points,         2897 unclassified points.
Hypervolume 0
pypal at iteration 208.         0 Pareto optimal points,         229 discarded points,         2896 unclassified points.
Hypervolume 0
pypal at iteration 209.         0 Pareto optimal points,         230 discarded points,         2895 unclassified points.
Hypervolume 0
pypal at iteration 210.         0 Pareto optimal points,         231 discarded points,         2894 unclassified points.
Hypervolume 0
Optimization restart 1/20, f = -1693.2642161661493
Optimization restart 2/20, f = -1685.4861844142335
Optimization restart 3/20, f = -1651.9566652989172
Optimization restart 4/20, f = -1646.0780069761759
Optimization restart 5/20, f = -1314.3166843470399
Optimization restart 6/20, f = -1690.653821378357
Optimization restart 7/20, f = -1688.3492817064443
Optimization restart 8/20, f = -1691.5178827328689
Optimization restart 9/20, f = -1687.4690527212658
Optimization restart 10/20, f = -1690.308677250435
Optimization restart 11/20, f = -1686.7857135431254
Optimization restart 12/20, f = -1689.9852880613234
Optimization restart 13/20, f = -1688.56075858606
Optimization restart 14/20, f = -1688.0181239795663
Optimization restart 15/20, f = -1686.0934114973054
Optimization restart 16/20, f = -1404.4581376300232
Optimization restart 17/20, f = -1688.0850894566852
Optimization restart 18/20, f = -1688.781385798704
Optimization restart 19/20, f = -1689.986056725381
Optimization restart 20/20, f = -1682.9831204592033
pypal at iteration 211.         0 Pareto optimal points,         232 discarded points,         2893 unclassified points.
Hypervolume 0
pypal at iteration 212.         0 Pareto optimal points,         233 discarded points,         2892 unclassified points.
Hypervolume 0
pypal at iteration 213.         0 Pareto optimal points,         234 discarded points,         2891 unclassified points.
Hypervolume 0
pypal at iteration 214.         0 Pareto optimal points,         235 discarded points,         2890 unclassified points.
Hypervolume 0
pypal at iteration 215.         0 Pareto optimal points,         236 discarded points,         2889 unclassified points.
Hypervolume 0
pypal at iteration 216.         0 Pareto optimal points,         237 discarded points,         2888 unclassified points.
Hypervolume 0
pypal at iteration 217.         0 Pareto optimal points,         238 discarded points,         2887 unclassified points.
Hypervolume 0
pypal at iteration 218.         0 Pareto optimal points,         239 discarded points,         2886 unclassified points.
Hypervolume 0
pypal at iteration 219.         0 Pareto optimal points,         240 discarded points,         2885 unclassified points.
Hypervolume 0
pypal at iteration 220.         0 Pareto optimal points,         241 discarded points,         2884 unclassified points.
Hypervolume 0
Optimization restart 1/20, f = -1766.8305693426823
Optimization restart 2/20, f = -1750.2750168777281
Optimization restart 3/20, f = -1759.287712664059
Optimization restart 4/20, f = -1754.5101991974689
Optimization restart 5/20, f = -1758.1880101770375
Optimization restart 6/20, f = -1761.9347933115143
Optimization restart 7/20, f = -1762.6459389445063
Optimization restart 8/20, f = -1752.766670912491
Optimization restart 9/20, f = -1753.3304536375674
Optimization restart 10/20, f = -1760.8860414929454
Optimization restart 11/20, f = -1761.85741611812
Optimization restart 12/20, f = -1762.2868271638613
Optimization restart 13/20, f = -1760.62687800291
Optimization restart 14/20, f = -1762.7019812451351
Optimization restart 15/20, f = -1748.6421550048544
Optimization restart 16/20, f = -1760.7451512407165
Optimization restart 17/20, f = -1762.0527452028434
Optimization restart 18/20, f = -1763.8473632591094
Optimization restart 19/20, f = -1738.3273013905073
Optimization restart 20/20, f = -1762.5988235290909
pypal at iteration 221.         0 Pareto optimal points,         242 discarded points,         2883 unclassified points.
Hypervolume 0
pypal at iteration 222.         0 Pareto optimal points,         243 discarded points,         2882 unclassified points.
Hypervolume 0
pypal at iteration 223.         0 Pareto optimal points,         244 discarded points,         2881 unclassified points.
Hypervolume 0
pypal at iteration 224.         0 Pareto optimal points,         245 discarded points,         2880 unclassified points.
Hypervolume 0
pypal at iteration 225.         0 Pareto optimal points,         246 discarded points,         2879 unclassified points.
Hypervolume 0
pypal at iteration 226.         0 Pareto optimal points,         247 discarded points,         2878 unclassified points.
Hypervolume 0
pypal at iteration 227.         0 Pareto optimal points,         248 discarded points,         2877 unclassified points.
Hypervolume 0
pypal at iteration 228.         0 Pareto optimal points,         249 discarded points,         2876 unclassified points.
Hypervolume 0
pypal at iteration 229.         0 Pareto optimal points,         250 discarded points,         2875 unclassified points.
Hypervolume 0
pypal at iteration 230.         0 Pareto optimal points,         251 discarded points,         2874 unclassified points.
Hypervolume 0
Optimization restart 1/20, f = -1840.712573371812
Optimization restart 2/20, f = -1826.9590260683667
Optimization restart 3/20, f = -1831.4371561318974
Optimization restart 4/20, f = -1840.314316860306
Optimization restart 5/20, f = -1837.0629540447717
Optimization restart 6/20, f = -1840.4769861692507
Optimization restart 7/20, f = -1835.8228990352848
Optimization restart 8/20, f = -1833.8167122758125
Optimization restart 9/20, f = -1836.4178860240904
Optimization restart 10/20, f = -1720.1278882071556
Optimization restart 11/20, f = -1839.7730683129985
Optimization restart 12/20, f = -1834.0557488696709
Optimization restart 13/20, f = -1826.7440026674174
Optimization restart 14/20, f = -1824.5710360877429
Optimization restart 15/20, f = -1804.7566621767712
Optimization restart 16/20, f = -1828.6049938117776
Optimization restart 17/20, f = -1837.6934348700593
Optimization restart 18/20, f = -1837.4751999338828
Optimization restart 19/20, f = -1827.2618472345232
Optimization restart 20/20, f = -1772.4548605483135
pypal at iteration 231.         0 Pareto optimal points,         252 discarded points,         2873 unclassified points.
Hypervolume 0
pypal at iteration 232.         0 Pareto optimal points,         253 discarded points,         2872 unclassified points.
Hypervolume 0
pypal at iteration 233.         0 Pareto optimal points,         254 discarded points,         2871 unclassified points.
Hypervolume 0
pypal at iteration 234.         0 Pareto optimal points,         255 discarded points,         2870 unclassified points.
Hypervolume 0
pypal at iteration 235.         0 Pareto optimal points,         256 discarded points,         2869 unclassified points.
Hypervolume 0
pypal at iteration 236.         0 Pareto optimal points,         257 discarded points,         2868 unclassified points.
Hypervolume 0
pypal at iteration 237.         0 Pareto optimal points,         258 discarded points,         2867 unclassified points.
Hypervolume 0
pypal at iteration 238.         0 Pareto optimal points,         259 discarded points,         2866 unclassified points.
Hypervolume 0
pypal at iteration 239.         0 Pareto optimal points,         260 discarded points,         2865 unclassified points.
Hypervolume 0
pypal at iteration 240.         0 Pareto optimal points,         261 discarded points,         2864 unclassified points.
Hypervolume 0
Optimization restart 1/20, f = -1910.691532653192
Optimization restart 2/20, f = -1897.1512070176882
Optimization restart 3/20, f = -1876.9894017208933
Optimization restart 4/20, f = -1902.000499484136
Optimization restart 5/20, f = -1900.1670933412029
Optimization restart 6/20, f = -1900.5604597337192
Optimization restart 7/20, f = -1903.3703155231583
Optimization restart 8/20, f = -1750.8469155608348
Optimization restart 9/20, f = -1899.680595985524
Optimization restart 10/20, f = -1901.5707254280842
Optimization restart 11/20, f = -1906.216344702188
Optimization restart 12/20, f = -1907.1831889632326
Optimization restart 13/20, f = -1903.4790130250562
Optimization restart 14/20, f = -1887.8906456595755
Optimization restart 15/20, f = -1786.7628212594227
Optimization restart 16/20, f = -1899.415560019119
Optimization restart 17/20, f = -1905.7106168882974
Optimization restart 18/20, f = -1908.6501444973692
Optimization restart 19/20, f = -1898.0307710197403
Optimization restart 20/20, f = -1908.128963229079
pypal at iteration 241.         0 Pareto optimal points,         262 discarded points,         2863 unclassified points.
Hypervolume 0
pypal at iteration 242.         0 Pareto optimal points,         263 discarded points,         2862 unclassified points.
Hypervolume 0
pypal at iteration 243.         0 Pareto optimal points,         264 discarded points,         2861 unclassified points.
Hypervolume 0
pypal at iteration 244.         0 Pareto optimal points,         265 discarded points,         2860 unclassified points.
Hypervolume 0
pypal at iteration 245.         0 Pareto optimal points,         266 discarded points,         2859 unclassified points.
Hypervolume 0
pypal at iteration 246.         0 Pareto optimal points,         267 discarded points,         2858 unclassified points.
Hypervolume 0
pypal at iteration 247.         0 Pareto optimal points,         268 discarded points,         2857 unclassified points.
Hypervolume 0
pypal at iteration 248.         0 Pareto optimal points,         269 discarded points,         2856 unclassified points.
Hypervolume 0
pypal at iteration 249.         0 Pareto optimal points,         269 discarded points,         2856 unclassified points.
Hypervolume 0
pypal at iteration 250.         0 Pareto optimal points,         270 discarded points,         2855 unclassified points.
Hypervolume 0
Optimization restart 1/20, f = -1970.1943900679098
Optimization restart 2/20, f = -1940.1618856954142
Optimization restart 3/20, f = -1957.266565760323
Optimization restart 4/20, f = -1958.9250687674862
Optimization restart 5/20, f = -1956.315538413419
Optimization restart 6/20, f = -1964.0696357229456
Optimization restart 7/20, f = -1958.7290317100767
Optimization restart 8/20, f = -1961.29765511756
Optimization restart 9/20, f = -1954.9015019883898
Optimization restart 10/20, f = -1967.1071417694843
Optimization restart 11/20, f = -1967.325478462757
Optimization restart 12/20, f = -1957.1883726538474
Optimization restart 13/20, f = -1955.1594116112592
Optimization restart 14/20, f = -1959.4360109218699
Optimization restart 15/20, f = -1966.7239438791858
Optimization restart 16/20, f = -1963.9418509556717
Optimization restart 17/20, f = -1970.1074228646241
Optimization restart 18/20, f = -1967.8315206524958
Optimization restart 19/20, f = -1945.8551322664114
Optimization restart 20/20, f = -1967.4838128806807
pypal at iteration 251.         0 Pareto optimal points,         271 discarded points,         2854 unclassified points.
Hypervolume 0
pypal at iteration 252.         0 Pareto optimal points,         272 discarded points,         2853 unclassified points.
Hypervolume 0
pypal at iteration 253.         0 Pareto optimal points,         273 discarded points,         2852 unclassified points.
Hypervolume 0
pypal at iteration 254.         0 Pareto optimal points,         273 discarded points,         2852 unclassified points.
Hypervolume 0
pypal at iteration 255.         0 Pareto optimal points,         274 discarded points,         2851 unclassified points.
Hypervolume 0
pypal at iteration 256.         0 Pareto optimal points,         275 discarded points,         2850 unclassified points.
Hypervolume 0
pypal at iteration 257.         0 Pareto optimal points,         275 discarded points,         2850 unclassified points.
Hypervolume 0
pypal at iteration 258.         0 Pareto optimal points,         276 discarded points,         2849 unclassified points.
Hypervolume 0
pypal at iteration 259.         0 Pareto optimal points,         277 discarded points,         2848 unclassified points.
Hypervolume 0
pypal at iteration 260.         0 Pareto optimal points,         278 discarded points,         2847 unclassified points.
Hypervolume 0
Optimization restart 1/20, f = -2034.7532141305064
Optimization restart 2/20, f = -2025.706661562227
Optimization restart 3/20, f = -1998.2457746062807
Optimization restart 4/20, f = -2028.8706494316834
Optimization restart 5/20, f = -2031.0740738411453
Optimization restart 6/20, f = -2009.3687649782573
Optimization restart 7/20, f = -1931.296979402824
Optimization restart 8/20, f = -2030.3801780772287
Optimization restart 9/20, f = -2024.9951078148322
Optimization restart 10/20, f = -2021.724559374349
Optimization restart 11/20, f = -2000.8959315168174
Optimization restart 12/20, f = -1997.5210965923138
Optimization restart 13/20, f = -2020.4778806904787
Optimization restart 14/20, f = -2022.2051140202625
Optimization restart 15/20, f = -1872.1851608331222
Optimization restart 16/20, f = -1993.4727017150249
Optimization restart 17/20, f = -2029.718383412827
Optimization restart 18/20, f = -2025.4835324117496
Optimization restart 19/20, f = -2032.322952740063
Optimization restart 20/20, f = -2003.999220853861
pypal at iteration 261.         0 Pareto optimal points,         279 discarded points,         2846 unclassified points.
Hypervolume 0
pypal at iteration 262.         0 Pareto optimal points,         280 discarded points,         2845 unclassified points.
Hypervolume 0
pypal at iteration 263.         0 Pareto optimal points,         281 discarded points,         2844 unclassified points.
Hypervolume 0
pypal at iteration 264.         0 Pareto optimal points,         282 discarded points,         2843 unclassified points.
Hypervolume 0
pypal at iteration 265.         0 Pareto optimal points,         283 discarded points,         2842 unclassified points.
Hypervolume 0
pypal at iteration 266.         0 Pareto optimal points,         284 discarded points,         2841 unclassified points.
Hypervolume 0
pypal at iteration 267.         0 Pareto optimal points,         285 discarded points,         2840 unclassified points.
Hypervolume 0
pypal at iteration 268.         0 Pareto optimal points,         286 discarded points,         2839 unclassified points.
Hypervolume 0
pypal at iteration 269.         0 Pareto optimal points,         287 discarded points,         2838 unclassified points.
Hypervolume 0
pypal at iteration 270.         0 Pareto optimal points,         288 discarded points,         2837 unclassified points.
Hypervolume 0
Optimization restart 1/20, f = -2094.7926497084904
Optimization restart 2/20, f = -2089.8793899750794
Optimization restart 3/20, f = -2091.924852926966
Optimization restart 4/20, f = -2090.7438444135337
Optimization restart 5/20, f = -2090.9265779231464
Optimization restart 6/20, f = -2050.436510167863
Optimization restart 7/20, f = -2063.152463736456
Optimization restart 8/20, f = -2088.766338358406
Optimization restart 9/20, f = -2091.368255474896
Optimization restart 10/20, f = -2029.9524239759692
Optimization restart 11/20, f = -2090.489802600997
Optimization restart 12/20, f = -2085.997126743128
Optimization restart 13/20, f = -2092.536354010614
Optimization restart 14/20, f = -2054.125654349883
Optimization restart 15/20, f = -2091.3829000736314
Optimization restart 16/20, f = -2085.5576588579806
Optimization restart 17/20, f = -2090.1241890660503
Optimization restart 18/20, f = -2084.8900433308777
Optimization restart 19/20, f = -2089.199085149175
Optimization restart 20/20, f = -2094.204020270227
pypal at iteration 271.         0 Pareto optimal points,         289 discarded points,         2836 unclassified points.
Hypervolume 0
pypal at iteration 272.         0 Pareto optimal points,         289 discarded points,         2836 unclassified points.
Hypervolume 0
pypal at iteration 273.         0 Pareto optimal points,         290 discarded points,         2835 unclassified points.
Hypervolume 0
pypal at iteration 274.         0 Pareto optimal points,         291 discarded points,         2834 unclassified points.
Hypervolume 0
pypal at iteration 275.         0 Pareto optimal points,         292 discarded points,         2833 unclassified points.
Hypervolume 0
pypal at iteration 276.         0 Pareto optimal points,         293 discarded points,         2832 unclassified points.
Hypervolume 0
pypal at iteration 277.         0 Pareto optimal points,         294 discarded points,         2831 unclassified points.
Hypervolume 0
pypal at iteration 278.         0 Pareto optimal points,         295 discarded points,         2830 unclassified points.
Hypervolume 0
pypal at iteration 279.         0 Pareto optimal points,         296 discarded points,         2829 unclassified points.
Hypervolume 0
pypal at iteration 280.         0 Pareto optimal points,         297 discarded points,         2828 unclassified points.
Hypervolume 0
Optimization restart 1/20, f = -2162.075783932729
Optimization restart 2/20, f = -2131.0249841605414
Optimization restart 3/20, f = -2158.580634618961
Optimization restart 4/20, f = -2153.4760979438292
Optimization restart 5/20, f = -2148.9077399349826
Optimization restart 6/20, f = -2157.7225276585978
Optimization restart 7/20, f = -1773.5120252240995
Optimization restart 8/20, f = -2121.602208536479
Optimization restart 9/20, f = -2145.703835149528
Optimization restart 10/20, f = -2155.025195255418
Optimization restart 11/20, f = -2134.0215593300813
Optimization restart 12/20, f = -2155.7533428731595
Optimization restart 13/20, f = -2157.762783052518
Optimization restart 14/20, f = -2141.248139034062
Optimization restart 15/20, f = -2147.7388648402384
Optimization restart 16/20, f = -2157.5659079144707
Optimization restart 17/20, f = -2137.116412062139
Optimization restart 18/20, f = -2148.812999071177
Optimization restart 19/20, f = -1998.0858485007352
Optimization restart 20/20, f = -2157.725644439317
pypal at iteration 281.         0 Pareto optimal points,         297 discarded points,         2828 unclassified points.
Hypervolume 0
pypal at iteration 282.         0 Pareto optimal points,         298 discarded points,         2827 unclassified points.
Hypervolume 0
pypal at iteration 283.         0 Pareto optimal points,         299 discarded points,         2826 unclassified points.
Hypervolume 0
pypal at iteration 284.         0 Pareto optimal points,         300 discarded points,         2825 unclassified points.
Hypervolume 0
pypal at iteration 285.         0 Pareto optimal points,         304 discarded points,         2821 unclassified points.
Hypervolume 0
pypal at iteration 286.         0 Pareto optimal points,         305 discarded points,         2820 unclassified points.
Hypervolume 0
pypal at iteration 287.         0 Pareto optimal points,         306 discarded points,         2819 unclassified points.
Hypervolume 0
pypal at iteration 288.         0 Pareto optimal points,         307 discarded points,         2818 unclassified points.
Hypervolume 0
pypal at iteration 289.         0 Pareto optimal points,         308 discarded points,         2817 unclassified points.
Hypervolume 0
pypal at iteration 290.         0 Pareto optimal points,         309 discarded points,         2816 unclassified points.
Hypervolume 0
Optimization restart 1/20, f = -2227.8660147473433
Optimization restart 2/20, f = -2205.0187494399097
Optimization restart 3/20, f = -2221.0092305746743
Optimization restart 4/20, f = -2222.727024248811
Optimization restart 5/20, f = -2009.9888801776196
Optimization restart 6/20, f = -2221.88854155086
Optimization restart 7/20, f = -2223.876153897645
Optimization restart 8/20, f = -2151.659189669515
Optimization restart 9/20, f = -2212.6622649972064
Optimization restart 10/20, f = -2225.0127612936935
Optimization restart 11/20, f = -2214.6595408260673
Optimization restart 12/20, f = -2225.775180183554
Optimization restart 13/20, f = -2193.9006735453954
Optimization restart 14/20, f = -2225.5321059775283
Optimization restart 15/20, f = -2207.8246567057195
Optimization restart 16/20, f = -2223.674942248019
Optimization restart 17/20, f = -2224.0688878621895
Optimization restart 18/20, f = -2219.8824441273932
Optimization restart 19/20, f = -2222.0221593174147
Optimization restart 20/20, f = -1997.7792498427948
pypal at iteration 291.         0 Pareto optimal points,         310 discarded points,         2815 unclassified points.
Hypervolume 0
pypal at iteration 292.         0 Pareto optimal points,         311 discarded points,         2814 unclassified points.
Hypervolume 0
pypal at iteration 293.         0 Pareto optimal points,         312 discarded points,         2813 unclassified points.
Hypervolume 0
pypal at iteration 294.         0 Pareto optimal points,         313 discarded points,         2812 unclassified points.
Hypervolume 0
pypal at iteration 295.         0 Pareto optimal points,         314 discarded points,         2811 unclassified points.
Hypervolume 0
pypal at iteration 296.         0 Pareto optimal points,         315 discarded points,         2810 unclassified points.
Hypervolume 0
pypal at iteration 297.         0 Pareto optimal points,         316 discarded points,         2809 unclassified points.
Hypervolume 0
pypal at iteration 298.         0 Pareto optimal points,         317 discarded points,         2808 unclassified points.
Hypervolume 0
pypal at iteration 299.         0 Pareto optimal points,         318 discarded points,         2807 unclassified points.
Hypervolume 0
pypal at iteration 300.         0 Pareto optimal points,         319 discarded points,         2806 unclassified points.
Hypervolume 0
Optimization restart 1/20, f = -2292.4080477770513
Optimization restart 2/20, f = -2289.6547375044784
Optimization restart 3/20, f = -2288.366382273637
Optimization restart 4/20, f = -2276.4357450881876
Optimization restart 5/20, f = -2289.7026895613026
Optimization restart 6/20, f = -2270.44553207764
Optimization restart 7/20, f = -2255.4065224479473
Optimization restart 8/20, f = -2275.2216140299874
Optimization restart 9/20, f = -2289.595108773465
Optimization restart 10/20, f = -2281.8302920882975
Optimization restart 11/20, f = -2286.94400475803
Optimization restart 12/20, f = -2279.2643969345004
Optimization restart 13/20, f = -2283.3912276113138
Optimization restart 14/20, f = -2089.991800535871
Optimization restart 15/20, f = -2287.900337652834
Optimization restart 16/20, f = -2285.929751943567
Optimization restart 17/20, f = -2278.190923435585
Optimization restart 18/20, f = -2268.2152077912006
Optimization restart 19/20, f = -2278.8267127038553
Optimization restart 20/20, f = -2160.648569992326
pypal at iteration 301.         0 Pareto optimal points,         320 discarded points,         2805 unclassified points.
Hypervolume 0
pypal at iteration 302.         0 Pareto optimal points,         321 discarded points,         2804 unclassified points.
Hypervolume 0
pypal at iteration 303.         0 Pareto optimal points,         322 discarded points,         2803 unclassified points.
Hypervolume 0
pypal at iteration 304.         0 Pareto optimal points,         323 discarded points,         2802 unclassified points.
Hypervolume 0
pypal at iteration 305.         0 Pareto optimal points,         324 discarded points,         2801 unclassified points.
Hypervolume 0
pypal at iteration 306.         0 Pareto optimal points,         325 discarded points,         2800 unclassified points.
Hypervolume 0
pypal at iteration 307.         0 Pareto optimal points,         326 discarded points,         2799 unclassified points.
Hypervolume 0
pypal at iteration 308.         0 Pareto optimal points,         327 discarded points,         2798 unclassified points.
Hypervolume 0
pypal at iteration 309.         0 Pareto optimal points,         328 discarded points,         2797 unclassified points.
Hypervolume 0
pypal at iteration 310.         0 Pareto optimal points,         329 discarded points,         2796 unclassified points.
Hypervolume 0
Optimization restart 1/20, f = -2354.1277013002127
Optimization restart 2/20, f = -2346.643096059511
Optimization restart 3/20, f = -2342.794491813693
Optimization restart 4/20, f = -2343.280539977177
Optimization restart 5/20, f = -2343.798230526177
Optimization restart 6/20, f = -2318.5591165120186
Optimization restart 7/20, f = -2343.8699524288722
Optimization restart 8/20, f = -2352.4478163486165
Optimization restart 9/20, f = -2346.6240265528036
Optimization restart 10/20, f = -2346.2261565047143
Optimization restart 11/20, f = -2305.0014662836566
Optimization restart 12/20, f = -2345.7913558758673
Optimization restart 13/20, f = -2344.7052043138947
Optimization restart 14/20, f = -2344.8327928294866
Optimization restart 15/20, f = -2348.341094392121
Optimization restart 16/20, f = -2347.57693490551
Optimization restart 17/20, f = -2351.185051333977
Optimization restart 18/20, f = -2347.86444956132
Optimization restart 19/20, f = -2349.9424295438953
Optimization restart 20/20, f = -2352.653979198726
pypal at iteration 311.         0 Pareto optimal points,         330 discarded points,         2795 unclassified points.
Hypervolume 0
pypal at iteration 312.         0 Pareto optimal points,         331 discarded points,         2794 unclassified points.
Hypervolume 0
pypal at iteration 313.         0 Pareto optimal points,         332 discarded points,         2793 unclassified points.
Hypervolume 0
pypal at iteration 314.         0 Pareto optimal points,         333 discarded points,         2792 unclassified points.
Hypervolume 0
pypal at iteration 315.         0 Pareto optimal points,         334 discarded points,         2791 unclassified points.
Hypervolume 0
pypal at iteration 316.         0 Pareto optimal points,         335 discarded points,         2790 unclassified points.
Hypervolume 0
pypal at iteration 317.         0 Pareto optimal points,         336 discarded points,         2789 unclassified points.
Hypervolume 0
pypal at iteration 318.         0 Pareto optimal points,         337 discarded points,         2788 unclassified points.
Hypervolume 0
pypal at iteration 319.         0 Pareto optimal points,         338 discarded points,         2787 unclassified points.
Hypervolume 0
pypal at iteration 320.         0 Pareto optimal points,         339 discarded points,         2786 unclassified points.
Hypervolume 0
Optimization restart 1/20, f = -2425.9928627351283
Optimization restart 2/20, f = -2421.586736827837
Optimization restart 3/20, f = -1485.948174867172
Optimization restart 4/20, f = -2421.9404681837436
Optimization restart 5/20, f = -2421.7696233892348
Optimization restart 6/20, f = -2422.2051358786894
Optimization restart 7/20, f = -2421.857047829735
Optimization restart 8/20, f = -2416.691921849847
Optimization restart 9/20, f = -2417.3808908090828
Optimization restart 10/20, f = -2423.0447274848993
Optimization restart 11/20, f = -2413.1325071170068
Optimization restart 12/20, f = -2376.515946414889
Optimization restart 13/20, f = -2419.683140858009
Optimization restart 14/20, f = -2419.620245190747
Optimization restart 15/20, f = -2230.763192329222
Optimization restart 16/20, f = -2419.0187372199757
Optimization restart 17/20, f = -2411.4324224205343
Optimization restart 18/20, f = -2415.413257451947
Optimization restart 19/20, f = -2397.1136999094992
Optimization restart 20/20, f = -2037.2295818447965
pypal at iteration 321.         0 Pareto optimal points,         340 discarded points,         2785 unclassified points.
Hypervolume 0
pypal at iteration 322.         0 Pareto optimal points,         341 discarded points,         2784 unclassified points.
Hypervolume 0
pypal at iteration 323.         0 Pareto optimal points,         342 discarded points,         2783 unclassified points.
Hypervolume 0
pypal at iteration 324.         0 Pareto optimal points,         343 discarded points,         2782 unclassified points.
Hypervolume 0
pypal at iteration 325.         0 Pareto optimal points,         344 discarded points,         2781 unclassified points.
Hypervolume 0
pypal at iteration 326.         0 Pareto optimal points,         345 discarded points,         2780 unclassified points.
Hypervolume 0
pypal at iteration 327.         0 Pareto optimal points,         346 discarded points,         2779 unclassified points.
Hypervolume 0
pypal at iteration 328.         0 Pareto optimal points,         347 discarded points,         2778 unclassified points.
Hypervolume 0
pypal at iteration 329.         0 Pareto optimal points,         348 discarded points,         2777 unclassified points.
Hypervolume 0
pypal at iteration 330.         0 Pareto optimal points,         349 discarded points,         2776 unclassified points.
Hypervolume 0
Optimization restart 1/20, f = -2487.6117916318485
Optimization restart 2/20, f = -2484.906681331783
Optimization restart 3/20, f = -2482.5503972275237
Optimization restart 4/20, f = -2474.968427691946
Optimization restart 5/20, f = -2482.6746237758425
Optimization restart 6/20, f = -2479.721718210755
Optimization restart 7/20, f = -2483.2086909142804
Optimization restart 8/20, f = -2484.7447864454607
Optimization restart 9/20, f = -2474.2732000976457
Optimization restart 10/20, f = -2476.8713196269728
Optimization restart 11/20, f = -2475.514498025457
Optimization restart 12/20, f = -2484.7229371057656
Optimization restart 13/20, f = -2439.1423427558493
Optimization restart 14/20, f = -2479.3030847142486
Optimization restart 15/20, f = -2482.6599166932897
Optimization restart 16/20, f = -2465.809855193361
Optimization restart 17/20, f = -2482.148371168746
Optimization restart 18/20, f = -2484.4665007526037
Optimization restart 19/20, f = -2466.322238276047
Optimization restart 20/20, f = -2484.0491287028326
pypal at iteration 331.         0 Pareto optimal points,         350 discarded points,         2775 unclassified points.
Hypervolume 0
pypal at iteration 332.         0 Pareto optimal points,         351 discarded points,         2774 unclassified points.
Hypervolume 0
pypal at iteration 333.         0 Pareto optimal points,         352 discarded points,         2773 unclassified points.
Hypervolume 0
pypal at iteration 334.         0 Pareto optimal points,         353 discarded points,         2772 unclassified points.
Hypervolume 0
pypal at iteration 335.         0 Pareto optimal points,         354 discarded points,         2771 unclassified points.
Hypervolume 0
pypal at iteration 336.         0 Pareto optimal points,         355 discarded points,         2770 unclassified points.
Hypervolume 0
pypal at iteration 337.         0 Pareto optimal points,         356 discarded points,         2769 unclassified points.
Hypervolume 0
pypal at iteration 338.         0 Pareto optimal points,         357 discarded points,         2768 unclassified points.
Hypervolume 0
pypal at iteration 339.         0 Pareto optimal points,         358 discarded points,         2767 unclassified points.
Hypervolume 0
pypal at iteration 340.         0 Pareto optimal points,         359 discarded points,         2766 unclassified points.
Hypervolume 0
Optimization restart 1/20, f = -2559.3550749454357
Optimization restart 2/20, f = -2552.235923607561
Optimization restart 3/20, f = -2555.7615770285524
Optimization restart 4/20, f = -2558.055937773973
Optimization restart 5/20, f = -2539.8178181696403
Optimization restart 6/20, f = -2557.172517218561
Optimization restart 7/20, f = -2555.362869322046
Optimization restart 8/20, f = -2553.36785781406
Optimization restart 9/20, f = -2545.373413631217
Optimization restart 10/20, f = -2555.2298164344547
Optimization restart 11/20, f = -2081.344641158068
Optimization restart 12/20, f = -2551.321217529726
Optimization restart 13/20, f = -2554.562028596686
Optimization restart 14/20, f = -2555.879486188911
Optimization restart 15/20, f = -2526.6246431349105
Optimization restart 16/20, f = -2554.5051296441143
Optimization restart 17/20, f = -2551.3481586184935
Optimization restart 18/20, f = -2538.949157777246
Optimization restart 19/20, f = -2548.876248505743
Optimization restart 20/20, f = -2554.6504110797828
pypal at iteration 341.         0 Pareto optimal points,         360 discarded points,         2765 unclassified points.
Hypervolume 0
pypal at iteration 342.         0 Pareto optimal points,         361 discarded points,         2764 unclassified points.
Hypervolume 0
pypal at iteration 343.         0 Pareto optimal points,         362 discarded points,         2763 unclassified points.
Hypervolume 0
pypal at iteration 344.         0 Pareto optimal points,         363 discarded points,         2762 unclassified points.
Hypervolume 0
pypal at iteration 345.         0 Pareto optimal points,         364 discarded points,         2761 unclassified points.
Hypervolume 0
pypal at iteration 346.         0 Pareto optimal points,         365 discarded points,         2760 unclassified points.
Hypervolume 0
pypal at iteration 347.         0 Pareto optimal points,         366 discarded points,         2759 unclassified points.
Hypervolume 0
pypal at iteration 348.         0 Pareto optimal points,         367 discarded points,         2758 unclassified points.
Hypervolume 0
pypal at iteration 349.         0 Pareto optimal points,         368 discarded points,         2757 unclassified points.
Hypervolume 0
pypal at iteration 350.         0 Pareto optimal points,         368 discarded points,         2757 unclassified points.
Hypervolume 0
Optimization restart 1/20, f = -2628.549921592132
Optimization restart 2/20, f = -2619.6486035297494
Optimization restart 3/20, f = -2626.6388814825623
Optimization restart 4/20, f = -2625.3297695450356
Optimization restart 5/20, f = -2623.777795253194
Optimization restart 6/20, f = -2622.2083212763973
Optimization restart 7/20, f = -2619.288386055031
Optimization restart 8/20, f = -2622.4433929199163
Optimization restart 9/20, f = -2624.084537593435
Optimization restart 10/20, f = -2625.4117574825286
Optimization restart 11/20, f = -2624.498189572815
Optimization restart 12/20, f = -2625.317792911689
Optimization restart 13/20, f = -2626.5753851643813
Optimization restart 14/20, f = -2615.586370911662
Optimization restart 15/20, f = -2217.785879364457
Optimization restart 16/20, f = -2624.9152335481494
Optimization restart 17/20, f = -2624.7080506000257
Optimization restart 18/20, f = -2627.0433772933898
Optimization restart 19/20, f = -2621.968602384016
Optimization restart 20/20, f = -2626.8769449283236
pypal at iteration 351.         0 Pareto optimal points,         369 discarded points,         2756 unclassified points.
Hypervolume 0
pypal at iteration 352.         0 Pareto optimal points,         370 discarded points,         2755 unclassified points.
Hypervolume 0
pypal at iteration 353.         0 Pareto optimal points,         371 discarded points,         2754 unclassified points.
Hypervolume 0
pypal at iteration 354.         0 Pareto optimal points,         372 discarded points,         2753 unclassified points.
Hypervolume 0
pypal at iteration 355.         0 Pareto optimal points,         373 discarded points,         2752 unclassified points.
Hypervolume 0
pypal at iteration 356.         0 Pareto optimal points,         373 discarded points,         2752 unclassified points.
Hypervolume 0
pypal at iteration 357.         0 Pareto optimal points,         374 discarded points,         2751 unclassified points.
Hypervolume 0
pypal at iteration 358.         0 Pareto optimal points,         375 discarded points,         2750 unclassified points.
Hypervolume 0
pypal at iteration 359.         0 Pareto optimal points,         376 discarded points,         2749 unclassified points.
Hypervolume 0
pypal at iteration 360.         0 Pareto optimal points,         377 discarded points,         2748 unclassified points.
Hypervolume 0
Optimization restart 1/20, f = -2695.4313087888286
Optimization restart 2/20, f = -2693.760777461085
Optimization restart 3/20, f = -1561.9148255793577
Optimization restart 4/20, f = -2502.505270287468
Optimization restart 5/20, f = -2681.955183962217
Optimization restart 6/20, f = -2690.395314519465
Traceback (most recent call last):
  File "run_pal_on_dispersant_repeats_cli.py", line 107, in <module>
    main()  # pylint:disable=no-value-for-parameter
  File "/home/kjablonk/anaconda3/envs/dispersant_screener/lib/python3.7/site-packages/click/core.py", line 829, in __call__
    return self.main(*args, **kwargs)
  File "/home/kjablonk/anaconda3/envs/dispersant_screener/lib/python3.7/site-packages/click/core.py", line 782, in main
    rv = self.invoke(ctx)
  File "/home/kjablonk/anaconda3/envs/dispersant_screener/lib/python3.7/site-packages/click/core.py", line 1066, in invoke
    return ctx.invoke(self.callback, **ctx.params)
  File "/home/kjablonk/anaconda3/envs/dispersant_screener/lib/python3.7/site-packages/click/core.py", line 610, in invoke
    return callback(*args, **kwargs)
  File "run_pal_on_dispersant_repeats_cli.py", line 78, in main
    idx = palinstance.run_one_step()
  File "/home/kjablonk/programs/pypal/pypal/pal/pal_base.py", line 205, in run_one_step
    self._set_hyperparameters()
  File "/home/kjablonk/programs/pypal/pypal/pal/pal_coregionalized.py", line 48, in _set_hyperparameters
    self.models[0].optimize_restarts(self.restarts, parallel=self.parallel)
  File "/home/kjablonk/anaconda3/envs/dispersant_screener/lib/python3.7/site-packages/paramz/model.py", line 182, in optimize_restarts
    raise e
  File "/home/kjablonk/anaconda3/envs/dispersant_screener/lib/python3.7/site-packages/paramz/model.py", line 172, in optimize_restarts
    self.optimize(**kwargs)
  File "/home/kjablonk/anaconda3/envs/dispersant_screener/lib/python3.7/site-packages/GPy/core/gp.py", line 675, in optimize
    ret = super(GP, self).optimize(optimizer, start, messages, max_iters, ipython_notebook, clear_after_finish, **kwargs)
  File "/home/kjablonk/anaconda3/envs/dispersant_screener/lib/python3.7/site-packages/paramz/model.py", line 111, in optimize
    opt.run(start, f_fp=self._objective_grads, f=self._objective, fp=self._grads)
  File "/home/kjablonk/anaconda3/envs/dispersant_screener/lib/python3.7/site-packages/paramz/optimization/optimization.py", line 51, in run
    self.opt(x_init, **kwargs)
  File "/home/kjablonk/anaconda3/envs/dispersant_screener/lib/python3.7/site-packages/paramz/optimization/optimization.py", line 124, in opt
    opt_result = optimize.fmin_l_bfgs_b(f_fp, x_init, maxfun=self.max_iters, maxiter=self.max_iters, **opt_dict)
  File "/home/kjablonk/anaconda3/envs/dispersant_screener/lib/python3.7/site-packages/scipy/optimize/lbfgsb.py", line 198, in fmin_l_bfgs_b
    **opts)
  File "/home/kjablonk/anaconda3/envs/dispersant_screener/lib/python3.7/site-packages/scipy/optimize/lbfgsb.py", line 360, in _minimize_lbfgsb
    f, g = func_and_grad(x)
  File "/home/kjablonk/anaconda3/envs/dispersant_screener/lib/python3.7/site-packages/scipy/optimize/_differentiable_functions.py", line 200, in fun_and_grad
    self._update_fun()
  File "/home/kjablonk/anaconda3/envs/dispersant_screener/lib/python3.7/site-packages/scipy/optimize/_differentiable_functions.py", line 166, in _update_fun
    self._update_fun_impl()
  File "/home/kjablonk/anaconda3/envs/dispersant_screener/lib/python3.7/site-packages/scipy/optimize/_differentiable_functions.py", line 73, in update_fun
    self.f = fun_wrapped(self.x)
  File "/home/kjablonk/anaconda3/envs/dispersant_screener/lib/python3.7/site-packages/scipy/optimize/_differentiable_functions.py", line 70, in fun_wrapped
    return fun(x, *args)
  File "/home/kjablonk/anaconda3/envs/dispersant_screener/lib/python3.7/site-packages/scipy/optimize/optimize.py", line 74, in __call__
    self._compute_if_needed(x, *args)
  File "/home/kjablonk/anaconda3/envs/dispersant_screener/lib/python3.7/site-packages/scipy/optimize/optimize.py", line 68, in _compute_if_needed
    fg = self.fun(x, *args)
  File "/home/kjablonk/anaconda3/envs/dispersant_screener/lib/python3.7/site-packages/paramz/model.py", line 273, in _objective_grads
    self.optimizer_array = x
  File "/home/kjablonk/anaconda3/envs/dispersant_screener/lib/python3.7/site-packages/paramz/parameterized.py", line 339, in __setattr__
    return object.__setattr__(self, name, val)
  File "/home/kjablonk/anaconda3/envs/dispersant_screener/lib/python3.7/site-packages/paramz/core/parameter_core.py", line 124, in optimizer_array
    self.trigger_update()
  File "/home/kjablonk/anaconda3/envs/dispersant_screener/lib/python3.7/site-packages/paramz/core/updateable.py", line 79, in trigger_update
    self._trigger_params_changed(trigger_parent)
  File "/home/kjablonk/anaconda3/envs/dispersant_screener/lib/python3.7/site-packages/paramz/core/parameter_core.py", line 134, in _trigger_params_changed
    self.notify_observers(None, None if trigger_parent else -np.inf)
  File "/home/kjablonk/anaconda3/envs/dispersant_screener/lib/python3.7/site-packages/paramz/core/observable.py", line 91, in notify_observers
    [callble(self, which=which) for _, _, callble in self.observers]
  File "/home/kjablonk/anaconda3/envs/dispersant_screener/lib/python3.7/site-packages/paramz/core/observable.py", line 91, in <listcomp>
    [callble(self, which=which) for _, _, callble in self.observers]
  File "/home/kjablonk/anaconda3/envs/dispersant_screener/lib/python3.7/site-packages/paramz/core/parameter_core.py", line 508, in _parameters_changed_notification
    self.parameters_changed()
  File "/home/kjablonk/anaconda3/envs/dispersant_screener/lib/python3.7/site-packages/GPy/core/gp.py", line 274, in parameters_changed
    self.posterior, self._log_marginal_likelihood, self.grad_dict = self.inference_method.inference(self.kern, self.X, self.likelihood, self.Y_normalized, self.mean_function, self.Y_metadata)
  File "/home/kjablonk/anaconda3/envs/dispersant_screener/lib/python3.7/site-packages/GPy/inference/latent_function_inference/exact_gaussian_inference.py", line 58, in inference
    Wi, LW, LWi, W_logdet = pdinv(Ky)
  File "/home/kjablonk/anaconda3/envs/dispersant_screener/lib/python3.7/site-packages/GPy/util/linalg.py", line 207, in pdinv
    L = jitchol(A, *args)
  File "/home/kjablonk/anaconda3/envs/dispersant_screener/lib/python3.7/site-packages/GPy/util/linalg.py", line 75, in jitchol
    raise linalg.LinAlgError("not positive definite, even with jitter.")
numpy.linalg.LinAlgError: not positive definite, even with jitter.
