 /home/kjablonk/anaconda3/envs/dispersant_screener/lib/python3.7/site-packages/sklearn/utils/deprecation.py:143: FutureWarning:The sklearn.preprocessing.data module is  deprecated in version 0.22 and will be removed in version 0.24. The corresponding classes / functions should instead be imported from sklearn.preprocessing. Anything that cannot be imported from sklearn.preprocessing is now part of the private API.
 /home/kjablonk/programs/pypal/pypal/pal/validate_inputs.py:146: UserWarning:No goals provided,                 will assume that every dimension should be maximized
 /home/kjablonk/anaconda3/envs/dispersant_screener/lib/python3.7/site-packages/GPy/kern/src/stationary.py:166: RuntimeWarning:overflow encountered in true_divide
 /home/kjablonk/anaconda3/envs/dispersant_screener/lib/python3.7/site-packages/GPy/kern/src/stationary.py:137: RuntimeWarning:overflow encountered in square
 /home/kjablonk/anaconda3/envs/dispersant_screener/lib/python3.7/site-packages/GPy/kern/src/stationary.py:138: RuntimeWarning:invalid value encountered in add
 /home/kjablonk/anaconda3/envs/dispersant_screener/lib/python3.7/site-packages/GPy/kern/src/stationary.py:565: RuntimeWarning:invalid value encountered in multiply
 /home/kjablonk/anaconda3/envs/dispersant_screener/lib/python3.7/site-packages/GPy/kern/src/stationary.py:568: RuntimeWarning:invalid value encountered in subtract
 /home/kjablonk/anaconda3/envs/dispersant_screener/lib/python3.7/site-packages/paramz/transformations.py:111: RuntimeWarning:overflow encountered in expm1
 /home/kjablonk/anaconda3/envs/dispersant_screener/lib/python3.7/site-packages/GPy/kern/src/stationary.py:137: RuntimeWarning:overflow encountered in square
 /home/kjablonk/anaconda3/envs/dispersant_screener/lib/python3.7/site-packages/GPy/kern/src/stationary.py:138: RuntimeWarning:invalid value encountered in add
 /home/kjablonk/anaconda3/envs/dispersant_screener/lib/python3.7/site-packages/GPy/kern/src/stationary.py:565: RuntimeWarning:invalid value encountered in multiply
 /home/kjablonk/anaconda3/envs/dispersant_screener/lib/python3.7/site-packages/GPy/kern/src/stationary.py:568: RuntimeWarning:invalid value encountered in subtract
 /home/kjablonk/anaconda3/envs/dispersant_screener/lib/python3.7/site-packages/GPy/kern/src/stationary.py:166: RuntimeWarning:overflow encountered in true_divide
 /home/kjablonk/anaconda3/envs/dispersant_screener/lib/python3.7/site-packages/GPy/kern/src/stationary.py:243: RuntimeWarning:invalid value encountered in true_divide
 /home/kjablonk/anaconda3/envs/dispersant_screener/lib/python3.7/site-packages/GPy/kern/src/stationary.py:568: RuntimeWarning:overflow encountered in multiply
 /home/kjablonk/anaconda3/envs/dispersant_screener/lib/python3.7/site-packages/GPy/kern/src/stationary.py:568: RuntimeWarning:invalid value encountered in multiply
 /home/kjablonk/anaconda3/envs/dispersant_screener/lib/python3.7/site-packages/GPy/kern/src/stationary.py:565: RuntimeWarning:overflow encountered in multiply
 /home/kjablonk/anaconda3/envs/dispersant_screener/lib/python3.7/site-packages/numpy/core/_asarray.py:136: VisibleDeprecationWarning:Creating an ndarray from ragged nested sequences (which is a list-or-tuple of lists-or-tuples-or ndarrays with different lengths or shapes) is deprecated. If you meant to do this, you must specify 'dtype=object' when creating the ndarray
Maximum hypervolume 1536.0438526567837
STARTING PAL
Optimization restart 1/20, f = -64.19899650824095
Optimization restart 2/20, f = -60.153275533159196
Optimization restart 3/20, f = -59.81313682110095
Optimization restart 4/20, f = -64.07511255020148
Optimization restart 5/20, f = -38.90602442719336
Optimization restart 6/20, f = -59.087137359846395
Optimization restart 7/20, f = -53.98228589410786
Optimization restart 8/20, f = -63.901259050666816
Optimization restart 9/20, f = -64.29608550828291
Optimization restart 10/20, f = -63.781630244291165
Optimization restart 11/20, f = -64.05508311820192
Optimization restart 12/20, f = -58.95109691753468
Optimization restart 13/20, f = -56.96065275526228
Optimization restart 14/20, f = -59.71508142010794
Optimization restart 15/20, f = -64.14290055705087
Optimization restart 16/20, f = -58.448972744715896
Optimization restart 17/20, f = -64.32101373593753
Optimization restart 18/20, f = -39.607675322127236
Optimization restart 19/20, f = -57.89886083713687
Optimization restart 20/20, f = -58.03177106372715
pypal at iteration 1.         1 Pareto optimal points,         23 discarded points,         3101 unclassified points.
Hypervolume 463.810344753898
pypal at iteration 2.         1 Pareto optimal points,         39 discarded points,         3085 unclassified points.
Hypervolume 463.810344753898
pypal at iteration 3.         2 Pareto optimal points,         380 discarded points,         2743 unclassified points.
Hypervolume 1217.586145116641
pypal at iteration 4.         2 Pareto optimal points,         380 discarded points,         2743 unclassified points.
Hypervolume 1217.586145116641
pypal at iteration 5.         2 Pareto optimal points,         380 discarded points,         2743 unclassified points.
Hypervolume 1217.586145116641
pypal at iteration 6.         3 Pareto optimal points,         381 discarded points,         2741 unclassified points.
Hypervolume 1309.3667378491868
pypal at iteration 7.         4 Pareto optimal points,         382 discarded points,         2739 unclassified points.
Hypervolume 1362.8393839862024
pypal at iteration 8.         4 Pareto optimal points,         383 discarded points,         2738 unclassified points.
Hypervolume 1362.8393839862024
pypal at iteration 9.         4 Pareto optimal points,         384 discarded points,         2737 unclassified points.
Hypervolume 1362.8393839862024
pypal at iteration 10.         5 Pareto optimal points,         384 discarded points,         2736 unclassified points.
Hypervolume 1365.0827418095278
Optimization restart 1/20, f = -151.73803556475946
Optimization restart 2/20, f = -147.15689711247927
Optimization restart 3/20, f = -150.3449341336593
Optimization restart 4/20, f = -151.48137054593622
Optimization restart 5/20, f = -151.80680639203038
Optimization restart 6/20, f = -148.61106385591532
Optimization restart 7/20, f = -151.55350104575405
Optimization restart 8/20, f = -151.75364893952414
Optimization restart 9/20, f = -139.79661402385955
Optimization restart 10/20, f = -150.86271908085746
Optimization restart 11/20, f = -149.61413334598743
Optimization restart 12/20, f = -107.51032191511645
Optimization restart 13/20, f = -151.62099114305417
Optimization restart 14/20, f = -151.73180478997068
Optimization restart 15/20, f = -140.5784053706025
Optimization restart 16/20, f = -113.46370244165784
Optimization restart 17/20, f = -140.72374579945284
Optimization restart 18/20, f = -151.4929123989709
Optimization restart 19/20, f = -151.9957113614741
Optimization restart 20/20, f = -117.10390723013025
pypal at iteration 11.         5 Pareto optimal points,         667 discarded points,         2453 unclassified points.
Hypervolume 1365.0827418095278
pypal at iteration 12.         5 Pareto optimal points,         668 discarded points,         2452 unclassified points.
Hypervolume 1365.0827418095278
pypal at iteration 13.         5 Pareto optimal points,         669 discarded points,         2451 unclassified points.
Hypervolume 1365.0827418095278
pypal at iteration 14.         5 Pareto optimal points,         670 discarded points,         2450 unclassified points.
Hypervolume 1365.0827418095278
pypal at iteration 15.         5 Pareto optimal points,         673 discarded points,         2447 unclassified points.
Hypervolume 1365.0827418095278
pypal at iteration 16.         5 Pareto optimal points,         675 discarded points,         2445 unclassified points.
Hypervolume 1365.0827418095278
pypal at iteration 17.         5 Pareto optimal points,         676 discarded points,         2444 unclassified points.
Hypervolume 1365.0827418095278
pypal at iteration 18.         6 Pareto optimal points,         676 discarded points,         2443 unclassified points.
Hypervolume 1365.2891500522144
pypal at iteration 19.         6 Pareto optimal points,         676 discarded points,         2443 unclassified points.
Hypervolume 1365.2891500522144
pypal at iteration 20.         7 Pareto optimal points,         683 discarded points,         2435 unclassified points.
Hypervolume 1365.3186113746651
Optimization restart 1/20, f = -234.29098448619834
Optimization restart 2/20, f = -221.48498071117282
Optimization restart 3/20, f = -233.36640072593204
Optimization restart 4/20, f = -233.66640150602896
Optimization restart 5/20, f = -233.85838424964635
Optimization restart 6/20, f = -232.6136791802824
Optimization restart 7/20, f = -221.3750634959156
Optimization restart 8/20, f = -233.8342094001578
Optimization restart 9/20, f = -234.0781323240044
Optimization restart 10/20, f = -233.49437876677953
Optimization restart 11/20, f = -232.9582793704847
Optimization restart 12/20, f = -233.54681727866912
Optimization restart 13/20, f = -233.25153008251112
Optimization restart 14/20, f = -226.6776549782213
Optimization restart 15/20, f = -232.67253426412486
Optimization restart 16/20, f = -228.818550942944
Optimization restart 17/20, f = -232.86389832272363
Optimization restart 18/20, f = -228.70420896122684
Optimization restart 19/20, f = -233.52544896569017
Optimization restart 20/20, f = -232.56683871979766
pypal at iteration 21.         7 Pareto optimal points,         913 discarded points,         2205 unclassified points.
Hypervolume 1365.3186113746651
pypal at iteration 22.         8 Pareto optimal points,         916 discarded points,         2201 unclassified points.
Hypervolume 1365.8205445068302
pypal at iteration 23.         8 Pareto optimal points,         933 discarded points,         2184 unclassified points.
Hypervolume 1365.8205445068302
pypal at iteration 24.         8 Pareto optimal points,         936 discarded points,         2181 unclassified points.
Hypervolume 1365.8205445068302
pypal at iteration 25.         8 Pareto optimal points,         937 discarded points,         2180 unclassified points.
Hypervolume 1365.8205445068302
pypal at iteration 26.         8 Pareto optimal points,         938 discarded points,         2179 unclassified points.
Hypervolume 1365.8205445068302
pypal at iteration 27.         8 Pareto optimal points,         939 discarded points,         2178 unclassified points.
Hypervolume 1365.8205445068302
pypal at iteration 28.         8 Pareto optimal points,         944 discarded points,         2173 unclassified points.
Hypervolume 1365.8205445068302
pypal at iteration 29.         8 Pareto optimal points,         947 discarded points,         2170 unclassified points.
Hypervolume 1365.8205445068302
pypal at iteration 30.         9 Pareto optimal points,         948 discarded points,         2168 unclassified points.
Hypervolume 1370.3322631913975
Optimization restart 1/20, f = -299.2709628194933
Optimization restart 2/20, f = -299.4747398460975
Optimization restart 3/20, f = -299.2015091857167
Optimization restart 4/20, f = -292.533882505263
Optimization restart 5/20, f = -299.6084297421908
Optimization restart 6/20, f = -299.1381739825785
Optimization restart 7/20, f = -300.5572765242174
Optimization restart 8/20, f = -299.9318192395272
Optimization restart 9/20, f = -300.4382407428471
Optimization restart 10/20, f = -300.6837231473522
Optimization restart 11/20, f = -299.46031913182117
Optimization restart 12/20, f = -294.4691811330215
Optimization restart 13/20, f = -299.9294667245818
Optimization restart 14/20, f = -300.3506720576477
Optimization restart 15/20, f = -291.7718904258626
Optimization restart 16/20, f = -293.428886180957
Optimization restart 17/20, f = -296.18328223683045
Optimization restart 18/20, f = -299.40531289677574
Optimization restart 19/20, f = -272.9799709219571
Optimization restart 20/20, f = -238.22913399836747
pypal at iteration 31.         10 Pareto optimal points,         1279 discarded points,         1836 unclassified points.
Hypervolume 1371.0420110609455
pypal at iteration 32.         10 Pareto optimal points,         1279 discarded points,         1836 unclassified points.
Hypervolume 1371.0420110609455
pypal at iteration 33.         10 Pareto optimal points,         1281 discarded points,         1834 unclassified points.
Hypervolume 1371.0420110609455
pypal at iteration 34.         11 Pareto optimal points,         1284 discarded points,         1830 unclassified points.
Hypervolume 1371.1026887921746
pypal at iteration 35.         12 Pareto optimal points,         1585 discarded points,         1528 unclassified points.
Hypervolume 1392.262393999612
pypal at iteration 36.         13 Pareto optimal points,         1635 discarded points,         1477 unclassified points.
Hypervolume 1400.3340176950246
pypal at iteration 37.         13 Pareto optimal points,         1645 discarded points,         1467 unclassified points.
Hypervolume 1400.3340176950246
pypal at iteration 38.         13 Pareto optimal points,         1650 discarded points,         1462 unclassified points.
Hypervolume 1400.3340176950246
pypal at iteration 39.         13 Pareto optimal points,         1651 discarded points,         1461 unclassified points.
Hypervolume 1400.3340176950246
pypal at iteration 40.         13 Pareto optimal points,         1652 discarded points,         1460 unclassified points.
Hypervolume 1400.3340176950246
Optimization restart 1/20, f = -352.422124285908
Optimization restart 2/20, f = -350.88395535493515
Optimization restart 3/20, f = -349.91738989413955
Optimization restart 4/20, f = -249.49506266349078
Optimization restart 5/20, f = -351.9621368766538
Optimization restart 6/20, f = -352.55855072236574
Optimization restart 7/20, f = -342.7671105022224
Optimization restart 8/20, f = -351.27950237591017
Optimization restart 9/20, f = -352.5845170291093
Optimization restart 10/20, f = -351.8815113829227
Optimization restart 11/20, f = -352.03179027340343
Optimization restart 12/20, f = -351.3629186770432
Optimization restart 13/20, f = -352.1358558243543
Optimization restart 14/20, f = -346.6703692796591
Optimization restart 15/20, f = -351.4042028373221
Optimization restart 16/20, f = -352.09854620796705
Optimization restart 17/20, f = -291.368425441905
Optimization restart 18/20, f = -341.88213313351696
Optimization restart 19/20, f = -352.0584340297785
Optimization restart 20/20, f = -351.4827229518494
pypal at iteration 41.         14 Pareto optimal points,         2110 discarded points,         1001 unclassified points.
Hypervolume 1429.9016449625929
pypal at iteration 42.         14 Pareto optimal points,         2111 discarded points,         1000 unclassified points.
Hypervolume 1429.9016449625929
pypal at iteration 43.         14 Pareto optimal points,         2112 discarded points,         999 unclassified points.
Hypervolume 1429.9016449625929
pypal at iteration 44.         14 Pareto optimal points,         2113 discarded points,         998 unclassified points.
Hypervolume 1429.9016449625929
pypal at iteration 45.         14 Pareto optimal points,         2115 discarded points,         996 unclassified points.
Hypervolume 1429.9016449625929
pypal at iteration 46.         14 Pareto optimal points,         2116 discarded points,         995 unclassified points.
Hypervolume 1429.9016449625929
pypal at iteration 47.         14 Pareto optimal points,         2118 discarded points,         993 unclassified points.
Hypervolume 1429.9016449625929
pypal at iteration 48.         14 Pareto optimal points,         2120 discarded points,         991 unclassified points.
Hypervolume 1429.9016449625929
pypal at iteration 49.         14 Pareto optimal points,         2124 discarded points,         987 unclassified points.
Hypervolume 1429.9016449625929
pypal at iteration 50.         14 Pareto optimal points,         2125 discarded points,         986 unclassified points.
Hypervolume 1429.9016449625929
Optimization restart 1/20, f = -410.6022109407202
Optimization restart 2/20, f = -408.70689600131965
Optimization restart 3/20, f = -339.5784580268079
Optimization restart 4/20, f = -405.8552146680645
Optimization restart 5/20, f = -410.0678239527854
Optimization restart 6/20, f = -407.84460665150766
Optimization restart 7/20, f = -401.56585933492266
Optimization restart 8/20, f = -328.8621528076346
Optimization restart 9/20, f = -408.4419919970647
Optimization restart 10/20, f = -407.53846084411686
Optimization restart 11/20, f = -402.7999616037614
Optimization restart 12/20, f = -409.9269609844557
Optimization restart 13/20, f = -409.2673285797549
Optimization restart 14/20, f = -409.0021104014349
Optimization restart 15/20, f = -395.76659557205994
Optimization restart 16/20, f = -406.87853694571595
Optimization restart 17/20, f = -388.9168120043947
Optimization restart 18/20, f = -406.1426489021897
Optimization restart 19/20, f = -399.1463601893289
Optimization restart 20/20, f = -407.48459010969765
pypal at iteration 51.         15 Pareto optimal points,         2125 discarded points,         985 unclassified points.
Hypervolume 1430.1196555875028
pypal at iteration 52.         15 Pareto optimal points,         2126 discarded points,         984 unclassified points.
Hypervolume 1430.1196555875028
pypal at iteration 53.         15 Pareto optimal points,         2126 discarded points,         984 unclassified points.
Hypervolume 1430.1196555875028
pypal at iteration 54.         15 Pareto optimal points,         2126 discarded points,         984 unclassified points.
Hypervolume 1430.1196555875028
pypal at iteration 55.         15 Pareto optimal points,         2127 discarded points,         983 unclassified points.
Hypervolume 1430.1196555875028
pypal at iteration 56.         15 Pareto optimal points,         2127 discarded points,         983 unclassified points.
Hypervolume 1430.1196555875028
pypal at iteration 57.         15 Pareto optimal points,         2128 discarded points,         982 unclassified points.
Hypervolume 1430.1196555875028
pypal at iteration 58.         15 Pareto optimal points,         2302 discarded points,         808 unclassified points.
Hypervolume 1430.1196555875028
pypal at iteration 59.         15 Pareto optimal points,         2359 discarded points,         751 unclassified points.
Hypervolume 1430.1196555875028
pypal at iteration 60.         15 Pareto optimal points,         2362 discarded points,         748 unclassified points.
Hypervolume 1430.1196555875028
Optimization restart 1/20, f = -467.59015886241815
Optimization restart 2/20, f = -466.30817827742874
Optimization restart 3/20, f = -460.1028703090134
Optimization restart 4/20, f = -461.9784015990681
Optimization restart 5/20, f = -465.5395196310366
Optimization restart 6/20, f = -466.18108099759513
Optimization restart 7/20, f = -459.79953805078367
Optimization restart 8/20, f = -466.68874650889006
Optimization restart 9/20, f = -435.3114137675323
Optimization restart 10/20, f = -467.61103285859224
Optimization restart 11/20, f = -464.9151981337037
Optimization restart 12/20, f = -456.434151901102
Optimization restart 13/20, f = -457.4796466904347
Optimization restart 14/20, f = -467.03006483783463
Optimization restart 15/20, f = -465.4911064552485
Optimization restart 16/20, f = -466.5936679115831
Optimization restart 17/20, f = -467.0908496695978
Optimization restart 18/20, f = -465.1466144146942
Optimization restart 19/20, f = -454.2728834857479
Optimization restart 20/20, f = -466.53732130141293
pypal at iteration 61.         16 Pareto optimal points,         2429 discarded points,         680 unclassified points.
Hypervolume 1449.7080671554377
pypal at iteration 62.         16 Pareto optimal points,         2444 discarded points,         665 unclassified points.
Hypervolume 1449.7080671554377
pypal at iteration 63.         17 Pareto optimal points,         2469 discarded points,         639 unclassified points.
Hypervolume 1449.794565205746
pypal at iteration 64.         17 Pareto optimal points,         2471 discarded points,         637 unclassified points.
Hypervolume 1449.794565205746
pypal at iteration 65.         18 Pareto optimal points,         2472 discarded points,         635 unclassified points.
Hypervolume 1449.803232527972
pypal at iteration 66.         18 Pareto optimal points,         2473 discarded points,         634 unclassified points.
Hypervolume 1449.803232527972
pypal at iteration 67.         18 Pareto optimal points,         2474 discarded points,         633 unclassified points.
Hypervolume 1449.803232527972
pypal at iteration 68.         18 Pareto optimal points,         2475 discarded points,         632 unclassified points.
Hypervolume 1449.803232527972
pypal at iteration 69.         18 Pareto optimal points,         2476 discarded points,         631 unclassified points.
Hypervolume 1449.803232527972
pypal at iteration 70.         18 Pareto optimal points,         2477 discarded points,         630 unclassified points.
Hypervolume 1449.803232527972
Optimization restart 1/20, f = -523.728563836087
Optimization restart 2/20, f = -523.4938547654262
Optimization restart 3/20, f = -522.0110021711845
Optimization restart 4/20, f = -521.398566480126
Optimization restart 5/20, f = -516.7697815868725
Optimization restart 6/20, f = -520.9536970107511
Optimization restart 7/20, f = -519.8993572782936
Optimization restart 8/20, f = -522.077386218583
Optimization restart 9/20, f = -522.648935292965
Optimization restart 10/20, f = -523.2410197138274
Optimization restart 11/20, f = -522.3949380486532
Optimization restart 12/20, f = -519.6498000789111
Optimization restart 13/20, f = -518.0028657789962
Optimization restart 14/20, f = -521.6248072760186
Optimization restart 15/20, f = -520.6537544799106
Optimization restart 16/20, f = -476.95615853711814
Optimization restart 17/20, f = -410.7609123458408
Optimization restart 18/20, f = -516.2831271827207
Optimization restart 19/20, f = -521.1598222155512
Optimization restart 20/20, f = -522.6842376843442
pypal at iteration 71.         18 Pareto optimal points,         2478 discarded points,         629 unclassified points.
Hypervolume 1449.803232527972
pypal at iteration 72.         18 Pareto optimal points,         2478 discarded points,         629 unclassified points.
Hypervolume 1449.803232527972
pypal at iteration 73.         18 Pareto optimal points,         2479 discarded points,         628 unclassified points.
Hypervolume 1449.803232527972
pypal at iteration 74.         18 Pareto optimal points,         2480 discarded points,         627 unclassified points.
Hypervolume 1449.803232527972
pypal at iteration 75.         18 Pareto optimal points,         2481 discarded points,         626 unclassified points.
Hypervolume 1449.803232527972
pypal at iteration 76.         18 Pareto optimal points,         2482 discarded points,         625 unclassified points.
Hypervolume 1449.803232527972
pypal at iteration 77.         18 Pareto optimal points,         2483 discarded points,         624 unclassified points.
Hypervolume 1449.803232527972
pypal at iteration 78.         18 Pareto optimal points,         2483 discarded points,         624 unclassified points.
Hypervolume 1449.803232527972
pypal at iteration 79.         18 Pareto optimal points,         2485 discarded points,         622 unclassified points.
Hypervolume 1449.803232527972
pypal at iteration 80.         18 Pareto optimal points,         2486 discarded points,         621 unclassified points.
Hypervolume 1449.803232527972
Optimization restart 1/20, f = -578.8171120576023
Optimization restart 2/20, f = -565.9852985688887
Optimization restart 3/20, f = -575.2153818177118
Optimization restart 4/20, f = -571.1770382929501
Optimization restart 5/20, f = -577.435057846885
Optimization restart 6/20, f = -577.0252384775671
Optimization restart 7/20, f = -574.6938747050417
Optimization restart 8/20, f = -570.9095056473972
Optimization restart 9/20, f = -477.79675232210593
Optimization restart 10/20, f = -464.2774525389103
Optimization restart 11/20, f = -577.1274193489796
Optimization restart 12/20, f = -563.8126740033019
Optimization restart 13/20, f = -577.3204799269145
Optimization restart 14/20, f = -575.9471248084682
Optimization restart 15/20, f = -577.1637560210224
Optimization restart 16/20, f = -576.4270660184236
Optimization restart 17/20, f = -578.1677616448288
Optimization restart 18/20, f = -577.1304899256055
Optimization restart 19/20, f = -576.9278277585299
Optimization restart 20/20, f = -569.7959608189477
pypal at iteration 81.         18 Pareto optimal points,         2487 discarded points,         620 unclassified points.
Hypervolume 1449.803232527972
pypal at iteration 82.         18 Pareto optimal points,         2489 discarded points,         618 unclassified points.
Hypervolume 1449.803232527972
pypal at iteration 83.         18 Pareto optimal points,         2491 discarded points,         616 unclassified points.
Hypervolume 1449.803232527972
pypal at iteration 84.         18 Pareto optimal points,         2492 discarded points,         615 unclassified points.
Hypervolume 1449.803232527972
pypal at iteration 85.         18 Pareto optimal points,         2493 discarded points,         614 unclassified points.
Hypervolume 1449.803232527972
pypal at iteration 86.         18 Pareto optimal points,         2493 discarded points,         614 unclassified points.
Hypervolume 1449.803232527972
pypal at iteration 87.         18 Pareto optimal points,         2494 discarded points,         613 unclassified points.
Hypervolume 1449.803232527972
pypal at iteration 88.         18 Pareto optimal points,         2495 discarded points,         612 unclassified points.
Hypervolume 1449.803232527972
pypal at iteration 89.         18 Pareto optimal points,         2496 discarded points,         611 unclassified points.
Hypervolume 1449.803232527972
pypal at iteration 90.         18 Pareto optimal points,         2497 discarded points,         610 unclassified points.
Hypervolume 1449.803232527972
Optimization restart 1/20, f = -637.7701767322169
Optimization restart 2/20, f = -636.8522665251852
Optimization restart 3/20, f = -631.3567141799939
Optimization restart 4/20, f = -635.898021939962
Optimization restart 5/20, f = -620.2831253358172
Optimization restart 6/20, f = -631.0198291773856
Optimization restart 7/20, f = -635.986007058169
Optimization restart 8/20, f = -635.672898826685
Optimization restart 9/20, f = -634.2517826616505
Optimization restart 10/20, f = -630.5843394776143
Optimization restart 11/20, f = -636.5431033517455
Optimization restart 12/20, f = -633.7782243085305
Optimization restart 13/20, f = -634.397221776648
Optimization restart 14/20, f = -636.5434773516021
Optimization restart 15/20, f = -630.430776856499
Optimization restart 16/20, f = -625.7029138430338
Optimization restart 17/20, f = -636.4625738923082
Optimization restart 18/20, f = -635.4326367540064
Optimization restart 19/20, f = -636.2450775924694
Optimization restart 20/20, f = -632.8622002080589
pypal at iteration 91.         18 Pareto optimal points,         2501 discarded points,         606 unclassified points.
Hypervolume 1449.803232527972
pypal at iteration 92.         18 Pareto optimal points,         2502 discarded points,         605 unclassified points.
Hypervolume 1449.803232527972
pypal at iteration 93.         18 Pareto optimal points,         2566 discarded points,         541 unclassified points.
Hypervolume 1449.803232527972
pypal at iteration 94.         19 Pareto optimal points,         2568 discarded points,         538 unclassified points.
Hypervolume 1450.2912675651976
pypal at iteration 95.         19 Pareto optimal points,         2569 discarded points,         537 unclassified points.
Hypervolume 1450.2912675651976
pypal at iteration 96.         19 Pareto optimal points,         2570 discarded points,         536 unclassified points.
Hypervolume 1450.2912675651976
pypal at iteration 97.         19 Pareto optimal points,         2571 discarded points,         535 unclassified points.
Hypervolume 1450.2912675651976
pypal at iteration 98.         19 Pareto optimal points,         2572 discarded points,         534 unclassified points.
Hypervolume 1450.2912675651976
pypal at iteration 99.         19 Pareto optimal points,         2573 discarded points,         533 unclassified points.
Hypervolume 1450.2912675651976
pypal at iteration 100.         19 Pareto optimal points,         2578 discarded points,         528 unclassified points.
Hypervolume 1450.2912675651976
Optimization restart 1/20, f = -700.545047999608
Optimization restart 2/20, f = -563.6972267729927
Optimization restart 3/20, f = -698.8229908112878
Optimization restart 4/20, f = -670.8882964568761
Optimization restart 5/20, f = -694.0437893828541
Optimization restart 6/20, f = -698.8569317516315
Optimization restart 7/20, f = -697.0460545761234
Optimization restart 8/20, f = -697.6475714127914
Optimization restart 9/20, f = -692.8095676905021
Optimization restart 10/20, f = -699.0769057668093
Optimization restart 11/20, f = -695.3185877147345
Optimization restart 12/20, f = -690.8174766155505
Optimization restart 13/20, f = -696.0483241108309
Optimization restart 14/20, f = -694.6890987540924
Optimization restart 15/20, f = -698.830498290433
Optimization restart 16/20, f = -685.2619829826897
Optimization restart 17/20, f = -693.9727539847795
Optimization restart 18/20, f = -697.8628281441008
Optimization restart 19/20, f = -578.9110970381926
Optimization restart 20/20, f = -690.5401185304037
pypal at iteration 101.         19 Pareto optimal points,         2579 discarded points,         527 unclassified points.
Hypervolume 1450.2912675651976
pypal at iteration 102.         19 Pareto optimal points,         2580 discarded points,         526 unclassified points.
Hypervolume 1450.2912675651976
pypal at iteration 103.         20 Pareto optimal points,         2580 discarded points,         525 unclassified points.
Hypervolume 1450.34161817093
pypal at iteration 104.         20 Pareto optimal points,         2581 discarded points,         524 unclassified points.
Hypervolume 1450.34161817093
pypal at iteration 105.         20 Pareto optimal points,         2581 discarded points,         524 unclassified points.
Hypervolume 1450.34161817093
pypal at iteration 106.         20 Pareto optimal points,         2582 discarded points,         523 unclassified points.
Hypervolume 1450.34161817093
pypal at iteration 107.         21 Pareto optimal points,         2584 discarded points,         520 unclassified points.
Hypervolume 1451.4367346825152
pypal at iteration 108.         21 Pareto optimal points,         2585 discarded points,         519 unclassified points.
Hypervolume 1451.4367346825152
pypal at iteration 109.         21 Pareto optimal points,         2586 discarded points,         518 unclassified points.
Hypervolume 1451.4367346825152
pypal at iteration 110.         21 Pareto optimal points,         2587 discarded points,         517 unclassified points.
Hypervolume 1451.4367346825152
Optimization restart 1/20, f = -765.5479545636811
Optimization restart 2/20, f = -764.2566769632857
Optimization restart 3/20, f = -629.290395822137
Optimization restart 4/20, f = -757.3557258984961
Optimization restart 5/20, f = -760.7675830887093
Optimization restart 6/20, f = -635.4672942129562
Optimization restart 7/20, f = -755.2045775520971
Optimization restart 8/20, f = -762.7874185621434
Optimization restart 9/20, f = -747.4836766467098
Optimization restart 10/20, f = -761.1393076333418
Optimization restart 11/20, f = -762.6128524302096
Optimization restart 12/20, f = -761.8259349686246
Optimization restart 13/20, f = -764.2829253566604
Optimization restart 14/20, f = -761.8232287983762
Optimization restart 15/20, f = -763.3406652077668
Optimization restart 16/20, f = -764.3065519848051
Optimization restart 17/20, f = -759.0371588414106
Optimization restart 18/20, f = -758.2423829499348
Optimization restart 19/20, f = -763.2932711798783
Optimization restart 20/20, f = -754.7893545543515
pypal at iteration 111.         21 Pareto optimal points,         2588 discarded points,         516 unclassified points.
Hypervolume 1451.4367346825152
pypal at iteration 112.         22 Pareto optimal points,         2632 discarded points,         471 unclassified points.
Hypervolume 1454.8129837163046
pypal at iteration 113.         22 Pareto optimal points,         2654 discarded points,         449 unclassified points.
Hypervolume 1454.8129837163046
pypal at iteration 114.         22 Pareto optimal points,         2655 discarded points,         448 unclassified points.
Hypervolume 1454.8129837163046
pypal at iteration 115.         22 Pareto optimal points,         2656 discarded points,         447 unclassified points.
Hypervolume 1454.8129837163046
pypal at iteration 116.         22 Pareto optimal points,         2657 discarded points,         446 unclassified points.
Hypervolume 1454.8129837163046
pypal at iteration 117.         22 Pareto optimal points,         2657 discarded points,         446 unclassified points.
Hypervolume 1454.8129837163046
pypal at iteration 118.         22 Pareto optimal points,         2658 discarded points,         445 unclassified points.
Hypervolume 1454.8129837163046
pypal at iteration 119.         22 Pareto optimal points,         2659 discarded points,         444 unclassified points.
Hypervolume 1454.8129837163046
pypal at iteration 120.         22 Pareto optimal points,         2660 discarded points,         443 unclassified points.
Hypervolume 1454.8129837163046
Optimization restart 1/20, f = -818.7194880502694
Optimization restart 2/20, f = -816.7893841441397
Optimization restart 3/20, f = -692.6782916355376
Optimization restart 4/20, f = -812.4009344253311
Optimization restart 5/20, f = -814.9592374651548
Optimization restart 6/20, f = -813.5932814604923
Optimization restart 7/20, f = -716.7991132803786
Optimization restart 8/20, f = -815.4660081117167
Optimization restart 9/20, f = -814.3935362176649
Optimization restart 10/20, f = -814.7620951960431
Optimization restart 11/20, f = -815.5179602788479
Optimization restart 12/20, f = -695.7716304737928
Optimization restart 13/20, f = -816.4386185131405
Optimization restart 14/20, f = -797.6589330932529
Optimization restart 15/20, f = -817.6954519829056
Optimization restart 16/20, f = -814.7468399145368
Optimization restart 17/20, f = -815.4988353097617
Optimization restart 18/20, f = -815.8397297590941
Optimization restart 19/20, f = -817.4694013097337
Optimization restart 20/20, f = -707.8947257589089
pypal at iteration 121.         22 Pareto optimal points,         2661 discarded points,         442 unclassified points.
Hypervolume 1454.8129837163046
pypal at iteration 122.         22 Pareto optimal points,         2662 discarded points,         441 unclassified points.
Hypervolume 1454.8129837163046
pypal at iteration 123.         22 Pareto optimal points,         2663 discarded points,         440 unclassified points.
Hypervolume 1454.8129837163046
pypal at iteration 124.         22 Pareto optimal points,         2664 discarded points,         439 unclassified points.
Hypervolume 1454.8129837163046
pypal at iteration 125.         22 Pareto optimal points,         2665 discarded points,         438 unclassified points.
Hypervolume 1454.8129837163046
pypal at iteration 126.         22 Pareto optimal points,         2666 discarded points,         437 unclassified points.
Hypervolume 1454.8129837163046
pypal at iteration 127.         22 Pareto optimal points,         2669 discarded points,         434 unclassified points.
Hypervolume 1454.8129837163046
pypal at iteration 128.         22 Pareto optimal points,         2671 discarded points,         432 unclassified points.
Hypervolume 1454.8129837163046
pypal at iteration 129.         22 Pareto optimal points,         2673 discarded points,         430 unclassified points.
Hypervolume 1454.8129837163046
pypal at iteration 130.         22 Pareto optimal points,         2673 discarded points,         430 unclassified points.
Hypervolume 1454.8129837163046
Optimization restart 1/20, f = -876.1006102685958
Optimization restart 2/20, f = -873.7763629854417
Optimization restart 3/20, f = -874.6880857735143
Optimization restart 4/20, f = -874.634590196209
Optimization restart 5/20, f = -872.2433316878155
Optimization restart 6/20, f = -869.7857263534702
Optimization restart 7/20, f = -873.932224876869
Optimization restart 8/20, f = -873.6411416303782
Optimization restart 9/20, f = -872.9313696718095
Optimization restart 10/20, f = -862.5732340393736
Optimization restart 11/20, f = -671.7585818625671
Optimization restart 12/20, f = -874.5962981045623
Optimization restart 13/20, f = -866.6421577617452
Optimization restart 14/20, f = -873.7058649993955
Optimization restart 15/20, f = -861.1842643558015
Optimization restart 16/20, f = -874.4434090286423
Optimization restart 17/20, f = -864.9401392651343
Optimization restart 18/20, f = -874.8201366035369
Optimization restart 19/20, f = -873.8306487676497
Optimization restart 20/20, f = -873.6740305553623
pypal at iteration 131.         22 Pareto optimal points,         2674 discarded points,         429 unclassified points.
Hypervolume 1454.8129837163046
pypal at iteration 132.         22 Pareto optimal points,         2680 discarded points,         423 unclassified points.
Hypervolume 1454.8129837163046
pypal at iteration 133.         22 Pareto optimal points,         2681 discarded points,         422 unclassified points.
Hypervolume 1454.8129837163046
pypal at iteration 134.         22 Pareto optimal points,         2682 discarded points,         421 unclassified points.
Hypervolume 1454.8129837163046
pypal at iteration 135.         22 Pareto optimal points,         2683 discarded points,         420 unclassified points.
Hypervolume 1454.8129837163046
pypal at iteration 136.         22 Pareto optimal points,         2684 discarded points,         419 unclassified points.
Hypervolume 1454.8129837163046
pypal at iteration 137.         23 Pareto optimal points,         2724 discarded points,         378 unclassified points.
Hypervolume 1467.233017951999
pypal at iteration 138.         23 Pareto optimal points,         2725 discarded points,         377 unclassified points.
Hypervolume 1467.233017951999
pypal at iteration 139.         23 Pareto optimal points,         2726 discarded points,         376 unclassified points.
Hypervolume 1467.233017951999
pypal at iteration 140.         23 Pareto optimal points,         2728 discarded points,         374 unclassified points.
Hypervolume 1467.233017951999
Optimization restart 1/20, f = -928.4616262011425
Optimization restart 2/20, f = -752.5812225562565
Optimization restart 3/20, f = -924.4283455416281
Optimization restart 4/20, f = -593.2445494272966
Optimization restart 5/20, f = -925.5781895201645
Optimization restart 6/20, f = -927.7441385264789
Optimization restart 7/20, f = -926.8777751591288
Optimization restart 8/20, f = -925.8854451003367
Optimization restart 9/20, f = -919.9377870432293
Optimization restart 10/20, f = -896.1574251796645
Optimization restart 11/20, f = -923.0114214976027
Optimization restart 12/20, f = -926.7691726017506
Optimization restart 13/20, f = -927.5725863239204
Optimization restart 14/20, f = -923.6441650970885
Optimization restart 15/20, f = -802.3361201553855
Optimization restart 16/20, f = -925.9256434081085
Optimization restart 17/20, f = -926.7075327822839
Optimization restart 18/20, f = -925.4065360152454
Optimization restart 19/20, f = -927.1938462618514
Optimization restart 20/20, f = -925.3027334816621
pypal at iteration 141.         23 Pareto optimal points,         2729 discarded points,         373 unclassified points.
Hypervolume 1467.233017951999
pypal at iteration 142.         23 Pareto optimal points,         2730 discarded points,         372 unclassified points.
Hypervolume 1467.233017951999
pypal at iteration 143.         23 Pareto optimal points,         2731 discarded points,         371 unclassified points.
Hypervolume 1467.233017951999
pypal at iteration 144.         23 Pareto optimal points,         2732 discarded points,         370 unclassified points.
Hypervolume 1467.233017951999
pypal at iteration 145.         23 Pareto optimal points,         2734 discarded points,         368 unclassified points.
Hypervolume 1467.233017951999
pypal at iteration 146.         23 Pareto optimal points,         2735 discarded points,         367 unclassified points.
Hypervolume 1467.233017951999
pypal at iteration 147.         23 Pareto optimal points,         2736 discarded points,         366 unclassified points.
Hypervolume 1467.233017951999
pypal at iteration 148.         23 Pareto optimal points,         2737 discarded points,         365 unclassified points.
Hypervolume 1467.233017951999
pypal at iteration 149.         23 Pareto optimal points,         2738 discarded points,         364 unclassified points.
Hypervolume 1467.233017951999
pypal at iteration 150.         24 Pareto optimal points,         2738 discarded points,         363 unclassified points.
Hypervolume 1467.2850796209982
Optimization restart 1/20, f = -987.0429855526919
Optimization restart 2/20, f = -855.1802709277764
Optimization restart 3/20, f = -975.4605871874792
Optimization restart 4/20, f = -980.8722189263599
Optimization restart 5/20, f = -983.9548282617103
Optimization restart 6/20, f = -982.8907769478873
Optimization restart 7/20, f = -976.1756161624128
Optimization restart 8/20, f = -983.3533667392242
Optimization restart 9/20, f = -985.7330327829762
Optimization restart 10/20, f = -877.2603861142661
Optimization restart 11/20, f = -985.6240659325733
Optimization restart 12/20, f = -979.3083772851006
Optimization restart 13/20, f = -970.0700350403911
Optimization restart 14/20, f = -980.0334637786782
Optimization restart 15/20, f = -985.0136344844252
Optimization restart 16/20, f = -976.3977971031093
Optimization restart 17/20, f = -967.0451860805871
Optimization restart 18/20, f = -982.8870549017408
Optimization restart 19/20, f = -978.5070802099302
Optimization restart 20/20, f = -984.6540394842158
pypal at iteration 151.         24 Pareto optimal points,         2739 discarded points,         362 unclassified points.
Hypervolume 1467.2850796209982
pypal at iteration 152.         25 Pareto optimal points,         2739 discarded points,         361 unclassified points.
Hypervolume 1468.0541865044108
pypal at iteration 153.         25 Pareto optimal points,         2740 discarded points,         360 unclassified points.
Hypervolume 1468.0541865044108
pypal at iteration 154.         25 Pareto optimal points,         2741 discarded points,         359 unclassified points.
Hypervolume 1468.0541865044108
pypal at iteration 155.         25 Pareto optimal points,         2742 discarded points,         358 unclassified points.
Hypervolume 1468.0541865044108
pypal at iteration 156.         25 Pareto optimal points,         2743 discarded points,         357 unclassified points.
Hypervolume 1468.0541865044108
pypal at iteration 157.         25 Pareto optimal points,         2744 discarded points,         356 unclassified points.
Hypervolume 1468.0541865044108
pypal at iteration 158.         25 Pareto optimal points,         2744 discarded points,         356 unclassified points.
Hypervolume 1468.0541865044108
pypal at iteration 159.         25 Pareto optimal points,         2745 discarded points,         355 unclassified points.
Hypervolume 1468.0541865044108
pypal at iteration 160.         25 Pareto optimal points,         2750 discarded points,         350 unclassified points.
Hypervolume 1468.0541865044108
Optimization restart 1/20, f = -1049.1014582010644
Optimization restart 2/20, f = -1047.9548033056703
Optimization restart 3/20, f = -1048.8704010075694
Optimization restart 4/20, f = -1043.1311712424315
Optimization restart 5/20, f = -1037.9060542380494
Optimization restart 6/20, f = -1040.5554254878696
Optimization restart 7/20, f = -1040.2832655661298
Optimization restart 8/20, f = -1045.6024527715354
Optimization restart 9/20, f = -1041.371917827822
Optimization restart 10/20, f = -1045.3579256150558
Optimization restart 11/20, f = -1040.129442485219
Optimization restart 12/20, f = -1046.3593900263327
Optimization restart 13/20, f = -1043.3916231959279
Optimization restart 14/20, f = -1038.790291913098
Optimization restart 15/20, f = -1040.4255894856421
Optimization restart 16/20, f = -1039.1292700242811
Optimization restart 17/20, f = -1039.6216007884263
Optimization restart 18/20, f = -909.5789404267769
Optimization restart 19/20, f = -1046.1894353624302
Optimization restart 20/20, f = -1047.118327879669
pypal at iteration 161.         26 Pareto optimal points,         2751 discarded points,         348 unclassified points.
Hypervolume 1473.1307637639436
pypal at iteration 162.         26 Pareto optimal points,         2752 discarded points,         347 unclassified points.
Hypervolume 1473.1307637639436
pypal at iteration 163.         27 Pareto optimal points,         2789 discarded points,         309 unclassified points.
Hypervolume 1475.813806580232
pypal at iteration 164.         29 Pareto optimal points,         2790 discarded points,         306 unclassified points.
Hypervolume 1475.8265492874987
pypal at iteration 165.         30 Pareto optimal points,         2790 discarded points,         305 unclassified points.
Hypervolume 1483.9300760558333
pypal at iteration 166.         30 Pareto optimal points,         2791 discarded points,         304 unclassified points.
Hypervolume 1483.9300760558333
pypal at iteration 167.         30 Pareto optimal points,         2792 discarded points,         303 unclassified points.
Hypervolume 1483.9300760558333
pypal at iteration 168.         30 Pareto optimal points,         2793 discarded points,         302 unclassified points.
Hypervolume 1483.9300760558333
pypal at iteration 169.         30 Pareto optimal points,         2794 discarded points,         301 unclassified points.
Hypervolume 1483.9300760558333
pypal at iteration 170.         30 Pareto optimal points,         2798 discarded points,         297 unclassified points.
Hypervolume 1483.9300760558333
Optimization restart 1/20, f = -1100.8378740450948
Optimization restart 2/20, f = -1097.5537477318594
Optimization restart 3/20, f = -1089.7636377579738
Optimization restart 4/20, f = -1096.361757998836
Optimization restart 5/20, f = -1096.8095571527163
Optimization restart 6/20, f = -1098.570706659239
Optimization restart 7/20, f = -1032.9388865311546
Optimization restart 8/20, f = -1092.9460341588606
Optimization restart 9/20, f = -1099.5967670008254
Optimization restart 10/20, f = -1096.1145918796105
Optimization restart 11/20, f = -1099.7167857100571
Optimization restart 12/20, f = -1088.567944949469
Optimization restart 13/20, f = -1099.7624097170306
Optimization restart 14/20, f = -1087.939232214202
Optimization restart 15/20, f = -1096.7617972649118
Optimization restart 16/20, f = -1098.6237452250166
Optimization restart 17/20, f = -1099.4307932400259
Optimization restart 18/20, f = -1097.035720610018
Optimization restart 19/20, f = -1097.456569389331
Optimization restart 20/20, f = -1090.3576969923402
pypal at iteration 171.         31 Pareto optimal points,         2799 discarded points,         295 unclassified points.
Hypervolume 1483.9598420802931
pypal at iteration 172.         32 Pareto optimal points,         2799 discarded points,         294 unclassified points.
Hypervolume 1485.247914466054
pypal at iteration 173.         32 Pareto optimal points,         2800 discarded points,         293 unclassified points.
Hypervolume 1485.247914466054
pypal at iteration 174.         33 Pareto optimal points,         2800 discarded points,         292 unclassified points.
Hypervolume 1485.365839427426
pypal at iteration 175.         33 Pareto optimal points,         2801 discarded points,         291 unclassified points.
Hypervolume 1485.365839427426
pypal at iteration 176.         33 Pareto optimal points,         2802 discarded points,         290 unclassified points.
Hypervolume 1485.365839427426
pypal at iteration 177.         33 Pareto optimal points,         2803 discarded points,         289 unclassified points.
Hypervolume 1485.365839427426
pypal at iteration 178.         33 Pareto optimal points,         2804 discarded points,         288 unclassified points.
Hypervolume 1485.365839427426
pypal at iteration 179.         34 Pareto optimal points,         2870 discarded points,         221 unclassified points.
Hypervolume 1488.4048299016667
pypal at iteration 180.         34 Pareto optimal points,         2870 discarded points,         221 unclassified points.
Hypervolume 1488.4048299016667
Optimization restart 1/20, f = -1147.999255091493
Optimization restart 2/20, f = -1145.266643606698
Optimization restart 3/20, f = -1135.229015464022
Optimization restart 4/20, f = -1144.4494556275881
Optimization restart 5/20, f = -981.7091778074039
Optimization restart 6/20, f = -1146.8004847187033
Optimization restart 7/20, f = -1143.3953922086782
Optimization restart 8/20, f = -955.1661605833714
Optimization restart 9/20, f = -1137.4538098867774
Optimization restart 10/20, f = -1137.1883552853822
Optimization restart 11/20, f = -1146.982517319948
Optimization restart 12/20, f = -1139.501440672897
Optimization restart 13/20, f = -1140.4911708369455
Optimization restart 14/20, f = -1142.1780390982203
Optimization restart 15/20, f = -1142.665052910762
Optimization restart 16/20, f = -1145.291839505942
Optimization restart 17/20, f = -1143.3391617269397
Optimization restart 18/20, f = -1145.8575831557503
Optimization restart 19/20, f = -1132.1165681407872
Optimization restart 20/20, f = -1126.3478846359153
pypal at iteration 181.         34 Pareto optimal points,         2871 discarded points,         220 unclassified points.
Hypervolume 1488.4048299016667
pypal at iteration 182.         34 Pareto optimal points,         2872 discarded points,         219 unclassified points.
Hypervolume 1488.4048299016667
pypal at iteration 183.         34 Pareto optimal points,         2873 discarded points,         218 unclassified points.
Hypervolume 1488.4048299016667
pypal at iteration 184.         34 Pareto optimal points,         2874 discarded points,         217 unclassified points.
Hypervolume 1488.4048299016667
pypal at iteration 185.         34 Pareto optimal points,         2874 discarded points,         217 unclassified points.
Hypervolume 1488.4048299016667
pypal at iteration 186.         34 Pareto optimal points,         2875 discarded points,         216 unclassified points.
Hypervolume 1488.4048299016667
pypal at iteration 187.         34 Pareto optimal points,         2875 discarded points,         216 unclassified points.
Hypervolume 1488.4048299016667
pypal at iteration 188.         34 Pareto optimal points,         2875 discarded points,         216 unclassified points.
Hypervolume 1488.4048299016667
pypal at iteration 189.         34 Pareto optimal points,         2876 discarded points,         215 unclassified points.
Hypervolume 1488.4048299016667
pypal at iteration 190.         34 Pareto optimal points,         2877 discarded points,         214 unclassified points.
Hypervolume 1488.4048299016667
Optimization restart 1/20, f = -1213.7475511244077
Optimization restart 2/20, f = -1201.945287363208
Optimization restart 3/20, f = -1212.0852982111683
Optimization restart 4/20, f = -1212.2306482028985
Optimization restart 5/20, f = -1207.480357000096
Optimization restart 6/20, f = -1210.476766543321
Optimization restart 7/20, f = -1211.0273023455488
Optimization restart 8/20, f = -1209.9711871644356
Optimization restart 9/20, f = -1208.3946553143753
Optimization restart 10/20, f = -1211.7315857759381
Optimization restart 11/20, f = -1211.0352165489878
Optimization restart 12/20, f = -1211.256967615121
Optimization restart 13/20, f = -1208.8329989813549
Optimization restart 14/20, f = -1211.02958482291
Optimization restart 15/20, f = -1201.8974092059798
Optimization restart 16/20, f = -1204.552498341513
Optimization restart 17/20, f = -1210.4017264064732
Optimization restart 18/20, f = -1209.472886143539
Optimization restart 19/20, f = -1124.6619504821597
Optimization restart 20/20, f = -1212.8522185235975
pypal at iteration 191.         34 Pareto optimal points,         2878 discarded points,         213 unclassified points.
Hypervolume 1488.4048299016667
pypal at iteration 192.         34 Pareto optimal points,         2879 discarded points,         212 unclassified points.
Hypervolume 1488.4048299016667
pypal at iteration 193.         36 Pareto optimal points,         2879 discarded points,         210 unclassified points.
Hypervolume 1488.6294299734745
pypal at iteration 194.         36 Pareto optimal points,         2884 discarded points,         205 unclassified points.
Hypervolume 1488.6294299734745
pypal at iteration 195.         36 Pareto optimal points,         2885 discarded points,         204 unclassified points.
Hypervolume 1488.6294299734745
pypal at iteration 196.         36 Pareto optimal points,         2886 discarded points,         203 unclassified points.
Hypervolume 1488.6294299734745
pypal at iteration 197.         36 Pareto optimal points,         2887 discarded points,         202 unclassified points.
Hypervolume 1488.6294299734745
pypal at iteration 198.         36 Pareto optimal points,         2888 discarded points,         201 unclassified points.
Hypervolume 1488.6294299734745
pypal at iteration 199.         37 Pareto optimal points,         2910 discarded points,         178 unclassified points.
Hypervolume 1491.331312889687
pypal at iteration 200.         37 Pareto optimal points,         2911 discarded points,         177 unclassified points.
Hypervolume 1491.331312889687
Optimization restart 1/20, f = -1270.2773334107426
Optimization restart 2/20, f = -1256.752160265528
Optimization restart 3/20, f = -1261.5258420972054
Optimization restart 4/20, f = -1260.0504775152135
Optimization restart 5/20, f = -1259.930500366097
Optimization restart 6/20, f = -1260.818628267963
Optimization restart 7/20, f = -1262.9447623984947
Optimization restart 8/20, f = -1267.6462471387026
Optimization restart 9/20, f = -1267.2952746179938
Optimization restart 10/20, f = -1260.9868806878408
Optimization restart 11/20, f = -1221.5574576997838
Optimization restart 12/20, f = -1268.116531076151
Optimization restart 13/20, f = -1266.5278701344255
Optimization restart 14/20, f = -1270.6172117544183
Optimization restart 15/20, f = -1266.734898465715
Optimization restart 16/20, f = -1258.866574188061
Optimization restart 17/20, f = -1259.5349462771185
Optimization restart 18/20, f = -1254.5800895233783
Optimization restart 19/20, f = -1266.3765024353029
Optimization restart 20/20, f = -1264.7677677434447
pypal at iteration 201.         37 Pareto optimal points,         2912 discarded points,         176 unclassified points.
Hypervolume 1491.331312889687
pypal at iteration 202.         37 Pareto optimal points,         2913 discarded points,         175 unclassified points.
Hypervolume 1491.331312889687
pypal at iteration 203.         37 Pareto optimal points,         2914 discarded points,         174 unclassified points.
Hypervolume 1491.331312889687
pypal at iteration 204.         38 Pareto optimal points,         2927 discarded points,         160 unclassified points.
Hypervolume 1491.4383254223376
pypal at iteration 205.         38 Pareto optimal points,         2928 discarded points,         159 unclassified points.
Hypervolume 1491.4383254223376
pypal at iteration 206.         40 Pareto optimal points,         2928 discarded points,         157 unclassified points.
Hypervolume 1493.2128093855576
pypal at iteration 207.         40 Pareto optimal points,         2930 discarded points,         155 unclassified points.
Hypervolume 1493.2128093855576
pypal at iteration 208.         40 Pareto optimal points,         2931 discarded points,         154 unclassified points.
Hypervolume 1493.2128093855576
pypal at iteration 209.         42 Pareto optimal points,         2932 discarded points,         151 unclassified points.
Hypervolume 1496.122035186303
pypal at iteration 210.         42 Pareto optimal points,         2932 discarded points,         151 unclassified points.
Hypervolume 1496.122035186303
Optimization restart 1/20, f = -1324.6084272397907
Optimization restart 2/20, f = -1315.9971052321603
Optimization restart 3/20, f = -1307.8216470501538
Optimization restart 4/20, f = -1307.3587481492607
Optimization restart 5/20, f = -1319.6258703398862
Optimization restart 6/20, f = -1319.9538323073627
Optimization restart 7/20, f = -1320.8292695697382
Optimization restart 8/20, f = -1319.7182270073429
Optimization restart 9/20, f = -1321.920987321153
Optimization restart 10/20, f = -1311.6778229717997
Optimization restart 11/20, f = -1314.8357187705953
Optimization restart 12/20, f = -1319.8900385350178
Optimization restart 13/20, f = -1268.3243181667217
Optimization restart 14/20, f = -1307.2288874837677
Optimization restart 15/20, f = -1319.2654666705546
Optimization restart 16/20, f = -1321.2827047622852
Optimization restart 17/20, f = -1313.9083501961293
Optimization restart 18/20, f = -1317.4188516872348
Optimization restart 19/20, f = -1319.4247935506073
Optimization restart 20/20, f = -1321.2193439601979
pypal at iteration 211.         42 Pareto optimal points,         2932 discarded points,         151 unclassified points.
Hypervolume 1496.122035186303
pypal at iteration 212.         42 Pareto optimal points,         2933 discarded points,         150 unclassified points.
Hypervolume 1496.122035186303
pypal at iteration 213.         42 Pareto optimal points,         2934 discarded points,         149 unclassified points.
Hypervolume 1496.122035186303
pypal at iteration 214.         42 Pareto optimal points,         2934 discarded points,         149 unclassified points.
Hypervolume 1496.122035186303
pypal at iteration 215.         42 Pareto optimal points,         2935 discarded points,         148 unclassified points.
Hypervolume 1496.122035186303
pypal at iteration 216.         42 Pareto optimal points,         2936 discarded points,         147 unclassified points.
Hypervolume 1496.122035186303
pypal at iteration 217.         42 Pareto optimal points,         2937 discarded points,         146 unclassified points.
Hypervolume 1496.122035186303
pypal at iteration 218.         42 Pareto optimal points,         2938 discarded points,         145 unclassified points.
Hypervolume 1496.122035186303
pypal at iteration 219.         43 Pareto optimal points,         2939 discarded points,         143 unclassified points.
Hypervolume 1500.0895978589274
pypal at iteration 220.         43 Pareto optimal points,         2940 discarded points,         142 unclassified points.
Hypervolume 1500.0895978589274
Optimization restart 1/20, f = -1373.0565295745907
Optimization restart 2/20, f = -1370.8525581875215
Optimization restart 3/20, f = -1363.6538376648748
Optimization restart 4/20, f = -1369.287232316395
Optimization restart 5/20, f = -1369.411262690398
Optimization restart 6/20, f = -1370.4319272047799
Optimization restart 7/20, f = -1363.2788792376423
Optimization restart 8/20, f = -1368.6313253912085
Optimization restart 9/20, f = -1368.6488281114787
Optimization restart 10/20, f = -1362.8131497612687
Optimization restart 11/20, f = -1367.713210935659
Optimization restart 12/20, f = -1369.7653532152544
Optimization restart 13/20, f = -1364.4630818360076
Optimization restart 14/20, f = -1366.6139391283698
Optimization restart 15/20, f = -1368.1813688402563
Optimization restart 16/20, f = -1368.2641044813754
Optimization restart 17/20, f = -1368.019202895422
Optimization restart 18/20, f = -1347.5951884447209
Optimization restart 19/20, f = -1366.410638096508
Optimization restart 20/20, f = -1358.5719235068896
pypal at iteration 221.         43 Pareto optimal points,         2941 discarded points,         141 unclassified points.
Hypervolume 1500.0895978589274
pypal at iteration 222.         43 Pareto optimal points,         2942 discarded points,         140 unclassified points.
Hypervolume 1500.0895978589274
pypal at iteration 223.         43 Pareto optimal points,         2942 discarded points,         140 unclassified points.
Hypervolume 1500.0895978589274
pypal at iteration 224.         43 Pareto optimal points,         2943 discarded points,         139 unclassified points.
Hypervolume 1500.0895978589274
pypal at iteration 225.         44 Pareto optimal points,         3000 discarded points,         81 unclassified points.
Hypervolume 1500.8127510350578
pypal at iteration 226.         44 Pareto optimal points,         3001 discarded points,         80 unclassified points.
Hypervolume 1500.8127510350578
pypal at iteration 227.         45 Pareto optimal points,         3004 discarded points,         76 unclassified points.
Hypervolume 1500.8627963365118
pypal at iteration 228.         45 Pareto optimal points,         3005 discarded points,         75 unclassified points.
Hypervolume 1500.8627963365118
pypal at iteration 229.         46 Pareto optimal points,         3005 discarded points,         74 unclassified points.
Hypervolume 1500.8665959652835
pypal at iteration 230.         46 Pareto optimal points,         3006 discarded points,         73 unclassified points.
Hypervolume 1500.8665959652835
Optimization restart 1/20, f = -1434.3412657338167
Optimization restart 2/20, f = -1420.504625489884
Optimization restart 3/20, f = -1426.072355935321
Optimization restart 4/20, f = -1431.5478514859865
Optimization restart 5/20, f = -1428.9814146145877
Optimization restart 6/20, f = -1428.5409893785095
Optimization restart 7/20, f = -1301.348416920425
Optimization restart 8/20, f = -1428.2983436020322
Optimization restart 9/20, f = -1430.5592191837886
Optimization restart 10/20, f = -1430.2818126986472
Optimization restart 11/20, f = -1394.6838961861445
Optimization restart 12/20, f = -1431.2681729416154
Optimization restart 13/20, f = -1424.0984055344757
Optimization restart 14/20, f = -1413.8284721220625
Optimization restart 15/20, f = -1429.1697377474347
Optimization restart 16/20, f = -1430.8066137276105
Optimization restart 17/20, f = -1432.8248995763674
Optimization restart 18/20, f = -1429.8958800948549
Optimization restart 19/20, f = -1428.23170397263
Optimization restart 20/20, f = -1424.7255147674482
pypal at iteration 231.         46 Pareto optimal points,         3007 discarded points,         72 unclassified points.
Hypervolume 1500.8665959652835
pypal at iteration 232.         49 Pareto optimal points,         3008 discarded points,         68 unclassified points.
Hypervolume 1500.8760216245935
pypal at iteration 233.         49 Pareto optimal points,         3009 discarded points,         67 unclassified points.
Hypervolume 1500.8760216245935
pypal at iteration 234.         49 Pareto optimal points,         3010 discarded points,         66 unclassified points.
Hypervolume 1500.8760216245935
pypal at iteration 235.         49 Pareto optimal points,         3011 discarded points,         65 unclassified points.
Hypervolume 1500.8760216245935
pypal at iteration 236.         49 Pareto optimal points,         3012 discarded points,         64 unclassified points.
Hypervolume 1500.8760216245935
pypal at iteration 237.         49 Pareto optimal points,         3013 discarded points,         63 unclassified points.
Hypervolume 1500.8760216245935
pypal at iteration 238.         49 Pareto optimal points,         3014 discarded points,         62 unclassified points.
Hypervolume 1500.8760216245935
pypal at iteration 239.         49 Pareto optimal points,         3015 discarded points,         61 unclassified points.
Hypervolume 1500.8760216245935
pypal at iteration 240.         50 Pareto optimal points,         3015 discarded points,         60 unclassified points.
Hypervolume 1500.8796741092299
Optimization restart 1/20, f = -1492.1309030388231
Optimization restart 2/20, f = -1485.4888151514192
Optimization restart 3/20, f = -1481.6539785655468
Optimization restart 4/20, f = -1485.2521127580535
Optimization restart 5/20, f = -1490.437191098652
Optimization restart 6/20, f = -1488.2630822341332
Optimization restart 7/20, f = -1488.970846301814
Optimization restart 8/20, f = -1488.2722679205394
Optimization restart 9/20, f = -1486.096073159008
Optimization restart 10/20, f = -1435.70897528665
Optimization restart 11/20, f = -1486.882817506875
Optimization restart 12/20, f = -1489.643755680663
Optimization restart 13/20, f = -1482.911077667334
Optimization restart 14/20, f = -1488.0240178307827
Optimization restart 15/20, f = -1478.2967482108888
Optimization restart 16/20, f = -1468.3134355018099
Optimization restart 17/20, f = -1487.757421830499
Optimization restart 18/20, f = -1482.9034885968672
Optimization restart 19/20, f = -1488.8119582438246
Optimization restart 20/20, f = -1487.2954242771607
pypal at iteration 241.         50 Pareto optimal points,         3016 discarded points,         59 unclassified points.
Hypervolume 1500.8796741092299
pypal at iteration 242.         50 Pareto optimal points,         3017 discarded points,         58 unclassified points.
Hypervolume 1500.8796741092299
pypal at iteration 243.         50 Pareto optimal points,         3017 discarded points,         58 unclassified points.
Hypervolume 1500.8796741092299
pypal at iteration 244.         50 Pareto optimal points,         3018 discarded points,         57 unclassified points.
Hypervolume 1500.8796741092299
pypal at iteration 245.         50 Pareto optimal points,         3019 discarded points,         56 unclassified points.
Hypervolume 1500.8796741092299
pypal at iteration 246.         50 Pareto optimal points,         3020 discarded points,         55 unclassified points.
Hypervolume 1500.8796741092299
pypal at iteration 247.         51 Pareto optimal points,         3027 discarded points,         47 unclassified points.
Hypervolume 1501.7971118543728
pypal at iteration 248.         51 Pareto optimal points,         3028 discarded points,         46 unclassified points.
Hypervolume 1501.7971118543728
pypal at iteration 249.         51 Pareto optimal points,         3029 discarded points,         45 unclassified points.
Hypervolume 1501.7971118543728
pypal at iteration 250.         51 Pareto optimal points,         3030 discarded points,         44 unclassified points.
Hypervolume 1501.7971118543728
Optimization restart 1/20, f = -1540.0682955234229
Optimization restart 2/20, f = -1530.9606670739172
Optimization restart 3/20, f = -1531.5886459586723
Optimization restart 4/20, f = -1537.6144146081188
Optimization restart 5/20, f = -1532.4949932597356
Optimization restart 6/20, f = -1533.8882349206176
Optimization restart 7/20, f = -1536.4089290693637
Optimization restart 8/20, f = -1527.6855171665138
Optimization restart 9/20, f = -1401.2269436308088
Optimization restart 10/20, f = -1534.5374559264878
Optimization restart 11/20, f = -1532.1488478544463
Optimization restart 12/20, f = -1532.5313460810978
Optimization restart 13/20, f = -1524.0124997696348
Optimization restart 14/20, f = -1532.458563629281
Optimization restart 15/20, f = -1535.656997590218
Optimization restart 16/20, f = -1536.135895188157
Optimization restart 17/20, f = -1529.6214648086163
Optimization restart 18/20, f = -1535.9533065847372
Optimization restart 19/20, f = -1416.8445425820407
Optimization restart 20/20, f = -1535.0353744427719
pypal at iteration 251.         52 Pareto optimal points,         3036 discarded points,         37 unclassified points.
Hypervolume 1506.1567000146968
pypal at iteration 252.         52 Pareto optimal points,         3037 discarded points,         36 unclassified points.
Hypervolume 1506.1567000146968
pypal at iteration 253.         53 Pareto optimal points,         3037 discarded points,         35 unclassified points.
Hypervolume 1506.170792926914
pypal at iteration 254.         54 Pareto optimal points,         3037 discarded points,         34 unclassified points.
Hypervolume 1506.171022870454
pypal at iteration 255.         54 Pareto optimal points,         3038 discarded points,         33 unclassified points.
Hypervolume 1506.171022870454
pypal at iteration 256.         54 Pareto optimal points,         3039 discarded points,         32 unclassified points.
Hypervolume 1506.171022870454
pypal at iteration 257.         55 Pareto optimal points,         3040 discarded points,         30 unclassified points.
Hypervolume 1506.290305945984
pypal at iteration 258.         55 Pareto optimal points,         3041 discarded points,         29 unclassified points.
Hypervolume 1506.290305945984
pypal at iteration 259.         55 Pareto optimal points,         3042 discarded points,         28 unclassified points.
Hypervolume 1506.290305945984
pypal at iteration 260.         56 Pareto optimal points,         3043 discarded points,         26 unclassified points.
Hypervolume 1506.2981215495483
Optimization restart 1/20, f = -1595.3204880510427
Optimization restart 2/20, f = -1593.1710181190672
Optimization restart 3/20, f = -1590.9516556346762
Optimization restart 4/20, f = -1589.487661008476
Optimization restart 5/20, f = -1589.2932415279874
Optimization restart 6/20, f = -1592.2427812326146
Optimization restart 7/20, f = -1417.4289450262463
Optimization restart 8/20, f = -1591.5264670901024
Optimization restart 9/20, f = -1590.7606426489428
Optimization restart 10/20, f = -1591.6571226251383
Optimization restart 11/20, f = -1587.207268558034
Optimization restart 12/20, f = -1586.4823242220536
Optimization restart 13/20, f = -1584.5242039319778
Optimization restart 14/20, f = -1590.2042166262988
Optimization restart 15/20, f = -1591.6210715552997
Optimization restart 16/20, f = -1583.8916949297773
Optimization restart 17/20, f = -1589.2272076686434
Optimization restart 18/20, f = -1590.5539917193187
Optimization restart 19/20, f = -1499.1126431971109
Optimization restart 20/20, f = -1592.8445200799897
pypal at iteration 261.         56 Pareto optimal points,         3044 discarded points,         25 unclassified points.
Hypervolume 1506.2981215495483
pypal at iteration 262.         57 Pareto optimal points,         3044 discarded points,         24 unclassified points.
Hypervolume 1506.2988433121334
pypal at iteration 263.         57 Pareto optimal points,         3045 discarded points,         23 unclassified points.
Hypervolume 1506.2988433121334
pypal at iteration 264.         58 Pareto optimal points,         3049 discarded points,         18 unclassified points.
Hypervolume 1506.5530805102935
pypal at iteration 265.         58 Pareto optimal points,         3050 discarded points,         17 unclassified points.
Hypervolume 1506.5530805102935
pypal at iteration 266.         59 Pareto optimal points,         3054 discarded points,         12 unclassified points.
Hypervolume 1506.6432906663902
pypal at iteration 267.         59 Pareto optimal points,         3055 discarded points,         11 unclassified points.
Hypervolume 1506.6432906663902
pypal at iteration 268.         59 Pareto optimal points,         3056 discarded points,         10 unclassified points.
Hypervolume 1506.6432906663902
pypal at iteration 269.         59 Pareto optimal points,         3057 discarded points,         9 unclassified points.
Hypervolume 1506.6432906663902
pypal at iteration 270.         59 Pareto optimal points,         3058 discarded points,         8 unclassified points.
Hypervolume 1506.6432906663902
Optimization restart 1/20, f = -1652.128696363741
Optimization restart 2/20, f = -1650.3278638965778
Optimization restart 3/20, f = -1649.4821679283098
Optimization restart 4/20, f = -1642.9589719468922
Optimization restart 5/20, f = -1645.8915313423263
Optimization restart 6/20, f = -1646.0249858079083
Optimization restart 7/20, f = -1616.1313877927644
Optimization restart 8/20, f = -1650.5643174002498
Optimization restart 9/20, f = -1645.5619025701635
Optimization restart 10/20, f = -1638.102100967632
Optimization restart 11/20, f = -1648.364452278338
Optimization restart 12/20, f = -1648.8719898495974
Optimization restart 13/20, f = -1648.7211697350556
Optimization restart 14/20, f = -1648.2212609205494
Optimization restart 15/20, f = -1628.3809136419093
Optimization restart 16/20, f = -1578.4440725714214
Optimization restart 17/20, f = -1648.2884016679238
Optimization restart 18/20, f = -1639.6857180246525
Optimization restart 19/20, f = -1646.1074034343685
Optimization restart 20/20, f = -1647.7437850716742
pypal at iteration 271.         59 Pareto optimal points,         3059 discarded points,         7 unclassified points.
Hypervolume 1506.6432906663902
pypal at iteration 272.         59 Pareto optimal points,         3060 discarded points,         6 unclassified points.
Hypervolume 1506.6432906663902
pypal at iteration 273.         61 Pareto optimal points,         3060 discarded points,         4 unclassified points.
Hypervolume 1508.4669492811577
pypal at iteration 274.         62 Pareto optimal points,         3060 discarded points,         3 unclassified points.
Hypervolume 1509.0919138277554
pypal at iteration 275.         62 Pareto optimal points,         3061 discarded points,         2 unclassified points.
Hypervolume 1509.0919138277554
pypal at iteration 276.         62 Pareto optimal points,         3062 discarded points,         1 unclassified points.
Hypervolume 1509.0919138277554
Done. No unclassified point left
pypal at iteration 276.         62 Pareto optimal points,         3063 discarded points,         0 unclassified points.
Hypervolume 1509.0919138277554
