 /home/kjablonk/anaconda3/envs/dispersant_screener/lib/python3.7/site-packages/sklearn/utils/deprecation.py:143: FutureWarning:The sklearn.preprocessing.data module is  deprecated in version 0.22 and will be removed in version 0.24. The corresponding classes / functions should instead be imported from sklearn.preprocessing. Anything that cannot be imported from sklearn.preprocessing is now part of the private API.
 /home/kjablonk/programs/pypal/pypal/pal/validate_inputs.py:146: UserWarning:No goals provided,                 will assume that every dimension should be maximized
 /home/kjablonk/anaconda3/envs/dispersant_screener/lib/python3.7/site-packages/GPy/kern/src/stationary.py:137: RuntimeWarning:overflow encountered in square
 /home/kjablonk/anaconda3/envs/dispersant_screener/lib/python3.7/site-packages/GPy/kern/src/stationary.py:138: RuntimeWarning:invalid value encountered in add
 /home/kjablonk/anaconda3/envs/dispersant_screener/lib/python3.7/site-packages/GPy/kern/src/stationary.py:565: RuntimeWarning:invalid value encountered in multiply
 /home/kjablonk/anaconda3/envs/dispersant_screener/lib/python3.7/site-packages/GPy/kern/src/stationary.py:568: RuntimeWarning:invalid value encountered in subtract
 /home/kjablonk/anaconda3/envs/dispersant_screener/lib/python3.7/site-packages/GPy/kern/src/stationary.py:166: RuntimeWarning:overflow encountered in true_divide
 /home/kjablonk/anaconda3/envs/dispersant_screener/lib/python3.7/site-packages/paramz/transformations.py:111: RuntimeWarning:overflow encountered in expm1
 /home/kjablonk/anaconda3/envs/dispersant_screener/lib/python3.7/site-packages/GPy/kern/src/stationary.py:166: RuntimeWarning:overflow encountered in true_divide
 /home/kjablonk/anaconda3/envs/dispersant_screener/lib/python3.7/site-packages/GPy/kern/src/stationary.py:137: RuntimeWarning:overflow encountered in square
 /home/kjablonk/anaconda3/envs/dispersant_screener/lib/python3.7/site-packages/GPy/kern/src/stationary.py:138: RuntimeWarning:invalid value encountered in add
 /home/kjablonk/anaconda3/envs/dispersant_screener/lib/python3.7/site-packages/GPy/kern/src/stationary.py:565: RuntimeWarning:invalid value encountered in multiply
 /home/kjablonk/anaconda3/envs/dispersant_screener/lib/python3.7/site-packages/GPy/kern/src/stationary.py:568: RuntimeWarning:invalid value encountered in subtract
 /home/kjablonk/anaconda3/envs/dispersant_screener/lib/python3.7/site-packages/GPy/kern/src/stationary.py:243: RuntimeWarning:invalid value encountered in true_divide
 /home/kjablonk/anaconda3/envs/dispersant_screener/lib/python3.7/site-packages/GPy/kern/src/stationary.py:568: RuntimeWarning:overflow encountered in multiply
 /home/kjablonk/anaconda3/envs/dispersant_screener/lib/python3.7/site-packages/GPy/kern/src/stationary.py:568: RuntimeWarning:invalid value encountered in multiply
 /home/kjablonk/anaconda3/envs/dispersant_screener/lib/python3.7/site-packages/numpy/core/_asarray.py:136: VisibleDeprecationWarning:Creating an ndarray from ragged nested sequences (which is a list-or-tuple of lists-or-tuples-or ndarrays with different lengths or shapes) is deprecated. If you meant to do this, you must specify 'dtype=object' when creating the ndarray
Maximum hypervolume 1536.0438526567837
STARTING PAL
Optimization restart 1/20, f = -36.120934778184804
Optimization restart 2/20, f = -27.243130963301418
Optimization restart 3/20, f = -20.95332580624383
Optimization restart 4/20, f = -22.134380413279295
Optimization restart 5/20, f = -34.28711649261874
Optimization restart 6/20, f = -25.307714836848845
Optimization restart 7/20, f = -36.120113945086274
Optimization restart 8/20, f = -30.285007609385715
Optimization restart 9/20, f = -36.12094260672602
Optimization restart 10/20, f = -32.14288743066753
Optimization restart 11/20, f = -32.69933447685284
Optimization restart 12/20, f = -36.11467404467413
Optimization restart 13/20, f = -36.17458362784622
Optimization restart 14/20, f = -34.287079106956654
Optimization restart 15/20, f = -28.747155137180542
Optimization restart 16/20, f = -13.949263841716775
Optimization restart 17/20, f = -28.088091356315914
Optimization restart 18/20, f = -27.356081864092264
Optimization restart 19/20, f = -36.12100557075497
Optimization restart 20/20, f = -36.12069234325769
pypal at iteration 1.         0 Pareto optimal points,         8 discarded points,         3117 unclassified points.
Hypervolume 0
pypal at iteration 2.         0 Pareto optimal points,         8 discarded points,         3117 unclassified points.
Hypervolume 0
pypal at iteration 3.         0 Pareto optimal points,         8 discarded points,         3117 unclassified points.
Hypervolume 0
pypal at iteration 4.         0 Pareto optimal points,         9 discarded points,         3116 unclassified points.
Hypervolume 0
pypal at iteration 5.         0 Pareto optimal points,         9 discarded points,         3116 unclassified points.
Hypervolume 0
pypal at iteration 6.         1 Pareto optimal points,         25 discarded points,         3099 unclassified points.
Hypervolume 1106.4432778902299
pypal at iteration 7.         1 Pareto optimal points,         331 discarded points,         2793 unclassified points.
Hypervolume 1106.4432778902299
pypal at iteration 8.         2 Pareto optimal points,         601 discarded points,         2522 unclassified points.
Hypervolume 1139.279537042863
pypal at iteration 9.         3 Pareto optimal points,         1005 discarded points,         2117 unclassified points.
Hypervolume 1231.98560414446
pypal at iteration 10.         3 Pareto optimal points,         1051 discarded points,         2071 unclassified points.
Hypervolume 1231.98560414446
Optimization restart 1/20, f = -70.72403428238464
Optimization restart 2/20, f = -100.19210825024857
Optimization restart 3/20, f = -97.52628478060588
Optimization restart 4/20, f = -100.3219782608411
Optimization restart 5/20, f = -100.12761143631666
Optimization restart 6/20, f = -48.23370540080612
Optimization restart 7/20, f = -99.22563136105391
Optimization restart 8/20, f = -98.95020441726643
Optimization restart 9/20, f = -99.97053984547247
Optimization restart 10/20, f = -99.43926869166276
Optimization restart 11/20, f = -99.32220756821448
Optimization restart 12/20, f = -99.35542182346161
Optimization restart 13/20, f = -99.9806592104882
Optimization restart 14/20, f = -97.07859198302165
Optimization restart 15/20, f = -100.47114923670122
Optimization restart 16/20, f = -100.55581852187241
Optimization restart 17/20, f = -100.14446834049623
Optimization restart 18/20, f = -96.73907721790572
Optimization restart 19/20, f = -97.55213551820128
Optimization restart 20/20, f = -66.90418635087985
pypal at iteration 11.         4 Pareto optimal points,         1841 discarded points,         1280 unclassified points.
Hypervolume 1296.2880084400285
pypal at iteration 12.         4 Pareto optimal points,         2183 discarded points,         938 unclassified points.
Hypervolume 1296.2880084400285
pypal at iteration 13.         4 Pareto optimal points,         2186 discarded points,         935 unclassified points.
Hypervolume 1296.2880084400285
pypal at iteration 14.         4 Pareto optimal points,         2186 discarded points,         935 unclassified points.
Hypervolume 1296.2880084400285
pypal at iteration 15.         4 Pareto optimal points,         2197 discarded points,         924 unclassified points.
Hypervolume 1296.2880084400285
pypal at iteration 16.         4 Pareto optimal points,         2198 discarded points,         923 unclassified points.
Hypervolume 1296.2880084400285
pypal at iteration 17.         4 Pareto optimal points,         2199 discarded points,         922 unclassified points.
Hypervolume 1296.2880084400285
pypal at iteration 18.         4 Pareto optimal points,         2204 discarded points,         917 unclassified points.
Hypervolume 1296.2880084400285
pypal at iteration 19.         5 Pareto optimal points,         2208 discarded points,         912 unclassified points.
Hypervolume 1296.2880084400285
pypal at iteration 20.         5 Pareto optimal points,         2209 discarded points,         911 unclassified points.
Hypervolume 1296.2880084400285
Optimization restart 1/20, f = -176.76804696342003
Optimization restart 2/20, f = -176.34932560747583
Optimization restart 3/20, f = -155.41221396629143
Optimization restart 4/20, f = -154.68911857794455
Optimization restart 5/20, f = -176.52866182789995
Optimization restart 6/20, f = -154.5210116445505
Optimization restart 7/20, f = -155.149413049549
Optimization restart 8/20, f = -175.8798907243546
Optimization restart 9/20, f = -155.5624409082684
Optimization restart 10/20, f = -155.15627616858643
Optimization restart 11/20, f = -154.90414256666915
Optimization restart 12/20, f = -154.37240100506955
Optimization restart 13/20, f = -154.29941707252354
Optimization restart 14/20, f = -175.46496550038077
Optimization restart 15/20, f = -176.4516389048124
Optimization restart 16/20, f = -154.4276612636489
Optimization restart 17/20, f = -154.2687019142618
Optimization restart 18/20, f = -154.2340230345319
Optimization restart 19/20, f = -155.12413868466965
Optimization restart 20/20, f = -124.82613819229144
pypal at iteration 21.         6 Pareto optimal points,         2329 discarded points,         790 unclassified points.
Hypervolume 1334.7529191169886
pypal at iteration 22.         6 Pareto optimal points,         2338 discarded points,         781 unclassified points.
Hypervolume 1334.7529191169886
pypal at iteration 23.         6 Pareto optimal points,         2348 discarded points,         771 unclassified points.
Hypervolume 1334.7529191169886
pypal at iteration 24.         6 Pareto optimal points,         2352 discarded points,         767 unclassified points.
Hypervolume 1334.7529191169886
pypal at iteration 25.         6 Pareto optimal points,         2362 discarded points,         757 unclassified points.
Hypervolume 1334.7529191169886
pypal at iteration 26.         8 Pareto optimal points,         2372 discarded points,         745 unclassified points.
Hypervolume 1355.5256746906002
pypal at iteration 27.         8 Pareto optimal points,         2379 discarded points,         738 unclassified points.
Hypervolume 1355.5256746906002
pypal at iteration 28.         9 Pareto optimal points,         2386 discarded points,         730 unclassified points.
Hypervolume 1355.5256746906002
pypal at iteration 29.         9 Pareto optimal points,         2389 discarded points,         727 unclassified points.
Hypervolume 1355.5256746906002
pypal at iteration 30.         9 Pareto optimal points,         2437 discarded points,         679 unclassified points.
Hypervolume 1355.5256746906002
Optimization restart 1/20, f = -252.9886426990423
Optimization restart 2/20, f = -253.27352357587705
Optimization restart 3/20, f = -220.92403920399704
Optimization restart 4/20, f = -219.2415437337848
Optimization restart 5/20, f = -220.80480551612277
Optimization restart 6/20, f = -217.7591870310626
Optimization restart 7/20, f = -220.9332050114209
Optimization restart 8/20, f = -220.78095280970103
Optimization restart 9/20, f = -137.1252327423149
Optimization restart 10/20, f = -153.1693863745249
Optimization restart 11/20, f = -220.01200333421346
Optimization restart 12/20, f = -220.94300273908425
Optimization restart 13/20, f = -221.06427586233332
Optimization restart 14/20, f = -221.05537565669832
Optimization restart 15/20, f = -249.59980349379325
Optimization restart 16/20, f = -220.9719348737288
Optimization restart 17/20, f = -221.00701324115784
Optimization restart 18/20, f = -220.73893874049514
Optimization restart 19/20, f = -221.1612342279667
Optimization restart 20/20, f = -220.998401821064
pypal at iteration 31.         10 Pareto optimal points,         2594 discarded points,         521 unclassified points.
Hypervolume 1355.9168247689806
pypal at iteration 32.         10 Pareto optimal points,         2603 discarded points,         512 unclassified points.
Hypervolume 1355.9168247689806
pypal at iteration 33.         11 Pareto optimal points,         2607 discarded points,         507 unclassified points.
Hypervolume 1360.8171075859605
pypal at iteration 34.         11 Pareto optimal points,         2699 discarded points,         415 unclassified points.
Hypervolume 1360.8171075859605
pypal at iteration 35.         12 Pareto optimal points,         2699 discarded points,         414 unclassified points.
Hypervolume 1361.4277651045709
pypal at iteration 36.         13 Pareto optimal points,         2719 discarded points,         393 unclassified points.
Hypervolume 1361.8882654910249
pypal at iteration 37.         13 Pareto optimal points,         2719 discarded points,         393 unclassified points.
Hypervolume 1361.8882654910249
pypal at iteration 38.         13 Pareto optimal points,         2721 discarded points,         391 unclassified points.
Hypervolume 1361.8882654910249
pypal at iteration 39.         13 Pareto optimal points,         2721 discarded points,         391 unclassified points.
Hypervolume 1361.8882654910249
pypal at iteration 40.         13 Pareto optimal points,         2723 discarded points,         389 unclassified points.
Hypervolume 1361.8882654910249
Optimization restart 1/20, f = -309.56731834079665
Optimization restart 2/20, f = -276.93529782651217
Optimization restart 3/20, f = -155.62827285817906
Optimization restart 4/20, f = -276.50768852072997
Optimization restart 5/20, f = -277.03311381688565
Optimization restart 6/20, f = -276.2625870720538
Optimization restart 7/20, f = -274.1367510929416
Optimization restart 8/20, f = -276.88922524358134
Optimization restart 9/20, f = -309.333634678489
Optimization restart 10/20, f = -276.96718979992465
Optimization restart 11/20, f = -273.3048575522128
Optimization restart 12/20, f = -276.7596186855028
Optimization restart 13/20, f = -274.3860067280244
Optimization restart 14/20, f = -274.25411579555134
Optimization restart 15/20, f = -276.9826280560651
Optimization restart 16/20, f = -273.87940136813285
Optimization restart 17/20, f = -274.37857158341046
Optimization restart 18/20, f = -164.4173884852337
Optimization restart 19/20, f = -310.25016101277413
Optimization restart 20/20, f = -247.46103959353664
pypal at iteration 41.         15 Pareto optimal points,         2733 discarded points,         377 unclassified points.
Hypervolume 1365.2089944462143
pypal at iteration 42.         15 Pareto optimal points,         2742 discarded points,         368 unclassified points.
Hypervolume 1365.2089944462143
pypal at iteration 43.         15 Pareto optimal points,         2780 discarded points,         330 unclassified points.
Hypervolume 1365.2089944462143
pypal at iteration 44.         15 Pareto optimal points,         2789 discarded points,         321 unclassified points.
Hypervolume 1365.2089944462143
pypal at iteration 45.         15 Pareto optimal points,         2806 discarded points,         304 unclassified points.
Hypervolume 1365.2089944462143
pypal at iteration 46.         15 Pareto optimal points,         2808 discarded points,         302 unclassified points.
Hypervolume 1365.2089944462143
pypal at iteration 47.         16 Pareto optimal points,         2822 discarded points,         287 unclassified points.
Hypervolume 1422.9122222187602
pypal at iteration 48.         17 Pareto optimal points,         2824 discarded points,         284 unclassified points.
Hypervolume 1429.122723604718
pypal at iteration 49.         17 Pareto optimal points,         2826 discarded points,         282 unclassified points.
Hypervolume 1429.122723604718
pypal at iteration 50.         17 Pareto optimal points,         2836 discarded points,         272 unclassified points.
Hypervolume 1429.122723604718
Optimization restart 1/20, f = -366.75298867741617
Optimization restart 2/20, f = -364.831343726077
Optimization restart 3/20, f = -366.4817553620843
Optimization restart 4/20, f = -356.8228255399601
Optimization restart 5/20, f = -365.5553501345188
Optimization restart 6/20, f = -365.60356287264636
Optimization restart 7/20, f = -366.31164827667544
Optimization restart 8/20, f = -361.7414750513243
Optimization restart 9/20, f = -367.3531559279103
Optimization restart 10/20, f = -366.1498746283926
Optimization restart 11/20, f = -366.40552186652945
Optimization restart 12/20, f = -280.5178777224692
Optimization restart 13/20, f = -366.10449722292054
Optimization restart 14/20, f = -366.2264141757667
Optimization restart 15/20, f = -367.34230193093754
Optimization restart 16/20, f = -365.49840338815494
Optimization restart 17/20, f = -363.22746850764486
Optimization restart 18/20, f = -366.2192532837727
Optimization restart 19/20, f = -365.42545135333694
Optimization restart 20/20, f = -362.8506054448875
pypal at iteration 51.         17 Pareto optimal points,         2849 discarded points,         259 unclassified points.
Hypervolume 1429.122723604718
pypal at iteration 52.         17 Pareto optimal points,         2850 discarded points,         258 unclassified points.
Hypervolume 1429.122723604718
pypal at iteration 53.         17 Pareto optimal points,         2851 discarded points,         257 unclassified points.
Hypervolume 1429.122723604718
pypal at iteration 54.         17 Pareto optimal points,         2855 discarded points,         253 unclassified points.
Hypervolume 1429.122723604718
pypal at iteration 55.         17 Pareto optimal points,         2856 discarded points,         252 unclassified points.
Hypervolume 1429.122723604718
pypal at iteration 56.         17 Pareto optimal points,         2859 discarded points,         249 unclassified points.
Hypervolume 1429.122723604718
pypal at iteration 57.         17 Pareto optimal points,         2860 discarded points,         248 unclassified points.
Hypervolume 1429.122723604718
pypal at iteration 58.         17 Pareto optimal points,         2861 discarded points,         247 unclassified points.
Hypervolume 1429.122723604718
pypal at iteration 59.         18 Pareto optimal points,         2863 discarded points,         244 unclassified points.
Hypervolume 1431.2384567076697
pypal at iteration 60.         19 Pareto optimal points,         2864 discarded points,         242 unclassified points.
Hypervolume 1432.556595642399
Optimization restart 1/20, f = -432.3675001563933
Optimization restart 2/20, f = -428.04146846350386
Optimization restart 3/20, f = -431.33038486145045
Optimization restart 4/20, f = -430.21181049523966
Optimization restart 5/20, f = -388.69891764126396
Optimization restart 6/20, f = -423.7729885717781
Optimization restart 7/20, f = -429.94493056578153
Optimization restart 8/20, f = -429.929252151007
Optimization restart 9/20, f = -335.1194808988298
Optimization restart 10/20, f = -430.2920465800147
Optimization restart 11/20, f = -430.47679475302766
Optimization restart 12/20, f = -429.93600564669356
Optimization restart 13/20, f = -430.7118881770909
Optimization restart 14/20, f = -429.6137306589653
Optimization restart 15/20, f = -215.1898974255305
Optimization restart 16/20, f = -430.53213448995086
Optimization restart 17/20, f = -202.4176183390608
Optimization restart 18/20, f = -430.8019997732472
Optimization restart 19/20, f = -419.85844553801076
Optimization restart 20/20, f = -421.41298909918453
pypal at iteration 61.         20 Pareto optimal points,         2864 discarded points,         241 unclassified points.
Hypervolume 1432.5864811047938
pypal at iteration 62.         21 Pareto optimal points,         2864 discarded points,         240 unclassified points.
Hypervolume 1434.7869502566807
pypal at iteration 63.         21 Pareto optimal points,         2865 discarded points,         239 unclassified points.
Hypervolume 1434.7869502566807
pypal at iteration 64.         22 Pareto optimal points,         2866 discarded points,         237 unclassified points.
Hypervolume 1434.86927574844
pypal at iteration 65.         23 Pareto optimal points,         2878 discarded points,         224 unclassified points.
Hypervolume 1442.1958830155306
pypal at iteration 66.         23 Pareto optimal points,         2879 discarded points,         223 unclassified points.
Hypervolume 1442.1958830155306
pypal at iteration 67.         23 Pareto optimal points,         2880 discarded points,         222 unclassified points.
Hypervolume 1442.1958830155306
pypal at iteration 68.         24 Pareto optimal points,         2916 discarded points,         185 unclassified points.
Hypervolume 1447.957295241975
pypal at iteration 69.         24 Pareto optimal points,         2917 discarded points,         184 unclassified points.
Hypervolume 1447.957295241975
pypal at iteration 70.         24 Pareto optimal points,         2918 discarded points,         183 unclassified points.
Hypervolume 1447.957295241975
Optimization restart 1/20, f = -484.4731375201284
Optimization restart 2/20, f = -482.4547947142687
Optimization restart 3/20, f = -472.49956494072035
Optimization restart 4/20, f = -482.6427809529856
Optimization restart 5/20, f = -482.65844035586565
Optimization restart 6/20, f = -482.9334016189696
Optimization restart 7/20, f = -481.8804627279245
Optimization restart 8/20, f = -475.6831427674032
Optimization restart 9/20, f = -476.64743029857385
Optimization restart 10/20, f = -479.10844052299376
Optimization restart 11/20, f = -483.30678372494964
Optimization restart 12/20, f = -475.63825832409094
Optimization restart 13/20, f = -482.97369011603996
Optimization restart 14/20, f = -482.6565354843881
Optimization restart 15/20, f = -482.4459594987719
Optimization restart 16/20, f = -481.5654554204276
Optimization restart 17/20, f = -483.06151811355215
Optimization restart 18/20, f = -481.07078720826956
Optimization restart 19/20, f = -483.7560520487199
Optimization restart 20/20, f = -483.92157030430013
pypal at iteration 71.         24 Pareto optimal points,         2919 discarded points,         182 unclassified points.
Hypervolume 1447.957295241975
pypal at iteration 72.         24 Pareto optimal points,         2920 discarded points,         181 unclassified points.
Hypervolume 1447.957295241975
pypal at iteration 73.         25 Pareto optimal points,         2924 discarded points,         176 unclassified points.
Hypervolume 1467.9521238311909
pypal at iteration 74.         25 Pareto optimal points,         2926 discarded points,         174 unclassified points.
Hypervolume 1467.9521238311909
pypal at iteration 75.         25 Pareto optimal points,         2927 discarded points,         173 unclassified points.
Hypervolume 1467.9521238311909
pypal at iteration 76.         25 Pareto optimal points,         2929 discarded points,         171 unclassified points.
Hypervolume 1467.9521238311909
pypal at iteration 77.         26 Pareto optimal points,         2929 discarded points,         170 unclassified points.
Hypervolume 1468.7124548685151
pypal at iteration 78.         26 Pareto optimal points,         2931 discarded points,         168 unclassified points.
Hypervolume 1468.7124548685151
pypal at iteration 79.         26 Pareto optimal points,         2932 discarded points,         167 unclassified points.
Hypervolume 1468.7124548685151
pypal at iteration 80.         26 Pareto optimal points,         2933 discarded points,         166 unclassified points.
Hypervolume 1468.7124548685151
Optimization restart 1/20, f = -535.8218929474449
Optimization restart 2/20, f = -403.2012831627246
Optimization restart 3/20, f = -525.5759740203605
Optimization restart 4/20, f = -534.2258967666908
Optimization restart 5/20, f = -534.891269017882
Optimization restart 6/20, f = -534.5456287069652
Optimization restart 7/20, f = -532.6419035259796
Optimization restart 8/20, f = -532.3521641770113
Optimization restart 9/20, f = -528.7153040093508
Optimization restart 10/20, f = -534.4775191011515
Optimization restart 11/20, f = -520.5155207161963
Optimization restart 12/20, f = -533.2147082904103
Optimization restart 13/20, f = -530.0139266312074
Optimization restart 14/20, f = -534.7825395139195
Optimization restart 15/20, f = -537.1292433351778
Optimization restart 16/20, f = -422.5027487887892
Optimization restart 17/20, f = -533.7305423819519
Optimization restart 18/20, f = -534.2515762105502
Optimization restart 19/20, f = -534.0771996563528
Optimization restart 20/20, f = -426.86551330953506
pypal at iteration 81.         26 Pareto optimal points,         2934 discarded points,         165 unclassified points.
Hypervolume 1468.7124548685151
pypal at iteration 82.         26 Pareto optimal points,         2935 discarded points,         164 unclassified points.
Hypervolume 1468.7124548685151
pypal at iteration 83.         27 Pareto optimal points,         2949 discarded points,         149 unclassified points.
Hypervolume 1475.7355238652058
pypal at iteration 84.         29 Pareto optimal points,         2949 discarded points,         147 unclassified points.
Hypervolume 1475.9730421921242
pypal at iteration 85.         29 Pareto optimal points,         2949 discarded points,         147 unclassified points.
Hypervolume 1475.9730421921242
pypal at iteration 86.         29 Pareto optimal points,         2949 discarded points,         147 unclassified points.
Hypervolume 1475.9730421921242
pypal at iteration 87.         29 Pareto optimal points,         2950 discarded points,         146 unclassified points.
Hypervolume 1475.9730421921242
pypal at iteration 88.         29 Pareto optimal points,         2951 discarded points,         145 unclassified points.
Hypervolume 1475.9730421921242
pypal at iteration 89.         30 Pareto optimal points,         2953 discarded points,         142 unclassified points.
Hypervolume 1478.8650444297439
pypal at iteration 90.         30 Pareto optimal points,         2955 discarded points,         140 unclassified points.
Hypervolume 1478.8650444297439
Optimization restart 1/20, f = -588.5180422604778
Optimization restart 2/20, f = -586.6452739967953
Optimization restart 3/20, f = -577.1733334810978
Optimization restart 4/20, f = -574.1992695942882
Optimization restart 5/20, f = -587.3942242079801
Optimization restart 6/20, f = -586.43686649527
Optimization restart 7/20, f = -584.3772850844971
Optimization restart 8/20, f = -584.7929331101399
Optimization restart 9/20, f = -575.5457129251727
Optimization restart 10/20, f = -582.1344940536223
Optimization restart 11/20, f = -575.3859408166966
Optimization restart 12/20, f = -568.8634618410381
Optimization restart 13/20, f = -584.9759652950083
Optimization restart 14/20, f = -586.9155876281666
Optimization restart 15/20, f = -585.9173208995772
Optimization restart 16/20, f = -586.9284149082597
Optimization restart 17/20, f = -585.971304018474
Optimization restart 18/20, f = -584.1271885061166
Optimization restart 19/20, f = -565.6117874372902
Optimization restart 20/20, f = -586.3461368034181
pypal at iteration 91.         31 Pareto optimal points,         2956 discarded points,         138 unclassified points.
Hypervolume 1478.8650444297436
pypal at iteration 92.         31 Pareto optimal points,         2957 discarded points,         137 unclassified points.
Hypervolume 1478.8650444297436
pypal at iteration 93.         34 Pareto optimal points,         2958 discarded points,         133 unclassified points.
Hypervolume 1478.8650444297436
pypal at iteration 94.         34 Pareto optimal points,         2959 discarded points,         132 unclassified points.
Hypervolume 1478.8650444297436
pypal at iteration 95.         34 Pareto optimal points,         2960 discarded points,         131 unclassified points.
Hypervolume 1478.8650444297436
pypal at iteration 96.         34 Pareto optimal points,         2961 discarded points,         130 unclassified points.
Hypervolume 1478.8650444297436
pypal at iteration 97.         35 Pareto optimal points,         2964 discarded points,         126 unclassified points.
Hypervolume 1481.056904911332
pypal at iteration 98.         35 Pareto optimal points,         2964 discarded points,         126 unclassified points.
Hypervolume 1481.056904911332
pypal at iteration 99.         35 Pareto optimal points,         2965 discarded points,         125 unclassified points.
Hypervolume 1481.056904911332
pypal at iteration 100.         35 Pareto optimal points,         2968 discarded points,         122 unclassified points.
Hypervolume 1481.056904911332
Optimization restart 1/20, f = -644.0751414012784
Optimization restart 2/20, f = -641.6884715524541
Optimization restart 3/20, f = -499.8392187380246
Optimization restart 4/20, f = -635.4526736339342
Optimization restart 5/20, f = -631.0609844579601
Optimization restart 6/20, f = -643.3432831667916
Optimization restart 7/20, f = -641.8287591457129
Optimization restart 8/20, f = -640.6720210031559
Optimization restart 9/20, f = -641.873542679606
Optimization restart 10/20, f = -634.0527236413571
Optimization restart 11/20, f = -633.8803164262113
Optimization restart 12/20, f = -628.7640752815159
Optimization restart 13/20, f = -644.1120231610023
Optimization restart 14/20, f = -644.0731670158672
Optimization restart 15/20, f = -642.3413800929686
Optimization restart 16/20, f = -642.0722917923636
Optimization restart 17/20, f = -638.3320731738334
Optimization restart 18/20, f = -642.0155465178553
Optimization restart 19/20, f = -508.8802704869461
Optimization restart 20/20, f = -642.3768725351297
pypal at iteration 101.         35 Pareto optimal points,         2968 discarded points,         122 unclassified points.
Hypervolume 1481.056904911332
pypal at iteration 102.         35 Pareto optimal points,         2969 discarded points,         121 unclassified points.
Hypervolume 1481.056904911332
pypal at iteration 103.         36 Pareto optimal points,         2971 discarded points,         118 unclassified points.
Hypervolume 1487.4319767761563
pypal at iteration 104.         36 Pareto optimal points,         2972 discarded points,         117 unclassified points.
Hypervolume 1487.4319767761563
pypal at iteration 105.         36 Pareto optimal points,         2972 discarded points,         117 unclassified points.
Hypervolume 1487.4319767761563
pypal at iteration 106.         36 Pareto optimal points,         2973 discarded points,         116 unclassified points.
Hypervolume 1487.4319767761563
pypal at iteration 107.         36 Pareto optimal points,         2973 discarded points,         116 unclassified points.
Hypervolume 1487.4319767761563
pypal at iteration 108.         36 Pareto optimal points,         2974 discarded points,         115 unclassified points.
Hypervolume 1487.4319767761563
pypal at iteration 109.         36 Pareto optimal points,         2974 discarded points,         115 unclassified points.
Hypervolume 1487.4319767761563
pypal at iteration 110.         36 Pareto optimal points,         2974 discarded points,         115 unclassified points.
Hypervolume 1487.4319767761563
Optimization restart 1/20, f = -689.2090414184149
Optimization restart 2/20, f = -686.0366947722991
Optimization restart 3/20, f = -681.7457159312607
Optimization restart 4/20, f = -681.0935657644654
Optimization restart 5/20, f = -685.2202035088253
Optimization restart 6/20, f = -684.6461073846145
Optimization restart 7/20, f = -681.0985898149621
Optimization restart 8/20, f = -682.9330964670567
Optimization restart 9/20, f = -687.1651386421788
Optimization restart 10/20, f = -686.2730831475329
Optimization restart 11/20, f = -686.0507866414505
Optimization restart 12/20, f = -685.3358014637645
Optimization restart 13/20, f = -687.2245911430854
Optimization restart 14/20, f = -687.0583178452694
Optimization restart 15/20, f = -682.2196624607857
Optimization restart 16/20, f = -453.9622120922225
Optimization restart 17/20, f = -676.0827562435792
Optimization restart 18/20, f = -688.4242198965477
Optimization restart 19/20, f = -681.9300176825328
Optimization restart 20/20, f = -662.3321429822146
pypal at iteration 111.         36 Pareto optimal points,         2975 discarded points,         114 unclassified points.
Hypervolume 1487.4319767761563
pypal at iteration 112.         37 Pareto optimal points,         2996 discarded points,         92 unclassified points.
Hypervolume 1487.5633852878375
pypal at iteration 113.         37 Pareto optimal points,         2997 discarded points,         91 unclassified points.
Hypervolume 1487.5633852878375
pypal at iteration 114.         38 Pareto optimal points,         3016 discarded points,         71 unclassified points.
Hypervolume 1491.116179409937
pypal at iteration 115.         38 Pareto optimal points,         3017 discarded points,         70 unclassified points.
Hypervolume 1491.116179409937
pypal at iteration 116.         38 Pareto optimal points,         3017 discarded points,         70 unclassified points.
Hypervolume 1491.116179409937
pypal at iteration 117.         38 Pareto optimal points,         3018 discarded points,         69 unclassified points.
Hypervolume 1491.116179409937
pypal at iteration 118.         38 Pareto optimal points,         3022 discarded points,         65 unclassified points.
Hypervolume 1491.116179409937
pypal at iteration 119.         38 Pareto optimal points,         3023 discarded points,         64 unclassified points.
Hypervolume 1491.116179409937
pypal at iteration 120.         39 Pareto optimal points,         3031 discarded points,         55 unclassified points.
Hypervolume 1492.339129891249
Optimization restart 1/20, f = -739.547583248936
Optimization restart 2/20, f = -727.9631285746368
Optimization restart 3/20, f = -732.2913126640236
Optimization restart 4/20, f = -736.2334518471775
Optimization restart 5/20, f = -735.5034198248485
Optimization restart 6/20, f = -734.3132671469281
Optimization restart 7/20, f = -738.6986224665627
Optimization restart 8/20, f = -736.4693870067637
Optimization restart 9/20, f = -725.9006867850891
Optimization restart 10/20, f = -736.8959690459434
Optimization restart 11/20, f = -730.4139173673168
Optimization restart 12/20, f = -722.0539865616618
Optimization restart 13/20, f = -555.8550616801887
Optimization restart 14/20, f = -735.9565098658447
Optimization restart 15/20, f = -736.2637327178516
Optimization restart 16/20, f = -586.59040156969
Optimization restart 17/20, f = -737.2342924358742
Optimization restart 18/20, f = -731.8422896271032
Optimization restart 19/20, f = -735.4581608877534
Optimization restart 20/20, f = -735.1578414058373
pypal at iteration 121.         39 Pareto optimal points,         3032 discarded points,         54 unclassified points.
Hypervolume 1492.339129891249
pypal at iteration 122.         43 Pareto optimal points,         3032 discarded points,         50 unclassified points.
Hypervolume 1492.36607385863
pypal at iteration 123.         43 Pareto optimal points,         3032 discarded points,         50 unclassified points.
Hypervolume 1492.36607385863
pypal at iteration 124.         43 Pareto optimal points,         3033 discarded points,         49 unclassified points.
Hypervolume 1492.36607385863
pypal at iteration 125.         43 Pareto optimal points,         3034 discarded points,         48 unclassified points.
Hypervolume 1492.36607385863
pypal at iteration 126.         43 Pareto optimal points,         3035 discarded points,         47 unclassified points.
Hypervolume 1492.36607385863
pypal at iteration 127.         43 Pareto optimal points,         3036 discarded points,         46 unclassified points.
Hypervolume 1492.36607385863
pypal at iteration 128.         43 Pareto optimal points,         3037 discarded points,         45 unclassified points.
Hypervolume 1492.36607385863
pypal at iteration 129.         43 Pareto optimal points,         3038 discarded points,         44 unclassified points.
Hypervolume 1492.36607385863
pypal at iteration 130.         43 Pareto optimal points,         3040 discarded points,         42 unclassified points.
Hypervolume 1492.36607385863
Optimization restart 1/20, f = -794.8465545848032
Optimization restart 2/20, f = -790.2762116490773
Optimization restart 3/20, f = -784.136659721705
Optimization restart 4/20, f = -790.8950064515195
Optimization restart 5/20, f = -635.9054691785785
Optimization restart 6/20, f = -791.7631016858667
Optimization restart 7/20, f = -791.7958618579063
Optimization restart 8/20, f = -791.8512093660722
Optimization restart 9/20, f = -779.0882396696791
Optimization restart 10/20, f = -782.4977543441282
Optimization restart 11/20, f = -783.3123820381347
Optimization restart 12/20, f = -791.855296427599
Optimization restart 13/20, f = -785.5457957734386
Optimization restart 14/20, f = -791.266844144404
Optimization restart 15/20, f = -786.8744115772965
Optimization restart 16/20, f = -789.5840597894966
Optimization restart 17/20, f = -792.0297458225091
Optimization restart 18/20, f = -791.1918798279248
Optimization restart 19/20, f = -793.470343514624
Optimization restart 20/20, f = -633.9631245053711
pypal at iteration 131.         43 Pareto optimal points,         3041 discarded points,         41 unclassified points.
Hypervolume 1492.36607385863
pypal at iteration 132.         43 Pareto optimal points,         3042 discarded points,         40 unclassified points.
Hypervolume 1492.36607385863
pypal at iteration 133.         43 Pareto optimal points,         3043 discarded points,         39 unclassified points.
Hypervolume 1492.36607385863
pypal at iteration 134.         43 Pareto optimal points,         3044 discarded points,         38 unclassified points.
Hypervolume 1492.36607385863
pypal at iteration 135.         43 Pareto optimal points,         3045 discarded points,         37 unclassified points.
Hypervolume 1492.36607385863
pypal at iteration 136.         43 Pareto optimal points,         3046 discarded points,         36 unclassified points.
Hypervolume 1492.36607385863
pypal at iteration 137.         43 Pareto optimal points,         3047 discarded points,         35 unclassified points.
Hypervolume 1492.36607385863
pypal at iteration 138.         43 Pareto optimal points,         3048 discarded points,         34 unclassified points.
Hypervolume 1492.36607385863
pypal at iteration 139.         43 Pareto optimal points,         3049 discarded points,         33 unclassified points.
Hypervolume 1492.36607385863
pypal at iteration 140.         43 Pareto optimal points,         3050 discarded points,         32 unclassified points.
Hypervolume 1492.36607385863
Optimization restart 1/20, f = -848.0372986144077
Optimization restart 2/20, f = -843.4535619496154
Optimization restart 3/20, f = -839.4899231377883
Optimization restart 4/20, f = -846.0186693677647
Optimization restart 5/20, f = -837.7119951631472
Optimization restart 6/20, f = -846.2006184598389
Optimization restart 7/20, f = -833.9402246550966
Optimization restart 8/20, f = -845.5994355629255
Optimization restart 9/20, f = -795.6199442517474
Optimization restart 10/20, f = -836.0731360137177
Optimization restart 11/20, f = -838.981799292364
Optimization restart 12/20, f = -839.4767015420166
Optimization restart 13/20, f = -839.4450295689426
Optimization restart 14/20, f = -843.9947125801489
Optimization restart 15/20, f = -845.740950769282
Optimization restart 16/20, f = -843.0362361834466
Optimization restart 17/20, f = -845.2093942450387
Optimization restart 18/20, f = -839.9078006368965
Optimization restart 19/20, f = -399.9503122059824
Optimization restart 20/20, f = -841.221324187665
pypal at iteration 141.         43 Pareto optimal points,         3051 discarded points,         31 unclassified points.
Hypervolume 1492.36607385863
pypal at iteration 142.         43 Pareto optimal points,         3052 discarded points,         30 unclassified points.
Hypervolume 1492.36607385863
pypal at iteration 143.         43 Pareto optimal points,         3053 discarded points,         29 unclassified points.
Hypervolume 1492.36607385863
pypal at iteration 144.         44 Pareto optimal points,         3053 discarded points,         28 unclassified points.
Hypervolume 1493.059749611383
pypal at iteration 145.         44 Pareto optimal points,         3054 discarded points,         27 unclassified points.
Hypervolume 1493.059749611383
pypal at iteration 146.         44 Pareto optimal points,         3055 discarded points,         26 unclassified points.
Hypervolume 1493.059749611383
pypal at iteration 147.         44 Pareto optimal points,         3056 discarded points,         25 unclassified points.
Hypervolume 1493.059749611383
pypal at iteration 148.         45 Pareto optimal points,         3057 discarded points,         23 unclassified points.
Hypervolume 1493.1999457403506
pypal at iteration 149.         45 Pareto optimal points,         3058 discarded points,         22 unclassified points.
Hypervolume 1493.1999457403506
pypal at iteration 150.         45 Pareto optimal points,         3059 discarded points,         21 unclassified points.
Hypervolume 1493.1999457403506
Optimization restart 1/20, f = -893.9943613268957
Optimization restart 2/20, f = -887.1512763921793
Optimization restart 3/20, f = -887.0265456666722
Optimization restart 4/20, f = -887.1331259707649
Optimization restart 5/20, f = -859.2589295534285
Optimization restart 6/20, f = -885.3217124745622
Optimization restart 7/20, f = -888.9701900588557
Optimization restart 8/20, f = -891.2608877882327
Optimization restart 9/20, f = -886.6261282208759
Optimization restart 10/20, f = -890.0082008740549
Optimization restart 11/20, f = -891.0374980367753
Optimization restart 12/20, f = -890.9819199448502
Optimization restart 13/20, f = -890.3522414537942
Optimization restart 14/20, f = -887.2660980760586
Optimization restart 15/20, f = -887.4935326064425
Optimization restart 16/20, f = -891.3078431888928
Optimization restart 17/20, f = -891.7567085486357
Optimization restart 18/20, f = -889.6591835932948
Optimization restart 19/20, f = -891.5676979798036
Optimization restart 20/20, f = -885.5409617697095
pypal at iteration 151.         46 Pareto optimal points,         3059 discarded points,         20 unclassified points.
Hypervolume 1493.2319000041941
pypal at iteration 152.         46 Pareto optimal points,         3060 discarded points,         19 unclassified points.
Hypervolume 1493.2319000041941
pypal at iteration 153.         47 Pareto optimal points,         3060 discarded points,         18 unclassified points.
Hypervolume 1494.859893610179
pypal at iteration 154.         48 Pareto optimal points,         3068 discarded points,         9 unclassified points.
Hypervolume 1496.2676452301516
pypal at iteration 155.         48 Pareto optimal points,         3069 discarded points,         8 unclassified points.
Hypervolume 1496.2676452301516
pypal at iteration 156.         48 Pareto optimal points,         3070 discarded points,         7 unclassified points.
Hypervolume 1496.2676452301516
pypal at iteration 157.         48 Pareto optimal points,         3071 discarded points,         6 unclassified points.
Hypervolume 1496.2676452301516
pypal at iteration 158.         48 Pareto optimal points,         3072 discarded points,         5 unclassified points.
Hypervolume 1496.2676452301516
pypal at iteration 159.         48 Pareto optimal points,         3073 discarded points,         4 unclassified points.
Hypervolume 1496.2676452301516
pypal at iteration 160.         48 Pareto optimal points,         3074 discarded points,         3 unclassified points.
Hypervolume 1496.2676452301516
Optimization restart 1/20, f = -939.65295705218
Optimization restart 2/20, f = -933.0187266401774
Optimization restart 3/20, f = -936.9290849004909
Optimization restart 4/20, f = -929.7671759202913
Optimization restart 5/20, f = -937.747933032849
Optimization restart 6/20, f = -937.3192788542328
Optimization restart 7/20, f = -935.5819373540432
Optimization restart 8/20, f = -934.8421202524613
Optimization restart 9/20, f = -935.4191240836271
Optimization restart 10/20, f = -931.7736171688142
Optimization restart 11/20, f = -927.4307200648799
Optimization restart 12/20, f = -936.3193557502203
Optimization restart 13/20, f = -936.7104353797307
Optimization restart 14/20, f = -929.2681265426752
Optimization restart 15/20, f = -937.5432453025921
Optimization restart 16/20, f = -939.1584130395511
Optimization restart 17/20, f = -932.8544991375869
Optimization restart 18/20, f = -936.4575070100918
Optimization restart 19/20, f = -930.2278905371654
Optimization restart 20/20, f = -931.5153878857953
pypal at iteration 161.         48 Pareto optimal points,         3075 discarded points,         2 unclassified points.
Hypervolume 1496.2676452301516
pypal at iteration 162.         48 Pareto optimal points,         3075 discarded points,         2 unclassified points.
Hypervolume 1496.2676452301516
pypal at iteration 163.         48 Pareto optimal points,         3075 discarded points,         2 unclassified points.
Hypervolume 1496.2676452301516
pypal at iteration 164.         48 Pareto optimal points,         3076 discarded points,         1 unclassified points.
Hypervolume 1496.2676452301516
Done. No unclassified point left
pypal at iteration 164.         48 Pareto optimal points,         3077 discarded points,         0 unclassified points.
Hypervolume 1496.2676452301516
