 /home/kjablonk/anaconda3/envs/dispersant_screener/lib/python3.7/site-packages/sklearn/utils/deprecation.py:143: FutureWarning:The sklearn.preprocessing.data module is  deprecated in version 0.22 and will be removed in version 0.24. The corresponding classes / functions should instead be imported from sklearn.preprocessing. Anything that cannot be imported from sklearn.preprocessing is now part of the private API.
 /home/kjablonk/programs/pypal/pypal/pal/validate_inputs.py:146: UserWarning:No goals provided,                 will assume that every dimension should be maximized
 /home/kjablonk/anaconda3/envs/dispersant_screener/lib/python3.7/site-packages/GPy/kern/src/stationary.py:137: RuntimeWarning:overflow encountered in square
 /home/kjablonk/anaconda3/envs/dispersant_screener/lib/python3.7/site-packages/GPy/kern/src/stationary.py:138: RuntimeWarning:invalid value encountered in add
 /home/kjablonk/anaconda3/envs/dispersant_screener/lib/python3.7/site-packages/GPy/kern/src/stationary.py:565: RuntimeWarning:invalid value encountered in multiply
 /home/kjablonk/anaconda3/envs/dispersant_screener/lib/python3.7/site-packages/GPy/kern/src/stationary.py:568: RuntimeWarning:invalid value encountered in subtract
 /home/kjablonk/anaconda3/envs/dispersant_screener/lib/python3.7/site-packages/GPy/kern/src/stationary.py:166: RuntimeWarning:overflow encountered in true_divide
 /home/kjablonk/anaconda3/envs/dispersant_screener/lib/python3.7/site-packages/paramz/transformations.py:111: RuntimeWarning:overflow encountered in expm1
 /home/kjablonk/anaconda3/envs/dispersant_screener/lib/python3.7/site-packages/GPy/kern/src/stationary.py:243: RuntimeWarning:invalid value encountered in true_divide
 /home/kjablonk/anaconda3/envs/dispersant_screener/lib/python3.7/site-packages/GPy/kern/src/stationary.py:166: RuntimeWarning:overflow encountered in true_divide
 /home/kjablonk/anaconda3/envs/dispersant_screener/lib/python3.7/site-packages/GPy/kern/src/stationary.py:137: RuntimeWarning:overflow encountered in square
 /home/kjablonk/anaconda3/envs/dispersant_screener/lib/python3.7/site-packages/GPy/kern/src/stationary.py:138: RuntimeWarning:invalid value encountered in add
 /home/kjablonk/anaconda3/envs/dispersant_screener/lib/python3.7/site-packages/GPy/kern/src/stationary.py:565: RuntimeWarning:invalid value encountered in multiply
 /home/kjablonk/anaconda3/envs/dispersant_screener/lib/python3.7/site-packages/GPy/kern/src/stationary.py:568: RuntimeWarning:invalid value encountered in subtract
 /home/kjablonk/anaconda3/envs/dispersant_screener/lib/python3.7/site-packages/GPy/kern/src/stationary.py:138: RuntimeWarning:overflow encountered in multiply
 /home/kjablonk/anaconda3/envs/dispersant_screener/lib/python3.7/site-packages/GPy/kern/src/stationary.py:138: RuntimeWarning:overflow encountered in add
 /home/kjablonk/anaconda3/envs/dispersant_screener/lib/python3.7/site-packages/GPy/kern/src/stationary.py:565: RuntimeWarning:overflow encountered in multiply
 /home/kjablonk/anaconda3/envs/dispersant_screener/lib/python3.7/site-packages/GPy/kern/src/stationary.py:568: RuntimeWarning:overflow encountered in multiply
 /home/kjablonk/anaconda3/envs/dispersant_screener/lib/python3.7/site-packages/GPy/kern/src/stationary.py:568: RuntimeWarning:invalid value encountered in multiply
 /home/kjablonk/anaconda3/envs/dispersant_screener/lib/python3.7/site-packages/numpy/core/_asarray.py:136: VisibleDeprecationWarning:Creating an ndarray from ragged nested sequences (which is a list-or-tuple of lists-or-tuples-or ndarrays with different lengths or shapes) is deprecated. If you meant to do this, you must specify 'dtype=object' when creating the ndarray
Maximum hypervolume 1536.0438526567837
STARTING PAL
Optimization restart 1/20, f = -855.668367759926
Optimization restart 2/20, f = -858.3850493412847
Optimization restart 3/20, f = -855.8562068306203
Optimization restart 4/20, f = -854.7470477050608
Optimization restart 5/20, f = -852.355369888407
Optimization restart 6/20, f = -856.8750385398623
Optimization restart 7/20, f = -855.7583023961895
Optimization restart 8/20, f = -736.4739603940179
Optimization restart 9/20, f = -742.1500845839746
Optimization restart 10/20, f = -801.3047400324426
Optimization restart 11/20, f = -858.1332198148953
Optimization restart 12/20, f = -854.9914237748005
Optimization restart 13/20, f = -854.5645826192806
Optimization restart 14/20, f = -854.4167525409298
Optimization restart 15/20, f = -855.8253481073203
Optimization restart 16/20, f = -856.0833887325025
Optimization restart 17/20, f = -856.2647151825656
Optimization restart 18/20, f = -856.2568130781963
Optimization restart 19/20, f = -856.9839425713043
Optimization restart 20/20, f = -856.4906368196828
pypal at iteration 1.         14 Pareto optimal points,         1274 discarded points,         1837 unclassified points.
Hypervolume 935.3346110661593
pypal at iteration 2.         14 Pareto optimal points,         1521 discarded points,         1590 unclassified points.
Hypervolume 935.3346110661593
pypal at iteration 3.         36 Pareto optimal points,         1532 discarded points,         1557 unclassified points.
Hypervolume 1358.0452867021752
pypal at iteration 4.         135 Pareto optimal points,         1549 discarded points,         1441 unclassified points.
Hypervolume 1450.070556097381
pypal at iteration 5.         148 Pareto optimal points,         1549 discarded points,         1428 unclassified points.
Hypervolume 1490.0259369433516
pypal at iteration 6.         149 Pareto optimal points,         1549 discarded points,         1427 unclassified points.
Hypervolume 1490.0259369433516
pypal at iteration 7.         152 Pareto optimal points,         1549 discarded points,         1424 unclassified points.
Hypervolume 1490.0259369433518
pypal at iteration 8.         152 Pareto optimal points,         1549 discarded points,         1424 unclassified points.
Hypervolume 1490.0259369433518
pypal at iteration 9.         152 Pareto optimal points,         1549 discarded points,         1424 unclassified points.
Hypervolume 1490.0259369433518
pypal at iteration 10.         152 Pareto optimal points,         1549 discarded points,         1424 unclassified points.
Hypervolume 1490.0259369433518
Optimization restart 1/20, f = -992.0177653859112
Optimization restart 2/20, f = -990.5444926507398
Optimization restart 3/20, f = -991.2179333403387
Optimization restart 4/20, f = -990.6390917244989
Optimization restart 5/20, f = -957.0443213912533
Optimization restart 6/20, f = -989.3420996467742
Optimization restart 7/20, f = -989.0223024698723
Optimization restart 8/20, f = -989.2244642212147
Optimization restart 9/20, f = -979.852195150886
Optimization restart 10/20, f = -989.0109902155241
Optimization restart 11/20, f = -928.277180081667
Optimization restart 12/20, f = -991.0069229668795
Optimization restart 13/20, f = -937.6657234119267
Optimization restart 14/20, f = -977.3895829921581
Optimization restart 15/20, f = -769.4579309048579
Optimization restart 16/20, f = -992.3095584566619
Optimization restart 17/20, f = -878.0395012190329
Optimization restart 18/20, f = -991.1999267711744
Optimization restart 19/20, f = -988.8510157242129
Optimization restart 20/20, f = -990.8670140628593
pypal at iteration 11.         152 Pareto optimal points,         1588 discarded points,         1385 unclassified points.
Hypervolume 1490.0259369433518
pypal at iteration 12.         152 Pareto optimal points,         1605 discarded points,         1368 unclassified points.
Hypervolume 1490.0259369433518
pypal at iteration 13.         154 Pareto optimal points,         1606 discarded points,         1365 unclassified points.
Hypervolume 1491.0414279251868
pypal at iteration 14.         154 Pareto optimal points,         1607 discarded points,         1364 unclassified points.
Hypervolume 1491.0414279251868
pypal at iteration 15.         154 Pareto optimal points,         1608 discarded points,         1363 unclassified points.
Hypervolume 1491.0414279251868
pypal at iteration 16.         155 Pareto optimal points,         1608 discarded points,         1362 unclassified points.
Hypervolume 1491.0414279251868
pypal at iteration 17.         155 Pareto optimal points,         1608 discarded points,         1362 unclassified points.
Hypervolume 1491.0414279251868
pypal at iteration 18.         155 Pareto optimal points,         1609 discarded points,         1361 unclassified points.
Hypervolume 1491.0414279251868
pypal at iteration 19.         155 Pareto optimal points,         1610 discarded points,         1360 unclassified points.
Hypervolume 1491.0414279251868
pypal at iteration 20.         155 Pareto optimal points,         1611 discarded points,         1359 unclassified points.
Hypervolume 1491.0414279251868
Optimization restart 1/20, f = -1095.6569790799808
Optimization restart 2/20, f = -1091.6555410107278
Optimization restart 3/20, f = -1092.173313979185
Optimization restart 4/20, f = -1090.996362207843
Optimization restart 5/20, f = -1089.5903077184266
Optimization restart 6/20, f = -1050.0919438295552
Optimization restart 7/20, f = -1092.5553942608167
Optimization restart 8/20, f = -1091.7759844673187
Optimization restart 9/20, f = -1091.9473134750767
Optimization restart 10/20, f = -1091.199485490934
Optimization restart 11/20, f = -1091.3117310653633
Optimization restart 12/20, f = -1089.2674938402592
Optimization restart 13/20, f = -1092.878224308581
Optimization restart 14/20, f = -1090.9994422358313
Optimization restart 15/20, f = -1091.9645151396944
Optimization restart 16/20, f = -1085.84131083047
Optimization restart 17/20, f = -1092.1000333912154
Optimization restart 18/20, f = -1094.8142223858551
Optimization restart 19/20, f = -1093.7199990261286
Optimization restart 20/20, f = -1093.5200675313936
pypal at iteration 21.         160 Pareto optimal points,         1611 discarded points,         1354 unclassified points.
Hypervolume 1491.0414279251868
pypal at iteration 22.         160 Pareto optimal points,         1611 discarded points,         1354 unclassified points.
Hypervolume 1491.0414279251868
pypal at iteration 23.         164 Pareto optimal points,         1611 discarded points,         1350 unclassified points.
Hypervolume 1491.3445553269314
pypal at iteration 24.         166 Pareto optimal points,         1612 discarded points,         1347 unclassified points.
Hypervolume 1491.3445553269314
pypal at iteration 25.         166 Pareto optimal points,         1613 discarded points,         1346 unclassified points.
Hypervolume 1491.3445553269314
pypal at iteration 26.         166 Pareto optimal points,         1613 discarded points,         1346 unclassified points.
Hypervolume 1491.3445553269314
pypal at iteration 27.         166 Pareto optimal points,         1614 discarded points,         1345 unclassified points.
Hypervolume 1491.3445553269314
pypal at iteration 28.         166 Pareto optimal points,         1615 discarded points,         1344 unclassified points.
Hypervolume 1491.3445553269314
pypal at iteration 29.         166 Pareto optimal points,         1616 discarded points,         1343 unclassified points.
Hypervolume 1491.3445553269314
pypal at iteration 30.         167 Pareto optimal points,         1617 discarded points,         1341 unclassified points.
Hypervolume 1491.3445553269314
Optimization restart 1/20, f = -1213.5319853074247
Optimization restart 2/20, f = -1211.1884546525282
Optimization restart 3/20, f = -1205.9879124480308
Optimization restart 4/20, f = -1207.9116270529848
Optimization restart 5/20, f = -1206.9496538904018
Optimization restart 6/20, f = -1206.1426644792718
Optimization restart 7/20, f = -1207.3710158912202
Optimization restart 8/20, f = -1210.8226480045616
Optimization restart 9/20, f = -1208.3518848149188
Optimization restart 10/20, f = -1208.9072850576863
Optimization restart 11/20, f = -1207.7645579073524
Optimization restart 12/20, f = -1210.5028186164673
Optimization restart 13/20, f = -1209.853194336219
Optimization restart 14/20, f = -1206.1316520751393
Optimization restart 15/20, f = -1057.9589228003624
Optimization restart 16/20, f = -1206.8219963481447
Optimization restart 17/20, f = -1206.4840845514746
Optimization restart 18/20, f = -1205.8462699370825
Optimization restart 19/20, f = -997.5195692391551
Optimization restart 20/20, f = -1209.0143312300138
pypal at iteration 31.         168 Pareto optimal points,         1618 discarded points,         1339 unclassified points.
Hypervolume 1491.3445553269314
pypal at iteration 32.         168 Pareto optimal points,         1619 discarded points,         1338 unclassified points.
Hypervolume 1491.3445553269314
pypal at iteration 33.         168 Pareto optimal points,         1620 discarded points,         1337 unclassified points.
Hypervolume 1491.3445553269314
pypal at iteration 34.         168 Pareto optimal points,         1621 discarded points,         1336 unclassified points.
Hypervolume 1491.3445553269314
pypal at iteration 35.         168 Pareto optimal points,         1621 discarded points,         1336 unclassified points.
Hypervolume 1491.3445553269314
pypal at iteration 36.         168 Pareto optimal points,         1622 discarded points,         1335 unclassified points.
Hypervolume 1491.3445553269314
pypal at iteration 37.         168 Pareto optimal points,         1623 discarded points,         1334 unclassified points.
Hypervolume 1491.3445553269314
pypal at iteration 38.         168 Pareto optimal points,         1624 discarded points,         1333 unclassified points.
Hypervolume 1491.3445553269314
pypal at iteration 39.         168 Pareto optimal points,         1625 discarded points,         1332 unclassified points.
Hypervolume 1491.3445553269314
pypal at iteration 40.         171 Pareto optimal points,         1626 discarded points,         1328 unclassified points.
Hypervolume 1498.4648754597201
Optimization restart 1/20, f = -1318.5057500878975
Optimization restart 2/20, f = -1159.7153169139228
Optimization restart 3/20, f = -1314.5882008250042
Optimization restart 4/20, f = -1313.1512629117005
Optimization restart 5/20, f = -1312.1075396047381
Optimization restart 6/20, f = -1314.3559349037173
Optimization restart 7/20, f = -1310.1362120319213
Optimization restart 8/20, f = -1310.220795368056
Optimization restart 9/20, f = -1315.0736817048482
Optimization restart 10/20, f = -1315.9417526521484
Optimization restart 11/20, f = -1304.4333106249935
Optimization restart 12/20, f = -1315.4494183529232
Optimization restart 13/20, f = -1313.3315733311463
Optimization restart 14/20, f = -1305.0549162140746
Optimization restart 15/20, f = -1313.111981790473
Optimization restart 16/20, f = -1178.8036271066671
Optimization restart 17/20, f = -1314.9446530490816
Optimization restart 18/20, f = -1308.0164058114665
Optimization restart 19/20, f = -1274.683148180099
Optimization restart 20/20, f = -1314.0207844612942
pypal at iteration 41.         178 Pareto optimal points,         1627 discarded points,         1320 unclassified points.
Hypervolume 1500.3539349009404
pypal at iteration 42.         178 Pareto optimal points,         1628 discarded points,         1319 unclassified points.
Hypervolume 1500.3539349009404
pypal at iteration 43.         178 Pareto optimal points,         1629 discarded points,         1318 unclassified points.
Hypervolume 1500.3539349009404
pypal at iteration 44.         178 Pareto optimal points,         1630 discarded points,         1317 unclassified points.
Hypervolume 1500.3539349009404
pypal at iteration 45.         178 Pareto optimal points,         1631 discarded points,         1316 unclassified points.
Hypervolume 1500.3539349009404
pypal at iteration 46.         178 Pareto optimal points,         1632 discarded points,         1315 unclassified points.
Hypervolume 1500.3539349009404
pypal at iteration 47.         178 Pareto optimal points,         1633 discarded points,         1314 unclassified points.
Hypervolume 1500.3539349009404
pypal at iteration 48.         178 Pareto optimal points,         1634 discarded points,         1313 unclassified points.
Hypervolume 1500.3539349009404
pypal at iteration 49.         178 Pareto optimal points,         1635 discarded points,         1312 unclassified points.
Hypervolume 1500.3539349009404
pypal at iteration 50.         178 Pareto optimal points,         1636 discarded points,         1311 unclassified points.
Hypervolume 1500.3539349009404
Optimization restart 1/20, f = -1410.6017199550367
Optimization restart 2/20, f = -1405.6347776759374
Optimization restart 3/20, f = -1031.564255096163
Optimization restart 4/20, f = -1408.3846108652588
Optimization restart 5/20, f = -1407.385349622057
Optimization restart 6/20, f = -1407.0047795478115
Optimization restart 7/20, f = -1405.9129296336023
Optimization restart 8/20, f = -1406.0003503907756
Optimization restart 9/20, f = -1405.0495237461082
Optimization restart 10/20, f = -1406.6281560393832
Optimization restart 11/20, f = -1394.611177514686
Optimization restart 12/20, f = -1407.1631237546983
Optimization restart 13/20, f = -1404.9288378466867
Optimization restart 14/20, f = -1407.2485208279738
Optimization restart 15/20, f = -1407.4099233084444
Optimization restart 16/20, f = -1404.762735402297
Optimization restart 17/20, f = -1405.8771039903454
Optimization restart 18/20, f = -1406.291355866559
Optimization restart 19/20, f = -1407.1118497359714
Optimization restart 20/20, f = -1407.4122287803798
pypal at iteration 51.         178 Pareto optimal points,         1637 discarded points,         1310 unclassified points.
Hypervolume 1500.3539349009404
pypal at iteration 52.         178 Pareto optimal points,         1638 discarded points,         1309 unclassified points.
Hypervolume 1500.3539349009404
pypal at iteration 53.         178 Pareto optimal points,         1639 discarded points,         1308 unclassified points.
Hypervolume 1500.3539349009404
pypal at iteration 54.         178 Pareto optimal points,         1640 discarded points,         1307 unclassified points.
Hypervolume 1500.3539349009404
pypal at iteration 55.         178 Pareto optimal points,         1641 discarded points,         1306 unclassified points.
Hypervolume 1500.3539349009404
pypal at iteration 56.         178 Pareto optimal points,         1642 discarded points,         1305 unclassified points.
Hypervolume 1500.3539349009404
pypal at iteration 57.         178 Pareto optimal points,         1643 discarded points,         1304 unclassified points.
Hypervolume 1500.3539349009404
pypal at iteration 58.         178 Pareto optimal points,         1644 discarded points,         1303 unclassified points.
Hypervolume 1500.3539349009404
pypal at iteration 59.         178 Pareto optimal points,         1645 discarded points,         1302 unclassified points.
Hypervolume 1500.3539349009404
pypal at iteration 60.         179 Pareto optimal points,         1681 discarded points,         1265 unclassified points.
Hypervolume 1500.3539349009404
Optimization restart 1/20, f = -1489.9993420032476
Optimization restart 2/20, f = -1486.8641443087695
Optimization restart 3/20, f = -1484.6877826034734
Optimization restart 4/20, f = -1476.7544639411199
Optimization restart 5/20, f = -1482.6211953662787
Optimization restart 6/20, f = -1485.5494695813327
Optimization restart 7/20, f = -1486.2689948678722
Optimization restart 8/20, f = -1467.2058293258951
Optimization restart 9/20, f = -1482.91070902655
Optimization restart 10/20, f = -1486.5738876663959
Optimization restart 11/20, f = -1472.6690925105945
Optimization restart 12/20, f = -1485.0313622557824
Optimization restart 13/20, f = -1485.8318677221314
Optimization restart 14/20, f = -1484.2292293709556
Optimization restart 15/20, f = -1481.1945045271868
Optimization restart 16/20, f = -1484.9100058347822
Optimization restart 17/20, f = -1470.7844340798126
Optimization restart 18/20, f = -1444.4595641617457
Optimization restart 19/20, f = -1488.5246103519494
Optimization restart 20/20, f = -1487.3870018242037
pypal at iteration 61.         182 Pareto optimal points,         1683 discarded points,         1260 unclassified points.
Hypervolume 1500.3539349009404
pypal at iteration 62.         182 Pareto optimal points,         1684 discarded points,         1259 unclassified points.
Hypervolume 1500.3539349009404
pypal at iteration 63.         182 Pareto optimal points,         1685 discarded points,         1258 unclassified points.
Hypervolume 1500.3539349009404
pypal at iteration 64.         182 Pareto optimal points,         1685 discarded points,         1258 unclassified points.
Hypervolume 1500.3539349009404
pypal at iteration 65.         182 Pareto optimal points,         1686 discarded points,         1257 unclassified points.
Hypervolume 1500.3539349009404
pypal at iteration 66.         196 Pareto optimal points,         1686 discarded points,         1243 unclassified points.
Hypervolume 1500.8528085009966
pypal at iteration 67.         196 Pareto optimal points,         1687 discarded points,         1242 unclassified points.
Hypervolume 1500.8528085009966
pypal at iteration 68.         199 Pareto optimal points,         1688 discarded points,         1238 unclassified points.
Hypervolume 1500.8528085009966
pypal at iteration 69.         199 Pareto optimal points,         1689 discarded points,         1237 unclassified points.
Hypervolume 1500.8528085009966
pypal at iteration 70.         199 Pareto optimal points,         1690 discarded points,         1236 unclassified points.
Hypervolume 1500.8528085009966
Optimization restart 1/20, f = -1567.805881887868
Optimization restart 2/20, f = -1561.982819880215
Optimization restart 3/20, f = -1548.0271068362777
Optimization restart 4/20, f = -1540.3855698364796
Optimization restart 5/20, f = -1139.0654985563895
Optimization restart 6/20, f = -1561.9658504682652
Optimization restart 7/20, f = -1557.3902824630213
Optimization restart 8/20, f = -1562.2616256912102
Optimization restart 9/20, f = -1562.3316628530931
Optimization restart 10/20, f = -1557.1435650393048
Optimization restart 11/20, f = -1563.7308665764174
Optimization restart 12/20, f = -1562.6639710063141
Optimization restart 13/20, f = -1562.4069897352465
Optimization restart 14/20, f = -1516.0573509396536
Optimization restart 15/20, f = -1500.7366278139862
Optimization restart 16/20, f = -1557.2571382139058
Optimization restart 17/20, f = -1551.8085353908107
Optimization restart 18/20, f = -1562.75723235641
Optimization restart 19/20, f = -1562.2238788797745
Optimization restart 20/20, f = -1562.1418332712024
pypal at iteration 71.         200 Pareto optimal points,         1691 discarded points,         1234 unclassified points.
Hypervolume 1500.8528085009968
pypal at iteration 72.         200 Pareto optimal points,         1692 discarded points,         1233 unclassified points.
Hypervolume 1500.8528085009968
pypal at iteration 73.         200 Pareto optimal points,         1693 discarded points,         1232 unclassified points.
Hypervolume 1500.8528085009968
pypal at iteration 74.         200 Pareto optimal points,         1694 discarded points,         1231 unclassified points.
Hypervolume 1500.8528085009968
pypal at iteration 75.         200 Pareto optimal points,         1695 discarded points,         1230 unclassified points.
Hypervolume 1500.8528085009968
pypal at iteration 76.         200 Pareto optimal points,         1696 discarded points,         1229 unclassified points.
Hypervolume 1500.8528085009968
pypal at iteration 77.         200 Pareto optimal points,         1697 discarded points,         1228 unclassified points.
Hypervolume 1500.8528085009968
pypal at iteration 78.         200 Pareto optimal points,         1698 discarded points,         1227 unclassified points.
Hypervolume 1500.8528085009968
pypal at iteration 79.         200 Pareto optimal points,         1699 discarded points,         1226 unclassified points.
Hypervolume 1500.8528085009968
pypal at iteration 80.         200 Pareto optimal points,         1700 discarded points,         1225 unclassified points.
Hypervolume 1500.8528085009968
Optimization restart 1/20, f = -1643.4288553434508
Optimization restart 2/20, f = -1605.7047955293722
Optimization restart 3/20, f = -1633.9438673062136
Optimization restart 4/20, f = -1638.4821101436346
Optimization restart 5/20, f = -1639.8351223776322
Optimization restart 6/20, f = -1639.1491284911228
Optimization restart 7/20, f = -1636.5107791866856
Optimization restart 8/20, f = -1632.7138169921536
Optimization restart 9/20, f = -1637.7369098524691
Optimization restart 10/20, f = -1638.4813829120335
Optimization restart 11/20, f = -1633.734864739497
Optimization restart 12/20, f = -1639.5971509001743
Optimization restart 13/20, f = -1490.7949929530487
Optimization restart 14/20, f = -1637.581268322788
Optimization restart 15/20, f = -1639.4569441600315
Optimization restart 16/20, f = -1635.0110233155995
Optimization restart 17/20, f = -1633.888221863358
Optimization restart 18/20, f = -1639.736016212668
Optimization restart 19/20, f = -1639.6239276228123
Optimization restart 20/20, f = -1639.2299711503815
pypal at iteration 81.         200 Pareto optimal points,         1701 discarded points,         1224 unclassified points.
Hypervolume 1500.8528085009968
pypal at iteration 82.         200 Pareto optimal points,         1702 discarded points,         1223 unclassified points.
Hypervolume 1500.8528085009968
pypal at iteration 83.         200 Pareto optimal points,         1703 discarded points,         1222 unclassified points.
Hypervolume 1500.8528085009968
pypal at iteration 84.         200 Pareto optimal points,         1706 discarded points,         1219 unclassified points.
Hypervolume 1500.8528085009968
pypal at iteration 85.         200 Pareto optimal points,         1707 discarded points,         1218 unclassified points.
Hypervolume 1500.8528085009968
pypal at iteration 86.         200 Pareto optimal points,         1707 discarded points,         1218 unclassified points.
Hypervolume 1500.8528085009968
pypal at iteration 87.         201 Pareto optimal points,         1707 discarded points,         1217 unclassified points.
Hypervolume 1500.9642299725426
pypal at iteration 88.         209 Pareto optimal points,         1707 discarded points,         1209 unclassified points.
Hypervolume 1501.651282013704
pypal at iteration 89.         209 Pareto optimal points,         1708 discarded points,         1208 unclassified points.
Hypervolume 1501.651282013704
pypal at iteration 90.         209 Pareto optimal points,         1709 discarded points,         1207 unclassified points.
Hypervolume 1501.651282013704
Optimization restart 1/20, f = -1717.6586812195042
Optimization restart 2/20, f = -1713.8740847564704
Optimization restart 3/20, f = -1712.6857976733986
Optimization restart 4/20, f = -1711.0463441634047
Optimization restart 5/20, f = -1713.1018548828029
Optimization restart 6/20, f = -1706.3429892522508
Optimization restart 7/20, f = -1711.8307147791122
Optimization restart 8/20, f = -1705.4580763244787
Optimization restart 9/20, f = -1712.1438917222195
Optimization restart 10/20, f = -1711.6620425912936
Optimization restart 11/20, f = -1712.47207124019
Optimization restart 12/20, f = -1561.0385447062267
Optimization restart 13/20, f = -1706.475002710463
Optimization restart 14/20, f = -1710.444549882522
Optimization restart 15/20, f = -1707.9035843560314
Optimization restart 16/20, f = -1713.2301142572865
Optimization restart 17/20, f = -1710.0557767590662
Optimization restart 18/20, f = -1711.638620712979
Optimization restart 19/20, f = -1712.727806197986
Optimization restart 20/20, f = -1697.885977436575
pypal at iteration 91.         250 Pareto optimal points,         1709 discarded points,         1166 unclassified points.
Hypervolume 1505.275303654191
pypal at iteration 92.         250 Pareto optimal points,         1710 discarded points,         1165 unclassified points.
Hypervolume 1505.275303654191
pypal at iteration 93.         250 Pareto optimal points,         1711 discarded points,         1164 unclassified points.
Hypervolume 1505.275303654191
pypal at iteration 94.         250 Pareto optimal points,         1819 discarded points,         1056 unclassified points.
Hypervolume 1505.275303654191
pypal at iteration 95.         253 Pareto optimal points,         1827 discarded points,         1045 unclassified points.
Hypervolume 1505.275303654191
pypal at iteration 96.         255 Pareto optimal points,         1827 discarded points,         1043 unclassified points.
Hypervolume 1505.275303654191
pypal at iteration 97.         257 Pareto optimal points,         2186 discarded points,         682 unclassified points.
Hypervolume 1506.3300901007578
pypal at iteration 98.         281 Pareto optimal points,         2196 discarded points,         648 unclassified points.
Hypervolume 1506.3300901007576
pypal at iteration 99.         293 Pareto optimal points,         2196 discarded points,         636 unclassified points.
Hypervolume 1506.3300901007578
pypal at iteration 100.         295 Pareto optimal points,         2197 discarded points,         633 unclassified points.
Hypervolume 1506.3300901007578
Optimization restart 1/20, f = -1779.2311042809495
Optimization restart 2/20, f = -1772.0069817616775
Optimization restart 3/20, f = -1773.2871544177692
Optimization restart 4/20, f = -1764.609452891208
Optimization restart 5/20, f = -1767.9275145111737
Optimization restart 6/20, f = -1773.6589823120944
Optimization restart 7/20, f = -1775.016433778581
Optimization restart 8/20, f = -1770.9177891576203
Optimization restart 9/20, f = -1749.9956882772326
Optimization restart 10/20, f = -1743.1097316798923
Optimization restart 11/20, f = -1777.8731500115714
Optimization restart 12/20, f = -1773.541519749005
Optimization restart 13/20, f = -1772.550265966773
Optimization restart 14/20, f = -1772.8785862773002
Optimization restart 15/20, f = -1774.93832551081
Optimization restart 16/20, f = -1770.8070582866676
Optimization restart 17/20, f = -1773.3224618401098
Optimization restart 18/20, f = -1773.806741854621
Optimization restart 19/20, f = -1767.8718479757454
Optimization restart 20/20, f = -1752.7796220947967
pypal at iteration 101.         296 Pareto optimal points,         2198 discarded points,         631 unclassified points.
Hypervolume 1506.3300901007578
pypal at iteration 102.         296 Pareto optimal points,         2199 discarded points,         630 unclassified points.
Hypervolume 1506.3300901007578
pypal at iteration 103.         296 Pareto optimal points,         2200 discarded points,         629 unclassified points.
Hypervolume 1506.3300901007578
pypal at iteration 104.         296 Pareto optimal points,         2201 discarded points,         628 unclassified points.
Hypervolume 1506.3300901007578
pypal at iteration 105.         296 Pareto optimal points,         2202 discarded points,         627 unclassified points.
Hypervolume 1506.3300901007578
pypal at iteration 106.         296 Pareto optimal points,         2203 discarded points,         626 unclassified points.
Hypervolume 1506.3300901007578
pypal at iteration 107.         296 Pareto optimal points,         2204 discarded points,         625 unclassified points.
Hypervolume 1506.3300901007578
pypal at iteration 108.         296 Pareto optimal points,         2205 discarded points,         624 unclassified points.
Hypervolume 1506.3300901007578
pypal at iteration 109.         299 Pareto optimal points,         2206 discarded points,         620 unclassified points.
Hypervolume 1506.3300901007578
pypal at iteration 110.         299 Pareto optimal points,         2207 discarded points,         619 unclassified points.
Hypervolume 1506.3300901007578
Optimization restart 1/20, f = -1847.162553966794
Optimization restart 2/20, f = -1837.7181789512229
Optimization restart 3/20, f = -1842.9499276116794
Optimization restart 4/20, f = -1843.5214695676145
Optimization restart 5/20, f = -1842.0507988998106
Optimization restart 6/20, f = -1838.4632695699574
Optimization restart 7/20, f = -1840.290606388281
Optimization restart 8/20, f = -1842.5126488881779
Optimization restart 9/20, f = -1840.101143400491
Optimization restart 10/20, f = -1841.2461682881221
Optimization restart 11/20, f = -1482.6036100453944
Optimization restart 12/20, f = -1839.376983802587
Optimization restart 13/20, f = -1838.9695271468634
Optimization restart 14/20, f = -1836.9772858409126
Optimization restart 15/20, f = -1843.3650906221076
Optimization restart 16/20, f = -1806.1626807781938
Optimization restart 17/20, f = -1806.3831869731882
Optimization restart 18/20, f = -1837.8515344595153
Optimization restart 19/20, f = -1842.0756197546705
Optimization restart 20/20, f = -1836.620226179503
pypal at iteration 111.         301 Pareto optimal points,         2208 discarded points,         616 unclassified points.
Hypervolume 1506.3300901007578
pypal at iteration 112.         301 Pareto optimal points,         2209 discarded points,         615 unclassified points.
Hypervolume 1506.3300901007578
pypal at iteration 113.         301 Pareto optimal points,         2210 discarded points,         614 unclassified points.
Hypervolume 1506.3300901007578
pypal at iteration 114.         301 Pareto optimal points,         2211 discarded points,         613 unclassified points.
Hypervolume 1506.3300901007578
pypal at iteration 115.         301 Pareto optimal points,         2212 discarded points,         612 unclassified points.
Hypervolume 1506.3300901007578
pypal at iteration 116.         302 Pareto optimal points,         2719 discarded points,         104 unclassified points.
Hypervolume 1506.3300901007578
pypal at iteration 117.         302 Pareto optimal points,         2728 discarded points,         95 unclassified points.
Hypervolume 1506.3300901007578
pypal at iteration 118.         302 Pareto optimal points,         2729 discarded points,         94 unclassified points.
Hypervolume 1506.3300901007578
pypal at iteration 119.         302 Pareto optimal points,         2730 discarded points,         93 unclassified points.
Hypervolume 1506.3300901007578
pypal at iteration 120.         302 Pareto optimal points,         2731 discarded points,         92 unclassified points.
Hypervolume 1506.3300901007578
Optimization restart 1/20, f = -1914.4365762554235
Optimization restart 2/20, f = -1865.2809171900042
Optimization restart 3/20, f = -1906.8243735181502
Optimization restart 4/20, f = -1907.2204101593125
Optimization restart 5/20, f = -1900.824068729768
Optimization restart 6/20, f = -1897.0138857507852
Optimization restart 7/20, f = -1894.6034392451902
Optimization restart 8/20, f = -1897.316524094232
Optimization restart 9/20, f = -1906.9504783561104
Optimization restart 10/20, f = -1907.619772936342
Optimization restart 11/20, f = -1904.7892236682042
Optimization restart 12/20, f = -1910.7628815754929
Optimization restart 13/20, f = -1908.529463294917
Optimization restart 14/20, f = -1740.6261305189346
Optimization restart 15/20, f = -1909.7708591931355
Optimization restart 16/20, f = -1858.5977300904506
Optimization restart 17/20, f = -1910.9579717948545
Optimization restart 18/20, f = -1907.4087680219438
Optimization restart 19/20, f = -1907.9887206019844
Optimization restart 20/20, f = -1910.3203993440238
pypal at iteration 121.         302 Pareto optimal points,         2732 discarded points,         91 unclassified points.
Hypervolume 1506.3300901007578
pypal at iteration 122.         302 Pareto optimal points,         2733 discarded points,         90 unclassified points.
Hypervolume 1506.3300901007578
pypal at iteration 123.         302 Pareto optimal points,         2734 discarded points,         89 unclassified points.
Hypervolume 1506.3300901007578
pypal at iteration 124.         302 Pareto optimal points,         2735 discarded points,         88 unclassified points.
Hypervolume 1506.3300901007578
pypal at iteration 125.         304 Pareto optimal points,         2736 discarded points,         85 unclassified points.
Hypervolume 1506.3300901007578
pypal at iteration 126.         304 Pareto optimal points,         2737 discarded points,         84 unclassified points.
Hypervolume 1506.3300901007578
pypal at iteration 127.         309 Pareto optimal points,         2738 discarded points,         78 unclassified points.
Hypervolume 1506.3300901007578
pypal at iteration 128.         309 Pareto optimal points,         2739 discarded points,         77 unclassified points.
Hypervolume 1506.3300901007578
pypal at iteration 129.         310 Pareto optimal points,         2740 discarded points,         75 unclassified points.
Hypervolume 1506.3300901007576
pypal at iteration 130.         311 Pareto optimal points,         2752 discarded points,         62 unclassified points.
Hypervolume 1506.3300901007576
Optimization restart 1/20, f = -1981.4227146994804
Optimization restart 2/20, f = -1950.0285001076309
Optimization restart 3/20, f = -1976.5551882669233
Optimization restart 4/20, f = -1978.0789047468031
Optimization restart 5/20, f = -1974.1818587275018
Optimization restart 6/20, f = -1973.3157430413482
Optimization restart 7/20, f = -1974.4658553706117
Optimization restart 8/20, f = -1965.9959862307096
Optimization restart 9/20, f = -1974.9651390247477
Optimization restart 10/20, f = -1976.888677550708
Optimization restart 11/20, f = -1964.183905680209
Optimization restart 12/20, f = -1976.1302891502241
Optimization restart 13/20, f = -1973.4258703880628
Optimization restart 14/20, f = -1973.4789667166774
Optimization restart 15/20, f = -1870.2094204258651
Optimization restart 16/20, f = -1805.996324048468
Optimization restart 17/20, f = -1975.1284110776567
Optimization restart 18/20, f = -1968.3330124337817
Optimization restart 19/20, f = -1975.7069841658058
Optimization restart 20/20, f = -1970.0364765169086
pypal at iteration 131.         312 Pareto optimal points,         2797 discarded points,         16 unclassified points.
Hypervolume 1506.3300901007576
pypal at iteration 132.         312 Pareto optimal points,         2798 discarded points,         15 unclassified points.
Hypervolume 1506.3300901007576
pypal at iteration 133.         312 Pareto optimal points,         2798 discarded points,         15 unclassified points.
Hypervolume 1506.3300901007576
pypal at iteration 134.         312 Pareto optimal points,         2799 discarded points,         14 unclassified points.
Hypervolume 1506.3300901007576
pypal at iteration 135.         312 Pareto optimal points,         2799 discarded points,         14 unclassified points.
Hypervolume 1506.3300901007576
pypal at iteration 136.         312 Pareto optimal points,         2799 discarded points,         14 unclassified points.
Hypervolume 1506.3300901007576
pypal at iteration 137.         312 Pareto optimal points,         2799 discarded points,         14 unclassified points.
Hypervolume 1506.3300901007576
pypal at iteration 138.         312 Pareto optimal points,         2799 discarded points,         14 unclassified points.
Hypervolume 1506.3300901007576
pypal at iteration 139.         312 Pareto optimal points,         2799 discarded points,         14 unclassified points.
Hypervolume 1506.3300901007576
pypal at iteration 140.         312 Pareto optimal points,         2799 discarded points,         14 unclassified points.
Hypervolume 1506.3300901007576
Optimization restart 1/20, f = -2045.5686979733318
Optimization restart 2/20, f = -2035.5886409974296
Optimization restart 3/20, f = -2033.3481424024076
Optimization restart 4/20, f = -2036.4813015444183
Optimization restart 5/20, f = -2034.8368453826656
Optimization restart 6/20, f = -2032.5762208481447
Optimization restart 7/20, f = -2030.2117072769079
Optimization restart 8/20, f = -1991.727473081412
Optimization restart 9/20, f = -2041.9993387570507
Optimization restart 10/20, f = -2026.5342099754034
Optimization restart 11/20, f = -2034.6271913246264
Optimization restart 12/20, f = -2040.6498889893655
Optimization restart 13/20, f = -1979.740395679241
Optimization restart 14/20, f = -2038.9993858859912
Optimization restart 15/20, f = -2040.757034686635
Optimization restart 16/20, f = -1996.4102194051584
Optimization restart 17/20, f = -2037.222591227247
Optimization restart 18/20, f = -2040.7054783335652
Optimization restart 19/20, f = -2013.392249701843
Optimization restart 20/20, f = -2038.4382762006705
pypal at iteration 141.         312 Pareto optimal points,         2799 discarded points,         14 unclassified points.
Hypervolume 1506.3300901007576
pypal at iteration 142.         312 Pareto optimal points,         2799 discarded points,         14 unclassified points.
Hypervolume 1506.3300901007576
pypal at iteration 143.         312 Pareto optimal points,         2799 discarded points,         14 unclassified points.
Hypervolume 1506.3300901007576
pypal at iteration 144.         312 Pareto optimal points,         2799 discarded points,         14 unclassified points.
Hypervolume 1506.3300901007576
pypal at iteration 145.         312 Pareto optimal points,         2799 discarded points,         14 unclassified points.
Hypervolume 1506.3300901007576
pypal at iteration 146.         312 Pareto optimal points,         2799 discarded points,         14 unclassified points.
Hypervolume 1506.3300901007576
pypal at iteration 147.         312 Pareto optimal points,         2799 discarded points,         14 unclassified points.
Hypervolume 1506.3300901007576
pypal at iteration 148.         312 Pareto optimal points,         2799 discarded points,         14 unclassified points.
Hypervolume 1506.3300901007576
pypal at iteration 149.         312 Pareto optimal points,         2799 discarded points,         14 unclassified points.
Hypervolume 1506.3300901007576
pypal at iteration 150.         312 Pareto optimal points,         2799 discarded points,         14 unclassified points.
Hypervolume 1506.3300901007576
Optimization restart 1/20, f = -2118.059902917315
Optimization restart 2/20, f = -2110.2626876882046
Optimization restart 3/20, f = -2115.609000363313
Optimization restart 4/20, f = -2110.7741323549244
Optimization restart 5/20, f = -2095.1784112318705
Optimization restart 6/20, f = -2109.8394543298027
Optimization restart 7/20, f = -2107.6274484822516
Optimization restart 8/20, f = -2094.0016221871037
Optimization restart 9/20, f = -2113.1113790254003
Optimization restart 10/20, f = -2110.4597885568755
Optimization restart 11/20, f = -2111.240827061685
Optimization restart 12/20, f = -2087.9002974122122
Optimization restart 13/20, f = -2067.6948896785843
Optimization restart 14/20, f = -2111.686087881443
Optimization restart 15/20, f = -2112.4923733747955
Optimization restart 16/20, f = -2112.9490770231146
Optimization restart 17/20, f = -2100.0657156474085
Optimization restart 18/20, f = -2111.932547298579
Optimization restart 19/20, f = -2111.8542020077693
Optimization restart 20/20, f = -2103.138416406378
pypal at iteration 151.         312 Pareto optimal points,         2799 discarded points,         14 unclassified points.
Hypervolume 1506.3300901007576
pypal at iteration 152.         312 Pareto optimal points,         2799 discarded points,         14 unclassified points.
Hypervolume 1506.3300901007576
pypal at iteration 153.         312 Pareto optimal points,         2800 discarded points,         13 unclassified points.
Hypervolume 1506.3300901007576
pypal at iteration 154.         312 Pareto optimal points,         2801 discarded points,         12 unclassified points.
Hypervolume 1506.3300901007576
pypal at iteration 155.         312 Pareto optimal points,         2801 discarded points,         12 unclassified points.
Hypervolume 1506.3300901007576
Done. No unclassified point left
pypal at iteration 155.         313 Pareto optimal points,         2812 discarded points,         0 unclassified points.
Hypervolume 1507.002934042849
