 /home/kjablonk/anaconda3/envs/dispersant_screener/lib/python3.7/site-packages/sklearn/utils/deprecation.py:143: FutureWarning:The sklearn.preprocessing.data module is  deprecated in version 0.22 and will be removed in version 0.24. The corresponding classes / functions should instead be imported from sklearn.preprocessing. Anything that cannot be imported from sklearn.preprocessing is now part of the private API.
 /home/kjablonk/programs/pypal/pypal/pal/validate_inputs.py:146: UserWarning:No goals provided,                 will assume that every dimension should be maximized
 /home/kjablonk/anaconda3/envs/dispersant_screener/lib/python3.7/site-packages/GPy/kern/src/stationary.py:137: RuntimeWarning:overflow encountered in square
 /home/kjablonk/anaconda3/envs/dispersant_screener/lib/python3.7/site-packages/GPy/kern/src/stationary.py:138: RuntimeWarning:invalid value encountered in add
 /home/kjablonk/anaconda3/envs/dispersant_screener/lib/python3.7/site-packages/GPy/kern/src/stationary.py:565: RuntimeWarning:invalid value encountered in multiply
 /home/kjablonk/anaconda3/envs/dispersant_screener/lib/python3.7/site-packages/GPy/kern/src/stationary.py:568: RuntimeWarning:invalid value encountered in subtract
 /home/kjablonk/anaconda3/envs/dispersant_screener/lib/python3.7/site-packages/GPy/kern/src/stationary.py:166: RuntimeWarning:overflow encountered in true_divide
 /home/kjablonk/anaconda3/envs/dispersant_screener/lib/python3.7/site-packages/GPy/kern/src/stationary.py:243: RuntimeWarning:invalid value encountered in true_divide
 /home/kjablonk/anaconda3/envs/dispersant_screener/lib/python3.7/site-packages/GPy/kern/src/stationary.py:137: RuntimeWarning:overflow encountered in square
 /home/kjablonk/anaconda3/envs/dispersant_screener/lib/python3.7/site-packages/GPy/kern/src/stationary.py:138: RuntimeWarning:invalid value encountered in add
 /home/kjablonk/anaconda3/envs/dispersant_screener/lib/python3.7/site-packages/GPy/kern/src/stationary.py:565: RuntimeWarning:invalid value encountered in multiply
 /home/kjablonk/anaconda3/envs/dispersant_screener/lib/python3.7/site-packages/GPy/kern/src/stationary.py:568: RuntimeWarning:invalid value encountered in subtract
 /home/kjablonk/anaconda3/envs/dispersant_screener/lib/python3.7/site-packages/GPy/kern/src/stationary.py:166: RuntimeWarning:overflow encountered in true_divide
 /home/kjablonk/anaconda3/envs/dispersant_screener/lib/python3.7/site-packages/GPy/kern/src/stationary.py:243: RuntimeWarning:invalid value encountered in true_divide
 /home/kjablonk/anaconda3/envs/dispersant_screener/lib/python3.7/site-packages/paramz/transformations.py:111: RuntimeWarning:overflow encountered in expm1
 /home/kjablonk/anaconda3/envs/dispersant_screener/lib/python3.7/site-packages/GPy/kern/src/stationary.py:138: RuntimeWarning:overflow encountered in multiply
 /home/kjablonk/anaconda3/envs/dispersant_screener/lib/python3.7/site-packages/GPy/kern/src/stationary.py:138: RuntimeWarning:overflow encountered in add
 /home/kjablonk/anaconda3/envs/dispersant_screener/lib/python3.7/site-packages/GPy/kern/src/stationary.py:565: RuntimeWarning:overflow encountered in multiply
 /home/kjablonk/anaconda3/envs/dispersant_screener/lib/python3.7/site-packages/GPy/kern/src/stationary.py:568: RuntimeWarning:overflow encountered in multiply
 /home/kjablonk/anaconda3/envs/dispersant_screener/lib/python3.7/site-packages/GPy/kern/src/stationary.py:568: RuntimeWarning:invalid value encountered in multiply
 /home/kjablonk/anaconda3/envs/dispersant_screener/lib/python3.7/site-packages/numpy/core/_asarray.py:136: VisibleDeprecationWarning:Creating an ndarray from ragged nested sequences (which is a list-or-tuple of lists-or-tuples-or ndarrays with different lengths or shapes) is deprecated. If you meant to do this, you must specify 'dtype=object' when creating the ndarray
Maximum hypervolume 1536.0438526567837
STARTING PAL
Optimization restart 1/20, f = -398.39149061724623
Optimization restart 2/20, f = -431.2655941640787
Optimization restart 3/20, f = -431.3368660017286
Optimization restart 4/20, f = -418.69409946955335
Optimization restart 5/20, f = -431.99363021618524
Optimization restart 6/20, f = -390.42284192832756
Optimization restart 7/20, f = -431.6873513426295
Optimization restart 8/20, f = -432.229186557886
Optimization restart 9/20, f = -408.50918947073865
Optimization restart 10/20, f = -431.6059971425873
Optimization restart 11/20, f = -432.22615961007307
Optimization restart 12/20, f = -432.10368281874435
Optimization restart 13/20, f = -431.0529000332492
Optimization restart 14/20, f = -431.60065290727357
Optimization restart 15/20, f = -432.40869056904114
Optimization restart 16/20, f = -430.95753803884446
Optimization restart 17/20, f = -431.9343060110967
Optimization restart 18/20, f = -431.89700897804425
Optimization restart 19/20, f = -399.49272593769996
Optimization restart 20/20, f = -432.3365549889105
pypal at iteration 1.         5 Pareto optimal points,         440 discarded points,         2680 unclassified points.
Hypervolume 771.6967717058961
pypal at iteration 2.         5 Pareto optimal points,         459 discarded points,         2661 unclassified points.
Hypervolume 771.6967717058961
pypal at iteration 3.         6 Pareto optimal points,         468 discarded points,         2651 unclassified points.
Hypervolume 1291.5400732369399
pypal at iteration 4.         6 Pareto optimal points,         469 discarded points,         2650 unclassified points.
Hypervolume 1291.5400732369399
pypal at iteration 5.         6 Pareto optimal points,         470 discarded points,         2649 unclassified points.
Hypervolume 1291.5400732369399
pypal at iteration 6.         6 Pareto optimal points,         471 discarded points,         2648 unclassified points.
Hypervolume 1291.5400732369399
pypal at iteration 7.         7 Pareto optimal points,         471 discarded points,         2647 unclassified points.
Hypervolume 1334.5133183485884
pypal at iteration 8.         7 Pareto optimal points,         473 discarded points,         2645 unclassified points.
Hypervolume 1334.5133183485884
pypal at iteration 9.         7 Pareto optimal points,         474 discarded points,         2644 unclassified points.
Hypervolume 1334.5133183485884
pypal at iteration 10.         7 Pareto optimal points,         475 discarded points,         2643 unclassified points.
Hypervolume 1334.5133183485884
Optimization restart 1/20, f = -544.790450122149
Optimization restart 2/20, f = -542.2287789599245
Optimization restart 3/20, f = -534.9375725311531
Optimization restart 4/20, f = -542.3711037787199
Optimization restart 5/20, f = -543.0093858777184
Optimization restart 6/20, f = -543.9203569084557
Optimization restart 7/20, f = -543.3971351167502
Optimization restart 8/20, f = -544.1580123811991
Optimization restart 9/20, f = -539.1347009697467
Optimization restart 10/20, f = -543.2874261675124
Optimization restart 11/20, f = -543.4207266154528
Optimization restart 12/20, f = -536.2695497711527
Optimization restart 13/20, f = -543.8713840896137
Optimization restart 14/20, f = -543.157697012371
Optimization restart 15/20, f = -543.294828660347
Optimization restart 16/20, f = -543.2669035824257
Optimization restart 17/20, f = -543.8837320896712
Optimization restart 18/20, f = -458.2338433066471
Optimization restart 19/20, f = -543.2827928349791
Optimization restart 20/20, f = -544.3866191158895
pypal at iteration 11.         7 Pareto optimal points,         517 discarded points,         2601 unclassified points.
Hypervolume 1334.5133183485884
pypal at iteration 12.         7 Pareto optimal points,         652 discarded points,         2466 unclassified points.
Hypervolume 1334.5133183485884
pypal at iteration 13.         7 Pareto optimal points,         655 discarded points,         2463 unclassified points.
Hypervolume 1334.5133183485884
pypal at iteration 14.         7 Pareto optimal points,         703 discarded points,         2415 unclassified points.
Hypervolume 1334.5133183485884
pypal at iteration 15.         7 Pareto optimal points,         704 discarded points,         2414 unclassified points.
Hypervolume 1334.5133183485884
pypal at iteration 16.         7 Pareto optimal points,         705 discarded points,         2413 unclassified points.
Hypervolume 1334.5133183485884
pypal at iteration 17.         7 Pareto optimal points,         706 discarded points,         2412 unclassified points.
Hypervolume 1334.5133183485884
pypal at iteration 18.         7 Pareto optimal points,         710 discarded points,         2408 unclassified points.
Hypervolume 1334.5133183485884
pypal at iteration 19.         7 Pareto optimal points,         711 discarded points,         2407 unclassified points.
Hypervolume 1334.5133183485884
pypal at iteration 20.         7 Pareto optimal points,         713 discarded points,         2405 unclassified points.
Hypervolume 1334.5133183485884
Optimization restart 1/20, f = -637.2013009573348
Optimization restart 2/20, f = -632.5159824265152
Optimization restart 3/20, f = -631.0629382172247
Optimization restart 4/20, f = -633.4789416659985
Optimization restart 5/20, f = -632.0871785614331
Optimization restart 6/20, f = -629.3248512494446
Optimization restart 7/20, f = -627.6175308818817
Optimization restart 8/20, f = -513.1764211132233
Optimization restart 9/20, f = -630.7578009149729
Optimization restart 10/20, f = -621.4555179936696
Optimization restart 11/20, f = -634.3561951644069
Optimization restart 12/20, f = -625.9724180832563
Optimization restart 13/20, f = -634.3656386684096
Optimization restart 14/20, f = -633.1701244604393
Optimization restart 15/20, f = -630.5450950172366
Optimization restart 16/20, f = -630.4022804125772
Optimization restart 17/20, f = -630.6442777667489
Optimization restart 18/20, f = -636.4123756649327
Optimization restart 19/20, f = -635.3122842394685
Optimization restart 20/20, f = -632.3769833119887
pypal at iteration 21.         7 Pareto optimal points,         956 discarded points,         2162 unclassified points.
Hypervolume 1334.5133183485884
pypal at iteration 22.         7 Pareto optimal points,         966 discarded points,         2152 unclassified points.
Hypervolume 1334.5133183485884
pypal at iteration 23.         7 Pareto optimal points,         991 discarded points,         2127 unclassified points.
Hypervolume 1334.5133183485884
pypal at iteration 24.         7 Pareto optimal points,         1035 discarded points,         2083 unclassified points.
Hypervolume 1334.5133183485884
pypal at iteration 25.         7 Pareto optimal points,         1094 discarded points,         2024 unclassified points.
Hypervolume 1334.5133183485884
pypal at iteration 26.         7 Pareto optimal points,         1095 discarded points,         2023 unclassified points.
Hypervolume 1334.5133183485884
pypal at iteration 27.         7 Pareto optimal points,         1100 discarded points,         2018 unclassified points.
Hypervolume 1334.5133183485884
pypal at iteration 28.         7 Pareto optimal points,         1101 discarded points,         2017 unclassified points.
Hypervolume 1334.5133183485884
pypal at iteration 29.         7 Pareto optimal points,         1107 discarded points,         2011 unclassified points.
Hypervolume 1334.5133183485884
pypal at iteration 30.         7 Pareto optimal points,         1108 discarded points,         2010 unclassified points.
Hypervolume 1334.5133183485884
Optimization restart 1/20, f = -721.6906267982205
Optimization restart 2/20, f = -719.3686306094635
Optimization restart 3/20, f = -718.8242876237566
Optimization restart 4/20, f = -717.0089270569711
Optimization restart 5/20, f = -719.3794649777024
Optimization restart 6/20, f = -718.8176215338458
Optimization restart 7/20, f = -719.7308319348142
Optimization restart 8/20, f = -719.3390160462295
Optimization restart 9/20, f = -720.6795587105339
Optimization restart 10/20, f = -716.8035120424661
Optimization restart 11/20, f = -717.2236775672638
Optimization restart 12/20, f = -719.0137588286124
Optimization restart 13/20, f = -718.8467875058125
Optimization restart 14/20, f = -612.707340886082
Optimization restart 15/20, f = -718.6489519036512
Optimization restart 16/20, f = -719.8556078393235
Optimization restart 17/20, f = -717.5419711534149
Optimization restart 18/20, f = -719.1679942100864
Optimization restart 19/20, f = -715.6665716841349
Optimization restart 20/20, f = -718.3172284290217
pypal at iteration 31.         8 Pareto optimal points,         1176 discarded points,         1941 unclassified points.
Hypervolume 1343.923059968368
pypal at iteration 32.         8 Pareto optimal points,         1177 discarded points,         1940 unclassified points.
Hypervolume 1343.923059968368
pypal at iteration 33.         8 Pareto optimal points,         1183 discarded points,         1934 unclassified points.
Hypervolume 1343.923059968368
pypal at iteration 34.         8 Pareto optimal points,         1185 discarded points,         1932 unclassified points.
Hypervolume 1343.923059968368
pypal at iteration 35.         8 Pareto optimal points,         1187 discarded points,         1930 unclassified points.
Hypervolume 1343.923059968368
pypal at iteration 36.         8 Pareto optimal points,         1188 discarded points,         1929 unclassified points.
Hypervolume 1343.923059968368
pypal at iteration 37.         8 Pareto optimal points,         1194 discarded points,         1923 unclassified points.
Hypervolume 1343.923059968368
pypal at iteration 38.         8 Pareto optimal points,         1203 discarded points,         1914 unclassified points.
Hypervolume 1343.923059968368
pypal at iteration 39.         8 Pareto optimal points,         1204 discarded points,         1913 unclassified points.
Hypervolume 1343.923059968368
pypal at iteration 40.         8 Pareto optimal points,         1212 discarded points,         1905 unclassified points.
Hypervolume 1343.923059968368
Optimization restart 1/20, f = -794.3421932886265
Optimization restart 2/20, f = -792.6198584855763
Optimization restart 3/20, f = -792.5608668234939
Optimization restart 4/20, f = -792.1341863114302
Optimization restart 5/20, f = -793.193833575873
Optimization restart 6/20, f = -683.3278355067296
Optimization restart 7/20, f = -793.6789055885223
Optimization restart 8/20, f = -785.151402842637
Optimization restart 9/20, f = -791.2442668272499
Optimization restart 10/20, f = -673.4535822068473
Optimization restart 11/20, f = -690.3059812662534
Optimization restart 12/20, f = -788.1087280491995
Optimization restart 13/20, f = -793.2956641241163
Optimization restart 14/20, f = -792.5021416544434
Optimization restart 15/20, f = -792.7765607368582
Optimization restart 16/20, f = -792.6543157342201
Optimization restart 17/20, f = -792.2879645194165
Optimization restart 18/20, f = -791.7913928623424
Optimization restart 19/20, f = -791.6789143366924
Optimization restart 20/20, f = -792.5091272985527
pypal at iteration 41.         8 Pareto optimal points,         1250 discarded points,         1867 unclassified points.
Hypervolume 1343.923059968368
pypal at iteration 42.         8 Pareto optimal points,         1251 discarded points,         1866 unclassified points.
Hypervolume 1343.923059968368
pypal at iteration 43.         8 Pareto optimal points,         1252 discarded points,         1865 unclassified points.
Hypervolume 1343.923059968368
pypal at iteration 44.         8 Pareto optimal points,         1253 discarded points,         1864 unclassified points.
Hypervolume 1343.923059968368
pypal at iteration 45.         8 Pareto optimal points,         1254 discarded points,         1863 unclassified points.
Hypervolume 1343.923059968368
pypal at iteration 46.         8 Pareto optimal points,         1255 discarded points,         1862 unclassified points.
Hypervolume 1343.923059968368
pypal at iteration 47.         8 Pareto optimal points,         1256 discarded points,         1861 unclassified points.
Hypervolume 1343.923059968368
pypal at iteration 48.         8 Pareto optimal points,         1257 discarded points,         1860 unclassified points.
Hypervolume 1343.923059968368
pypal at iteration 49.         8 Pareto optimal points,         1258 discarded points,         1859 unclassified points.
Hypervolume 1343.923059968368
pypal at iteration 50.         8 Pareto optimal points,         1259 discarded points,         1858 unclassified points.
Hypervolume 1343.923059968368
Optimization restart 1/20, f = -866.3617118971604
Optimization restart 2/20, f = -863.2002709222677
Optimization restart 3/20, f = -864.5043371773022
Optimization restart 4/20, f = -840.3473228430032
Optimization restart 5/20, f = -863.9196046220661
Optimization restart 6/20, f = -862.993163962409
Optimization restart 7/20, f = -864.9942492763084
Optimization restart 8/20, f = -864.6651166911242
Optimization restart 9/20, f = -864.4773057703269
Optimization restart 10/20, f = -794.4332661635408
Optimization restart 11/20, f = -862.7606887917602
Optimization restart 12/20, f = -859.0779306459646
Optimization restart 13/20, f = -864.1172001544425
Optimization restart 14/20, f = -861.8593455932967
Optimization restart 15/20, f = -858.2911201046509
Optimization restart 16/20, f = -860.794540650202
Optimization restart 17/20, f = -863.3808966345518
Optimization restart 18/20, f = -860.7482333444494
Optimization restart 19/20, f = -863.851037702051
Optimization restart 20/20, f = -862.0574182848013
pypal at iteration 51.         8 Pareto optimal points,         1263 discarded points,         1854 unclassified points.
Hypervolume 1343.923059968368
pypal at iteration 52.         8 Pareto optimal points,         1264 discarded points,         1853 unclassified points.
Hypervolume 1343.923059968368
pypal at iteration 53.         8 Pareto optimal points,         1265 discarded points,         1852 unclassified points.
Hypervolume 1343.923059968368
pypal at iteration 54.         8 Pareto optimal points,         1266 discarded points,         1851 unclassified points.
Hypervolume 1343.923059968368
pypal at iteration 55.         8 Pareto optimal points,         1267 discarded points,         1850 unclassified points.
Hypervolume 1343.923059968368
pypal at iteration 56.         8 Pareto optimal points,         1268 discarded points,         1849 unclassified points.
Hypervolume 1343.923059968368
pypal at iteration 57.         8 Pareto optimal points,         1269 discarded points,         1848 unclassified points.
Hypervolume 1343.923059968368
pypal at iteration 58.         8 Pareto optimal points,         1270 discarded points,         1847 unclassified points.
Hypervolume 1343.923059968368
pypal at iteration 59.         8 Pareto optimal points,         1271 discarded points,         1846 unclassified points.
Hypervolume 1343.923059968368
pypal at iteration 60.         8 Pareto optimal points,         1272 discarded points,         1845 unclassified points.
Hypervolume 1343.923059968368
Optimization restart 1/20, f = -936.083678311795
Optimization restart 2/20, f = -934.2017053277286
Optimization restart 3/20, f = -935.5504061616186
Optimization restart 4/20, f = -927.3164195848145
Optimization restart 5/20, f = -933.5782327631609
Optimization restart 6/20, f = -925.2129121920326
Optimization restart 7/20, f = -932.8604991811983
Optimization restart 8/20, f = -933.3490013495814
Optimization restart 9/20, f = -932.942155271113
Optimization restart 10/20, f = -931.3727136967266
Optimization restart 11/20, f = -932.3696662232986
Optimization restart 12/20, f = -933.5660504304828
Optimization restart 13/20, f = -923.6785400464016
Optimization restart 14/20, f = -933.5700388019932
Optimization restart 15/20, f = -931.9861371289078
Optimization restart 16/20, f = -935.0719300754674
Optimization restart 17/20, f = -926.4643896655718
Optimization restart 18/20, f = -934.2008158712615
Optimization restart 19/20, f = -931.2518899732793
Optimization restart 20/20, f = -933.2291461573449
pypal at iteration 61.         8 Pareto optimal points,         1273 discarded points,         1844 unclassified points.
Hypervolume 1343.923059968368
pypal at iteration 62.         8 Pareto optimal points,         1274 discarded points,         1843 unclassified points.
Hypervolume 1343.923059968368
pypal at iteration 63.         8 Pareto optimal points,         1275 discarded points,         1842 unclassified points.
Hypervolume 1343.923059968368
pypal at iteration 64.         8 Pareto optimal points,         1276 discarded points,         1841 unclassified points.
Hypervolume 1343.923059968368
pypal at iteration 65.         8 Pareto optimal points,         1324 discarded points,         1793 unclassified points.
Hypervolume 1343.923059968368
pypal at iteration 66.         8 Pareto optimal points,         1325 discarded points,         1792 unclassified points.
Hypervolume 1343.923059968368
pypal at iteration 67.         8 Pareto optimal points,         1330 discarded points,         1787 unclassified points.
Hypervolume 1343.923059968368
pypal at iteration 68.         8 Pareto optimal points,         1331 discarded points,         1786 unclassified points.
Hypervolume 1343.923059968368
pypal at iteration 69.         8 Pareto optimal points,         1332 discarded points,         1785 unclassified points.
Hypervolume 1343.923059968368
pypal at iteration 70.         8 Pareto optimal points,         1333 discarded points,         1784 unclassified points.
Hypervolume 1343.923059968368
Optimization restart 1/20, f = -993.710519421038
Optimization restart 2/20, f = -966.796697546718
Optimization restart 3/20, f = -990.3102119932573
Optimization restart 4/20, f = -979.0743853869915
Optimization restart 5/20, f = -984.9679293783895
Optimization restart 6/20, f = -987.2423935421242
Optimization restart 7/20, f = -991.6388090298694
Optimization restart 8/20, f = -989.9020169753073
Optimization restart 9/20, f = -989.8001793139063
Optimization restart 10/20, f = -989.2308573244296
Optimization restart 11/20, f = -991.4394869795706
Optimization restart 12/20, f = -989.9006334927442
Optimization restart 13/20, f = -992.0102179322614
Optimization restart 14/20, f = -979.3768786401592
Optimization restart 15/20, f = -986.6411911186945
Optimization restart 16/20, f = -956.2126770173138
Optimization restart 17/20, f = -990.8330906026288
Optimization restart 18/20, f = -991.6726941464332
Optimization restart 19/20, f = -992.0479189963913
Optimization restart 20/20, f = -987.153419231553
pypal at iteration 71.         8 Pareto optimal points,         1334 discarded points,         1783 unclassified points.
Hypervolume 1343.923059968368
pypal at iteration 72.         8 Pareto optimal points,         1335 discarded points,         1782 unclassified points.
Hypervolume 1343.923059968368
pypal at iteration 73.         8 Pareto optimal points,         1336 discarded points,         1781 unclassified points.
Hypervolume 1343.923059968368
pypal at iteration 74.         9 Pareto optimal points,         2018 discarded points,         1098 unclassified points.
Hypervolume 1404.211109887942
pypal at iteration 75.         9 Pareto optimal points,         2021 discarded points,         1095 unclassified points.
Hypervolume 1404.211109887942
pypal at iteration 76.         9 Pareto optimal points,         2022 discarded points,         1094 unclassified points.
Hypervolume 1404.211109887942
pypal at iteration 77.         9 Pareto optimal points,         2023 discarded points,         1093 unclassified points.
Hypervolume 1404.211109887942
pypal at iteration 78.         9 Pareto optimal points,         2024 discarded points,         1092 unclassified points.
Hypervolume 1404.211109887942
pypal at iteration 79.         9 Pareto optimal points,         2025 discarded points,         1091 unclassified points.
Hypervolume 1404.211109887942
pypal at iteration 80.         9 Pareto optimal points,         2026 discarded points,         1090 unclassified points.
Hypervolume 1404.211109887942
Optimization restart 1/20, f = -1065.4903927566488
Optimization restart 2/20, f = -1063.0424827253144
Optimization restart 3/20, f = -1063.2501962385975
Optimization restart 4/20, f = -1063.6789405892405
Optimization restart 5/20, f = -1060.8898668463928
Optimization restart 6/20, f = -1059.4618100452146
Optimization restart 7/20, f = -1063.0937175655276
Optimization restart 8/20, f = -1062.9215292337349
Optimization restart 9/20, f = -1048.9490277805892
Optimization restart 10/20, f = -1061.9674957094453
Optimization restart 11/20, f = -1063.4053885656276
Optimization restart 12/20, f = -1063.516183588697
Optimization restart 13/20, f = -1060.0092226269096
Optimization restart 14/20, f = -1060.4385653785953
Optimization restart 15/20, f = -1063.636532735929
Optimization restart 16/20, f = -1064.0379122833274
Optimization restart 17/20, f = -1061.6042997214915
Optimization restart 18/20, f = -1060.8033668403405
Optimization restart 19/20, f = -1063.3758381339085
Optimization restart 20/20, f = -1055.1778052155128
pypal at iteration 81.         9 Pareto optimal points,         2027 discarded points,         1089 unclassified points.
Hypervolume 1404.211109887942
pypal at iteration 82.         15 Pareto optimal points,         2027 discarded points,         1083 unclassified points.
Hypervolume 1446.8194590107234
pypal at iteration 83.         15 Pareto optimal points,         2028 discarded points,         1082 unclassified points.
Hypervolume 1446.8194590107234
pypal at iteration 84.         17 Pareto optimal points,         2028 discarded points,         1080 unclassified points.
Hypervolume 1476.1753778134398
pypal at iteration 85.         21 Pareto optimal points,         2029 discarded points,         1075 unclassified points.
Hypervolume 1476.1753778134398
pypal at iteration 86.         21 Pareto optimal points,         2030 discarded points,         1074 unclassified points.
Hypervolume 1476.1753778134398
pypal at iteration 87.         21 Pareto optimal points,         2031 discarded points,         1073 unclassified points.
Hypervolume 1476.1753778134398
pypal at iteration 88.         21 Pareto optimal points,         2032 discarded points,         1072 unclassified points.
Hypervolume 1476.1753778134398
pypal at iteration 89.         21 Pareto optimal points,         2033 discarded points,         1071 unclassified points.
Hypervolume 1476.1753778134398
pypal at iteration 90.         21 Pareto optimal points,         2034 discarded points,         1070 unclassified points.
Hypervolume 1476.1753778134398
Optimization restart 1/20, f = -1124.563814221286
Optimization restart 2/20, f = -1116.4823832071447
Optimization restart 3/20, f = -1110.8541859552793
Optimization restart 4/20, f = -1121.4422036343117
Optimization restart 5/20, f = -1110.799317987327
Optimization restart 6/20, f = -1123.0965126494086
Optimization restart 7/20, f = -1097.639838891379
Optimization restart 8/20, f = -1118.0103929198276
Optimization restart 9/20, f = -1123.1491872186562
Optimization restart 10/20, f = -1122.2065027066953
Optimization restart 11/20, f = -1091.5686660489232
Optimization restart 12/20, f = -1122.3477429708842
Optimization restart 13/20, f = -1110.244913986218
Optimization restart 14/20, f = -1117.3069565302376
Optimization restart 15/20, f = -1115.8345881059558
Optimization restart 16/20, f = -1121.6794940627733
Optimization restart 17/20, f = -1120.0696010516313
Optimization restart 18/20, f = -1118.8291319591895
Optimization restart 19/20, f = -1123.0095382296436
Optimization restart 20/20, f = -1118.432393260175
pypal at iteration 91.         21 Pareto optimal points,         2035 discarded points,         1069 unclassified points.
Hypervolume 1476.1753778134398
pypal at iteration 92.         21 Pareto optimal points,         2036 discarded points,         1068 unclassified points.
Hypervolume 1476.1753778134398
pypal at iteration 93.         21 Pareto optimal points,         2037 discarded points,         1067 unclassified points.
Hypervolume 1476.1753778134398
pypal at iteration 94.         21 Pareto optimal points,         2038 discarded points,         1066 unclassified points.
Hypervolume 1476.1753778134398
pypal at iteration 95.         21 Pareto optimal points,         2039 discarded points,         1065 unclassified points.
Hypervolume 1476.1753778134398
pypal at iteration 96.         21 Pareto optimal points,         2040 discarded points,         1064 unclassified points.
Hypervolume 1476.1753778134398
pypal at iteration 97.         21 Pareto optimal points,         2041 discarded points,         1063 unclassified points.
Hypervolume 1476.1753778134398
pypal at iteration 98.         21 Pareto optimal points,         2042 discarded points,         1062 unclassified points.
Hypervolume 1476.1753778134398
pypal at iteration 99.         21 Pareto optimal points,         2043 discarded points,         1061 unclassified points.
Hypervolume 1476.1753778134398
pypal at iteration 100.         21 Pareto optimal points,         2044 discarded points,         1060 unclassified points.
Hypervolume 1476.1753778134398
Optimization restart 1/20, f = -1188.3436028990964
Optimization restart 2/20, f = -1176.8229935886393
Optimization restart 3/20, f = -1173.1567320422287
Optimization restart 4/20, f = -1186.2126903944854
Optimization restart 5/20, f = -1186.0890997946376
Optimization restart 6/20, f = -1156.978420783984
Optimization restart 7/20, f = -1176.5903505987878
Optimization restart 8/20, f = -1186.0058400600333
Optimization restart 9/20, f = -1186.459628889434
Optimization restart 10/20, f = -1184.627372787234
Optimization restart 11/20, f = -1179.4263263480902
Optimization restart 12/20, f = -1177.03596333539
Optimization restart 13/20, f = -1185.8221941803538
Optimization restart 14/20, f = -1126.4478303908131
Optimization restart 15/20, f = -1183.208800465149
Optimization restart 16/20, f = -1174.7679282912268
Optimization restart 17/20, f = -1186.6679349915921
Optimization restart 18/20, f = -1177.3392789928982
Optimization restart 19/20, f = -1182.8450133669014
Optimization restart 20/20, f = -1184.7716857024097
pypal at iteration 101.         21 Pareto optimal points,         2047 discarded points,         1057 unclassified points.
Hypervolume 1476.1753778134398
pypal at iteration 102.         21 Pareto optimal points,         2048 discarded points,         1056 unclassified points.
Hypervolume 1476.1753778134398
pypal at iteration 103.         21 Pareto optimal points,         2050 discarded points,         1054 unclassified points.
Hypervolume 1476.1753778134398
pypal at iteration 104.         21 Pareto optimal points,         2051 discarded points,         1053 unclassified points.
Hypervolume 1476.1753778134398
pypal at iteration 105.         21 Pareto optimal points,         2052 discarded points,         1052 unclassified points.
Hypervolume 1476.1753778134398
pypal at iteration 106.         21 Pareto optimal points,         2196 discarded points,         908 unclassified points.
Hypervolume 1476.1753778134398
pypal at iteration 107.         21 Pareto optimal points,         2197 discarded points,         907 unclassified points.
Hypervolume 1476.1753778134398
pypal at iteration 108.         21 Pareto optimal points,         2198 discarded points,         906 unclassified points.
Hypervolume 1476.1753778134398
pypal at iteration 109.         21 Pareto optimal points,         2199 discarded points,         905 unclassified points.
Hypervolume 1476.1753778134398
pypal at iteration 110.         21 Pareto optimal points,         2200 discarded points,         904 unclassified points.
Hypervolume 1476.1753778134398
Optimization restart 1/20, f = -1246.2752700682222
Optimization restart 2/20, f = -1240.6914865293238
Optimization restart 3/20, f = -1244.1769995916006
Optimization restart 4/20, f = -1242.3299313238472
Optimization restart 5/20, f = -1238.8659104952094
Optimization restart 6/20, f = -1240.404526090595
Optimization restart 7/20, f = -858.5882919743448
Optimization restart 8/20, f = -1244.9669155288361
Optimization restart 9/20, f = -1243.1018339224881
Optimization restart 10/20, f = -1239.343859007398
Optimization restart 11/20, f = -1236.5427381679283
Optimization restart 12/20, f = -1243.9241833492392
Optimization restart 13/20, f = -1238.6564508717902
Optimization restart 14/20, f = -1242.5976063549097
Optimization restart 15/20, f = -1227.659786028517
Optimization restart 16/20, f = -1241.0355596020534
Optimization restart 17/20, f = -1245.1686026305529
Optimization restart 18/20, f = -1234.7521182454973
Optimization restart 19/20, f = -1245.6090537341342
Optimization restart 20/20, f = -1241.5567338715061
pypal at iteration 111.         21 Pareto optimal points,         2201 discarded points,         903 unclassified points.
Hypervolume 1476.1753778134398
pypal at iteration 112.         21 Pareto optimal points,         2201 discarded points,         903 unclassified points.
Hypervolume 1476.1753778134398
pypal at iteration 113.         21 Pareto optimal points,         2202 discarded points,         902 unclassified points.
Hypervolume 1476.1753778134398
pypal at iteration 114.         21 Pareto optimal points,         2203 discarded points,         901 unclassified points.
Hypervolume 1476.1753778134398
pypal at iteration 115.         21 Pareto optimal points,         2204 discarded points,         900 unclassified points.
Hypervolume 1476.1753778134398
pypal at iteration 116.         21 Pareto optimal points,         2205 discarded points,         899 unclassified points.
Hypervolume 1476.1753778134398
pypal at iteration 117.         21 Pareto optimal points,         2274 discarded points,         830 unclassified points.
Hypervolume 1476.1753778134398
pypal at iteration 118.         21 Pareto optimal points,         2275 discarded points,         829 unclassified points.
Hypervolume 1476.1753778134398
pypal at iteration 119.         21 Pareto optimal points,         2276 discarded points,         828 unclassified points.
Hypervolume 1476.1753778134398
pypal at iteration 120.         21 Pareto optimal points,         2277 discarded points,         827 unclassified points.
Hypervolume 1476.1753778134398
Optimization restart 1/20, f = -1315.25405829024
Optimization restart 2/20, f = -1312.9720718942772
Optimization restart 3/20, f = -1299.3270710562826
Optimization restart 4/20, f = -1300.9649843043362
Optimization restart 5/20, f = -1313.1227586523773
Optimization restart 6/20, f = -1314.5463251388933
Optimization restart 7/20, f = -1302.666428492766
Optimization restart 8/20, f = -1314.1264130851323
Optimization restart 9/20, f = -1311.7872858993778
Optimization restart 10/20, f = -1306.135520645869
Optimization restart 11/20, f = -1308.5259143867688
Optimization restart 12/20, f = -1261.6520915110923
Optimization restart 13/20, f = -1304.7825694484045
Optimization restart 14/20, f = -1313.6449196766512
Optimization restart 15/20, f = -1279.0370947040394
Optimization restart 16/20, f = -1306.7070724145542
Optimization restart 17/20, f = -1311.063780007557
Optimization restart 18/20, f = -1313.6081326221056
Optimization restart 19/20, f = -1313.4653295383791
Optimization restart 20/20, f = -1313.7117926367569
pypal at iteration 121.         21 Pareto optimal points,         2280 discarded points,         824 unclassified points.
Hypervolume 1476.1753778134398
pypal at iteration 122.         21 Pareto optimal points,         2281 discarded points,         823 unclassified points.
Hypervolume 1476.1753778134398
pypal at iteration 123.         21 Pareto optimal points,         2282 discarded points,         822 unclassified points.
Hypervolume 1476.1753778134398
pypal at iteration 124.         21 Pareto optimal points,         2283 discarded points,         821 unclassified points.
Hypervolume 1476.1753778134398
pypal at iteration 125.         21 Pareto optimal points,         2284 discarded points,         820 unclassified points.
Hypervolume 1476.1753778134398
pypal at iteration 126.         21 Pareto optimal points,         2285 discarded points,         819 unclassified points.
Hypervolume 1476.1753778134398
pypal at iteration 127.         21 Pareto optimal points,         2286 discarded points,         818 unclassified points.
Hypervolume 1476.1753778134398
pypal at iteration 128.         22 Pareto optimal points,         2698 discarded points,         405 unclassified points.
Hypervolume 1484.5929230760123
pypal at iteration 129.         22 Pareto optimal points,         2704 discarded points,         399 unclassified points.
Hypervolume 1484.5929230760123
pypal at iteration 130.         22 Pareto optimal points,         2705 discarded points,         398 unclassified points.
Hypervolume 1484.5929230760123
Optimization restart 1/20, f = -1366.1443631324207
Optimization restart 2/20, f = -1362.2577941109394
Optimization restart 3/20, f = -1326.4447418415932
Optimization restart 4/20, f = -1361.9237725231783
Optimization restart 5/20, f = -1355.0310859099218
Optimization restart 6/20, f = -1362.2805625748083
Optimization restart 7/20, f = -1359.474118590661
Optimization restart 8/20, f = -1365.5296420307602
Optimization restart 9/20, f = -1355.8981165933092
Optimization restart 10/20, f = -1361.192733708342
Optimization restart 11/20, f = -1287.3190834320135
Optimization restart 12/20, f = -1350.2747828482547
Optimization restart 13/20, f = -1357.0297058394553
Optimization restart 14/20, f = -1353.0224727487782
Optimization restart 15/20, f = -1351.3055590891545
Optimization restart 16/20, f = -1366.665012961068
Optimization restart 17/20, f = -1363.338588214732
Optimization restart 18/20, f = -1352.8051854148418
Optimization restart 19/20, f = -1352.9683579446678
Optimization restart 20/20, f = -1357.3037947115263
pypal at iteration 131.         22 Pareto optimal points,         2707 discarded points,         396 unclassified points.
Hypervolume 1484.5929230760123
pypal at iteration 132.         22 Pareto optimal points,         2708 discarded points,         395 unclassified points.
Hypervolume 1484.5929230760123
pypal at iteration 133.         22 Pareto optimal points,         2708 discarded points,         395 unclassified points.
Hypervolume 1484.5929230760123
pypal at iteration 134.         22 Pareto optimal points,         2708 discarded points,         395 unclassified points.
Hypervolume 1484.5929230760123
pypal at iteration 135.         22 Pareto optimal points,         2709 discarded points,         394 unclassified points.
Hypervolume 1484.5929230760123
pypal at iteration 136.         22 Pareto optimal points,         2710 discarded points,         393 unclassified points.
Hypervolume 1484.5929230760123
pypal at iteration 137.         22 Pareto optimal points,         2712 discarded points,         391 unclassified points.
Hypervolume 1484.5929230760123
pypal at iteration 138.         22 Pareto optimal points,         2713 discarded points,         390 unclassified points.
Hypervolume 1484.5929230760123
pypal at iteration 139.         22 Pareto optimal points,         2714 discarded points,         389 unclassified points.
Hypervolume 1484.5929230760123
pypal at iteration 140.         22 Pareto optimal points,         2715 discarded points,         388 unclassified points.
Hypervolume 1484.5929230760123
Optimization restart 1/20, f = -1425.4510887409701
Optimization restart 2/20, f = -1422.333697669645
Optimization restart 3/20, f = -1420.2963819301685
Optimization restart 4/20, f = -1424.2853849902774
Optimization restart 5/20, f = -1413.7172867613488
Optimization restart 6/20, f = -1421.1386003021244
Optimization restart 7/20, f = -1368.7518264222988
Optimization restart 8/20, f = -1410.5422416150418
Optimization restart 9/20, f = -1422.8027426600734
Optimization restart 10/20, f = -1414.4483587265572
Optimization restart 11/20, f = -1413.4128846296926
Optimization restart 12/20, f = -1410.856445835377
Optimization restart 13/20, f = -1421.142516136287
Optimization restart 14/20, f = -1406.9412928082809
Optimization restart 15/20, f = -1421.3219097189356
Optimization restart 16/20, f = -1422.7643741058605
Optimization restart 17/20, f = -1422.3501789892794
Optimization restart 18/20, f = -1408.5410225747746
Optimization restart 19/20, f = -1412.4486051372953
Optimization restart 20/20, f = -1419.2759100470366
pypal at iteration 141.         22 Pareto optimal points,         2716 discarded points,         387 unclassified points.
Hypervolume 1484.5929230760123
pypal at iteration 142.         22 Pareto optimal points,         2738 discarded points,         365 unclassified points.
Hypervolume 1484.5929230760123
pypal at iteration 143.         22 Pareto optimal points,         2739 discarded points,         364 unclassified points.
Hypervolume 1484.5929230760123
pypal at iteration 144.         22 Pareto optimal points,         2740 discarded points,         363 unclassified points.
Hypervolume 1484.5929230760123
pypal at iteration 145.         22 Pareto optimal points,         2741 discarded points,         362 unclassified points.
Hypervolume 1484.5929230760123
pypal at iteration 146.         22 Pareto optimal points,         2742 discarded points,         361 unclassified points.
Hypervolume 1484.5929230760123
pypal at iteration 147.         22 Pareto optimal points,         2743 discarded points,         360 unclassified points.
Hypervolume 1484.5929230760123
pypal at iteration 148.         22 Pareto optimal points,         2744 discarded points,         359 unclassified points.
Hypervolume 1484.5929230760123
pypal at iteration 149.         22 Pareto optimal points,         2745 discarded points,         358 unclassified points.
Hypervolume 1484.5929230760123
pypal at iteration 150.         23 Pareto optimal points,         2750 discarded points,         352 unclassified points.
Hypervolume 1485.1454088731714
Optimization restart 1/20, f = -1492.826206850942
Optimization restart 2/20, f = -1492.0526178656528
Optimization restart 3/20, f = -1476.4645983335477
Optimization restart 4/20, f = -1487.4879441123612
Optimization restart 5/20, f = -1485.6231779205705
Optimization restart 6/20, f = -1479.5562334208525
Optimization restart 7/20, f = -1489.3867854443167
Optimization restart 8/20, f = -1485.017374969551
Optimization restart 9/20, f = -1475.047381065526
Optimization restart 10/20, f = -1480.2114637109141
Optimization restart 11/20, f = -1486.070605325974
Optimization restart 12/20, f = -1487.8074491095804
Optimization restart 13/20, f = -1492.1986858536839
Optimization restart 14/20, f = -1437.3916812739876
Optimization restart 15/20, f = -1490.917610383941
Optimization restart 16/20, f = -1485.532133113479
Optimization restart 17/20, f = -1489.318484308944
Optimization restart 18/20, f = -1491.0053997843902
Optimization restart 19/20, f = -1490.6655968381365
Optimization restart 20/20, f = -1455.133435431869
pypal at iteration 151.         23 Pareto optimal points,         2752 discarded points,         350 unclassified points.
Hypervolume 1485.1454088731714
pypal at iteration 152.         23 Pareto optimal points,         2753 discarded points,         349 unclassified points.
Hypervolume 1485.1454088731714
pypal at iteration 153.         23 Pareto optimal points,         2754 discarded points,         348 unclassified points.
Hypervolume 1485.1454088731714
pypal at iteration 154.         23 Pareto optimal points,         2755 discarded points,         347 unclassified points.
Hypervolume 1485.1454088731714
pypal at iteration 155.         23 Pareto optimal points,         2756 discarded points,         346 unclassified points.
Hypervolume 1485.1454088731714
pypal at iteration 156.         23 Pareto optimal points,         2757 discarded points,         345 unclassified points.
Hypervolume 1485.1454088731714
pypal at iteration 157.         23 Pareto optimal points,         2758 discarded points,         344 unclassified points.
Hypervolume 1485.1454088731714
pypal at iteration 158.         23 Pareto optimal points,         2759 discarded points,         343 unclassified points.
Hypervolume 1485.1454088731714
pypal at iteration 159.         23 Pareto optimal points,         2760 discarded points,         342 unclassified points.
Hypervolume 1485.1454088731714
pypal at iteration 160.         23 Pareto optimal points,         2761 discarded points,         341 unclassified points.
Hypervolume 1485.1454088731714
Optimization restart 1/20, f = -1559.2582857084492
Optimization restart 2/20, f = -1288.6774940829018
Optimization restart 3/20, f = -1553.8502785290332
Optimization restart 4/20, f = -1547.2635792707426
Optimization restart 5/20, f = -1554.4937341214404
Optimization restart 6/20, f = -1538.1681424737721
Optimization restart 7/20, f = -1555.3273175374986
Optimization restart 8/20, f = -1539.4737865771974
Optimization restart 9/20, f = -1535.3950156052404
Optimization restart 10/20, f = -1555.3425221321422
Optimization restart 11/20, f = -1554.3226437039164
Optimization restart 12/20, f = -1557.3128506238031
Optimization restart 13/20, f = -1156.1196121646885
Optimization restart 14/20, f = -1555.4410985850402
Optimization restart 15/20, f = -1556.7403027889711
Optimization restart 16/20, f = -1556.8612646767315
Optimization restart 17/20, f = -1553.3100071749868
Optimization restart 18/20, f = -1553.3357572600014
Optimization restart 19/20, f = -1555.4417134969374
Optimization restart 20/20, f = -1544.561258806125
pypal at iteration 161.         23 Pareto optimal points,         2762 discarded points,         340 unclassified points.
Hypervolume 1485.1454088731714
pypal at iteration 162.         23 Pareto optimal points,         2763 discarded points,         339 unclassified points.
Hypervolume 1485.1454088731714
pypal at iteration 163.         23 Pareto optimal points,         2764 discarded points,         338 unclassified points.
Hypervolume 1485.1454088731714
pypal at iteration 164.         23 Pareto optimal points,         2767 discarded points,         335 unclassified points.
Hypervolume 1485.1454088731714
pypal at iteration 165.         23 Pareto optimal points,         2768 discarded points,         334 unclassified points.
Hypervolume 1485.1454088731714
pypal at iteration 166.         23 Pareto optimal points,         2770 discarded points,         332 unclassified points.
Hypervolume 1485.1454088731714
pypal at iteration 167.         23 Pareto optimal points,         2771 discarded points,         331 unclassified points.
Hypervolume 1485.1454088731714
pypal at iteration 168.         23 Pareto optimal points,         2772 discarded points,         330 unclassified points.
Hypervolume 1485.1454088731714
pypal at iteration 169.         23 Pareto optimal points,         2773 discarded points,         329 unclassified points.
Hypervolume 1485.1454088731714
pypal at iteration 170.         24 Pareto optimal points,         2865 discarded points,         236 unclassified points.
Hypervolume 1485.1454088731714
Optimization restart 1/20, f = -1623.6852583551358
Optimization restart 2/20, f = -1616.5462474733995
Optimization restart 3/20, f = -1613.695639281774
Optimization restart 4/20, f = -1621.4657015433995
Optimization restart 5/20, f = -1617.9138607375266
Optimization restart 6/20, f = -1620.2339826582763
Optimization restart 7/20, f = -1608.015064509715
Optimization restart 8/20, f = -1621.0205986558199
Optimization restart 9/20, f = -1618.7389579780865
Optimization restart 10/20, f = -1620.0425723211893
Optimization restart 11/20, f = -1619.3649046791734
Optimization restart 12/20, f = -1615.4119243712255
Optimization restart 13/20, f = -1607.2909110529722
Optimization restart 14/20, f = -1610.3752273410405
Optimization restart 15/20, f = -1621.0642306148343
Optimization restart 16/20, f = -1613.3038841073435
Optimization restart 17/20, f = -1426.6811582778278
Optimization restart 18/20, f = -1535.39320592666
Optimization restart 19/20, f = -1621.1802219565998
Optimization restart 20/20, f = -1619.5939711260244
pypal at iteration 171.         24 Pareto optimal points,         2866 discarded points,         235 unclassified points.
Hypervolume 1485.1454088731714
pypal at iteration 172.         24 Pareto optimal points,         2867 discarded points,         234 unclassified points.
Hypervolume 1485.1454088731714
pypal at iteration 173.         24 Pareto optimal points,         2868 discarded points,         233 unclassified points.
Hypervolume 1485.1454088731714
pypal at iteration 174.         25 Pareto optimal points,         2868 discarded points,         232 unclassified points.
Hypervolume 1486.3975230715564
pypal at iteration 175.         25 Pareto optimal points,         2869 discarded points,         231 unclassified points.
Hypervolume 1486.3975230715564
pypal at iteration 176.         25 Pareto optimal points,         2870 discarded points,         230 unclassified points.
Hypervolume 1486.3975230715564
pypal at iteration 177.         25 Pareto optimal points,         2871 discarded points,         229 unclassified points.
Hypervolume 1486.3975230715564
pypal at iteration 178.         26 Pareto optimal points,         2879 discarded points,         220 unclassified points.
Hypervolume 1489.213899790298
pypal at iteration 179.         26 Pareto optimal points,         2879 discarded points,         220 unclassified points.
Hypervolume 1489.213899790298
pypal at iteration 180.         26 Pareto optimal points,         2879 discarded points,         220 unclassified points.
Hypervolume 1489.213899790298
Optimization restart 1/20, f = -1677.2645917812522
Optimization restart 2/20, f = -1669.0270797239707
Optimization restart 3/20, f = -1653.0957776565358
Optimization restart 4/20, f = -1550.435106970056
Optimization restart 5/20, f = -1661.6687148916305
Optimization restart 6/20, f = -1675.333104110817
Optimization restart 7/20, f = -1668.3178140994164
Optimization restart 8/20, f = -1631.0320855288555
Optimization restart 9/20, f = -1665.2778617267381
Optimization restart 10/20, f = -1501.8076352344497
Optimization restart 11/20, f = -1650.474557793411
Optimization restart 12/20, f = -1674.7630659366077
Optimization restart 13/20, f = -1672.949582398944
Optimization restart 14/20, f = -1666.365862462997
Optimization restart 15/20, f = -1675.9580177810835
Optimization restart 16/20, f = -1524.2858638065954
Optimization restart 17/20, f = -1673.6614602635786
Optimization restart 18/20, f = -1646.184998968634
Optimization restart 19/20, f = -1674.6749872777825
Optimization restart 20/20, f = -1665.2355501400734
pypal at iteration 181.         26 Pareto optimal points,         2879 discarded points,         220 unclassified points.
Hypervolume 1489.213899790298
pypal at iteration 182.         26 Pareto optimal points,         2879 discarded points,         220 unclassified points.
Hypervolume 1489.213899790298
pypal at iteration 183.         26 Pareto optimal points,         2880 discarded points,         219 unclassified points.
Hypervolume 1489.213899790298
pypal at iteration 184.         26 Pareto optimal points,         2881 discarded points,         218 unclassified points.
Hypervolume 1489.213899790298
pypal at iteration 185.         26 Pareto optimal points,         2882 discarded points,         217 unclassified points.
Hypervolume 1489.213899790298
pypal at iteration 186.         26 Pareto optimal points,         2883 discarded points,         216 unclassified points.
Hypervolume 1489.213899790298
pypal at iteration 187.         26 Pareto optimal points,         2884 discarded points,         215 unclassified points.
Hypervolume 1489.213899790298
pypal at iteration 188.         26 Pareto optimal points,         2885 discarded points,         214 unclassified points.
Hypervolume 1489.213899790298
pypal at iteration 189.         27 Pareto optimal points,         3075 discarded points,         23 unclassified points.
Hypervolume 1506.5809474414418
pypal at iteration 190.         27 Pareto optimal points,         3076 discarded points,         22 unclassified points.
Hypervolume 1506.5809474414418
Optimization restart 1/20, f = -1726.9675276225894
Optimization restart 2/20, f = -1722.025448854944
Optimization restart 3/20, f = -1721.8170063082825
Optimization restart 4/20, f = -1705.6568270888527
Optimization restart 5/20, f = -1722.966363611001
Optimization restart 6/20, f = -1716.3357594111988
Optimization restart 7/20, f = -1721.5799792609737
Optimization restart 8/20, f = -1666.2592415632291
Optimization restart 9/20, f = -1715.5796147330946
Optimization restart 10/20, f = -1722.5519241413094
Optimization restart 11/20, f = -1524.2739535166256
Optimization restart 12/20, f = -1725.5237142052788
Optimization restart 13/20, f = -1709.3959886244754
Optimization restart 14/20, f = -1727.0434502172977
Optimization restart 15/20, f = -1672.1639395177435
Optimization restart 16/20, f = -1717.6870332538506
Optimization restart 17/20, f = -1721.2644008342165
Optimization restart 18/20, f = -1720.7764347278298
Optimization restart 19/20, f = -1723.3014151228454
Optimization restart 20/20, f = -1722.5156822695644
pypal at iteration 191.         27 Pareto optimal points,         3077 discarded points,         21 unclassified points.
Hypervolume 1506.5809474414418
pypal at iteration 192.         27 Pareto optimal points,         3077 discarded points,         21 unclassified points.
Hypervolume 1506.5809474414418
pypal at iteration 193.         27 Pareto optimal points,         3078 discarded points,         20 unclassified points.
Hypervolume 1506.5809474414418
pypal at iteration 194.         27 Pareto optimal points,         3079 discarded points,         19 unclassified points.
Hypervolume 1506.5809474414418
pypal at iteration 195.         27 Pareto optimal points,         3080 discarded points,         18 unclassified points.
Hypervolume 1506.5809474414418
pypal at iteration 196.         27 Pareto optimal points,         3081 discarded points,         17 unclassified points.
Hypervolume 1506.5809474414418
pypal at iteration 197.         27 Pareto optimal points,         3082 discarded points,         16 unclassified points.
Hypervolume 1506.5809474414418
pypal at iteration 198.         27 Pareto optimal points,         3083 discarded points,         15 unclassified points.
Hypervolume 1506.5809474414418
pypal at iteration 199.         27 Pareto optimal points,         3085 discarded points,         13 unclassified points.
Hypervolume 1506.5809474414418
pypal at iteration 200.         27 Pareto optimal points,         3086 discarded points,         12 unclassified points.
Hypervolume 1506.5809474414418
Optimization restart 1/20, f = -1779.5106792650813
Optimization restart 2/20, f = -1771.6782294461682
Optimization restart 3/20, f = -1774.522250299437
Optimization restart 4/20, f = -1775.0036382337864
Optimization restart 5/20, f = -1773.40637554299
Optimization restart 6/20, f = -1777.4036799970609
Optimization restart 7/20, f = -1772.9394891944557
Optimization restart 8/20, f = -1688.506628271522
Optimization restart 9/20, f = -1778.7732759648839
Optimization restart 10/20, f = -1774.1867075422651
Optimization restart 11/20, f = -1769.3550902786533
Optimization restart 12/20, f = -1769.8331294508196
Optimization restart 13/20, f = -1768.7650329273656
Optimization restart 14/20, f = -1767.7061571736067
Optimization restart 15/20, f = -1751.9245188255077
Optimization restart 16/20, f = -1776.8932246707086
Optimization restart 17/20, f = -1761.5990604625154
Optimization restart 18/20, f = -1756.8412606940171
Optimization restart 19/20, f = -1760.2101412061015
Optimization restart 20/20, f = -1772.2413838896068
pypal at iteration 201.         27 Pareto optimal points,         3087 discarded points,         11 unclassified points.
Hypervolume 1506.5809474414418
pypal at iteration 202.         27 Pareto optimal points,         3088 discarded points,         10 unclassified points.
Hypervolume 1506.5809474414418
pypal at iteration 203.         27 Pareto optimal points,         3089 discarded points,         9 unclassified points.
Hypervolume 1506.5809474414418
pypal at iteration 204.         27 Pareto optimal points,         3090 discarded points,         8 unclassified points.
Hypervolume 1506.5809474414418
pypal at iteration 205.         27 Pareto optimal points,         3091 discarded points,         7 unclassified points.
Hypervolume 1506.5809474414418
pypal at iteration 206.         27 Pareto optimal points,         3092 discarded points,         6 unclassified points.
Hypervolume 1506.5809474414418
pypal at iteration 207.         28 Pareto optimal points,         3092 discarded points,         5 unclassified points.
Hypervolume 1509.0717959731517
pypal at iteration 208.         28 Pareto optimal points,         3093 discarded points,         4 unclassified points.
Hypervolume 1509.0717959731517
pypal at iteration 209.         29 Pareto optimal points,         3093 discarded points,         3 unclassified points.
Hypervolume 1509.5636227198434
pypal at iteration 210.         29 Pareto optimal points,         3094 discarded points,         2 unclassified points.
Hypervolume 1509.5636227198434
Optimization restart 1/20, f = -1829.780493802928
Optimization restart 2/20, f = -1824.4082393948916
Optimization restart 3/20, f = -1829.2304252912156
Optimization restart 4/20, f = -1823.826902390168
Optimization restart 5/20, f = -1827.1519267751808
Optimization restart 6/20, f = -1813.4537259231229
Optimization restart 7/20, f = -1825.0910710202572
Optimization restart 8/20, f = -1826.155268441154
Optimization restart 9/20, f = -1826.66637417656
Optimization restart 10/20, f = -1826.181312859721
Optimization restart 11/20, f = -1779.8400746427458
Optimization restart 12/20, f = -1827.2634764476102
Optimization restart 13/20, f = -1785.6464390115498
Optimization restart 14/20, f = -1511.7006646417858
Optimization restart 15/20, f = -1825.3767843070054
Optimization restart 16/20, f = -1819.471761930788
Optimization restart 17/20, f = -1667.9861840920717
Optimization restart 18/20, f = -1824.940710578829
Optimization restart 19/20, f = -1816.6943490524457
Optimization restart 20/20, f = -1654.4829379982223
pypal at iteration 211.         29 Pareto optimal points,         3095 discarded points,         1 unclassified points.
Hypervolume 1509.5636227198434
Done. No unclassified point left
pypal at iteration 211.         29 Pareto optimal points,         3096 discarded points,         0 unclassified points.
Hypervolume 1509.5636227198434
