 /home/kjablonk/anaconda3/envs/dispersant_screener/lib/python3.7/site-packages/sklearn/utils/deprecation.py:143: FutureWarning:The sklearn.preprocessing.data module is  deprecated in version 0.22 and will be removed in version 0.24. The corresponding classes / functions should instead be imported from sklearn.preprocessing. Anything that cannot be imported from sklearn.preprocessing is now part of the private API.
 /home/kjablonk/programs/pypal/pypal/pal/validate_inputs.py:146: UserWarning:No goals provided,                 will assume that every dimension should be maximized
 /home/kjablonk/anaconda3/envs/dispersant_screener/lib/python3.7/site-packages/GPy/kern/src/stationary.py:166: RuntimeWarning:overflow encountered in true_divide
 /home/kjablonk/anaconda3/envs/dispersant_screener/lib/python3.7/site-packages/GPy/kern/src/stationary.py:137: RuntimeWarning:overflow encountered in square
 /home/kjablonk/anaconda3/envs/dispersant_screener/lib/python3.7/site-packages/GPy/kern/src/stationary.py:138: RuntimeWarning:invalid value encountered in add
 /home/kjablonk/anaconda3/envs/dispersant_screener/lib/python3.7/site-packages/GPy/kern/src/stationary.py:565: RuntimeWarning:invalid value encountered in multiply
 /home/kjablonk/anaconda3/envs/dispersant_screener/lib/python3.7/site-packages/GPy/kern/src/stationary.py:568: RuntimeWarning:invalid value encountered in subtract
 /home/kjablonk/anaconda3/envs/dispersant_screener/lib/python3.7/site-packages/paramz/transformations.py:111: RuntimeWarning:overflow encountered in expm1
 /home/kjablonk/anaconda3/envs/dispersant_screener/lib/python3.7/site-packages/GPy/kern/src/stationary.py:166: RuntimeWarning:overflow encountered in true_divide
 /home/kjablonk/anaconda3/envs/dispersant_screener/lib/python3.7/site-packages/GPy/kern/src/stationary.py:137: RuntimeWarning:overflow encountered in square
 /home/kjablonk/anaconda3/envs/dispersant_screener/lib/python3.7/site-packages/GPy/kern/src/stationary.py:138: RuntimeWarning:invalid value encountered in add
 /home/kjablonk/anaconda3/envs/dispersant_screener/lib/python3.7/site-packages/GPy/kern/src/stationary.py:565: RuntimeWarning:invalid value encountered in multiply
 /home/kjablonk/anaconda3/envs/dispersant_screener/lib/python3.7/site-packages/GPy/kern/src/stationary.py:568: RuntimeWarning:invalid value encountered in subtract
 /home/kjablonk/anaconda3/envs/dispersant_screener/lib/python3.7/site-packages/GPy/kern/src/stationary.py:243: RuntimeWarning:invalid value encountered in true_divide
 /home/kjablonk/anaconda3/envs/dispersant_screener/lib/python3.7/site-packages/GPy/kern/src/stationary.py:565: RuntimeWarning:overflow encountered in multiply
 /home/kjablonk/anaconda3/envs/dispersant_screener/lib/python3.7/site-packages/GPy/kern/src/stationary.py:568: RuntimeWarning:overflow encountered in multiply
 /home/kjablonk/anaconda3/envs/dispersant_screener/lib/python3.7/site-packages/GPy/kern/src/stationary.py:568: RuntimeWarning:invalid value encountered in multiply
 /home/kjablonk/anaconda3/envs/dispersant_screener/lib/python3.7/site-packages/numpy/core/_asarray.py:136: VisibleDeprecationWarning:Creating an ndarray from ragged nested sequences (which is a list-or-tuple of lists-or-tuples-or ndarrays with different lengths or shapes) is deprecated. If you meant to do this, you must specify 'dtype=object' when creating the ndarray
Maximum hypervolume 1536.0438526567837
STARTING PAL
Optimization restart 1/20, f = -36.12082976325052
Optimization restart 2/20, f = -28.63111256480182
Optimization restart 3/20, f = -23.278418511092976
Optimization restart 4/20, f = -35.619985290643484
Optimization restart 5/20, f = -34.096354390017936
Optimization restart 6/20, f = -23.92702701846813
Optimization restart 7/20, f = -24.56353804925777
Optimization restart 8/20, f = -36.12072084780799
Optimization restart 9/20, f = -36.11881293450383
Optimization restart 10/20, f = -34.567244225313516
Optimization restart 11/20, f = -29.49835436323185
Optimization restart 12/20, f = -28.50067953227759
Optimization restart 13/20, f = -36.11449793412966
Optimization restart 14/20, f = -36.09286774260168
Optimization restart 15/20, f = -27.863890329699778
Optimization restart 16/20, f = -24.069686147576657
Optimization restart 17/20, f = -29.391434536039988
Optimization restart 18/20, f = -33.81223509224643
Optimization restart 19/20, f = -29.77006045388117
Optimization restart 20/20, f = -29.973579504239638
pypal at iteration 1.         0 Pareto optimal points,         35 discarded points,         3090 unclassified points.
Hypervolume 0
pypal at iteration 2.         0 Pareto optimal points,         778 discarded points,         2347 unclassified points.
Hypervolume 0
pypal at iteration 3.         0 Pareto optimal points,         778 discarded points,         2347 unclassified points.
Hypervolume 0
pypal at iteration 4.         8 Pareto optimal points,         783 discarded points,         2334 unclassified points.
Hypervolume 1225.0737521790259
pypal at iteration 5.         14 Pareto optimal points,         785 discarded points,         2326 unclassified points.
Hypervolume 1258.4669975447914
pypal at iteration 6.         14 Pareto optimal points,         929 discarded points,         2182 unclassified points.
Hypervolume 1258.4669975447914
pypal at iteration 7.         20 Pareto optimal points,         932 discarded points,         2173 unclassified points.
Hypervolume 1289.480977798152
pypal at iteration 8.         20 Pareto optimal points,         1470 discarded points,         1635 unclassified points.
Hypervolume 1289.480977798152
pypal at iteration 9.         88 Pareto optimal points,         1471 discarded points,         1566 unclassified points.
Hypervolume 1352.6804562391821
pypal at iteration 10.         92 Pareto optimal points,         1482 discarded points,         1551 unclassified points.
Hypervolume 1353.142154413571
Optimization restart 1/20, f = -66.2211319502656
Optimization restart 2/20, f = -86.22904054493586
Optimization restart 3/20, f = -87.00365982077705
Optimization restart 4/20, f = -78.20636534898378
Optimization restart 5/20, f = -68.46310382268123
Optimization restart 6/20, f = -86.22904948195142
Optimization restart 7/20, f = -87.12106279395371
Optimization restart 8/20, f = -87.21336522460537
Optimization restart 9/20, f = -86.3660433611631
Optimization restart 10/20, f = -86.83367785085156
Optimization restart 11/20, f = -87.24244310962737
Optimization restart 12/20, f = -85.69041688095892
Optimization restart 13/20, f = -85.7728582935998
Optimization restart 14/20, f = -86.22901059019887
Optimization restart 15/20, f = -87.05722458997073
Optimization restart 16/20, f = -86.72479211286694
Optimization restart 17/20, f = -85.7856086487152
Optimization restart 18/20, f = -85.38240277792053
Optimization restart 19/20, f = 9.995600864406118
Optimization restart 20/20, f = -87.32515779003975
pypal at iteration 11.         115 Pareto optimal points,         2073 discarded points,         937 unclassified points.
Hypervolume 1353.2124416840293
pypal at iteration 12.         115 Pareto optimal points,         2180 discarded points,         830 unclassified points.
Hypervolume 1353.2124416840293
pypal at iteration 13.         115 Pareto optimal points,         2182 discarded points,         828 unclassified points.
Hypervolume 1353.2124416840293
pypal at iteration 14.         130 Pareto optimal points,         2215 discarded points,         780 unclassified points.
Hypervolume 1367.4339153276414
pypal at iteration 15.         130 Pareto optimal points,         2224 discarded points,         771 unclassified points.
Hypervolume 1367.4339153276414
pypal at iteration 16.         130 Pareto optimal points,         2234 discarded points,         761 unclassified points.
Hypervolume 1367.4339153276414
pypal at iteration 17.         132 Pareto optimal points,         2260 discarded points,         733 unclassified points.
Hypervolume 1367.4339153276414
pypal at iteration 18.         134 Pareto optimal points,         2269 discarded points,         722 unclassified points.
Hypervolume 1388.666253011276
pypal at iteration 19.         134 Pareto optimal points,         2290 discarded points,         701 unclassified points.
Hypervolume 1388.666253011276
pypal at iteration 20.         134 Pareto optimal points,         2306 discarded points,         685 unclassified points.
Hypervolume 1388.666253011276
Optimization restart 1/20, f = -135.9238106520332
Optimization restart 2/20, f = -135.57041794934938
Optimization restart 3/20, f = -135.84159096242314
Optimization restart 4/20, f = -130.6389785302232
Optimization restart 5/20, f = -135.79533154645623
Optimization restart 6/20, f = -135.71951274174896
Optimization restart 7/20, f = -135.8978060711658
Optimization restart 8/20, f = -135.7247235971701
Optimization restart 9/20, f = -115.79590111251972
Optimization restart 10/20, f = -90.45252339363059
Optimization restart 11/20, f = -135.88110699336244
Optimization restart 12/20, f = -135.8797934926543
Optimization restart 13/20, f = -135.75851776300482
Optimization restart 14/20, f = -135.85555384331101
Optimization restart 15/20, f = -135.88062456974637
Optimization restart 16/20, f = -115.6878781822708
Optimization restart 17/20, f = -133.77553509692612
Optimization restart 18/20, f = -130.59725656706343
Optimization restart 19/20, f = -135.60874126418548
Optimization restart 20/20, f = -115.78277886445497
pypal at iteration 21.         134 Pareto optimal points,         2332 discarded points,         659 unclassified points.
Hypervolume 1388.666253011276
pypal at iteration 22.         134 Pareto optimal points,         2332 discarded points,         659 unclassified points.
Hypervolume 1388.666253011276
pypal at iteration 23.         134 Pareto optimal points,         2334 discarded points,         657 unclassified points.
Hypervolume 1388.666253011276
pypal at iteration 24.         134 Pareto optimal points,         2338 discarded points,         653 unclassified points.
Hypervolume 1388.666253011276
pypal at iteration 25.         134 Pareto optimal points,         2339 discarded points,         652 unclassified points.
Hypervolume 1388.666253011276
pypal at iteration 26.         134 Pareto optimal points,         2339 discarded points,         652 unclassified points.
Hypervolume 1388.666253011276
pypal at iteration 27.         134 Pareto optimal points,         2340 discarded points,         651 unclassified points.
Hypervolume 1388.666253011276
pypal at iteration 28.         134 Pareto optimal points,         2343 discarded points,         648 unclassified points.
Hypervolume 1388.666253011276
pypal at iteration 29.         134 Pareto optimal points,         2343 discarded points,         648 unclassified points.
Hypervolume 1388.666253011276
pypal at iteration 30.         135 Pareto optimal points,         2345 discarded points,         645 unclassified points.
Hypervolume 1388.666253011276
Optimization restart 1/20, f = -197.55631252001874
Optimization restart 2/20, f = -160.25148214401662
Optimization restart 3/20, f = -186.71919421950753
Optimization restart 4/20, f = -198.45586125422975
Optimization restart 5/20, f = -189.98078157277686
Optimization restart 6/20, f = -188.7195538531279
Optimization restart 7/20, f = -172.29462253548851
Optimization restart 8/20, f = -190.01911882292353
Optimization restart 9/20, f = -191.06731652872227
Optimization restart 10/20, f = -189.4400981253945
Optimization restart 11/20, f = -186.69425223226654
Optimization restart 12/20, f = -185.42153069486773
Optimization restart 13/20, f = -145.2183515181032
Optimization restart 14/20, f = -190.2028811751786
Optimization restart 15/20, f = -186.9182996496359
Optimization restart 16/20, f = -196.98044066220208
Optimization restart 17/20, f = -186.74744704024639
Optimization restart 18/20, f = -144.63685703307277
Optimization restart 19/20, f = -176.5125406867024
Optimization restart 20/20, f = -202.65813441125695
pypal at iteration 31.         148 Pareto optimal points,         2442 discarded points,         535 unclassified points.
Hypervolume 1389.3263866856812
pypal at iteration 32.         150 Pareto optimal points,         2446 discarded points,         529 unclassified points.
Hypervolume 1389.3263866856812
pypal at iteration 33.         150 Pareto optimal points,         2473 discarded points,         502 unclassified points.
Hypervolume 1389.3263866856812
pypal at iteration 34.         162 Pareto optimal points,         2506 discarded points,         457 unclassified points.
Hypervolume 1401.7110738653307
pypal at iteration 35.         162 Pareto optimal points,         2515 discarded points,         448 unclassified points.
Hypervolume 1401.7110738653307
pypal at iteration 36.         169 Pareto optimal points,         2532 discarded points,         424 unclassified points.
Hypervolume 1401.7110738653307
pypal at iteration 37.         169 Pareto optimal points,         2806 discarded points,         150 unclassified points.
Hypervolume 1401.7110738653307
pypal at iteration 38.         169 Pareto optimal points,         2807 discarded points,         149 unclassified points.
Hypervolume 1401.7110738653307
pypal at iteration 39.         169 Pareto optimal points,         2807 discarded points,         149 unclassified points.
Hypervolume 1401.7110738653307
pypal at iteration 40.         169 Pareto optimal points,         2817 discarded points,         139 unclassified points.
Hypervolume 1401.7110738653307
Optimization restart 1/20, f = -240.5411288246416
Optimization restart 2/20, f = -223.9432247790752
Optimization restart 3/20, f = -248.75251792687337
Optimization restart 4/20, f = -231.16303909771966
Optimization restart 5/20, f = -248.96439402056052
Optimization restart 6/20, f = -227.47452626288924
Optimization restart 7/20, f = -225.78022506879134
Optimization restart 8/20, f = -227.5737588664156
Optimization restart 9/20, f = -247.70060152710275
Optimization restart 10/20, f = -248.7227377802529
Optimization restart 11/20, f = -248.69217357904557
Optimization restart 12/20, f = -249.61040192560563
Optimization restart 13/20, f = -249.38406066226887
Optimization restart 14/20, f = -250.06695972585962
Optimization restart 15/20, f = -249.09479976491204
Optimization restart 16/20, f = -249.19489403337576
Optimization restart 17/20, f = -237.58368426261958
Optimization restart 18/20, f = -249.66869117150233
Optimization restart 19/20, f = -246.43855485492216
Optimization restart 20/20, f = -225.28195960049987
pypal at iteration 41.         169 Pareto optimal points,         2821 discarded points,         135 unclassified points.
Hypervolume 1401.7110738653307
pypal at iteration 42.         169 Pareto optimal points,         2821 discarded points,         135 unclassified points.
Hypervolume 1401.7110738653307
pypal at iteration 43.         169 Pareto optimal points,         2821 discarded points,         135 unclassified points.
Hypervolume 1401.7110738653307
pypal at iteration 44.         169 Pareto optimal points,         2821 discarded points,         135 unclassified points.
Hypervolume 1401.7110738653307
pypal at iteration 45.         169 Pareto optimal points,         2822 discarded points,         134 unclassified points.
Hypervolume 1401.7110738653307
pypal at iteration 46.         169 Pareto optimal points,         2848 discarded points,         108 unclassified points.
Hypervolume 1401.7110738653307
pypal at iteration 47.         169 Pareto optimal points,         2848 discarded points,         108 unclassified points.
Hypervolume 1401.7110738653307
pypal at iteration 48.         169 Pareto optimal points,         2848 discarded points,         108 unclassified points.
Hypervolume 1401.7110738653307
pypal at iteration 49.         169 Pareto optimal points,         2848 discarded points,         108 unclassified points.
Hypervolume 1401.7110738653307
pypal at iteration 50.         169 Pareto optimal points,         2848 discarded points,         108 unclassified points.
Hypervolume 1401.7110738653307
Optimization restart 1/20, f = -309.6305239771557
Optimization restart 2/20, f = -281.8569990070475
Optimization restart 3/20, f = -281.38985426851093
Optimization restart 4/20, f = -309.56883894347675
Optimization restart 5/20, f = -308.97402686280884
Optimization restart 6/20, f = -308.0862486159526
Optimization restart 7/20, f = -298.6070386314733
Optimization restart 8/20, f = -281.56377988818184
Optimization restart 9/20, f = -281.6726379058455
Optimization restart 10/20, f = -282.25862556554176
Optimization restart 11/20, f = -301.050329588155
Optimization restart 12/20, f = -281.7613020929058
Optimization restart 13/20, f = -285.031280920898
Optimization restart 14/20, f = -281.44598821738373
Optimization restart 15/20, f = -307.9188958723719
Optimization restart 16/20, f = -281.89694475267356
Optimization restart 17/20, f = -309.2477833523724
Optimization restart 18/20, f = -233.3238797107112
Optimization restart 19/20, f = -283.87582587075894
Optimization restart 20/20, f = -308.0519217190341
pypal at iteration 51.         169 Pareto optimal points,         2848 discarded points,         108 unclassified points.
Hypervolume 1401.7110738653307
pypal at iteration 52.         169 Pareto optimal points,         2848 discarded points,         108 unclassified points.
Hypervolume 1401.7110738653307
pypal at iteration 53.         174 Pareto optimal points,         2877 discarded points,         74 unclassified points.
Hypervolume 1418.5781774454595
pypal at iteration 54.         174 Pareto optimal points,         2877 discarded points,         74 unclassified points.
Hypervolume 1418.5781774454595
pypal at iteration 55.         174 Pareto optimal points,         2877 discarded points,         74 unclassified points.
Hypervolume 1418.5781774454595
pypal at iteration 56.         174 Pareto optimal points,         2877 discarded points,         74 unclassified points.
Hypervolume 1418.5781774454595
pypal at iteration 57.         174 Pareto optimal points,         2877 discarded points,         74 unclassified points.
Hypervolume 1418.5781774454595
pypal at iteration 58.         174 Pareto optimal points,         2877 discarded points,         74 unclassified points.
Hypervolume 1418.5781774454595
pypal at iteration 59.         174 Pareto optimal points,         2877 discarded points,         74 unclassified points.
Hypervolume 1418.5781774454595
pypal at iteration 60.         174 Pareto optimal points,         2877 discarded points,         74 unclassified points.
Hypervolume 1418.5781774454595
Optimization restart 1/20, f = -364.40872340795147
Optimization restart 2/20, f = -362.96225915643186
Optimization restart 3/20, f = -364.1368444100597
Optimization restart 4/20, f = -271.1015998284305
Optimization restart 5/20, f = -284.0995709403313
Optimization restart 6/20, f = -363.5963945232138
Optimization restart 7/20, f = -341.57311949250266
Optimization restart 8/20, f = -317.2134520069387
Optimization restart 9/20, f = -317.6895747613314
Optimization restart 10/20, f = -363.5116489486455
Optimization restart 11/20, f = -360.6743096583349
Optimization restart 12/20, f = -360.70324783562836
Optimization restart 13/20, f = -363.0598460546663
Optimization restart 14/20, f = -318.33993403219677
Optimization restart 15/20, f = -363.7181031558196
Optimization restart 16/20, f = -364.0268959900858
Optimization restart 17/20, f = -360.48363419642584
Optimization restart 18/20, f = -364.22441942483795
Optimization restart 19/20, f = -318.4392574812978
Optimization restart 20/20, f = -322.92643202355856
pypal at iteration 61.         174 Pareto optimal points,         2877 discarded points,         74 unclassified points.
Hypervolume 1418.5781774454595
pypal at iteration 62.         174 Pareto optimal points,         2877 discarded points,         74 unclassified points.
Hypervolume 1418.5781774454595
pypal at iteration 63.         174 Pareto optimal points,         2877 discarded points,         74 unclassified points.
Hypervolume 1418.5781774454595
pypal at iteration 64.         174 Pareto optimal points,         2877 discarded points,         74 unclassified points.
Hypervolume 1418.5781774454595
pypal at iteration 65.         174 Pareto optimal points,         2877 discarded points,         74 unclassified points.
Hypervolume 1418.5781774454595
pypal at iteration 66.         174 Pareto optimal points,         2877 discarded points,         74 unclassified points.
Hypervolume 1418.5781774454595
pypal at iteration 67.         174 Pareto optimal points,         2877 discarded points,         74 unclassified points.
Hypervolume 1418.5781774454595
pypal at iteration 68.         174 Pareto optimal points,         2877 discarded points,         74 unclassified points.
Hypervolume 1418.5781774454595
pypal at iteration 69.         174 Pareto optimal points,         2877 discarded points,         74 unclassified points.
Hypervolume 1418.5781774454595
pypal at iteration 70.         174 Pareto optimal points,         2877 discarded points,         74 unclassified points.
Hypervolume 1418.5781774454595
Optimization restart 1/20, f = -420.689934445552
Optimization restart 2/20, f = -419.67647284174166
Optimization restart 3/20, f = -419.6133903262277
Optimization restart 4/20, f = -343.5914103645066
Optimization restart 5/20, f = -416.65947421838405
Optimization restart 6/20, f = -420.2212288730051
Optimization restart 7/20, f = -345.1094010039815
Optimization restart 8/20, f = -414.29582068105566
Optimization restart 9/20, f = -412.8775937083427
Optimization restart 10/20, f = -420.61064942101456
Optimization restart 11/20, f = -419.5952114780279
Optimization restart 12/20, f = -340.40385422653446
Optimization restart 13/20, f = -420.021372533658
Optimization restart 14/20, f = -420.4984047212273
Optimization restart 15/20, f = -419.6519044324415
Optimization restart 16/20, f = -419.86669485025897
Optimization restart 17/20, f = -383.3959526143879
Optimization restart 18/20, f = -419.7183210985718
Optimization restart 19/20, f = -417.0218236374285
Optimization restart 20/20, f = -413.0753904197701
pypal at iteration 71.         174 Pareto optimal points,         2877 discarded points,         74 unclassified points.
Hypervolume 1418.5781774454595
pypal at iteration 72.         174 Pareto optimal points,         2877 discarded points,         74 unclassified points.
Hypervolume 1418.5781774454595
pypal at iteration 73.         174 Pareto optimal points,         2877 discarded points,         74 unclassified points.
Hypervolume 1418.5781774454595
pypal at iteration 74.         174 Pareto optimal points,         2877 discarded points,         74 unclassified points.
Hypervolume 1418.5781774454595
pypal at iteration 75.         174 Pareto optimal points,         2877 discarded points,         74 unclassified points.
Hypervolume 1418.5781774454595
pypal at iteration 76.         174 Pareto optimal points,         2877 discarded points,         74 unclassified points.
Hypervolume 1418.5781774454595
pypal at iteration 77.         174 Pareto optimal points,         2877 discarded points,         74 unclassified points.
Hypervolume 1418.5781774454595
pypal at iteration 78.         174 Pareto optimal points,         2877 discarded points,         74 unclassified points.
Hypervolume 1418.5781774454595
pypal at iteration 79.         174 Pareto optimal points,         2877 discarded points,         74 unclassified points.
Hypervolume 1418.5781774454595
pypal at iteration 80.         174 Pareto optimal points,         2877 discarded points,         74 unclassified points.
Hypervolume 1418.5781774454595
Optimization restart 1/20, f = -483.4937063377773
Optimization restart 2/20, f = -482.7313756332164
Optimization restart 3/20, f = -479.50430223344057
Optimization restart 4/20, f = -478.94991534496876
Optimization restart 5/20, f = -483.1863136466775
Optimization restart 6/20, f = -391.0462634262659
Optimization restart 7/20, f = -483.4413934535492
Optimization restart 8/20, f = -479.20994437553816
Optimization restart 9/20, f = -482.8857243104419
Optimization restart 10/20, f = -478.67435142369146
Optimization restart 11/20, f = -482.210789601888
Optimization restart 12/20, f = -400.19970730237037
Optimization restart 13/20, f = -397.0469469660964
Optimization restart 14/20, f = -482.84216104712164
Optimization restart 15/20, f = -481.68192731834347
Optimization restart 16/20, f = -483.1005632490583
Optimization restart 17/20, f = -401.642954995411
Optimization restart 18/20, f = -479.3474778932042
Optimization restart 19/20, f = -397.7416369252797
Optimization restart 20/20, f = -482.9176540431686
pypal at iteration 81.         174 Pareto optimal points,         2877 discarded points,         74 unclassified points.
Hypervolume 1418.5781774454595
pypal at iteration 82.         174 Pareto optimal points,         2877 discarded points,         74 unclassified points.
Hypervolume 1418.5781774454595
pypal at iteration 83.         174 Pareto optimal points,         2877 discarded points,         74 unclassified points.
Hypervolume 1418.5781774454595
pypal at iteration 84.         174 Pareto optimal points,         2877 discarded points,         74 unclassified points.
Hypervolume 1418.5781774454595
pypal at iteration 85.         174 Pareto optimal points,         2877 discarded points,         74 unclassified points.
Hypervolume 1418.5781774454595
pypal at iteration 86.         174 Pareto optimal points,         2877 discarded points,         74 unclassified points.
Hypervolume 1418.5781774454595
pypal at iteration 87.         174 Pareto optimal points,         2877 discarded points,         74 unclassified points.
Hypervolume 1418.5781774454595
pypal at iteration 88.         174 Pareto optimal points,         2877 discarded points,         74 unclassified points.
Hypervolume 1418.5781774454595
pypal at iteration 89.         174 Pareto optimal points,         2877 discarded points,         74 unclassified points.
Hypervolume 1418.5781774454595
pypal at iteration 90.         174 Pareto optimal points,         2877 discarded points,         74 unclassified points.
Hypervolume 1418.5781774454595
Optimization restart 1/20, f = -544.3776513481937
Optimization restart 2/20, f = -543.8788809163424
Optimization restart 3/20, f = -537.3956048757593
Optimization restart 4/20, f = -453.5045709921838
Optimization restart 5/20, f = -496.8430007352689
Optimization restart 6/20, f = -544.3486111118541
Optimization restart 7/20, f = -544.489573161579
Optimization restart 8/20, f = -544.1204278412498
Optimization restart 9/20, f = -341.5565279158965
Optimization restart 10/20, f = -543.0275273573806
Optimization restart 11/20, f = -543.014718885034
Optimization restart 12/20, f = -536.5184604907734
Optimization restart 13/20, f = -543.7081750868251
Optimization restart 14/20, f = -451.4747997837453
Optimization restart 15/20, f = -543.6429264788198
Optimization restart 16/20, f = -543.4421220452123
Optimization restart 17/20, f = -539.1992706254798
Optimization restart 18/20, f = -540.4574601895544
Optimization restart 19/20, f = -544.5509753282631
Optimization restart 20/20, f = -544.2060452080797
pypal at iteration 91.         174 Pareto optimal points,         2878 discarded points,         73 unclassified points.
Hypervolume 1418.5781774454595
pypal at iteration 92.         174 Pareto optimal points,         2879 discarded points,         72 unclassified points.
Hypervolume 1418.5781774454595
pypal at iteration 93.         174 Pareto optimal points,         2879 discarded points,         72 unclassified points.
Hypervolume 1418.5781774454595
pypal at iteration 94.         174 Pareto optimal points,         2879 discarded points,         72 unclassified points.
Hypervolume 1418.5781774454595
pypal at iteration 95.         174 Pareto optimal points,         2879 discarded points,         72 unclassified points.
Hypervolume 1418.5781774454595
pypal at iteration 96.         174 Pareto optimal points,         2879 discarded points,         72 unclassified points.
Hypervolume 1418.5781774454595
pypal at iteration 97.         174 Pareto optimal points,         2879 discarded points,         72 unclassified points.
Hypervolume 1418.5781774454595
pypal at iteration 98.         174 Pareto optimal points,         2879 discarded points,         72 unclassified points.
Hypervolume 1418.5781774454595
pypal at iteration 99.         174 Pareto optimal points,         2879 discarded points,         72 unclassified points.
Hypervolume 1418.5781774454595
pypal at iteration 100.         174 Pareto optimal points,         2879 discarded points,         72 unclassified points.
Hypervolume 1418.5781774454595
Optimization restart 1/20, f = -610.6989117953545
Optimization restart 2/20, f = -609.9080371520231
Optimization restart 3/20, f = -610.0700521040791
Optimization restart 4/20, f = -606.878278693658
Optimization restart 5/20, f = -608.040344516384
Optimization restart 6/20, f = -606.2370743094701
Optimization restart 7/20, f = -592.144230184503
Optimization restart 8/20, f = -609.6094957165694
Optimization restart 9/20, f = -603.6530823655289
Optimization restart 10/20, f = -329.19431795345554
Optimization restart 11/20, f = -609.9627154318506
Optimization restart 12/20, f = -608.4861689221419
Optimization restart 13/20, f = -567.8178353595105
Optimization restart 14/20, f = -610.1071603786552
Optimization restart 15/20, f = -609.7633156849189
Optimization restart 16/20, f = -605.0462199463548
Optimization restart 17/20, f = -605.3493588441903
Optimization restart 18/20, f = -511.40900390703723
Optimization restart 19/20, f = -609.6116291287462
Optimization restart 20/20, f = -608.346878435078
pypal at iteration 101.         174 Pareto optimal points,         2879 discarded points,         72 unclassified points.
Hypervolume 1418.5781774454595
pypal at iteration 102.         174 Pareto optimal points,         2879 discarded points,         72 unclassified points.
Hypervolume 1418.5781774454595
pypal at iteration 103.         174 Pareto optimal points,         2879 discarded points,         72 unclassified points.
Hypervolume 1418.5781774454595
pypal at iteration 104.         174 Pareto optimal points,         2879 discarded points,         72 unclassified points.
Hypervolume 1418.5781774454595
pypal at iteration 105.         174 Pareto optimal points,         2879 discarded points,         72 unclassified points.
Hypervolume 1418.5781774454595
pypal at iteration 106.         174 Pareto optimal points,         2879 discarded points,         72 unclassified points.
Hypervolume 1418.5781774454595
pypal at iteration 107.         174 Pareto optimal points,         2879 discarded points,         72 unclassified points.
Hypervolume 1418.5781774454595
pypal at iteration 108.         174 Pareto optimal points,         2879 discarded points,         72 unclassified points.
Hypervolume 1418.5781774454595
pypal at iteration 109.         174 Pareto optimal points,         2879 discarded points,         72 unclassified points.
Hypervolume 1418.5781774454595
pypal at iteration 110.         174 Pareto optimal points,         2879 discarded points,         72 unclassified points.
Hypervolume 1418.5781774454595
Optimization restart 1/20, f = -670.4985114670869
Optimization restart 2/20, f = -664.9835245578614
Optimization restart 3/20, f = -665.7915581514923
Optimization restart 4/20, f = -670.095556974152
Optimization restart 5/20, f = -555.2798187494705
Optimization restart 6/20, f = -669.9064307504495
Optimization restart 7/20, f = -490.80223344299634
Optimization restart 8/20, f = -644.5159936832893
Optimization restart 9/20, f = -670.0714115412108
Optimization restart 10/20, f = -664.5969750049433
Optimization restart 11/20, f = -665.9875637723835
Optimization restart 12/20, f = -668.8361270621363
Optimization restart 13/20, f = -551.4303646983337
Optimization restart 14/20, f = -670.0854057379064
Optimization restart 15/20, f = -667.4603766951943
Optimization restart 16/20, f = -664.2108539930607
Optimization restart 17/20, f = -551.3842465987402
Optimization restart 18/20, f = -669.9177129370677
Optimization restart 19/20, f = -661.9595427691931
Optimization restart 20/20, f = -663.6739672148132
pypal at iteration 111.         174 Pareto optimal points,         2880 discarded points,         71 unclassified points.
Hypervolume 1418.5781774454595
pypal at iteration 112.         174 Pareto optimal points,         2880 discarded points,         71 unclassified points.
Hypervolume 1418.5781774454595
pypal at iteration 113.         174 Pareto optimal points,         2880 discarded points,         71 unclassified points.
Hypervolume 1418.5781774454595
pypal at iteration 114.         174 Pareto optimal points,         2880 discarded points,         71 unclassified points.
Hypervolume 1418.5781774454595
pypal at iteration 115.         174 Pareto optimal points,         2880 discarded points,         71 unclassified points.
Hypervolume 1418.5781774454595
pypal at iteration 116.         174 Pareto optimal points,         2880 discarded points,         71 unclassified points.
Hypervolume 1418.5781774454595
pypal at iteration 117.         174 Pareto optimal points,         2880 discarded points,         71 unclassified points.
Hypervolume 1418.5781774454595
pypal at iteration 118.         174 Pareto optimal points,         2880 discarded points,         71 unclassified points.
Hypervolume 1418.5781774454595
pypal at iteration 119.         174 Pareto optimal points,         2880 discarded points,         71 unclassified points.
Hypervolume 1418.5781774454595
pypal at iteration 120.         174 Pareto optimal points,         2880 discarded points,         71 unclassified points.
Hypervolume 1418.5781774454595
Optimization restart 1/20, f = -723.8904907745455
Optimization restart 2/20, f = -709.8029621921952
Optimization restart 3/20, f = -715.6465719363383
Optimization restart 4/20, f = -716.5865284929586
Optimization restart 5/20, f = -722.9394349222899
Optimization restart 6/20, f = -714.031736707381
Optimization restart 7/20, f = -722.4251163315018
Optimization restart 8/20, f = -715.0530869837598
Optimization restart 9/20, f = -714.5257454771945
Optimization restart 10/20, f = -714.0697193616529
Optimization restart 11/20, f = -708.8704032373466
Optimization restart 12/20, f = -719.0677183513533
Optimization restart 13/20, f = -718.8178306663863
Optimization restart 14/20, f = -712.3288148963682
Optimization restart 15/20, f = -704.9733263143444
Optimization restart 16/20, f = -722.5708704927688
Optimization restart 17/20, f = -717.0845297458028
Optimization restart 18/20, f = -716.8875326926985
Optimization restart 19/20, f = -722.8745098781847
Optimization restart 20/20, f = -638.009885689057
pypal at iteration 121.         174 Pareto optimal points,         2880 discarded points,         71 unclassified points.
Hypervolume 1418.5781774454595
pypal at iteration 122.         174 Pareto optimal points,         2880 discarded points,         71 unclassified points.
Hypervolume 1418.5781774454595
pypal at iteration 123.         174 Pareto optimal points,         2880 discarded points,         71 unclassified points.
Hypervolume 1418.5781774454595
pypal at iteration 124.         174 Pareto optimal points,         2880 discarded points,         71 unclassified points.
Hypervolume 1418.5781774454595
pypal at iteration 125.         174 Pareto optimal points,         2880 discarded points,         71 unclassified points.
Hypervolume 1418.5781774454595
pypal at iteration 126.         174 Pareto optimal points,         2880 discarded points,         71 unclassified points.
Hypervolume 1418.5781774454595
pypal at iteration 127.         174 Pareto optimal points,         2880 discarded points,         71 unclassified points.
Hypervolume 1418.5781774454595
pypal at iteration 128.         174 Pareto optimal points,         2880 discarded points,         71 unclassified points.
Hypervolume 1418.5781774454595
pypal at iteration 129.         174 Pareto optimal points,         2880 discarded points,         71 unclassified points.
Hypervolume 1418.5781774454595
pypal at iteration 130.         175 Pareto optimal points,         2888 discarded points,         62 unclassified points.
Hypervolume 1418.5781774454595
Optimization restart 1/20, f = -781.4764699274986
Optimization restart 2/20, f = -775.6499532593996
Optimization restart 3/20, f = -780.8048407784551
Optimization restart 4/20, f = -774.7001352547286
Optimization restart 5/20, f = -780.1757894236869
Optimization restart 6/20, f = -771.6876243053855
Optimization restart 7/20, f = -717.5355583264671
Optimization restart 8/20, f = -780.4522595826602
Optimization restart 9/20, f = -774.1500047128002
Optimization restart 10/20, f = -779.1442548751897
Optimization restart 11/20, f = -772.9868935155907
Optimization restart 12/20, f = -774.3590018793234
Optimization restart 13/20, f = -779.0803649310851
Optimization restart 14/20, f = -780.2058213340638
Optimization restart 15/20, f = -771.6777201844612
Optimization restart 16/20, f = -769.2579911706711
Optimization restart 17/20, f = -727.0058066772568
Optimization restart 18/20, f = -768.0685500390293
Optimization restart 19/20, f = -779.9479782677133
Optimization restart 20/20, f = -776.03986742513
pypal at iteration 131.         175 Pareto optimal points,         2889 discarded points,         61 unclassified points.
Hypervolume 1418.5781774454595
pypal at iteration 132.         175 Pareto optimal points,         2889 discarded points,         61 unclassified points.
Hypervolume 1418.5781774454595
pypal at iteration 133.         175 Pareto optimal points,         2889 discarded points,         61 unclassified points.
Hypervolume 1418.5781774454595
pypal at iteration 134.         175 Pareto optimal points,         2889 discarded points,         61 unclassified points.
Hypervolume 1418.5781774454595
pypal at iteration 135.         175 Pareto optimal points,         2889 discarded points,         61 unclassified points.
Hypervolume 1418.5781774454595
pypal at iteration 136.         175 Pareto optimal points,         2889 discarded points,         61 unclassified points.
Hypervolume 1418.5781774454595
pypal at iteration 137.         177 Pareto optimal points,         2889 discarded points,         59 unclassified points.
Hypervolume 1418.5807645811078
pypal at iteration 138.         177 Pareto optimal points,         2889 discarded points,         59 unclassified points.
Hypervolume 1418.5807645811078
pypal at iteration 139.         177 Pareto optimal points,         2889 discarded points,         59 unclassified points.
Hypervolume 1418.5807645811078
pypal at iteration 140.         177 Pareto optimal points,         2889 discarded points,         59 unclassified points.
Hypervolume 1418.5807645811078
Optimization restart 1/20, f = -834.9770629396564
Optimization restart 2/20, f = -828.1596081822387
Optimization restart 3/20, f = -815.79370507197
Optimization restart 4/20, f = -825.8961666327749
Optimization restart 5/20, f = -834.7616426594076
Optimization restart 6/20, f = -821.9307200422062
Optimization restart 7/20, f = -834.4819185087532
Optimization restart 8/20, f = -821.3538032928195
Optimization restart 9/20, f = -818.8669713769325
Optimization restart 10/20, f = -829.4810808453731
Optimization restart 11/20, f = -833.5036293384865
Optimization restart 12/20, f = -828.9194836688964
Optimization restart 13/20, f = -834.2145738973624
Optimization restart 14/20, f = -831.8306235006886
Optimization restart 15/20, f = -828.4114808800585
Optimization restart 16/20, f = -834.1776882420493
Optimization restart 17/20, f = -828.8518671495774
Optimization restart 18/20, f = -829.0060716931337
Optimization restart 19/20, f = -822.9892501489554
Optimization restart 20/20, f = -829.2418116980565
pypal at iteration 141.         177 Pareto optimal points,         2889 discarded points,         59 unclassified points.
Hypervolume 1418.5807645811078
pypal at iteration 142.         177 Pareto optimal points,         2889 discarded points,         59 unclassified points.
Hypervolume 1418.5807645811078
pypal at iteration 143.         177 Pareto optimal points,         2890 discarded points,         58 unclassified points.
Hypervolume 1418.5807645811078
pypal at iteration 144.         177 Pareto optimal points,         2891 discarded points,         57 unclassified points.
Hypervolume 1418.5807645811078
pypal at iteration 145.         177 Pareto optimal points,         2891 discarded points,         57 unclassified points.
Hypervolume 1418.5807645811078
pypal at iteration 146.         177 Pareto optimal points,         2891 discarded points,         57 unclassified points.
Hypervolume 1418.5807645811078
pypal at iteration 147.         177 Pareto optimal points,         2891 discarded points,         57 unclassified points.
Hypervolume 1418.5807645811078
pypal at iteration 148.         177 Pareto optimal points,         2891 discarded points,         57 unclassified points.
Hypervolume 1418.5807645811078
pypal at iteration 149.         177 Pareto optimal points,         2892 discarded points,         56 unclassified points.
Hypervolume 1418.5807645811078
pypal at iteration 150.         177 Pareto optimal points,         2892 discarded points,         56 unclassified points.
Hypervolume 1418.5807645811078
Optimization restart 1/20, f = -886.1348992115893
Optimization restart 2/20, f = -842.7001119267638
Optimization restart 3/20, f = -885.1703813837299
Optimization restart 4/20, f = -875.5580951554163
Optimization restart 5/20, f = -882.1279987757863
Optimization restart 6/20, f = -877.2080535807527
Optimization restart 7/20, f = -879.819636001723
Optimization restart 8/20, f = -885.589031053747
Optimization restart 9/20, f = -885.6927264304705
Optimization restart 10/20, f = -877.8935907470681
Optimization restart 11/20, f = -875.2193041245924
Optimization restart 12/20, f = -883.4408235776469
Optimization restart 13/20, f = -883.5972837427332
Optimization restart 14/20, f = -860.1191915163272
Optimization restart 15/20, f = -885.499561796791
Optimization restart 16/20, f = -871.7973937098229
Optimization restart 17/20, f = -874.0125272210852
Optimization restart 18/20, f = -872.5689752579813
Optimization restart 19/20, f = -837.8336589162051
Optimization restart 20/20, f = -883.3938228918503
pypal at iteration 151.         178 Pareto optimal points,         2916 discarded points,         31 unclassified points.
Hypervolume 1418.7432270546367
pypal at iteration 152.         178 Pareto optimal points,         2916 discarded points,         31 unclassified points.
Hypervolume 1418.7432270546367
pypal at iteration 153.         178 Pareto optimal points,         2916 discarded points,         31 unclassified points.
Hypervolume 1418.7432270546367
pypal at iteration 154.         178 Pareto optimal points,         2916 discarded points,         31 unclassified points.
Hypervolume 1418.7432270546367
pypal at iteration 155.         178 Pareto optimal points,         2916 discarded points,         31 unclassified points.
Hypervolume 1418.7432270546367
pypal at iteration 156.         178 Pareto optimal points,         2916 discarded points,         31 unclassified points.
Hypervolume 1418.7432270546367
pypal at iteration 157.         178 Pareto optimal points,         2920 discarded points,         27 unclassified points.
Hypervolume 1418.7432270546367
pypal at iteration 158.         178 Pareto optimal points,         2920 discarded points,         27 unclassified points.
Hypervolume 1418.7432270546367
pypal at iteration 159.         178 Pareto optimal points,         2920 discarded points,         27 unclassified points.
Hypervolume 1418.7432270546367
pypal at iteration 160.         178 Pareto optimal points,         2923 discarded points,         24 unclassified points.
Hypervolume 1418.7432270546367
Optimization restart 1/20, f = -935.9048558848278
Optimization restart 2/20, f = -927.8134494871424
Optimization restart 3/20, f = -921.6852523945753
Optimization restart 4/20, f = -935.0077252949415
Optimization restart 5/20, f = -934.7622788289393
Optimization restart 6/20, f = -923.0660501317818
Optimization restart 7/20, f = -920.1981289011266
Optimization restart 8/20, f = -919.8783377257027
Optimization restart 9/20, f = -928.8851989279943
Optimization restart 10/20, f = -930.2261454055068
Optimization restart 11/20, f = -922.4794959447773
Optimization restart 12/20, f = -921.3387348276557
Optimization restart 13/20, f = -930.6241631555602
Optimization restart 14/20, f = -927.8654151326115
Optimization restart 15/20, f = -932.5997373285821
Optimization restart 16/20, f = -935.2742123209598
Optimization restart 17/20, f = -923.5229866398743
Optimization restart 18/20, f = -929.2424050030663
Optimization restart 19/20, f = -928.4297581235778
Optimization restart 20/20, f = -923.5678254449853
pypal at iteration 161.         178 Pareto optimal points,         2923 discarded points,         24 unclassified points.
Hypervolume 1418.7432270546367
pypal at iteration 162.         178 Pareto optimal points,         2923 discarded points,         24 unclassified points.
Hypervolume 1418.7432270546367
pypal at iteration 163.         178 Pareto optimal points,         2923 discarded points,         24 unclassified points.
Hypervolume 1418.7432270546367
pypal at iteration 164.         178 Pareto optimal points,         2923 discarded points,         24 unclassified points.
Hypervolume 1418.7432270546367
pypal at iteration 165.         178 Pareto optimal points,         2924 discarded points,         23 unclassified points.
Hypervolume 1418.7432270546367
pypal at iteration 166.         178 Pareto optimal points,         2924 discarded points,         23 unclassified points.
Hypervolume 1418.7432270546367
pypal at iteration 167.         178 Pareto optimal points,         2924 discarded points,         23 unclassified points.
Hypervolume 1418.7432270546367
pypal at iteration 168.         178 Pareto optimal points,         2924 discarded points,         23 unclassified points.
Hypervolume 1418.7432270546367
pypal at iteration 169.         178 Pareto optimal points,         2924 discarded points,         23 unclassified points.
Hypervolume 1418.7432270546367
pypal at iteration 170.         178 Pareto optimal points,         2924 discarded points,         23 unclassified points.
Hypervolume 1418.7432270546367
Optimization restart 1/20, f = -992.4068558245281
Optimization restart 2/20, f = -984.9455162147415
Optimization restart 3/20, f = -984.2669527939206
Optimization restart 4/20, f = -990.2448603952515
Optimization restart 5/20, f = -989.883522182311
Optimization restart 6/20, f = -991.177286646672
Optimization restart 7/20, f = -991.5583692211948
Optimization restart 8/20, f = -983.5116593558087
Optimization restart 9/20, f = -965.0797662374201
Optimization restart 10/20, f = -989.4395429344777
Optimization restart 11/20, f = -979.2461678746795
Optimization restart 12/20, f = -985.0200977907988
Optimization restart 13/20, f = -986.4954719244917
Optimization restart 14/20, f = -990.4241953305207
Optimization restart 15/20, f = -974.1968892673096
Optimization restart 16/20, f = -991.7714525938101
Optimization restart 17/20, f = -991.7884147773984
Optimization restart 18/20, f = -818.0210363898502
Optimization restart 19/20, f = -986.5305421652936
Optimization restart 20/20, f = -972.0787433118495
pypal at iteration 171.         178 Pareto optimal points,         2924 discarded points,         23 unclassified points.
Hypervolume 1418.7432270546367
pypal at iteration 172.         178 Pareto optimal points,         2924 discarded points,         23 unclassified points.
Hypervolume 1418.7432270546367
pypal at iteration 173.         178 Pareto optimal points,         2924 discarded points,         23 unclassified points.
Hypervolume 1418.7432270546367
pypal at iteration 174.         182 Pareto optimal points,         2925 discarded points,         18 unclassified points.
Hypervolume 1424.2375570691688
pypal at iteration 175.         182 Pareto optimal points,         2925 discarded points,         18 unclassified points.
Hypervolume 1424.2375570691688
pypal at iteration 176.         182 Pareto optimal points,         2925 discarded points,         18 unclassified points.
Hypervolume 1424.2375570691688
pypal at iteration 177.         182 Pareto optimal points,         2926 discarded points,         17 unclassified points.
Hypervolume 1424.2375570691688
pypal at iteration 178.         182 Pareto optimal points,         2926 discarded points,         17 unclassified points.
Hypervolume 1424.2375570691688
pypal at iteration 179.         182 Pareto optimal points,         2927 discarded points,         16 unclassified points.
Hypervolume 1424.2375570691688
pypal at iteration 180.         182 Pareto optimal points,         2927 discarded points,         16 unclassified points.
Hypervolume 1424.2375570691688
Optimization restart 1/20, f = -1046.5871719265956
Optimization restart 2/20, f = -1030.724829074229
Optimization restart 3/20, f = -1044.3139234544894
Optimization restart 4/20, f = -794.6662920132266
Optimization restart 5/20, f = -1029.5396759389578
Optimization restart 6/20, f = -1036.2102726006513
Optimization restart 7/20, f = -1037.1083760912443
Optimization restart 8/20, f = -1045.9550435213482
Optimization restart 9/20, f = -1039.6697620939608
Optimization restart 10/20, f = -1005.8228959270765
Optimization restart 11/20, f = -1045.8067858531786
Optimization restart 12/20, f = -1031.3612134902223
Optimization restart 13/20, f = -1044.083691195346
Optimization restart 14/20, f = -1040.7477652179816
Optimization restart 15/20, f = -1037.279871189298
Optimization restart 16/20, f = -1037.4558172992142
Optimization restart 17/20, f = -1045.813132965438
Optimization restart 18/20, f = -744.874943011805
Optimization restart 19/20, f = -1033.0294398856272
Optimization restart 20/20, f = -947.0715476697717
pypal at iteration 181.         182 Pareto optimal points,         2927 discarded points,         16 unclassified points.
Hypervolume 1424.2375570691688
pypal at iteration 182.         182 Pareto optimal points,         2927 discarded points,         16 unclassified points.
Hypervolume 1424.2375570691688
pypal at iteration 183.         182 Pareto optimal points,         2927 discarded points,         16 unclassified points.
Hypervolume 1424.2375570691688
pypal at iteration 184.         182 Pareto optimal points,         2928 discarded points,         15 unclassified points.
Hypervolume 1424.2375570691688
pypal at iteration 185.         182 Pareto optimal points,         2929 discarded points,         14 unclassified points.
Hypervolume 1424.2375570691688
pypal at iteration 186.         182 Pareto optimal points,         2929 discarded points,         14 unclassified points.
Hypervolume 1424.2375570691688
pypal at iteration 187.         182 Pareto optimal points,         2930 discarded points,         13 unclassified points.
Hypervolume 1424.2375570691688
pypal at iteration 188.         182 Pareto optimal points,         2930 discarded points,         13 unclassified points.
Hypervolume 1424.2375570691688
pypal at iteration 189.         182 Pareto optimal points,         2930 discarded points,         13 unclassified points.
Hypervolume 1424.2375570691688
pypal at iteration 190.         182 Pareto optimal points,         2930 discarded points,         13 unclassified points.
Hypervolume 1424.2375570691688
Optimization restart 1/20, f = -1090.9110168517495
Optimization restart 2/20, f = -1088.6229189149587
Optimization restart 3/20, f = -1087.0545249262157
Optimization restart 4/20, f = -1088.691496662605
Optimization restart 5/20, f = -1083.8958578617987
Optimization restart 6/20, f = -1066.6371691484833
Optimization restart 7/20, f = -1087.9738605224654
Optimization restart 8/20, f = -1089.416550387527
Optimization restart 9/20, f = -1089.877940665346
Optimization restart 10/20, f = -1083.0600001639166
Optimization restart 11/20, f = -1089.0775548523159
Optimization restart 12/20, f = -1086.398180908208
Optimization restart 13/20, f = -1089.9691599837627
Optimization restart 14/20, f = -1083.1604510674756
Optimization restart 15/20, f = -1077.8442062632168
Optimization restart 16/20, f = -1088.8666152573178
Optimization restart 17/20, f = -1077.663035590474
Optimization restart 18/20, f = -1052.3833462750895
Optimization restart 19/20, f = -1090.4878356964557
Optimization restart 20/20, f = -1085.3366306657404
pypal at iteration 191.         182 Pareto optimal points,         2930 discarded points,         13 unclassified points.
Hypervolume 1424.2375570691688
pypal at iteration 192.         182 Pareto optimal points,         2930 discarded points,         13 unclassified points.
Hypervolume 1424.2375570691688
pypal at iteration 193.         182 Pareto optimal points,         2931 discarded points,         12 unclassified points.
Hypervolume 1424.2375570691688
pypal at iteration 194.         182 Pareto optimal points,         2931 discarded points,         12 unclassified points.
Hypervolume 1424.2375570691688
pypal at iteration 195.         182 Pareto optimal points,         2931 discarded points,         12 unclassified points.
Hypervolume 1424.2375570691688
Done. No unclassified point left
pypal at iteration 195.         182 Pareto optimal points,         2943 discarded points,         0 unclassified points.
Hypervolume 1424.2375570691688
