 /home/kjablonk/anaconda3/envs/dispersant_screener/lib/python3.7/site-packages/sklearn/utils/deprecation.py:143: FutureWarning:The sklearn.preprocessing.data module is  deprecated in version 0.22 and will be removed in version 0.24. The corresponding classes / functions should instead be imported from sklearn.preprocessing. Anything that cannot be imported from sklearn.preprocessing is now part of the private API.
 /home/kjablonk/programs/pypal/pypal/pal/validate_inputs.py:146: UserWarning:No goals provided,                 will assume that every dimension should be maximized
 /home/kjablonk/anaconda3/envs/dispersant_screener/lib/python3.7/site-packages/GPy/kern/src/stationary.py:243: RuntimeWarning:invalid value encountered in true_divide
 /home/kjablonk/anaconda3/envs/dispersant_screener/lib/python3.7/site-packages/GPy/kern/src/stationary.py:166: RuntimeWarning:overflow encountered in true_divide
 /home/kjablonk/anaconda3/envs/dispersant_screener/lib/python3.7/site-packages/GPy/kern/src/stationary.py:137: RuntimeWarning:overflow encountered in square
 /home/kjablonk/anaconda3/envs/dispersant_screener/lib/python3.7/site-packages/GPy/kern/src/stationary.py:138: RuntimeWarning:invalid value encountered in add
 /home/kjablonk/anaconda3/envs/dispersant_screener/lib/python3.7/site-packages/GPy/kern/src/stationary.py:565: RuntimeWarning:invalid value encountered in multiply
 /home/kjablonk/anaconda3/envs/dispersant_screener/lib/python3.7/site-packages/GPy/kern/src/stationary.py:568: RuntimeWarning:invalid value encountered in subtract
 /home/kjablonk/anaconda3/envs/dispersant_screener/lib/python3.7/site-packages/paramz/transformations.py:111: RuntimeWarning:overflow encountered in expm1
 /home/kjablonk/anaconda3/envs/dispersant_screener/lib/python3.7/site-packages/GPy/kern/src/stationary.py:166: RuntimeWarning:overflow encountered in true_divide
 /home/kjablonk/anaconda3/envs/dispersant_screener/lib/python3.7/site-packages/GPy/kern/src/stationary.py:137: RuntimeWarning:overflow encountered in square
 /home/kjablonk/anaconda3/envs/dispersant_screener/lib/python3.7/site-packages/GPy/kern/src/stationary.py:138: RuntimeWarning:invalid value encountered in add
 /home/kjablonk/anaconda3/envs/dispersant_screener/lib/python3.7/site-packages/GPy/kern/src/stationary.py:565: RuntimeWarning:invalid value encountered in multiply
 /home/kjablonk/anaconda3/envs/dispersant_screener/lib/python3.7/site-packages/GPy/kern/src/stationary.py:568: RuntimeWarning:invalid value encountered in subtract
 /home/kjablonk/anaconda3/envs/dispersant_screener/lib/python3.7/site-packages/GPy/kern/src/stationary.py:243: RuntimeWarning:invalid value encountered in true_divide
 /home/kjablonk/anaconda3/envs/dispersant_screener/lib/python3.7/site-packages/numpy/core/_asarray.py:136: VisibleDeprecationWarning:Creating an ndarray from ragged nested sequences (which is a list-or-tuple of lists-or-tuples-or ndarrays with different lengths or shapes) is deprecated. If you meant to do this, you must specify 'dtype=object' when creating the ndarray
Maximum hypervolume 1536.0438526567837
STARTING PAL
Optimization restart 1/20, f = -36.11941579201321
Optimization restart 2/20, f = -30.498113199830446
Optimization restart 3/20, f = -25.44104586385184
Optimization restart 4/20, f = -24.83005931631812
Optimization restart 5/20, f = -29.383976049114455
Optimization restart 6/20, f = -30.236532185861805
Optimization restart 7/20, f = -18.385023622899322
Optimization restart 8/20, f = -29.385545092998104
Optimization restart 9/20, f = -32.69928712294434
Optimization restart 10/20, f = -30.828302815708817
Optimization restart 11/20, f = -36.11694349774195
Optimization restart 12/20, f = -33.17938773250496
Optimization restart 13/20, f = -28.547559604110294
Optimization restart 14/20, f = -28.02873419248381
Optimization restart 15/20, f = -28.633509524688968
Optimization restart 16/20, f = -36.11930826783863
Optimization restart 17/20, f = -34.28708083120215
Optimization restart 18/20, f = -34.28706532708543
Optimization restart 19/20, f = -24.870431673463223
Optimization restart 20/20, f = -29.78613185875089
pypal at iteration 1.         0 Pareto optimal points,         5 discarded points,         3120 unclassified points.
Hypervolume 0
pypal at iteration 2.         0 Pareto optimal points,         625 discarded points,         2500 unclassified points.
Hypervolume 0
pypal at iteration 3.         0 Pareto optimal points,         625 discarded points,         2500 unclassified points.
Hypervolume 0
pypal at iteration 4.         0 Pareto optimal points,         626 discarded points,         2499 unclassified points.
Hypervolume 0
pypal at iteration 5.         1 Pareto optimal points,         633 discarded points,         2491 unclassified points.
Hypervolume 1204.6929879669724
pypal at iteration 6.         1 Pareto optimal points,         634 discarded points,         2490 unclassified points.
Hypervolume 1204.6929879669724
pypal at iteration 7.         1 Pareto optimal points,         649 discarded points,         2475 unclassified points.
Hypervolume 1204.6929879669724
pypal at iteration 8.         1 Pareto optimal points,         924 discarded points,         2200 unclassified points.
Hypervolume 1204.6929879669724
pypal at iteration 9.         1 Pareto optimal points,         942 discarded points,         2182 unclassified points.
Hypervolume 1204.6929879669724
pypal at iteration 10.         1 Pareto optimal points,         958 discarded points,         2166 unclassified points.
Hypervolume 1204.6929879669724
Optimization restart 1/20, f = -59.889568219212656
Optimization restart 2/20, f = -87.38994206648599
Optimization restart 3/20, f = -88.96152254732331
Optimization restart 4/20, f = -87.45395323704248
Optimization restart 5/20, f = -86.0832505147899
Optimization restart 6/20, f = -89.01918247217864
Optimization restart 7/20, f = -89.33772386404152
Optimization restart 8/20, f = -88.54441405172676
Optimization restart 9/20, f = -66.83405315392865
Optimization restart 10/20, f = -82.01324018863158
Optimization restart 11/20, f = -66.4721931764684
Optimization restart 12/20, f = -88.69277387668784
Optimization restart 13/20, f = -89.32427786107536
Optimization restart 14/20, f = -88.91075833529042
Optimization restart 15/20, f = -89.06752324409217
Optimization restart 16/20, f = -87.65986945646125
Optimization restart 17/20, f = -72.93011719393296
Optimization restart 18/20, f = -89.18944487705753
Optimization restart 19/20, f = -56.38413055335326
Optimization restart 20/20, f = -74.15662277707912
pypal at iteration 11.         2 Pareto optimal points,         1819 discarded points,         1304 unclassified points.
Hypervolume 1204.6929879669722
pypal at iteration 12.         2 Pareto optimal points,         1862 discarded points,         1261 unclassified points.
Hypervolume 1204.6929879669722
pypal at iteration 13.         2 Pareto optimal points,         1871 discarded points,         1252 unclassified points.
Hypervolume 1204.6929879669722
pypal at iteration 14.         2 Pareto optimal points,         1924 discarded points,         1199 unclassified points.
Hypervolume 1204.6929879669722
pypal at iteration 15.         2 Pareto optimal points,         2003 discarded points,         1120 unclassified points.
Hypervolume 1204.6929879669722
pypal at iteration 16.         3 Pareto optimal points,         2016 discarded points,         1106 unclassified points.
Hypervolume 1260.4857771490176
pypal at iteration 17.         3 Pareto optimal points,         2016 discarded points,         1106 unclassified points.
Hypervolume 1260.4857771490176
pypal at iteration 18.         3 Pareto optimal points,         2016 discarded points,         1106 unclassified points.
Hypervolume 1260.4857771490176
pypal at iteration 19.         3 Pareto optimal points,         2017 discarded points,         1105 unclassified points.
Hypervolume 1260.4857771490176
pypal at iteration 20.         3 Pareto optimal points,         2018 discarded points,         1104 unclassified points.
Hypervolume 1260.4857771490176
Optimization restart 1/20, f = -157.28140045858783
Optimization restart 2/20, f = -157.98510341885503
Optimization restart 3/20, f = -143.18896972617668
Optimization restart 4/20, f = -106.46543250115914
Optimization restart 5/20, f = -143.4723589300687
Optimization restart 6/20, f = -144.14886976593152
Optimization restart 7/20, f = -143.11600647257262
Optimization restart 8/20, f = -157.59839545088033
Optimization restart 9/20, f = -143.4845569591332
Optimization restart 10/20, f = -155.18615444943558
Optimization restart 11/20, f = -142.60107484409352
Optimization restart 12/20, f = -143.7241140297624
Optimization restart 13/20, f = -144.07421425616255
Optimization restart 14/20, f = -143.17186961714236
Optimization restart 15/20, f = -143.35064783542913
Optimization restart 16/20, f = -121.63420803043931
Optimization restart 17/20, f = -137.14046248637464
Optimization restart 18/20, f = -121.60726683304728
Optimization restart 19/20, f = -70.30454309649991
Optimization restart 20/20, f = -157.7588300911576
pypal at iteration 21.         4 Pareto optimal points,         2090 discarded points,         1031 unclassified points.
Hypervolume 1270.0102084062894
pypal at iteration 22.         4 Pareto optimal points,         2091 discarded points,         1030 unclassified points.
Hypervolume 1270.0102084062894
pypal at iteration 23.         4 Pareto optimal points,         2092 discarded points,         1029 unclassified points.
Hypervolume 1270.0102084062894
pypal at iteration 24.         4 Pareto optimal points,         2092 discarded points,         1029 unclassified points.
Hypervolume 1270.0102084062894
pypal at iteration 25.         4 Pareto optimal points,         2092 discarded points,         1029 unclassified points.
Hypervolume 1270.0102084062894
pypal at iteration 26.         4 Pareto optimal points,         2093 discarded points,         1028 unclassified points.
Hypervolume 1270.0102084062894
pypal at iteration 27.         5 Pareto optimal points,         2093 discarded points,         1027 unclassified points.
Hypervolume 1304.8898022254896
pypal at iteration 28.         5 Pareto optimal points,         2094 discarded points,         1026 unclassified points.
Hypervolume 1304.8898022254896
pypal at iteration 29.         6 Pareto optimal points,         2097 discarded points,         1022 unclassified points.
Hypervolume 1327.6397555604547
pypal at iteration 30.         6 Pareto optimal points,         2098 discarded points,         1021 unclassified points.
Hypervolume 1327.6397555604547
Optimization restart 1/20, f = -235.14250176796912
Optimization restart 2/20, f = -202.19637163263477
Optimization restart 3/20, f = -235.2457045369861
Optimization restart 4/20, f = -125.78389040867702
Optimization restart 5/20, f = -183.91404985616043
Optimization restart 6/20, f = -203.05326234690654
Optimization restart 7/20, f = -203.2267006683755
Optimization restart 8/20, f = -202.35184631265437
Optimization restart 9/20, f = -201.81671555285857
Optimization restart 10/20, f = -202.25224918267097
Optimization restart 11/20, f = -234.5057138147909
Optimization restart 12/20, f = -215.68917322757312
Optimization restart 13/20, f = -202.81927432584303
Optimization restart 14/20, f = -202.13909181145544
Optimization restart 15/20, f = -202.36946943118951
Optimization restart 16/20, f = -203.0954608065639
Optimization restart 17/20, f = -202.51581440334354
Optimization restart 18/20, f = -200.546489201866
Optimization restart 19/20, f = -201.36933958097762
Optimization restart 20/20, f = -203.49853491456207
pypal at iteration 31.         6 Pareto optimal points,         2116 discarded points,         1003 unclassified points.
Hypervolume 1327.6397555604547
pypal at iteration 32.         6 Pareto optimal points,         2117 discarded points,         1002 unclassified points.
Hypervolume 1327.6397555604547
pypal at iteration 33.         6 Pareto optimal points,         2120 discarded points,         999 unclassified points.
Hypervolume 1327.6397555604547
pypal at iteration 34.         6 Pareto optimal points,         2121 discarded points,         998 unclassified points.
Hypervolume 1327.6397555604547
pypal at iteration 35.         6 Pareto optimal points,         2137 discarded points,         982 unclassified points.
Hypervolume 1327.6397555604547
pypal at iteration 36.         6 Pareto optimal points,         2138 discarded points,         981 unclassified points.
Hypervolume 1327.6397555604547
pypal at iteration 37.         6 Pareto optimal points,         2139 discarded points,         980 unclassified points.
Hypervolume 1327.6397555604547
pypal at iteration 38.         6 Pareto optimal points,         2140 discarded points,         979 unclassified points.
Hypervolume 1327.6397555604547
pypal at iteration 39.         7 Pareto optimal points,         2141 discarded points,         977 unclassified points.
Hypervolume 1329.8454304238558
pypal at iteration 40.         7 Pareto optimal points,         2141 discarded points,         977 unclassified points.
Hypervolume 1329.8454304238558
Optimization restart 1/20, f = -303.187186834689
Optimization restart 2/20, f = -262.13171094325475
Optimization restart 3/20, f = -264.2309399019878
Optimization restart 4/20, f = -265.0527921882144
Optimization restart 5/20, f = -259.33619055119686
Optimization restart 6/20, f = -265.03397211157227
Optimization restart 7/20, f = -240.74543234291394
Optimization restart 8/20, f = -247.46918620871418
Optimization restart 9/20, f = -265.2790799254781
Optimization restart 10/20, f = -264.22827801059964
Optimization restart 11/20, f = -257.74334789552256
Optimization restart 12/20, f = -204.22562221466598
Optimization restart 13/20, f = -264.34464178514867
Optimization restart 14/20, f = -263.64683736168655
Optimization restart 15/20, f = -303.8782335627568
Optimization restart 16/20, f = -301.82343556443647
Optimization restart 17/20, f = -239.1304646320647
Optimization restart 18/20, f = -184.0222664473871
Optimization restart 19/20, f = -301.0361526101469
Optimization restart 20/20, f = -301.8847732563169
pypal at iteration 41.         8 Pareto optimal points,         2141 discarded points,         976 unclassified points.
Hypervolume 1331.5290054907114
pypal at iteration 42.         8 Pareto optimal points,         2144 discarded points,         973 unclassified points.
Hypervolume 1331.5290054907114
pypal at iteration 43.         8 Pareto optimal points,         2145 discarded points,         972 unclassified points.
Hypervolume 1331.5290054907114
pypal at iteration 44.         8 Pareto optimal points,         2146 discarded points,         971 unclassified points.
Hypervolume 1331.5290054907114
pypal at iteration 45.         8 Pareto optimal points,         2146 discarded points,         971 unclassified points.
Hypervolume 1331.5290054907114
pypal at iteration 46.         8 Pareto optimal points,         2147 discarded points,         970 unclassified points.
Hypervolume 1331.5290054907114
pypal at iteration 47.         8 Pareto optimal points,         2153 discarded points,         964 unclassified points.
Hypervolume 1331.5290054907114
pypal at iteration 48.         8 Pareto optimal points,         2154 discarded points,         963 unclassified points.
Hypervolume 1331.5290054907114
pypal at iteration 49.         8 Pareto optimal points,         2155 discarded points,         962 unclassified points.
Hypervolume 1331.5290054907114
pypal at iteration 50.         8 Pareto optimal points,         2157 discarded points,         960 unclassified points.
Hypervolume 1331.5290054907114
Optimization restart 1/20, f = -367.02515746680734
Optimization restart 2/20, f = -317.4858813960388
Optimization restart 3/20, f = -366.3725783827547
Optimization restart 4/20, f = -225.70844327739155
Optimization restart 5/20, f = -319.2870831492273
Optimization restart 6/20, f = -316.5471771434079
Optimization restart 7/20, f = -319.8383322050845
Optimization restart 8/20, f = -315.88007973670193
Optimization restart 9/20, f = -366.48106701371216
Optimization restart 10/20, f = -313.2272235147593
Optimization restart 11/20, f = -319.105282557063
Optimization restart 12/20, f = -314.3624929242581
Optimization restart 13/20, f = -183.13951786126333
Optimization restart 14/20, f = -366.6456479817269
Optimization restart 15/20, f = -319.4483142938854
Optimization restart 16/20, f = -319.5036489557476
Optimization restart 17/20, f = -318.45846035568354
Optimization restart 18/20, f = -318.62926419369956
Optimization restart 19/20, f = -244.86693239671203
Optimization restart 20/20, f = -363.9638919275408
pypal at iteration 51.         8 Pareto optimal points,         2162 discarded points,         955 unclassified points.
Hypervolume 1331.5290054907114
pypal at iteration 52.         8 Pareto optimal points,         2164 discarded points,         953 unclassified points.
Hypervolume 1331.5290054907114
pypal at iteration 53.         8 Pareto optimal points,         2165 discarded points,         952 unclassified points.
Hypervolume 1331.5290054907114
pypal at iteration 54.         8 Pareto optimal points,         2166 discarded points,         951 unclassified points.
Hypervolume 1331.5290054907114
pypal at iteration 55.         9 Pareto optimal points,         2167 discarded points,         949 unclassified points.
Hypervolume 1332.1355162595137
pypal at iteration 56.         9 Pareto optimal points,         2168 discarded points,         948 unclassified points.
Hypervolume 1332.1355162595137
pypal at iteration 57.         9 Pareto optimal points,         2173 discarded points,         943 unclassified points.
Hypervolume 1332.1355162595137
pypal at iteration 58.         9 Pareto optimal points,         2176 discarded points,         940 unclassified points.
Hypervolume 1332.1355162595137
pypal at iteration 59.         9 Pareto optimal points,         2184 discarded points,         932 unclassified points.
Hypervolume 1332.1355162595137
pypal at iteration 60.         9 Pareto optimal points,         2185 discarded points,         931 unclassified points.
Hypervolume 1332.1355162595137
Optimization restart 1/20, f = -417.43764064486794
Optimization restart 2/20, f = -354.89452718389066
Optimization restart 3/20, f = -367.94792728995924
Optimization restart 4/20, f = -405.12311226368377
Optimization restart 5/20, f = -414.08961473885955
Optimization restart 6/20, f = -417.6252331336639
Optimization restart 7/20, f = -368.0838883022901
Optimization restart 8/20, f = -196.49969254889757
Optimization restart 9/20, f = -258.6009997378826
Optimization restart 10/20, f = -369.77982698298786
Optimization restart 11/20, f = -369.53756819954896
Optimization restart 12/20, f = -368.399235635124
Optimization restart 13/20, f = -369.27771822459215
Optimization restart 14/20, f = -369.755657100074
Optimization restart 15/20, f = -411.9428047387613
Optimization restart 16/20, f = -369.447820629733
Optimization restart 17/20, f = -414.76888094898106
Optimization restart 18/20, f = -415.43951403154756
Optimization restart 19/20, f = -259.67570810052337
Optimization restart 20/20, f = -370.06359358352387
pypal at iteration 61.         9 Pareto optimal points,         2187 discarded points,         929 unclassified points.
Hypervolume 1332.1355162595137
pypal at iteration 62.         9 Pareto optimal points,         2188 discarded points,         928 unclassified points.
Hypervolume 1332.1355162595137
pypal at iteration 63.         9 Pareto optimal points,         2189 discarded points,         927 unclassified points.
Hypervolume 1332.1355162595137
pypal at iteration 64.         9 Pareto optimal points,         2192 discarded points,         924 unclassified points.
Hypervolume 1332.1355162595137
pypal at iteration 65.         9 Pareto optimal points,         2193 discarded points,         923 unclassified points.
Hypervolume 1332.1355162595137
pypal at iteration 66.         9 Pareto optimal points,         2194 discarded points,         922 unclassified points.
Hypervolume 1332.1355162595137
pypal at iteration 67.         9 Pareto optimal points,         2195 discarded points,         921 unclassified points.
Hypervolume 1332.1355162595137
pypal at iteration 68.         9 Pareto optimal points,         2196 discarded points,         920 unclassified points.
Hypervolume 1332.1355162595137
pypal at iteration 69.         9 Pareto optimal points,         2197 discarded points,         919 unclassified points.
Hypervolume 1332.1355162595137
pypal at iteration 70.         10 Pareto optimal points,         2198 discarded points,         917 unclassified points.
Hypervolume 1333.7241204939396
Optimization restart 1/20, f = -481.249591692606
Optimization restart 2/20, f = -430.9760455930193
Optimization restart 3/20, f = -431.0077496247477
Optimization restart 4/20, f = -429.0167811463609
Optimization restart 5/20, f = -430.3998317198759
Optimization restart 6/20, f = -479.71594580098576
Optimization restart 7/20, f = -429.02156322026315
Optimization restart 8/20, f = -430.93585143699573
Optimization restart 9/20, f = -340.443283188391
Optimization restart 10/20, f = -429.43468974402253
Optimization restart 11/20, f = -430.9079823753942
Optimization restart 12/20, f = -430.8398537237668
Optimization restart 13/20, f = -430.90743010221104
Optimization restart 14/20, f = -418.58427410941607
Optimization restart 15/20, f = -430.84497913251664
Optimization restart 16/20, f = -479.3963099188351
Optimization restart 17/20, f = -430.88744259473356
Optimization restart 18/20, f = -430.7950679660746
Optimization restart 19/20, f = -430.8347022605141
Optimization restart 20/20, f = -429.09078078671894
pypal at iteration 71.         11 Pareto optimal points,         2198 discarded points,         916 unclassified points.
Hypervolume 1341.91024073447
pypal at iteration 72.         11 Pareto optimal points,         2202 discarded points,         912 unclassified points.
Hypervolume 1341.91024073447
pypal at iteration 73.         11 Pareto optimal points,         2206 discarded points,         908 unclassified points.
Hypervolume 1341.91024073447
pypal at iteration 74.         11 Pareto optimal points,         2207 discarded points,         907 unclassified points.
Hypervolume 1341.91024073447
pypal at iteration 75.         11 Pareto optimal points,         2208 discarded points,         906 unclassified points.
Hypervolume 1341.91024073447
pypal at iteration 76.         11 Pareto optimal points,         2209 discarded points,         905 unclassified points.
Hypervolume 1341.91024073447
pypal at iteration 77.         11 Pareto optimal points,         2210 discarded points,         904 unclassified points.
Hypervolume 1341.91024073447
pypal at iteration 78.         11 Pareto optimal points,         2215 discarded points,         899 unclassified points.
Hypervolume 1341.91024073447
pypal at iteration 79.         11 Pareto optimal points,         2216 discarded points,         898 unclassified points.
Hypervolume 1341.91024073447
pypal at iteration 80.         11 Pareto optimal points,         2293 discarded points,         821 unclassified points.
Hypervolume 1341.91024073447
Optimization restart 1/20, f = -533.9508543248587
Optimization restart 2/20, f = -482.205473482653
Optimization restart 3/20, f = -480.8768796201581
Optimization restart 4/20, f = -532.6890049576616
Optimization restart 5/20, f = -482.32715731759447
Optimization restart 6/20, f = -483.0214759866439
Optimization restart 7/20, f = -527.6538267136651
Optimization restart 8/20, f = -483.2106980909942
Optimization restart 9/20, f = -534.4359032583492
Optimization restart 10/20, f = -482.9614869030941
Optimization restart 11/20, f = -481.08237434894465
Optimization restart 12/20, f = -535.065883109278
Optimization restart 13/20, f = -483.61886893754934
Optimization restart 14/20, f = -483.28425789794096
Optimization restart 15/20, f = -535.558243760792
Optimization restart 16/20, f = -534.7455461580703
Optimization restart 17/20, f = -483.0345603138576
Optimization restart 18/20, f = -530.4494099052354
Optimization restart 19/20, f = -480.65702200374875
Optimization restart 20/20, f = -535.1561412022088
pypal at iteration 81.         11 Pareto optimal points,         2294 discarded points,         820 unclassified points.
Hypervolume 1341.91024073447
pypal at iteration 82.         11 Pareto optimal points,         2296 discarded points,         818 unclassified points.
Hypervolume 1341.91024073447
pypal at iteration 83.         11 Pareto optimal points,         2297 discarded points,         817 unclassified points.
Hypervolume 1341.91024073447
pypal at iteration 84.         11 Pareto optimal points,         2299 discarded points,         815 unclassified points.
Hypervolume 1341.91024073447
pypal at iteration 85.         11 Pareto optimal points,         2483 discarded points,         631 unclassified points.
Hypervolume 1341.91024073447
pypal at iteration 86.         11 Pareto optimal points,         2485 discarded points,         629 unclassified points.
Hypervolume 1341.91024073447
pypal at iteration 87.         11 Pareto optimal points,         2486 discarded points,         628 unclassified points.
Hypervolume 1341.91024073447
pypal at iteration 88.         11 Pareto optimal points,         2488 discarded points,         626 unclassified points.
Hypervolume 1341.91024073447
pypal at iteration 89.         11 Pareto optimal points,         2489 discarded points,         625 unclassified points.
Hypervolume 1341.91024073447
pypal at iteration 90.         11 Pareto optimal points,         2491 discarded points,         623 unclassified points.
Hypervolume 1341.91024073447
Optimization restart 1/20, f = -588.8100881238194
Optimization restart 2/20, f = -585.5728303503737
Optimization restart 3/20, f = -583.5989472641147
Optimization restart 4/20, f = -387.1867291753026
Optimization restart 5/20, f = -512.2896809247452
Optimization restart 6/20, f = -579.7423546429015
Optimization restart 7/20, f = -586.5742584440917
Optimization restart 8/20, f = -587.2960462175755
Optimization restart 9/20, f = -512.2454564702729
Optimization restart 10/20, f = -511.94004003913017
Optimization restart 11/20, f = -587.0346490031218
Optimization restart 12/20, f = -574.9758536612628
Optimization restart 13/20, f = -583.7111131553935
Optimization restart 14/20, f = -582.7568143644619
Optimization restart 15/20, f = -588.6985660711232
Optimization restart 16/20, f = -496.69856793660017
Optimization restart 17/20, f = -583.5314386440247
Optimization restart 18/20, f = -512.2118310107786
Optimization restart 19/20, f = -488.3768658467384
Optimization restart 20/20, f = -463.71550726899306
pypal at iteration 91.         11 Pareto optimal points,         2492 discarded points,         622 unclassified points.
Hypervolume 1341.91024073447
pypal at iteration 92.         11 Pareto optimal points,         2494 discarded points,         620 unclassified points.
Hypervolume 1341.91024073447
pypal at iteration 93.         11 Pareto optimal points,         2495 discarded points,         619 unclassified points.
Hypervolume 1341.91024073447
pypal at iteration 94.         11 Pareto optimal points,         2495 discarded points,         619 unclassified points.
Hypervolume 1341.91024073447
pypal at iteration 95.         11 Pareto optimal points,         2519 discarded points,         595 unclassified points.
Hypervolume 1341.91024073447
pypal at iteration 96.         11 Pareto optimal points,         2521 discarded points,         593 unclassified points.
Hypervolume 1341.91024073447
pypal at iteration 97.         11 Pareto optimal points,         2541 discarded points,         573 unclassified points.
Hypervolume 1341.91024073447
pypal at iteration 98.         11 Pareto optimal points,         2607 discarded points,         507 unclassified points.
Hypervolume 1341.91024073447
pypal at iteration 99.         11 Pareto optimal points,         2608 discarded points,         506 unclassified points.
Hypervolume 1341.91024073447
pypal at iteration 100.         11 Pareto optimal points,         2608 discarded points,         506 unclassified points.
Hypervolume 1341.91024073447
Optimization restart 1/20, f = -647.1835884944741
Optimization restart 2/20, f = -643.3825266394444
Optimization restart 3/20, f = -553.3923171326242
Optimization restart 4/20, f = -646.4498244942088
Optimization restart 5/20, f = -643.69961753116
Optimization restart 6/20, f = -553.7848519422953
Optimization restart 7/20, f = -637.9097822500505
Optimization restart 8/20, f = -636.6273248443363
Optimization restart 9/20, f = -558.0349294575557
Optimization restart 10/20, f = -247.06041382172566
Optimization restart 11/20, f = -438.5843152583036
Optimization restart 12/20, f = -557.2043317794778
Optimization restart 13/20, f = -645.7466473028405
Optimization restart 14/20, f = -645.2051303641742
Optimization restart 15/20, f = -645.9814827308159
Optimization restart 16/20, f = -557.934827085338
Optimization restart 17/20, f = -637.1486937133352
Optimization restart 18/20, f = -644.8259228978048
Optimization restart 19/20, f = -644.9386815636899
Optimization restart 20/20, f = -554.0468545067008
pypal at iteration 101.         11 Pareto optimal points,         2612 discarded points,         502 unclassified points.
Hypervolume 1341.91024073447
pypal at iteration 102.         11 Pareto optimal points,         2614 discarded points,         500 unclassified points.
Hypervolume 1341.91024073447
pypal at iteration 103.         11 Pareto optimal points,         2615 discarded points,         499 unclassified points.
Hypervolume 1341.91024073447
pypal at iteration 104.         11 Pareto optimal points,         2616 discarded points,         498 unclassified points.
Hypervolume 1341.91024073447
pypal at iteration 105.         11 Pareto optimal points,         2617 discarded points,         497 unclassified points.
Hypervolume 1341.91024073447
pypal at iteration 106.         14 Pareto optimal points,         2618 discarded points,         493 unclassified points.
Hypervolume 1342.162020178326
pypal at iteration 107.         15 Pareto optimal points,         2720 discarded points,         390 unclassified points.
Hypervolume 1387.2543509179334
pypal at iteration 108.         15 Pareto optimal points,         2722 discarded points,         388 unclassified points.
Hypervolume 1387.2543509179334
pypal at iteration 109.         15 Pareto optimal points,         2723 discarded points,         387 unclassified points.
Hypervolume 1387.2543509179334
pypal at iteration 110.         15 Pareto optimal points,         2723 discarded points,         387 unclassified points.
Hypervolume 1387.2543509179334
Optimization restart 1/20, f = -699.9866595589942
Optimization restart 2/20, f = -696.1131498807976
Optimization restart 3/20, f = -510.42505730638766
Optimization restart 4/20, f = -691.7871785578227
Optimization restart 5/20, f = -603.2378360880945
Optimization restart 6/20, f = -603.184364143965
Optimization restart 7/20, f = -603.143701471407
Optimization restart 8/20, f = -482.45659737104666
Optimization restart 9/20, f = -695.1877890599536
Optimization restart 10/20, f = -600.4298612540041
Optimization restart 11/20, f = -694.5967797979562
Optimization restart 12/20, f = -571.6168441732491
Optimization restart 13/20, f = -698.6783857559528
Optimization restart 14/20, f = -692.777423487004
Optimization restart 15/20, f = -603.4966261710588
Optimization restart 16/20, f = -689.6772006264583
Optimization restart 17/20, f = -602.9980614903607
Optimization restart 18/20, f = -690.7966983884314
Optimization restart 19/20, f = -602.8675471696426
Optimization restart 20/20, f = -600.6969136785059
pypal at iteration 111.         15 Pareto optimal points,         2724 discarded points,         386 unclassified points.
Hypervolume 1387.2543509179334
pypal at iteration 112.         15 Pareto optimal points,         2725 discarded points,         385 unclassified points.
Hypervolume 1387.2543509179334
pypal at iteration 113.         15 Pareto optimal points,         2726 discarded points,         384 unclassified points.
Hypervolume 1387.2543509179334
pypal at iteration 114.         16 Pareto optimal points,         2726 discarded points,         383 unclassified points.
Hypervolume 1387.2543509179334
pypal at iteration 115.         16 Pareto optimal points,         2727 discarded points,         382 unclassified points.
Hypervolume 1387.2543509179334
pypal at iteration 116.         16 Pareto optimal points,         2729 discarded points,         380 unclassified points.
Hypervolume 1387.2543509179334
pypal at iteration 117.         16 Pareto optimal points,         2730 discarded points,         379 unclassified points.
Hypervolume 1387.2543509179334
pypal at iteration 118.         16 Pareto optimal points,         2732 discarded points,         377 unclassified points.
Hypervolume 1387.2543509179334
pypal at iteration 119.         16 Pareto optimal points,         2732 discarded points,         377 unclassified points.
Hypervolume 1387.2543509179334
pypal at iteration 120.         16 Pareto optimal points,         2736 discarded points,         373 unclassified points.
Hypervolume 1387.2543509179334
Optimization restart 1/20, f = -750.5084384462649
Optimization restart 2/20, f = -729.7936636608002
Optimization restart 3/20, f = -655.3029674618527
Optimization restart 4/20, f = -735.0619174177152
Optimization restart 5/20, f = -748.6016485072956
Optimization restart 6/20, f = -655.2031339945772
Optimization restart 7/20, f = -652.466720887476
Optimization restart 8/20, f = -739.1044728155232
Optimization restart 9/20, f = -652.7017582984348
Optimization restart 10/20, f = -749.753132300798
Optimization restart 11/20, f = -749.5431985311484
Optimization restart 12/20, f = -749.6056860863478
Optimization restart 13/20, f = -655.4494409544678
Optimization restart 14/20, f = -712.6163286754722
Optimization restart 15/20, f = -652.5070482799091
Optimization restart 16/20, f = -652.6165779339643
Optimization restart 17/20, f = -748.2466872666263
Optimization restart 18/20, f = -749.4795879771572
Optimization restart 19/20, f = -655.4813849063214
Optimization restart 20/20, f = -747.1177890070346
pypal at iteration 121.         16 Pareto optimal points,         2757 discarded points,         352 unclassified points.
Hypervolume 1387.2543509179334
pypal at iteration 122.         16 Pareto optimal points,         2758 discarded points,         351 unclassified points.
Hypervolume 1387.2543509179334
pypal at iteration 123.         16 Pareto optimal points,         2759 discarded points,         350 unclassified points.
Hypervolume 1387.2543509179334
pypal at iteration 124.         16 Pareto optimal points,         2760 discarded points,         349 unclassified points.
Hypervolume 1387.2543509179334
pypal at iteration 125.         16 Pareto optimal points,         2761 discarded points,         348 unclassified points.
Hypervolume 1387.2543509179334
pypal at iteration 126.         16 Pareto optimal points,         2762 discarded points,         347 unclassified points.
Hypervolume 1387.2543509179334
pypal at iteration 127.         16 Pareto optimal points,         2763 discarded points,         346 unclassified points.
Hypervolume 1387.2543509179334
pypal at iteration 128.         16 Pareto optimal points,         2764 discarded points,         345 unclassified points.
Hypervolume 1387.2543509179334
pypal at iteration 129.         16 Pareto optimal points,         2765 discarded points,         344 unclassified points.
Hypervolume 1387.2543509179334
pypal at iteration 130.         16 Pareto optimal points,         2769 discarded points,         340 unclassified points.
Hypervolume 1387.2543509179334
Optimization restart 1/20, f = -804.9437299714648
Optimization restart 2/20, f = -702.864956495296
Optimization restart 3/20, f = -702.7804379674242
Optimization restart 4/20, f = -700.4872354791905
Optimization restart 5/20, f = -802.9478995571467
Optimization restart 6/20, f = -799.0364805062845
Optimization restart 7/20, f = -664.115377423927
Optimization restart 8/20, f = -803.0380079455028
Optimization restart 9/20, f = -803.7419097207664
Optimization restart 10/20, f = -700.558019418326
Optimization restart 11/20, f = -802.7526707213369
Optimization restart 12/20, f = -667.1265604083833
Optimization restart 13/20, f = -798.0741560885615
Optimization restart 14/20, f = -702.8152207927543
Optimization restart 15/20, f = -803.6907394087889
Optimization restart 16/20, f = -797.8406747682213
Optimization restart 17/20, f = -700.7624150041494
Optimization restart 18/20, f = -800.9337534726744
Optimization restart 19/20, f = -702.8284927728669
Optimization restart 20/20, f = -702.7798036365996
pypal at iteration 131.         16 Pareto optimal points,         2770 discarded points,         339 unclassified points.
Hypervolume 1387.2543509179334
pypal at iteration 132.         16 Pareto optimal points,         2771 discarded points,         338 unclassified points.
Hypervolume 1387.2543509179334
pypal at iteration 133.         16 Pareto optimal points,         2772 discarded points,         337 unclassified points.
Hypervolume 1387.2543509179334
pypal at iteration 134.         16 Pareto optimal points,         2774 discarded points,         335 unclassified points.
Hypervolume 1387.2543509179334
pypal at iteration 135.         16 Pareto optimal points,         2775 discarded points,         334 unclassified points.
Hypervolume 1387.2543509179334
pypal at iteration 136.         16 Pareto optimal points,         2775 discarded points,         334 unclassified points.
Hypervolume 1387.2543509179334
pypal at iteration 137.         16 Pareto optimal points,         2776 discarded points,         333 unclassified points.
Hypervolume 1387.2543509179334
pypal at iteration 138.         17 Pareto optimal points,         2818 discarded points,         290 unclassified points.
Hypervolume 1412.1540985304662
pypal at iteration 139.         17 Pareto optimal points,         2819 discarded points,         289 unclassified points.
Hypervolume 1412.1540985304662
pypal at iteration 140.         17 Pareto optimal points,         2819 discarded points,         289 unclassified points.
Hypervolume 1412.1540985304662
Optimization restart 1/20, f = -865.3265849681911
Optimization restart 2/20, f = -863.4598185103943
Optimization restart 3/20, f = -735.8770712321989
Optimization restart 4/20, f = -735.921970955042
Optimization restart 5/20, f = -738.7743398624432
Optimization restart 6/20, f = -863.6773348738833
Optimization restart 7/20, f = -711.2273326090894
Optimization restart 8/20, f = -736.0742769624643
Optimization restart 9/20, f = -736.0901147277193
Optimization restart 10/20, f = -853.1927209592756
Optimization restart 11/20, f = -862.4021977383528
Optimization restart 12/20, f = -862.1463504109355
Optimization restart 13/20, f = -863.1213970380202
Optimization restart 14/20, f = -738.7306346065125
Optimization restart 15/20, f = -736.1406201089353
Optimization restart 16/20, f = -861.515596302655
Optimization restart 17/20, f = -623.1208328426908
Optimization restart 18/20, f = -862.8197530643819
Optimization restart 19/20, f = -864.2448918848092
Optimization restart 20/20, f = -735.9586144022297
pypal at iteration 141.         17 Pareto optimal points,         2820 discarded points,         288 unclassified points.
Hypervolume 1412.1540985304662
pypal at iteration 142.         17 Pareto optimal points,         2821 discarded points,         287 unclassified points.
Hypervolume 1412.1540985304662
pypal at iteration 143.         18 Pareto optimal points,         2822 discarded points,         285 unclassified points.
Hypervolume 1412.219955429426
pypal at iteration 144.         19 Pareto optimal points,         2822 discarded points,         284 unclassified points.
Hypervolume 1412.2219987305882
pypal at iteration 145.         19 Pareto optimal points,         2823 discarded points,         283 unclassified points.
Hypervolume 1412.2219987305882
pypal at iteration 146.         20 Pareto optimal points,         2825 discarded points,         280 unclassified points.
Hypervolume 1412.8469632771858
pypal at iteration 147.         20 Pareto optimal points,         2826 discarded points,         279 unclassified points.
Hypervolume 1412.8469632771858
pypal at iteration 148.         20 Pareto optimal points,         2827 discarded points,         278 unclassified points.
Hypervolume 1412.8469632771858
pypal at iteration 149.         20 Pareto optimal points,         2828 discarded points,         277 unclassified points.
Hypervolume 1412.8469632771858
pypal at iteration 150.         20 Pareto optimal points,         2829 discarded points,         276 unclassified points.
Hypervolume 1412.8469632771858
Optimization restart 1/20, f = -917.5099286028312
Optimization restart 2/20, f = -759.0712658314069
Optimization restart 3/20, f = -915.0060822804273
Optimization restart 4/20, f = -914.0184669417331
Optimization restart 5/20, f = -910.3804727345406
Optimization restart 6/20, f = -760.8879383994615
Optimization restart 7/20, f = -913.3129316048562
Optimization restart 8/20, f = -912.7536672744385
Optimization restart 9/20, f = -910.3239617853454
Optimization restart 10/20, f = -786.0677074516401
Optimization restart 11/20, f = -759.2791032722519
Optimization restart 12/20, f = -906.7029362656946
Optimization restart 13/20, f = -915.2362292123913
Optimization restart 14/20, f = -911.9929242468854
Optimization restart 15/20, f = -911.4623372965948
Optimization restart 16/20, f = -905.0853260017452
Optimization restart 17/20, f = -913.9715760385122
Optimization restart 18/20, f = -907.826566589542
Optimization restart 19/20, f = -912.1143171072117
Optimization restart 20/20, f = -917.1629094230465
pypal at iteration 151.         20 Pareto optimal points,         2830 discarded points,         275 unclassified points.
Hypervolume 1412.8469632771858
pypal at iteration 152.         22 Pareto optimal points,         2830 discarded points,         273 unclassified points.
Hypervolume 1418.95188257041
pypal at iteration 153.         22 Pareto optimal points,         2830 discarded points,         273 unclassified points.
Hypervolume 1418.95188257041
pypal at iteration 154.         22 Pareto optimal points,         2831 discarded points,         272 unclassified points.
Hypervolume 1418.95188257041
pypal at iteration 155.         22 Pareto optimal points,         2832 discarded points,         271 unclassified points.
Hypervolume 1418.95188257041
pypal at iteration 156.         22 Pareto optimal points,         2833 discarded points,         270 unclassified points.
Hypervolume 1418.95188257041
pypal at iteration 157.         22 Pareto optimal points,         2833 discarded points,         270 unclassified points.
Hypervolume 1418.95188257041
pypal at iteration 158.         22 Pareto optimal points,         2834 discarded points,         269 unclassified points.
Hypervolume 1418.95188257041
pypal at iteration 159.         22 Pareto optimal points,         2835 discarded points,         268 unclassified points.
Hypervolume 1418.95188257041
pypal at iteration 160.         22 Pareto optimal points,         2835 discarded points,         268 unclassified points.
Hypervolume 1418.95188257041
Optimization restart 1/20, f = -975.6676355888301
Optimization restart 2/20, f = -972.1562252350595
Optimization restart 3/20, f = -964.6635413785889
Optimization restart 4/20, f = -971.2307869506451
Optimization restart 5/20, f = -974.4239386867407
Optimization restart 6/20, f = -966.3695895540052
Optimization restart 7/20, f = -968.7543256594971
Optimization restart 8/20, f = -769.7945436204344
Optimization restart 9/20, f = -971.3854934794327
Optimization restart 10/20, f = -579.5580081441904
Optimization restart 11/20, f = -951.6013231213208
Optimization restart 12/20, f = -750.9757940204531
Optimization restart 13/20, f = -806.337308895136
Optimization restart 14/20, f = -969.2634181680419
Optimization restart 15/20, f = -973.2097291185892
Optimization restart 16/20, f = -969.3054876915113
Optimization restart 17/20, f = -972.5707254010379
Optimization restart 18/20, f = -972.8651970816065
Optimization restart 19/20, f = -803.5193770992109
Optimization restart 20/20, f = -974.4924916430687
pypal at iteration 161.         22 Pareto optimal points,         2836 discarded points,         267 unclassified points.
Hypervolume 1418.95188257041
pypal at iteration 162.         22 Pareto optimal points,         2837 discarded points,         266 unclassified points.
Hypervolume 1418.95188257041
pypal at iteration 163.         22 Pareto optimal points,         2838 discarded points,         265 unclassified points.
Hypervolume 1418.95188257041
pypal at iteration 164.         22 Pareto optimal points,         2839 discarded points,         264 unclassified points.
Hypervolume 1418.95188257041
pypal at iteration 165.         23 Pareto optimal points,         2841 discarded points,         261 unclassified points.
Hypervolume 1420.1433538820725
pypal at iteration 166.         23 Pareto optimal points,         2842 discarded points,         260 unclassified points.
Hypervolume 1420.1433538820725
pypal at iteration 167.         23 Pareto optimal points,         2843 discarded points,         259 unclassified points.
Hypervolume 1420.1433538820725
pypal at iteration 168.         23 Pareto optimal points,         2844 discarded points,         258 unclassified points.
Hypervolume 1420.1433538820725
pypal at iteration 169.         23 Pareto optimal points,         2845 discarded points,         257 unclassified points.
Hypervolume 1420.1433538820725
pypal at iteration 170.         23 Pareto optimal points,         2846 discarded points,         256 unclassified points.
Hypervolume 1420.1433538820725
Optimization restart 1/20, f = -1025.0219056363328
Optimization restart 2/20, f = -848.1498876225531
Optimization restart 3/20, f = -1022.03586618908
Optimization restart 4/20, f = -587.1868367403938
Optimization restart 5/20, f = -686.8117279425044
Optimization restart 6/20, f = -1022.661479025089
Optimization restart 7/20, f = -848.4784578699956
Optimization restart 8/20, f = -848.4637097309692
Optimization restart 9/20, f = -1018.1673975487739
Optimization restart 10/20, f = -1017.8281871620304
Optimization restart 11/20, f = -1013.7842813928994
Optimization restart 12/20, f = -617.2753831909965
Optimization restart 13/20, f = -830.8308177761492
Optimization restart 14/20, f = -1020.554126090064
Optimization restart 15/20, f = -1014.7768621320015
Optimization restart 16/20, f = -1015.3488959626225
Optimization restart 17/20, f = -1016.4877106948326
Optimization restart 18/20, f = -1021.9154339622276
Optimization restart 19/20, f = -1023.361171635789
Optimization restart 20/20, f = -1006.3229403304223
pypal at iteration 171.         23 Pareto optimal points,         2847 discarded points,         255 unclassified points.
Hypervolume 1420.1433538820725
pypal at iteration 172.         23 Pareto optimal points,         2847 discarded points,         255 unclassified points.
Hypervolume 1420.1433538820725
pypal at iteration 173.         23 Pareto optimal points,         2848 discarded points,         254 unclassified points.
Hypervolume 1420.1433538820725
pypal at iteration 174.         23 Pareto optimal points,         2852 discarded points,         250 unclassified points.
Hypervolume 1420.1433538820725
pypal at iteration 175.         23 Pareto optimal points,         2853 discarded points,         249 unclassified points.
Hypervolume 1420.1433538820725
pypal at iteration 176.         23 Pareto optimal points,         2854 discarded points,         248 unclassified points.
Hypervolume 1420.1433538820725
pypal at iteration 177.         23 Pareto optimal points,         2855 discarded points,         247 unclassified points.
Hypervolume 1420.1433538820725
pypal at iteration 178.         23 Pareto optimal points,         2858 discarded points,         244 unclassified points.
Hypervolume 1420.1433538820725
pypal at iteration 179.         23 Pareto optimal points,         2859 discarded points,         243 unclassified points.
Hypervolume 1420.1433538820725
pypal at iteration 180.         23 Pareto optimal points,         2860 discarded points,         242 unclassified points.
Hypervolume 1420.1433538820725
Optimization restart 1/20, f = -1074.027967929324
Optimization restart 2/20, f = -1068.66651839773
Optimization restart 3/20, f = -898.9750607993718
Optimization restart 4/20, f = -1065.4036173924137
Optimization restart 5/20, f = -1069.159288856136
Optimization restart 6/20, f = -1070.5700639325557
Optimization restart 7/20, f = -1068.8335379125137
Optimization restart 8/20, f = -899.6367240912891
Optimization restart 9/20, f = -1070.7188603025593
Optimization restart 10/20, f = -899.8211672050693
Optimization restart 11/20, f = -1070.6138107184188
Optimization restart 12/20, f = -1071.5073774944444
Optimization restart 13/20, f = -1065.8478340241963
Optimization restart 14/20, f = -1069.1724251087248
Optimization restart 15/20, f = -1069.3895092228613
Optimization restart 16/20, f = -1068.7803372031858
Optimization restart 17/20, f = -1068.249079074649
Optimization restart 18/20, f = -1065.2323454089521
Optimization restart 19/20, f = -885.8892585369176
Optimization restart 20/20, f = -1062.72127011081
pypal at iteration 181.         23 Pareto optimal points,         2861 discarded points,         241 unclassified points.
Hypervolume 1420.1433538820725
pypal at iteration 182.         23 Pareto optimal points,         2862 discarded points,         240 unclassified points.
Hypervolume 1420.1433538820725
pypal at iteration 183.         23 Pareto optimal points,         2863 discarded points,         239 unclassified points.
Hypervolume 1420.1433538820725
pypal at iteration 184.         23 Pareto optimal points,         2864 discarded points,         238 unclassified points.
Hypervolume 1420.1433538820725
pypal at iteration 185.         23 Pareto optimal points,         2865 discarded points,         237 unclassified points.
Hypervolume 1420.1433538820725
pypal at iteration 186.         23 Pareto optimal points,         2866 discarded points,         236 unclassified points.
Hypervolume 1420.1433538820725
pypal at iteration 187.         23 Pareto optimal points,         2867 discarded points,         235 unclassified points.
Hypervolume 1420.1433538820725
pypal at iteration 188.         23 Pareto optimal points,         2868 discarded points,         234 unclassified points.
Hypervolume 1420.1433538820725
pypal at iteration 189.         23 Pareto optimal points,         2869 discarded points,         233 unclassified points.
Hypervolume 1420.1433538820725
pypal at iteration 190.         23 Pareto optimal points,         2870 discarded points,         232 unclassified points.
Hypervolume 1420.1433538820725
Optimization restart 1/20, f = -1128.2682537584842
Optimization restart 2/20, f = -1123.7509641411098
Optimization restart 3/20, f = -1119.5667736189216
Optimization restart 4/20, f = -1122.917411467043
Optimization restart 5/20, f = -1126.5755870833991
Optimization restart 6/20, f = -1116.1728318399232
Optimization restart 7/20, f = -1120.027094099115
Optimization restart 8/20, f = -1123.1946142612505
Optimization restart 9/20, f = -1126.372922164333
Optimization restart 10/20, f = -1123.0495506586497
Optimization restart 11/20, f = -1078.5848418382282
Optimization restart 12/20, f = -1117.3840671801222
Optimization restart 13/20, f = -1123.9560481317803
Optimization restart 14/20, f = -1125.8451172567788
Optimization restart 15/20, f = -1120.3842830672193
Optimization restart 16/20, f = -873.5792946540805
Optimization restart 17/20, f = -1126.6078557292808
Optimization restart 18/20, f = -934.1796510026307
Optimization restart 19/20, f = -1125.6347982294662
Optimization restart 20/20, f = -978.1873367332596
pypal at iteration 191.         23 Pareto optimal points,         2871 discarded points,         231 unclassified points.
Hypervolume 1420.1433538820725
pypal at iteration 192.         23 Pareto optimal points,         2872 discarded points,         230 unclassified points.
Hypervolume 1420.1433538820725
pypal at iteration 193.         23 Pareto optimal points,         2873 discarded points,         229 unclassified points.
Hypervolume 1420.1433538820725
pypal at iteration 194.         23 Pareto optimal points,         2874 discarded points,         228 unclassified points.
Hypervolume 1420.1433538820725
pypal at iteration 195.         23 Pareto optimal points,         2875 discarded points,         227 unclassified points.
Hypervolume 1420.1433538820725
pypal at iteration 196.         23 Pareto optimal points,         2876 discarded points,         226 unclassified points.
Hypervolume 1420.1433538820725
pypal at iteration 197.         23 Pareto optimal points,         2877 discarded points,         225 unclassified points.
Hypervolume 1420.1433538820725
pypal at iteration 198.         23 Pareto optimal points,         2878 discarded points,         224 unclassified points.
Hypervolume 1420.1433538820725
pypal at iteration 199.         23 Pareto optimal points,         2927 discarded points,         175 unclassified points.
Hypervolume 1420.1433538820725
pypal at iteration 200.         23 Pareto optimal points,         2928 discarded points,         174 unclassified points.
Hypervolume 1420.1433538820725
Optimization restart 1/20, f = -1185.2161482310098
Optimization restart 2/20, f = -1180.4870328677544
Optimization restart 3/20, f = -1033.9587768623144
Optimization restart 4/20, f = -1178.623859182235
Optimization restart 5/20, f = -1180.4491119849163
Optimization restart 6/20, f = -1176.5756931472033
Optimization restart 7/20, f = -1182.9716131249434
Optimization restart 8/20, f = -1182.775124786174
Optimization restart 9/20, f = -1170.8958718107858
Optimization restart 10/20, f = -1135.2390774836342
Optimization restart 11/20, f = -1178.8986767050183
Optimization restart 12/20, f = -1180.3234675593212
Optimization restart 13/20, f = -1177.310798169247
Optimization restart 14/20, f = -1172.610996213353
Optimization restart 15/20, f = -1168.777073446819
Optimization restart 16/20, f = -1183.9716432152004
Optimization restart 17/20, f = -1026.343340461974
Optimization restart 18/20, f = -1176.4802578297733
Optimization restart 19/20, f = -1173.0076283180479
Optimization restart 20/20, f = -1181.6055733651654
pypal at iteration 201.         23 Pareto optimal points,         2929 discarded points,         173 unclassified points.
Hypervolume 1420.1433538820725
pypal at iteration 202.         23 Pareto optimal points,         2930 discarded points,         172 unclassified points.
Hypervolume 1420.1433538820725
pypal at iteration 203.         23 Pareto optimal points,         2931 discarded points,         171 unclassified points.
Hypervolume 1420.1433538820725
pypal at iteration 204.         23 Pareto optimal points,         2933 discarded points,         169 unclassified points.
Hypervolume 1420.1433538820725
pypal at iteration 205.         23 Pareto optimal points,         2934 discarded points,         168 unclassified points.
Hypervolume 1420.1433538820725
pypal at iteration 206.         23 Pareto optimal points,         2935 discarded points,         167 unclassified points.
Hypervolume 1420.1433538820725
pypal at iteration 207.         23 Pareto optimal points,         2936 discarded points,         166 unclassified points.
Hypervolume 1420.1433538820725
pypal at iteration 208.         23 Pareto optimal points,         2936 discarded points,         166 unclassified points.
Hypervolume 1420.1433538820725
pypal at iteration 209.         23 Pareto optimal points,         2937 discarded points,         165 unclassified points.
Hypervolume 1420.1433538820725
pypal at iteration 210.         23 Pareto optimal points,         2938 discarded points,         164 unclassified points.
Hypervolume 1420.1433538820725
Optimization restart 1/20, f = -1239.4175343596996
Optimization restart 2/20, f = -1237.3509552648427
Optimization restart 3/20, f = -1233.6906056528924
Optimization restart 4/20, f = -1236.6964278506255
Optimization restart 5/20, f = -1235.503270956948
Optimization restart 6/20, f = -1232.0939696438243
Optimization restart 7/20, f = -1234.2066001198252
Optimization restart 8/20, f = -1226.826279379009
Optimization restart 9/20, f = -1236.2409518823079
Optimization restart 10/20, f = -1232.146592485652
Optimization restart 11/20, f = -1237.536608230223
Optimization restart 12/20, f = -1231.7593997669107
Optimization restart 13/20, f = -1238.4281013697446
Optimization restart 14/20, f = -1185.8977913122933
Optimization restart 15/20, f = -1221.8447396830647
Optimization restart 16/20, f = -1230.5038410038937
Optimization restart 17/20, f = -1231.8964988086473
Optimization restart 18/20, f = -1233.8496348237213
Optimization restart 19/20, f = -1211.2861685189202
Optimization restart 20/20, f = -1020.8770540288247
pypal at iteration 211.         23 Pareto optimal points,         2939 discarded points,         163 unclassified points.
Hypervolume 1420.1433538820725
pypal at iteration 212.         24 Pareto optimal points,         2940 discarded points,         161 unclassified points.
Hypervolume 1480.812416381518
pypal at iteration 213.         25 Pareto optimal points,         2943 discarded points,         157 unclassified points.
Hypervolume 1481.5492292245804
pypal at iteration 214.         25 Pareto optimal points,         2944 discarded points,         156 unclassified points.
Hypervolume 1481.5492292245804
pypal at iteration 215.         25 Pareto optimal points,         2944 discarded points,         156 unclassified points.
Hypervolume 1481.5492292245804
pypal at iteration 216.         25 Pareto optimal points,         2945 discarded points,         155 unclassified points.
Hypervolume 1481.5492292245804
pypal at iteration 217.         25 Pareto optimal points,         2946 discarded points,         154 unclassified points.
Hypervolume 1481.5492292245804
pypal at iteration 218.         25 Pareto optimal points,         2947 discarded points,         153 unclassified points.
Hypervolume 1481.5492292245804
pypal at iteration 219.         26 Pareto optimal points,         2953 discarded points,         146 unclassified points.
Hypervolume 1483.7004130988523
pypal at iteration 220.         26 Pareto optimal points,         2954 discarded points,         145 unclassified points.
Hypervolume 1483.7004130988523
Optimization restart 1/20, f = -1284.0486500689171
Optimization restart 2/20, f = -993.5738324009549
Optimization restart 3/20, f = -1274.5031356307056
Optimization restart 4/20, f = -1277.7876240782512
Optimization restart 5/20, f = -1252.4097246086676
Optimization restart 6/20, f = -1278.324981252734
Optimization restart 7/20, f = -1282.5736675155817
Optimization restart 8/20, f = -1280.6490740929241
Optimization restart 9/20, f = -1280.412696472488
Optimization restart 10/20, f = -1281.3450066286416
Optimization restart 11/20, f = -1280.6275963385272
Optimization restart 12/20, f = -1278.3328692088728
Optimization restart 13/20, f = -1277.1293704133254
Optimization restart 14/20, f = -1280.0502452391638
Optimization restart 15/20, f = -1281.7799686720045
Optimization restart 16/20, f = -1280.1210567528321
Optimization restart 17/20, f = -1259.3858699551936
Optimization restart 18/20, f = -1276.497520874281
Optimization restart 19/20, f = -1282.3372347435766
Optimization restart 20/20, f = -991.897018048943
pypal at iteration 221.         26 Pareto optimal points,         2955 discarded points,         144 unclassified points.
Hypervolume 1483.7004130988523
pypal at iteration 222.         26 Pareto optimal points,         2956 discarded points,         143 unclassified points.
Hypervolume 1483.7004130988523
pypal at iteration 223.         26 Pareto optimal points,         2957 discarded points,         142 unclassified points.
Hypervolume 1483.7004130988523
pypal at iteration 224.         26 Pareto optimal points,         2958 discarded points,         141 unclassified points.
Hypervolume 1483.7004130988523
pypal at iteration 225.         26 Pareto optimal points,         2959 discarded points,         140 unclassified points.
Hypervolume 1483.7004130988523
pypal at iteration 226.         26 Pareto optimal points,         2960 discarded points,         139 unclassified points.
Hypervolume 1483.7004130988523
pypal at iteration 227.         26 Pareto optimal points,         2961 discarded points,         138 unclassified points.
Hypervolume 1483.7004130988523
pypal at iteration 228.         28 Pareto optimal points,         2972 discarded points,         125 unclassified points.
Hypervolume 1484.6820799637374
pypal at iteration 229.         28 Pareto optimal points,         2973 discarded points,         124 unclassified points.
Hypervolume 1484.6820799637374
pypal at iteration 230.         28 Pareto optimal points,         2974 discarded points,         123 unclassified points.
Hypervolume 1484.6820799637374
Optimization restart 1/20, f = -1335.2334232453377
Optimization restart 2/20, f = -1328.0341489280563
Optimization restart 3/20, f = -1316.8252832372855
Optimization restart 4/20, f = -1314.4058317124964
Optimization restart 5/20, f = -1329.7815198365906
Optimization restart 6/20, f = -1330.7280163741116
Optimization restart 7/20, f = -1328.1231529513227
Optimization restart 8/20, f = -1323.0799520389542
Optimization restart 9/20, f = -1329.2238322419025
Optimization restart 10/20, f = -1038.2371153856957
Optimization restart 11/20, f = -1332.7006021727743
Optimization restart 12/20, f = -1331.271986067291
Optimization restart 13/20, f = -1331.9936468440073
Optimization restart 14/20, f = -1323.550481283743
Optimization restart 15/20, f = -1332.991082613083
Optimization restart 16/20, f = -1330.5798258325249
Optimization restart 17/20, f = -1334.1290431162738
Optimization restart 18/20, f = -1331.967663193604
Optimization restart 19/20, f = -1333.1158214990787
Optimization restart 20/20, f = -1325.470676533747
pypal at iteration 231.         29 Pareto optimal points,         2975 discarded points,         121 unclassified points.
Hypervolume 1487.995658756305
pypal at iteration 232.         29 Pareto optimal points,         2976 discarded points,         120 unclassified points.
Hypervolume 1487.995658756305
pypal at iteration 233.         29 Pareto optimal points,         2977 discarded points,         119 unclassified points.
Hypervolume 1487.995658756305
pypal at iteration 234.         29 Pareto optimal points,         2978 discarded points,         118 unclassified points.
Hypervolume 1487.995658756305
pypal at iteration 235.         29 Pareto optimal points,         2979 discarded points,         117 unclassified points.
Hypervolume 1487.995658756305
pypal at iteration 236.         30 Pareto optimal points,         2979 discarded points,         116 unclassified points.
Hypervolume 1489.1472543373775
pypal at iteration 237.         30 Pareto optimal points,         2980 discarded points,         115 unclassified points.
Hypervolume 1489.1472543373775
pypal at iteration 238.         30 Pareto optimal points,         2981 discarded points,         114 unclassified points.
Hypervolume 1489.1472543373775
pypal at iteration 239.         30 Pareto optimal points,         2982 discarded points,         113 unclassified points.
Hypervolume 1489.1472543373775
pypal at iteration 240.         30 Pareto optimal points,         2983 discarded points,         112 unclassified points.
Hypervolume 1489.1472543373775
Optimization restart 1/20, f = -1393.5073962278875
Optimization restart 2/20, f = -1376.7908136395051
Optimization restart 3/20, f = -1381.9994699031035
Optimization restart 4/20, f = -1383.5982408892507
Optimization restart 5/20, f = -1388.0073445279115
Optimization restart 6/20, f = -1385.6804492026022
Optimization restart 7/20, f = -1376.1462017713134
Optimization restart 8/20, f = -1389.3021774436525
Optimization restart 9/20, f = -1387.8674539673127
Optimization restart 10/20, f = -1356.2670751440978
Optimization restart 11/20, f = -1391.6471309562621
Optimization restart 12/20, f = -1389.3524026805758
Optimization restart 13/20, f = -1391.9276489612116
Optimization restart 14/20, f = -1388.9041245352573
Optimization restart 15/20, f = -1388.5527173871108
Optimization restart 16/20, f = -1388.0095199725192
Optimization restart 17/20, f = -1387.7584058378034
Optimization restart 18/20, f = -1388.7183060144637
Optimization restart 19/20, f = -1389.308526693818
Optimization restart 20/20, f = -1232.0199388932124
pypal at iteration 241.         30 Pareto optimal points,         2984 discarded points,         111 unclassified points.
Hypervolume 1489.1472543373775
pypal at iteration 242.         30 Pareto optimal points,         2985 discarded points,         110 unclassified points.
Hypervolume 1489.1472543373775
pypal at iteration 243.         30 Pareto optimal points,         2986 discarded points,         109 unclassified points.
Hypervolume 1489.1472543373775
pypal at iteration 244.         30 Pareto optimal points,         2987 discarded points,         108 unclassified points.
Hypervolume 1489.1472543373775
pypal at iteration 245.         30 Pareto optimal points,         2988 discarded points,         107 unclassified points.
Hypervolume 1489.1472543373775
pypal at iteration 246.         32 Pareto optimal points,         2989 discarded points,         104 unclassified points.
Hypervolume 1501.9005650100894
pypal at iteration 247.         32 Pareto optimal points,         2990 discarded points,         103 unclassified points.
Hypervolume 1501.9005650100894
pypal at iteration 248.         32 Pareto optimal points,         2991 discarded points,         102 unclassified points.
Hypervolume 1501.9005650100894
pypal at iteration 249.         32 Pareto optimal points,         2992 discarded points,         101 unclassified points.
Hypervolume 1501.9005650100894
pypal at iteration 250.         32 Pareto optimal points,         2993 discarded points,         100 unclassified points.
Hypervolume 1501.9005650100894
Optimization restart 1/20, f = -1444.0497762203972
Optimization restart 2/20, f = -1438.6525591120926
Optimization restart 3/20, f = -1440.2136170114804
Optimization restart 4/20, f = -1413.1209624036023
Optimization restart 5/20, f = -1439.3428534102898
Optimization restart 6/20, f = -1440.594006659696
Optimization restart 7/20, f = -1276.7867487169
Optimization restart 8/20, f = -1437.667325506497
Optimization restart 9/20, f = -1434.649228548583
Optimization restart 10/20, f = -1439.525460815525
Optimization restart 11/20, f = -1270.209345256446
Optimization restart 12/20, f = -1440.2043768486528
Optimization restart 13/20, f = -1441.2333567282367
Optimization restart 14/20, f = -1437.7900911177012
Optimization restart 15/20, f = -1435.6289034782767
Optimization restart 16/20, f = -1439.8105562051048
Optimization restart 17/20, f = -1441.9033747113247
Optimization restart 18/20, f = -1442.4327516312762
Optimization restart 19/20, f = -1439.0794125530224
Optimization restart 20/20, f = -1439.3693063850292
pypal at iteration 251.         32 Pareto optimal points,         2994 discarded points,         99 unclassified points.
Hypervolume 1501.9005650100894
pypal at iteration 252.         32 Pareto optimal points,         2995 discarded points,         98 unclassified points.
Hypervolume 1501.9005650100894
pypal at iteration 253.         32 Pareto optimal points,         2996 discarded points,         97 unclassified points.
Hypervolume 1501.9005650100894
pypal at iteration 254.         32 Pareto optimal points,         2997 discarded points,         96 unclassified points.
Hypervolume 1501.9005650100894
pypal at iteration 255.         32 Pareto optimal points,         2998 discarded points,         95 unclassified points.
Hypervolume 1501.9005650100894
pypal at iteration 256.         32 Pareto optimal points,         2999 discarded points,         94 unclassified points.
Hypervolume 1501.9005650100894
pypal at iteration 257.         32 Pareto optimal points,         3000 discarded points,         93 unclassified points.
Hypervolume 1501.9005650100894
pypal at iteration 258.         32 Pareto optimal points,         3001 discarded points,         92 unclassified points.
Hypervolume 1501.9005650100894
pypal at iteration 259.         32 Pareto optimal points,         3002 discarded points,         91 unclassified points.
Hypervolume 1501.9005650100894
pypal at iteration 260.         32 Pareto optimal points,         3003 discarded points,         90 unclassified points.
Hypervolume 1501.9005650100894
Optimization restart 1/20, f = -1498.9090352443302
Optimization restart 2/20, f = -1453.2487698582554
Optimization restart 3/20, f = -1480.624130292997
Optimization restart 4/20, f = -1486.1609091838036
Optimization restart 5/20, f = -1492.215810216227
Optimization restart 6/20, f = -1446.9359300379494
Optimization restart 7/20, f = -1435.015531979754
Optimization restart 8/20, f = -1494.9364563769586
Optimization restart 9/20, f = -1495.8836848116523
Optimization restart 10/20, f = -1483.48426752966
Optimization restart 11/20, f = -1495.317409926624
Optimization restart 12/20, f = -1493.7261333502533
Optimization restart 13/20, f = -1494.5578187294009
Optimization restart 14/20, f = -1494.2457209255113
Optimization restart 15/20, f = -1491.7208942195061
Optimization restart 16/20, f = -1493.8809739834132
Optimization restart 17/20, f = -1494.7962568051107
Optimization restart 18/20, f = -1491.1207343761346
Optimization restart 19/20, f = -1492.7959881086008
Optimization restart 20/20, f = -1493.2008374813988
pypal at iteration 261.         32 Pareto optimal points,         3004 discarded points,         89 unclassified points.
Hypervolume 1501.9005650100894
pypal at iteration 262.         32 Pareto optimal points,         3004 discarded points,         89 unclassified points.
Hypervolume 1501.9005650100894
pypal at iteration 263.         32 Pareto optimal points,         3005 discarded points,         88 unclassified points.
Hypervolume 1501.9005650100894
pypal at iteration 264.         32 Pareto optimal points,         3006 discarded points,         87 unclassified points.
Hypervolume 1501.9005650100894
pypal at iteration 265.         32 Pareto optimal points,         3007 discarded points,         86 unclassified points.
Hypervolume 1501.9005650100894
pypal at iteration 266.         32 Pareto optimal points,         3008 discarded points,         85 unclassified points.
Hypervolume 1501.9005650100894
pypal at iteration 267.         33 Pareto optimal points,         3018 discarded points,         74 unclassified points.
Hypervolume 1502.1510666833515
pypal at iteration 268.         33 Pareto optimal points,         3019 discarded points,         73 unclassified points.
Hypervolume 1502.1510666833515
pypal at iteration 269.         33 Pareto optimal points,         3020 discarded points,         72 unclassified points.
Hypervolume 1502.1510666833515
pypal at iteration 270.         33 Pareto optimal points,         3021 discarded points,         71 unclassified points.
Hypervolume 1502.1510666833515
Optimization restart 1/20, f = -1555.4754962299608
Optimization restart 2/20, f = -1551.916722227992
Optimization restart 3/20, f = -1361.1629629783038
Optimization restart 4/20, f = -1550.234816082356
Optimization restart 5/20, f = -1552.1655959240047
Optimization restart 6/20, f = -1517.24242004631
Optimization restart 7/20, f = -1550.3041123869666
Optimization restart 8/20, f = -1516.0789170072708
Optimization restart 9/20, f = -1540.5730271645361
Optimization restart 10/20, f = -1552.142579236256
Optimization restart 11/20, f = -1550.9924046853484
Optimization restart 12/20, f = -1553.0892892159973
Optimization restart 13/20, f = -1551.3338533951514
Optimization restart 14/20, f = -1552.8223348864917
Optimization restart 15/20, f = -1553.933134955403
Optimization restart 16/20, f = -1553.48869353062
Optimization restart 17/20, f = -1549.88976629905
Optimization restart 18/20, f = -1539.6609466503655
Optimization restart 19/20, f = -1544.0055007203737
Optimization restart 20/20, f = -1542.6633005178055
pypal at iteration 271.         33 Pareto optimal points,         3035 discarded points,         57 unclassified points.
Hypervolume 1502.1510666833515
pypal at iteration 272.         33 Pareto optimal points,         3036 discarded points,         56 unclassified points.
Hypervolume 1502.1510666833515
pypal at iteration 273.         33 Pareto optimal points,         3037 discarded points,         55 unclassified points.
Hypervolume 1502.1510666833515
pypal at iteration 274.         33 Pareto optimal points,         3038 discarded points,         54 unclassified points.
Hypervolume 1502.1510666833515
pypal at iteration 275.         33 Pareto optimal points,         3039 discarded points,         53 unclassified points.
Hypervolume 1502.1510666833515
pypal at iteration 276.         33 Pareto optimal points,         3040 discarded points,         52 unclassified points.
Hypervolume 1502.1510666833515
pypal at iteration 277.         33 Pareto optimal points,         3041 discarded points,         51 unclassified points.
Hypervolume 1502.1510666833515
pypal at iteration 278.         33 Pareto optimal points,         3042 discarded points,         50 unclassified points.
Hypervolume 1502.1510666833515
pypal at iteration 279.         34 Pareto optimal points,         3047 discarded points,         44 unclassified points.
Hypervolume 1504.8970826609607
pypal at iteration 280.         34 Pareto optimal points,         3048 discarded points,         43 unclassified points.
Hypervolume 1504.8970826609607
Optimization restart 1/20, f = -1601.9909584208453
Optimization restart 2/20, f = -1590.6566827690044
Optimization restart 3/20, f = -1596.3399101503414
Optimization restart 4/20, f = -1597.3168579710132
Optimization restart 5/20, f = -1595.7013788512995
Optimization restart 6/20, f = -1598.2751453200824
Optimization restart 7/20, f = -1591.2855746665273
Optimization restart 8/20, f = -1586.6339708263388
Optimization restart 9/20, f = -1584.9950975100903
Optimization restart 10/20, f = -1430.1091228728721
Optimization restart 11/20, f = -1597.862825305397
Optimization restart 12/20, f = -1552.964029406527
Optimization restart 13/20, f = -1595.8782360863233
Optimization restart 14/20, f = -1596.3987577076175
Optimization restart 15/20, f = -1584.7368384702456
Optimization restart 16/20, f = -1543.5722555237703
Optimization restart 17/20, f = -1593.4420858051199
Optimization restart 18/20, f = -1587.9014463917329
Optimization restart 19/20, f = -1597.470468327241
Optimization restart 20/20, f = -1592.5020501825231
pypal at iteration 281.         34 Pareto optimal points,         3049 discarded points,         42 unclassified points.
Hypervolume 1504.8970826609607
pypal at iteration 282.         34 Pareto optimal points,         3050 discarded points,         41 unclassified points.
Hypervolume 1504.8970826609607
pypal at iteration 283.         34 Pareto optimal points,         3051 discarded points,         40 unclassified points.
Hypervolume 1504.8970826609607
pypal at iteration 284.         34 Pareto optimal points,         3054 discarded points,         37 unclassified points.
Hypervolume 1504.8970826609607
pypal at iteration 285.         34 Pareto optimal points,         3055 discarded points,         36 unclassified points.
Hypervolume 1504.8970826609607
pypal at iteration 286.         34 Pareto optimal points,         3056 discarded points,         35 unclassified points.
Hypervolume 1504.8970826609607
pypal at iteration 287.         34 Pareto optimal points,         3057 discarded points,         34 unclassified points.
Hypervolume 1504.8970826609607
pypal at iteration 288.         34 Pareto optimal points,         3058 discarded points,         33 unclassified points.
Hypervolume 1504.8970826609607
pypal at iteration 289.         34 Pareto optimal points,         3059 discarded points,         32 unclassified points.
Hypervolume 1504.8970826609607
pypal at iteration 290.         34 Pareto optimal points,         3060 discarded points,         31 unclassified points.
Hypervolume 1504.8970826609607
Optimization restart 1/20, f = -1644.4742662322794
Optimization restart 2/20, f = -1638.926540053074
Optimization restart 3/20, f = -1639.5508860188306
Optimization restart 4/20, f = -1638.2844004642197
Optimization restart 5/20, f = -1637.522711847999
Optimization restart 6/20, f = -1639.7592879157944
Optimization restart 7/20, f = -1628.2614450114993
Optimization restart 8/20, f = -1638.8418930504452
Optimization restart 9/20, f = -1637.7484027512132
Optimization restart 10/20, f = -1632.5000537224814
Optimization restart 11/20, f = -1635.0362682436785
Optimization restart 12/20, f = -1639.3315904958808
Optimization restart 13/20, f = -1639.344801518023
Optimization restart 14/20, f = -1640.5954094167132
Optimization restart 15/20, f = -1626.8093478381008
Optimization restart 16/20, f = -1463.7267253769455
Optimization restart 17/20, f = -1642.1191950186894
Optimization restart 18/20, f = -1640.2205980354893
Optimization restart 19/20, f = -1642.1368571632825
Optimization restart 20/20, f = -1617.1387246549343
pypal at iteration 291.         34 Pareto optimal points,         3061 discarded points,         30 unclassified points.
Hypervolume 1504.8970826609607
pypal at iteration 292.         34 Pareto optimal points,         3062 discarded points,         29 unclassified points.
Hypervolume 1504.8970826609607
pypal at iteration 293.         34 Pareto optimal points,         3063 discarded points,         28 unclassified points.
Hypervolume 1504.8970826609607
pypal at iteration 294.         34 Pareto optimal points,         3064 discarded points,         27 unclassified points.
Hypervolume 1504.8970826609607
pypal at iteration 295.         34 Pareto optimal points,         3065 discarded points,         26 unclassified points.
Hypervolume 1504.8970826609607
pypal at iteration 296.         34 Pareto optimal points,         3066 discarded points,         25 unclassified points.
Hypervolume 1504.8970826609607
pypal at iteration 297.         34 Pareto optimal points,         3067 discarded points,         24 unclassified points.
Hypervolume 1504.8970826609607
pypal at iteration 298.         35 Pareto optimal points,         3068 discarded points,         22 unclassified points.
Hypervolume 1505.898033762641
pypal at iteration 299.         35 Pareto optimal points,         3069 discarded points,         21 unclassified points.
Hypervolume 1505.898033762641
pypal at iteration 300.         35 Pareto optimal points,         3070 discarded points,         20 unclassified points.
Hypervolume 1505.898033762641
Optimization restart 1/20, f = -1702.9429815279761
Optimization restart 2/20, f = -1696.2755087406956
Optimization restart 3/20, f = -1671.5899085855697
Optimization restart 4/20, f = -1688.512080820977
Optimization restart 5/20, f = -1688.117744345627
Optimization restart 6/20, f = -1685.080263164075
Optimization restart 7/20, f = -1698.8258325982454
Optimization restart 8/20, f = -1687.6684196306828
Optimization restart 9/20, f = -1696.7217094894693
Optimization restart 10/20, f = -1696.656977584975
Optimization restart 11/20, f = -1698.7397963875887
Optimization restart 12/20, f = -1693.6604259402266
Optimization restart 13/20, f = -1697.9664956925983
Optimization restart 14/20, f = -1566.7043912819172
Optimization restart 15/20, f = -1689.7919002988815
Optimization restart 16/20, f = -1697.7043847018012
Optimization restart 17/20, f = -1691.5250914760081
Optimization restart 18/20, f = -1668.1245759985381
Optimization restart 19/20, f = -1659.9504044421606
Optimization restart 20/20, f = -1696.3160402421893
pypal at iteration 301.         35 Pareto optimal points,         3071 discarded points,         19 unclassified points.
Hypervolume 1505.898033762641
pypal at iteration 302.         35 Pareto optimal points,         3072 discarded points,         18 unclassified points.
Hypervolume 1505.898033762641
pypal at iteration 303.         35 Pareto optimal points,         3073 discarded points,         17 unclassified points.
Hypervolume 1505.898033762641
pypal at iteration 304.         35 Pareto optimal points,         3074 discarded points,         16 unclassified points.
Hypervolume 1505.898033762641
pypal at iteration 305.         35 Pareto optimal points,         3075 discarded points,         15 unclassified points.
Hypervolume 1505.898033762641
pypal at iteration 306.         35 Pareto optimal points,         3076 discarded points,         14 unclassified points.
Hypervolume 1505.898033762641
pypal at iteration 307.         36 Pareto optimal points,         3077 discarded points,         12 unclassified points.
Hypervolume 1506.1768806291932
pypal at iteration 308.         36 Pareto optimal points,         3078 discarded points,         11 unclassified points.
Hypervolume 1506.1768806291932
pypal at iteration 309.         36 Pareto optimal points,         3079 discarded points,         10 unclassified points.
Hypervolume 1506.1768806291932
pypal at iteration 310.         36 Pareto optimal points,         3080 discarded points,         9 unclassified points.
Hypervolume 1506.1768806291932
Optimization restart 1/20, f = -1754.8029419323295
Optimization restart 2/20, f = -1741.5210380786739
Optimization restart 3/20, f = -1751.1304866989976
Optimization restart 4/20, f = -1727.6180460568312
Optimization restart 5/20, f = -1747.6633936765113
Optimization restart 6/20, f = -1650.5551418807404
Optimization restart 7/20, f = -1713.0916082488432
Optimization restart 8/20, f = -1745.787694964814
Optimization restart 9/20, f = -1543.04578674704
Optimization restart 10/20, f = -1737.390317542447
Optimization restart 11/20, f = -1749.9256881240535
Optimization restart 12/20, f = -1748.4718109677397
Optimization restart 13/20, f = -1748.55625619082
Optimization restart 14/20, f = -1741.5440410362444
Optimization restart 15/20, f = -1746.1888652363189
Optimization restart 16/20, f = -1748.893922907369
Optimization restart 17/20, f = -1746.8325103048444
Optimization restart 18/20, f = -1743.769747728756
Optimization restart 19/20, f = -1749.3021441029491
Optimization restart 20/20, f = -1741.7442522897984
pypal at iteration 311.         36 Pareto optimal points,         3081 discarded points,         8 unclassified points.
Hypervolume 1506.1768806291932
pypal at iteration 312.         36 Pareto optimal points,         3082 discarded points,         7 unclassified points.
Hypervolume 1506.1768806291932
pypal at iteration 313.         36 Pareto optimal points,         3083 discarded points,         6 unclassified points.
Hypervolume 1506.1768806291932
pypal at iteration 314.         36 Pareto optimal points,         3084 discarded points,         5 unclassified points.
Hypervolume 1506.1768806291932
pypal at iteration 315.         36 Pareto optimal points,         3085 discarded points,         4 unclassified points.
Hypervolume 1506.1768806291932
pypal at iteration 316.         36 Pareto optimal points,         3086 discarded points,         3 unclassified points.
Hypervolume 1506.1768806291932
pypal at iteration 317.         36 Pareto optimal points,         3087 discarded points,         2 unclassified points.
Hypervolume 1506.1768806291932
pypal at iteration 318.         36 Pareto optimal points,         3088 discarded points,         1 unclassified points.
Hypervolume 1506.1768806291932
Done. No unclassified point left
pypal at iteration 318.         36 Pareto optimal points,         3089 discarded points,         0 unclassified points.
Hypervolume 1506.1768806291932
