 /home/kjablonk/anaconda3/envs/dispersant_screener/lib/python3.7/site-packages/sklearn/utils/deprecation.py:143: FutureWarning:The sklearn.preprocessing.data module is  deprecated in version 0.22 and will be removed in version 0.24. The corresponding classes / functions should instead be imported from sklearn.preprocessing. Anything that cannot be imported from sklearn.preprocessing is now part of the private API.
 /home/kjablonk/programs/pypal/pypal/pal/validate_inputs.py:146: UserWarning:No goals provided,                 will assume that every dimension should be maximized
 /home/kjablonk/anaconda3/envs/dispersant_screener/lib/python3.7/site-packages/GPy/kern/src/stationary.py:166: RuntimeWarning:overflow encountered in true_divide
 /home/kjablonk/anaconda3/envs/dispersant_screener/lib/python3.7/site-packages/GPy/kern/src/stationary.py:137: RuntimeWarning:overflow encountered in square
 /home/kjablonk/anaconda3/envs/dispersant_screener/lib/python3.7/site-packages/GPy/kern/src/stationary.py:138: RuntimeWarning:invalid value encountered in add
 /home/kjablonk/anaconda3/envs/dispersant_screener/lib/python3.7/site-packages/GPy/kern/src/stationary.py:565: RuntimeWarning:invalid value encountered in multiply
 /home/kjablonk/anaconda3/envs/dispersant_screener/lib/python3.7/site-packages/GPy/kern/src/stationary.py:568: RuntimeWarning:invalid value encountered in subtract
 /home/kjablonk/anaconda3/envs/dispersant_screener/lib/python3.7/site-packages/paramz/transformations.py:111: RuntimeWarning:overflow encountered in expm1
 /home/kjablonk/anaconda3/envs/dispersant_screener/lib/python3.7/site-packages/GPy/kern/src/stationary.py:243: RuntimeWarning:invalid value encountered in true_divide
 /home/kjablonk/anaconda3/envs/dispersant_screener/lib/python3.7/site-packages/GPy/kern/src/stationary.py:166: RuntimeWarning:overflow encountered in true_divide
 /home/kjablonk/anaconda3/envs/dispersant_screener/lib/python3.7/site-packages/GPy/kern/src/stationary.py:137: RuntimeWarning:overflow encountered in square
 /home/kjablonk/anaconda3/envs/dispersant_screener/lib/python3.7/site-packages/GPy/kern/src/stationary.py:138: RuntimeWarning:invalid value encountered in add
 /home/kjablonk/anaconda3/envs/dispersant_screener/lib/python3.7/site-packages/GPy/kern/src/stationary.py:565: RuntimeWarning:invalid value encountered in multiply
 /home/kjablonk/anaconda3/envs/dispersant_screener/lib/python3.7/site-packages/GPy/kern/src/stationary.py:568: RuntimeWarning:invalid value encountered in subtract
 /home/kjablonk/anaconda3/envs/dispersant_screener/lib/python3.7/site-packages/numpy/core/_asarray.py:136: VisibleDeprecationWarning:Creating an ndarray from ragged nested sequences (which is a list-or-tuple of lists-or-tuples-or ndarrays with different lengths or shapes) is deprecated. If you meant to do this, you must specify 'dtype=object' when creating the ndarray
Maximum hypervolume 1536.0438526567837
STARTING PAL
Optimization restart 1/20, f = -793.8106073879317
Optimization restart 2/20, f = -854.6232210576202
Optimization restart 3/20, f = -854.6086398573241
Optimization restart 4/20, f = -857.0569590741666
Optimization restart 5/20, f = -855.395533937229
Optimization restart 6/20, f = -856.6816320922394
Optimization restart 7/20, f = -856.8423173640545
Optimization restart 8/20, f = -854.7849946353897
Optimization restart 9/20, f = -857.4121196741097
Optimization restart 10/20, f = -855.5972704535653
Optimization restart 11/20, f = -850.855123169187
Optimization restart 12/20, f = -803.0096142946778
Optimization restart 13/20, f = -720.8131957572716
Optimization restart 14/20, f = -854.8590385772372
Optimization restart 15/20, f = -853.5000445150836
Optimization restart 16/20, f = -855.6656910322334
Optimization restart 17/20, f = -856.3108345478418
Optimization restart 18/20, f = -805.8892885383679
Optimization restart 19/20, f = -857.4518628206185
Optimization restart 20/20, f = -854.8215997012624
pypal at iteration 1.         10 Pareto optimal points,         901 discarded points,         2214 unclassified points.
Hypervolume 928.9069863084065
pypal at iteration 2.         10 Pareto optimal points,         1097 discarded points,         2018 unclassified points.
Hypervolume 928.9069863084065
pypal at iteration 3.         11 Pareto optimal points,         1097 discarded points,         2017 unclassified points.
Hypervolume 1222.5882622616084
pypal at iteration 4.         18 Pareto optimal points,         1100 discarded points,         2007 unclassified points.
Hypervolume 1369.6870262465613
pypal at iteration 5.         18 Pareto optimal points,         1101 discarded points,         2006 unclassified points.
Hypervolume 1369.6870262465613
pypal at iteration 6.         18 Pareto optimal points,         1105 discarded points,         2002 unclassified points.
Hypervolume 1369.6870262465613
pypal at iteration 7.         18 Pareto optimal points,         1119 discarded points,         1988 unclassified points.
Hypervolume 1369.6870262465613
pypal at iteration 8.         18 Pareto optimal points,         1135 discarded points,         1972 unclassified points.
Hypervolume 1369.6870262465613
pypal at iteration 9.         18 Pareto optimal points,         1136 discarded points,         1971 unclassified points.
Hypervolume 1369.6870262465613
pypal at iteration 10.         18 Pareto optimal points,         1137 discarded points,         1970 unclassified points.
Hypervolume 1369.6870262465613
Optimization restart 1/20, f = -960.396920468557
Optimization restart 2/20, f = -944.9908499759104
Optimization restart 3/20, f = -956.1207017626452
Optimization restart 4/20, f = -958.3358481325579
Optimization restart 5/20, f = -957.2176316615876
Optimization restart 6/20, f = -957.955438336263
Optimization restart 7/20, f = -956.7811508086061
Optimization restart 8/20, f = -958.1216665682554
Optimization restart 9/20, f = -957.060175269175
Optimization restart 10/20, f = -957.6821236796627
Optimization restart 11/20, f = -922.8764454581664
Optimization restart 12/20, f = -931.1714392985127
Optimization restart 13/20, f = -956.6463978129761
Optimization restart 14/20, f = -958.2999308410406
Optimization restart 15/20, f = -957.2030709995379
Optimization restart 16/20, f = -957.2456774899837
Optimization restart 17/20, f = -959.7068213837779
Optimization restart 18/20, f = -958.0686548970491
Optimization restart 19/20, f = -958.200220928939
Optimization restart 20/20, f = -935.280849718661
pypal at iteration 11.         18 Pareto optimal points,         1193 discarded points,         1914 unclassified points.
Hypervolume 1369.6870262465613
pypal at iteration 12.         18 Pareto optimal points,         1197 discarded points,         1910 unclassified points.
Hypervolume 1369.6870262465613
pypal at iteration 13.         18 Pareto optimal points,         1201 discarded points,         1906 unclassified points.
Hypervolume 1369.6870262465613
pypal at iteration 14.         18 Pareto optimal points,         1202 discarded points,         1905 unclassified points.
Hypervolume 1369.6870262465613
pypal at iteration 15.         18 Pareto optimal points,         1209 discarded points,         1898 unclassified points.
Hypervolume 1369.6870262465613
pypal at iteration 16.         19 Pareto optimal points,         1209 discarded points,         1897 unclassified points.
Hypervolume 1370.1360508731384
pypal at iteration 17.         21 Pareto optimal points,         1209 discarded points,         1895 unclassified points.
Hypervolume 1370.1360508731386
pypal at iteration 18.         21 Pareto optimal points,         1210 discarded points,         1894 unclassified points.
Hypervolume 1370.1360508731386
pypal at iteration 19.         21 Pareto optimal points,         1211 discarded points,         1893 unclassified points.
Hypervolume 1370.1360508731386
pypal at iteration 20.         21 Pareto optimal points,         1212 discarded points,         1892 unclassified points.
Hypervolume 1370.1360508731386
Optimization restart 1/20, f = -1070.7430384555435
Optimization restart 2/20, f = -1068.5572055007062
Optimization restart 3/20, f = -1067.2501219922283
Optimization restart 4/20, f = -1064.0742309813804
Optimization restart 5/20, f = -1066.762562507674
Optimization restart 6/20, f = -805.059797076683
Optimization restart 7/20, f = -1068.6176807972188
Optimization restart 8/20, f = -1033.3954760702554
Optimization restart 9/20, f = -1067.4688965918674
Optimization restart 10/20, f = -947.2915819047942
Optimization restart 11/20, f = -1067.7966213513105
Optimization restart 12/20, f = -1065.7718299095643
Optimization restart 13/20, f = -1067.8379580168685
Optimization restart 14/20, f = -1068.3574193640225
Optimization restart 15/20, f = -1067.4690572534191
Optimization restart 16/20, f = -1068.4352434663565
Optimization restart 17/20, f = -1064.7985092393246
Optimization restart 18/20, f = -1069.7128719848824
Optimization restart 19/20, f = -1067.2512675428443
Optimization restart 20/20, f = -1066.8642622546631
pypal at iteration 21.         21 Pareto optimal points,         1216 discarded points,         1888 unclassified points.
Hypervolume 1370.1360508731386
pypal at iteration 22.         21 Pareto optimal points,         1217 discarded points,         1887 unclassified points.
Hypervolume 1370.1360508731386
pypal at iteration 23.         21 Pareto optimal points,         1217 discarded points,         1887 unclassified points.
Hypervolume 1370.1360508731386
pypal at iteration 24.         21 Pareto optimal points,         1218 discarded points,         1886 unclassified points.
Hypervolume 1370.1360508731386
pypal at iteration 25.         21 Pareto optimal points,         1219 discarded points,         1885 unclassified points.
Hypervolume 1370.1360508731386
pypal at iteration 26.         21 Pareto optimal points,         1220 discarded points,         1884 unclassified points.
Hypervolume 1370.1360508731386
pypal at iteration 27.         21 Pareto optimal points,         1221 discarded points,         1883 unclassified points.
Hypervolume 1370.1360508731386
pypal at iteration 28.         21 Pareto optimal points,         1223 discarded points,         1881 unclassified points.
Hypervolume 1370.1360508731386
pypal at iteration 29.         21 Pareto optimal points,         1224 discarded points,         1880 unclassified points.
Hypervolume 1370.1360508731386
pypal at iteration 30.         21 Pareto optimal points,         1226 discarded points,         1878 unclassified points.
Hypervolume 1370.1360508731386
Optimization restart 1/20, f = -1182.4658497278822
Optimization restart 2/20, f = -1179.4241513705097
Optimization restart 3/20, f = -1179.2254190887452
Optimization restart 4/20, f = -1173.967320944082
Optimization restart 5/20, f = -1179.0558615479695
Optimization restart 6/20, f = -1131.8207534805563
Optimization restart 7/20, f = -1178.6909807264228
Optimization restart 8/20, f = -986.967178420821
Optimization restart 9/20, f = -1177.3314758582508
Optimization restart 10/20, f = -1180.416981344481
Optimization restart 11/20, f = -1180.457394210746
Optimization restart 12/20, f = -1180.1491300119656
Optimization restart 13/20, f = -1179.8911570271796
Optimization restart 14/20, f = -1180.5635731401194
Optimization restart 15/20, f = -1178.4849875072687
Optimization restart 16/20, f = -1178.9592418653658
Optimization restart 17/20, f = -1176.1435750371465
Optimization restart 18/20, f = -1179.2993993702212
Optimization restart 19/20, f = -1177.4195747856272
Optimization restart 20/20, f = -1178.9558203689999
pypal at iteration 31.         21 Pareto optimal points,         1229 discarded points,         1875 unclassified points.
Hypervolume 1370.1360508731386
pypal at iteration 32.         21 Pareto optimal points,         1230 discarded points,         1874 unclassified points.
Hypervolume 1370.1360508731386
pypal at iteration 33.         21 Pareto optimal points,         1233 discarded points,         1871 unclassified points.
Hypervolume 1370.1360508731386
pypal at iteration 34.         21 Pareto optimal points,         1235 discarded points,         1869 unclassified points.
Hypervolume 1370.1360508731386
pypal at iteration 35.         21 Pareto optimal points,         1236 discarded points,         1868 unclassified points.
Hypervolume 1370.1360508731386
pypal at iteration 36.         21 Pareto optimal points,         1238 discarded points,         1866 unclassified points.
Hypervolume 1370.1360508731386
pypal at iteration 37.         21 Pareto optimal points,         1239 discarded points,         1865 unclassified points.
Hypervolume 1370.1360508731386
pypal at iteration 38.         21 Pareto optimal points,         1240 discarded points,         1864 unclassified points.
Hypervolume 1370.1360508731386
pypal at iteration 39.         21 Pareto optimal points,         1241 discarded points,         1863 unclassified points.
Hypervolume 1370.1360508731386
pypal at iteration 40.         21 Pareto optimal points,         1242 discarded points,         1862 unclassified points.
Hypervolume 1370.1360508731386
Optimization restart 1/20, f = -1296.667668667114
Optimization restart 2/20, f = -1292.7253724927323
Optimization restart 3/20, f = -1294.522299154859
Optimization restart 4/20, f = -1296.2665292916338
Optimization restart 5/20, f = -1294.582123609104
Optimization restart 6/20, f = -1294.1886726753296
Optimization restart 7/20, f = -1294.562749189876
Optimization restart 8/20, f = -1294.764415893867
Optimization restart 9/20, f = -1291.2935208420968
Optimization restart 10/20, f = -1294.4484291734918
Optimization restart 11/20, f = -1292.587531891089
Optimization restart 12/20, f = -1288.8995925626216
Optimization restart 13/20, f = -1293.5157748611555
Optimization restart 14/20, f = -1258.4363589660197
Optimization restart 15/20, f = -1293.362128381151
Optimization restart 16/20, f = -1294.3322944174668
Optimization restart 17/20, f = -1294.4937071128024
Optimization restart 18/20, f = -1292.8050399188055
Optimization restart 19/20, f = -1295.3264002628125
Optimization restart 20/20, f = -1294.525322297783
pypal at iteration 41.         21 Pareto optimal points,         1252 discarded points,         1852 unclassified points.
Hypervolume 1370.1360508731386
pypal at iteration 42.         21 Pareto optimal points,         1255 discarded points,         1849 unclassified points.
Hypervolume 1370.1360508731386
pypal at iteration 43.         21 Pareto optimal points,         1259 discarded points,         1845 unclassified points.
Hypervolume 1370.1360508731386
pypal at iteration 44.         21 Pareto optimal points,         1260 discarded points,         1844 unclassified points.
Hypervolume 1370.1360508731386
pypal at iteration 45.         21 Pareto optimal points,         1261 discarded points,         1843 unclassified points.
Hypervolume 1370.1360508731386
pypal at iteration 46.         21 Pareto optimal points,         1262 discarded points,         1842 unclassified points.
Hypervolume 1370.1360508731386
pypal at iteration 47.         21 Pareto optimal points,         1265 discarded points,         1839 unclassified points.
Hypervolume 1370.1360508731386
pypal at iteration 48.         21 Pareto optimal points,         1266 discarded points,         1838 unclassified points.
Hypervolume 1370.1360508731386
pypal at iteration 49.         21 Pareto optimal points,         1267 discarded points,         1837 unclassified points.
Hypervolume 1370.1360508731386
pypal at iteration 50.         21 Pareto optimal points,         1268 discarded points,         1836 unclassified points.
Hypervolume 1370.1360508731386
Optimization restart 1/20, f = -1394.9810165649578
Optimization restart 2/20, f = -1389.6194598157044
Optimization restart 3/20, f = -1392.4039734619328
Optimization restart 4/20, f = -1389.8317504308186
Optimization restart 5/20, f = -1390.3851615972503
Optimization restart 6/20, f = -1390.561408478707
Optimization restart 7/20, f = -1389.835279822143
Optimization restart 8/20, f = -1392.269344396103
Optimization restart 9/20, f = -1392.3872483112632
Optimization restart 10/20, f = -1389.9837993538342
Optimization restart 11/20, f = -1392.0075890632788
Optimization restart 12/20, f = -1388.7117787819752
Optimization restart 13/20, f = -1392.5097188306268
Optimization restart 14/20, f = -1388.4396267720222
Optimization restart 15/20, f = -1389.4918974930788
Optimization restart 16/20, f = -1390.2452694171525
Optimization restart 17/20, f = -1389.1242707079437
Optimization restart 18/20, f = -1395.6894207293094
Optimization restart 19/20, f = -1392.2771463083056
Optimization restart 20/20, f = -1389.0517838381593
pypal at iteration 51.         21 Pareto optimal points,         1272 discarded points,         1832 unclassified points.
Hypervolume 1370.1360508731386
pypal at iteration 52.         21 Pareto optimal points,         1273 discarded points,         1831 unclassified points.
Hypervolume 1370.1360508731386
pypal at iteration 53.         21 Pareto optimal points,         1276 discarded points,         1828 unclassified points.
Hypervolume 1370.1360508731386
pypal at iteration 54.         21 Pareto optimal points,         1278 discarded points,         1826 unclassified points.
Hypervolume 1370.1360508731386
pypal at iteration 55.         21 Pareto optimal points,         1279 discarded points,         1825 unclassified points.
Hypervolume 1370.1360508731386
pypal at iteration 56.         21 Pareto optimal points,         1280 discarded points,         1824 unclassified points.
Hypervolume 1370.1360508731386
pypal at iteration 57.         21 Pareto optimal points,         1281 discarded points,         1823 unclassified points.
Hypervolume 1370.1360508731386
pypal at iteration 58.         21 Pareto optimal points,         1282 discarded points,         1822 unclassified points.
Hypervolume 1370.1360508731386
pypal at iteration 59.         21 Pareto optimal points,         1283 discarded points,         1821 unclassified points.
Hypervolume 1370.1360508731386
pypal at iteration 60.         21 Pareto optimal points,         1284 discarded points,         1820 unclassified points.
Hypervolume 1370.1360508731386
Optimization restart 1/20, f = -1476.2609271027204
Optimization restart 2/20, f = -1472.1559502322916
Optimization restart 3/20, f = -1472.5609153966252
Optimization restart 4/20, f = -1473.0142759643427
Optimization restart 5/20, f = -1472.0628956545056
Optimization restart 6/20, f = -1469.2423159804166
Optimization restart 7/20, f = -1473.8556735574034
Optimization restart 8/20, f = -1472.0925516106263
Optimization restart 9/20, f = -1470.2290106427176
Optimization restart 10/20, f = -1471.3528033752846
Optimization restart 11/20, f = -1439.6652165887347
Optimization restart 12/20, f = -1473.1731110015796
Optimization restart 13/20, f = -1472.1430299136496
Optimization restart 14/20, f = -1472.274212915422
Optimization restart 15/20, f = -1471.0718317566652
Optimization restart 16/20, f = -1471.944249478461
Optimization restart 17/20, f = -1464.5509273877014
Optimization restart 18/20, f = -1472.1464320025716
Optimization restart 19/20, f = -1471.595559191172
Optimization restart 20/20, f = -1472.5470832661056
pypal at iteration 61.         21 Pareto optimal points,         1285 discarded points,         1819 unclassified points.
Hypervolume 1370.1360508731386
pypal at iteration 62.         21 Pareto optimal points,         1286 discarded points,         1818 unclassified points.
Hypervolume 1370.1360508731386
pypal at iteration 63.         21 Pareto optimal points,         1287 discarded points,         1817 unclassified points.
Hypervolume 1370.1360508731386
pypal at iteration 64.         21 Pareto optimal points,         1288 discarded points,         1816 unclassified points.
Hypervolume 1370.1360508731386
pypal at iteration 65.         21 Pareto optimal points,         1289 discarded points,         1815 unclassified points.
Hypervolume 1370.1360508731386
pypal at iteration 66.         21 Pareto optimal points,         1290 discarded points,         1814 unclassified points.
Hypervolume 1370.1360508731386
pypal at iteration 67.         21 Pareto optimal points,         1291 discarded points,         1813 unclassified points.
Hypervolume 1370.1360508731386
pypal at iteration 68.         21 Pareto optimal points,         1292 discarded points,         1812 unclassified points.
Hypervolume 1370.1360508731386
pypal at iteration 69.         21 Pareto optimal points,         1293 discarded points,         1811 unclassified points.
Hypervolume 1370.1360508731386
pypal at iteration 70.         21 Pareto optimal points,         1294 discarded points,         1810 unclassified points.
Hypervolume 1370.1360508731386
Optimization restart 1/20, f = -1560.7491460937904
Optimization restart 2/20, f = -1555.7147285259512
Optimization restart 3/20, f = -1556.1562219860962
Optimization restart 4/20, f = -1557.2819111322651
Optimization restart 5/20, f = -1555.5112913748642
Optimization restart 6/20, f = -1556.7209602283378
Optimization restart 7/20, f = -1554.3983081370159
Optimization restart 8/20, f = -1552.4736456775506
Optimization restart 9/20, f = -1558.6685079599406
Optimization restart 10/20, f = -1556.999493514698
Optimization restart 11/20, f = -1556.7160528466002
Optimization restart 12/20, f = -1555.9052725993026
Optimization restart 13/20, f = -1550.9364009525589
Optimization restart 14/20, f = -1555.8272574179832
Optimization restart 15/20, f = -1554.8283201818501
Optimization restart 16/20, f = -1554.3487542755108
Optimization restart 17/20, f = -1558.933142968283
Optimization restart 18/20, f = -1556.5754847347118
Optimization restart 19/20, f = -1557.9067148418287
Optimization restart 20/20, f = -1556.6545217062783
pypal at iteration 71.         21 Pareto optimal points,         1295 discarded points,         1809 unclassified points.
Hypervolume 1370.1360508731386
pypal at iteration 72.         21 Pareto optimal points,         1296 discarded points,         1808 unclassified points.
Hypervolume 1370.1360508731386
pypal at iteration 73.         21 Pareto optimal points,         1338 discarded points,         1766 unclassified points.
Hypervolume 1370.1360508731386
pypal at iteration 74.         21 Pareto optimal points,         1338 discarded points,         1766 unclassified points.
Hypervolume 1370.1360508731386
pypal at iteration 75.         26 Pareto optimal points,         1338 discarded points,         1761 unclassified points.
Hypervolume 1457.7001212605273
pypal at iteration 76.         31 Pareto optimal points,         1339 discarded points,         1755 unclassified points.
Hypervolume 1478.9521797250713
pypal at iteration 77.         31 Pareto optimal points,         1340 discarded points,         1754 unclassified points.
Hypervolume 1478.9521797250713
pypal at iteration 78.         31 Pareto optimal points,         1341 discarded points,         1753 unclassified points.
Hypervolume 1478.9521797250713
pypal at iteration 79.         46 Pareto optimal points,         1341 discarded points,         1738 unclassified points.
Hypervolume 1483.5837738510397
pypal at iteration 80.         46 Pareto optimal points,         1355 discarded points,         1724 unclassified points.
Hypervolume 1483.5837738510397
Optimization restart 1/20, f = -1638.771939915607
Optimization restart 2/20, f = -1635.170259745138
Optimization restart 3/20, f = -1635.1473716280984
Optimization restart 4/20, f = -1633.9248336045434
Optimization restart 5/20, f = -1626.5024840430508
Optimization restart 6/20, f = -1632.7680968101738
Optimization restart 7/20, f = -1623.7843350703495
Optimization restart 8/20, f = -1635.198862491855
Optimization restart 9/20, f = -1632.3403820137723
Optimization restart 10/20, f = -1584.8817350400886
Optimization restart 11/20, f = -1633.5131815338593
Optimization restart 12/20, f = -1631.3732262817553
Optimization restart 13/20, f = -1634.5851803922162
Optimization restart 14/20, f = -1567.5014233267325
Optimization restart 15/20, f = -1632.8920627575499
Optimization restart 16/20, f = -1636.2194025346682
Optimization restart 17/20, f = -1635.1829546513095
Optimization restart 18/20, f = -1628.8571058601156
Optimization restart 19/20, f = -1634.6168031285813
Optimization restart 20/20, f = -1631.8008345795204
pypal at iteration 81.         46 Pareto optimal points,         1356 discarded points,         1723 unclassified points.
Hypervolume 1483.5837738510397
pypal at iteration 82.         46 Pareto optimal points,         1363 discarded points,         1716 unclassified points.
Hypervolume 1483.5837738510397
pypal at iteration 83.         46 Pareto optimal points,         1364 discarded points,         1715 unclassified points.
Hypervolume 1483.5837738510397
pypal at iteration 84.         46 Pareto optimal points,         1367 discarded points,         1712 unclassified points.
Hypervolume 1483.5837738510397
pypal at iteration 85.         58 Pareto optimal points,         1444 discarded points,         1623 unclassified points.
Hypervolume 1484.591490028618
pypal at iteration 86.         64 Pareto optimal points,         1445 discarded points,         1616 unclassified points.
Hypervolume 1484.591490028618
pypal at iteration 87.         64 Pareto optimal points,         1446 discarded points,         1615 unclassified points.
Hypervolume 1484.591490028618
pypal at iteration 88.         64 Pareto optimal points,         1447 discarded points,         1614 unclassified points.
Hypervolume 1484.591490028618
pypal at iteration 89.         64 Pareto optimal points,         1657 discarded points,         1404 unclassified points.
Hypervolume 1484.591490028618
pypal at iteration 90.         66 Pareto optimal points,         1660 discarded points,         1399 unclassified points.
Hypervolume 1484.6999780316928
Optimization restart 1/20, f = -1704.3867389333973
Optimization restart 2/20, f = -1689.4928276691292
Optimization restart 3/20, f = -1673.7716149398307
Optimization restart 4/20, f = -1684.0098518254877
Optimization restart 5/20, f = -1700.535592140408
Optimization restart 6/20, f = -1699.5942396764362
Optimization restart 7/20, f = -1699.5939430725896
Optimization restart 8/20, f = -1701.2286842899211
Optimization restart 9/20, f = -1700.177452254292
Optimization restart 10/20, f = -1278.0961087454402
Optimization restart 11/20, f = -1191.2926665921616
Optimization restart 12/20, f = -1701.288727662578
Optimization restart 13/20, f = -1501.68475859628
Optimization restart 14/20, f = -1686.273949183638
Optimization restart 15/20, f = -1700.5082394981864
Optimization restart 16/20, f = -1666.9126239824373
Optimization restart 17/20, f = -1701.0980358759214
Optimization restart 18/20, f = -1674.8694912872766
Optimization restart 19/20, f = -1700.9380726998302
Optimization restart 20/20, f = -1684.0629982652908
pypal at iteration 91.         66 Pareto optimal points,         1662 discarded points,         1397 unclassified points.
Hypervolume 1484.6999780316928
pypal at iteration 92.         66 Pareto optimal points,         1664 discarded points,         1395 unclassified points.
Hypervolume 1484.6999780316928
pypal at iteration 93.         66 Pareto optimal points,         1665 discarded points,         1394 unclassified points.
Hypervolume 1484.6999780316928
pypal at iteration 94.         66 Pareto optimal points,         1666 discarded points,         1393 unclassified points.
Hypervolume 1484.6999780316928
pypal at iteration 95.         66 Pareto optimal points,         1667 discarded points,         1392 unclassified points.
Hypervolume 1484.6999780316928
pypal at iteration 96.         68 Pareto optimal points,         1745 discarded points,         1312 unclassified points.
Hypervolume 1484.9114734413354
pypal at iteration 97.         68 Pareto optimal points,         1746 discarded points,         1311 unclassified points.
Hypervolume 1484.9114734413354
pypal at iteration 98.         68 Pareto optimal points,         1747 discarded points,         1310 unclassified points.
Hypervolume 1484.9114734413354
pypal at iteration 99.         69 Pareto optimal points,         1748 discarded points,         1308 unclassified points.
Hypervolume 1484.9114734413354
pypal at iteration 100.         69 Pareto optimal points,         1749 discarded points,         1307 unclassified points.
Hypervolume 1484.9114734413354
Optimization restart 1/20, f = -1777.3441409310954
Optimization restart 2/20, f = -1767.2686487332412
Optimization restart 3/20, f = -1770.2893829257548
Optimization restart 4/20, f = -1764.235980123441
Optimization restart 5/20, f = -1772.9941016391351
Optimization restart 6/20, f = -1660.2390210865974
Optimization restart 7/20, f = -1770.9823791615531
Optimization restart 8/20, f = -1774.1280406401213
Optimization restart 9/20, f = -1774.1747013830563
Optimization restart 10/20, f = -1772.9207836558212
Optimization restart 11/20, f = -1774.3069068201153
Optimization restart 12/20, f = -1768.7506233334682
Optimization restart 13/20, f = -1774.0951068172824
Optimization restart 14/20, f = -1770.3320987496186
Optimization restart 15/20, f = -1764.5126419174167
Optimization restart 16/20, f = -1774.217214881789
Optimization restart 17/20, f = -1430.6289084599912
Optimization restart 18/20, f = -1733.557609366992
Optimization restart 19/20, f = -1773.8115498461843
Optimization restart 20/20, f = -1602.8246355325907
pypal at iteration 101.         69 Pareto optimal points,         1750 discarded points,         1306 unclassified points.
Hypervolume 1484.9114734413354
pypal at iteration 102.         69 Pareto optimal points,         1751 discarded points,         1305 unclassified points.
Hypervolume 1484.9114734413354
pypal at iteration 103.         69 Pareto optimal points,         1752 discarded points,         1304 unclassified points.
Hypervolume 1484.9114734413354
pypal at iteration 104.         69 Pareto optimal points,         1753 discarded points,         1303 unclassified points.
Hypervolume 1484.9114734413354
pypal at iteration 105.         69 Pareto optimal points,         1754 discarded points,         1302 unclassified points.
Hypervolume 1484.9114734413354
pypal at iteration 106.         69 Pareto optimal points,         1755 discarded points,         1301 unclassified points.
Hypervolume 1484.9114734413354
pypal at iteration 107.         69 Pareto optimal points,         1756 discarded points,         1300 unclassified points.
Hypervolume 1484.9114734413354
pypal at iteration 108.         69 Pareto optimal points,         1757 discarded points,         1299 unclassified points.
Hypervolume 1484.9114734413354
pypal at iteration 109.         69 Pareto optimal points,         1758 discarded points,         1298 unclassified points.
Hypervolume 1484.9114734413354
pypal at iteration 110.         69 Pareto optimal points,         1773 discarded points,         1283 unclassified points.
Hypervolume 1484.9114734413354
Optimization restart 1/20, f = -1850.7374657983496
Optimization restart 2/20, f = -1846.457974352218
Optimization restart 3/20, f = -1843.391520144595
Optimization restart 4/20, f = -1848.9059552839249
Optimization restart 5/20, f = -1848.5654804427593
Optimization restart 6/20, f = -1849.6685635397641
Optimization restart 7/20, f = -1846.620137075497
Optimization restart 8/20, f = -1113.8447999039536
Optimization restart 9/20, f = -1847.3040085098423
Optimization restart 10/20, f = -1846.1569535771673
Optimization restart 11/20, f = -1849.3693742155224
Optimization restart 12/20, f = -1849.428884829285
Optimization restart 13/20, f = -1849.8437234280843
Optimization restart 14/20, f = -1768.5510551693656
Optimization restart 15/20, f = -1849.3220281929687
Optimization restart 16/20, f = -1846.6973531321414
Optimization restart 17/20, f = -1847.8400268162425
Optimization restart 18/20, f = -1849.3447085299554
Optimization restart 19/20, f = -1849.249031745967
Optimization restart 20/20, f = -1664.3386263357222
pypal at iteration 111.         69 Pareto optimal points,         1774 discarded points,         1282 unclassified points.
Hypervolume 1484.9114734413354
pypal at iteration 112.         69 Pareto optimal points,         1775 discarded points,         1281 unclassified points.
Hypervolume 1484.9114734413354
pypal at iteration 113.         81 Pareto optimal points,         1913 discarded points,         1131 unclassified points.
Hypervolume 1487.1652321612212
pypal at iteration 114.         82 Pareto optimal points,         1914 discarded points,         1129 unclassified points.
Hypervolume 1487.1652321612212
pypal at iteration 115.         83 Pareto optimal points,         1916 discarded points,         1126 unclassified points.
Hypervolume 1487.1652321612212
pypal at iteration 116.         83 Pareto optimal points,         1917 discarded points,         1125 unclassified points.
Hypervolume 1487.1652321612212
pypal at iteration 117.         83 Pareto optimal points,         1918 discarded points,         1124 unclassified points.
Hypervolume 1487.1652321612212
pypal at iteration 118.         84 Pareto optimal points,         2020 discarded points,         1021 unclassified points.
Hypervolume 1487.7527314352692
pypal at iteration 119.         84 Pareto optimal points,         2024 discarded points,         1017 unclassified points.
Hypervolume 1487.7527314352692
pypal at iteration 120.         84 Pareto optimal points,         2025 discarded points,         1016 unclassified points.
Hypervolume 1487.7527314352692
Optimization restart 1/20, f = -1919.4285008897734
Optimization restart 2/20, f = -1907.9057607342154
Optimization restart 3/20, f = -1918.1845031102218
Optimization restart 4/20, f = -1918.015432328581
Optimization restart 5/20, f = -1916.652921480385
Optimization restart 6/20, f = -1917.5845542146265
Optimization restart 7/20, f = -1916.2457000023317
Optimization restart 8/20, f = -1913.4697649257294
Optimization restart 9/20, f = -1917.2815529464535
Optimization restart 10/20, f = -1914.8863730026471
Optimization restart 11/20, f = -1915.4980378005994
Optimization restart 12/20, f = -1917.593993018435
Optimization restart 13/20, f = -1915.7449939177895
Optimization restart 14/20, f = -1916.4881639633031
Optimization restart 15/20, f = -1914.5650264242486
Optimization restart 16/20, f = -1914.061305950946
Optimization restart 17/20, f = -1917.3610942711844
Optimization restart 18/20, f = -1917.9534722936319
Optimization restart 19/20, f = -1918.2151011989258
Optimization restart 20/20, f = -1911.3326496275176
pypal at iteration 121.         84 Pareto optimal points,         2028 discarded points,         1013 unclassified points.
Hypervolume 1487.7527314352692
pypal at iteration 122.         84 Pareto optimal points,         2029 discarded points,         1012 unclassified points.
Hypervolume 1487.7527314352692
pypal at iteration 123.         84 Pareto optimal points,         2034 discarded points,         1007 unclassified points.
Hypervolume 1487.7527314352692
pypal at iteration 124.         84 Pareto optimal points,         2038 discarded points,         1003 unclassified points.
Hypervolume 1487.7527314352692
pypal at iteration 125.         84 Pareto optimal points,         2039 discarded points,         1002 unclassified points.
Hypervolume 1487.7527314352692
pypal at iteration 126.         84 Pareto optimal points,         2040 discarded points,         1001 unclassified points.
Hypervolume 1487.7527314352692
pypal at iteration 127.         92 Pareto optimal points,         2456 discarded points,         577 unclassified points.
Hypervolume 1494.1165093134973
pypal at iteration 128.         92 Pareto optimal points,         2457 discarded points,         576 unclassified points.
Hypervolume 1494.1165093134973
pypal at iteration 129.         92 Pareto optimal points,         2458 discarded points,         575 unclassified points.
Hypervolume 1494.1165093134973
pypal at iteration 130.         92 Pareto optimal points,         2459 discarded points,         574 unclassified points.
Hypervolume 1494.1165093134973
Optimization restart 1/20, f = -1982.3624096120498
Optimization restart 2/20, f = -1979.3709284326337
Optimization restart 3/20, f = -1977.5715774900364
Optimization restart 4/20, f = -1964.0711286903415
Optimization restart 5/20, f = -1979.8370994629986
Optimization restart 6/20, f = -1979.4032679822544
Optimization restart 7/20, f = -1979.6364150619886
Optimization restart 8/20, f = -1980.0621292129713
Optimization restart 9/20, f = -1953.898465842007
Optimization restart 10/20, f = -1980.361595824943
Optimization restart 11/20, f = -1979.1369491029845
Optimization restart 12/20, f = -1980.3947721130653
Optimization restart 13/20, f = -1979.0724167055805
Optimization restart 14/20, f = -1942.422144147279
Optimization restart 15/20, f = -1981.0832752791064
Optimization restart 16/20, f = -1971.8990972427719
Optimization restart 17/20, f = -1971.1314311456074
Optimization restart 18/20, f = -1571.492948038739
Optimization restart 19/20, f = -1976.1565598953034
Optimization restart 20/20, f = -1973.2761807401546
pypal at iteration 131.         92 Pareto optimal points,         2460 discarded points,         573 unclassified points.
Hypervolume 1494.1165093134973
pypal at iteration 132.         92 Pareto optimal points,         2461 discarded points,         572 unclassified points.
Hypervolume 1494.1165093134973
pypal at iteration 133.         92 Pareto optimal points,         2462 discarded points,         571 unclassified points.
Hypervolume 1494.1165093134973
pypal at iteration 134.         92 Pareto optimal points,         2463 discarded points,         570 unclassified points.
Hypervolume 1494.1165093134973
pypal at iteration 135.         92 Pareto optimal points,         2464 discarded points,         569 unclassified points.
Hypervolume 1494.1165093134973
pypal at iteration 136.         92 Pareto optimal points,         2465 discarded points,         568 unclassified points.
Hypervolume 1494.1165093134973
pypal at iteration 137.         92 Pareto optimal points,         2466 discarded points,         567 unclassified points.
Hypervolume 1494.1165093134973
pypal at iteration 138.         92 Pareto optimal points,         2467 discarded points,         566 unclassified points.
Hypervolume 1494.1165093134973
pypal at iteration 139.         92 Pareto optimal points,         2468 discarded points,         565 unclassified points.
Hypervolume 1494.1165093134973
pypal at iteration 140.         92 Pareto optimal points,         2469 discarded points,         564 unclassified points.
Hypervolume 1494.1165093134973
Optimization restart 1/20, f = -2046.4869254803832
Optimization restart 2/20, f = -2032.9350099776093
Optimization restart 3/20, f = -2044.9846271419049
Optimization restart 4/20, f = -2043.8424533138523
Optimization restart 5/20, f = -2042.907313620228
Optimization restart 6/20, f = -2042.0926468610965
Optimization restart 7/20, f = -2040.5906757143555
Optimization restart 8/20, f = -2041.1930343192985
Optimization restart 9/20, f = -2041.2808414178257
Optimization restart 10/20, f = -2045.9250007564187
Optimization restart 11/20, f = -2043.1769251507644
Optimization restart 12/20, f = -2043.7195315127526
Optimization restart 13/20, f = -2042.9501958213607
Optimization restart 14/20, f = -2044.253104715449
Optimization restart 15/20, f = -2042.0162976294232
Optimization restart 16/20, f = -2039.322875737883
Optimization restart 17/20, f = -2043.8157950767616
Optimization restart 18/20, f = -2036.8651617567111
Optimization restart 19/20, f = -2043.9732949566883
Optimization restart 20/20, f = -2035.6666051714249
pypal at iteration 141.         92 Pareto optimal points,         2470 discarded points,         563 unclassified points.
Hypervolume 1494.1165093134973
pypal at iteration 142.         92 Pareto optimal points,         2471 discarded points,         562 unclassified points.
Hypervolume 1494.1165093134973
pypal at iteration 143.         92 Pareto optimal points,         2472 discarded points,         561 unclassified points.
Hypervolume 1494.1165093134973
pypal at iteration 144.         92 Pareto optimal points,         2473 discarded points,         560 unclassified points.
Hypervolume 1494.1165093134973
pypal at iteration 145.         92 Pareto optimal points,         2474 discarded points,         559 unclassified points.
Hypervolume 1494.1165093134973
pypal at iteration 146.         92 Pareto optimal points,         2475 discarded points,         558 unclassified points.
Hypervolume 1494.1165093134973
pypal at iteration 147.         92 Pareto optimal points,         2476 discarded points,         557 unclassified points.
Hypervolume 1494.1165093134973
pypal at iteration 148.         92 Pareto optimal points,         2477 discarded points,         556 unclassified points.
Hypervolume 1494.1165093134973
pypal at iteration 149.         92 Pareto optimal points,         2478 discarded points,         555 unclassified points.
Hypervolume 1494.1165093134973
pypal at iteration 150.         92 Pareto optimal points,         2479 discarded points,         554 unclassified points.
Hypervolume 1494.1165093134973
Optimization restart 1/20, f = -2099.378515221358
Optimization restart 2/20, f = -2091.3803372369543
Optimization restart 3/20, f = -2096.373089870782
Optimization restart 4/20, f = -2094.6226882339442
Optimization restart 5/20, f = -2095.470154065939
Optimization restart 6/20, f = -2097.0585261013493
Optimization restart 7/20, f = -2096.3087708043486
Optimization restart 8/20, f = -2098.7313505041
Optimization restart 9/20, f = -2098.4245256961703
Optimization restart 10/20, f = -2095.496029735328
Optimization restart 11/20, f = -2097.817353296622
Optimization restart 12/20, f = -2098.3020956005307
Optimization restart 13/20, f = -2095.613119666157
Optimization restart 14/20, f = -2093.0624356717453
Optimization restart 15/20, f = -2080.7190923813205
Optimization restart 16/20, f = -2059.8100669103687
Optimization restart 17/20, f = -2096.2074030159706
Optimization restart 18/20, f = -2097.1965749249266
Optimization restart 19/20, f = -2094.5585009072656
Optimization restart 20/20, f = -2088.8215761924234
pypal at iteration 151.         92 Pareto optimal points,         2482 discarded points,         551 unclassified points.
Hypervolume 1494.1165093134973
pypal at iteration 152.         92 Pareto optimal points,         2483 discarded points,         550 unclassified points.
Hypervolume 1494.1165093134973
pypal at iteration 153.         92 Pareto optimal points,         2484 discarded points,         549 unclassified points.
Hypervolume 1494.1165093134973
pypal at iteration 154.         92 Pareto optimal points,         2485 discarded points,         548 unclassified points.
Hypervolume 1494.1165093134973
pypal at iteration 155.         92 Pareto optimal points,         2486 discarded points,         547 unclassified points.
Hypervolume 1494.1165093134973
pypal at iteration 156.         92 Pareto optimal points,         2487 discarded points,         546 unclassified points.
Hypervolume 1494.1165093134973
pypal at iteration 157.         92 Pareto optimal points,         2488 discarded points,         545 unclassified points.
Hypervolume 1494.1165093134973
pypal at iteration 158.         92 Pareto optimal points,         2489 discarded points,         544 unclassified points.
Hypervolume 1494.1165093134973
pypal at iteration 159.         92 Pareto optimal points,         2490 discarded points,         543 unclassified points.
Hypervolume 1494.1165093134973
pypal at iteration 160.         92 Pareto optimal points,         2491 discarded points,         542 unclassified points.
Hypervolume 1494.1165093134973
Optimization restart 1/20, f = -2162.9556137021455
Optimization restart 2/20, f = -2160.1716600589693
Optimization restart 3/20, f = -2152.977267280231
Optimization restart 4/20, f = -2161.9694822314677
Optimization restart 5/20, f = -2160.252313733297
Optimization restart 6/20, f = -2128.31632735476
Optimization restart 7/20, f = -2160.3947349284963
Optimization restart 8/20, f = -2163.200135195523
Optimization restart 9/20, f = -2163.5742465917847
Optimization restart 10/20, f = -2126.7922034893736
Optimization restart 11/20, f = -2162.448551705148
Optimization restart 12/20, f = -2158.638325386651
Optimization restart 13/20, f = -2148.112949063254
Optimization restart 14/20, f = -2162.130701646338
Optimization restart 15/20, f = -2163.40551364961
Optimization restart 16/20, f = -2162.637701845277
Optimization restart 17/20, f = -2162.9603605769594
Optimization restart 18/20, f = -2155.1666443127965
Optimization restart 19/20, f = -2162.344471414558
Optimization restart 20/20, f = -2162.08832216724
pypal at iteration 161.         92 Pareto optimal points,         2494 discarded points,         539 unclassified points.
Hypervolume 1494.1165093134973
pypal at iteration 162.         92 Pareto optimal points,         2495 discarded points,         538 unclassified points.
Hypervolume 1494.1165093134973
pypal at iteration 163.         92 Pareto optimal points,         2496 discarded points,         537 unclassified points.
Hypervolume 1494.1165093134973
pypal at iteration 164.         92 Pareto optimal points,         2497 discarded points,         536 unclassified points.
Hypervolume 1494.1165093134973
pypal at iteration 165.         92 Pareto optimal points,         2498 discarded points,         535 unclassified points.
Hypervolume 1494.1165093134973
pypal at iteration 166.         92 Pareto optimal points,         2499 discarded points,         534 unclassified points.
Hypervolume 1494.1165093134973
pypal at iteration 167.         93 Pareto optimal points,         2580 discarded points,         452 unclassified points.
Hypervolume 1494.1165093134973
pypal at iteration 168.         93 Pareto optimal points,         2582 discarded points,         450 unclassified points.
Hypervolume 1494.1165093134973
pypal at iteration 169.         93 Pareto optimal points,         2583 discarded points,         449 unclassified points.
Hypervolume 1494.1165093134973
pypal at iteration 170.         93 Pareto optimal points,         2584 discarded points,         448 unclassified points.
Hypervolume 1494.1165093134973
Optimization restart 1/20, f = -2229.329970272398
Optimization restart 2/20, f = -2222.515006428564
Optimization restart 3/20, f = -2225.896677946734
Optimization restart 4/20, f = -2225.152572972432
Optimization restart 5/20, f = -2222.389809721031
Optimization restart 6/20, f = -2212.447340503787
Optimization restart 7/20, f = -2227.438404229186
Optimization restart 8/20, f = -2226.147452118359
Optimization restart 9/20, f = -2227.5539284328856
Optimization restart 10/20, f = -2183.4000614890774
Optimization restart 11/20, f = -2222.1868333959037
Optimization restart 12/20, f = -2226.970552830161
Optimization restart 13/20, f = -2223.568577604835
Optimization restart 14/20, f = -2223.5909683802074
Optimization restart 15/20, f = -2228.3213689264244
Optimization restart 16/20, f = -2203.814259646485
Optimization restart 17/20, f = -2225.612518419752
Optimization restart 18/20, f = -2227.934765036491
Optimization restart 19/20, f = -2218.4102945605227
Optimization restart 20/20, f = -2185.3047867799733
pypal at iteration 171.         93 Pareto optimal points,         2585 discarded points,         447 unclassified points.
Hypervolume 1494.1165093134973
pypal at iteration 172.         94 Pareto optimal points,         2634 discarded points,         397 unclassified points.
Hypervolume 1494.1165093134973
pypal at iteration 173.         94 Pareto optimal points,         2635 discarded points,         396 unclassified points.
Hypervolume 1494.1165093134973
pypal at iteration 174.         94 Pareto optimal points,         2636 discarded points,         395 unclassified points.
Hypervolume 1494.1165093134973
pypal at iteration 175.         94 Pareto optimal points,         2637 discarded points,         394 unclassified points.
Hypervolume 1494.1165093134973
pypal at iteration 176.         96 Pareto optimal points,         2756 discarded points,         273 unclassified points.
Hypervolume 1494.1165093134975
pypal at iteration 177.         96 Pareto optimal points,         2757 discarded points,         272 unclassified points.
Hypervolume 1494.1165093134975
pypal at iteration 178.         96 Pareto optimal points,         2758 discarded points,         271 unclassified points.
Hypervolume 1494.1165093134975
pypal at iteration 179.         96 Pareto optimal points,         2759 discarded points,         270 unclassified points.
Hypervolume 1494.1165093134975
pypal at iteration 180.         96 Pareto optimal points,         2760 discarded points,         269 unclassified points.
Hypervolume 1494.1165093134975
Optimization restart 1/20, f = -2279.5307296307324
Optimization restart 2/20, f = -2272.547961617096
Optimization restart 3/20, f = -2261.4174047494225
Optimization restart 4/20, f = -2277.4920010793985
Optimization restart 5/20, f = -2265.646781504289
Optimization restart 6/20, f = -2276.7003926585544
Optimization restart 7/20, f = -2277.1545257229614
Optimization restart 8/20, f = -2175.982979772804
Optimization restart 9/20, f = -2272.0249160987505
Optimization restart 10/20, f = -2261.172327242975
Optimization restart 11/20, f = -2277.226975909034
Optimization restart 12/20, f = -2272.5484674091044
Optimization restart 13/20, f = -2276.6240448545377
Optimization restart 14/20, f = -2275.360957250018
Optimization restart 15/20, f = -2275.6922268502103
Optimization restart 16/20, f = -2276.7882910698477
Optimization restart 17/20, f = -2276.0172947132796
Optimization restart 18/20, f = -2276.704343302184
Optimization restart 19/20, f = -2201.3880392252086
Optimization restart 20/20, f = -2258.9187425899518
pypal at iteration 181.         96 Pareto optimal points,         2761 discarded points,         268 unclassified points.
Hypervolume 1494.1165093134975
pypal at iteration 182.         96 Pareto optimal points,         2762 discarded points,         267 unclassified points.
Hypervolume 1494.1165093134975
pypal at iteration 183.         96 Pareto optimal points,         2763 discarded points,         266 unclassified points.
Hypervolume 1494.1165093134975
pypal at iteration 184.         97 Pareto optimal points,         2892 discarded points,         136 unclassified points.
Hypervolume 1494.1165093134975
pypal at iteration 185.         97 Pareto optimal points,         2893 discarded points,         135 unclassified points.
Hypervolume 1494.1165093134975
pypal at iteration 186.         97 Pareto optimal points,         2894 discarded points,         134 unclassified points.
Hypervolume 1494.1165093134975
pypal at iteration 187.         97 Pareto optimal points,         2895 discarded points,         133 unclassified points.
Hypervolume 1494.1165093134975
pypal at iteration 188.         98 Pareto optimal points,         2975 discarded points,         52 unclassified points.
Hypervolume 1494.2519241585483
pypal at iteration 189.         98 Pareto optimal points,         2975 discarded points,         52 unclassified points.
Hypervolume 1494.2519241585483
pypal at iteration 190.         98 Pareto optimal points,         2976 discarded points,         51 unclassified points.
Hypervolume 1494.2519241585483
Optimization restart 1/20, f = -2330.749873861335
Optimization restart 2/20, f = -2327.570151038819
Optimization restart 3/20, f = -2327.024006558605
Optimization restart 4/20, f = -2324.1392803901554
Optimization restart 5/20, f = -2292.8865726717318
Optimization restart 6/20, f = -2326.7527887663678
Optimization restart 7/20, f = -2327.2774076322703
Optimization restart 8/20, f = -2324.741794617021
Optimization restart 9/20, f = -2307.344932778788
Optimization restart 10/20, f = -2327.8969455092947
Optimization restart 11/20, f = -2325.919254999254
Optimization restart 12/20, f = -2324.81785230468
Optimization restart 13/20, f = -2326.2197468228705
Optimization restart 14/20, f = -2292.917240984184
Optimization restart 15/20, f = -2319.418838150085
Optimization restart 16/20, f = -2325.7769801757754
Optimization restart 17/20, f = -2321.9092899154775
Optimization restart 18/20, f = -2328.7200291568543
Optimization restart 19/20, f = -2325.246335139176
Optimization restart 20/20, f = -2328.8421946169137
pypal at iteration 191.         98 Pareto optimal points,         2977 discarded points,         50 unclassified points.
Hypervolume 1494.2519241585483
pypal at iteration 192.         98 Pareto optimal points,         2978 discarded points,         49 unclassified points.
Hypervolume 1494.2519241585483
pypal at iteration 193.         98 Pareto optimal points,         2979 discarded points,         48 unclassified points.
Hypervolume 1494.2519241585483
pypal at iteration 194.         98 Pareto optimal points,         2980 discarded points,         47 unclassified points.
Hypervolume 1494.2519241585483
pypal at iteration 195.         99 Pareto optimal points,         3012 discarded points,         14 unclassified points.
Hypervolume 1496.993471020593
pypal at iteration 196.         99 Pareto optimal points,         3013 discarded points,         13 unclassified points.
Hypervolume 1496.993471020593
pypal at iteration 197.         100 Pareto optimal points,         3014 discarded points,         11 unclassified points.
Hypervolume 1496.993471020593
pypal at iteration 198.         100 Pareto optimal points,         3015 discarded points,         10 unclassified points.
Hypervolume 1496.993471020593
pypal at iteration 199.         101 Pareto optimal points,         3015 discarded points,         9 unclassified points.
Hypervolume 1498.303114741932
pypal at iteration 200.         101 Pareto optimal points,         3015 discarded points,         9 unclassified points.
Hypervolume 1498.303114741932
Optimization restart 1/20, f = -2382.0663829210043
Optimization restart 2/20, f = -2356.628669563439
Optimization restart 3/20, f = -2376.2558917702736
Optimization restart 4/20, f = -2337.5684568477236
Optimization restart 5/20, f = -2379.6592492049076
Optimization restart 6/20, f = -2374.596286275526
Optimization restart 7/20, f = -2218.6164129392473
Optimization restart 8/20, f = -2335.2196265441526
Optimization restart 9/20, f = -2373.2654180256955
Optimization restart 10/20, f = -2368.6141590106845
Optimization restart 11/20, f = -2378.586252302895
Optimization restart 12/20, f = -2378.650309171862
Optimization restart 13/20, f = -2378.2864994919405
Optimization restart 14/20, f = -2376.1576158716616
Optimization restart 15/20, f = -2341.2360663739364
Optimization restart 16/20, f = -2376.407667492312
Optimization restart 17/20, f = -2344.663732134361
Optimization restart 18/20, f = -2379.0986445822773
Optimization restart 19/20, f = -2367.3679345710693
Optimization restart 20/20, f = -2379.638246751915
pypal at iteration 201.         101 Pareto optimal points,         3015 discarded points,         9 unclassified points.
Hypervolume 1498.303114741932
pypal at iteration 202.         101 Pareto optimal points,         3015 discarded points,         9 unclassified points.
Hypervolume 1498.303114741932
pypal at iteration 203.         101 Pareto optimal points,         3015 discarded points,         9 unclassified points.
Hypervolume 1498.303114741932
pypal at iteration 204.         101 Pareto optimal points,         3016 discarded points,         8 unclassified points.
Hypervolume 1498.303114741932
pypal at iteration 205.         101 Pareto optimal points,         3017 discarded points,         7 unclassified points.
Hypervolume 1498.303114741932
pypal at iteration 206.         101 Pareto optimal points,         3018 discarded points,         6 unclassified points.
Hypervolume 1498.303114741932
pypal at iteration 207.         101 Pareto optimal points,         3018 discarded points,         6 unclassified points.
Hypervolume 1498.303114741932
pypal at iteration 208.         101 Pareto optimal points,         3019 discarded points,         5 unclassified points.
Hypervolume 1498.303114741932
pypal at iteration 209.         101 Pareto optimal points,         3019 discarded points,         5 unclassified points.
Hypervolume 1498.303114741932
pypal at iteration 210.         101 Pareto optimal points,         3019 discarded points,         5 unclassified points.
Hypervolume 1498.303114741932
Optimization restart 1/20, f = -2446.4122022104148
Optimization restart 2/20, f = -2441.2252651424933
Optimization restart 3/20, f = -2444.0768576738337
Optimization restart 4/20, f = -2438.8143239418164
Optimization restart 5/20, f = -2441.1266936480415
Optimization restart 6/20, f = -2439.38420957411
Optimization restart 7/20, f = -2442.546127688163
Optimization restart 8/20, f = -2443.5172549202134
Optimization restart 9/20, f = -2442.746173045016
Optimization restart 10/20, f = -2426.6973457996373
Optimization restart 11/20, f = -2401.635618715215
Optimization restart 12/20, f = -2435.1403247951303
Optimization restart 13/20, f = -2430.6548845859543
Optimization restart 14/20, f = -2440.2390646125514
Optimization restart 15/20, f = -2439.320131320075
Optimization restart 16/20, f = -2441.4971222431286
Optimization restart 17/20, f = -2444.020750134678
Optimization restart 18/20, f = -2437.935107224936
Optimization restart 19/20, f = -2400.634232379347
Optimization restart 20/20, f = -2443.517071966631
pypal at iteration 211.         101 Pareto optimal points,         3020 discarded points,         4 unclassified points.
Hypervolume 1498.303114741932
pypal at iteration 212.         101 Pareto optimal points,         3020 discarded points,         4 unclassified points.
Hypervolume 1498.303114741932
pypal at iteration 213.         101 Pareto optimal points,         3020 discarded points,         4 unclassified points.
Hypervolume 1498.303114741932
pypal at iteration 214.         101 Pareto optimal points,         3020 discarded points,         4 unclassified points.
Hypervolume 1498.303114741932
pypal at iteration 215.         101 Pareto optimal points,         3020 discarded points,         4 unclassified points.
Hypervolume 1498.303114741932
pypal at iteration 216.         101 Pareto optimal points,         3023 discarded points,         1 unclassified points.
Hypervolume 1498.303114741932
pypal at iteration 217.         101 Pareto optimal points,         3023 discarded points,         1 unclassified points.
Hypervolume 1498.303114741932
Done. No unclassified point left
pypal at iteration 217.         101 Pareto optimal points,         3024 discarded points,         0 unclassified points.
Hypervolume 1498.303114741932
