 /home/kjablonk/anaconda3/envs/dispersant_screener/lib/python3.7/site-packages/sklearn/utils/deprecation.py:143: FutureWarning:The sklearn.preprocessing.data module is  deprecated in version 0.22 and will be removed in version 0.24. The corresponding classes / functions should instead be imported from sklearn.preprocessing. Anything that cannot be imported from sklearn.preprocessing is now part of the private API.
 /home/kjablonk/programs/pypal/pypal/pal/validate_inputs.py:146: UserWarning:No goals provided,                 will assume that every dimension should be maximized
 /home/kjablonk/anaconda3/envs/dispersant_screener/lib/python3.7/site-packages/GPy/kern/src/stationary.py:166: RuntimeWarning:overflow encountered in true_divide
 /home/kjablonk/anaconda3/envs/dispersant_screener/lib/python3.7/site-packages/GPy/kern/src/stationary.py:137: RuntimeWarning:overflow encountered in square
 /home/kjablonk/anaconda3/envs/dispersant_screener/lib/python3.7/site-packages/GPy/kern/src/stationary.py:138: RuntimeWarning:invalid value encountered in add
 /home/kjablonk/anaconda3/envs/dispersant_screener/lib/python3.7/site-packages/GPy/kern/src/stationary.py:565: RuntimeWarning:invalid value encountered in multiply
 /home/kjablonk/anaconda3/envs/dispersant_screener/lib/python3.7/site-packages/GPy/kern/src/stationary.py:568: RuntimeWarning:invalid value encountered in subtract
 /home/kjablonk/anaconda3/envs/dispersant_screener/lib/python3.7/site-packages/GPy/kern/src/stationary.py:243: RuntimeWarning:invalid value encountered in true_divide
 /home/kjablonk/anaconda3/envs/dispersant_screener/lib/python3.7/site-packages/paramz/transformations.py:111: RuntimeWarning:overflow encountered in expm1
 /home/kjablonk/anaconda3/envs/dispersant_screener/lib/python3.7/site-packages/GPy/kern/src/stationary.py:166: RuntimeWarning:overflow encountered in true_divide
 /home/kjablonk/anaconda3/envs/dispersant_screener/lib/python3.7/site-packages/GPy/kern/src/stationary.py:137: RuntimeWarning:overflow encountered in square
 /home/kjablonk/anaconda3/envs/dispersant_screener/lib/python3.7/site-packages/GPy/kern/src/stationary.py:138: RuntimeWarning:invalid value encountered in add
 /home/kjablonk/anaconda3/envs/dispersant_screener/lib/python3.7/site-packages/GPy/kern/src/stationary.py:565: RuntimeWarning:invalid value encountered in multiply
 /home/kjablonk/anaconda3/envs/dispersant_screener/lib/python3.7/site-packages/GPy/kern/src/stationary.py:568: RuntimeWarning:invalid value encountered in subtract
 /home/kjablonk/anaconda3/envs/dispersant_screener/lib/python3.7/site-packages/GPy/kern/src/stationary.py:243: RuntimeWarning:invalid value encountered in true_divide
 /home/kjablonk/anaconda3/envs/dispersant_screener/lib/python3.7/site-packages/GPy/kern/src/stationary.py:138: RuntimeWarning:overflow encountered in multiply
 /home/kjablonk/anaconda3/envs/dispersant_screener/lib/python3.7/site-packages/GPy/kern/src/stationary.py:138: RuntimeWarning:overflow encountered in add
 /home/kjablonk/anaconda3/envs/dispersant_screener/lib/python3.7/site-packages/GPy/kern/src/stationary.py:565: RuntimeWarning:overflow encountered in multiply
 /home/kjablonk/anaconda3/envs/dispersant_screener/lib/python3.7/site-packages/GPy/kern/src/stationary.py:568: RuntimeWarning:overflow encountered in multiply
 /home/kjablonk/anaconda3/envs/dispersant_screener/lib/python3.7/site-packages/GPy/kern/src/stationary.py:568: RuntimeWarning:invalid value encountered in multiply
Maximum hypervolume 1536.0438526567837
STARTING PAL
Optimization restart 1/20, f = -133.24854709830382
Optimization restart 2/20, f = -124.81127831249886
Optimization restart 3/20, f = -124.37034667289325
Optimization restart 4/20, f = -126.7273395154097
Optimization restart 5/20, f = -132.9427392739122
Optimization restart 6/20, f = -133.21370296963673
Optimization restart 7/20, f = -133.17249190393545
Optimization restart 8/20, f = -127.26477680199699
Optimization restart 9/20, f = -132.96236202808794
Optimization restart 10/20, f = -133.06716380997239
Optimization restart 11/20, f = -133.30518536353316
Optimization restart 12/20, f = -130.77483515207018
Optimization restart 13/20, f = -133.27593237123466
Optimization restart 14/20, f = -133.48294213479488
Optimization restart 15/20, f = -133.53634091422109
Optimization restart 16/20, f = -117.92629416641677
Optimization restart 17/20, f = -103.82477780335057
Optimization restart 18/20, f = -133.34563327434395
Optimization restart 19/20, f = -133.3506675400833
Optimization restart 20/20, f = -133.2141582524577
pypal at iteration 1.         0 Pareto optimal points,         40 discarded points,         3085 unclassified points.
Hypervolume 0
pypal at iteration 2.         0 Pareto optimal points,         40 discarded points,         3085 unclassified points.
Hypervolume 0
pypal at iteration 3.         1 Pareto optimal points,         41 discarded points,         3083 unclassified points.
Hypervolume 1052.1605212836823
pypal at iteration 4.         1 Pareto optimal points,         42 discarded points,         3082 unclassified points.
Hypervolume 1052.1605212836823
pypal at iteration 5.         1 Pareto optimal points,         43 discarded points,         3081 unclassified points.
Hypervolume 1052.1605212836823
pypal at iteration 6.         1 Pareto optimal points,         44 discarded points,         3080 unclassified points.
Hypervolume 1052.1605212836823
pypal at iteration 7.         1 Pareto optimal points,         44 discarded points,         3080 unclassified points.
Hypervolume 1052.1605212836823
pypal at iteration 8.         1 Pareto optimal points,         44 discarded points,         3080 unclassified points.
Hypervolume 1052.1605212836823
pypal at iteration 9.         3 Pareto optimal points,         45 discarded points,         3077 unclassified points.
Hypervolume 1261.9091965420434
pypal at iteration 10.         3 Pareto optimal points,         46 discarded points,         3076 unclassified points.
Hypervolume 1261.9091965420434
Optimization restart 1/20, f = -246.49309141072635
Optimization restart 2/20, f = -169.2393485870222
Optimization restart 3/20, f = -244.84060757259522
Optimization restart 4/20, f = -245.01550625756283
Optimization restart 5/20, f = -174.34262629171718
Optimization restart 6/20, f = -245.61208264032328
Optimization restart 7/20, f = -193.8195715265678
Optimization restart 8/20, f = -245.86566329557678
Optimization restart 9/20, f = -239.18278481341542
Optimization restart 10/20, f = -246.5392245361349
Optimization restart 11/20, f = -244.9939641679915
Optimization restart 12/20, f = -244.85900790639508
Optimization restart 13/20, f = -239.0148336938887
Optimization restart 14/20, f = -244.4607853791715
Optimization restart 15/20, f = -246.37452649303708
Optimization restart 16/20, f = -244.86657946001174
Optimization restart 17/20, f = -245.51316343628042
Optimization restart 18/20, f = -242.05359851714422
Optimization restart 19/20, f = -191.13622975321618
Optimization restart 20/20, f = -245.6642373639681
pypal at iteration 11.         8 Pareto optimal points,         172 discarded points,         2945 unclassified points.
Hypervolume 1379.382903256382
pypal at iteration 12.         8 Pareto optimal points,         197 discarded points,         2920 unclassified points.
Hypervolume 1379.382903256382
pypal at iteration 13.         8 Pareto optimal points,         198 discarded points,         2919 unclassified points.
Hypervolume 1379.382903256382
pypal at iteration 14.         8 Pareto optimal points,         200 discarded points,         2917 unclassified points.
Hypervolume 1379.382903256382
pypal at iteration 15.         8 Pareto optimal points,         201 discarded points,         2916 unclassified points.
Hypervolume 1379.382903256382
pypal at iteration 16.         8 Pareto optimal points,         202 discarded points,         2915 unclassified points.
Hypervolume 1379.382903256382
pypal at iteration 17.         8 Pareto optimal points,         203 discarded points,         2914 unclassified points.
Hypervolume 1379.382903256382
pypal at iteration 18.         8 Pareto optimal points,         204 discarded points,         2913 unclassified points.
Hypervolume 1379.382903256382
pypal at iteration 19.         8 Pareto optimal points,         205 discarded points,         2912 unclassified points.
Hypervolume 1379.382903256382
pypal at iteration 20.         8 Pareto optimal points,         206 discarded points,         2911 unclassified points.
Hypervolume 1379.382903256382
Optimization restart 1/20, f = -337.5153241404538
Optimization restart 2/20, f = -337.1010196649458
Optimization restart 3/20, f = -337.3821418634229
Optimization restart 4/20, f = -294.4887241228706
Optimization restart 5/20, f = -312.8825808005531
Optimization restart 6/20, f = -336.52595618126503
Optimization restart 7/20, f = -337.3816555318832
Optimization restart 8/20, f = -336.6195420984614
Optimization restart 9/20, f = -337.38159664082696
Optimization restart 10/20, f = -337.19782331895794
Optimization restart 11/20, f = -337.18959983071124
Optimization restart 12/20, f = -336.28412215647444
Optimization restart 13/20, f = -335.8842784095425
Optimization restart 14/20, f = -336.6212687815696
Optimization restart 15/20, f = -210.80232283011185
Optimization restart 16/20, f = -337.84224954652973
Optimization restart 17/20, f = -336.62143638238337
Optimization restart 18/20, f = -337.7481123596682
Optimization restart 19/20, f = -337.62250093115233
Optimization restart 20/20, f = -306.9050755332355
pypal at iteration 21.         8 Pareto optimal points,         354 discarded points,         2763 unclassified points.
Hypervolume 1379.382903256382
pypal at iteration 22.         8 Pareto optimal points,         355 discarded points,         2762 unclassified points.
Hypervolume 1379.382903256382
pypal at iteration 23.         8 Pareto optimal points,         356 discarded points,         2761 unclassified points.
Hypervolume 1379.382903256382
pypal at iteration 24.         8 Pareto optimal points,         377 discarded points,         2740 unclassified points.
Hypervolume 1379.382903256382
pypal at iteration 25.         8 Pareto optimal points,         378 discarded points,         2739 unclassified points.
Hypervolume 1379.382903256382
pypal at iteration 26.         8 Pareto optimal points,         379 discarded points,         2738 unclassified points.
Hypervolume 1379.382903256382
pypal at iteration 27.         8 Pareto optimal points,         380 discarded points,         2737 unclassified points.
Hypervolume 1379.382903256382
pypal at iteration 28.         8 Pareto optimal points,         381 discarded points,         2736 unclassified points.
Hypervolume 1379.382903256382
pypal at iteration 29.         8 Pareto optimal points,         382 discarded points,         2735 unclassified points.
Hypervolume 1379.382903256382
pypal at iteration 30.         8 Pareto optimal points,         383 discarded points,         2734 unclassified points.
Hypervolume 1379.382903256382
Optimization restart 1/20, f = -422.181331639855
Optimization restart 2/20, f = -379.3859037469663
Optimization restart 3/20, f = -421.3825546232577
Optimization restart 4/20, f = -422.2098200773993
Optimization restart 5/20, f = -422.20100198603325
Optimization restart 6/20, f = -422.20592636180913
Optimization restart 7/20, f = -420.41739407444237
Optimization restart 8/20, f = -421.8672929901111
Optimization restart 9/20, f = -417.5184279016971
Optimization restart 10/20, f = -408.6368667528376
Optimization restart 11/20, f = -412.7878233284598
Optimization restart 12/20, f = -420.38813342770334
Optimization restart 13/20, f = -418.9879392364169
Optimization restart 14/20, f = -420.56072204220186
Optimization restart 15/20, f = -420.66925258144886
Optimization restart 16/20, f = -418.0842586662652
Optimization restart 17/20, f = -413.5850687020614
Optimization restart 18/20, f = -421.9957542526661
Optimization restart 19/20, f = -412.1297524389285
Optimization restart 20/20, f = -408.74635680162845
pypal at iteration 31.         15 Pareto optimal points,         552 discarded points,         2558 unclassified points.
Hypervolume 1427.7828522890393
pypal at iteration 32.         15 Pareto optimal points,         555 discarded points,         2555 unclassified points.
Hypervolume 1427.7828522890393
pypal at iteration 33.         16 Pareto optimal points,         615 discarded points,         2494 unclassified points.
Hypervolume 1430.7485874409028
pypal at iteration 34.         16 Pareto optimal points,         617 discarded points,         2492 unclassified points.
Hypervolume 1430.7485874409028
pypal at iteration 35.         16 Pareto optimal points,         618 discarded points,         2491 unclassified points.
Hypervolume 1430.7485874409028
pypal at iteration 36.         16 Pareto optimal points,         619 discarded points,         2490 unclassified points.
Hypervolume 1430.7485874409028
pypal at iteration 37.         16 Pareto optimal points,         620 discarded points,         2489 unclassified points.
Hypervolume 1430.7485874409028
pypal at iteration 38.         16 Pareto optimal points,         621 discarded points,         2488 unclassified points.
Hypervolume 1430.7485874409028
pypal at iteration 39.         16 Pareto optimal points,         622 discarded points,         2487 unclassified points.
Hypervolume 1430.7485874409028
pypal at iteration 40.         16 Pareto optimal points,         623 discarded points,         2486 unclassified points.
Hypervolume 1430.7485874409028
Optimization restart 1/20, f = -476.4792916575734
Optimization restart 2/20, f = -492.0687118565597
Optimization restart 3/20, f = -491.97966693316835
Optimization restart 4/20, f = -491.8448387849218
Optimization restart 5/20, f = -480.62320450272256
Optimization restart 6/20, f = -490.1753610689491
Optimization restart 7/20, f = -494.8554210941163
Optimization restart 8/20, f = -399.85790011847934
Optimization restart 9/20, f = -489.94926926997647
Optimization restart 10/20, f = -485.13282360151345
Optimization restart 11/20, f = -493.61917013381816
Optimization restart 12/20, f = -475.80174769565645
Optimization restart 13/20, f = -493.1876913694581
Optimization restart 14/20, f = -481.59084328275685
Optimization restart 15/20, f = -483.686544084322
Optimization restart 16/20, f = -492.5787415555277
Optimization restart 17/20, f = -492.28914130849796
Optimization restart 18/20, f = -482.94169438750106
Optimization restart 19/20, f = -492.65517847549484
Optimization restart 20/20, f = -492.2355075434375
pypal at iteration 41.         27 Pareto optimal points,         725 discarded points,         2373 unclassified points.
Hypervolume 1485.3073471366906
pypal at iteration 42.         27 Pareto optimal points,         737 discarded points,         2361 unclassified points.
Hypervolume 1485.3073471366906
pypal at iteration 43.         27 Pareto optimal points,         739 discarded points,         2359 unclassified points.
Hypervolume 1485.3073471366906
pypal at iteration 44.         27 Pareto optimal points,         740 discarded points,         2358 unclassified points.
Hypervolume 1485.3073471366906
pypal at iteration 45.         27 Pareto optimal points,         741 discarded points,         2357 unclassified points.
Hypervolume 1485.3073471366906
pypal at iteration 46.         27 Pareto optimal points,         742 discarded points,         2356 unclassified points.
Hypervolume 1485.3073471366906
pypal at iteration 47.         27 Pareto optimal points,         743 discarded points,         2355 unclassified points.
Hypervolume 1485.3073471366906
pypal at iteration 48.         27 Pareto optimal points,         744 discarded points,         2354 unclassified points.
Hypervolume 1485.3073471366906
pypal at iteration 49.         27 Pareto optimal points,         746 discarded points,         2352 unclassified points.
Hypervolume 1485.3073471366906
pypal at iteration 50.         27 Pareto optimal points,         778 discarded points,         2320 unclassified points.
Hypervolume 1485.3073471366906
Optimization restart 1/20, f = -560.7036841669288
Optimization restart 2/20, f = -559.1720695653306
Optimization restart 3/20, f = -561.1932433573567
Optimization restart 4/20, f = -558.2799595006022
Optimization restart 5/20, f = -560.38952474235
Optimization restart 6/20, f = -560.6262977755176
Optimization restart 7/20, f = -549.2788650948477
Optimization restart 8/20, f = -561.2983078286688
Optimization restart 9/20, f = -561.1091841797519
Optimization restart 10/20, f = -560.1453374135497
Optimization restart 11/20, f = -560.9498680381507
Optimization restart 12/20, f = -562.0387661772967
Optimization restart 13/20, f = -559.0240855820323
Optimization restart 14/20, f = -550.1853403996796
Optimization restart 15/20, f = -561.3005986900712
Optimization restart 16/20, f = -560.4076789591555
Optimization restart 17/20, f = -559.2063335281064
Optimization restart 18/20, f = -554.3765130619149
Optimization restart 19/20, f = -534.4189196496341
Optimization restart 20/20, f = -560.1447772747031
pypal at iteration 51.         36 Pareto optimal points,         891 discarded points,         2198 unclassified points.
Hypervolume 1491.2371953005206
pypal at iteration 52.         37 Pareto optimal points,         895 discarded points,         2193 unclassified points.
Hypervolume 1492.9617543440872
pypal at iteration 53.         37 Pareto optimal points,         924 discarded points,         2164 unclassified points.
Hypervolume 1492.9617543440872
pypal at iteration 54.         37 Pareto optimal points,         925 discarded points,         2163 unclassified points.
Hypervolume 1492.9617543440872
pypal at iteration 55.         37 Pareto optimal points,         926 discarded points,         2162 unclassified points.
Hypervolume 1492.9617543440872
pypal at iteration 56.         37 Pareto optimal points,         928 discarded points,         2160 unclassified points.
Hypervolume 1492.9617543440872
pypal at iteration 57.         37 Pareto optimal points,         930 discarded points,         2158 unclassified points.
Hypervolume 1492.9617543440872
pypal at iteration 58.         37 Pareto optimal points,         933 discarded points,         2155 unclassified points.
Hypervolume 1492.9617543440872
pypal at iteration 59.         37 Pareto optimal points,         940 discarded points,         2148 unclassified points.
Hypervolume 1492.9617543440872
pypal at iteration 60.         37 Pareto optimal points,         956 discarded points,         2132 unclassified points.
Hypervolume 1492.9617543440872
Optimization restart 1/20, f = -626.659936126549
Optimization restart 2/20, f = -625.4132089553225
Optimization restart 3/20, f = -624.9261000161741
Optimization restart 4/20, f = -625.3037362242762
Optimization restart 5/20, f = -592.7013616359711
Optimization restart 6/20, f = -624.269132990983
Optimization restart 7/20, f = -623.8371112313064
Optimization restart 8/20, f = -623.4906925043648
Optimization restart 9/20, f = -532.0049638098146
Optimization restart 10/20, f = -624.8922234579067
Optimization restart 11/20, f = -590.4520881180374
Optimization restart 12/20, f = -622.8834755359097
Optimization restart 13/20, f = -626.3731032465023
Optimization restart 14/20, f = -625.3372543279855
Optimization restart 15/20, f = -625.3551679144068
Optimization restart 16/20, f = -620.433563269448
Optimization restart 17/20, f = -624.680068090356
Optimization restart 18/20, f = -626.2542016719678
Optimization restart 19/20, f = -624.3573373600607
Optimization restart 20/20, f = -626.4738892568844
pypal at iteration 61.         37 Pareto optimal points,         1010 discarded points,         2078 unclassified points.
Hypervolume 1492.9617543440872
pypal at iteration 62.         37 Pareto optimal points,         1030 discarded points,         2058 unclassified points.
Hypervolume 1492.9617543440872
pypal at iteration 63.         37 Pareto optimal points,         1031 discarded points,         2057 unclassified points.
Hypervolume 1492.9617543440872
pypal at iteration 64.         37 Pareto optimal points,         1032 discarded points,         2056 unclassified points.
Hypervolume 1492.9617543440872
pypal at iteration 65.         37 Pareto optimal points,         1033 discarded points,         2055 unclassified points.
Hypervolume 1492.9617543440872
pypal at iteration 66.         37 Pareto optimal points,         1034 discarded points,         2054 unclassified points.
Hypervolume 1492.9617543440872
pypal at iteration 67.         37 Pareto optimal points,         1035 discarded points,         2053 unclassified points.
Hypervolume 1492.9617543440872
pypal at iteration 68.         37 Pareto optimal points,         1036 discarded points,         2052 unclassified points.
Hypervolume 1492.9617543440872
pypal at iteration 69.         37 Pareto optimal points,         1037 discarded points,         2051 unclassified points.
Hypervolume 1492.9617543440872
pypal at iteration 70.         37 Pareto optimal points,         1039 discarded points,         2049 unclassified points.
Hypervolume 1492.9617543440872
Optimization restart 1/20, f = -702.8401742354924
Optimization restart 2/20, f = -561.6355726343533
Optimization restart 3/20, f = -701.7293238961835
Optimization restart 4/20, f = -597.0389087255164
Optimization restart 5/20, f = -700.7127545515343
Optimization restart 6/20, f = -701.138407435521
Optimization restart 7/20, f = -699.2956975141146
Optimization restart 8/20, f = -702.2790541324337
Optimization restart 9/20, f = -696.8560937070757
Optimization restart 10/20, f = -698.986294906751
Optimization restart 11/20, f = -692.1622770203451
Optimization restart 12/20, f = -670.6066878239203
Optimization restart 13/20, f = -701.0643120277159
Optimization restart 14/20, f = -699.3954027405028
Optimization restart 15/20, f = -695.6657212057081
Optimization restart 16/20, f = -690.1436972927393
Optimization restart 17/20, f = -330.66552855534576
Optimization restart 18/20, f = -700.2290048732626
Optimization restart 19/20, f = -700.8219806523821
Optimization restart 20/20, f = -700.8405559662992
pypal at iteration 71.         37 Pareto optimal points,         1051 discarded points,         2037 unclassified points.
Hypervolume 1492.9617543440872
pypal at iteration 72.         37 Pareto optimal points,         1052 discarded points,         2036 unclassified points.
Hypervolume 1492.9617543440872
pypal at iteration 73.         37 Pareto optimal points,         1054 discarded points,         2034 unclassified points.
Hypervolume 1492.9617543440872
pypal at iteration 74.         37 Pareto optimal points,         1054 discarded points,         2034 unclassified points.
Hypervolume 1492.9617543440872
pypal at iteration 75.         37 Pareto optimal points,         1054 discarded points,         2034 unclassified points.
Hypervolume 1492.9617543440872
pypal at iteration 76.         37 Pareto optimal points,         1054 discarded points,         2034 unclassified points.
Hypervolume 1492.9617543440872
pypal at iteration 77.         42 Pareto optimal points,         1325 discarded points,         1758 unclassified points.
Hypervolume 1493.9889676365083
pypal at iteration 78.         42 Pareto optimal points,         1325 discarded points,         1758 unclassified points.
Hypervolume 1493.9889676365083
pypal at iteration 79.         43 Pareto optimal points,         1339 discarded points,         1743 unclassified points.
Hypervolume 1497.0352595214943
pypal at iteration 80.         45 Pareto optimal points,         1339 discarded points,         1741 unclassified points.
Hypervolume 1498.1559299478895
Optimization restart 1/20, f = -764.5466829524573
Optimization restart 2/20, f = -752.0905755229574
Optimization restart 3/20, f = -762.2030636098268
Optimization restart 4/20, f = -762.6551168571375
Optimization restart 5/20, f = -761.8874529960933
Optimization restart 6/20, f = -758.8724312903875
Optimization restart 7/20, f = -623.8170350923756
Optimization restart 8/20, f = -759.1459544940931
Optimization restart 9/20, f = -752.3315697489255
Optimization restart 10/20, f = -762.1604675169319
Optimization restart 11/20, f = -762.9409065567631
Optimization restart 12/20, f = -762.738521116303
Optimization restart 13/20, f = -759.9971921212763
Optimization restart 14/20, f = -762.057330749789
Optimization restart 15/20, f = -761.3620839703389
Optimization restart 16/20, f = -760.497994971962
Optimization restart 17/20, f = -759.4372370882193
Optimization restart 18/20, f = -746.7856660286047
Optimization restart 19/20, f = -764.4473699004506
Optimization restart 20/20, f = -763.1503829470353
pypal at iteration 81.         52 Pareto optimal points,         1343 discarded points,         1730 unclassified points.
Hypervolume 1498.1562616282736
pypal at iteration 82.         52 Pareto optimal points,         1343 discarded points,         1730 unclassified points.
Hypervolume 1498.1562616282736
pypal at iteration 83.         52 Pareto optimal points,         1343 discarded points,         1730 unclassified points.
Hypervolume 1498.1562616282736
pypal at iteration 84.         52 Pareto optimal points,         1343 discarded points,         1730 unclassified points.
Hypervolume 1498.1562616282736
pypal at iteration 85.         52 Pareto optimal points,         1344 discarded points,         1729 unclassified points.
Hypervolume 1498.1562616282736
pypal at iteration 86.         52 Pareto optimal points,         1345 discarded points,         1728 unclassified points.
Hypervolume 1498.1562616282736
pypal at iteration 87.         52 Pareto optimal points,         1350 discarded points,         1723 unclassified points.
Hypervolume 1498.1562616282736
pypal at iteration 88.         52 Pareto optimal points,         1351 discarded points,         1722 unclassified points.
Hypervolume 1498.1562616282736
pypal at iteration 89.         52 Pareto optimal points,         1352 discarded points,         1721 unclassified points.
Hypervolume 1498.1562616282736
pypal at iteration 90.         52 Pareto optimal points,         1355 discarded points,         1718 unclassified points.
Hypervolume 1498.1562616282736
Optimization restart 1/20, f = -825.3855768995254
Optimization restart 2/20, f = -821.7439822659921
Optimization restart 3/20, f = -825.2890060126617
Optimization restart 4/20, f = -819.5612219985298
Optimization restart 5/20, f = -821.935946630239
Optimization restart 6/20, f = -823.6842894050665
Optimization restart 7/20, f = -795.0918013572741
Optimization restart 8/20, f = -804.2010241469568
Optimization restart 9/20, f = -752.6095922124991
Optimization restart 10/20, f = -807.3043871939885
Optimization restart 11/20, f = -823.6204994075215
Optimization restart 12/20, f = -824.9758365498453
Optimization restart 13/20, f = -821.5990705657628
Optimization restart 14/20, f = -821.8274605924249
Optimization restart 15/20, f = -821.2276868170042
Optimization restart 16/20, f = -822.8898814949598
Optimization restart 17/20, f = -823.7937332398262
Optimization restart 18/20, f = -812.6836398244637
Optimization restart 19/20, f = -824.6207176796538
Optimization restart 20/20, f = -823.5549759634159
pypal at iteration 91.         52 Pareto optimal points,         1361 discarded points,         1712 unclassified points.
Hypervolume 1498.1562616282736
pypal at iteration 92.         52 Pareto optimal points,         1365 discarded points,         1708 unclassified points.
Hypervolume 1498.1562616282736
pypal at iteration 93.         52 Pareto optimal points,         1366 discarded points,         1707 unclassified points.
Hypervolume 1498.1562616282736
pypal at iteration 94.         52 Pareto optimal points,         1367 discarded points,         1706 unclassified points.
Hypervolume 1498.1562616282736
pypal at iteration 95.         52 Pareto optimal points,         1368 discarded points,         1705 unclassified points.
Hypervolume 1498.1562616282736
pypal at iteration 96.         52 Pareto optimal points,         1369 discarded points,         1704 unclassified points.
Hypervolume 1498.1562616282736
pypal at iteration 97.         52 Pareto optimal points,         1370 discarded points,         1703 unclassified points.
Hypervolume 1498.1562616282736
pypal at iteration 98.         52 Pareto optimal points,         1373 discarded points,         1700 unclassified points.
Hypervolume 1498.1562616282736
pypal at iteration 99.         52 Pareto optimal points,         1374 discarded points,         1699 unclassified points.
Hypervolume 1498.1562616282736
pypal at iteration 100.         54 Pareto optimal points,         1449 discarded points,         1622 unclassified points.
Hypervolume 1498.1562616282733
Optimization restart 1/20, f = -888.3479954628461
Optimization restart 2/20, f = -776.5341571744555
Optimization restart 3/20, f = -882.7785630375529
Optimization restart 4/20, f = -882.8251594561707
Optimization restart 5/20, f = -873.0473469335549
Optimization restart 6/20, f = -886.7706917804869
Optimization restart 7/20, f = -877.9787595486375
Optimization restart 8/20, f = -886.1563887521173
Optimization restart 9/20, f = -879.1725405844604
Optimization restart 10/20, f = -885.9149873180718
Optimization restart 11/20, f = -884.6764856753309
Optimization restart 12/20, f = -871.885182282995
Optimization restart 13/20, f = -885.9606653128005
Optimization restart 14/20, f = -877.8551398602527
Optimization restart 15/20, f = -886.9488945688126
Optimization restart 16/20, f = -885.0272937121903
Optimization restart 17/20, f = -876.6285123722218
Optimization restart 18/20, f = -869.7245038801815
Optimization restart 19/20, f = -874.9339128599047
Optimization restart 20/20, f = -874.1079383438201
pypal at iteration 101.         54 Pareto optimal points,         1450 discarded points,         1621 unclassified points.
Hypervolume 1498.1562616282733
pypal at iteration 102.         54 Pareto optimal points,         1451 discarded points,         1620 unclassified points.
Hypervolume 1498.1562616282733
pypal at iteration 103.         54 Pareto optimal points,         1452 discarded points,         1619 unclassified points.
Hypervolume 1498.1562616282733
pypal at iteration 104.         54 Pareto optimal points,         1453 discarded points,         1618 unclassified points.
Hypervolume 1498.1562616282733
pypal at iteration 105.         54 Pareto optimal points,         1454 discarded points,         1617 unclassified points.
Hypervolume 1498.1562616282733
pypal at iteration 106.         54 Pareto optimal points,         1455 discarded points,         1616 unclassified points.
Hypervolume 1498.1562616282733
pypal at iteration 107.         54 Pareto optimal points,         1460 discarded points,         1611 unclassified points.
Hypervolume 1498.1562616282733
pypal at iteration 108.         54 Pareto optimal points,         1461 discarded points,         1610 unclassified points.
Hypervolume 1498.1562616282733
pypal at iteration 109.         54 Pareto optimal points,         1462 discarded points,         1609 unclassified points.
Hypervolume 1498.1562616282733
pypal at iteration 110.         54 Pareto optimal points,         1464 discarded points,         1607 unclassified points.
Hypervolume 1498.1562616282733
Optimization restart 1/20, f = -947.2472656110017
Traceback (most recent call last):
  File "run_pal_on_dispersant_repeats_cli.py", line 107, in <module>
    main()  # pylint:disable=no-value-for-parameter
  File "/home/kjablonk/anaconda3/envs/dispersant_screener/lib/python3.7/site-packages/click/core.py", line 829, in __call__
    return self.main(*args, **kwargs)
  File "/home/kjablonk/anaconda3/envs/dispersant_screener/lib/python3.7/site-packages/click/core.py", line 782, in main
    rv = self.invoke(ctx)
  File "/home/kjablonk/anaconda3/envs/dispersant_screener/lib/python3.7/site-packages/click/core.py", line 1066, in invoke
    return ctx.invoke(self.callback, **ctx.params)
  File "/home/kjablonk/anaconda3/envs/dispersant_screener/lib/python3.7/site-packages/click/core.py", line 610, in invoke
    return callback(*args, **kwargs)
  File "run_pal_on_dispersant_repeats_cli.py", line 78, in main
    idx = palinstance.run_one_step()
  File "/home/kjablonk/programs/pypal/pypal/pal/pal_base.py", line 205, in run_one_step
    self._set_hyperparameters()
  File "/home/kjablonk/programs/pypal/pypal/pal/pal_coregionalized.py", line 48, in _set_hyperparameters
    self.models[0].optimize_restarts(self.restarts, parallel=self.parallel)
  File "/home/kjablonk/anaconda3/envs/dispersant_screener/lib/python3.7/site-packages/paramz/model.py", line 182, in optimize_restarts
    raise e
  File "/home/kjablonk/anaconda3/envs/dispersant_screener/lib/python3.7/site-packages/paramz/model.py", line 172, in optimize_restarts
    self.optimize(**kwargs)
  File "/home/kjablonk/anaconda3/envs/dispersant_screener/lib/python3.7/site-packages/GPy/core/gp.py", line 675, in optimize
    ret = super(GP, self).optimize(optimizer, start, messages, max_iters, ipython_notebook, clear_after_finish, **kwargs)
  File "/home/kjablonk/anaconda3/envs/dispersant_screener/lib/python3.7/site-packages/paramz/model.py", line 111, in optimize
    opt.run(start, f_fp=self._objective_grads, f=self._objective, fp=self._grads)
  File "/home/kjablonk/anaconda3/envs/dispersant_screener/lib/python3.7/site-packages/paramz/optimization/optimization.py", line 51, in run
    self.opt(x_init, **kwargs)
  File "/home/kjablonk/anaconda3/envs/dispersant_screener/lib/python3.7/site-packages/paramz/optimization/optimization.py", line 124, in opt
    opt_result = optimize.fmin_l_bfgs_b(f_fp, x_init, maxfun=self.max_iters, maxiter=self.max_iters, **opt_dict)
  File "/home/kjablonk/anaconda3/envs/dispersant_screener/lib/python3.7/site-packages/scipy/optimize/lbfgsb.py", line 198, in fmin_l_bfgs_b
    **opts)
  File "/home/kjablonk/anaconda3/envs/dispersant_screener/lib/python3.7/site-packages/scipy/optimize/lbfgsb.py", line 360, in _minimize_lbfgsb
    f, g = func_and_grad(x)
  File "/home/kjablonk/anaconda3/envs/dispersant_screener/lib/python3.7/site-packages/scipy/optimize/_differentiable_functions.py", line 200, in fun_and_grad
    self._update_fun()
  File "/home/kjablonk/anaconda3/envs/dispersant_screener/lib/python3.7/site-packages/scipy/optimize/_differentiable_functions.py", line 166, in _update_fun
    self._update_fun_impl()
  File "/home/kjablonk/anaconda3/envs/dispersant_screener/lib/python3.7/site-packages/scipy/optimize/_differentiable_functions.py", line 73, in update_fun
    self.f = fun_wrapped(self.x)
  File "/home/kjablonk/anaconda3/envs/dispersant_screener/lib/python3.7/site-packages/scipy/optimize/_differentiable_functions.py", line 70, in fun_wrapped
    return fun(x, *args)
  File "/home/kjablonk/anaconda3/envs/dispersant_screener/lib/python3.7/site-packages/scipy/optimize/optimize.py", line 74, in __call__
    self._compute_if_needed(x, *args)
  File "/home/kjablonk/anaconda3/envs/dispersant_screener/lib/python3.7/site-packages/scipy/optimize/optimize.py", line 68, in _compute_if_needed
    fg = self.fun(x, *args)
  File "/home/kjablonk/anaconda3/envs/dispersant_screener/lib/python3.7/site-packages/paramz/model.py", line 273, in _objective_grads
    self.optimizer_array = x
  File "/home/kjablonk/anaconda3/envs/dispersant_screener/lib/python3.7/site-packages/paramz/parameterized.py", line 339, in __setattr__
    return object.__setattr__(self, name, val)
  File "/home/kjablonk/anaconda3/envs/dispersant_screener/lib/python3.7/site-packages/paramz/core/parameter_core.py", line 124, in optimizer_array
    self.trigger_update()
  File "/home/kjablonk/anaconda3/envs/dispersant_screener/lib/python3.7/site-packages/paramz/core/updateable.py", line 79, in trigger_update
    self._trigger_params_changed(trigger_parent)
  File "/home/kjablonk/anaconda3/envs/dispersant_screener/lib/python3.7/site-packages/paramz/core/parameter_core.py", line 134, in _trigger_params_changed
    self.notify_observers(None, None if trigger_parent else -np.inf)
  File "/home/kjablonk/anaconda3/envs/dispersant_screener/lib/python3.7/site-packages/paramz/core/observable.py", line 91, in notify_observers
    [callble(self, which=which) for _, _, callble in self.observers]
  File "/home/kjablonk/anaconda3/envs/dispersant_screener/lib/python3.7/site-packages/paramz/core/observable.py", line 91, in <listcomp>
    [callble(self, which=which) for _, _, callble in self.observers]
  File "/home/kjablonk/anaconda3/envs/dispersant_screener/lib/python3.7/site-packages/paramz/core/parameter_core.py", line 508, in _parameters_changed_notification
    self.parameters_changed()
  File "/home/kjablonk/anaconda3/envs/dispersant_screener/lib/python3.7/site-packages/GPy/core/gp.py", line 274, in parameters_changed
    self.posterior, self._log_marginal_likelihood, self.grad_dict = self.inference_method.inference(self.kern, self.X, self.likelihood, self.Y_normalized, self.mean_function, self.Y_metadata)
  File "/home/kjablonk/anaconda3/envs/dispersant_screener/lib/python3.7/site-packages/GPy/inference/latent_function_inference/exact_gaussian_inference.py", line 58, in inference
    Wi, LW, LWi, W_logdet = pdinv(Ky)
  File "/home/kjablonk/anaconda3/envs/dispersant_screener/lib/python3.7/site-packages/GPy/util/linalg.py", line 207, in pdinv
    L = jitchol(A, *args)
  File "/home/kjablonk/anaconda3/envs/dispersant_screener/lib/python3.7/site-packages/GPy/util/linalg.py", line 75, in jitchol
    raise linalg.LinAlgError("not positive definite, even with jitter.")
numpy.linalg.LinAlgError: not positive definite, even with jitter.
