 /home/kjablonk/anaconda3/envs/dispersant_screener/lib/python3.7/site-packages/sklearn/utils/deprecation.py:143: FutureWarning:The sklearn.preprocessing.data module is  deprecated in version 0.22 and will be removed in version 0.24. The corresponding classes / functions should instead be imported from sklearn.preprocessing. Anything that cannot be imported from sklearn.preprocessing is now part of the private API.
 /home/kjablonk/programs/pypal/pypal/pal/validate_inputs.py:146: UserWarning:No goals provided,                 will assume that every dimension should be maximized
 /home/kjablonk/anaconda3/envs/dispersant_screener/lib/python3.7/site-packages/GPy/kern/src/stationary.py:166: RuntimeWarning:overflow encountered in true_divide
 /home/kjablonk/anaconda3/envs/dispersant_screener/lib/python3.7/site-packages/GPy/kern/src/stationary.py:137: RuntimeWarning:overflow encountered in square
 /home/kjablonk/anaconda3/envs/dispersant_screener/lib/python3.7/site-packages/GPy/kern/src/stationary.py:138: RuntimeWarning:invalid value encountered in add
 /home/kjablonk/anaconda3/envs/dispersant_screener/lib/python3.7/site-packages/GPy/kern/src/stationary.py:565: RuntimeWarning:invalid value encountered in multiply
 /home/kjablonk/anaconda3/envs/dispersant_screener/lib/python3.7/site-packages/GPy/kern/src/stationary.py:568: RuntimeWarning:invalid value encountered in subtract
 /home/kjablonk/anaconda3/envs/dispersant_screener/lib/python3.7/site-packages/paramz/transformations.py:111: RuntimeWarning:overflow encountered in expm1
 /home/kjablonk/anaconda3/envs/dispersant_screener/lib/python3.7/site-packages/GPy/kern/src/stationary.py:166: RuntimeWarning:overflow encountered in true_divide
 /home/kjablonk/anaconda3/envs/dispersant_screener/lib/python3.7/site-packages/GPy/kern/src/stationary.py:137: RuntimeWarning:overflow encountered in square
 /home/kjablonk/anaconda3/envs/dispersant_screener/lib/python3.7/site-packages/GPy/kern/src/stationary.py:138: RuntimeWarning:invalid value encountered in add
 /home/kjablonk/anaconda3/envs/dispersant_screener/lib/python3.7/site-packages/GPy/kern/src/stationary.py:565: RuntimeWarning:invalid value encountered in multiply
 /home/kjablonk/anaconda3/envs/dispersant_screener/lib/python3.7/site-packages/GPy/kern/src/stationary.py:568: RuntimeWarning:invalid value encountered in subtract
 /home/kjablonk/anaconda3/envs/dispersant_screener/lib/python3.7/site-packages/GPy/kern/src/stationary.py:243: RuntimeWarning:invalid value encountered in true_divide
 /home/kjablonk/anaconda3/envs/dispersant_screener/lib/python3.7/site-packages/GPy/kern/src/stationary.py:138: RuntimeWarning:overflow encountered in multiply
 /home/kjablonk/anaconda3/envs/dispersant_screener/lib/python3.7/site-packages/GPy/kern/src/stationary.py:138: RuntimeWarning:overflow encountered in add
 /home/kjablonk/anaconda3/envs/dispersant_screener/lib/python3.7/site-packages/GPy/kern/src/stationary.py:565: RuntimeWarning:overflow encountered in multiply
 /home/kjablonk/anaconda3/envs/dispersant_screener/lib/python3.7/site-packages/GPy/kern/src/stationary.py:568: RuntimeWarning:overflow encountered in multiply
 /home/kjablonk/anaconda3/envs/dispersant_screener/lib/python3.7/site-packages/GPy/kern/src/stationary.py:568: RuntimeWarning:invalid value encountered in multiply
 /home/kjablonk/anaconda3/envs/dispersant_screener/lib/python3.7/site-packages/numpy/core/_asarray.py:136: VisibleDeprecationWarning:Creating an ndarray from ragged nested sequences (which is a list-or-tuple of lists-or-tuples-or ndarrays with different lengths or shapes) is deprecated. If you meant to do this, you must specify 'dtype=object' when creating the ndarray
Maximum hypervolume 1536.0438526567837
STARTING PAL
Optimization restart 1/20, f = -229.0965219326041
Optimization restart 2/20, f = -229.79404573947429
Optimization restart 3/20, f = -229.67783825980797
Optimization restart 4/20, f = -229.68328329371496
Optimization restart 5/20, f = -214.0028466283709
Optimization restart 6/20, f = -229.88586729280132
Optimization restart 7/20, f = -230.15791975863812
Optimization restart 8/20, f = -193.31942545919776
Optimization restart 9/20, f = -229.63381482941077
Optimization restart 10/20, f = -229.65230875385512
Optimization restart 11/20, f = -229.89631442081264
Optimization restart 12/20, f = -229.937885757539
Optimization restart 13/20, f = -229.86161228393883
Optimization restart 14/20, f = -216.1770490310269
Optimization restart 15/20, f = -229.86800381377788
Optimization restart 16/20, f = -229.86289801940043
Optimization restart 17/20, f = -229.30483644316968
Optimization restart 18/20, f = -229.79045665834911
Optimization restart 19/20, f = -229.71603811028712
Optimization restart 20/20, f = -218.9732339021282
pypal at iteration 1.         4 Pareto optimal points,         232 discarded points,         2889 unclassified points.
Hypervolume 767.3372264108434
pypal at iteration 2.         9 Pareto optimal points,         262 discarded points,         2854 unclassified points.
Hypervolume 1284.2436538424843
pypal at iteration 3.         9 Pareto optimal points,         264 discarded points,         2852 unclassified points.
Hypervolume 1284.2436538424843
pypal at iteration 4.         12 Pareto optimal points,         265 discarded points,         2848 unclassified points.
Hypervolume 1433.2585115713841
pypal at iteration 5.         12 Pareto optimal points,         266 discarded points,         2847 unclassified points.
Hypervolume 1433.2585115713841
pypal at iteration 6.         12 Pareto optimal points,         267 discarded points,         2846 unclassified points.
Hypervolume 1433.2585115713841
pypal at iteration 7.         12 Pareto optimal points,         268 discarded points,         2845 unclassified points.
Hypervolume 1433.2585115713841
pypal at iteration 8.         12 Pareto optimal points,         269 discarded points,         2844 unclassified points.
Hypervolume 1433.2585115713841
pypal at iteration 9.         12 Pareto optimal points,         270 discarded points,         2843 unclassified points.
Hypervolume 1433.2585115713841
pypal at iteration 10.         12 Pareto optimal points,         271 discarded points,         2842 unclassified points.
Hypervolume 1433.2585115713841
Optimization restart 1/20, f = -338.78609686110184
Optimization restart 2/20, f = -333.1246869078519
Optimization restart 3/20, f = -337.1887283290813
Optimization restart 4/20, f = -337.82761188574807
Optimization restart 5/20, f = -338.3584820243262
Optimization restart 6/20, f = -337.7570198953454
Optimization restart 7/20, f = -338.2845011191247
Optimization restart 8/20, f = -333.75056869646437
Optimization restart 9/20, f = -339.76654469238986
Optimization restart 10/20, f = -336.17407206381307
Optimization restart 11/20, f = -337.8359128912648
Optimization restart 12/20, f = -338.5559370715035
Optimization restart 13/20, f = -337.93806256522555
Optimization restart 14/20, f = -338.4038260323778
Optimization restart 15/20, f = -335.64930665342024
Optimization restart 16/20, f = -338.7259404389521
Optimization restart 17/20, f = -337.42636723963716
Optimization restart 18/20, f = -338.94702963846225
Optimization restart 19/20, f = -276.41244771484554
Optimization restart 20/20, f = -339.21414817437363
pypal at iteration 11.         14 Pareto optimal points,         622 discarded points,         2489 unclassified points.
Hypervolume 1433.8204152197663
pypal at iteration 12.         14 Pareto optimal points,         688 discarded points,         2423 unclassified points.
Hypervolume 1433.8204152197663
pypal at iteration 13.         14 Pareto optimal points,         689 discarded points,         2422 unclassified points.
Hypervolume 1433.8204152197663
pypal at iteration 14.         14 Pareto optimal points,         707 discarded points,         2404 unclassified points.
Hypervolume 1433.8204152197663
pypal at iteration 15.         14 Pareto optimal points,         720 discarded points,         2391 unclassified points.
Hypervolume 1433.8204152197663
pypal at iteration 16.         14 Pareto optimal points,         732 discarded points,         2379 unclassified points.
Hypervolume 1433.8204152197663
pypal at iteration 17.         14 Pareto optimal points,         785 discarded points,         2326 unclassified points.
Hypervolume 1433.8204152197663
pypal at iteration 18.         14 Pareto optimal points,         786 discarded points,         2325 unclassified points.
Hypervolume 1433.8204152197663
pypal at iteration 19.         14 Pareto optimal points,         809 discarded points,         2302 unclassified points.
Hypervolume 1433.8204152197663
pypal at iteration 20.         14 Pareto optimal points,         881 discarded points,         2230 unclassified points.
Hypervolume 1433.8204152197663
Optimization restart 1/20, f = -417.6203626815642
Optimization restart 2/20, f = -418.15451347689213
Optimization restart 3/20, f = -413.52927234667476
Optimization restart 4/20, f = -417.3846305559808
Optimization restart 5/20, f = -418.6495649849186
Optimization restart 6/20, f = -418.7350765722754
Optimization restart 7/20, f = -334.6392578842538
Optimization restart 8/20, f = -403.8104221385753
Optimization restart 9/20, f = -419.1438927166852
Optimization restart 10/20, f = -400.0280037578435
Optimization restart 11/20, f = -418.7939311191493
Optimization restart 12/20, f = -419.7141366941002
Optimization restart 13/20, f = -417.4382891068557
Optimization restart 14/20, f = -406.3172551954013
Optimization restart 15/20, f = -419.0347551409826
Optimization restart 16/20, f = -417.33422810544295
Optimization restart 17/20, f = -417.27659427149837
Optimization restart 18/20, f = -402.4443725522175
Optimization restart 19/20, f = -413.4318537700766
Optimization restart 20/20, f = -417.1687094568766
pypal at iteration 21.         14 Pareto optimal points,         1007 discarded points,         2104 unclassified points.
Hypervolume 1433.8204152197663
pypal at iteration 22.         14 Pareto optimal points,         1011 discarded points,         2100 unclassified points.
Hypervolume 1433.8204152197663
pypal at iteration 23.         14 Pareto optimal points,         1018 discarded points,         2093 unclassified points.
Hypervolume 1433.8204152197663
pypal at iteration 24.         14 Pareto optimal points,         1023 discarded points,         2088 unclassified points.
Hypervolume 1433.8204152197663
pypal at iteration 25.         14 Pareto optimal points,         1024 discarded points,         2087 unclassified points.
Hypervolume 1433.8204152197663
pypal at iteration 26.         14 Pareto optimal points,         1024 discarded points,         2087 unclassified points.
Hypervolume 1433.8204152197663
pypal at iteration 27.         15 Pareto optimal points,         1024 discarded points,         2086 unclassified points.
Hypervolume 1434.2694398463436
pypal at iteration 28.         15 Pareto optimal points,         1024 discarded points,         2086 unclassified points.
Hypervolume 1434.2694398463436
pypal at iteration 29.         15 Pareto optimal points,         1024 discarded points,         2086 unclassified points.
Hypervolume 1434.2694398463436
pypal at iteration 30.         15 Pareto optimal points,         1025 discarded points,         2085 unclassified points.
Hypervolume 1434.2694398463436
Optimization restart 1/20, f = -502.2789794505673
Optimization restart 2/20, f = -499.6366634699047
Optimization restart 3/20, f = -499.55706129511367
Optimization restart 4/20, f = -500.84086068634065
Optimization restart 5/20, f = -499.86729679007186
Optimization restart 6/20, f = -498.49470493044146
Optimization restart 7/20, f = -497.71113174452375
Optimization restart 8/20, f = -492.41972498561324
Optimization restart 9/20, f = -499.92447763214875
Optimization restart 10/20, f = -497.75733624676514
Optimization restart 11/20, f = -499.1425331489528
Optimization restart 12/20, f = -500.21933158959905
Optimization restart 13/20, f = -501.13109045714066
Optimization restart 14/20, f = -499.62914283330264
Optimization restart 15/20, f = -489.8714529736896
Optimization restart 16/20, f = -491.1890119805289
Optimization restart 17/20, f = -473.4899208360147
Optimization restart 18/20, f = -471.3271321397265
Optimization restart 19/20, f = -499.3241519808456
Optimization restart 20/20, f = -501.6491925600226
pypal at iteration 31.         15 Pareto optimal points,         1079 discarded points,         2031 unclassified points.
Hypervolume 1434.2694398463436
pypal at iteration 32.         15 Pareto optimal points,         1081 discarded points,         2029 unclassified points.
Hypervolume 1434.2694398463436
pypal at iteration 33.         15 Pareto optimal points,         1082 discarded points,         2028 unclassified points.
Hypervolume 1434.2694398463436
pypal at iteration 34.         15 Pareto optimal points,         1083 discarded points,         2027 unclassified points.
Hypervolume 1434.2694398463436
pypal at iteration 35.         15 Pareto optimal points,         1087 discarded points,         2023 unclassified points.
Hypervolume 1434.2694398463436
pypal at iteration 36.         15 Pareto optimal points,         1101 discarded points,         2009 unclassified points.
Hypervolume 1434.2694398463436
pypal at iteration 37.         15 Pareto optimal points,         1105 discarded points,         2005 unclassified points.
Hypervolume 1434.2694398463436
pypal at iteration 38.         15 Pareto optimal points,         1106 discarded points,         2004 unclassified points.
Hypervolume 1434.2694398463436
pypal at iteration 39.         15 Pareto optimal points,         1107 discarded points,         2003 unclassified points.
Hypervolume 1434.2694398463436
pypal at iteration 40.         15 Pareto optimal points,         1108 discarded points,         2002 unclassified points.
Hypervolume 1434.2694398463436
Optimization restart 1/20, f = -572.1403851785781
Optimization restart 2/20, f = -570.4079188039257
Optimization restart 3/20, f = -563.2825202984823
Optimization restart 4/20, f = -570.9923889154333
Optimization restart 5/20, f = -561.6982452775799
Optimization restart 6/20, f = -569.9085579860284
Optimization restart 7/20, f = -569.1640999489234
Optimization restart 8/20, f = -570.3739611476376
Optimization restart 9/20, f = -569.2594730258334
Optimization restart 10/20, f = -570.5691944924353
Optimization restart 11/20, f = -561.4763657440233
Optimization restart 12/20, f = -571.8419198051652
Optimization restart 13/20, f = -570.1659566129764
Optimization restart 14/20, f = -570.521536854385
Optimization restart 15/20, f = -569.9557932126515
Optimization restart 16/20, f = -569.790240671792
Optimization restart 17/20, f = -570.1232771618778
Optimization restart 18/20, f = -557.7536189159446
Optimization restart 19/20, f = -570.600999294669
Optimization restart 20/20, f = -568.8662307596308
pypal at iteration 41.         15 Pareto optimal points,         1187 discarded points,         1923 unclassified points.
Hypervolume 1434.2694398463436
pypal at iteration 42.         15 Pareto optimal points,         1188 discarded points,         1922 unclassified points.
Hypervolume 1434.2694398463436
pypal at iteration 43.         15 Pareto optimal points,         1189 discarded points,         1921 unclassified points.
Hypervolume 1434.2694398463436
pypal at iteration 44.         15 Pareto optimal points,         1191 discarded points,         1919 unclassified points.
Hypervolume 1434.2694398463436
pypal at iteration 45.         15 Pareto optimal points,         1192 discarded points,         1918 unclassified points.
Hypervolume 1434.2694398463436
pypal at iteration 46.         15 Pareto optimal points,         1195 discarded points,         1915 unclassified points.
Hypervolume 1434.2694398463436
pypal at iteration 47.         15 Pareto optimal points,         1196 discarded points,         1914 unclassified points.
Hypervolume 1434.2694398463436
pypal at iteration 48.         15 Pareto optimal points,         1197 discarded points,         1913 unclassified points.
Hypervolume 1434.2694398463436
pypal at iteration 49.         15 Pareto optimal points,         1198 discarded points,         1912 unclassified points.
Hypervolume 1434.2694398463436
pypal at iteration 50.         15 Pareto optimal points,         1199 discarded points,         1911 unclassified points.
Hypervolume 1434.2694398463436
Optimization restart 1/20, f = -637.577675783124
Optimization restart 2/20, f = -637.1629897281477
Optimization restart 3/20, f = -636.3992496915462
Optimization restart 4/20, f = -575.7981029019147
Optimization restart 5/20, f = -635.438017675214
Optimization restart 6/20, f = -633.5801210744461
Optimization restart 7/20, f = -633.391476046274
Optimization restart 8/20, f = -636.3374755918344
Optimization restart 9/20, f = -635.1983672499949
Optimization restart 10/20, f = -615.852249430601
Optimization restart 11/20, f = -634.8642063977883
Optimization restart 12/20, f = -635.2151927631937
Optimization restart 13/20, f = -636.028380363356
Optimization restart 14/20, f = -636.2468582567114
Optimization restart 15/20, f = -636.2284663502459
Optimization restart 16/20, f = -469.70458044218486
Optimization restart 17/20, f = -634.1039759756918
Optimization restart 18/20, f = -625.8180184727653
Optimization restart 19/20, f = -633.3383346257216
Optimization restart 20/20, f = -630.3739260657894
pypal at iteration 51.         15 Pareto optimal points,         1560 discarded points,         1550 unclassified points.
Hypervolume 1434.2694398463436
pypal at iteration 52.         15 Pareto optimal points,         1561 discarded points,         1549 unclassified points.
Hypervolume 1434.2694398463436
pypal at iteration 53.         15 Pareto optimal points,         1562 discarded points,         1548 unclassified points.
Hypervolume 1434.2694398463436
pypal at iteration 54.         15 Pareto optimal points,         1568 discarded points,         1542 unclassified points.
Hypervolume 1434.2694398463436
pypal at iteration 55.         15 Pareto optimal points,         1570 discarded points,         1540 unclassified points.
Hypervolume 1434.2694398463436
pypal at iteration 56.         15 Pareto optimal points,         1571 discarded points,         1539 unclassified points.
Hypervolume 1434.2694398463436
pypal at iteration 57.         16 Pareto optimal points,         1571 discarded points,         1538 unclassified points.
Hypervolume 1436.9909588995556
pypal at iteration 58.         16 Pareto optimal points,         1572 discarded points,         1537 unclassified points.
Hypervolume 1436.9909588995556
pypal at iteration 59.         16 Pareto optimal points,         1573 discarded points,         1536 unclassified points.
Hypervolume 1436.9909588995556
pypal at iteration 60.         16 Pareto optimal points,         1573 discarded points,         1536 unclassified points.
Hypervolume 1436.9909588995556
Optimization restart 1/20, f = -697.7142902365681
Optimization restart 2/20, f = -696.8414056761897
Optimization restart 3/20, f = -578.6447409083511
Optimization restart 4/20, f = -692.3842767086521
Optimization restart 5/20, f = -693.730870988715
Optimization restart 6/20, f = -695.8418313116492
Optimization restart 7/20, f = -696.5739176779354
Optimization restart 8/20, f = -695.6571940727935
Optimization restart 9/20, f = -680.9094340804137
Optimization restart 10/20, f = -673.1871781053026
Optimization restart 11/20, f = -696.7984294454615
Optimization restart 12/20, f = -696.5299066006546
Optimization restart 13/20, f = -689.8278692988002
Optimization restart 14/20, f = -694.7870494279116
Optimization restart 15/20, f = -682.6248715078079
Optimization restart 16/20, f = -695.2725122284717
Optimization restart 17/20, f = -693.9648727974738
Optimization restart 18/20, f = -679.2575272961192
Optimization restart 19/20, f = -696.662671588497
Optimization restart 20/20, f = -679.5067762691867
pypal at iteration 61.         16 Pareto optimal points,         1575 discarded points,         1534 unclassified points.
Hypervolume 1436.9909588995556
pypal at iteration 62.         16 Pareto optimal points,         1576 discarded points,         1533 unclassified points.
Hypervolume 1436.9909588995556
pypal at iteration 63.         16 Pareto optimal points,         1577 discarded points,         1532 unclassified points.
Hypervolume 1436.9909588995556
pypal at iteration 64.         16 Pareto optimal points,         1578 discarded points,         1531 unclassified points.
Hypervolume 1436.9909588995556
pypal at iteration 65.         16 Pareto optimal points,         1579 discarded points,         1530 unclassified points.
Hypervolume 1436.9909588995556
pypal at iteration 66.         16 Pareto optimal points,         1580 discarded points,         1529 unclassified points.
Hypervolume 1436.9909588995556
pypal at iteration 67.         16 Pareto optimal points,         1581 discarded points,         1528 unclassified points.
Hypervolume 1436.9909588995556
pypal at iteration 68.         16 Pareto optimal points,         1582 discarded points,         1527 unclassified points.
Hypervolume 1436.9909588995556
pypal at iteration 69.         16 Pareto optimal points,         1583 discarded points,         1526 unclassified points.
Hypervolume 1436.9909588995556
pypal at iteration 70.         16 Pareto optimal points,         1584 discarded points,         1525 unclassified points.
Hypervolume 1436.9909588995556
Optimization restart 1/20, f = -761.2555254437113
Optimization restart 2/20, f = -760.371568866963
Optimization restart 3/20, f = -760.4871673118216
Optimization restart 4/20, f = -757.2475912414541
Optimization restart 5/20, f = -746.342197356423
Optimization restart 6/20, f = -606.1264082014803
Optimization restart 7/20, f = -753.4307150804538
Optimization restart 8/20, f = -611.8739441577757
Optimization restart 9/20, f = -753.5604550284662
Optimization restart 10/20, f = -753.1335664743538
Optimization restart 11/20, f = -757.2725729202537
Optimization restart 12/20, f = -755.0963807272547
Optimization restart 13/20, f = -760.0911778533085
Optimization restart 14/20, f = -758.2139698266112
Optimization restart 15/20, f = -756.7598252578215
Optimization restart 16/20, f = -749.8748189900637
Optimization restart 17/20, f = -742.0417357384554
Optimization restart 18/20, f = -756.8797913478636
Optimization restart 19/20, f = -760.3305032168196
Optimization restart 20/20, f = -748.6574525773481
pypal at iteration 71.         17 Pareto optimal points,         1747 discarded points,         1361 unclassified points.
Hypervolume 1441.3371104022053
pypal at iteration 72.         17 Pareto optimal points,         1748 discarded points,         1360 unclassified points.
Hypervolume 1441.3371104022053
pypal at iteration 73.         17 Pareto optimal points,         1880 discarded points,         1228 unclassified points.
Hypervolume 1441.3371104022053
pypal at iteration 74.         17 Pareto optimal points,         1881 discarded points,         1227 unclassified points.
Hypervolume 1441.3371104022053
pypal at iteration 75.         21 Pareto optimal points,         1882 discarded points,         1222 unclassified points.
Hypervolume 1468.4245631579981
pypal at iteration 76.         21 Pareto optimal points,         1883 discarded points,         1221 unclassified points.
Hypervolume 1468.4245631579981
pypal at iteration 77.         21 Pareto optimal points,         1883 discarded points,         1221 unclassified points.
Hypervolume 1468.4245631579981
pypal at iteration 78.         21 Pareto optimal points,         1884 discarded points,         1220 unclassified points.
Hypervolume 1468.4245631579981
pypal at iteration 79.         21 Pareto optimal points,         1885 discarded points,         1219 unclassified points.
Hypervolume 1468.4245631579981
pypal at iteration 80.         21 Pareto optimal points,         1885 discarded points,         1219 unclassified points.
Hypervolume 1468.4245631579981
Optimization restart 1/20, f = -817.2849170099264
Optimization restart 2/20, f = -808.2603251564228
Optimization restart 3/20, f = -815.6364066344154
Optimization restart 4/20, f = -815.1284818408856
Optimization restart 5/20, f = -814.1588470502008
Optimization restart 6/20, f = -706.1482009963244
Optimization restart 7/20, f = -813.8253497392384
Optimization restart 8/20, f = -815.8271233025246
Optimization restart 9/20, f = -808.6826227203483
Optimization restart 10/20, f = -813.6771313423303
Optimization restart 11/20, f = -790.525285999125
Optimization restart 12/20, f = -815.420835401969
Optimization restart 13/20, f = -806.7388307938188
Optimization restart 14/20, f = -815.9443772271538
Optimization restart 15/20, f = -815.6710563279548
Optimization restart 16/20, f = -815.4436082140137
Optimization restart 17/20, f = -815.9959580159338
Optimization restart 18/20, f = -816.0085836425833
Optimization restart 19/20, f = -798.0517498299835
Optimization restart 20/20, f = -815.7194535993872
pypal at iteration 81.         21 Pareto optimal points,         1885 discarded points,         1219 unclassified points.
Hypervolume 1468.4245631579981
pypal at iteration 82.         21 Pareto optimal points,         1887 discarded points,         1217 unclassified points.
Hypervolume 1468.4245631579981
pypal at iteration 83.         21 Pareto optimal points,         1888 discarded points,         1216 unclassified points.
Hypervolume 1468.4245631579981
pypal at iteration 84.         21 Pareto optimal points,         1889 discarded points,         1215 unclassified points.
Hypervolume 1468.4245631579981
pypal at iteration 85.         21 Pareto optimal points,         1890 discarded points,         1214 unclassified points.
Hypervolume 1468.4245631579981
pypal at iteration 86.         21 Pareto optimal points,         1891 discarded points,         1213 unclassified points.
Hypervolume 1468.4245631579981
pypal at iteration 87.         23 Pareto optimal points,         1891 discarded points,         1211 unclassified points.
Hypervolume 1468.4245631579981
pypal at iteration 88.         23 Pareto optimal points,         1894 discarded points,         1208 unclassified points.
Hypervolume 1468.4245631579981
pypal at iteration 89.         23 Pareto optimal points,         1895 discarded points,         1207 unclassified points.
Hypervolume 1468.4245631579981
pypal at iteration 90.         23 Pareto optimal points,         1897 discarded points,         1205 unclassified points.
Hypervolume 1468.4245631579981
Optimization restart 1/20, f = -879.3198429059911
Optimization restart 2/20, f = -871.4166314811159
Optimization restart 3/20, f = -878.1114129850868
Optimization restart 4/20, f = -876.8690550535703
Optimization restart 5/20, f = -877.8687062851307
Optimization restart 6/20, f = -866.0870989768799
Optimization restart 7/20, f = -739.9036981134549
Optimization restart 8/20, f = -877.8897135402603
Optimization restart 9/20, f = -875.5683057061021
Optimization restart 10/20, f = -878.5596608676472
Optimization restart 11/20, f = -868.5256779371164
Optimization restart 12/20, f = -877.1636464480008
Optimization restart 13/20, f = -877.8396008918135
Optimization restart 14/20, f = -877.7411793564312
Optimization restart 15/20, f = -877.7262973875222
Optimization restart 16/20, f = -877.8523953732417
Optimization restart 17/20, f = -872.6914337553028
Optimization restart 18/20, f = -848.4745148064059
Optimization restart 19/20, f = -877.9322712910677
Optimization restart 20/20, f = -877.5525991501919
pypal at iteration 91.         23 Pareto optimal points,         1899 discarded points,         1203 unclassified points.
Hypervolume 1468.4245631579981
pypal at iteration 92.         23 Pareto optimal points,         1903 discarded points,         1199 unclassified points.
Hypervolume 1468.4245631579981
pypal at iteration 93.         23 Pareto optimal points,         1904 discarded points,         1198 unclassified points.
Hypervolume 1468.4245631579981
pypal at iteration 94.         23 Pareto optimal points,         1905 discarded points,         1197 unclassified points.
Hypervolume 1468.4245631579981
pypal at iteration 95.         23 Pareto optimal points,         1906 discarded points,         1196 unclassified points.
Hypervolume 1468.4245631579981
pypal at iteration 96.         23 Pareto optimal points,         1907 discarded points,         1195 unclassified points.
Hypervolume 1468.4245631579981
pypal at iteration 97.         23 Pareto optimal points,         1908 discarded points,         1194 unclassified points.
Hypervolume 1468.4245631579981
pypal at iteration 98.         23 Pareto optimal points,         1909 discarded points,         1193 unclassified points.
Hypervolume 1468.4245631579981
pypal at iteration 99.         23 Pareto optimal points,         1910 discarded points,         1192 unclassified points.
Hypervolume 1468.4245631579981
pypal at iteration 100.         23 Pareto optimal points,         1911 discarded points,         1191 unclassified points.
Hypervolume 1468.4245631579981
Optimization restart 1/20, f = -941.6346464845308
Optimization restart 2/20, f = -892.0620946389471
Optimization restart 3/20, f = -939.1263216918359
Optimization restart 4/20, f = -940.1624903799484
Optimization restart 5/20, f = -759.3980889751397
Optimization restart 6/20, f = -939.6949971333903
Optimization restart 7/20, f = -939.0305104823677
Optimization restart 8/20, f = -939.5240648512038
Optimization restart 9/20, f = -935.1643485280467
Optimization restart 10/20, f = -908.5839061482951
Optimization restart 11/20, f = -937.0500817487136
Optimization restart 12/20, f = -939.8463471994506
Optimization restart 13/20, f = -939.5574804316927
Optimization restart 14/20, f = -936.590274229926
Optimization restart 15/20, f = -939.7642027154166
Optimization restart 16/20, f = -939.7250411062481
Optimization restart 17/20, f = -939.7352315025031
Optimization restart 18/20, f = -938.6708392194471
Optimization restart 19/20, f = -923.7763455092999
Optimization restart 20/20, f = -932.456536274595
pypal at iteration 101.         23 Pareto optimal points,         1912 discarded points,         1190 unclassified points.
Hypervolume 1468.4245631579981
pypal at iteration 102.         23 Pareto optimal points,         1913 discarded points,         1189 unclassified points.
Hypervolume 1468.4245631579981
pypal at iteration 103.         23 Pareto optimal points,         1914 discarded points,         1188 unclassified points.
Hypervolume 1468.4245631579981
pypal at iteration 104.         23 Pareto optimal points,         1915 discarded points,         1187 unclassified points.
Hypervolume 1468.4245631579981
pypal at iteration 105.         23 Pareto optimal points,         1916 discarded points,         1186 unclassified points.
Hypervolume 1468.4245631579981
pypal at iteration 106.         23 Pareto optimal points,         2254 discarded points,         848 unclassified points.
Hypervolume 1468.4245631579981
pypal at iteration 107.         23 Pareto optimal points,         2255 discarded points,         847 unclassified points.
Hypervolume 1468.4245631579981
pypal at iteration 108.         23 Pareto optimal points,         2256 discarded points,         846 unclassified points.
Hypervolume 1468.4245631579981
pypal at iteration 109.         23 Pareto optimal points,         2257 discarded points,         845 unclassified points.
Hypervolume 1468.4245631579981
pypal at iteration 110.         23 Pareto optimal points,         2258 discarded points,         844 unclassified points.
Hypervolume 1468.4245631579981
Optimization restart 1/20, f = -1003.6611920359505
Optimization restart 2/20, f = -1001.9442090422268
Optimization restart 3/20, f = -1001.7253522011129
Optimization restart 4/20, f = -983.0361299435857
Optimization restart 5/20, f = -995.0047653644209
Optimization restart 6/20, f = -997.273685884884
Optimization restart 7/20, f = -1002.9273217933253
Optimization restart 8/20, f = -1001.8695569696582
Optimization restart 9/20, f = -1000.4101017919093
Optimization restart 10/20, f = -1001.928347862382
Optimization restart 11/20, f = -1002.3045001238529
Optimization restart 12/20, f = -996.3168473106145
Optimization restart 13/20, f = -996.4767759306575
Optimization restart 14/20, f = -884.1055891657355
Optimization restart 15/20, f = -1001.486413031796
Optimization restart 16/20, f = -1002.5580065241794
Optimization restart 17/20, f = -989.6988253378058
Optimization restart 18/20, f = -996.3385980127227
Optimization restart 19/20, f = -1000.5617594089539
Optimization restart 20/20, f = -1002.6445812318591
pypal at iteration 111.         23 Pareto optimal points,         2259 discarded points,         843 unclassified points.
Hypervolume 1468.4245631579981
pypal at iteration 112.         23 Pareto optimal points,         2260 discarded points,         842 unclassified points.
Hypervolume 1468.4245631579981
pypal at iteration 113.         23 Pareto optimal points,         2261 discarded points,         841 unclassified points.
Hypervolume 1468.4245631579981
pypal at iteration 114.         23 Pareto optimal points,         2262 discarded points,         840 unclassified points.
Hypervolume 1468.4245631579981
pypal at iteration 115.         23 Pareto optimal points,         2263 discarded points,         839 unclassified points.
Hypervolume 1468.4245631579981
pypal at iteration 116.         24 Pareto optimal points,         2266 discarded points,         835 unclassified points.
Hypervolume 1472.3026060589
pypal at iteration 117.         24 Pareto optimal points,         2334 discarded points,         767 unclassified points.
Hypervolume 1472.3026060589
pypal at iteration 118.         24 Pareto optimal points,         2335 discarded points,         766 unclassified points.
Hypervolume 1472.3026060589
pypal at iteration 119.         24 Pareto optimal points,         2335 discarded points,         766 unclassified points.
Hypervolume 1472.3026060589
pypal at iteration 120.         24 Pareto optimal points,         2335 discarded points,         766 unclassified points.
Hypervolume 1472.3026060589
Optimization restart 1/20, f = -1056.1496624217955
Optimization restart 2/20, f = -1055.624941017642
Optimization restart 3/20, f = -1054.8959110483192
Optimization restart 4/20, f = -1050.710700248358
Optimization restart 5/20, f = -1049.6544623890888
Optimization restart 6/20, f = -1039.259465692407
Optimization restart 7/20, f = -1052.569217555304
Optimization restart 8/20, f = -1048.87047450811
Optimization restart 9/20, f = -1047.5715308211688
Optimization restart 10/20, f = -1042.8287493670637
Optimization restart 11/20, f = -1054.738597602851
Optimization restart 12/20, f = -1052.535584258705
Optimization restart 13/20, f = -1051.4631304573638
Optimization restart 14/20, f = -1053.9913434855885
Optimization restart 15/20, f = -1054.6413264837715
Optimization restart 16/20, f = -1055.1003234390807
Optimization restart 17/20, f = -1042.7622076923212
Optimization restart 18/20, f = -1054.523666422069
Optimization restart 19/20, f = -1043.4894607133076
Optimization restart 20/20, f = -1053.9663548307678
pypal at iteration 121.         24 Pareto optimal points,         2336 discarded points,         765 unclassified points.
Hypervolume 1472.3026060589
pypal at iteration 122.         24 Pareto optimal points,         2337 discarded points,         764 unclassified points.
Hypervolume 1472.3026060589
pypal at iteration 123.         24 Pareto optimal points,         2392 discarded points,         709 unclassified points.
Hypervolume 1472.3026060589
pypal at iteration 124.         24 Pareto optimal points,         2393 discarded points,         708 unclassified points.
Hypervolume 1472.3026060589
pypal at iteration 125.         24 Pareto optimal points,         2393 discarded points,         708 unclassified points.
Hypervolume 1472.3026060589
pypal at iteration 126.         24 Pareto optimal points,         2394 discarded points,         707 unclassified points.
Hypervolume 1472.3026060589
pypal at iteration 127.         24 Pareto optimal points,         2395 discarded points,         706 unclassified points.
Hypervolume 1472.3026060589
pypal at iteration 128.         24 Pareto optimal points,         2396 discarded points,         705 unclassified points.
Hypervolume 1472.3026060589
pypal at iteration 129.         24 Pareto optimal points,         2397 discarded points,         704 unclassified points.
Hypervolume 1472.3026060589
pypal at iteration 130.         24 Pareto optimal points,         2398 discarded points,         703 unclassified points.
Hypervolume 1472.3026060589
Optimization restart 1/20, f = -1109.4781231496631
Optimization restart 2/20, f = -1107.3395954241782
Optimization restart 3/20, f = -1107.5262388276387
Optimization restart 4/20, f = -1105.563837529835
Optimization restart 5/20, f = -1101.462838279877
Optimization restart 6/20, f = -1104.1943725669971
Optimization restart 7/20, f = -1106.228546292578
Optimization restart 8/20, f = -1098.531867468529
Optimization restart 9/20, f = -1106.7775887403072
Optimization restart 10/20, f = -1103.1444282694874
Optimization restart 11/20, f = -1089.7795966109143
Optimization restart 12/20, f = -1099.59095106383
Optimization restart 13/20, f = -1106.6842253155608
Optimization restart 14/20, f = -1106.8158967677537
Optimization restart 15/20, f = -1083.3871476472857
Optimization restart 16/20, f = -1103.0847531467728
Optimization restart 17/20, f = -1103.1803346930192
Optimization restart 18/20, f = -1108.4054430223027
Optimization restart 19/20, f = -1107.0951796551308
Optimization restart 20/20, f = -1102.9075529775182
pypal at iteration 131.         24 Pareto optimal points,         2575 discarded points,         526 unclassified points.
Hypervolume 1472.3026060589
pypal at iteration 132.         24 Pareto optimal points,         2576 discarded points,         525 unclassified points.
Hypervolume 1472.3026060589
pypal at iteration 133.         24 Pareto optimal points,         2577 discarded points,         524 unclassified points.
Hypervolume 1472.3026060589
pypal at iteration 134.         24 Pareto optimal points,         2578 discarded points,         523 unclassified points.
Hypervolume 1472.3026060589
pypal at iteration 135.         24 Pareto optimal points,         2579 discarded points,         522 unclassified points.
Hypervolume 1472.3026060589
pypal at iteration 136.         24 Pareto optimal points,         2580 discarded points,         521 unclassified points.
Hypervolume 1472.3026060589
pypal at iteration 137.         24 Pareto optimal points,         2581 discarded points,         520 unclassified points.
Hypervolume 1472.3026060589
pypal at iteration 138.         24 Pareto optimal points,         2582 discarded points,         519 unclassified points.
Hypervolume 1472.3026060589
pypal at iteration 139.         24 Pareto optimal points,         2583 discarded points,         518 unclassified points.
Hypervolume 1472.3026060589
pypal at iteration 140.         24 Pareto optimal points,         2584 discarded points,         517 unclassified points.
Hypervolume 1472.3026060589
Optimization restart 1/20, f = -1175.602591048848
Optimization restart 2/20, f = -1172.6459868433421
Optimization restart 3/20, f = -1167.9839142815513
Optimization restart 4/20, f = -1170.8184737775919
Optimization restart 5/20, f = -1172.3770156859741
Optimization restart 6/20, f = -1173.7917102807064
Optimization restart 7/20, f = -1158.8665238892575
Optimization restart 8/20, f = -1165.3086534300132
Optimization restart 9/20, f = -1162.5070216790168
Optimization restart 10/20, f = -1165.6564756571115
Optimization restart 11/20, f = -1151.6968030040434
Optimization restart 12/20, f = -963.891782842953
Optimization restart 13/20, f = -1158.4799936120062
Optimization restart 14/20, f = -1168.9891507859095
Optimization restart 15/20, f = -1163.6147767576228
Optimization restart 16/20, f = -1172.701293608704
Optimization restart 17/20, f = -1167.0010454741375
Optimization restart 18/20, f = -1166.7521649165124
Optimization restart 19/20, f = -1173.7376721217693
Optimization restart 20/20, f = -1172.9505657468646
pypal at iteration 141.         24 Pareto optimal points,         2585 discarded points,         516 unclassified points.
Hypervolume 1472.3026060589
pypal at iteration 142.         24 Pareto optimal points,         2586 discarded points,         515 unclassified points.
Hypervolume 1472.3026060589
pypal at iteration 143.         24 Pareto optimal points,         2587 discarded points,         514 unclassified points.
Hypervolume 1472.3026060589
pypal at iteration 144.         24 Pareto optimal points,         2588 discarded points,         513 unclassified points.
Hypervolume 1472.3026060589
pypal at iteration 145.         24 Pareto optimal points,         2589 discarded points,         512 unclassified points.
Hypervolume 1472.3026060589
pypal at iteration 146.         24 Pareto optimal points,         2591 discarded points,         510 unclassified points.
Hypervolume 1472.3026060589
pypal at iteration 147.         24 Pareto optimal points,         2592 discarded points,         509 unclassified points.
Hypervolume 1472.3026060589
pypal at iteration 148.         24 Pareto optimal points,         2593 discarded points,         508 unclassified points.
Hypervolume 1472.3026060589
pypal at iteration 149.         24 Pareto optimal points,         2594 discarded points,         507 unclassified points.
Hypervolume 1472.3026060589
pypal at iteration 150.         24 Pareto optimal points,         2595 discarded points,         506 unclassified points.
Hypervolume 1472.3026060589
Optimization restart 1/20, f = -1233.7438422021933
Optimization restart 2/20, f = -1101.0775300692685
Optimization restart 3/20, f = -1231.553296708368
Optimization restart 4/20, f = -1223.8225867634387
Optimization restart 5/20, f = -1220.1903262151754
Optimization restart 6/20, f = -1232.4646497939711
Optimization restart 7/20, f = -1230.5004992112276
Optimization restart 8/20, f = -1215.9007822913736
Optimization restart 9/20, f = -1215.3219421129743
Optimization restart 10/20, f = -1231.0571114271106
Optimization restart 11/20, f = -1230.255741781286
Optimization restart 12/20, f = -1181.0084030521052
Optimization restart 13/20, f = -1215.6182353092624
Optimization restart 14/20, f = -1230.630257877353
Optimization restart 15/20, f = -1230.0453268195788
Optimization restart 16/20, f = -1228.8503978368042
Optimization restart 17/20, f = -1222.7734370734624
Optimization restart 18/20, f = -1224.427175224129
Optimization restart 19/20, f = -1219.2843177833192
Optimization restart 20/20, f = -1220.410419120622
pypal at iteration 151.         24 Pareto optimal points,         2596 discarded points,         505 unclassified points.
Hypervolume 1472.3026060589
pypal at iteration 152.         24 Pareto optimal points,         2597 discarded points,         504 unclassified points.
Hypervolume 1472.3026060589
pypal at iteration 153.         24 Pareto optimal points,         2598 discarded points,         503 unclassified points.
Hypervolume 1472.3026060589
pypal at iteration 154.         24 Pareto optimal points,         2599 discarded points,         502 unclassified points.
Hypervolume 1472.3026060589
pypal at iteration 155.         25 Pareto optimal points,         2601 discarded points,         499 unclassified points.
Hypervolume 1472.3524252426378
pypal at iteration 156.         25 Pareto optimal points,         2602 discarded points,         498 unclassified points.
Hypervolume 1472.3524252426378
pypal at iteration 157.         25 Pareto optimal points,         2603 discarded points,         497 unclassified points.
Hypervolume 1472.3524252426378
pypal at iteration 158.         25 Pareto optimal points,         2604 discarded points,         496 unclassified points.
Hypervolume 1472.3524252426378
pypal at iteration 159.         25 Pareto optimal points,         2605 discarded points,         495 unclassified points.
Hypervolume 1472.3524252426378
pypal at iteration 160.         25 Pareto optimal points,         2606 discarded points,         494 unclassified points.
Hypervolume 1472.3524252426378
Optimization restart 1/20, f = -1294.207492092386
Optimization restart 2/20, f = -1288.6492747085229
Optimization restart 3/20, f = -1292.6478323627139
Optimization restart 4/20, f = -1284.8371646318785
Optimization restart 5/20, f = -1254.2078461910135
Optimization restart 6/20, f = -1287.4743737126432
Optimization restart 7/20, f = -1291.038466462363
Optimization restart 8/20, f = -1286.3368247121812
Optimization restart 9/20, f = -1280.3159199388792
Optimization restart 10/20, f = -1294.70393430672
Optimization restart 11/20, f = -1278.6245758359714
Optimization restart 12/20, f = -1276.5316817259886
Optimization restart 13/20, f = -1285.5251306317427
Optimization restart 14/20, f = -1277.3670978432685
Optimization restart 15/20, f = -1285.268585890019
Optimization restart 16/20, f = -1289.9633584678668
Optimization restart 17/20, f = -1286.5647096266184
Optimization restart 18/20, f = -1275.0978582889347
Optimization restart 19/20, f = -1255.522263238462
Optimization restart 20/20, f = -1284.971510881438
pypal at iteration 161.         25 Pareto optimal points,         2607 discarded points,         493 unclassified points.
Hypervolume 1472.3524252426378
pypal at iteration 162.         25 Pareto optimal points,         2608 discarded points,         492 unclassified points.
Hypervolume 1472.3524252426378
pypal at iteration 163.         25 Pareto optimal points,         2609 discarded points,         491 unclassified points.
Hypervolume 1472.3524252426378
pypal at iteration 164.         25 Pareto optimal points,         2610 discarded points,         490 unclassified points.
Hypervolume 1472.3524252426378
pypal at iteration 165.         26 Pareto optimal points,         2634 discarded points,         465 unclassified points.
Hypervolume 1475.9314066880706
pypal at iteration 166.         26 Pareto optimal points,         2635 discarded points,         464 unclassified points.
Hypervolume 1475.9314066880706
pypal at iteration 167.         26 Pareto optimal points,         2636 discarded points,         463 unclassified points.
Hypervolume 1475.9314066880706
pypal at iteration 168.         26 Pareto optimal points,         2637 discarded points,         462 unclassified points.
Hypervolume 1475.9314066880706
pypal at iteration 169.         26 Pareto optimal points,         2638 discarded points,         461 unclassified points.
Hypervolume 1475.9314066880706
pypal at iteration 170.         26 Pareto optimal points,         2639 discarded points,         460 unclassified points.
Hypervolume 1475.9314066880706
Optimization restart 1/20, f = -1350.4338122860695
Optimization restart 2/20, f = -1347.7238401671884
Optimization restart 3/20, f = -1344.019320516299
Optimization restart 4/20, f = -1275.9787961310685
Optimization restart 5/20, f = -1340.0669668901255
Optimization restart 6/20, f = -1337.044208490915
Optimization restart 7/20, f = -1342.9709163450186
Optimization restart 8/20, f = -1337.0143066954042
Optimization restart 9/20, f = -1329.4843297179762
Optimization restart 10/20, f = -1335.6869970143555
Optimization restart 11/20, f = -1342.898041292689
Optimization restart 12/20, f = -1334.0199273586982
Optimization restart 13/20, f = -1345.0273150879898
Optimization restart 14/20, f = -1339.2098461429903
Optimization restart 15/20, f = -1338.0568869790075
Optimization restart 16/20, f = -1337.197502070006
Optimization restart 17/20, f = -1342.9123064114717
Optimization restart 18/20, f = -1346.9667228310389
Optimization restart 19/20, f = -1335.7311424811585
Optimization restart 20/20, f = -1329.5298205923848
pypal at iteration 171.         26 Pareto optimal points,         2640 discarded points,         459 unclassified points.
Hypervolume 1475.9314066880706
pypal at iteration 172.         26 Pareto optimal points,         2641 discarded points,         458 unclassified points.
Hypervolume 1475.9314066880706
pypal at iteration 173.         26 Pareto optimal points,         2642 discarded points,         457 unclassified points.
Hypervolume 1475.9314066880706
pypal at iteration 174.         26 Pareto optimal points,         2643 discarded points,         456 unclassified points.
Hypervolume 1475.9314066880706
pypal at iteration 175.         26 Pareto optimal points,         2644 discarded points,         455 unclassified points.
Hypervolume 1475.9314066880706
pypal at iteration 176.         26 Pareto optimal points,         2645 discarded points,         454 unclassified points.
Hypervolume 1475.9314066880706
pypal at iteration 177.         26 Pareto optimal points,         2646 discarded points,         453 unclassified points.
Hypervolume 1475.9314066880706
pypal at iteration 178.         26 Pareto optimal points,         2647 discarded points,         452 unclassified points.
Hypervolume 1475.9314066880706
pypal at iteration 179.         26 Pareto optimal points,         2648 discarded points,         451 unclassified points.
Hypervolume 1475.9314066880706
pypal at iteration 180.         26 Pareto optimal points,         2649 discarded points,         450 unclassified points.
Hypervolume 1475.9314066880706
Optimization restart 1/20, f = -1402.446280542143
Optimization restart 2/20, f = -1396.004367501787
Optimization restart 3/20, f = -1386.7718498936974
Optimization restart 4/20, f = -1399.558002802415
Optimization restart 5/20, f = -1394.940371281848
Optimization restart 6/20, f = -1380.7554688755854
Optimization restart 7/20, f = -1389.6232826399755
Optimization restart 8/20, f = -1387.23765984591
Optimization restart 9/20, f = -1398.1948884679205
Optimization restart 10/20, f = -1364.1831132417128
Optimization restart 11/20, f = -1399.0789492237454
Optimization restart 12/20, f = -1383.6714350372667
Optimization restart 13/20, f = -1263.51600987387
Optimization restart 14/20, f = -1385.2497801154575
Optimization restart 15/20, f = -1394.3164899236986
Optimization restart 16/20, f = -1391.4076181249352
Optimization restart 17/20, f = -1393.9957563274725
Optimization restart 18/20, f = -1393.4986619367796
Optimization restart 19/20, f = -1396.762991750521
Optimization restart 20/20, f = -1380.8089290682371
pypal at iteration 181.         26 Pareto optimal points,         2650 discarded points,         449 unclassified points.
Hypervolume 1475.9314066880706
pypal at iteration 182.         26 Pareto optimal points,         2651 discarded points,         448 unclassified points.
Hypervolume 1475.9314066880706
pypal at iteration 183.         27 Pareto optimal points,         2833 discarded points,         265 unclassified points.
Hypervolume 1483.8731008574239
pypal at iteration 184.         27 Pareto optimal points,         2834 discarded points,         264 unclassified points.
Hypervolume 1483.8731008574239
pypal at iteration 185.         27 Pareto optimal points,         2835 discarded points,         263 unclassified points.
Hypervolume 1483.8731008574239
pypal at iteration 186.         27 Pareto optimal points,         2836 discarded points,         262 unclassified points.
Hypervolume 1483.8731008574239
pypal at iteration 187.         27 Pareto optimal points,         2837 discarded points,         261 unclassified points.
Hypervolume 1483.8731008574239
pypal at iteration 188.         27 Pareto optimal points,         2838 discarded points,         260 unclassified points.
Hypervolume 1483.8731008574239
pypal at iteration 189.         27 Pareto optimal points,         2839 discarded points,         259 unclassified points.
Hypervolume 1483.8731008574239
pypal at iteration 190.         28 Pareto optimal points,         2929 discarded points,         168 unclassified points.
Hypervolume 1485.3586682432817
Optimization restart 1/20, f = -1453.2394782502765
Optimization restart 2/20, f = -1441.94452005294
Optimization restart 3/20, f = -1448.0179966686005
Optimization restart 4/20, f = -1446.2755250555717
Optimization restart 5/20, f = -1430.2424291419316
Optimization restart 6/20, f = -1430.65400035203
Optimization restart 7/20, f = -1446.8022138099518
Optimization restart 8/20, f = -1448.1940267982952
Optimization restart 9/20, f = -1391.8142905316072
Optimization restart 10/20, f = -1430.8054306207027
Optimization restart 11/20, f = -1378.5974904398956
Optimization restart 12/20, f = -1440.7900191171307
Optimization restart 13/20, f = -1430.6845037045714
Optimization restart 14/20, f = -1405.7064701874656
Optimization restart 15/20, f = -1443.2971073013907
Optimization restart 16/20, f = -1446.5341594013807
Optimization restart 17/20, f = -1449.2980790274914
Optimization restart 18/20, f = -1440.7587909359038
Optimization restart 19/20, f = -1441.59394618537
Optimization restart 20/20, f = -1450.0948193193692
pypal at iteration 191.         29 Pareto optimal points,         2942 discarded points,         154 unclassified points.
Hypervolume 1487.762240334976
pypal at iteration 192.         29 Pareto optimal points,         2944 discarded points,         152 unclassified points.
Hypervolume 1487.762240334976
pypal at iteration 193.         29 Pareto optimal points,         2945 discarded points,         151 unclassified points.
Hypervolume 1487.762240334976
pypal at iteration 194.         29 Pareto optimal points,         2946 discarded points,         150 unclassified points.
Hypervolume 1487.762240334976
pypal at iteration 195.         29 Pareto optimal points,         2947 discarded points,         149 unclassified points.
Hypervolume 1487.762240334976
pypal at iteration 196.         29 Pareto optimal points,         2948 discarded points,         148 unclassified points.
Hypervolume 1487.762240334976
pypal at iteration 197.         29 Pareto optimal points,         2949 discarded points,         147 unclassified points.
Hypervolume 1487.762240334976
pypal at iteration 198.         30 Pareto optimal points,         2952 discarded points,         143 unclassified points.
Hypervolume 1490.0069957313194
pypal at iteration 199.         30 Pareto optimal points,         2953 discarded points,         142 unclassified points.
Hypervolume 1490.0069957313194
pypal at iteration 200.         30 Pareto optimal points,         2954 discarded points,         141 unclassified points.
Hypervolume 1490.0069957313194
Optimization restart 1/20, f = -1514.772636959165
Optimization restart 2/20, f = -1508.7225239573613
Optimization restart 3/20, f = -1508.0791189568818
Optimization restart 4/20, f = -1495.1260339769678
Optimization restart 5/20, f = -1502.68272346409
Optimization restart 6/20, f = -1502.9115281299762
Optimization restart 7/20, f = -1509.858893099493
Optimization restart 8/20, f = -1509.9485942685394
Optimization restart 9/20, f = -1332.2490441635514
Optimization restart 10/20, f = -931.9500001891649
Optimization restart 11/20, f = -1503.4591243023829
Optimization restart 12/20, f = -1490.8928043639576
Optimization restart 13/20, f = -1506.6059840076286
Optimization restart 14/20, f = -1235.8280553310526
Optimization restart 15/20, f = -1449.0053041322665
Optimization restart 16/20, f = -1509.4154266539974
Optimization restart 17/20, f = -1492.1183336289541
Optimization restart 18/20, f = -1510.415473487939
Optimization restart 19/20, f = -1501.7913073844647
Optimization restart 20/20, f = -1453.7678962328232
pypal at iteration 201.         30 Pareto optimal points,         2955 discarded points,         140 unclassified points.
Hypervolume 1490.0069957313194
pypal at iteration 202.         30 Pareto optimal points,         2956 discarded points,         139 unclassified points.
Hypervolume 1490.0069957313194
pypal at iteration 203.         30 Pareto optimal points,         2957 discarded points,         138 unclassified points.
Hypervolume 1490.0069957313194
pypal at iteration 204.         30 Pareto optimal points,         2958 discarded points,         137 unclassified points.
Hypervolume 1490.0069957313194
pypal at iteration 205.         30 Pareto optimal points,         2959 discarded points,         136 unclassified points.
Hypervolume 1490.0069957313194
pypal at iteration 206.         30 Pareto optimal points,         2960 discarded points,         135 unclassified points.
Hypervolume 1490.0069957313194
pypal at iteration 207.         30 Pareto optimal points,         2961 discarded points,         134 unclassified points.
Hypervolume 1490.0069957313194
pypal at iteration 208.         30 Pareto optimal points,         2962 discarded points,         133 unclassified points.
Hypervolume 1490.0069957313194
pypal at iteration 209.         30 Pareto optimal points,         2963 discarded points,         132 unclassified points.
Hypervolume 1490.0069957313194
pypal at iteration 210.         30 Pareto optimal points,         2964 discarded points,         131 unclassified points.
Hypervolume 1490.0069957313194
Optimization restart 1/20, f = -1569.692148096601
Optimization restart 2/20, f = -1555.9198436874403
Optimization restart 3/20, f = -1527.0360106984945
Optimization restart 4/20, f = -1489.6890894985575
Optimization restart 5/20, f = -1564.558347101682
Optimization restart 6/20, f = -1560.2759669822283
Optimization restart 7/20, f = -1559.270006165623
Optimization restart 8/20, f = -1555.8255921589532
Optimization restart 9/20, f = -1560.7359718486096
Optimization restart 10/20, f = -1561.9915285668862
Optimization restart 11/20, f = -1558.4949672367006
Optimization restart 12/20, f = -1560.8279513373448
Optimization restart 13/20, f = -1311.275672707105
Optimization restart 14/20, f = -1564.3651205916613
Optimization restart 15/20, f = -1556.4423670808721
Optimization restart 16/20, f = -1564.1528016373327
Optimization restart 17/20, f = -1540.885039743705
Optimization restart 18/20, f = -1547.4369869670252
Optimization restart 19/20, f = -1555.8813681896913
Optimization restart 20/20, f = -1554.6475533508908
pypal at iteration 211.         30 Pareto optimal points,         2965 discarded points,         130 unclassified points.
Hypervolume 1490.0069957313194
pypal at iteration 212.         30 Pareto optimal points,         2966 discarded points,         129 unclassified points.
Hypervolume 1490.0069957313194
pypal at iteration 213.         30 Pareto optimal points,         2967 discarded points,         128 unclassified points.
Hypervolume 1490.0069957313194
pypal at iteration 214.         31 Pareto optimal points,         2968 discarded points,         126 unclassified points.
Hypervolume 1493.9498390503254
pypal at iteration 215.         31 Pareto optimal points,         2969 discarded points,         125 unclassified points.
Hypervolume 1493.9498390503254
pypal at iteration 216.         31 Pareto optimal points,         2970 discarded points,         124 unclassified points.
Hypervolume 1493.9498390503254
pypal at iteration 217.         31 Pareto optimal points,         2971 discarded points,         123 unclassified points.
Hypervolume 1493.9498390503254
pypal at iteration 218.         31 Pareto optimal points,         2972 discarded points,         122 unclassified points.
Hypervolume 1493.9498390503254
pypal at iteration 219.         31 Pareto optimal points,         2973 discarded points,         121 unclassified points.
Hypervolume 1493.9498390503254
pypal at iteration 220.         31 Pareto optimal points,         2974 discarded points,         120 unclassified points.
Hypervolume 1493.9498390503254
Optimization restart 1/20, f = -1623.3388040993073
Optimization restart 2/20, f = -1613.297248090447
Optimization restart 3/20, f = -1602.5072678858953
Optimization restart 4/20, f = -1458.4029525222616
Optimization restart 5/20, f = -1619.140276361661
Optimization restart 6/20, f = -1607.9335465324211
Optimization restart 7/20, f = -1617.3298320785607
Optimization restart 8/20, f = -1618.9123436968566
Optimization restart 9/20, f = -1616.7163516288788
Optimization restart 10/20, f = -1599.05443313976
Optimization restart 11/20, f = -1611.8870208114372
Optimization restart 12/20, f = -1617.4504701188296
Optimization restart 13/20, f = -1613.4818195092025
Optimization restart 14/20, f = -1618.1548384772423
Optimization restart 15/20, f = -1610.93729952965
Optimization restart 16/20, f = -1378.7195535685992
Optimization restart 17/20, f = -1617.1282295130336
Optimization restart 18/20, f = -1616.9738298772854
Optimization restart 19/20, f = -1606.8069086398564
Optimization restart 20/20, f = -1610.7767975115687
pypal at iteration 221.         31 Pareto optimal points,         2977 discarded points,         117 unclassified points.
Hypervolume 1493.9498390503254
pypal at iteration 222.         31 Pareto optimal points,         2978 discarded points,         116 unclassified points.
Hypervolume 1493.9498390503254
pypal at iteration 223.         31 Pareto optimal points,         2979 discarded points,         115 unclassified points.
Hypervolume 1493.9498390503254
pypal at iteration 224.         31 Pareto optimal points,         2981 discarded points,         113 unclassified points.
Hypervolume 1493.9498390503254
pypal at iteration 225.         31 Pareto optimal points,         2982 discarded points,         112 unclassified points.
Hypervolume 1493.9498390503254
pypal at iteration 226.         31 Pareto optimal points,         2983 discarded points,         111 unclassified points.
Hypervolume 1493.9498390503254
pypal at iteration 227.         31 Pareto optimal points,         2984 discarded points,         110 unclassified points.
Hypervolume 1493.9498390503254
pypal at iteration 228.         31 Pareto optimal points,         2985 discarded points,         109 unclassified points.
Hypervolume 1493.9498390503254
pypal at iteration 229.         31 Pareto optimal points,         2986 discarded points,         108 unclassified points.
Hypervolume 1493.9498390503254
pypal at iteration 230.         31 Pareto optimal points,         2987 discarded points,         107 unclassified points.
Hypervolume 1493.9498390503254
Optimization restart 1/20, f = -1674.7161517926888
Optimization restart 2/20, f = -1653.3148895542358
Optimization restart 3/20, f = -1650.6950135079383
Optimization restart 4/20, f = -1666.3341472197485
Optimization restart 5/20, f = -1621.8205606480628
Optimization restart 6/20, f = -1668.755727845821
Optimization restart 7/20, f = -1654.7653906447892
Optimization restart 8/20, f = -1665.0413125909756
Optimization restart 9/20, f = -1658.7132293183488
Optimization restart 10/20, f = -1667.6353545477232
Optimization restart 11/20, f = -1666.2677230065233
Optimization restart 12/20, f = -1656.7890404672655
Optimization restart 13/20, f = -1664.8130666654577
Optimization restart 14/20, f = -1651.2870605991052
Optimization restart 15/20, f = -1655.781295486111
Optimization restart 16/20, f = -1664.0812129813596
Optimization restart 17/20, f = -1632.6896195556417
Optimization restart 18/20, f = -1662.434373649473
Optimization restart 19/20, f = -1671.2602593035854
Optimization restart 20/20, f = -1661.0873175851566
pypal at iteration 231.         31 Pareto optimal points,         2988 discarded points,         106 unclassified points.
Hypervolume 1493.9498390503254
pypal at iteration 232.         31 Pareto optimal points,         2989 discarded points,         105 unclassified points.
Hypervolume 1493.9498390503254
pypal at iteration 233.         31 Pareto optimal points,         2990 discarded points,         104 unclassified points.
Hypervolume 1493.9498390503254
pypal at iteration 234.         31 Pareto optimal points,         2991 discarded points,         103 unclassified points.
Hypervolume 1493.9498390503254
pypal at iteration 235.         31 Pareto optimal points,         2993 discarded points,         101 unclassified points.
Hypervolume 1493.9498390503254
pypal at iteration 236.         31 Pareto optimal points,         2994 discarded points,         100 unclassified points.
Hypervolume 1493.9498390503254
pypal at iteration 237.         31 Pareto optimal points,         2995 discarded points,         99 unclassified points.
Hypervolume 1493.9498390503254
pypal at iteration 238.         31 Pareto optimal points,         2996 discarded points,         98 unclassified points.
Hypervolume 1493.9498390503254
pypal at iteration 239.         31 Pareto optimal points,         2997 discarded points,         97 unclassified points.
Hypervolume 1493.9498390503254
pypal at iteration 240.         31 Pareto optimal points,         2998 discarded points,         96 unclassified points.
Hypervolume 1493.9498390503254
Optimization restart 1/20, f = -1726.2131322945474
Optimization restart 2/20, f = -1720.5638629319915
Optimization restart 3/20, f = -1712.3254566013823
Optimization restart 4/20, f = -1716.5248080745432
Optimization restart 5/20, f = -1719.822561311605
Optimization restart 6/20, f = -1720.4945889287133
Optimization restart 7/20, f = -1715.231809046159
Optimization restart 8/20, f = -1722.7109315449816
Optimization restart 9/20, f = -1690.3649193062645
Optimization restart 10/20, f = -1719.8898516778227
Optimization restart 11/20, f = -1710.9009167321612
Optimization restart 12/20, f = -1706.5548474676816
Optimization restart 13/20, f = -1720.377702360486
Optimization restart 14/20, f = -1716.0630588076995
Optimization restart 15/20, f = -1714.0705390096227
Optimization restart 16/20, f = -1718.7457519838254
Optimization restart 17/20, f = -1719.9283356720837
Optimization restart 18/20, f = -1717.3122348684788
Optimization restart 19/20, f = -1708.7564096910417
Optimization restart 20/20, f = -1706.2366713547538
pypal at iteration 241.         31 Pareto optimal points,         2999 discarded points,         95 unclassified points.
Hypervolume 1493.9498390503254
pypal at iteration 242.         31 Pareto optimal points,         3000 discarded points,         94 unclassified points.
Hypervolume 1493.9498390503254
pypal at iteration 243.         31 Pareto optimal points,         3001 discarded points,         93 unclassified points.
Hypervolume 1493.9498390503254
pypal at iteration 244.         31 Pareto optimal points,         3002 discarded points,         92 unclassified points.
Hypervolume 1493.9498390503254
pypal at iteration 245.         31 Pareto optimal points,         3003 discarded points,         91 unclassified points.
Hypervolume 1493.9498390503254
pypal at iteration 246.         31 Pareto optimal points,         3004 discarded points,         90 unclassified points.
Hypervolume 1493.9498390503254
pypal at iteration 247.         31 Pareto optimal points,         3005 discarded points,         89 unclassified points.
Hypervolume 1493.9498390503254
pypal at iteration 248.         31 Pareto optimal points,         3006 discarded points,         88 unclassified points.
Hypervolume 1493.9498390503254
pypal at iteration 249.         31 Pareto optimal points,         3007 discarded points,         87 unclassified points.
Hypervolume 1493.9498390503254
pypal at iteration 250.         31 Pareto optimal points,         3008 discarded points,         86 unclassified points.
Hypervolume 1493.9498390503254
Optimization restart 1/20, f = -1770.6854333785568
Optimization restart 2/20, f = -1762.8639807830054
Optimization restart 3/20, f = -1765.028866310599
Optimization restart 4/20, f = -1761.4967907987332
Optimization restart 5/20, f = -1582.6242707891024
Optimization restart 6/20, f = -1765.982928441354
Optimization restart 7/20, f = -1714.8750473703685
Optimization restart 8/20, f = -1764.1303303396214
Optimization restart 9/20, f = -1762.2785795036361
Optimization restart 10/20, f = -1767.1813586005783
Optimization restart 11/20, f = -1608.476042424613
Optimization restart 12/20, f = -1756.4655350861697
Optimization restart 13/20, f = -1758.4080449133148
Optimization restart 14/20, f = -1752.6824471833122
Optimization restart 15/20, f = -1765.0745045438744
Optimization restart 16/20, f = -1754.3053131796705
Optimization restart 17/20, f = -1755.7285866567008
Optimization restart 18/20, f = -1761.0930694490637
Optimization restart 19/20, f = -1763.0832892700805
Optimization restart 20/20, f = -1760.9170270572265
pypal at iteration 251.         31 Pareto optimal points,         3009 discarded points,         85 unclassified points.
Hypervolume 1493.9498390503254
pypal at iteration 252.         31 Pareto optimal points,         3010 discarded points,         84 unclassified points.
Hypervolume 1493.9498390503254
pypal at iteration 253.         31 Pareto optimal points,         3010 discarded points,         84 unclassified points.
Hypervolume 1493.9498390503254
pypal at iteration 254.         31 Pareto optimal points,         3011 discarded points,         83 unclassified points.
Hypervolume 1493.9498390503254
pypal at iteration 255.         31 Pareto optimal points,         3012 discarded points,         82 unclassified points.
Hypervolume 1493.9498390503254
pypal at iteration 256.         31 Pareto optimal points,         3013 discarded points,         81 unclassified points.
Hypervolume 1493.9498390503254
pypal at iteration 257.         31 Pareto optimal points,         3014 discarded points,         80 unclassified points.
Hypervolume 1493.9498390503254
pypal at iteration 258.         31 Pareto optimal points,         3015 discarded points,         79 unclassified points.
Hypervolume 1493.9498390503254
pypal at iteration 259.         31 Pareto optimal points,         3016 discarded points,         78 unclassified points.
Hypervolume 1493.9498390503254
pypal at iteration 260.         31 Pareto optimal points,         3017 discarded points,         77 unclassified points.
Hypervolume 1493.9498390503254
Optimization restart 1/20, f = -1822.335917782146
Optimization restart 2/20, f = -1817.3488991199229
Optimization restart 3/20, f = -1818.2857684760108
Optimization restart 4/20, f = -1806.807625029408
Optimization restart 5/20, f = -1816.7623411925058
Optimization restart 6/20, f = -1798.722869521725
Optimization restart 7/20, f = -1812.1155103632025
Optimization restart 8/20, f = -1817.8110112151194
Optimization restart 9/20, f = -1657.6226282908162
Optimization restart 10/20, f = -1814.4659171404787
Optimization restart 11/20, f = -1815.6602983863716
Optimization restart 12/20, f = -1813.838405052038
Optimization restart 13/20, f = -1785.8717559385711
Optimization restart 14/20, f = -1816.3304858928736
Optimization restart 15/20, f = -1800.721450631874
Optimization restart 16/20, f = -1819.2089714796466
Optimization restart 17/20, f = -1817.6345688118613
Optimization restart 18/20, f = -1802.1148730697769
Optimization restart 19/20, f = -1808.2261770347964
Optimization restart 20/20, f = -1813.2354421094035
pypal at iteration 261.         31 Pareto optimal points,         3018 discarded points,         76 unclassified points.
Hypervolume 1493.9498390503254
pypal at iteration 262.         31 Pareto optimal points,         3019 discarded points,         75 unclassified points.
Hypervolume 1493.9498390503254
pypal at iteration 263.         31 Pareto optimal points,         3020 discarded points,         74 unclassified points.
Hypervolume 1493.9498390503254
pypal at iteration 264.         31 Pareto optimal points,         3021 discarded points,         73 unclassified points.
Hypervolume 1493.9498390503254
pypal at iteration 265.         31 Pareto optimal points,         3023 discarded points,         71 unclassified points.
Hypervolume 1493.9498390503254
pypal at iteration 266.         31 Pareto optimal points,         3024 discarded points,         70 unclassified points.
Hypervolume 1493.9498390503254
pypal at iteration 267.         31 Pareto optimal points,         3025 discarded points,         69 unclassified points.
Hypervolume 1493.9498390503254
pypal at iteration 268.         31 Pareto optimal points,         3026 discarded points,         68 unclassified points.
Hypervolume 1493.9498390503254
pypal at iteration 269.         31 Pareto optimal points,         3027 discarded points,         67 unclassified points.
Hypervolume 1493.9498390503254
pypal at iteration 270.         31 Pareto optimal points,         3028 discarded points,         66 unclassified points.
Hypervolume 1493.9498390503254
Optimization restart 1/20, f = -1869.934082304832
Optimization restart 2/20, f = -1865.6215557149862
Optimization restart 3/20, f = -1826.861658129988
Optimization restart 4/20, f = -1860.9935186015682
Optimization restart 5/20, f = -1856.110893525471
Optimization restart 6/20, f = -1847.5540030704638
Optimization restart 7/20, f = -1856.4473990163028
Optimization restart 8/20, f = -1862.3492683675527
Optimization restart 9/20, f = -1848.7192355762506
Optimization restart 10/20, f = -1862.9641399519492
Optimization restart 11/20, f = -1864.8762770101566
Optimization restart 12/20, f = -1863.3912886028313
Optimization restart 13/20, f = -1859.311267052947
Optimization restart 14/20, f = -1859.750999323774
Optimization restart 15/20, f = -1856.9123675733463
Optimization restart 16/20, f = -1809.4460951684302
Optimization restart 17/20, f = -1864.6168532790407
Optimization restart 18/20, f = -1806.845915243483
Optimization restart 19/20, f = -1850.6568241199143
Optimization restart 20/20, f = -1863.346659621955
pypal at iteration 271.         31 Pareto optimal points,         3029 discarded points,         65 unclassified points.
Hypervolume 1493.9498390503254
pypal at iteration 272.         31 Pareto optimal points,         3030 discarded points,         64 unclassified points.
Hypervolume 1493.9498390503254
pypal at iteration 273.         31 Pareto optimal points,         3031 discarded points,         63 unclassified points.
Hypervolume 1493.9498390503254
pypal at iteration 274.         31 Pareto optimal points,         3032 discarded points,         62 unclassified points.
Hypervolume 1493.9498390503254
pypal at iteration 275.         31 Pareto optimal points,         3034 discarded points,         60 unclassified points.
Hypervolume 1493.9498390503254
pypal at iteration 276.         31 Pareto optimal points,         3035 discarded points,         59 unclassified points.
Hypervolume 1493.9498390503254
pypal at iteration 277.         32 Pareto optimal points,         3046 discarded points,         47 unclassified points.
Hypervolume 1494.8409294494973
pypal at iteration 278.         32 Pareto optimal points,         3047 discarded points,         46 unclassified points.
Hypervolume 1494.8409294494973
pypal at iteration 279.         32 Pareto optimal points,         3048 discarded points,         45 unclassified points.
Hypervolume 1494.8409294494973
pypal at iteration 280.         32 Pareto optimal points,         3049 discarded points,         44 unclassified points.
Hypervolume 1494.8409294494973
Optimization restart 1/20, f = -1923.532017051316
Optimization restart 2/20, f = -1916.3659189780492
Optimization restart 3/20, f = -1607.692644209949
Optimization restart 4/20, f = -1852.3094797760787
Optimization restart 5/20, f = -1917.587459680113
Optimization restart 6/20, f = -1898.8981693871597
Optimization restart 7/20, f = -1909.036312980915
Optimization restart 8/20, f = -1906.6060766530927
Optimization restart 9/20, f = -1917.6671372865005
Optimization restart 10/20, f = -1916.3110002460382
Optimization restart 11/20, f = -1913.004934511841
Optimization restart 12/20, f = -1749.8628273369204
Optimization restart 13/20, f = -1914.895730326812
Optimization restart 14/20, f = -1914.9022525919281
Optimization restart 15/20, f = -1916.6020872624326
Optimization restart 16/20, f = -1917.5090819629725
Optimization restart 17/20, f = -1877.4450410194052
Optimization restart 18/20, f = -1917.0173953176225
Optimization restart 19/20, f = -634.5518037588005
Optimization restart 20/20, f = -1918.353757335728
pypal at iteration 281.         32 Pareto optimal points,         3050 discarded points,         43 unclassified points.
Hypervolume 1494.8409294494973
pypal at iteration 282.         32 Pareto optimal points,         3052 discarded points,         41 unclassified points.
Hypervolume 1494.8409294494973
pypal at iteration 283.         32 Pareto optimal points,         3053 discarded points,         40 unclassified points.
Hypervolume 1494.8409294494973
pypal at iteration 284.         32 Pareto optimal points,         3054 discarded points,         39 unclassified points.
Hypervolume 1494.8409294494973
pypal at iteration 285.         32 Pareto optimal points,         3055 discarded points,         38 unclassified points.
Hypervolume 1494.8409294494973
pypal at iteration 286.         32 Pareto optimal points,         3056 discarded points,         37 unclassified points.
Hypervolume 1494.8409294494973
pypal at iteration 287.         32 Pareto optimal points,         3057 discarded points,         36 unclassified points.
Hypervolume 1494.8409294494973
pypal at iteration 288.         32 Pareto optimal points,         3059 discarded points,         34 unclassified points.
Hypervolume 1494.8409294494973
pypal at iteration 289.         32 Pareto optimal points,         3061 discarded points,         32 unclassified points.
Hypervolume 1494.8409294494973
pypal at iteration 290.         32 Pareto optimal points,         3063 discarded points,         30 unclassified points.
Hypervolume 1494.8409294494973
Optimization restart 1/20, f = -1972.7284435969916
Optimization restart 2/20, f = -1937.645627657253
Optimization restart 3/20, f = -1965.7930631666577
Optimization restart 4/20, f = -1964.6572592220482
Optimization restart 5/20, f = -1966.1581931810447
Optimization restart 6/20, f = -1964.2300095866065
Optimization restart 7/20, f = -1964.1526363236367
Optimization restart 8/20, f = -1962.8669802939894
Optimization restart 9/20, f = -1964.1083748643814
Optimization restart 10/20, f = -1966.3539113631414
Optimization restart 11/20, f = -1639.2453044630781
Optimization restart 12/20, f = -1955.2184122352978
Optimization restart 13/20, f = -1965.2395148500063
Optimization restart 14/20, f = -1966.4427318038424
Optimization restart 15/20, f = -1957.719308209472
Optimization restart 16/20, f = -1964.0578472557336
Optimization restart 17/20, f = -1965.0582926456734
Optimization restart 18/20, f = -1959.7299538570521
Optimization restart 19/20, f = -1966.103053931381
Optimization restart 20/20, f = -1966.6258095959547
pypal at iteration 291.         32 Pareto optimal points,         3064 discarded points,         29 unclassified points.
Hypervolume 1494.8409294494973
pypal at iteration 292.         32 Pareto optimal points,         3065 discarded points,         28 unclassified points.
Hypervolume 1494.8409294494973
pypal at iteration 293.         32 Pareto optimal points,         3066 discarded points,         27 unclassified points.
Hypervolume 1494.8409294494973
pypal at iteration 294.         32 Pareto optimal points,         3067 discarded points,         26 unclassified points.
Hypervolume 1494.8409294494973
pypal at iteration 295.         33 Pareto optimal points,         3079 discarded points,         13 unclassified points.
Hypervolume 1495.1338695794673
pypal at iteration 296.         33 Pareto optimal points,         3080 discarded points,         12 unclassified points.
Hypervolume 1495.1338695794673
pypal at iteration 297.         33 Pareto optimal points,         3081 discarded points,         11 unclassified points.
Hypervolume 1495.1338695794673
pypal at iteration 298.         33 Pareto optimal points,         3082 discarded points,         10 unclassified points.
Hypervolume 1495.1338695794673
pypal at iteration 299.         33 Pareto optimal points,         3083 discarded points,         9 unclassified points.
Hypervolume 1495.1338695794673
pypal at iteration 300.         33 Pareto optimal points,         3084 discarded points,         8 unclassified points.
Hypervolume 1495.1338695794673
Optimization restart 1/20, f = -2021.9839210912887
Optimization restart 2/20, f = -2015.1711752600104
Optimization restart 3/20, f = -2013.12472044969
Optimization restart 4/20, f = -1976.3343751384034
Optimization restart 5/20, f = -2003.3772255377205
Optimization restart 6/20, f = -2015.012625872391
Optimization restart 7/20, f = -2010.2371499321198
Optimization restart 8/20, f = -2012.6023939562078
Optimization restart 9/20, f = -2016.8914298637815
Optimization restart 10/20, f = -2014.0397079721567
Optimization restart 11/20, f = -2017.1165809896809
Optimization restart 12/20, f = -2011.1396163303202
Optimization restart 13/20, f = -1855.4039340946786
Optimization restart 14/20, f = -1847.2048428013984
Optimization restart 15/20, f = -2018.691233330655
Optimization restart 16/20, f = -2012.2228819883546
Optimization restart 17/20, f = -2015.766812494699
Optimization restart 18/20, f = -2014.2438380112728
Optimization restart 19/20, f = -2010.2189876288264
Optimization restart 20/20, f = -2015.566999760769
pypal at iteration 301.         33 Pareto optimal points,         3085 discarded points,         7 unclassified points.
Hypervolume 1495.1338695794673
pypal at iteration 302.         33 Pareto optimal points,         3086 discarded points,         6 unclassified points.
Hypervolume 1495.1338695794673
pypal at iteration 303.         33 Pareto optimal points,         3087 discarded points,         5 unclassified points.
Hypervolume 1495.1338695794673
pypal at iteration 304.         33 Pareto optimal points,         3088 discarded points,         4 unclassified points.
Hypervolume 1495.1338695794673
pypal at iteration 305.         33 Pareto optimal points,         3089 discarded points,         3 unclassified points.
Hypervolume 1495.1338695794673
pypal at iteration 306.         33 Pareto optimal points,         3090 discarded points,         2 unclassified points.
Hypervolume 1495.1338695794673
pypal at iteration 307.         33 Pareto optimal points,         3091 discarded points,         1 unclassified points.
Hypervolume 1495.1338695794673
Done. No unclassified point left
pypal at iteration 307.         33 Pareto optimal points,         3092 discarded points,         0 unclassified points.
Hypervolume 1495.1338695794673
