 /home/kjablonk/anaconda3/envs/dispersant_screener/lib/python3.7/site-packages/sklearn/utils/deprecation.py:143: FutureWarning:The sklearn.preprocessing.data module is  deprecated in version 0.22 and will be removed in version 0.24. The corresponding classes / functions should instead be imported from sklearn.preprocessing. Anything that cannot be imported from sklearn.preprocessing is now part of the private API.
 /home/kjablonk/programs/pypal/pypal/pal/validate_inputs.py:146: UserWarning:No goals provided,                 will assume that every dimension should be maximized
 /home/kjablonk/anaconda3/envs/dispersant_screener/lib/python3.7/site-packages/GPy/kern/src/stationary.py:166: RuntimeWarning:overflow encountered in true_divide
 /home/kjablonk/anaconda3/envs/dispersant_screener/lib/python3.7/site-packages/GPy/kern/src/stationary.py:137: RuntimeWarning:overflow encountered in square
 /home/kjablonk/anaconda3/envs/dispersant_screener/lib/python3.7/site-packages/GPy/kern/src/stationary.py:138: RuntimeWarning:invalid value encountered in add
 /home/kjablonk/anaconda3/envs/dispersant_screener/lib/python3.7/site-packages/GPy/kern/src/stationary.py:565: RuntimeWarning:overflow encountered in multiply
 /home/kjablonk/anaconda3/envs/dispersant_screener/lib/python3.7/site-packages/GPy/kern/src/stationary.py:565: RuntimeWarning:invalid value encountered in multiply
 /home/kjablonk/anaconda3/envs/dispersant_screener/lib/python3.7/site-packages/GPy/kern/src/stationary.py:568: RuntimeWarning:overflow encountered in multiply
 /home/kjablonk/anaconda3/envs/dispersant_screener/lib/python3.7/site-packages/GPy/kern/src/stationary.py:568: RuntimeWarning:invalid value encountered in multiply
 /home/kjablonk/anaconda3/envs/dispersant_screener/lib/python3.7/site-packages/GPy/kern/src/stationary.py:568: RuntimeWarning:invalid value encountered in subtract
 /home/kjablonk/anaconda3/envs/dispersant_screener/lib/python3.7/site-packages/paramz/transformations.py:111: RuntimeWarning:overflow encountered in expm1
 /home/kjablonk/anaconda3/envs/dispersant_screener/lib/python3.7/site-packages/GPy/kern/src/stationary.py:137: RuntimeWarning:overflow encountered in square
 /home/kjablonk/anaconda3/envs/dispersant_screener/lib/python3.7/site-packages/GPy/kern/src/stationary.py:138: RuntimeWarning:invalid value encountered in add
 /home/kjablonk/anaconda3/envs/dispersant_screener/lib/python3.7/site-packages/GPy/kern/src/stationary.py:565: RuntimeWarning:invalid value encountered in multiply
 /home/kjablonk/anaconda3/envs/dispersant_screener/lib/python3.7/site-packages/GPy/kern/src/stationary.py:568: RuntimeWarning:invalid value encountered in subtract
 /home/kjablonk/anaconda3/envs/dispersant_screener/lib/python3.7/site-packages/GPy/kern/src/stationary.py:166: RuntimeWarning:overflow encountered in true_divide
 /home/kjablonk/anaconda3/envs/dispersant_screener/lib/python3.7/site-packages/GPy/kern/src/stationary.py:243: RuntimeWarning:invalid value encountered in true_divide
 /home/kjablonk/anaconda3/envs/dispersant_screener/lib/python3.7/site-packages/numpy/core/_asarray.py:136: VisibleDeprecationWarning:Creating an ndarray from ragged nested sequences (which is a list-or-tuple of lists-or-tuples-or ndarrays with different lengths or shapes) is deprecated. If you meant to do this, you must specify 'dtype=object' when creating the ndarray
Maximum hypervolume 1536.0438526567837
STARTING PAL
Optimization restart 1/20, f = -429.79677289410415
Optimization restart 2/20, f = -432.0728244711978
Optimization restart 3/20, f = -431.4547794180622
Optimization restart 4/20, f = -432.43082400957223
Optimization restart 5/20, f = -428.2827372466959
Optimization restart 6/20, f = -432.6729812322914
Optimization restart 7/20, f = -376.67736367511424
Optimization restart 8/20, f = -431.20041603984754
Optimization restart 9/20, f = -395.73600893652446
Optimization restart 10/20, f = -356.3973592805895
Optimization restart 11/20, f = -432.52338084073233
Optimization restart 12/20, f = -432.2116463264632
Optimization restart 13/20, f = -429.06699450734425
Optimization restart 14/20, f = -431.9475091226635
Optimization restart 15/20, f = -431.5051980335538
Optimization restart 16/20, f = -431.738951072951
Optimization restart 17/20, f = -430.46641732277703
Optimization restart 18/20, f = -220.12854456623757
Optimization restart 19/20, f = -432.24158489180286
Optimization restart 20/20, f = -432.3026758828827
pypal at iteration 1.         13 Pareto optimal points,         1492 discarded points,         1620 unclassified points.
Hypervolume 936.9263805920054
pypal at iteration 2.         16 Pareto optimal points,         1535 discarded points,         1574 unclassified points.
Hypervolume 1249.5986285723313
pypal at iteration 3.         34 Pareto optimal points,         1539 discarded points,         1552 unclassified points.
Hypervolume 1380.863558428332
pypal at iteration 4.         34 Pareto optimal points,         1540 discarded points,         1551 unclassified points.
Hypervolume 1380.863558428332
pypal at iteration 5.         34 Pareto optimal points,         1540 discarded points,         1551 unclassified points.
Hypervolume 1380.863558428332
pypal at iteration 6.         34 Pareto optimal points,         1540 discarded points,         1551 unclassified points.
Hypervolume 1380.863558428332
pypal at iteration 7.         122 Pareto optimal points,         1548 discarded points,         1455 unclassified points.
Hypervolume 1498.1085137299842
pypal at iteration 8.         122 Pareto optimal points,         1548 discarded points,         1455 unclassified points.
Hypervolume 1498.1085137299842
pypal at iteration 9.         122 Pareto optimal points,         1548 discarded points,         1455 unclassified points.
Hypervolume 1498.1085137299842
pypal at iteration 10.         122 Pareto optimal points,         1549 discarded points,         1454 unclassified points.
Hypervolume 1498.1085137299842
Optimization restart 1/20, f = -546.9246496185067
Optimization restart 2/20, f = -545.8274587100645
Optimization restart 3/20, f = -545.8388442325478
Optimization restart 4/20, f = -542.9622656195127
Optimization restart 5/20, f = -544.7906385960061
Optimization restart 6/20, f = -430.4833582792299
Optimization restart 7/20, f = -545.9842624734432
Optimization restart 8/20, f = -541.8336702526918
Optimization restart 9/20, f = -545.6310952027426
Optimization restart 10/20, f = -543.7992797022698
Optimization restart 11/20, f = -531.8111730810903
Optimization restart 12/20, f = -547.4657757911839
Optimization restart 13/20, f = -546.0814402137323
Optimization restart 14/20, f = -546.4620429799476
Optimization restart 15/20, f = -545.0187299119218
Optimization restart 16/20, f = -546.1820127332303
Optimization restart 17/20, f = -545.4958187102252
Optimization restart 18/20, f = -545.9045968786927
Optimization restart 19/20, f = -545.4026420234416
Optimization restart 20/20, f = -544.5398681316474
pypal at iteration 11.         143 Pareto optimal points,         1620 discarded points,         1362 unclassified points.
Hypervolume 1499.061305888102
pypal at iteration 12.         143 Pareto optimal points,         1655 discarded points,         1327 unclassified points.
Hypervolume 1499.061305888102
pypal at iteration 13.         145 Pareto optimal points,         1656 discarded points,         1324 unclassified points.
Hypervolume 1499.061305888102
pypal at iteration 14.         150 Pareto optimal points,         1658 discarded points,         1317 unclassified points.
Hypervolume 1503.2118474945362
pypal at iteration 15.         161 Pareto optimal points,         1658 discarded points,         1306 unclassified points.
Hypervolume 1503.2118474945364
pypal at iteration 16.         166 Pareto optimal points,         1666 discarded points,         1293 unclassified points.
Hypervolume 1503.211866376997
pypal at iteration 17.         178 Pareto optimal points,         1670 discarded points,         1277 unclassified points.
Hypervolume 1504.0747288053526
pypal at iteration 18.         178 Pareto optimal points,         1670 discarded points,         1277 unclassified points.
Hypervolume 1504.0747288053526
pypal at iteration 19.         178 Pareto optimal points,         1670 discarded points,         1277 unclassified points.
Hypervolume 1504.0747288053526
pypal at iteration 20.         180 Pareto optimal points,         1670 discarded points,         1275 unclassified points.
Hypervolume 1504.0747288053528
Optimization restart 1/20, f = -633.1012469502001
Optimization restart 2/20, f = -631.3728241795764
Optimization restart 3/20, f = -626.1843479290771
Optimization restart 4/20, f = -625.8836725625183
Optimization restart 5/20, f = -630.8163349699955
Optimization restart 6/20, f = -629.5148719330889
Optimization restart 7/20, f = -631.0120197870178
Optimization restart 8/20, f = -623.1404741295901
Optimization restart 9/20, f = -630.9481575411169
Optimization restart 10/20, f = -626.5003501766973
Optimization restart 11/20, f = -626.9384980976008
Optimization restart 12/20, f = -630.1578772443752
Optimization restart 13/20, f = -631.1574654044466
Optimization restart 14/20, f = -630.3896454914916
Optimization restart 15/20, f = -621.8940189441881
Optimization restart 16/20, f = -625.0470974392047
Optimization restart 17/20, f = -631.2300828427881
Optimization restart 18/20, f = -627.2760245769127
Optimization restart 19/20, f = -630.4627693116654
Optimization restart 20/20, f = -629.4515501046579
pypal at iteration 21.         191 Pareto optimal points,         1807 discarded points,         1127 unclassified points.
Hypervolume 1506.6735162701416
pypal at iteration 22.         191 Pareto optimal points,         1808 discarded points,         1126 unclassified points.
Hypervolume 1506.6735162701416
pypal at iteration 23.         195 Pareto optimal points,         1812 discarded points,         1118 unclassified points.
Hypervolume 1506.6735162701416
pypal at iteration 24.         204 Pareto optimal points,         1813 discarded points,         1108 unclassified points.
Hypervolume 1506.6735162701418
pypal at iteration 25.         204 Pareto optimal points,         1813 discarded points,         1108 unclassified points.
Hypervolume 1506.6735162701418
pypal at iteration 26.         206 Pareto optimal points,         1813 discarded points,         1106 unclassified points.
Hypervolume 1506.6735162701418
pypal at iteration 27.         212 Pareto optimal points,         1813 discarded points,         1100 unclassified points.
Hypervolume 1506.673516270142
pypal at iteration 28.         213 Pareto optimal points,         2636 discarded points,         276 unclassified points.
Hypervolume 1506.673516270142
pypal at iteration 29.         213 Pareto optimal points,         2638 discarded points,         274 unclassified points.
Hypervolume 1506.673516270142
pypal at iteration 30.         213 Pareto optimal points,         2638 discarded points,         274 unclassified points.
Hypervolume 1506.673516270142
Optimization restart 1/20, f = -703.975219606413
Optimization restart 2/20, f = -702.9822510612087
Optimization restart 3/20, f = -703.0609368841081
Optimization restart 4/20, f = -694.2066617270295
Optimization restart 5/20, f = -702.8115622506511
Optimization restart 6/20, f = -702.8051359177252
Optimization restart 7/20, f = -702.5852871000177
Optimization restart 8/20, f = -687.8319693163979
Optimization restart 9/20, f = -703.089331037278
Optimization restart 10/20, f = -701.0669375804156
Optimization restart 11/20, f = -698.183951844208
Optimization restart 12/20, f = -697.2379266754418
Optimization restart 13/20, f = -703.0078797127421
Optimization restart 14/20, f = -684.4152034439252
Optimization restart 15/20, f = -702.3843905330176
Optimization restart 16/20, f = -702.8203789482936
Optimization restart 17/20, f = -609.0284037616821
Optimization restart 18/20, f = -702.810184343632
Optimization restart 19/20, f = -678.4570797083129
Optimization restart 20/20, f = -693.4983572346118
pypal at iteration 31.         213 Pareto optimal points,         2647 discarded points,         265 unclassified points.
Hypervolume 1506.673516270142
pypal at iteration 32.         213 Pareto optimal points,         2647 discarded points,         265 unclassified points.
Hypervolume 1506.673516270142
pypal at iteration 33.         213 Pareto optimal points,         2647 discarded points,         265 unclassified points.
Hypervolume 1506.673516270142
pypal at iteration 34.         213 Pareto optimal points,         2647 discarded points,         265 unclassified points.
Hypervolume 1506.673516270142
pypal at iteration 35.         213 Pareto optimal points,         2647 discarded points,         265 unclassified points.
Hypervolume 1506.673516270142
pypal at iteration 36.         213 Pareto optimal points,         2649 discarded points,         263 unclassified points.
Hypervolume 1506.673516270142
pypal at iteration 37.         220 Pareto optimal points,         2892 discarded points,         13 unclassified points.
Hypervolume 1506.673516270142
pypal at iteration 38.         224 Pareto optimal points,         2892 discarded points,         9 unclassified points.
Hypervolume 1506.6735162701418
pypal at iteration 39.         224 Pareto optimal points,         2892 discarded points,         9 unclassified points.
Hypervolume 1506.6735162701418
pypal at iteration 40.         225 Pareto optimal points,         2892 discarded points,         8 unclassified points.
Hypervolume 1506.6735162701418
Optimization restart 1/20, f = -761.4791866563604
Optimization restart 2/20, f = -761.5608095853034
Optimization restart 3/20, f = -762.3396670200523
Optimization restart 4/20, f = -761.7711326540928
Optimization restart 5/20, f = -761.8443882795984
Optimization restart 6/20, f = -750.5061907216705
Optimization restart 7/20, f = -757.9648640400568
Optimization restart 8/20, f = -761.1237875846386
Optimization restart 9/20, f = -758.9832727184873
Optimization restart 10/20, f = -758.4302922906378
Optimization restart 11/20, f = -760.489386860362
Optimization restart 12/20, f = -754.1588674257051
Optimization restart 13/20, f = -669.8834979192535
Optimization restart 14/20, f = -761.5475455331426
Optimization restart 15/20, f = -761.0972447006725
Optimization restart 16/20, f = -749.750121584167
Optimization restart 17/20, f = -761.9928430358252
Optimization restart 18/20, f = -652.1552447034186
Optimization restart 19/20, f = -756.462026564969
Optimization restart 20/20, f = -760.881795067485
pypal at iteration 41.         226 Pareto optimal points,         2894 discarded points,         5 unclassified points.
Hypervolume 1506.6735162701418
pypal at iteration 42.         227 Pareto optimal points,         2894 discarded points,         4 unclassified points.
Hypervolume 1506.6735162701418
pypal at iteration 43.         227 Pareto optimal points,         2894 discarded points,         4 unclassified points.
Hypervolume 1506.6735162701418
pypal at iteration 44.         227 Pareto optimal points,         2894 discarded points,         4 unclassified points.
Hypervolume 1506.6735162701418
pypal at iteration 45.         227 Pareto optimal points,         2894 discarded points,         4 unclassified points.
Hypervolume 1506.6735162701418
pypal at iteration 46.         227 Pareto optimal points,         2894 discarded points,         4 unclassified points.
Hypervolume 1506.6735162701418
pypal at iteration 47.         227 Pareto optimal points,         2895 discarded points,         3 unclassified points.
Hypervolume 1506.6735162701418
pypal at iteration 48.         227 Pareto optimal points,         2895 discarded points,         3 unclassified points.
Hypervolume 1506.6735162701418
pypal at iteration 49.         227 Pareto optimal points,         2895 discarded points,         3 unclassified points.
Hypervolume 1506.6735162701418
pypal at iteration 50.         227 Pareto optimal points,         2895 discarded points,         3 unclassified points.
Hypervolume 1506.6735162701418
Optimization restart 1/20, f = -831.0741289069853
Optimization restart 2/20, f = -829.4880165199503
Optimization restart 3/20, f = -826.9020746518202
Optimization restart 4/20, f = -828.6199408950793
Optimization restart 5/20, f = -820.2830695021553
Optimization restart 6/20, f = -828.7689456764431
Optimization restart 7/20, f = -828.0274465443731
Optimization restart 8/20, f = -824.5025088173645
Optimization restart 9/20, f = -828.3649541812202
Optimization restart 10/20, f = -828.6148277659375
Optimization restart 11/20, f = -828.7062111251743
Optimization restart 12/20, f = -828.2654404617309
Optimization restart 13/20, f = -829.0799214665361
Optimization restart 14/20, f = -828.2637220986032
Optimization restart 15/20, f = -828.258512384507
Optimization restart 16/20, f = -828.7262790628429
Optimization restart 17/20, f = -822.9677466808696
Optimization restart 18/20, f = -815.9741991746399
Optimization restart 19/20, f = -828.989639085651
Optimization restart 20/20, f = -830.5717125963462
pypal at iteration 51.         227 Pareto optimal points,         2895 discarded points,         3 unclassified points.
Hypervolume 1506.6735162701418
pypal at iteration 52.         227 Pareto optimal points,         2895 discarded points,         3 unclassified points.
Hypervolume 1506.6735162701418
pypal at iteration 53.         227 Pareto optimal points,         2895 discarded points,         3 unclassified points.
Hypervolume 1506.6735162701418
pypal at iteration 54.         227 Pareto optimal points,         2895 discarded points,         3 unclassified points.
Hypervolume 1506.6735162701418
pypal at iteration 55.         227 Pareto optimal points,         2895 discarded points,         3 unclassified points.
Hypervolume 1506.6735162701418
pypal at iteration 56.         227 Pareto optimal points,         2895 discarded points,         3 unclassified points.
Hypervolume 1506.6735162701418
pypal at iteration 57.         227 Pareto optimal points,         2895 discarded points,         3 unclassified points.
Hypervolume 1506.6735162701418
pypal at iteration 58.         227 Pareto optimal points,         2895 discarded points,         3 unclassified points.
Hypervolume 1506.6735162701418
pypal at iteration 59.         227 Pareto optimal points,         2895 discarded points,         3 unclassified points.
Hypervolume 1506.6735162701418
pypal at iteration 60.         227 Pareto optimal points,         2895 discarded points,         3 unclassified points.
Hypervolume 1506.6735162701418
Optimization restart 1/20, f = -896.5671477433551
Optimization restart 2/20, f = -891.6548655154497
Optimization restart 3/20, f = -893.2028620324894
Optimization restart 4/20, f = -883.028463674452
Optimization restart 5/20, f = -893.3268656210541
Optimization restart 6/20, f = -882.1104960126081
Optimization restart 7/20, f = -887.111669978691
Optimization restart 8/20, f = -892.4956136579161
Optimization restart 9/20, f = -892.7563497339252
Optimization restart 10/20, f = -895.2715148072882
Optimization restart 11/20, f = -895.6052515510981
Optimization restart 12/20, f = -890.137399596105
Optimization restart 13/20, f = -884.5767776948337
Optimization restart 14/20, f = -891.8081084590196
Optimization restart 15/20, f = -893.1742351916591
Optimization restart 16/20, f = -888.6189840981449
Optimization restart 17/20, f = -890.6864783088153
Optimization restart 18/20, f = -856.761444940337
Optimization restart 19/20, f = -864.1848452810214
Optimization restart 20/20, f = -893.2301599776242
pypal at iteration 61.         227 Pareto optimal points,         2895 discarded points,         3 unclassified points.
Hypervolume 1506.6735162701418
pypal at iteration 62.         227 Pareto optimal points,         2895 discarded points,         3 unclassified points.
Hypervolume 1506.6735162701418
pypal at iteration 63.         227 Pareto optimal points,         2895 discarded points,         3 unclassified points.
Hypervolume 1506.6735162701418
pypal at iteration 64.         227 Pareto optimal points,         2895 discarded points,         3 unclassified points.
Hypervolume 1506.6735162701418
pypal at iteration 65.         227 Pareto optimal points,         2895 discarded points,         3 unclassified points.
Hypervolume 1506.6735162701418
pypal at iteration 66.         227 Pareto optimal points,         2895 discarded points,         3 unclassified points.
Hypervolume 1506.6735162701418
pypal at iteration 67.         227 Pareto optimal points,         2895 discarded points,         3 unclassified points.
Hypervolume 1506.6735162701418
pypal at iteration 68.         227 Pareto optimal points,         2895 discarded points,         3 unclassified points.
Hypervolume 1506.6735162701418
pypal at iteration 69.         227 Pareto optimal points,         2895 discarded points,         3 unclassified points.
Hypervolume 1506.6735162701418
pypal at iteration 70.         227 Pareto optimal points,         2895 discarded points,         3 unclassified points.
Hypervolume 1506.6735162701418
Optimization restart 1/20, f = -965.9435526372275
Optimization restart 2/20, f = -962.0466147694342
Optimization restart 3/20, f = -959.0747531425503
Optimization restart 4/20, f = -960.5104119926353
Optimization restart 5/20, f = -963.9322488142693
Optimization restart 6/20, f = -959.182928330617
Optimization restart 7/20, f = -961.9603751228394
Optimization restart 8/20, f = -952.2820300677995
Optimization restart 9/20, f = -961.3093809241682
Optimization restart 10/20, f = -961.3411724860408
Optimization restart 11/20, f = -961.822860750771
Optimization restart 12/20, f = -962.0320855494133
Optimization restart 13/20, f = -965.1505841201272
Optimization restart 14/20, f = -958.0767765370827
Optimization restart 15/20, f = -950.2021961378281
Optimization restart 16/20, f = -953.2479651474924
Optimization restart 17/20, f = -964.1527348816028
Optimization restart 18/20, f = -957.6303557038539
Optimization restart 19/20, f = -962.8231942706017
Optimization restart 20/20, f = -953.7869500533462
pypal at iteration 71.         227 Pareto optimal points,         2895 discarded points,         3 unclassified points.
Hypervolume 1506.6735162701418
pypal at iteration 72.         227 Pareto optimal points,         2895 discarded points,         3 unclassified points.
Hypervolume 1506.6735162701418
pypal at iteration 73.         227 Pareto optimal points,         2895 discarded points,         3 unclassified points.
Hypervolume 1506.6735162701418
pypal at iteration 74.         227 Pareto optimal points,         2895 discarded points,         3 unclassified points.
Hypervolume 1506.6735162701418
pypal at iteration 75.         227 Pareto optimal points,         2895 discarded points,         3 unclassified points.
Hypervolume 1506.6735162701418
pypal at iteration 76.         227 Pareto optimal points,         2895 discarded points,         3 unclassified points.
Hypervolume 1506.6735162701418
pypal at iteration 77.         227 Pareto optimal points,         2895 discarded points,         3 unclassified points.
Hypervolume 1506.6735162701418
pypal at iteration 78.         227 Pareto optimal points,         2895 discarded points,         3 unclassified points.
Hypervolume 1506.6735162701418
pypal at iteration 79.         227 Pareto optimal points,         2895 discarded points,         3 unclassified points.
Hypervolume 1506.6735162701418
pypal at iteration 80.         227 Pareto optimal points,         2895 discarded points,         3 unclassified points.
Hypervolume 1506.6735162701418
Optimization restart 1/20, f = -1032.9659684870935
Optimization restart 2/20, f = -1025.0280761632275
Optimization restart 3/20, f = -1019.8595692461505
Optimization restart 4/20, f = -1029.953494458631
Optimization restart 5/20, f = -1024.825467395909
Optimization restart 6/20, f = -1015.2332523142642
Optimization restart 7/20, f = -1031.2353419382684
Optimization restart 8/20, f = -986.8009560714783
Optimization restart 9/20, f = -1023.8989983585243
Optimization restart 10/20, f = -1026.8273469091134
Optimization restart 11/20, f = -1027.1184933742425
Optimization restart 12/20, f = -997.7108879308307
Optimization restart 13/20, f = -1022.0041245991632
Optimization restart 14/20, f = -1027.2475891109343
Optimization restart 15/20, f = -1029.2132952904776
Optimization restart 16/20, f = -1023.8392739651771
Optimization restart 17/20, f = -1029.381087127992
Optimization restart 18/20, f = -1026.1639022202703
Optimization restart 19/20, f = -1015.3131052282581
Optimization restart 20/20, f = -1030.4861472756002
pypal at iteration 81.         227 Pareto optimal points,         2895 discarded points,         3 unclassified points.
Hypervolume 1506.6735162701418
pypal at iteration 82.         227 Pareto optimal points,         2895 discarded points,         3 unclassified points.
Hypervolume 1506.6735162701418
pypal at iteration 83.         227 Pareto optimal points,         2895 discarded points,         3 unclassified points.
Hypervolume 1506.6735162701418
pypal at iteration 84.         227 Pareto optimal points,         2895 discarded points,         3 unclassified points.
Hypervolume 1506.6735162701418
pypal at iteration 85.         227 Pareto optimal points,         2895 discarded points,         3 unclassified points.
Hypervolume 1506.6735162701418
pypal at iteration 86.         227 Pareto optimal points,         2895 discarded points,         3 unclassified points.
Hypervolume 1506.6735162701418
pypal at iteration 87.         227 Pareto optimal points,         2895 discarded points,         3 unclassified points.
Hypervolume 1506.6735162701418
Done. No unclassified point left
pypal at iteration 87.         227 Pareto optimal points,         2898 discarded points,         0 unclassified points.
Hypervolume 1506.6735162701418
