 /home/kjablonk/anaconda3/envs/dispersant_screener/lib/python3.7/site-packages/sklearn/utils/deprecation.py:143: FutureWarning:The sklearn.preprocessing.data module is  deprecated in version 0.22 and will be removed in version 0.24. The corresponding classes / functions should instead be imported from sklearn.preprocessing. Anything that cannot be imported from sklearn.preprocessing is now part of the private API.
 /home/kjablonk/programs/pypal/pypal/pal/validate_inputs.py:146: UserWarning:No goals provided,                 will assume that every dimension should be maximized
 /home/kjablonk/anaconda3/envs/dispersant_screener/lib/python3.7/site-packages/GPy/kern/src/stationary.py:166: RuntimeWarning:overflow encountered in true_divide
 /home/kjablonk/anaconda3/envs/dispersant_screener/lib/python3.7/site-packages/GPy/kern/src/stationary.py:137: RuntimeWarning:overflow encountered in square
 /home/kjablonk/anaconda3/envs/dispersant_screener/lib/python3.7/site-packages/GPy/kern/src/stationary.py:138: RuntimeWarning:invalid value encountered in add
 /home/kjablonk/anaconda3/envs/dispersant_screener/lib/python3.7/site-packages/GPy/kern/src/stationary.py:565: RuntimeWarning:invalid value encountered in multiply
 /home/kjablonk/anaconda3/envs/dispersant_screener/lib/python3.7/site-packages/GPy/kern/src/stationary.py:568: RuntimeWarning:invalid value encountered in subtract
 /home/kjablonk/anaconda3/envs/dispersant_screener/lib/python3.7/site-packages/paramz/transformations.py:111: RuntimeWarning:overflow encountered in expm1
 /home/kjablonk/anaconda3/envs/dispersant_screener/lib/python3.7/site-packages/GPy/kern/src/stationary.py:243: RuntimeWarning:invalid value encountered in true_divide
 /home/kjablonk/anaconda3/envs/dispersant_screener/lib/python3.7/site-packages/GPy/kern/src/stationary.py:137: RuntimeWarning:overflow encountered in square
 /home/kjablonk/anaconda3/envs/dispersant_screener/lib/python3.7/site-packages/GPy/kern/src/stationary.py:138: RuntimeWarning:invalid value encountered in add
 /home/kjablonk/anaconda3/envs/dispersant_screener/lib/python3.7/site-packages/GPy/kern/src/stationary.py:565: RuntimeWarning:invalid value encountered in multiply
 /home/kjablonk/anaconda3/envs/dispersant_screener/lib/python3.7/site-packages/GPy/kern/src/stationary.py:568: RuntimeWarning:invalid value encountered in subtract
 /home/kjablonk/anaconda3/envs/dispersant_screener/lib/python3.7/site-packages/GPy/kern/src/stationary.py:166: RuntimeWarning:overflow encountered in true_divide
 /home/kjablonk/anaconda3/envs/dispersant_screener/lib/python3.7/site-packages/numpy/core/_asarray.py:136: VisibleDeprecationWarning:Creating an ndarray from ragged nested sequences (which is a list-or-tuple of lists-or-tuples-or ndarrays with different lengths or shapes) is deprecated. If you meant to do this, you must specify 'dtype=object' when creating the ndarray
Maximum hypervolume 1536.0438526567837
STARTING PAL
Optimization restart 1/20, f = -429.4525786870993
Optimization restart 2/20, f = -426.8834784031287
Optimization restart 3/20, f = -429.01494863608633
Optimization restart 4/20, f = -432.2379528331017
Optimization restart 5/20, f = -410.51945944486346
Optimization restart 6/20, f = -395.3645345077598
Optimization restart 7/20, f = -431.8040297184049
Optimization restart 8/20, f = -431.13271363449167
Optimization restart 9/20, f = -426.6397140313134
Optimization restart 10/20, f = -432.4825403723926
Optimization restart 11/20, f = -432.71355521024464
Optimization restart 12/20, f = -428.757292306328
Optimization restart 13/20, f = -430.6572833021178
Optimization restart 14/20, f = -430.96543295070035
Optimization restart 15/20, f = -427.70605421674395
Optimization restart 16/20, f = -431.5428564798374
Optimization restart 17/20, f = -433.0281254381878
Optimization restart 18/20, f = -428.52803516640836
Optimization restart 19/20, f = -429.65738594731374
Optimization restart 20/20, f = -431.6408995042899
pypal at iteration 1.         12 Pareto optimal points,         1414 discarded points,         1699 unclassified points.
Hypervolume 936.6496687774325
pypal at iteration 2.         19 Pareto optimal points,         1462 discarded points,         1644 unclassified points.
Hypervolume 1353.355137699668
pypal at iteration 3.         41 Pareto optimal points,         1465 discarded points,         1619 unclassified points.
Hypervolume 1381.7201214840356
pypal at iteration 4.         57 Pareto optimal points,         1465 discarded points,         1603 unclassified points.
Hypervolume 1444.9393980915008
pypal at iteration 5.         58 Pareto optimal points,         1465 discarded points,         1602 unclassified points.
Hypervolume 1444.9393980915008
pypal at iteration 6.         58 Pareto optimal points,         1465 discarded points,         1602 unclassified points.
Hypervolume 1444.9393980915008
pypal at iteration 7.         149 Pareto optimal points,         1474 discarded points,         1502 unclassified points.
Hypervolume 1499.1145482107004
pypal at iteration 8.         149 Pareto optimal points,         1477 discarded points,         1499 unclassified points.
Hypervolume 1499.1145482107004
pypal at iteration 9.         154 Pareto optimal points,         1484 discarded points,         1487 unclassified points.
Hypervolume 1499.1145482107004
pypal at iteration 10.         154 Pareto optimal points,         1485 discarded points,         1486 unclassified points.
Hypervolume 1499.1145482107004
Optimization restart 1/20, f = -547.2190104973913
Optimization restart 2/20, f = -536.040128433312
Optimization restart 3/20, f = -541.6655202879713
Optimization restart 4/20, f = -513.4119898737556
Optimization restart 5/20, f = -545.5404603544991
Optimization restart 6/20, f = -543.0277314691245
Optimization restart 7/20, f = -545.0155276820424
Optimization restart 8/20, f = -544.6334632624935
Optimization restart 9/20, f = -544.8862008275009
Optimization restart 10/20, f = -544.4484274667388
Optimization restart 11/20, f = -545.4998295530875
Optimization restart 12/20, f = -544.7691541970105
Optimization restart 13/20, f = -537.439859312518
Optimization restart 14/20, f = -546.0381898185714
Optimization restart 15/20, f = -546.3891533273377
Optimization restart 16/20, f = -543.4447522450707
Optimization restart 17/20, f = -534.2522771858271
Optimization restart 18/20, f = -544.9628311450418
Optimization restart 19/20, f = -545.1475006192449
Optimization restart 20/20, f = -545.9396411029738
pypal at iteration 11.         199 Pareto optimal points,         1546 discarded points,         1380 unclassified points.
Hypervolume 1506.0441192354308
pypal at iteration 12.         200 Pareto optimal points,         1551 discarded points,         1374 unclassified points.
Hypervolume 1506.0441192354308
pypal at iteration 13.         214 Pareto optimal points,         1564 discarded points,         1347 unclassified points.
Hypervolume 1506.0638662203212
pypal at iteration 14.         214 Pareto optimal points,         1568 discarded points,         1343 unclassified points.
Hypervolume 1506.0638662203212
pypal at iteration 15.         214 Pareto optimal points,         1569 discarded points,         1342 unclassified points.
Hypervolume 1506.0638662203212
pypal at iteration 16.         214 Pareto optimal points,         1574 discarded points,         1337 unclassified points.
Hypervolume 1506.0638662203212
pypal at iteration 17.         214 Pareto optimal points,         1578 discarded points,         1333 unclassified points.
Hypervolume 1506.0638662203212
pypal at iteration 18.         214 Pareto optimal points,         1578 discarded points,         1333 unclassified points.
Hypervolume 1506.0638662203212
pypal at iteration 19.         219 Pareto optimal points,         1580 discarded points,         1326 unclassified points.
Hypervolume 1506.0638851027823
pypal at iteration 20.         223 Pareto optimal points,         1580 discarded points,         1322 unclassified points.
Hypervolume 1513.5401224648083
Optimization restart 1/20, f = -639.6435258663569
Optimization restart 2/20, f = -638.2858402290108
Optimization restart 3/20, f = -639.1668099804155
Optimization restart 4/20, f = -637.825461797448
Optimization restart 5/20, f = -637.0896713544805
Optimization restart 6/20, f = -637.0515065909133
Optimization restart 7/20, f = -633.0465619369145
Optimization restart 8/20, f = -635.3680558476551
Optimization restart 9/20, f = -632.5768238813705
Optimization restart 10/20, f = -636.1424860194068
Optimization restart 11/20, f = -638.1596142359117
Optimization restart 12/20, f = -534.2663221550011
Optimization restart 13/20, f = -639.2247771557984
Optimization restart 14/20, f = -637.0326352184208
Optimization restart 15/20, f = -636.835299568098
Optimization restart 16/20, f = -637.9069518439496
Optimization restart 17/20, f = -634.0802186577346
Optimization restart 18/20, f = -637.0788458285688
Optimization restart 19/20, f = -637.6052828486856
Optimization restart 20/20, f = -638.551024998075
pypal at iteration 21.         257 Pareto optimal points,         1806 discarded points,         1062 unclassified points.
Hypervolume 1513.5951884491833
pypal at iteration 22.         260 Pareto optimal points,         1948 discarded points,         917 unclassified points.
Hypervolume 1513.5951884491833
pypal at iteration 23.         262 Pareto optimal points,         1955 discarded points,         908 unclassified points.
Hypervolume 1513.5951884491833
pypal at iteration 24.         264 Pareto optimal points,         1975 discarded points,         886 unclassified points.
Hypervolume 1513.5951884491835
pypal at iteration 25.         268 Pareto optimal points,         1980 discarded points,         877 unclassified points.
Hypervolume 1513.5951884491835
pypal at iteration 26.         279 Pareto optimal points,         1987 discarded points,         859 unclassified points.
Hypervolume 1513.5951884491835
pypal at iteration 27.         281 Pareto optimal points,         2032 discarded points,         812 unclassified points.
Hypervolume 1513.5951884491833
pypal at iteration 28.         282 Pareto optimal points,         2032 discarded points,         811 unclassified points.
Hypervolume 1513.5951884491833
pypal at iteration 29.         282 Pareto optimal points,         2032 discarded points,         811 unclassified points.
Hypervolume 1513.5951884491833
pypal at iteration 30.         282 Pareto optimal points,         2039 discarded points,         804 unclassified points.
Hypervolume 1513.5951884491833
Optimization restart 1/20, f = -705.6039445096399
Optimization restart 2/20, f = -706.137804232343
Optimization restart 3/20, f = -698.961733548326
Optimization restart 4/20, f = -703.137713291921
Optimization restart 5/20, f = -701.8842291056649
Optimization restart 6/20, f = -695.8798214646458
Optimization restart 7/20, f = -705.0739020337522
Optimization restart 8/20, f = -706.5770752983619
Optimization restart 9/20, f = -705.5507676251881
Optimization restart 10/20, f = -683.0980981083867
Optimization restart 11/20, f = -704.8058989069691
Optimization restart 12/20, f = -696.4127341227745
Optimization restart 13/20, f = -700.2593125293683
Optimization restart 14/20, f = -703.5485138416187
Optimization restart 15/20, f = -681.8783303078703
Optimization restart 16/20, f = -705.3669221403965
Optimization restart 17/20, f = -705.5552557784259
Optimization restart 18/20, f = -705.4353048449678
Optimization restart 19/20, f = -675.5419449339672
Optimization restart 20/20, f = -696.5007461584098
pypal at iteration 31.         288 Pareto optimal points,         2074 discarded points,         763 unclassified points.
Hypervolume 1513.5951884491833
pypal at iteration 32.         293 Pareto optimal points,         2096 discarded points,         736 unclassified points.
Hypervolume 1518.626596558099
pypal at iteration 33.         293 Pareto optimal points,         2096 discarded points,         736 unclassified points.
Hypervolume 1518.626596558099
pypal at iteration 34.         294 Pareto optimal points,         2096 discarded points,         735 unclassified points.
Hypervolume 1518.626596558099
pypal at iteration 35.         294 Pareto optimal points,         2096 discarded points,         735 unclassified points.
Hypervolume 1518.626596558099
pypal at iteration 36.         294 Pareto optimal points,         2096 discarded points,         735 unclassified points.
Hypervolume 1518.626596558099
pypal at iteration 37.         294 Pareto optimal points,         2096 discarded points,         735 unclassified points.
Hypervolume 1518.626596558099
pypal at iteration 38.         295 Pareto optimal points,         2109 discarded points,         721 unclassified points.
Hypervolume 1518.626596558099
pypal at iteration 39.         299 Pareto optimal points,         2109 discarded points,         717 unclassified points.
Hypervolume 1518.6287781445753
pypal at iteration 40.         299 Pareto optimal points,         2109 discarded points,         717 unclassified points.
Hypervolume 1518.6287781445753
Optimization restart 1/20, f = -786.8946170555006
Optimization restart 2/20, f = -786.1053129553263
Optimization restart 3/20, f = -772.3872968893611
Optimization restart 4/20, f = -783.6901912954427
Optimization restart 5/20, f = -770.0191986676364
Optimization restart 6/20, f = -785.1567571983494
Optimization restart 7/20, f = -783.6593469723996
Optimization restart 8/20, f = -775.2822024418373
Optimization restart 9/20, f = -783.8412822873329
Optimization restart 10/20, f = -785.5750633485851
Optimization restart 11/20, f = -783.9433507981241
Optimization restart 12/20, f = -784.9938211275833
Optimization restart 13/20, f = -779.3597629860735
Optimization restart 14/20, f = -785.4342396064424
Optimization restart 15/20, f = -784.8134026835164
Optimization restart 16/20, f = -786.0253681406871
Optimization restart 17/20, f = -783.3651527295947
Optimization restart 18/20, f = -784.806416515423
Optimization restart 19/20, f = -784.7688222275744
Optimization restart 20/20, f = -785.4533256092664
pypal at iteration 41.         302 Pareto optimal points,         2111 discarded points,         712 unclassified points.
Hypervolume 1518.6287781445753
pypal at iteration 42.         302 Pareto optimal points,         2111 discarded points,         712 unclassified points.
Hypervolume 1518.6287781445753
pypal at iteration 43.         304 Pareto optimal points,         2111 discarded points,         710 unclassified points.
Hypervolume 1518.6287781445753
pypal at iteration 44.         304 Pareto optimal points,         2674 discarded points,         147 unclassified points.
Hypervolume 1518.6287781445753
pypal at iteration 45.         304 Pareto optimal points,         2674 discarded points,         147 unclassified points.
Hypervolume 1518.6287781445753
pypal at iteration 46.         307 Pareto optimal points,         2674 discarded points,         144 unclassified points.
Hypervolume 1518.8227778081587
pypal at iteration 47.         307 Pareto optimal points,         2674 discarded points,         144 unclassified points.
Hypervolume 1518.8227778081587
pypal at iteration 48.         310 Pareto optimal points,         2674 discarded points,         141 unclassified points.
Hypervolume 1518.8227778081587
pypal at iteration 49.         315 Pareto optimal points,         2674 discarded points,         136 unclassified points.
Hypervolume 1518.8242824979538
pypal at iteration 50.         316 Pareto optimal points,         2674 discarded points,         135 unclassified points.
Hypervolume 1518.8242824979538
Optimization restart 1/20, f = -855.3544908424243
Optimization restart 2/20, f = -854.0573316583217
Optimization restart 3/20, f = -842.7341544595655
Optimization restart 4/20, f = -849.411883927492
Optimization restart 5/20, f = -850.4046046186436
Optimization restart 6/20, f = -827.9929841552193
Optimization restart 7/20, f = -838.0916334618323
Optimization restart 8/20, f = -852.5141039157905
Optimization restart 9/20, f = -836.3561362601334
Optimization restart 10/20, f = -853.5160541699303
Optimization restart 11/20, f = -850.3002888338286
Optimization restart 12/20, f = -841.9280085031052
Optimization restart 13/20, f = -853.0863235563972
Optimization restart 14/20, f = -822.0850869234114
Optimization restart 15/20, f = -853.8522663637827
Optimization restart 16/20, f = -854.4626754790413
Optimization restart 17/20, f = -843.7946825888753
Optimization restart 18/20, f = -851.6853072498068
Optimization restart 19/20, f = -854.376322332972
Optimization restart 20/20, f = -841.7634758906396
pypal at iteration 51.         321 Pareto optimal points,         2674 discarded points,         130 unclassified points.
Hypervolume 1518.8242824979538
pypal at iteration 52.         321 Pareto optimal points,         2674 discarded points,         130 unclassified points.
Hypervolume 1518.8242824979538
pypal at iteration 53.         321 Pareto optimal points,         2674 discarded points,         130 unclassified points.
Hypervolume 1518.8242824979538
pypal at iteration 54.         321 Pareto optimal points,         2674 discarded points,         130 unclassified points.
Hypervolume 1518.8242824979538
pypal at iteration 55.         321 Pareto optimal points,         2674 discarded points,         130 unclassified points.
Hypervolume 1518.8242824979538
pypal at iteration 56.         321 Pareto optimal points,         2674 discarded points,         130 unclassified points.
Hypervolume 1518.8242824979538
pypal at iteration 57.         323 Pareto optimal points,         2674 discarded points,         128 unclassified points.
Hypervolume 1518.8242824979538
pypal at iteration 58.         324 Pareto optimal points,         2674 discarded points,         127 unclassified points.
Hypervolume 1518.8242824979538
pypal at iteration 59.         324 Pareto optimal points,         2674 discarded points,         127 unclassified points.
Hypervolume 1518.8242824979538
pypal at iteration 60.         324 Pareto optimal points,         2674 discarded points,         127 unclassified points.
Hypervolume 1518.8242824979538
Optimization restart 1/20, f = -927.409774767888
Optimization restart 2/20, f = -926.5991375128792
Optimization restart 3/20, f = -921.9652105045022
Optimization restart 4/20, f = -925.7295860405043
Optimization restart 5/20, f = -927.1148178409426
Optimization restart 6/20, f = -926.383182052448
Optimization restart 7/20, f = -925.5797246855609
Optimization restart 8/20, f = -925.1286234155505
Optimization restart 9/20, f = -927.0919332295849
Optimization restart 10/20, f = -925.3928851718713
Optimization restart 11/20, f = -922.0953303725503
Optimization restart 12/20, f = -926.1993498719086
Optimization restart 13/20, f = -926.908220297134
Optimization restart 14/20, f = -909.3964206761929
Optimization restart 15/20, f = -925.9430643141475
Optimization restart 16/20, f = -926.815237114831
Optimization restart 17/20, f = -926.2929336699665
Optimization restart 18/20, f = -923.8735752349356
Optimization restart 19/20, f = -924.0588783964965
Optimization restart 20/20, f = -926.7681240349204
pypal at iteration 61.         324 Pareto optimal points,         2674 discarded points,         127 unclassified points.
Hypervolume 1518.8242824979538
pypal at iteration 62.         325 Pareto optimal points,         2674 discarded points,         126 unclassified points.
Hypervolume 1518.8242824979538
pypal at iteration 63.         330 Pareto optimal points,         2674 discarded points,         121 unclassified points.
Hypervolume 1518.8242824979538
pypal at iteration 64.         330 Pareto optimal points,         2674 discarded points,         121 unclassified points.
Hypervolume 1518.8242824979538
pypal at iteration 65.         330 Pareto optimal points,         2674 discarded points,         121 unclassified points.
Hypervolume 1518.8242824979538
pypal at iteration 66.         330 Pareto optimal points,         2674 discarded points,         121 unclassified points.
Hypervolume 1518.8242824979538
pypal at iteration 67.         330 Pareto optimal points,         2674 discarded points,         121 unclassified points.
Hypervolume 1518.8242824979538
Done. No unclassified point left
pypal at iteration 67.         330 Pareto optimal points,         2795 discarded points,         0 unclassified points.
Hypervolume 1518.8242824979538
