 /home/kjablonk/anaconda3/envs/dispersant_screener/lib/python3.7/site-packages/sklearn/utils/deprecation.py:143: FutureWarning:The sklearn.preprocessing.data module is  deprecated in version 0.22 and will be removed in version 0.24. The corresponding classes / functions should instead be imported from sklearn.preprocessing. Anything that cannot be imported from sklearn.preprocessing is now part of the private API.
 /home/kjablonk/programs/pypal/pypal/pal/validate_inputs.py:146: UserWarning:No goals provided,                 will assume that every dimension should be maximized
 /home/kjablonk/anaconda3/envs/dispersant_screener/lib/python3.7/site-packages/GPy/kern/src/stationary.py:166: RuntimeWarning:overflow encountered in true_divide
 /home/kjablonk/anaconda3/envs/dispersant_screener/lib/python3.7/site-packages/GPy/kern/src/stationary.py:137: RuntimeWarning:overflow encountered in square
 /home/kjablonk/anaconda3/envs/dispersant_screener/lib/python3.7/site-packages/GPy/kern/src/stationary.py:138: RuntimeWarning:invalid value encountered in add
 /home/kjablonk/anaconda3/envs/dispersant_screener/lib/python3.7/site-packages/GPy/kern/src/stationary.py:565: RuntimeWarning:invalid value encountered in multiply
 /home/kjablonk/anaconda3/envs/dispersant_screener/lib/python3.7/site-packages/GPy/kern/src/stationary.py:568: RuntimeWarning:invalid value encountered in subtract
 /home/kjablonk/anaconda3/envs/dispersant_screener/lib/python3.7/site-packages/paramz/transformations.py:111: RuntimeWarning:overflow encountered in expm1
 /home/kjablonk/anaconda3/envs/dispersant_screener/lib/python3.7/site-packages/GPy/kern/src/stationary.py:166: RuntimeWarning:overflow encountered in true_divide
 /home/kjablonk/anaconda3/envs/dispersant_screener/lib/python3.7/site-packages/GPy/kern/src/stationary.py:137: RuntimeWarning:overflow encountered in square
 /home/kjablonk/anaconda3/envs/dispersant_screener/lib/python3.7/site-packages/GPy/kern/src/stationary.py:138: RuntimeWarning:invalid value encountered in add
 /home/kjablonk/anaconda3/envs/dispersant_screener/lib/python3.7/site-packages/GPy/kern/src/stationary.py:565: RuntimeWarning:invalid value encountered in multiply
 /home/kjablonk/anaconda3/envs/dispersant_screener/lib/python3.7/site-packages/GPy/kern/src/stationary.py:568: RuntimeWarning:invalid value encountered in subtract
 /home/kjablonk/anaconda3/envs/dispersant_screener/lib/python3.7/site-packages/GPy/kern/src/stationary.py:243: RuntimeWarning:invalid value encountered in true_divide
 /home/kjablonk/anaconda3/envs/dispersant_screener/lib/python3.7/site-packages/numpy/core/_asarray.py:136: VisibleDeprecationWarning:Creating an ndarray from ragged nested sequences (which is a list-or-tuple of lists-or-tuples-or ndarrays with different lengths or shapes) is deprecated. If you meant to do this, you must specify 'dtype=object' when creating the ndarray
Maximum hypervolume 1536.0438526567837
STARTING PAL
Optimization restart 1/20, f = -133.3995409324893
Optimization restart 2/20, f = -133.37622677574677
Optimization restart 3/20, f = -126.00942624596317
Optimization restart 4/20, f = -121.00375781472252
Optimization restart 5/20, f = -133.35735716241504
Optimization restart 6/20, f = -121.14397832108543
Optimization restart 7/20, f = -127.7536683312736
Optimization restart 8/20, f = -133.16181423503843
Optimization restart 9/20, f = -133.43439044740265
Optimization restart 10/20, f = -133.0380451045423
Optimization restart 11/20, f = -124.23539817645731
Optimization restart 12/20, f = -113.43123806967458
Optimization restart 13/20, f = -121.2853530597784
Optimization restart 14/20, f = -133.2198503694596
Optimization restart 15/20, f = -91.55633123554284
Optimization restart 16/20, f = -133.51680952946535
Optimization restart 17/20, f = -133.40439316442342
Optimization restart 18/20, f = -125.78437456114172
Optimization restart 19/20, f = -133.61085350054142
Optimization restart 20/20, f = -127.24445430299264
pypal at iteration 1.         4 Pareto optimal points,         70 discarded points,         3051 unclassified points.
Hypervolume 719.4442821612049
pypal at iteration 2.         4 Pareto optimal points,         73 discarded points,         3048 unclassified points.
Hypervolume 719.4442821612049
pypal at iteration 3.         5 Pareto optimal points,         74 discarded points,         3046 unclassified points.
Hypervolume 1273.242222379546
pypal at iteration 4.         5 Pareto optimal points,         75 discarded points,         3045 unclassified points.
Hypervolume 1273.242222379546
pypal at iteration 5.         5 Pareto optimal points,         76 discarded points,         3044 unclassified points.
Hypervolume 1273.242222379546
pypal at iteration 6.         5 Pareto optimal points,         77 discarded points,         3043 unclassified points.
Hypervolume 1273.242222379546
pypal at iteration 7.         25 Pareto optimal points,         464 discarded points,         2636 unclassified points.
Hypervolume 1437.3171130237213
pypal at iteration 8.         25 Pareto optimal points,         464 discarded points,         2636 unclassified points.
Hypervolume 1437.3171130237213
pypal at iteration 9.         25 Pareto optimal points,         466 discarded points,         2634 unclassified points.
Hypervolume 1437.3171130237213
pypal at iteration 10.         25 Pareto optimal points,         468 discarded points,         2632 unclassified points.
Hypervolume 1437.3171130237213
Optimization restart 1/20, f = -249.52028576713468
Optimization restart 2/20, f = -245.9292217060713
Optimization restart 3/20, f = -249.46839701081137
Optimization restart 4/20, f = -245.9286736665171
Optimization restart 5/20, f = -249.0622782906274
Optimization restart 6/20, f = -248.21777386267414
Optimization restart 7/20, f = -248.74449236680778
Optimization restart 8/20, f = -222.33776868408046
Optimization restart 9/20, f = -245.92944759375231
Optimization restart 10/20, f = -246.6562823456526
Optimization restart 11/20, f = -245.29244366924465
Optimization restart 12/20, f = -245.29598569742438
Optimization restart 13/20, f = -247.2247890208189
Optimization restart 14/20, f = -245.92688200824438
Optimization restart 15/20, f = -245.9257211951791
Optimization restart 16/20, f = -243.74597239979974
Optimization restart 17/20, f = -247.22566109993693
Optimization restart 18/20, f = -247.36712190720945
Optimization restart 19/20, f = -238.4186180644806
Optimization restart 20/20, f = -247.21393422659713
pypal at iteration 11.         25 Pareto optimal points,         880 discarded points,         2220 unclassified points.
Hypervolume 1437.3171130237213
pypal at iteration 12.         25 Pareto optimal points,         885 discarded points,         2215 unclassified points.
Hypervolume 1437.3171130237213
pypal at iteration 13.         25 Pareto optimal points,         889 discarded points,         2211 unclassified points.
Hypervolume 1437.3171130237213
pypal at iteration 14.         25 Pareto optimal points,         900 discarded points,         2200 unclassified points.
Hypervolume 1437.3171130237213
pypal at iteration 15.         25 Pareto optimal points,         915 discarded points,         2185 unclassified points.
Hypervolume 1437.3171130237213
pypal at iteration 16.         25 Pareto optimal points,         929 discarded points,         2171 unclassified points.
Hypervolume 1437.3171130237213
pypal at iteration 17.         25 Pareto optimal points,         929 discarded points,         2171 unclassified points.
Hypervolume 1437.3171130237213
pypal at iteration 18.         25 Pareto optimal points,         932 discarded points,         2168 unclassified points.
Hypervolume 1437.3171130237213
pypal at iteration 19.         25 Pareto optimal points,         940 discarded points,         2160 unclassified points.
Hypervolume 1437.3171130237213
pypal at iteration 20.         25 Pareto optimal points,         944 discarded points,         2156 unclassified points.
Hypervolume 1437.3171130237213
Optimization restart 1/20, f = -327.6910243666068
Optimization restart 2/20, f = -331.0539607637602
Optimization restart 3/20, f = -329.93266444712924
Optimization restart 4/20, f = -329.73155567239155
Optimization restart 5/20, f = -330.6525237402011
Optimization restart 6/20, f = -330.4221141001311
Optimization restart 7/20, f = -328.6401852466102
Optimization restart 8/20, f = -327.7533991684702
Optimization restart 9/20, f = -331.17864712806767
Optimization restart 10/20, f = -332.0036511290757
Optimization restart 11/20, f = -317.46495369709584
Optimization restart 12/20, f = -332.6217611376471
Optimization restart 13/20, f = -329.4328954299669
Optimization restart 14/20, f = -306.42319069349213
Optimization restart 15/20, f = -322.4910870169433
Optimization restart 16/20, f = -250.25984503569396
Optimization restart 17/20, f = -330.0214011081689
Optimization restart 18/20, f = -327.23502261823353
Optimization restart 19/20, f = -330.6399539747759
Optimization restart 20/20, f = -330.78559050468016
pypal at iteration 21.         30 Pareto optimal points,         1313 discarded points,         1782 unclassified points.
Hypervolume 1438.3655724214705
pypal at iteration 22.         30 Pareto optimal points,         1315 discarded points,         1780 unclassified points.
Hypervolume 1438.3655724214705
pypal at iteration 23.         30 Pareto optimal points,         1326 discarded points,         1769 unclassified points.
Hypervolume 1438.3655724214705
pypal at iteration 24.         33 Pareto optimal points,         1327 discarded points,         1765 unclassified points.
Hypervolume 1438.6494359306084
pypal at iteration 25.         36 Pareto optimal points,         1332 discarded points,         1757 unclassified points.
Hypervolume 1454.0438025327596
pypal at iteration 26.         36 Pareto optimal points,         1336 discarded points,         1753 unclassified points.
Hypervolume 1454.0438025327596
pypal at iteration 27.         36 Pareto optimal points,         1336 discarded points,         1753 unclassified points.
Hypervolume 1454.0438025327596
pypal at iteration 28.         36 Pareto optimal points,         1460 discarded points,         1629 unclassified points.
Hypervolume 1454.0438025327596
pypal at iteration 29.         36 Pareto optimal points,         1460 discarded points,         1629 unclassified points.
Hypervolume 1454.0438025327596
pypal at iteration 30.         36 Pareto optimal points,         1564 discarded points,         1525 unclassified points.
Hypervolume 1454.0438025327596
Optimization restart 1/20, f = -398.11730725896206
Optimization restart 2/20, f = -386.6447919471686
Optimization restart 3/20, f = -397.2810331555121
Optimization restart 4/20, f = -388.7695475329688
Optimization restart 5/20, f = -385.8445386219239
Optimization restart 6/20, f = -394.3202142644053
Optimization restart 7/20, f = -397.4729133347206
Optimization restart 8/20, f = -397.98636447047784
Optimization restart 9/20, f = -396.759660442024
Optimization restart 10/20, f = -395.24224453939894
Optimization restart 11/20, f = -397.5741154009344
Optimization restart 12/20, f = -397.85816367040076
Optimization restart 13/20, f = -385.2368526889684
Optimization restart 14/20, f = -397.64058979587804
Optimization restart 15/20, f = -397.37515294051383
Optimization restart 16/20, f = -389.2748462878401
Optimization restart 17/20, f = -397.4010027078099
Optimization restart 18/20, f = -383.2510535644609
Optimization restart 19/20, f = -397.2913155888592
Optimization restart 20/20, f = -396.90644127125654
pypal at iteration 31.         36 Pareto optimal points,         1569 discarded points,         1520 unclassified points.
Hypervolume 1454.0438025327596
pypal at iteration 32.         36 Pareto optimal points,         1570 discarded points,         1519 unclassified points.
Hypervolume 1454.0438025327596
pypal at iteration 33.         36 Pareto optimal points,         1611 discarded points,         1478 unclassified points.
Hypervolume 1454.0438025327596
pypal at iteration 34.         39 Pareto optimal points,         1695 discarded points,         1391 unclassified points.
Hypervolume 1456.1396692920596
pypal at iteration 35.         39 Pareto optimal points,         1722 discarded points,         1364 unclassified points.
Hypervolume 1456.1396692920596
pypal at iteration 36.         39 Pareto optimal points,         1726 discarded points,         1360 unclassified points.
Hypervolume 1456.1396692920596
pypal at iteration 37.         39 Pareto optimal points,         1732 discarded points,         1354 unclassified points.
Hypervolume 1456.1396692920596
pypal at iteration 38.         40 Pareto optimal points,         1732 discarded points,         1353 unclassified points.
Hypervolume 1456.1838881798662
pypal at iteration 39.         40 Pareto optimal points,         1746 discarded points,         1339 unclassified points.
Hypervolume 1456.1838881798662
pypal at iteration 40.         40 Pareto optimal points,         1751 discarded points,         1334 unclassified points.
Hypervolume 1456.1838881798662
Optimization restart 1/20, f = -459.01714829402874
Optimization restart 2/20, f = -456.35579256500495
Optimization restart 3/20, f = -458.83634565655007
Optimization restart 4/20, f = -459.91804473123386
Optimization restart 5/20, f = -459.72959495236006
Optimization restart 6/20, f = -459.5734357785631
Optimization restart 7/20, f = -459.01301388102297
Optimization restart 8/20, f = -459.36088506076453
Optimization restart 9/20, f = -459.889674751336
Optimization restart 10/20, f = -366.2099566316655
Optimization restart 11/20, f = -459.278939973486
Optimization restart 12/20, f = -459.14634806758295
Optimization restart 13/20, f = -459.7022934857134
Optimization restart 14/20, f = -448.80535205497955
Optimization restart 15/20, f = -459.8571502004998
Optimization restart 16/20, f = -449.66414572578213
Optimization restart 17/20, f = -460.1038540905527
Optimization restart 18/20, f = -459.50026309449345
Optimization restart 19/20, f = -453.26169025205957
Optimization restart 20/20, f = -459.50416212939706
pypal at iteration 41.         42 Pareto optimal points,         2048 discarded points,         1035 unclassified points.
Hypervolume 1462.4449545626308
pypal at iteration 42.         42 Pareto optimal points,         2077 discarded points,         1006 unclassified points.
Hypervolume 1462.4449545626308
pypal at iteration 43.         44 Pareto optimal points,         2077 discarded points,         1004 unclassified points.
Hypervolume 1466.76032370664
pypal at iteration 44.         44 Pareto optimal points,         2079 discarded points,         1002 unclassified points.
Hypervolume 1466.76032370664
pypal at iteration 45.         44 Pareto optimal points,         2085 discarded points,         996 unclassified points.
Hypervolume 1466.76032370664
pypal at iteration 46.         44 Pareto optimal points,         2153 discarded points,         928 unclassified points.
Hypervolume 1466.76032370664
pypal at iteration 47.         44 Pareto optimal points,         2154 discarded points,         927 unclassified points.
Hypervolume 1466.76032370664
pypal at iteration 48.         45 Pareto optimal points,         2243 discarded points,         837 unclassified points.
Hypervolume 1466.76032370664
pypal at iteration 49.         45 Pareto optimal points,         2246 discarded points,         834 unclassified points.
Hypervolume 1466.76032370664
pypal at iteration 50.         45 Pareto optimal points,         2246 discarded points,         834 unclassified points.
Hypervolume 1466.76032370664
Optimization restart 1/20, f = -524.1670289473805
Optimization restart 2/20, f = -516.2526012720159
Optimization restart 3/20, f = -523.8237370049675
Optimization restart 4/20, f = -523.2949592838606
Optimization restart 5/20, f = -524.1052442601474
Optimization restart 6/20, f = -519.2623910595727
Optimization restart 7/20, f = -520.786237607135
Optimization restart 8/20, f = -524.1938252874513
Optimization restart 9/20, f = -524.1188226397601
Optimization restart 10/20, f = -506.83072673520286
Optimization restart 11/20, f = -523.5592031539984
Optimization restart 12/20, f = -521.4177320802091
Optimization restart 13/20, f = -523.9455264579993
Optimization restart 14/20, f = -524.2061642537956
Optimization restart 15/20, f = -524.0019133854119
Optimization restart 16/20, f = -524.1698017269474
Optimization restart 17/20, f = -515.6446422288539
Optimization restart 18/20, f = -449.0452999619618
Optimization restart 19/20, f = -523.8056820559175
Optimization restart 20/20, f = -523.3799339542371
pypal at iteration 51.         45 Pareto optimal points,         2250 discarded points,         830 unclassified points.
Hypervolume 1466.76032370664
pypal at iteration 52.         45 Pareto optimal points,         2251 discarded points,         829 unclassified points.
Hypervolume 1466.76032370664
pypal at iteration 53.         46 Pareto optimal points,         2586 discarded points,         493 unclassified points.
Hypervolume 1477.7692917147438
pypal at iteration 54.         47 Pareto optimal points,         2608 discarded points,         470 unclassified points.
Hypervolume 1477.799940357857
pypal at iteration 55.         47 Pareto optimal points,         2617 discarded points,         461 unclassified points.
Hypervolume 1477.799940357857
pypal at iteration 56.         47 Pareto optimal points,         2625 discarded points,         453 unclassified points.
Hypervolume 1477.799940357857
pypal at iteration 57.         47 Pareto optimal points,         2626 discarded points,         452 unclassified points.
Hypervolume 1477.799940357857
pypal at iteration 58.         47 Pareto optimal points,         2628 discarded points,         450 unclassified points.
Hypervolume 1477.799940357857
pypal at iteration 59.         48 Pareto optimal points,         2759 discarded points,         318 unclassified points.
Hypervolume 1480.4705768230124
pypal at iteration 60.         48 Pareto optimal points,         2772 discarded points,         305 unclassified points.
Hypervolume 1480.4705768230124
Optimization restart 1/20, f = -579.5090613162878
Optimization restart 2/20, f = -578.3524806347275
Optimization restart 3/20, f = -572.4144577464259
Optimization restart 4/20, f = -578.7491727975039
Optimization restart 5/20, f = -577.189939661871
Optimization restart 6/20, f = -578.3089984818557
Optimization restart 7/20, f = -578.032201095736
Optimization restart 8/20, f = -570.5005457786085
Optimization restart 9/20, f = -568.2501675570938
Optimization restart 10/20, f = -499.85513273416166
Optimization restart 11/20, f = -576.7135272118867
Optimization restart 12/20, f = -573.11440602985
Optimization restart 13/20, f = -561.5428167877474
Optimization restart 14/20, f = -578.2519535789426
Optimization restart 15/20, f = -576.9319094876571
Optimization restart 16/20, f = -571.8230528747863
Optimization restart 17/20, f = -578.6567027658342
Optimization restart 18/20, f = -575.479546530848
Optimization restart 19/20, f = -577.8171478729859
Optimization restart 20/20, f = -577.8251162080581
pypal at iteration 61.         48 Pareto optimal points,         2782 discarded points,         295 unclassified points.
Hypervolume 1480.4705768230124
pypal at iteration 62.         48 Pareto optimal points,         2783 discarded points,         294 unclassified points.
Hypervolume 1480.4705768230124
pypal at iteration 63.         48 Pareto optimal points,         2784 discarded points,         293 unclassified points.
Hypervolume 1480.4705768230124
pypal at iteration 64.         48 Pareto optimal points,         2786 discarded points,         291 unclassified points.
Hypervolume 1480.4705768230124
pypal at iteration 65.         48 Pareto optimal points,         2787 discarded points,         290 unclassified points.
Hypervolume 1480.4705768230124
pypal at iteration 66.         48 Pareto optimal points,         2789 discarded points,         288 unclassified points.
Hypervolume 1480.4705768230124
pypal at iteration 67.         48 Pareto optimal points,         2790 discarded points,         287 unclassified points.
Hypervolume 1480.4705768230124
pypal at iteration 68.         48 Pareto optimal points,         2791 discarded points,         286 unclassified points.
Hypervolume 1480.4705768230124
pypal at iteration 69.         48 Pareto optimal points,         2792 discarded points,         285 unclassified points.
Hypervolume 1480.4705768230124
pypal at iteration 70.         48 Pareto optimal points,         2793 discarded points,         284 unclassified points.
Hypervolume 1480.4705768230124
Optimization restart 1/20, f = -632.317463908606
Optimization restart 2/20, f = -515.6411410903775
Optimization restart 3/20, f = -626.6849293547649
Optimization restart 4/20, f = -622.3661037507768
Optimization restart 5/20, f = -630.1150968702246
Optimization restart 6/20, f = -630.4746459276403
Optimization restart 7/20, f = -623.6921425825914
Optimization restart 8/20, f = -630.9384959956733
Optimization restart 9/20, f = -628.7645264881962
Optimization restart 10/20, f = -626.1350804445142
Optimization restart 11/20, f = -628.377951345607
Optimization restart 12/20, f = -627.0017516804323
Optimization restart 13/20, f = -629.6223757557317
Optimization restart 14/20, f = -628.5329431460223
Optimization restart 15/20, f = -625.0196326842502
Optimization restart 16/20, f = -627.22546280622
Optimization restart 17/20, f = -629.0309091985289
Optimization restart 18/20, f = -500.3944490197815
Optimization restart 19/20, f = -625.160492507609
Optimization restart 20/20, f = -628.3820763852679
pypal at iteration 71.         48 Pareto optimal points,         2796 discarded points,         281 unclassified points.
Hypervolume 1480.4705768230124
pypal at iteration 72.         48 Pareto optimal points,         2796 discarded points,         281 unclassified points.
Hypervolume 1480.4705768230124
pypal at iteration 73.         48 Pareto optimal points,         2796 discarded points,         281 unclassified points.
Hypervolume 1480.4705768230124
pypal at iteration 74.         48 Pareto optimal points,         2796 discarded points,         281 unclassified points.
Hypervolume 1480.4705768230124
pypal at iteration 75.         48 Pareto optimal points,         2797 discarded points,         280 unclassified points.
Hypervolume 1480.4705768230124
pypal at iteration 76.         48 Pareto optimal points,         2798 discarded points,         279 unclassified points.
Hypervolume 1480.4705768230124
pypal at iteration 77.         49 Pareto optimal points,         3058 discarded points,         18 unclassified points.
Hypervolume 1499.8640866256612
pypal at iteration 78.         49 Pareto optimal points,         3058 discarded points,         18 unclassified points.
Hypervolume 1499.8640866256612
pypal at iteration 79.         49 Pareto optimal points,         3059 discarded points,         17 unclassified points.
Hypervolume 1499.8640866256612
pypal at iteration 80.         49 Pareto optimal points,         3060 discarded points,         16 unclassified points.
Hypervolume 1499.8640866256612
Optimization restart 1/20, f = -694.0224531876934
Optimization restart 2/20, f = -690.9855707513384
Optimization restart 3/20, f = -690.2244944034353
Optimization restart 4/20, f = -657.0830128656501
Optimization restart 5/20, f = -690.4845776752226
Optimization restart 6/20, f = -692.34951520975
Optimization restart 7/20, f = -689.4588881805087
Optimization restart 8/20, f = -688.1118388451544
Optimization restart 9/20, f = -689.082113935907
Optimization restart 10/20, f = -692.9706363571441
Optimization restart 11/20, f = -666.097932612374
Optimization restart 12/20, f = -691.9200010555977
Optimization restart 13/20, f = -690.9855210603521
Optimization restart 14/20, f = -690.6479665305119
Optimization restart 15/20, f = -689.9455511026781
Optimization restart 16/20, f = -690.8351159321785
Optimization restart 17/20, f = -692.1127446565008
Optimization restart 18/20, f = -689.1068126303444
Optimization restart 19/20, f = -690.0103582317464
Optimization restart 20/20, f = -689.9282168615895
pypal at iteration 81.         49 Pareto optimal points,         3061 discarded points,         15 unclassified points.
Hypervolume 1499.8640866256612
pypal at iteration 82.         49 Pareto optimal points,         3061 discarded points,         15 unclassified points.
Hypervolume 1499.8640866256612
pypal at iteration 83.         49 Pareto optimal points,         3061 discarded points,         15 unclassified points.
Hypervolume 1499.8640866256612
pypal at iteration 84.         49 Pareto optimal points,         3062 discarded points,         14 unclassified points.
Hypervolume 1499.8640866256612
pypal at iteration 85.         49 Pareto optimal points,         3063 discarded points,         13 unclassified points.
Hypervolume 1499.8640866256612
pypal at iteration 86.         49 Pareto optimal points,         3064 discarded points,         12 unclassified points.
Hypervolume 1499.8640866256612
pypal at iteration 87.         49 Pareto optimal points,         3065 discarded points,         11 unclassified points.
Hypervolume 1499.8640866256612
pypal at iteration 88.         49 Pareto optimal points,         3065 discarded points,         11 unclassified points.
Hypervolume 1499.8640866256612
pypal at iteration 89.         49 Pareto optimal points,         3065 discarded points,         11 unclassified points.
Hypervolume 1499.8640866256612
pypal at iteration 90.         49 Pareto optimal points,         3066 discarded points,         10 unclassified points.
Hypervolume 1499.8640866256612
Optimization restart 1/20, f = -748.4052985064185
Optimization restart 2/20, f = -746.2098257754063
Optimization restart 3/20, f = -632.2828186423626
Optimization restart 4/20, f = -743.2677291268114
Optimization restart 5/20, f = -607.3266453754404
Optimization restart 6/20, f = -744.9056623617603
Optimization restart 7/20, f = -744.5082220704091
Optimization restart 8/20, f = -746.3611272593878
Optimization restart 9/20, f = -748.3011222395204
Optimization restart 10/20, f = -741.5587974252403
Optimization restart 11/20, f = -747.1558243986249
Optimization restart 12/20, f = -739.9836607077816
Optimization restart 13/20, f = -737.9502933055892
Optimization restart 14/20, f = -743.7790856727295
Optimization restart 15/20, f = -746.1075753930847
Optimization restart 16/20, f = -742.3931161310319
Optimization restart 17/20, f = -741.1424220462011
Optimization restart 18/20, f = -730.7237287492813
Optimization restart 19/20, f = -744.9682873712936
Optimization restart 20/20, f = -743.4769820666932
pypal at iteration 91.         50 Pareto optimal points,         3070 discarded points,         5 unclassified points.
Hypervolume 1502.0979597833941
pypal at iteration 92.         50 Pareto optimal points,         3071 discarded points,         4 unclassified points.
Hypervolume 1502.0979597833941
pypal at iteration 93.         50 Pareto optimal points,         3071 discarded points,         4 unclassified points.
Hypervolume 1502.0979597833941
pypal at iteration 94.         50 Pareto optimal points,         3072 discarded points,         3 unclassified points.
Hypervolume 1502.0979597833941
pypal at iteration 95.         50 Pareto optimal points,         3072 discarded points,         3 unclassified points.
Hypervolume 1502.0979597833941
pypal at iteration 96.         50 Pareto optimal points,         3072 discarded points,         3 unclassified points.
Hypervolume 1502.0979597833941
pypal at iteration 97.         50 Pareto optimal points,         3072 discarded points,         3 unclassified points.
Hypervolume 1502.0979597833941
Done. No unclassified point left
pypal at iteration 97.         51 Pareto optimal points,         3074 discarded points,         0 unclassified points.
Hypervolume 1503.8915440779188
