 /home/kjablonk/anaconda3/envs/dispersant_screener/lib/python3.7/site-packages/sklearn/utils/deprecation.py:143: FutureWarning:The sklearn.preprocessing.data module is  deprecated in version 0.22 and will be removed in version 0.24. The corresponding classes / functions should instead be imported from sklearn.preprocessing. Anything that cannot be imported from sklearn.preprocessing is now part of the private API.
 /home/kjablonk/programs/pypal/pypal/pal/validate_inputs.py:146: UserWarning:No goals provided,                 will assume that every dimension should be maximized
 /home/kjablonk/anaconda3/envs/dispersant_screener/lib/python3.7/site-packages/GPy/kern/src/stationary.py:137: RuntimeWarning:overflow encountered in square
 /home/kjablonk/anaconda3/envs/dispersant_screener/lib/python3.7/site-packages/GPy/kern/src/stationary.py:138: RuntimeWarning:invalid value encountered in add
 /home/kjablonk/anaconda3/envs/dispersant_screener/lib/python3.7/site-packages/GPy/kern/src/stationary.py:565: RuntimeWarning:invalid value encountered in multiply
 /home/kjablonk/anaconda3/envs/dispersant_screener/lib/python3.7/site-packages/GPy/kern/src/stationary.py:568: RuntimeWarning:invalid value encountered in subtract
 /home/kjablonk/anaconda3/envs/dispersant_screener/lib/python3.7/site-packages/GPy/kern/src/stationary.py:166: RuntimeWarning:overflow encountered in true_divide
 /home/kjablonk/anaconda3/envs/dispersant_screener/lib/python3.7/site-packages/paramz/transformations.py:111: RuntimeWarning:overflow encountered in expm1
 /home/kjablonk/anaconda3/envs/dispersant_screener/lib/python3.7/site-packages/GPy/kern/src/stationary.py:137: RuntimeWarning:overflow encountered in square
 /home/kjablonk/anaconda3/envs/dispersant_screener/lib/python3.7/site-packages/GPy/kern/src/stationary.py:138: RuntimeWarning:invalid value encountered in add
 /home/kjablonk/anaconda3/envs/dispersant_screener/lib/python3.7/site-packages/GPy/kern/src/stationary.py:565: RuntimeWarning:invalid value encountered in multiply
 /home/kjablonk/anaconda3/envs/dispersant_screener/lib/python3.7/site-packages/GPy/kern/src/stationary.py:568: RuntimeWarning:invalid value encountered in subtract
 /home/kjablonk/anaconda3/envs/dispersant_screener/lib/python3.7/site-packages/GPy/kern/src/stationary.py:166: RuntimeWarning:overflow encountered in true_divide
 /home/kjablonk/anaconda3/envs/dispersant_screener/lib/python3.7/site-packages/GPy/kern/src/stationary.py:243: RuntimeWarning:invalid value encountered in true_divide
 /home/kjablonk/anaconda3/envs/dispersant_screener/lib/python3.7/site-packages/numpy/core/_asarray.py:136: VisibleDeprecationWarning:Creating an ndarray from ragged nested sequences (which is a list-or-tuple of lists-or-tuples-or ndarrays with different lengths or shapes) is deprecated. If you meant to do this, you must specify 'dtype=object' when creating the ndarray
Maximum hypervolume 1536.0438526567837
STARTING PAL
Optimization restart 1/20, f = -60.78944751871748
Optimization restart 2/20, f = -64.22224501674248
Optimization restart 3/20, f = -61.21111639092785
Optimization restart 4/20, f = -56.865440041183064
Optimization restart 5/20, f = -39.52614943836642
Optimization restart 6/20, f = -52.051563928937504
Optimization restart 7/20, f = -57.70281064538741
Optimization restart 8/20, f = -59.329229114716306
Optimization restart 9/20, f = -63.25071749631194
Optimization restart 10/20, f = -63.25652992365965
Optimization restart 11/20, f = -58.3137714334019
Optimization restart 12/20, f = -64.16766094089758
Optimization restart 13/20, f = -57.70226219374604
Optimization restart 14/20, f = -64.25228227546222
Optimization restart 15/20, f = -57.658629224722105
Optimization restart 16/20, f = -38.04016693643259
Optimization restart 17/20, f = -64.20343536969803
Optimization restart 18/20, f = -53.59085054023601
Optimization restart 19/20, f = -63.29970567635491
Optimization restart 20/20, f = -63.135378942641694
pypal at iteration 1.         2 Pareto optimal points,         56 discarded points,         3067 unclassified points.
Hypervolume 559.5258180923811
pypal at iteration 2.         5 Pareto optimal points,         175 discarded points,         2945 unclassified points.
Hypervolume 716.1450317225492
pypal at iteration 3.         21 Pareto optimal points,         961 discarded points,         2143 unclassified points.
Hypervolume 1344.9780439447052
pypal at iteration 4.         21 Pareto optimal points,         1052 discarded points,         2052 unclassified points.
Hypervolume 1344.9780439447052
pypal at iteration 5.         21 Pareto optimal points,         1164 discarded points,         1940 unclassified points.
Hypervolume 1344.9780439447052
pypal at iteration 6.         21 Pareto optimal points,         1181 discarded points,         1923 unclassified points.
Hypervolume 1344.9780439447052
pypal at iteration 7.         21 Pareto optimal points,         1258 discarded points,         1846 unclassified points.
Hypervolume 1344.9780439447052
pypal at iteration 8.         23 Pareto optimal points,         1259 discarded points,         1843 unclassified points.
Hypervolume 1344.9780439447052
pypal at iteration 9.         23 Pareto optimal points,         1271 discarded points,         1831 unclassified points.
Hypervolume 1344.9780439447052
pypal at iteration 10.         32 Pareto optimal points,         1616 discarded points,         1477 unclassified points.
Hypervolume 1421.023236702058
Optimization restart 1/20, f = -134.24041533036097
Optimization restart 2/20, f = -133.99902065804193
Optimization restart 3/20, f = -133.7902349211213
Optimization restart 4/20, f = -133.65870262140047
Optimization restart 5/20, f = -132.33499572501546
Optimization restart 6/20, f = -129.40880041506938
Optimization restart 7/20, f = -134.4729799423843
Optimization restart 8/20, f = -134.26045068498968
Optimization restart 9/20, f = -119.43543155481687
Optimization restart 10/20, f = -134.12252736265884
Optimization restart 11/20, f = -133.89469304760945
Optimization restart 12/20, f = -131.84359037371013
Optimization restart 13/20, f = -133.34290559707603
Optimization restart 14/20, f = -91.30804646414194
Optimization restart 15/20, f = -134.093903044272
Optimization restart 16/20, f = -134.32388235905896
Optimization restart 17/20, f = -132.44518999301772
Optimization restart 18/20, f = -84.48684585903645
Optimization restart 19/20, f = -131.1162030807431
Optimization restart 20/20, f = -132.43745595811066
pypal at iteration 11.         109 Pareto optimal points,         2434 discarded points,         582 unclassified points.
Hypervolume 1465.6262166650502
pypal at iteration 12.         109 Pareto optimal points,         2434 discarded points,         582 unclassified points.
Hypervolume 1465.6262166650502
pypal at iteration 13.         109 Pareto optimal points,         2434 discarded points,         582 unclassified points.
Hypervolume 1465.6262166650502
pypal at iteration 14.         109 Pareto optimal points,         2434 discarded points,         582 unclassified points.
Hypervolume 1465.6262166650502
pypal at iteration 15.         109 Pareto optimal points,         2434 discarded points,         582 unclassified points.
Hypervolume 1465.6262166650502
pypal at iteration 16.         109 Pareto optimal points,         2435 discarded points,         581 unclassified points.
Hypervolume 1465.6262166650502
pypal at iteration 17.         109 Pareto optimal points,         2619 discarded points,         397 unclassified points.
Hypervolume 1465.6262166650502
pypal at iteration 18.         118 Pareto optimal points,         2645 discarded points,         362 unclassified points.
Hypervolume 1468.0823746703004
pypal at iteration 19.         119 Pareto optimal points,         2650 discarded points,         356 unclassified points.
Hypervolume 1468.0823746703004
pypal at iteration 20.         121 Pareto optimal points,         2664 discarded points,         340 unclassified points.
Hypervolume 1468.0823746703004
Optimization restart 1/20, f = -214.09205433581928
Optimization restart 2/20, f = -211.99632130909504
Optimization restart 3/20, f = -202.62626749937968
Optimization restart 4/20, f = -211.16461702809724
Optimization restart 5/20, f = -214.12587758615774
Optimization restart 6/20, f = -214.13218112000163
Optimization restart 7/20, f = -213.73631924404546
Optimization restart 8/20, f = -212.9561978732175
Optimization restart 9/20, f = -211.87761671908117
Optimization restart 10/20, f = -213.3142189045903
Optimization restart 11/20, f = -213.52960106561562
Optimization restart 12/20, f = -214.0811878537847
Optimization restart 13/20, f = -211.28119090243877
Optimization restart 14/20, f = -205.07511925090478
Optimization restart 15/20, f = -213.7582492659834
Optimization restart 16/20, f = -213.10621233510872
Optimization restart 17/20, f = -213.3532522627159
Optimization restart 18/20, f = -214.11455964440637
Optimization restart 19/20, f = -213.14430139652086
Optimization restart 20/20, f = -214.22510793975394
pypal at iteration 21.         129 Pareto optimal points,         2842 discarded points,         154 unclassified points.
Hypervolume 1468.0823746703004
pypal at iteration 22.         130 Pareto optimal points,         2965 discarded points,         30 unclassified points.
Hypervolume 1468.0823746703004
pypal at iteration 23.         130 Pareto optimal points,         2965 discarded points,         30 unclassified points.
Hypervolume 1468.0823746703004
pypal at iteration 24.         130 Pareto optimal points,         2965 discarded points,         30 unclassified points.
Hypervolume 1468.0823746703004
pypal at iteration 25.         130 Pareto optimal points,         2965 discarded points,         30 unclassified points.
Hypervolume 1468.0823746703004
pypal at iteration 26.         130 Pareto optimal points,         2966 discarded points,         29 unclassified points.
Hypervolume 1468.0823746703004
pypal at iteration 27.         130 Pareto optimal points,         2966 discarded points,         29 unclassified points.
Hypervolume 1468.0823746703004
pypal at iteration 28.         130 Pareto optimal points,         2972 discarded points,         23 unclassified points.
Hypervolume 1468.0823746703004
pypal at iteration 29.         130 Pareto optimal points,         2972 discarded points,         23 unclassified points.
Hypervolume 1468.0823746703004
pypal at iteration 30.         130 Pareto optimal points,         2972 discarded points,         23 unclassified points.
Hypervolume 1468.0823746703004
Optimization restart 1/20, f = -271.07512678347246
Optimization restart 2/20, f = -269.2578339316549
Optimization restart 3/20, f = -269.28098729107336
Optimization restart 4/20, f = -269.3359619141469
Optimization restart 5/20, f = -223.09695152286875
Optimization restart 6/20, f = -271.1984332074963
Optimization restart 7/20, f = -269.5038056398537
Optimization restart 8/20, f = -269.43669757353734
Optimization restart 9/20, f = -270.6135225141579
Optimization restart 10/20, f = -262.806691549814
Optimization restart 11/20, f = -269.4517157772496
Optimization restart 12/20, f = -268.4569471869911
Optimization restart 13/20, f = -269.49719407206965
Optimization restart 14/20, f = -269.22196168866435
Optimization restart 15/20, f = -265.5740945607468
Optimization restart 16/20, f = -268.7750454614983
Optimization restart 17/20, f = -220.8200744522273
Optimization restart 18/20, f = -261.9116640852107
Optimization restart 19/20, f = -259.25635596346024
Optimization restart 20/20, f = -271.10231859990836
pypal at iteration 31.         130 Pareto optimal points,         2977 discarded points,         18 unclassified points.
Hypervolume 1468.0823746703004
pypal at iteration 32.         130 Pareto optimal points,         2977 discarded points,         18 unclassified points.
Hypervolume 1468.0823746703004
pypal at iteration 33.         130 Pareto optimal points,         2984 discarded points,         11 unclassified points.
Hypervolume 1468.0823746703004
pypal at iteration 34.         130 Pareto optimal points,         2984 discarded points,         11 unclassified points.
Hypervolume 1468.0823746703004
pypal at iteration 35.         133 Pareto optimal points,         2984 discarded points,         8 unclassified points.
Hypervolume 1468.0823746703004
pypal at iteration 36.         133 Pareto optimal points,         2984 discarded points,         8 unclassified points.
Hypervolume 1468.0823746703004
pypal at iteration 37.         133 Pareto optimal points,         2984 discarded points,         8 unclassified points.
Hypervolume 1468.0823746703004
pypal at iteration 38.         133 Pareto optimal points,         2984 discarded points,         8 unclassified points.
Hypervolume 1468.0823746703004
pypal at iteration 39.         133 Pareto optimal points,         2984 discarded points,         8 unclassified points.
Hypervolume 1468.0823746703004
pypal at iteration 40.         133 Pareto optimal points,         2984 discarded points,         8 unclassified points.
Hypervolume 1468.0823746703004
Optimization restart 1/20, f = -339.6065627962873
Optimization restart 2/20, f = -335.36194211578976
Optimization restart 3/20, f = -327.95208557512626
Optimization restart 4/20, f = -329.9906151740407
Optimization restart 5/20, f = -338.191657954623
Optimization restart 6/20, f = -338.6626887738094
Optimization restart 7/20, f = -279.2762026832673
Optimization restart 8/20, f = -338.7952359464464
Optimization restart 9/20, f = -328.0070214485941
Optimization restart 10/20, f = -334.3546298969751
Optimization restart 11/20, f = -334.6458456343093
Optimization restart 12/20, f = -339.00627378838647
Optimization restart 13/20, f = -334.45278019127016
Optimization restart 14/20, f = -330.24742177017356
Optimization restart 15/20, f = -334.23712363914166
Optimization restart 16/20, f = -330.04162066570547
Optimization restart 17/20, f = -338.9058123559917
Optimization restart 18/20, f = -333.75377749194496
Optimization restart 19/20, f = -334.07708642525006
Optimization restart 20/20, f = -334.0888876038654
pypal at iteration 41.         135 Pareto optimal points,         2984 discarded points,         6 unclassified points.
Hypervolume 1468.0825229737898
pypal at iteration 42.         135 Pareto optimal points,         2984 discarded points,         6 unclassified points.
Hypervolume 1468.0825229737898
pypal at iteration 43.         135 Pareto optimal points,         2984 discarded points,         6 unclassified points.
Hypervolume 1468.0825229737898
pypal at iteration 44.         135 Pareto optimal points,         2984 discarded points,         6 unclassified points.
Hypervolume 1468.0825229737898
pypal at iteration 45.         135 Pareto optimal points,         2984 discarded points,         6 unclassified points.
Hypervolume 1468.0825229737898
pypal at iteration 46.         136 Pareto optimal points,         2984 discarded points,         5 unclassified points.
Hypervolume 1468.0825229737898
pypal at iteration 47.         136 Pareto optimal points,         2984 discarded points,         5 unclassified points.
Hypervolume 1468.0825229737898
pypal at iteration 48.         136 Pareto optimal points,         2984 discarded points,         5 unclassified points.
Hypervolume 1468.0825229737898
pypal at iteration 49.         137 Pareto optimal points,         2984 discarded points,         4 unclassified points.
Hypervolume 1468.0825229737898
pypal at iteration 50.         137 Pareto optimal points,         2984 discarded points,         4 unclassified points.
Hypervolume 1468.0825229737898
Optimization restart 1/20, f = -388.42096347014797
Optimization restart 2/20, f = -383.22196497609656
Optimization restart 3/20, f = -383.74233042039975
Optimization restart 4/20, f = -383.99215774076424
Optimization restart 5/20, f = -384.00697822853493
Optimization restart 6/20, f = -384.1959504345308
Optimization restart 7/20, f = -384.39271048649647
Optimization restart 8/20, f = -379.78352442236235
Optimization restart 9/20, f = -387.2426654369748
Optimization restart 10/20, f = -380.98411828838056
Optimization restart 11/20, f = -384.4621222201322
Optimization restart 12/20, f = -385.5461563973451
Optimization restart 13/20, f = -384.6667026510104
Optimization restart 14/20, f = -385.6551426440669
Optimization restart 15/20, f = -385.43953967225013
Optimization restart 16/20, f = -384.27298265029714
Optimization restart 17/20, f = -386.1517215802536
Optimization restart 18/20, f = -330.263431351246
Optimization restart 19/20, f = -328.51147486049354
Optimization restart 20/20, f = -384.4853707587489
pypal at iteration 51.         137 Pareto optimal points,         2984 discarded points,         4 unclassified points.
Hypervolume 1468.0825229737898
pypal at iteration 52.         137 Pareto optimal points,         2984 discarded points,         4 unclassified points.
Hypervolume 1468.0825229737898
pypal at iteration 53.         137 Pareto optimal points,         2985 discarded points,         3 unclassified points.
Hypervolume 1468.0825229737898
pypal at iteration 54.         137 Pareto optimal points,         2986 discarded points,         2 unclassified points.
Hypervolume 1468.0825229737898
pypal at iteration 55.         137 Pareto optimal points,         2986 discarded points,         2 unclassified points.
Hypervolume 1468.0825229737898
pypal at iteration 56.         137 Pareto optimal points,         2986 discarded points,         2 unclassified points.
Hypervolume 1468.0825229737898
pypal at iteration 57.         137 Pareto optimal points,         2986 discarded points,         2 unclassified points.
Hypervolume 1468.0825229737898
pypal at iteration 58.         137 Pareto optimal points,         2986 discarded points,         2 unclassified points.
Hypervolume 1468.0825229737898
pypal at iteration 59.         137 Pareto optimal points,         2986 discarded points,         2 unclassified points.
Hypervolume 1468.0825229737898
pypal at iteration 60.         137 Pareto optimal points,         2986 discarded points,         2 unclassified points.
Hypervolume 1468.0825229737898
Optimization restart 1/20, f = -442.4117949694279
Optimization restart 2/20, f = -439.82307081438455
Optimization restart 3/20, f = -433.83943412448724
Optimization restart 4/20, f = -378.6726846461113
Optimization restart 5/20, f = -423.27777153190027
Optimization restart 6/20, f = -438.92777863058086
Optimization restart 7/20, f = -350.9536805285235
Optimization restart 8/20, f = -439.9297730698124
Optimization restart 9/20, f = -441.76193505930524
Optimization restart 10/20, f = -437.3563709927383
Optimization restart 11/20, f = -436.79368836729105
Optimization restart 12/20, f = -439.43552364744966
Optimization restart 13/20, f = -436.9562346850613
Optimization restart 14/20, f = -438.2074149273933
Optimization restart 15/20, f = -439.64926449158804
Optimization restart 16/20, f = -438.98563593947017
Optimization restart 17/20, f = -438.22208682165524
Optimization restart 18/20, f = -439.36150317653136
Optimization restart 19/20, f = -439.22170266789726
Optimization restart 20/20, f = -440.99840506448663
pypal at iteration 61.         137 Pareto optimal points,         2986 discarded points,         2 unclassified points.
Hypervolume 1468.0825229737898
pypal at iteration 62.         137 Pareto optimal points,         2987 discarded points,         1 unclassified points.
Hypervolume 1468.0825229737898
pypal at iteration 63.         137 Pareto optimal points,         2987 discarded points,         1 unclassified points.
Hypervolume 1468.0825229737898
pypal at iteration 64.         137 Pareto optimal points,         2987 discarded points,         1 unclassified points.
Hypervolume 1468.0825229737898
pypal at iteration 65.         137 Pareto optimal points,         2987 discarded points,         1 unclassified points.
Hypervolume 1468.0825229737898
pypal at iteration 66.         137 Pareto optimal points,         2987 discarded points,         1 unclassified points.
Hypervolume 1468.0825229737898
pypal at iteration 67.         137 Pareto optimal points,         2987 discarded points,         1 unclassified points.
Hypervolume 1468.0825229737898
pypal at iteration 68.         137 Pareto optimal points,         2987 discarded points,         1 unclassified points.
Hypervolume 1468.0825229737898
Done. No unclassified point left
pypal at iteration 68.         138 Pareto optimal points,         2987 discarded points,         0 unclassified points.
Hypervolume 1469.6585377173353
