 /home/kjablonk/anaconda3/envs/dispersant_screener/lib/python3.7/site-packages/sklearn/utils/deprecation.py:143: FutureWarning:The sklearn.preprocessing.data module is  deprecated in version 0.22 and will be removed in version 0.24. The corresponding classes / functions should instead be imported from sklearn.preprocessing. Anything that cannot be imported from sklearn.preprocessing is now part of the private API.
 /home/kjablonk/programs/pypal/pypal/pal/validate_inputs.py:146: UserWarning:No goals provided,                 will assume that every dimension should be maximized
 /home/kjablonk/anaconda3/envs/dispersant_screener/lib/python3.7/site-packages/GPy/kern/src/stationary.py:166: RuntimeWarning:overflow encountered in true_divide
 /home/kjablonk/anaconda3/envs/dispersant_screener/lib/python3.7/site-packages/GPy/kern/src/stationary.py:137: RuntimeWarning:overflow encountered in square
 /home/kjablonk/anaconda3/envs/dispersant_screener/lib/python3.7/site-packages/GPy/kern/src/stationary.py:138: RuntimeWarning:invalid value encountered in add
 /home/kjablonk/anaconda3/envs/dispersant_screener/lib/python3.7/site-packages/GPy/kern/src/stationary.py:565: RuntimeWarning:invalid value encountered in multiply
 /home/kjablonk/anaconda3/envs/dispersant_screener/lib/python3.7/site-packages/GPy/kern/src/stationary.py:568: RuntimeWarning:invalid value encountered in subtract
 /home/kjablonk/anaconda3/envs/dispersant_screener/lib/python3.7/site-packages/paramz/transformations.py:111: RuntimeWarning:overflow encountered in expm1
 /home/kjablonk/anaconda3/envs/dispersant_screener/lib/python3.7/site-packages/GPy/kern/src/stationary.py:166: RuntimeWarning:overflow encountered in true_divide
 /home/kjablonk/anaconda3/envs/dispersant_screener/lib/python3.7/site-packages/GPy/kern/src/stationary.py:137: RuntimeWarning:overflow encountered in square
 /home/kjablonk/anaconda3/envs/dispersant_screener/lib/python3.7/site-packages/GPy/kern/src/stationary.py:138: RuntimeWarning:invalid value encountered in add
 /home/kjablonk/anaconda3/envs/dispersant_screener/lib/python3.7/site-packages/GPy/kern/src/stationary.py:565: RuntimeWarning:invalid value encountered in multiply
 /home/kjablonk/anaconda3/envs/dispersant_screener/lib/python3.7/site-packages/GPy/kern/src/stationary.py:568: RuntimeWarning:invalid value encountered in subtract
 /home/kjablonk/anaconda3/envs/dispersant_screener/lib/python3.7/site-packages/GPy/kern/src/stationary.py:138: RuntimeWarning:overflow encountered in multiply
 /home/kjablonk/anaconda3/envs/dispersant_screener/lib/python3.7/site-packages/GPy/kern/src/stationary.py:243: RuntimeWarning:invalid value encountered in true_divide
Maximum hypervolume 1536.0438526567837
STARTING PAL
Optimization restart 1/20, f = -431.55473797598285
Optimization restart 2/20, f = -428.66424989487103
Optimization restart 3/20, f = -431.5949656972002
Optimization restart 4/20, f = -432.45120840831777
Optimization restart 5/20, f = -432.36877848759565
Optimization restart 6/20, f = -431.40447870710403
Optimization restart 7/20, f = -386.60997390259064
Optimization restart 8/20, f = -431.50739067201266
Optimization restart 9/20, f = -398.0748652061944
Optimization restart 10/20, f = -432.4880517206522
Optimization restart 11/20, f = -432.208413677408
Optimization restart 12/20, f = -432.5383814484099
Optimization restart 13/20, f = -431.6840254391465
Optimization restart 14/20, f = -432.7635171759437
Optimization restart 15/20, f = -394.69281423731087
Optimization restart 16/20, f = -430.6438472894257
Optimization restart 17/20, f = -430.19775633582753
Optimization restart 18/20, f = -400.7522255996371
Optimization restart 19/20, f = -193.47567888591712
Optimization restart 20/20, f = -432.8425590038853
pypal at iteration 1.         12 Pareto optimal points,         1459 discarded points,         1654 unclassified points.
Hypervolume 936.6496687774325
pypal at iteration 2.         13 Pareto optimal points,         1509 discarded points,         1603 unclassified points.
Hypervolume 1230.3309447306344
pypal at iteration 3.         22 Pareto optimal points,         1513 discarded points,         1590 unclassified points.
Hypervolume 1367.2886602657825
pypal at iteration 4.         22 Pareto optimal points,         1513 discarded points,         1590 unclassified points.
Hypervolume 1367.2886602657825
pypal at iteration 5.         22 Pareto optimal points,         1513 discarded points,         1590 unclassified points.
Hypervolume 1367.2886602657825
pypal at iteration 6.         22 Pareto optimal points,         1513 discarded points,         1590 unclassified points.
Hypervolume 1367.2886602657825
pypal at iteration 7.         74 Pareto optimal points,         1529 discarded points,         1522 unclassified points.
Hypervolume 1482.6787850342437
pypal at iteration 8.         74 Pareto optimal points,         1529 discarded points,         1522 unclassified points.
Hypervolume 1482.6787850342437
pypal at iteration 9.         75 Pareto optimal points,         1546 discarded points,         1504 unclassified points.
Hypervolume 1482.6787850342437
pypal at iteration 10.         75 Pareto optimal points,         1552 discarded points,         1498 unclassified points.
Hypervolume 1482.6787850342437
Optimization restart 1/20, f = -538.1951752119764
Optimization restart 2/20, f = -537.7723035968816
Optimization restart 3/20, f = -535.8922699678726
Optimization restart 4/20, f = -538.8791970755284
Optimization restart 5/20, f = -537.2459800527608
Optimization restart 6/20, f = -533.2684498982375
Optimization restart 7/20, f = -533.6322894754126
Optimization restart 8/20, f = -530.9966862353122
Optimization restart 9/20, f = -536.7369295293947
Optimization restart 10/20, f = -532.4142223618101
Optimization restart 11/20, f = -450.7540126783855
Optimization restart 12/20, f = -536.4669186375311
Optimization restart 13/20, f = -535.4390491542977
Optimization restart 14/20, f = -537.2297476530862
Optimization restart 15/20, f = -538.6301192869682
Optimization restart 16/20, f = -535.3934369560566
Optimization restart 17/20, f = -537.1108759461374
Optimization restart 18/20, f = -535.9749053051241
Optimization restart 19/20, f = -538.2226098632722
Optimization restart 20/20, f = -536.7016110472861
pypal at iteration 11.         195 Pareto optimal points,         1931 discarded points,         999 unclassified points.
Hypervolume 1505.536224745305
pypal at iteration 12.         195 Pareto optimal points,         1944 discarded points,         986 unclassified points.
Hypervolume 1505.536224745305
pypal at iteration 13.         207 Pareto optimal points,         1944 discarded points,         974 unclassified points.
Hypervolume 1505.723007136833
pypal at iteration 14.         208 Pareto optimal points,         1944 discarded points,         973 unclassified points.
Hypervolume 1505.723007136833
pypal at iteration 15.         216 Pareto optimal points,         1947 discarded points,         962 unclassified points.
Hypervolume 1518.2503995926654
pypal at iteration 16.         219 Pareto optimal points,         1953 discarded points,         953 unclassified points.
Hypervolume 1518.2503995926654
pypal at iteration 17.         220 Pareto optimal points,         1956 discarded points,         949 unclassified points.
Hypervolume 1518.2503995926654
pypal at iteration 18.         220 Pareto optimal points,         1957 discarded points,         948 unclassified points.
Hypervolume 1518.2503995926654
pypal at iteration 19.         221 Pareto optimal points,         1959 discarded points,         945 unclassified points.
Hypervolume 1518.2503995926654
pypal at iteration 20.         221 Pareto optimal points,         1979 discarded points,         925 unclassified points.
Hypervolume 1518.2503995926654
Optimization restart 1/20, f = -621.2693813997337
Optimization restart 2/20, f = -613.655297585302
Optimization restart 3/20, f = -616.2862641408718
Optimization restart 4/20, f = -618.7868953257188
Optimization restart 5/20, f = -487.01878166736054
Optimization restart 6/20, f = -619.7978441572778
Optimization restart 7/20, f = -620.0479121454625
Optimization restart 8/20, f = -618.2766770979459
Optimization restart 9/20, f = -614.413745024881
Optimization restart 10/20, f = -618.4293607104617
Optimization restart 11/20, f = -617.3359077577186
Optimization restart 12/20, f = -546.7091760061578
Optimization restart 13/20, f = -620.2665978022046
Optimization restart 14/20, f = -581.032162875627
Optimization restart 15/20, f = -615.0332666465648
Optimization restart 16/20, f = -619.0848960534709
Optimization restart 17/20, f = -615.9449991053607
Optimization restart 18/20, f = -608.6635968906187
Optimization restart 19/20, f = -617.3851945699292
Optimization restart 20/20, f = -619.7153947734139
pypal at iteration 21.         237 Pareto optimal points,         1988 discarded points,         900 unclassified points.
Hypervolume 1518.2503995926652
pypal at iteration 22.         240 Pareto optimal points,         1988 discarded points,         897 unclassified points.
Hypervolume 1518.2503995926652
pypal at iteration 23.         240 Pareto optimal points,         1988 discarded points,         897 unclassified points.
Hypervolume 1518.2503995926652
pypal at iteration 24.         241 Pareto optimal points,         1988 discarded points,         896 unclassified points.
Hypervolume 1518.2503995926652
pypal at iteration 25.         241 Pareto optimal points,         1988 discarded points,         896 unclassified points.
Hypervolume 1518.2503995926652
pypal at iteration 26.         241 Pareto optimal points,         1988 discarded points,         896 unclassified points.
Hypervolume 1518.2503995926652
pypal at iteration 27.         247 Pareto optimal points,         1988 discarded points,         890 unclassified points.
Hypervolume 1518.2503995926652
pypal at iteration 28.         247 Pareto optimal points,         1988 discarded points,         890 unclassified points.
Hypervolume 1518.2503995926652
pypal at iteration 29.         247 Pareto optimal points,         1989 discarded points,         889 unclassified points.
Hypervolume 1518.2503995926652
pypal at iteration 30.         247 Pareto optimal points,         1992 discarded points,         886 unclassified points.
Hypervolume 1518.2503995926652
Optimization restart 1/20, f = -700.7225533769226
Optimization restart 2/20, f = -698.9842889112981
Optimization restart 3/20, f = -697.4997206255433
Optimization restart 4/20, f = -698.9871006057233
Optimization restart 5/20, f = -698.6195812056355
Optimization restart 6/20, f = -692.568477008647
Optimization restart 7/20, f = -698.6826402405958
Optimization restart 8/20, f = -698.7669920774707
Optimization restart 9/20, f = -682.990693515173
Optimization restart 10/20, f = -696.3623403120968
Optimization restart 11/20, f = -697.2203900042009
Optimization restart 12/20, f = -660.8736741322789
Optimization restart 13/20, f = -684.1948148938459
Optimization restart 14/20, f = -698.2987440052453
Optimization restart 15/20, f = -698.1685233699817
Optimization restart 16/20, f = -686.2637702889091
Optimization restart 17/20, f = -699.6967343208396
Optimization restart 18/20, f = -696.8042523057761
Optimization restart 19/20, f = -699.8679010436286
Optimization restart 20/20, f = -690.8416215516903
pypal at iteration 31.         247 Pareto optimal points,         2034 discarded points,         844 unclassified points.
Hypervolume 1518.2503995926652
pypal at iteration 32.         251 Pareto optimal points,         2034 discarded points,         840 unclassified points.
Hypervolume 1518.2503995926654
pypal at iteration 33.         251 Pareto optimal points,         2034 discarded points,         840 unclassified points.
Hypervolume 1518.2503995926654
pypal at iteration 34.         251 Pareto optimal points,         2034 discarded points,         840 unclassified points.
Hypervolume 1518.2503995926654
pypal at iteration 35.         252 Pareto optimal points,         2729 discarded points,         144 unclassified points.
Hypervolume 1518.2503995926654
pypal at iteration 36.         252 Pareto optimal points,         2729 discarded points,         144 unclassified points.
Hypervolume 1518.2503995926654
pypal at iteration 37.         252 Pareto optimal points,         2733 discarded points,         140 unclassified points.
Hypervolume 1518.2503995926654
pypal at iteration 38.         252 Pareto optimal points,         2733 discarded points,         140 unclassified points.
Hypervolume 1518.2503995926654
pypal at iteration 39.         252 Pareto optimal points,         2733 discarded points,         140 unclassified points.
Hypervolume 1518.2503995926654
pypal at iteration 40.         252 Pareto optimal points,         2733 discarded points,         140 unclassified points.
Hypervolume 1518.2503995926654
Optimization restart 1/20, f = -765.3787462988964
Optimization restart 2/20, f = -757.5841253705585
Optimization restart 3/20, f = -763.4187641265087
Optimization restart 4/20, f = -761.0248236197908
Optimization restart 5/20, f = -760.6860133236432
Optimization restart 6/20, f = -759.9877357788646
Optimization restart 7/20, f = -763.0309897377028
Optimization restart 8/20, f = -762.9263682812411
Optimization restart 9/20, f = -746.8471810345652
Optimization restart 10/20, f = -757.4482140744425
Optimization restart 11/20, f = -762.2171396250226
Optimization restart 12/20, f = -749.0661752673059
Optimization restart 13/20, f = -761.096313565685
Optimization restart 14/20, f = -412.1844661985216
Optimization restart 15/20, f = -763.6106596888101
Optimization restart 16/20, f = -764.1503308865738
Optimization restart 17/20, f = -634.6854220661527
Optimization restart 18/20, f = -761.9949536855115
Optimization restart 19/20, f = -764.5749027614105
Optimization restart 20/20, f = -765.1872887268783
pypal at iteration 41.         252 Pareto optimal points,         2733 discarded points,         140 unclassified points.
Hypervolume 1518.2503995926654
pypal at iteration 42.         252 Pareto optimal points,         2733 discarded points,         140 unclassified points.
Hypervolume 1518.2503995926654
pypal at iteration 43.         252 Pareto optimal points,         2733 discarded points,         140 unclassified points.
Hypervolume 1518.2503995926654
pypal at iteration 44.         252 Pareto optimal points,         2733 discarded points,         140 unclassified points.
Hypervolume 1518.2503995926654
pypal at iteration 45.         252 Pareto optimal points,         2733 discarded points,         140 unclassified points.
Hypervolume 1518.2503995926654
pypal at iteration 46.         252 Pareto optimal points,         2733 discarded points,         140 unclassified points.
Hypervolume 1518.2503995926654
pypal at iteration 47.         252 Pareto optimal points,         2733 discarded points,         140 unclassified points.
Hypervolume 1518.2503995926654
pypal at iteration 48.         252 Pareto optimal points,         2733 discarded points,         140 unclassified points.
Hypervolume 1518.2503995926654
pypal at iteration 49.         252 Pareto optimal points,         2859 discarded points,         14 unclassified points.
Hypervolume 1518.2503995926654
pypal at iteration 50.         252 Pareto optimal points,         2859 discarded points,         14 unclassified points.
Hypervolume 1518.2503995926654
Optimization restart 1/20, f = -823.630768754671
Optimization restart 2/20, f = -816.8500671309934
Optimization restart 3/20, f = -811.0291149475742
Optimization restart 4/20, f = -804.9630414968267
Optimization restart 5/20, f = -814.4054872127786
Optimization restart 6/20, f = -819.2601961302162
Optimization restart 7/20, f = -817.091824749161
Optimization restart 8/20, f = -807.324411322905
Optimization restart 9/20, f = -805.0834123326533
Optimization restart 10/20, f = -819.2968268063512
Optimization restart 11/20, f = -818.9308610686178
Optimization restart 12/20, f = -813.8400849794654
Optimization restart 13/20, f = -770.5261846387755
Optimization restart 14/20, f = -813.0048599805601
Optimization restart 15/20, f = -819.4737524988366
Optimization restart 16/20, f = -814.2281390695393
Optimization restart 17/20, f = -813.6169461649943
Optimization restart 18/20, f = -818.5423843294284
Optimization restart 19/20, f = -820.0594269261842
Optimization restart 20/20, f = -819.3564834910212
pypal at iteration 51.         252 Pareto optimal points,         2859 discarded points,         14 unclassified points.
Hypervolume 1518.2503995926654
pypal at iteration 52.         252 Pareto optimal points,         2859 discarded points,         14 unclassified points.
Hypervolume 1518.2503995926654
pypal at iteration 53.         252 Pareto optimal points,         2859 discarded points,         14 unclassified points.
Hypervolume 1518.2503995926654
pypal at iteration 54.         252 Pareto optimal points,         2859 discarded points,         14 unclassified points.
Hypervolume 1518.2503995926654
pypal at iteration 55.         252 Pareto optimal points,         2859 discarded points,         14 unclassified points.
Hypervolume 1518.2503995926654
pypal at iteration 56.         252 Pareto optimal points,         2859 discarded points,         14 unclassified points.
Hypervolume 1518.2503995926654
pypal at iteration 57.         252 Pareto optimal points,         2859 discarded points,         14 unclassified points.
Hypervolume 1518.2503995926654
pypal at iteration 58.         252 Pareto optimal points,         2859 discarded points,         14 unclassified points.
Hypervolume 1518.2503995926654
pypal at iteration 59.         252 Pareto optimal points,         2859 discarded points,         14 unclassified points.
Hypervolume 1518.2503995926654
pypal at iteration 60.         252 Pareto optimal points,         2859 discarded points,         14 unclassified points.
Hypervolume 1518.2503995926654
Optimization restart 1/20, f = -888.0932683418428
Optimization restart 2/20, f = -878.1213910241192
Optimization restart 3/20, f = -884.3245217908332
Optimization restart 4/20, f = -881.2530243549518
Optimization restart 5/20, f = -884.0553476209067
Optimization restart 6/20, f = -883.8483631979027
Optimization restart 7/20, f = -883.9917399101752
Optimization restart 8/20, f = -883.862364351415
Optimization restart 9/20, f = -883.7077281732879
Optimization restart 10/20, f = -883.9923195034337
Optimization restart 11/20, f = -861.6619202350529
Optimization restart 12/20, f = -885.0806071944347
Traceback (most recent call last):
  File "run_pal_on_dispersant_repeats_cli.py", line 107, in <module>
    main()  # pylint:disable=no-value-for-parameter
  File "/home/kjablonk/anaconda3/envs/dispersant_screener/lib/python3.7/site-packages/click/core.py", line 829, in __call__
    return self.main(*args, **kwargs)
  File "/home/kjablonk/anaconda3/envs/dispersant_screener/lib/python3.7/site-packages/click/core.py", line 782, in main
    rv = self.invoke(ctx)
  File "/home/kjablonk/anaconda3/envs/dispersant_screener/lib/python3.7/site-packages/click/core.py", line 1066, in invoke
    return ctx.invoke(self.callback, **ctx.params)
  File "/home/kjablonk/anaconda3/envs/dispersant_screener/lib/python3.7/site-packages/click/core.py", line 610, in invoke
    return callback(*args, **kwargs)
  File "run_pal_on_dispersant_repeats_cli.py", line 78, in main
    idx = palinstance.run_one_step()
  File "/home/kjablonk/programs/pypal/pypal/pal/pal_base.py", line 205, in run_one_step
    self._set_hyperparameters()
  File "/home/kjablonk/programs/pypal/pypal/pal/pal_coregionalized.py", line 48, in _set_hyperparameters
    self.models[0].optimize_restarts(self.restarts, parallel=self.parallel)
  File "/home/kjablonk/anaconda3/envs/dispersant_screener/lib/python3.7/site-packages/paramz/model.py", line 182, in optimize_restarts
    raise e
  File "/home/kjablonk/anaconda3/envs/dispersant_screener/lib/python3.7/site-packages/paramz/model.py", line 172, in optimize_restarts
    self.optimize(**kwargs)
  File "/home/kjablonk/anaconda3/envs/dispersant_screener/lib/python3.7/site-packages/GPy/core/gp.py", line 675, in optimize
    ret = super(GP, self).optimize(optimizer, start, messages, max_iters, ipython_notebook, clear_after_finish, **kwargs)
  File "/home/kjablonk/anaconda3/envs/dispersant_screener/lib/python3.7/site-packages/paramz/model.py", line 111, in optimize
    opt.run(start, f_fp=self._objective_grads, f=self._objective, fp=self._grads)
  File "/home/kjablonk/anaconda3/envs/dispersant_screener/lib/python3.7/site-packages/paramz/optimization/optimization.py", line 51, in run
    self.opt(x_init, **kwargs)
  File "/home/kjablonk/anaconda3/envs/dispersant_screener/lib/python3.7/site-packages/paramz/optimization/optimization.py", line 124, in opt
    opt_result = optimize.fmin_l_bfgs_b(f_fp, x_init, maxfun=self.max_iters, maxiter=self.max_iters, **opt_dict)
  File "/home/kjablonk/anaconda3/envs/dispersant_screener/lib/python3.7/site-packages/scipy/optimize/lbfgsb.py", line 198, in fmin_l_bfgs_b
    **opts)
  File "/home/kjablonk/anaconda3/envs/dispersant_screener/lib/python3.7/site-packages/scipy/optimize/lbfgsb.py", line 360, in _minimize_lbfgsb
    f, g = func_and_grad(x)
  File "/home/kjablonk/anaconda3/envs/dispersant_screener/lib/python3.7/site-packages/scipy/optimize/_differentiable_functions.py", line 200, in fun_and_grad
    self._update_fun()
  File "/home/kjablonk/anaconda3/envs/dispersant_screener/lib/python3.7/site-packages/scipy/optimize/_differentiable_functions.py", line 166, in _update_fun
    self._update_fun_impl()
  File "/home/kjablonk/anaconda3/envs/dispersant_screener/lib/python3.7/site-packages/scipy/optimize/_differentiable_functions.py", line 73, in update_fun
    self.f = fun_wrapped(self.x)
  File "/home/kjablonk/anaconda3/envs/dispersant_screener/lib/python3.7/site-packages/scipy/optimize/_differentiable_functions.py", line 70, in fun_wrapped
    return fun(x, *args)
  File "/home/kjablonk/anaconda3/envs/dispersant_screener/lib/python3.7/site-packages/scipy/optimize/optimize.py", line 74, in __call__
    self._compute_if_needed(x, *args)
  File "/home/kjablonk/anaconda3/envs/dispersant_screener/lib/python3.7/site-packages/scipy/optimize/optimize.py", line 68, in _compute_if_needed
    fg = self.fun(x, *args)
  File "/home/kjablonk/anaconda3/envs/dispersant_screener/lib/python3.7/site-packages/paramz/model.py", line 273, in _objective_grads
    self.optimizer_array = x
  File "/home/kjablonk/anaconda3/envs/dispersant_screener/lib/python3.7/site-packages/paramz/parameterized.py", line 339, in __setattr__
    return object.__setattr__(self, name, val)
  File "/home/kjablonk/anaconda3/envs/dispersant_screener/lib/python3.7/site-packages/paramz/core/parameter_core.py", line 124, in optimizer_array
    self.trigger_update()
  File "/home/kjablonk/anaconda3/envs/dispersant_screener/lib/python3.7/site-packages/paramz/core/updateable.py", line 79, in trigger_update
    self._trigger_params_changed(trigger_parent)
  File "/home/kjablonk/anaconda3/envs/dispersant_screener/lib/python3.7/site-packages/paramz/core/parameter_core.py", line 134, in _trigger_params_changed
    self.notify_observers(None, None if trigger_parent else -np.inf)
  File "/home/kjablonk/anaconda3/envs/dispersant_screener/lib/python3.7/site-packages/paramz/core/observable.py", line 91, in notify_observers
    [callble(self, which=which) for _, _, callble in self.observers]
  File "/home/kjablonk/anaconda3/envs/dispersant_screener/lib/python3.7/site-packages/paramz/core/observable.py", line 91, in <listcomp>
    [callble(self, which=which) for _, _, callble in self.observers]
  File "/home/kjablonk/anaconda3/envs/dispersant_screener/lib/python3.7/site-packages/paramz/core/parameter_core.py", line 508, in _parameters_changed_notification
    self.parameters_changed()
  File "/home/kjablonk/anaconda3/envs/dispersant_screener/lib/python3.7/site-packages/GPy/core/gp.py", line 274, in parameters_changed
    self.posterior, self._log_marginal_likelihood, self.grad_dict = self.inference_method.inference(self.kern, self.X, self.likelihood, self.Y_normalized, self.mean_function, self.Y_metadata)
  File "/home/kjablonk/anaconda3/envs/dispersant_screener/lib/python3.7/site-packages/GPy/inference/latent_function_inference/exact_gaussian_inference.py", line 58, in inference
    Wi, LW, LWi, W_logdet = pdinv(Ky)
  File "/home/kjablonk/anaconda3/envs/dispersant_screener/lib/python3.7/site-packages/GPy/util/linalg.py", line 207, in pdinv
    L = jitchol(A, *args)
  File "/home/kjablonk/anaconda3/envs/dispersant_screener/lib/python3.7/site-packages/GPy/util/linalg.py", line 75, in jitchol
    raise linalg.LinAlgError("not positive definite, even with jitter.")
numpy.linalg.LinAlgError: not positive definite, even with jitter.
