 /home/kjablonk/anaconda3/envs/dispersant_screener/lib/python3.7/site-packages/sklearn/utils/deprecation.py:143: FutureWarning:The sklearn.preprocessing.data module is  deprecated in version 0.22 and will be removed in version 0.24. The corresponding classes / functions should instead be imported from sklearn.preprocessing. Anything that cannot be imported from sklearn.preprocessing is now part of the private API.
 /home/kjablonk/programs/pypal/pypal/pal/validate_inputs.py:146: UserWarning:No goals provided,                 will assume that every dimension should be maximized
 /home/kjablonk/anaconda3/envs/dispersant_screener/lib/python3.7/site-packages/GPy/kern/src/stationary.py:137: RuntimeWarning:overflow encountered in square
 /home/kjablonk/anaconda3/envs/dispersant_screener/lib/python3.7/site-packages/GPy/kern/src/stationary.py:138: RuntimeWarning:invalid value encountered in add
 /home/kjablonk/anaconda3/envs/dispersant_screener/lib/python3.7/site-packages/GPy/kern/src/stationary.py:565: RuntimeWarning:invalid value encountered in multiply
 /home/kjablonk/anaconda3/envs/dispersant_screener/lib/python3.7/site-packages/GPy/kern/src/stationary.py:568: RuntimeWarning:invalid value encountered in subtract
 /home/kjablonk/anaconda3/envs/dispersant_screener/lib/python3.7/site-packages/GPy/kern/src/stationary.py:166: RuntimeWarning:overflow encountered in true_divide
 /home/kjablonk/anaconda3/envs/dispersant_screener/lib/python3.7/site-packages/paramz/transformations.py:111: RuntimeWarning:overflow encountered in expm1
 /home/kjablonk/anaconda3/envs/dispersant_screener/lib/python3.7/site-packages/GPy/kern/src/stationary.py:243: RuntimeWarning:invalid value encountered in true_divide
 /home/kjablonk/anaconda3/envs/dispersant_screener/lib/python3.7/site-packages/GPy/kern/src/stationary.py:137: RuntimeWarning:overflow encountered in square
 /home/kjablonk/anaconda3/envs/dispersant_screener/lib/python3.7/site-packages/GPy/kern/src/stationary.py:138: RuntimeWarning:invalid value encountered in add
 /home/kjablonk/anaconda3/envs/dispersant_screener/lib/python3.7/site-packages/GPy/kern/src/stationary.py:565: RuntimeWarning:invalid value encountered in multiply
 /home/kjablonk/anaconda3/envs/dispersant_screener/lib/python3.7/site-packages/GPy/kern/src/stationary.py:568: RuntimeWarning:invalid value encountered in subtract
 /home/kjablonk/anaconda3/envs/dispersant_screener/lib/python3.7/site-packages/GPy/kern/src/stationary.py:166: RuntimeWarning:overflow encountered in true_divide
 /home/kjablonk/anaconda3/envs/dispersant_screener/lib/python3.7/site-packages/GPy/kern/src/stationary.py:138: RuntimeWarning:overflow encountered in multiply
 /home/kjablonk/anaconda3/envs/dispersant_screener/lib/python3.7/site-packages/GPy/kern/src/stationary.py:138: RuntimeWarning:overflow encountered in add
 /home/kjablonk/anaconda3/envs/dispersant_screener/lib/python3.7/site-packages/GPy/kern/src/stationary.py:568: RuntimeWarning:overflow encountered in multiply
 /home/kjablonk/anaconda3/envs/dispersant_screener/lib/python3.7/site-packages/GPy/kern/src/stationary.py:568: RuntimeWarning:invalid value encountered in multiply
 /home/kjablonk/anaconda3/envs/dispersant_screener/lib/python3.7/site-packages/numpy/core/_asarray.py:136: VisibleDeprecationWarning:Creating an ndarray from ragged nested sequences (which is a list-or-tuple of lists-or-tuples-or ndarrays with different lengths or shapes) is deprecated. If you meant to do this, you must specify 'dtype=object' when creating the ndarray
Maximum hypervolume 1536.0438526567837
STARTING PAL
Optimization restart 1/20, f = -127.67547268974272
Optimization restart 2/20, f = -133.24044418723716
Optimization restart 3/20, f = -124.78880448469079
Optimization restart 4/20, f = -124.90463412289535
Optimization restart 5/20, f = -132.44979416900176
Optimization restart 6/20, f = -133.4347538615003
Optimization restart 7/20, f = -133.42840600683246
Optimization restart 8/20, f = -127.36235978830032
Optimization restart 9/20, f = -126.26888878648491
Optimization restart 10/20, f = -124.62918624814151
Optimization restart 11/20, f = -133.33947940081995
Optimization restart 12/20, f = -133.32820871063421
Optimization restart 13/20, f = -133.39244175739304
Optimization restart 14/20, f = -133.25426125980965
Optimization restart 15/20, f = -124.75959985552275
Optimization restart 16/20, f = -124.69106130227267
Optimization restart 17/20, f = -133.31398535402846
Optimization restart 18/20, f = -124.50492827697676
Optimization restart 19/20, f = -132.84122850462006
Optimization restart 20/20, f = -124.63658953621885
pypal at iteration 1.         4 Pareto optimal points,         63 discarded points,         3058 unclassified points.
Hypervolume 719.4442821612049
pypal at iteration 2.         4 Pareto optimal points,         70 discarded points,         3051 unclassified points.
Hypervolume 719.4442821612049
pypal at iteration 3.         5 Pareto optimal points,         71 discarded points,         3049 unclassified points.
Hypervolume 1273.242222379546
pypal at iteration 4.         5 Pareto optimal points,         72 discarded points,         3048 unclassified points.
Hypervolume 1273.242222379546
pypal at iteration 5.         5 Pareto optimal points,         73 discarded points,         3047 unclassified points.
Hypervolume 1273.242222379546
pypal at iteration 6.         5 Pareto optimal points,         74 discarded points,         3046 unclassified points.
Hypervolume 1273.242222379546
pypal at iteration 7.         6 Pareto optimal points,         74 discarded points,         3045 unclassified points.
Hypervolume 1294.6673934271726
pypal at iteration 8.         6 Pareto optimal points,         75 discarded points,         3044 unclassified points.
Hypervolume 1294.6673934271726
pypal at iteration 9.         6 Pareto optimal points,         84 discarded points,         3035 unclassified points.
Hypervolume 1294.6673934271726
pypal at iteration 10.         22 Pareto optimal points,         413 discarded points,         2690 unclassified points.
Hypervolume 1447.7829771335169
Optimization restart 1/20, f = -246.84021764666417
Optimization restart 2/20, f = -246.88169585529826
Optimization restart 3/20, f = -242.3709064290688
Optimization restart 4/20, f = -247.5353379466164
Optimization restart 5/20, f = -230.1314712076797
Optimization restart 6/20, f = -249.15616541796877
Optimization restart 7/20, f = -247.71638877374045
Optimization restart 8/20, f = -223.7616155182746
Optimization restart 9/20, f = -247.71141642629263
Optimization restart 10/20, f = -248.72779661048548
Optimization restart 11/20, f = -249.26291385990257
Optimization restart 12/20, f = -239.1692410317866
Optimization restart 13/20, f = -233.23834369253302
Optimization restart 14/20, f = -241.20525237589533
Optimization restart 15/20, f = -249.21759202824057
Optimization restart 16/20, f = -248.64879621892214
Optimization restart 17/20, f = -247.71161912104066
Optimization restart 18/20, f = -212.57495111263097
Optimization restart 19/20, f = -243.81308158904415
Optimization restart 20/20, f = -238.427699693541
pypal at iteration 11.         39 Pareto optimal points,         1298 discarded points,         1788 unclassified points.
Hypervolume 1467.7254772107212
pypal at iteration 12.         61 Pareto optimal points,         1411 discarded points,         1653 unclassified points.
Hypervolume 1480.1593753231296
pypal at iteration 13.         91 Pareto optimal points,         1480 discarded points,         1554 unclassified points.
Hypervolume 1485.9666075764724
pypal at iteration 14.         93 Pareto optimal points,         1481 discarded points,         1551 unclassified points.
Hypervolume 1485.9666075764724
pypal at iteration 15.         98 Pareto optimal points,         1483 discarded points,         1544 unclassified points.
Hypervolume 1486.5903334687928
pypal at iteration 16.         98 Pareto optimal points,         1489 discarded points,         1538 unclassified points.
Hypervolume 1486.5903334687928
pypal at iteration 17.         98 Pareto optimal points,         1499 discarded points,         1528 unclassified points.
Hypervolume 1486.5903334687928
pypal at iteration 18.         98 Pareto optimal points,         1500 discarded points,         1527 unclassified points.
Hypervolume 1486.5903334687928
pypal at iteration 19.         103 Pareto optimal points,         1506 discarded points,         1516 unclassified points.
Hypervolume 1491.1667191873667
pypal at iteration 20.         103 Pareto optimal points,         1507 discarded points,         1515 unclassified points.
Hypervolume 1491.1667191873667
Optimization restart 1/20, f = -333.5014445540429
Optimization restart 2/20, f = -330.72259297276963
Optimization restart 3/20, f = -332.9980975058237
Optimization restart 4/20, f = -333.56293953974944
Optimization restart 5/20, f = -317.54787430253907
Optimization restart 6/20, f = -333.57052278125997
Optimization restart 7/20, f = -334.35903288216616
Optimization restart 8/20, f = -333.4403170636916
Optimization restart 9/20, f = -332.4197904189644
Optimization restart 10/20, f = -333.6306136573692
Optimization restart 11/20, f = -333.7886332225057
Optimization restart 12/20, f = -333.5374760032754
Optimization restart 13/20, f = -246.79488729648386
Optimization restart 14/20, f = -333.15810853403434
Optimization restart 15/20, f = -332.2639117959536
Optimization restart 16/20, f = -331.71834380517544
Optimization restart 17/20, f = -333.2886039111942
Optimization restart 18/20, f = -333.5689267473462
Optimization restart 19/20, f = -318.50628551981356
Optimization restart 20/20, f = -333.48196622623635
pypal at iteration 21.         131 Pareto optimal points,         1700 discarded points,         1294 unclassified points.
Hypervolume 1502.844988376764
pypal at iteration 22.         131 Pareto optimal points,         1707 discarded points,         1287 unclassified points.
Hypervolume 1502.844988376764
pypal at iteration 23.         131 Pareto optimal points,         1708 discarded points,         1286 unclassified points.
Hypervolume 1502.844988376764
pypal at iteration 24.         132 Pareto optimal points,         1715 discarded points,         1278 unclassified points.
Hypervolume 1502.844988376764
pypal at iteration 25.         132 Pareto optimal points,         1717 discarded points,         1276 unclassified points.
Hypervolume 1502.844988376764
pypal at iteration 26.         133 Pareto optimal points,         1721 discarded points,         1271 unclassified points.
Hypervolume 1502.844988376764
pypal at iteration 27.         133 Pareto optimal points,         1723 discarded points,         1269 unclassified points.
Hypervolume 1502.844988376764
pypal at iteration 28.         133 Pareto optimal points,         1723 discarded points,         1269 unclassified points.
Hypervolume 1502.844988376764
pypal at iteration 29.         133 Pareto optimal points,         1723 discarded points,         1269 unclassified points.
Hypervolume 1502.844988376764
pypal at iteration 30.         133 Pareto optimal points,         1832 discarded points,         1160 unclassified points.
Hypervolume 1502.844988376764
Optimization restart 1/20, f = -399.08891645537255
Optimization restart 2/20, f = -398.1402518725975
Optimization restart 3/20, f = -398.64849601347566
Optimization restart 4/20, f = -399.0646718429864
Optimization restart 5/20, f = -399.3059584024109
Optimization restart 6/20, f = -398.38398309171214
Optimization restart 7/20, f = -391.124046791522
Optimization restart 8/20, f = -396.73051648705024
Optimization restart 9/20, f = -387.3020453361841
Optimization restart 10/20, f = -396.77641466933153
Optimization restart 11/20, f = -396.59367633187577
Optimization restart 12/20, f = -398.8910007602361
Optimization restart 13/20, f = -399.0011121624324
Optimization restart 14/20, f = -397.7397106320433
Optimization restart 15/20, f = -397.49060972559687
Optimization restart 16/20, f = -393.3240560990731
Optimization restart 17/20, f = -312.5823083884708
Optimization restart 18/20, f = -398.01283924321706
Optimization restart 19/20, f = -312.85571263610564
Optimization restart 20/20, f = -396.0785202513743
pypal at iteration 31.         133 Pareto optimal points,         1840 discarded points,         1152 unclassified points.
Hypervolume 1502.844988376764
pypal at iteration 32.         133 Pareto optimal points,         1840 discarded points,         1152 unclassified points.
Hypervolume 1502.844988376764
pypal at iteration 33.         133 Pareto optimal points,         1841 discarded points,         1151 unclassified points.
Hypervolume 1502.844988376764
pypal at iteration 34.         133 Pareto optimal points,         1841 discarded points,         1151 unclassified points.
Hypervolume 1502.844988376764
pypal at iteration 35.         137 Pareto optimal points,         1841 discarded points,         1147 unclassified points.
Hypervolume 1502.8521842069113
pypal at iteration 36.         137 Pareto optimal points,         1841 discarded points,         1147 unclassified points.
Hypervolume 1502.8521842069113
pypal at iteration 37.         137 Pareto optimal points,         1841 discarded points,         1147 unclassified points.
Hypervolume 1502.8521842069113
pypal at iteration 38.         137 Pareto optimal points,         1841 discarded points,         1147 unclassified points.
Hypervolume 1502.8521842069113
pypal at iteration 39.         137 Pareto optimal points,         1841 discarded points,         1147 unclassified points.
Hypervolume 1502.8521842069113
pypal at iteration 40.         137 Pareto optimal points,         1841 discarded points,         1147 unclassified points.
Hypervolume 1502.8521842069113
Optimization restart 1/20, f = -460.85831422088046
Optimization restart 2/20, f = -356.9777159173117
Optimization restart 3/20, f = -460.4849959879467
Optimization restart 4/20, f = -460.2332406627971
Optimization restart 5/20, f = -454.36958117665614
Optimization restart 6/20, f = -457.145405416487
Optimization restart 7/20, f = -460.8636659079538
Optimization restart 8/20, f = -456.56677149817347
Optimization restart 9/20, f = -454.7345312818689
Optimization restart 10/20, f = -460.2623869588467
Optimization restart 11/20, f = -459.96117465567926
Optimization restart 12/20, f = -454.1570927162811
Optimization restart 13/20, f = -458.39450604997387
Optimization restart 14/20, f = -459.6556613335693
Optimization restart 15/20, f = -453.08331601462896
Optimization restart 16/20, f = -444.70077549268365
Optimization restart 17/20, f = -459.64717082447
Optimization restart 18/20, f = -460.77460044201166
Optimization restart 19/20, f = -436.0222986732869
Optimization restart 20/20, f = -452.97075391754595
pypal at iteration 41.         137 Pareto optimal points,         1849 discarded points,         1139 unclassified points.
Hypervolume 1502.8521842069113
pypal at iteration 42.         137 Pareto optimal points,         1850 discarded points,         1138 unclassified points.
Hypervolume 1502.8521842069113
pypal at iteration 43.         137 Pareto optimal points,         1850 discarded points,         1138 unclassified points.
Hypervolume 1502.8521842069113
pypal at iteration 44.         137 Pareto optimal points,         1970 discarded points,         1018 unclassified points.
Hypervolume 1502.8521842069113
pypal at iteration 45.         137 Pareto optimal points,         1970 discarded points,         1018 unclassified points.
Hypervolume 1502.8521842069113
pypal at iteration 46.         137 Pareto optimal points,         1971 discarded points,         1017 unclassified points.
Hypervolume 1502.8521842069113
pypal at iteration 47.         137 Pareto optimal points,         1972 discarded points,         1016 unclassified points.
Hypervolume 1502.8521842069113
pypal at iteration 48.         137 Pareto optimal points,         1973 discarded points,         1015 unclassified points.
Hypervolume 1502.8521842069113
pypal at iteration 49.         137 Pareto optimal points,         1974 discarded points,         1014 unclassified points.
Hypervolume 1502.8521842069113
pypal at iteration 50.         137 Pareto optimal points,         1975 discarded points,         1013 unclassified points.
Hypervolume 1502.8521842069113
Optimization restart 1/20, f = -524.3213515751252
Optimization restart 2/20, f = -523.0342728449666
Optimization restart 3/20, f = -423.95226332179726
Optimization restart 4/20, f = -522.8502839447066
Optimization restart 5/20, f = -518.7775389538583
Optimization restart 6/20, f = -522.4030386825757
Optimization restart 7/20, f = -522.8110508132518
Optimization restart 8/20, f = -515.076983199916
Optimization restart 9/20, f = -522.7297955574818
Optimization restart 10/20, f = -522.1437819898562
Optimization restart 11/20, f = -522.415655702298
Optimization restart 12/20, f = -523.0290211076352
Optimization restart 13/20, f = -513.2045973188135
Optimization restart 14/20, f = -519.9593090852868
Optimization restart 15/20, f = -507.041784142286
Optimization restart 16/20, f = -515.3900018216939
Optimization restart 17/20, f = -517.311806327689
Optimization restart 18/20, f = -519.7945613388415
Optimization restart 19/20, f = -518.9552013528356
Optimization restart 20/20, f = -510.4036753447949
pypal at iteration 51.         137 Pareto optimal points,         1975 discarded points,         1013 unclassified points.
Hypervolume 1502.8521842069113
pypal at iteration 52.         137 Pareto optimal points,         1975 discarded points,         1013 unclassified points.
Hypervolume 1502.8521842069113
pypal at iteration 53.         137 Pareto optimal points,         1975 discarded points,         1013 unclassified points.
Hypervolume 1502.8521842069113
pypal at iteration 54.         137 Pareto optimal points,         1976 discarded points,         1012 unclassified points.
Hypervolume 1502.8521842069113
pypal at iteration 55.         137 Pareto optimal points,         1977 discarded points,         1011 unclassified points.
Hypervolume 1502.8521842069113
pypal at iteration 56.         137 Pareto optimal points,         1977 discarded points,         1011 unclassified points.
Hypervolume 1502.8521842069113
pypal at iteration 57.         137 Pareto optimal points,         1977 discarded points,         1011 unclassified points.
Hypervolume 1502.8521842069113
pypal at iteration 58.         138 Pareto optimal points,         2049 discarded points,         938 unclassified points.
Hypervolume 1502.8521842069113
pypal at iteration 59.         138 Pareto optimal points,         2053 discarded points,         934 unclassified points.
Hypervolume 1502.8521842069113
pypal at iteration 60.         138 Pareto optimal points,         2123 discarded points,         864 unclassified points.
Hypervolume 1502.8521842069113
Optimization restart 1/20, f = -591.1161507308087
Optimization restart 2/20, f = -589.9769518032563
Optimization restart 3/20, f = -589.8795621237749
Optimization restart 4/20, f = -589.4715275683221
Optimization restart 5/20, f = -579.5930809839588
Optimization restart 6/20, f = -586.8971265694938
Optimization restart 7/20, f = -588.6433146963909
Optimization restart 8/20, f = -589.8606990573226
Optimization restart 9/20, f = -590.170296832614
Optimization restart 10/20, f = -463.8242005463376
Optimization restart 11/20, f = -483.81074043276124
Optimization restart 12/20, f = -589.9707891912562
Optimization restart 13/20, f = -585.2232079303142
Optimization restart 14/20, f = -577.5729062893515
Optimization restart 15/20, f = -586.3389432134602
Optimization restart 16/20, f = -583.4965104645913
Optimization restart 17/20, f = -467.3674791734476
Optimization restart 18/20, f = -585.7263261171202
Optimization restart 19/20, f = -573.9655083563457
Optimization restart 20/20, f = -589.0670122427432
pypal at iteration 61.         138 Pareto optimal points,         2124 discarded points,         863 unclassified points.
Hypervolume 1502.8521842069113
pypal at iteration 62.         138 Pareto optimal points,         2129 discarded points,         858 unclassified points.
Hypervolume 1502.8521842069113
pypal at iteration 63.         138 Pareto optimal points,         2129 discarded points,         858 unclassified points.
Hypervolume 1502.8521842069113
pypal at iteration 64.         138 Pareto optimal points,         2131 discarded points,         856 unclassified points.
Hypervolume 1502.8521842069113
pypal at iteration 65.         138 Pareto optimal points,         2131 discarded points,         856 unclassified points.
Hypervolume 1502.8521842069113
pypal at iteration 66.         138 Pareto optimal points,         2132 discarded points,         855 unclassified points.
Hypervolume 1502.8521842069113
pypal at iteration 67.         138 Pareto optimal points,         2133 discarded points,         854 unclassified points.
Hypervolume 1502.8521842069113
pypal at iteration 68.         138 Pareto optimal points,         2134 discarded points,         853 unclassified points.
Hypervolume 1502.8521842069113
pypal at iteration 69.         138 Pareto optimal points,         2135 discarded points,         852 unclassified points.
Hypervolume 1502.8521842069113
pypal at iteration 70.         138 Pareto optimal points,         2136 discarded points,         851 unclassified points.
Hypervolume 1502.8521842069113
Optimization restart 1/20, f = -647.1317930619432
Optimization restart 2/20, f = -645.754380838736
Optimization restart 3/20, f = -645.1720040609903
Optimization restart 4/20, f = -645.5159081632172
Optimization restart 5/20, f = -639.4963957412165
Optimization restart 6/20, f = -645.3157317317032
Optimization restart 7/20, f = -641.888905958602
Optimization restart 8/20, f = -642.262941681463
Optimization restart 9/20, f = -627.1320920817593
Optimization restart 10/20, f = -631.2357926183704
Optimization restart 11/20, f = -645.5893642069502
Optimization restart 12/20, f = -644.6707051021375
Optimization restart 13/20, f = -641.2850397728998
Optimization restart 14/20, f = -641.9780176520118
Optimization restart 15/20, f = -638.870405617679
Optimization restart 16/20, f = -644.209169091757
Optimization restart 17/20, f = -646.0314440399801
Optimization restart 18/20, f = -606.3900555471155
Optimization restart 19/20, f = -645.4980281612052
Optimization restart 20/20, f = -642.4543727769443
pypal at iteration 71.         139 Pareto optimal points,         2371 discarded points,         615 unclassified points.
Hypervolume 1502.8521842069113
pypal at iteration 72.         139 Pareto optimal points,         2376 discarded points,         610 unclassified points.
Hypervolume 1502.8521842069113
pypal at iteration 73.         139 Pareto optimal points,         2376 discarded points,         610 unclassified points.
Hypervolume 1502.8521842069113
pypal at iteration 74.         139 Pareto optimal points,         2377 discarded points,         609 unclassified points.
Hypervolume 1502.8521842069113
pypal at iteration 75.         139 Pareto optimal points,         2377 discarded points,         609 unclassified points.
Hypervolume 1502.8521842069113
pypal at iteration 76.         140 Pareto optimal points,         2609 discarded points,         376 unclassified points.
Hypervolume 1503.5974097850878
pypal at iteration 77.         140 Pareto optimal points,         2611 discarded points,         374 unclassified points.
Hypervolume 1503.5974097850878
pypal at iteration 78.         140 Pareto optimal points,         2612 discarded points,         373 unclassified points.
Hypervolume 1503.5974097850878
pypal at iteration 79.         140 Pareto optimal points,         2613 discarded points,         372 unclassified points.
Hypervolume 1503.5974097850878
pypal at iteration 80.         140 Pareto optimal points,         2614 discarded points,         371 unclassified points.
Hypervolume 1503.5974097850878
Optimization restart 1/20, f = -705.3838715529416
Optimization restart 2/20, f = -704.5964449072113
Optimization restart 3/20, f = -703.2173538338773
Optimization restart 4/20, f = -688.771601517693
Optimization restart 5/20, f = -691.5793208476452
Optimization restart 6/20, f = -697.5250966483688
Optimization restart 7/20, f = -703.6450082302929
Optimization restart 8/20, f = -703.8851687501317
Optimization restart 9/20, f = -703.3181375861768
Optimization restart 10/20, f = -699.937764930715
Optimization restart 11/20, f = -701.6471169043787
Optimization restart 12/20, f = -688.0508127477727
Optimization restart 13/20, f = -684.0677447100283
Optimization restart 14/20, f = -655.4907239484585
Optimization restart 15/20, f = -702.6780943821915
Optimization restart 16/20, f = -696.4195061798184
Optimization restart 17/20, f = -695.2281978810847
Optimization restart 18/20, f = -703.035514760242
Optimization restart 19/20, f = -702.62374679639
Optimization restart 20/20, f = -705.0149628350264
pypal at iteration 81.         140 Pareto optimal points,         2615 discarded points,         370 unclassified points.
Hypervolume 1503.5974097850878
pypal at iteration 82.         140 Pareto optimal points,         2616 discarded points,         369 unclassified points.
Hypervolume 1503.5974097850878
pypal at iteration 83.         140 Pareto optimal points,         2617 discarded points,         368 unclassified points.
Hypervolume 1503.5974097850878
pypal at iteration 84.         140 Pareto optimal points,         2617 discarded points,         368 unclassified points.
Hypervolume 1503.5974097850878
pypal at iteration 85.         140 Pareto optimal points,         2626 discarded points,         359 unclassified points.
Hypervolume 1503.5974097850878
pypal at iteration 86.         140 Pareto optimal points,         2638 discarded points,         347 unclassified points.
Hypervolume 1503.5974097850878
pypal at iteration 87.         140 Pareto optimal points,         2689 discarded points,         296 unclassified points.
Hypervolume 1503.5974097850878
pypal at iteration 88.         140 Pareto optimal points,         2689 discarded points,         296 unclassified points.
Hypervolume 1503.5974097850878
pypal at iteration 89.         140 Pareto optimal points,         2690 discarded points,         295 unclassified points.
Hypervolume 1503.5974097850878
pypal at iteration 90.         140 Pareto optimal points,         2691 discarded points,         294 unclassified points.
Hypervolume 1503.5974097850878
Optimization restart 1/20, f = -764.0004042014632
Optimization restart 2/20, f = -761.5615054812997
Optimization restart 3/20, f = -756.963455957341
Optimization restart 4/20, f = -757.9506897376174
Optimization restart 5/20, f = -761.7703625978857
Optimization restart 6/20, f = -761.2814754775472
Optimization restart 7/20, f = -759.7041776791667
Optimization restart 8/20, f = -750.9432830063712
Optimization restart 9/20, f = -757.37400922016
Optimization restart 10/20, f = -758.0928446316241
Optimization restart 11/20, f = -755.6567976006172
Optimization restart 12/20, f = -761.1281418034685
Optimization restart 13/20, f = -757.9161375947359
Optimization restart 14/20, f = -758.3172188358775
Optimization restart 15/20, f = -751.6704222170717
Optimization restart 16/20, f = -759.0004938366372
Optimization restart 17/20, f = -761.900982450666
Optimization restart 18/20, f = -759.1453051185246
Optimization restart 19/20, f = -759.4817412665072
Optimization restart 20/20, f = -757.7613199896812
pypal at iteration 91.         140 Pareto optimal points,         2692 discarded points,         293 unclassified points.
Hypervolume 1503.5974097850878
pypal at iteration 92.         140 Pareto optimal points,         2692 discarded points,         293 unclassified points.
Hypervolume 1503.5974097850878
pypal at iteration 93.         140 Pareto optimal points,         2693 discarded points,         292 unclassified points.
Hypervolume 1503.5974097850878
pypal at iteration 94.         140 Pareto optimal points,         2694 discarded points,         291 unclassified points.
Hypervolume 1503.5974097850878
pypal at iteration 95.         140 Pareto optimal points,         2695 discarded points,         290 unclassified points.
Hypervolume 1503.5974097850878
pypal at iteration 96.         140 Pareto optimal points,         2696 discarded points,         289 unclassified points.
Hypervolume 1503.5974097850878
pypal at iteration 97.         141 Pareto optimal points,         2762 discarded points,         222 unclassified points.
Hypervolume 1506.0645553190116
pypal at iteration 98.         141 Pareto optimal points,         2763 discarded points,         221 unclassified points.
Hypervolume 1506.0645553190116
pypal at iteration 99.         141 Pareto optimal points,         2763 discarded points,         221 unclassified points.
Hypervolume 1506.0645553190116
pypal at iteration 100.         142 Pareto optimal points,         2951 discarded points,         32 unclassified points.
Hypervolume 1521.0658335456674
Optimization restart 1/20, f = -824.9295389454991
Optimization restart 2/20, f = -819.5915348506139
Optimization restart 3/20, f = -807.9311832098587
Optimization restart 4/20, f = -822.3285186248228
Optimization restart 5/20, f = -822.4052730354148
Optimization restart 6/20, f = -818.8062576173776
Optimization restart 7/20, f = -810.2061819167993
Optimization restart 8/20, f = -819.2127725977688
Optimization restart 9/20, f = -821.1776831659084
Optimization restart 10/20, f = -820.3398330765857
Optimization restart 11/20, f = -815.0543271515221
Optimization restart 12/20, f = -818.6608249218559
Optimization restart 13/20, f = -808.1936254523068
Optimization restart 14/20, f = -822.4471549844474
Optimization restart 15/20, f = -821.6931124050395
Optimization restart 16/20, f = -816.4137339119441
Optimization restart 17/20, f = -819.9168941185002
Optimization restart 18/20, f = -820.093014149424
Optimization restart 19/20, f = -816.0184109890473
Optimization restart 20/20, f = -818.6401025022399
pypal at iteration 101.         142 Pareto optimal points,         2951 discarded points,         32 unclassified points.
Hypervolume 1521.0658335456674
pypal at iteration 102.         142 Pareto optimal points,         2963 discarded points,         20 unclassified points.
Hypervolume 1521.0658335456674
pypal at iteration 103.         142 Pareto optimal points,         2963 discarded points,         20 unclassified points.
Hypervolume 1521.0658335456674
pypal at iteration 104.         142 Pareto optimal points,         2963 discarded points,         20 unclassified points.
Hypervolume 1521.0658335456674
pypal at iteration 105.         142 Pareto optimal points,         2963 discarded points,         20 unclassified points.
Hypervolume 1521.0658335456674
pypal at iteration 106.         142 Pareto optimal points,         2963 discarded points,         20 unclassified points.
Hypervolume 1521.0658335456674
pypal at iteration 107.         142 Pareto optimal points,         2963 discarded points,         20 unclassified points.
Hypervolume 1521.0658335456674
pypal at iteration 108.         142 Pareto optimal points,         2963 discarded points,         20 unclassified points.
Hypervolume 1521.0658335456674
pypal at iteration 109.         142 Pareto optimal points,         2964 discarded points,         19 unclassified points.
Hypervolume 1521.0658335456674
pypal at iteration 110.         142 Pareto optimal points,         2964 discarded points,         19 unclassified points.
Hypervolume 1521.0658335456674
Optimization restart 1/20, f = -884.577572447372
Optimization restart 2/20, f = -881.0327673412783
Optimization restart 3/20, f = -880.828819422724
Optimization restart 4/20, f = -878.0754226588277
Optimization restart 5/20, f = -879.4445268709322
Optimization restart 6/20, f = -876.5996337417732
Optimization restart 7/20, f = -880.98999067614
Optimization restart 8/20, f = -877.6500945731107
Optimization restart 9/20, f = -878.3794666649358
Optimization restart 10/20, f = -869.0883667901337
Optimization restart 11/20, f = -878.0222050696692
Optimization restart 12/20, f = -880.3726696895358
Optimization restart 13/20, f = -814.0885138387486
Optimization restart 14/20, f = -879.4630612670239
Optimization restart 15/20, f = -878.1413805899847
Optimization restart 16/20, f = -871.9652645119473
Optimization restart 17/20, f = -879.0382973513399
Optimization restart 18/20, f = -877.7058910579017
Optimization restart 19/20, f = -881.7090586644993
Optimization restart 20/20, f = -880.0236687067759
pypal at iteration 111.         142 Pareto optimal points,         2964 discarded points,         19 unclassified points.
Hypervolume 1521.0658335456674
pypal at iteration 112.         142 Pareto optimal points,         2964 discarded points,         19 unclassified points.
Hypervolume 1521.0658335456674
pypal at iteration 113.         142 Pareto optimal points,         2964 discarded points,         19 unclassified points.
Hypervolume 1521.0658335456674
pypal at iteration 114.         142 Pareto optimal points,         2965 discarded points,         18 unclassified points.
Hypervolume 1521.0658335456674
pypal at iteration 115.         142 Pareto optimal points,         2965 discarded points,         18 unclassified points.
Hypervolume 1521.0658335456674
pypal at iteration 116.         142 Pareto optimal points,         2965 discarded points,         18 unclassified points.
Hypervolume 1521.0658335456674
pypal at iteration 117.         142 Pareto optimal points,         2965 discarded points,         18 unclassified points.
Hypervolume 1521.0658335456674
pypal at iteration 118.         142 Pareto optimal points,         2966 discarded points,         17 unclassified points.
Hypervolume 1521.0658335456674
pypal at iteration 119.         143 Pareto optimal points,         2973 discarded points,         9 unclassified points.
Hypervolume 1522.9222906221707
Done. No unclassified point left
pypal at iteration 119.         143 Pareto optimal points,         2982 discarded points,         0 unclassified points.
Hypervolume 1522.9222906221707
