 /home/kjablonk/anaconda3/envs/dispersant_screener/lib/python3.7/site-packages/sklearn/utils/deprecation.py:143: FutureWarning:The sklearn.preprocessing.data module is  deprecated in version 0.22 and will be removed in version 0.24. The corresponding classes / functions should instead be imported from sklearn.preprocessing. Anything that cannot be imported from sklearn.preprocessing is now part of the private API.
 /home/kjablonk/programs/pypal/pypal/pal/validate_inputs.py:146: UserWarning:No goals provided,                 will assume that every dimension should be maximized
 /home/kjablonk/anaconda3/envs/dispersant_screener/lib/python3.7/site-packages/GPy/kern/src/stationary.py:137: RuntimeWarning:overflow encountered in square
 /home/kjablonk/anaconda3/envs/dispersant_screener/lib/python3.7/site-packages/GPy/kern/src/stationary.py:138: RuntimeWarning:invalid value encountered in add
 /home/kjablonk/anaconda3/envs/dispersant_screener/lib/python3.7/site-packages/GPy/kern/src/stationary.py:565: RuntimeWarning:invalid value encountered in multiply
 /home/kjablonk/anaconda3/envs/dispersant_screener/lib/python3.7/site-packages/GPy/kern/src/stationary.py:568: RuntimeWarning:invalid value encountered in subtract
 /home/kjablonk/anaconda3/envs/dispersant_screener/lib/python3.7/site-packages/GPy/kern/src/stationary.py:166: RuntimeWarning:overflow encountered in true_divide
 /home/kjablonk/anaconda3/envs/dispersant_screener/lib/python3.7/site-packages/GPy/kern/src/stationary.py:243: RuntimeWarning:invalid value encountered in true_divide
 /home/kjablonk/anaconda3/envs/dispersant_screener/lib/python3.7/site-packages/paramz/transformations.py:111: RuntimeWarning:overflow encountered in expm1
 /home/kjablonk/anaconda3/envs/dispersant_screener/lib/python3.7/site-packages/GPy/kern/src/stationary.py:243: RuntimeWarning:invalid value encountered in true_divide
 /home/kjablonk/anaconda3/envs/dispersant_screener/lib/python3.7/site-packages/GPy/kern/src/stationary.py:137: RuntimeWarning:overflow encountered in square
 /home/kjablonk/anaconda3/envs/dispersant_screener/lib/python3.7/site-packages/GPy/kern/src/stationary.py:138: RuntimeWarning:invalid value encountered in add
 /home/kjablonk/anaconda3/envs/dispersant_screener/lib/python3.7/site-packages/GPy/kern/src/stationary.py:565: RuntimeWarning:invalid value encountered in multiply
 /home/kjablonk/anaconda3/envs/dispersant_screener/lib/python3.7/site-packages/GPy/kern/src/stationary.py:568: RuntimeWarning:invalid value encountered in subtract
 /home/kjablonk/anaconda3/envs/dispersant_screener/lib/python3.7/site-packages/GPy/kern/src/stationary.py:166: RuntimeWarning:overflow encountered in true_divide
 /home/kjablonk/anaconda3/envs/dispersant_screener/lib/python3.7/site-packages/numpy/core/_asarray.py:136: VisibleDeprecationWarning:Creating an ndarray from ragged nested sequences (which is a list-or-tuple of lists-or-tuples-or ndarrays with different lengths or shapes) is deprecated. If you meant to do this, you must specify 'dtype=object' when creating the ndarray
Maximum hypervolume 1536.0438526567837
STARTING PAL
Optimization restart 1/20, f = -431.3977800331075
Optimization restart 2/20, f = -429.6790915339359
Optimization restart 3/20, f = -432.13197364133106
Optimization restart 4/20, f = -431.6724882418508
Optimization restart 5/20, f = -430.0991643841137
Optimization restart 6/20, f = -431.591890928522
Optimization restart 7/20, f = -422.21125918072704
Optimization restart 8/20, f = -430.37994794108306
Optimization restart 9/20, f = -398.14265397813887
Optimization restart 10/20, f = -431.82033113993737
Optimization restart 11/20, f = -428.1814035858725
Optimization restart 12/20, f = -432.11956444830804
Optimization restart 13/20, f = -431.652188199751
Optimization restart 14/20, f = -400.4062632541556
Optimization restart 15/20, f = -431.47487775547916
Optimization restart 16/20, f = -429.0760157258764
Optimization restart 17/20, f = -432.476474347411
Optimization restart 18/20, f = -431.8642097863709
Optimization restart 19/20, f = -432.09404142257256
Optimization restart 20/20, f = -429.7151816318513
pypal at iteration 1.         5 Pareto optimal points,         475 discarded points,         2645 unclassified points.
Hypervolume 771.6967717058961
pypal at iteration 2.         6 Pareto optimal points,         489 discarded points,         2630 unclassified points.
Hypervolume 771.7613519827089
pypal at iteration 3.         6 Pareto optimal points,         489 discarded points,         2630 unclassified points.
Hypervolume 771.7613519827089
pypal at iteration 4.         7 Pareto optimal points,         491 discarded points,         2627 unclassified points.
Hypervolume 1291.6046535137525
pypal at iteration 5.         7 Pareto optimal points,         492 discarded points,         2626 unclassified points.
Hypervolume 1291.6046535137525
pypal at iteration 6.         7 Pareto optimal points,         493 discarded points,         2625 unclassified points.
Hypervolume 1291.6046535137525
pypal at iteration 7.         8 Pareto optimal points,         493 discarded points,         2624 unclassified points.
Hypervolume 1334.5778986254013
pypal at iteration 8.         8 Pareto optimal points,         494 discarded points,         2623 unclassified points.
Hypervolume 1334.5778986254013
pypal at iteration 9.         8 Pareto optimal points,         495 discarded points,         2622 unclassified points.
Hypervolume 1334.5778986254013
pypal at iteration 10.         8 Pareto optimal points,         496 discarded points,         2621 unclassified points.
Hypervolume 1334.5778986254013
Optimization restart 1/20, f = -544.5804520092141
Optimization restart 2/20, f = -543.5774934186308
Optimization restart 3/20, f = -543.5684160670456
Optimization restart 4/20, f = -515.4232233662788
Optimization restart 5/20, f = -542.9413756761437
Optimization restart 6/20, f = -544.7800002063709
Optimization restart 7/20, f = -542.7529061231605
Optimization restart 8/20, f = -544.2818272195108
Optimization restart 9/20, f = -543.3252711287598
Optimization restart 10/20, f = -543.6344646374796
Optimization restart 11/20, f = -543.7973403996052
Optimization restart 12/20, f = -541.4915683222007
Optimization restart 13/20, f = -539.5576799277742
Optimization restart 14/20, f = -543.6774947924443
Optimization restart 15/20, f = -543.9621222852513
Optimization restart 16/20, f = -542.7627146585551
Optimization restart 17/20, f = -470.1851355634628
Optimization restart 18/20, f = -543.5259258678484
Optimization restart 19/20, f = -541.7477348323819
Optimization restart 20/20, f = -535.3822557644507
pypal at iteration 11.         8 Pareto optimal points,         546 discarded points,         2571 unclassified points.
Hypervolume 1334.5778986254013
pypal at iteration 12.         8 Pareto optimal points,         560 discarded points,         2557 unclassified points.
Hypervolume 1334.5778986254013
pypal at iteration 13.         8 Pareto optimal points,         647 discarded points,         2470 unclassified points.
Hypervolume 1334.5778986254013
pypal at iteration 14.         9 Pareto optimal points,         649 discarded points,         2467 unclassified points.
Hypervolume 1335.5329651159927
pypal at iteration 15.         9 Pareto optimal points,         652 discarded points,         2464 unclassified points.
Hypervolume 1335.5329651159927
pypal at iteration 16.         9 Pareto optimal points,         653 discarded points,         2463 unclassified points.
Hypervolume 1335.5329651159927
pypal at iteration 17.         9 Pareto optimal points,         657 discarded points,         2459 unclassified points.
Hypervolume 1335.5329651159927
pypal at iteration 18.         9 Pareto optimal points,         658 discarded points,         2458 unclassified points.
Hypervolume 1335.5329651159927
pypal at iteration 19.         9 Pareto optimal points,         679 discarded points,         2437 unclassified points.
Hypervolume 1335.5329651159927
pypal at iteration 20.         9 Pareto optimal points,         680 discarded points,         2436 unclassified points.
Hypervolume 1335.5329651159927
Optimization restart 1/20, f = -639.6209785072456
Optimization restart 2/20, f = -631.1919828865261
Optimization restart 3/20, f = -637.9748848445842
Optimization restart 4/20, f = -636.2188019710763
Optimization restart 5/20, f = -634.2047809349418
Optimization restart 6/20, f = -634.5630997124308
Optimization restart 7/20, f = -635.4814072279559
Optimization restart 8/20, f = -614.7429787631621
Optimization restart 9/20, f = -631.6941744927431
Optimization restart 10/20, f = -636.113369472831
Optimization restart 11/20, f = -634.5610599668637
Optimization restart 12/20, f = -634.8901737783062
Optimization restart 13/20, f = -629.6597518443212
Optimization restart 14/20, f = -637.1341915001892
Optimization restart 15/20, f = -636.103985354637
Optimization restart 16/20, f = -638.1596294606945
Optimization restart 17/20, f = -623.4718537115004
Optimization restart 18/20, f = -636.6321708371373
Optimization restart 19/20, f = -636.298463883319
Optimization restart 20/20, f = -630.0424479044486
pypal at iteration 21.         11 Pareto optimal points,         983 discarded points,         2131 unclassified points.
Hypervolume 1360.1595473319744
pypal at iteration 22.         11 Pareto optimal points,         1007 discarded points,         2107 unclassified points.
Hypervolume 1360.1595473319744
pypal at iteration 23.         11 Pareto optimal points,         1013 discarded points,         2101 unclassified points.
Hypervolume 1360.1595473319744
pypal at iteration 24.         11 Pareto optimal points,         1026 discarded points,         2088 unclassified points.
Hypervolume 1360.1595473319744
pypal at iteration 25.         11 Pareto optimal points,         1028 discarded points,         2086 unclassified points.
Hypervolume 1360.1595473319744
pypal at iteration 26.         12 Pareto optimal points,         1029 discarded points,         2084 unclassified points.
Hypervolume 1362.9770621014095
pypal at iteration 27.         12 Pareto optimal points,         1035 discarded points,         2078 unclassified points.
Hypervolume 1362.9770621014095
pypal at iteration 28.         12 Pareto optimal points,         1035 discarded points,         2078 unclassified points.
Hypervolume 1362.9770621014095
pypal at iteration 29.         13 Pareto optimal points,         1042 discarded points,         2070 unclassified points.
Hypervolume 1374.532486821394
pypal at iteration 30.         14 Pareto optimal points,         1042 discarded points,         2069 unclassified points.
Hypervolume 1374.6847518705736
Optimization restart 1/20, f = -720.9501431588337
Optimization restart 2/20, f = -714.6020404496202
Optimization restart 3/20, f = -717.8743111677596
Optimization restart 4/20, f = -710.5888891787647
Optimization restart 5/20, f = -718.3827657371414
Optimization restart 6/20, f = -717.704631909764
Optimization restart 7/20, f = -713.6607024879241
Optimization restart 8/20, f = -719.0528384205551
Optimization restart 9/20, f = -717.6009311833486
Optimization restart 10/20, f = -716.1862004777151
Optimization restart 11/20, f = -714.9223295006744
Optimization restart 12/20, f = -718.2353192648469
Optimization restart 13/20, f = -719.5960596386838
Optimization restart 14/20, f = -709.7558129154052
Optimization restart 15/20, f = -713.1602826661923
Optimization restart 16/20, f = -718.6689202920729
Optimization restart 17/20, f = -720.3086602675687
Optimization restart 18/20, f = -720.4576871845404
Optimization restart 19/20, f = -718.0432302383178
Optimization restart 20/20, f = -717.2266468813872
pypal at iteration 31.         14 Pareto optimal points,         1049 discarded points,         2062 unclassified points.
Hypervolume 1374.6847518705736
pypal at iteration 32.         14 Pareto optimal points,         1050 discarded points,         2061 unclassified points.
Hypervolume 1374.6847518705736
pypal at iteration 33.         14 Pareto optimal points,         1052 discarded points,         2059 unclassified points.
Hypervolume 1374.6847518705736
pypal at iteration 34.         14 Pareto optimal points,         1054 discarded points,         2057 unclassified points.
Hypervolume 1374.6847518705736
pypal at iteration 35.         14 Pareto optimal points,         1055 discarded points,         2056 unclassified points.
Hypervolume 1374.6847518705736
pypal at iteration 36.         14 Pareto optimal points,         1056 discarded points,         2055 unclassified points.
Hypervolume 1374.6847518705736
pypal at iteration 37.         14 Pareto optimal points,         1057 discarded points,         2054 unclassified points.
Hypervolume 1374.6847518705736
pypal at iteration 38.         14 Pareto optimal points,         1058 discarded points,         2053 unclassified points.
Hypervolume 1374.6847518705736
pypal at iteration 39.         14 Pareto optimal points,         1060 discarded points,         2051 unclassified points.
Hypervolume 1374.6847518705736
pypal at iteration 40.         15 Pareto optimal points,         1090 discarded points,         2020 unclassified points.
Hypervolume 1378.425511232204
Optimization restart 1/20, f = -792.6278788842476
Optimization restart 2/20, f = -783.85430298526
Optimization restart 3/20, f = -788.6367202390074
Optimization restart 4/20, f = -785.4080462343126
Optimization restart 5/20, f = -784.3611025124279
Optimization restart 6/20, f = -788.3642400654611
Optimization restart 7/20, f = -784.5549106968406
Optimization restart 8/20, f = -776.5237269634808
Optimization restart 9/20, f = -789.4542555286242
Optimization restart 10/20, f = -788.8413606943886
Optimization restart 11/20, f = -789.6346606860582
Optimization restart 12/20, f = -786.8004940611081
Optimization restart 13/20, f = -791.5290991020102
Optimization restart 14/20, f = -790.3284535881726
Optimization restart 15/20, f = -789.5311840714689
Optimization restart 16/20, f = -779.0154304698356
Optimization restart 17/20, f = -787.1456108581388
Optimization restart 18/20, f = -785.1674163486596
Optimization restart 19/20, f = -780.7720719189933
Optimization restart 20/20, f = -782.1251612833769
pypal at iteration 41.         15 Pareto optimal points,         1096 discarded points,         2014 unclassified points.
Hypervolume 1378.425511232204
pypal at iteration 42.         16 Pareto optimal points,         1125 discarded points,         1984 unclassified points.
Hypervolume 1381.96297333136
pypal at iteration 43.         16 Pareto optimal points,         1125 discarded points,         1984 unclassified points.
Hypervolume 1381.96297333136
pypal at iteration 44.         17 Pareto optimal points,         1125 discarded points,         1983 unclassified points.
Hypervolume 1382.5432775664462
pypal at iteration 45.         18 Pareto optimal points,         1890 discarded points,         1217 unclassified points.
Hypervolume 1419.4821672122373
pypal at iteration 46.         18 Pareto optimal points,         1893 discarded points,         1214 unclassified points.
Hypervolume 1419.4821672122373
pypal at iteration 47.         18 Pareto optimal points,         1901 discarded points,         1206 unclassified points.
Hypervolume 1419.4821672122373
pypal at iteration 48.         18 Pareto optimal points,         1902 discarded points,         1205 unclassified points.
Hypervolume 1419.4821672122373
pypal at iteration 49.         18 Pareto optimal points,         1903 discarded points,         1204 unclassified points.
Hypervolume 1419.4821672122373
pypal at iteration 50.         18 Pareto optimal points,         1904 discarded points,         1203 unclassified points.
Hypervolume 1419.4821672122373
Optimization restart 1/20, f = -863.1202484986871
Optimization restart 2/20, f = -854.7819189746301
Optimization restart 3/20, f = -858.2270688050203
Optimization restart 4/20, f = -851.5521322745245
Optimization restart 5/20, f = -861.0245068682157
Optimization restart 6/20, f = -862.1923517783962
Optimization restart 7/20, f = -859.8381642103108
Optimization restart 8/20, f = -859.51425702113
Optimization restart 9/20, f = -858.2817183698173
Optimization restart 10/20, f = -861.3745318938852
Optimization restart 11/20, f = -858.0397373919947
Optimization restart 12/20, f = -857.1036618769738
Optimization restart 13/20, f = -858.1115271542819
Optimization restart 14/20, f = -858.4392610605078
Optimization restart 15/20, f = -860.6778024455712
Optimization restart 16/20, f = -861.5350508038945
Optimization restart 17/20, f = -860.889525794492
Optimization restart 18/20, f = -861.3494896763477
Optimization restart 19/20, f = -859.2231677350021
Optimization restart 20/20, f = -860.681016105716
pypal at iteration 51.         19 Pareto optimal points,         1956 discarded points,         1150 unclassified points.
Hypervolume 1428.3769181371074
pypal at iteration 52.         19 Pareto optimal points,         1957 discarded points,         1149 unclassified points.
Hypervolume 1428.3769181371074
pypal at iteration 53.         19 Pareto optimal points,         1958 discarded points,         1148 unclassified points.
Hypervolume 1428.3769181371074
pypal at iteration 54.         19 Pareto optimal points,         1959 discarded points,         1147 unclassified points.
Hypervolume 1428.3769181371074
pypal at iteration 55.         19 Pareto optimal points,         1960 discarded points,         1146 unclassified points.
Hypervolume 1428.3769181371074
pypal at iteration 56.         19 Pareto optimal points,         1962 discarded points,         1144 unclassified points.
Hypervolume 1428.3769181371074
pypal at iteration 57.         19 Pareto optimal points,         1963 discarded points,         1143 unclassified points.
Hypervolume 1428.3769181371074
pypal at iteration 58.         19 Pareto optimal points,         1964 discarded points,         1142 unclassified points.
Hypervolume 1428.3769181371074
pypal at iteration 59.         19 Pareto optimal points,         1965 discarded points,         1141 unclassified points.
Hypervolume 1428.3769181371074
pypal at iteration 60.         19 Pareto optimal points,         1968 discarded points,         1138 unclassified points.
Hypervolume 1428.3769181371074
Optimization restart 1/20, f = -916.4415808310473
Optimization restart 2/20, f = -912.5964471294935
Optimization restart 3/20, f = -906.82509783177
Optimization restart 4/20, f = -915.6375458673615
Optimization restart 5/20, f = -913.2986301361927
Optimization restart 6/20, f = -907.700505757439
Optimization restart 7/20, f = -912.0909131471658
Optimization restart 8/20, f = -914.1060401648882
Optimization restart 9/20, f = -892.3888371661067
Optimization restart 10/20, f = -915.2713017619776
Optimization restart 11/20, f = -908.6403000722091
Optimization restart 12/20, f = -918.0783704468256
Optimization restart 13/20, f = -909.2152108674097
Optimization restart 14/20, f = -915.1541352798463
Optimization restart 15/20, f = -910.7187613075779
Optimization restart 16/20, f = -908.1314216482972
Optimization restart 17/20, f = -798.1192897085532
Optimization restart 18/20, f = -915.1950605645642
Optimization restart 19/20, f = -860.3425680122731
Optimization restart 20/20, f = -916.669378240105
pypal at iteration 61.         19 Pareto optimal points,         1975 discarded points,         1131 unclassified points.
Hypervolume 1428.3769181371074
pypal at iteration 62.         20 Pareto optimal points,         1975 discarded points,         1130 unclassified points.
Hypervolume 1448.8123838239896
pypal at iteration 63.         20 Pareto optimal points,         1976 discarded points,         1129 unclassified points.
Hypervolume 1448.8123838239896
pypal at iteration 64.         20 Pareto optimal points,         1977 discarded points,         1128 unclassified points.
Hypervolume 1448.8123838239896
pypal at iteration 65.         20 Pareto optimal points,         1978 discarded points,         1127 unclassified points.
Hypervolume 1448.8123838239896
pypal at iteration 66.         20 Pareto optimal points,         1979 discarded points,         1126 unclassified points.
Hypervolume 1448.8123838239896
pypal at iteration 67.         20 Pareto optimal points,         1980 discarded points,         1125 unclassified points.
Hypervolume 1448.8123838239896
pypal at iteration 68.         20 Pareto optimal points,         1981 discarded points,         1124 unclassified points.
Hypervolume 1448.8123838239896
pypal at iteration 69.         20 Pareto optimal points,         1982 discarded points,         1123 unclassified points.
Hypervolume 1448.8123838239896
pypal at iteration 70.         20 Pareto optimal points,         1982 discarded points,         1123 unclassified points.
Hypervolume 1448.8123838239896
Optimization restart 1/20, f = -976.9291715583539
Optimization restart 2/20, f = -973.7888616633641
Optimization restart 3/20, f = -968.9296189361661
Optimization restart 4/20, f = -936.8149533101287
Optimization restart 5/20, f = -973.0120560458959
Optimization restart 6/20, f = -973.7969058940982
Optimization restart 7/20, f = -970.9131590859292
Optimization restart 8/20, f = -973.7145709872416
Optimization restart 9/20, f = -944.8261257826447
Optimization restart 10/20, f = -962.5168015131682
Optimization restart 11/20, f = -973.5006807556887
Optimization restart 12/20, f = -974.598414458857
Optimization restart 13/20, f = -974.3589554848043
Optimization restart 14/20, f = -974.1486368025779
Optimization restart 15/20, f = -973.8659626958299
Optimization restart 16/20, f = -973.4998388329284
Optimization restart 17/20, f = -973.9048852386363
Optimization restart 18/20, f = -975.5671525167354
Optimization restart 19/20, f = -973.2600471074309
Optimization restart 20/20, f = -973.637962021953
pypal at iteration 71.         20 Pareto optimal points,         1983 discarded points,         1122 unclassified points.
Hypervolume 1448.8123838239896
pypal at iteration 72.         20 Pareto optimal points,         1985 discarded points,         1120 unclassified points.
Hypervolume 1448.8123838239896
pypal at iteration 73.         20 Pareto optimal points,         1987 discarded points,         1118 unclassified points.
Hypervolume 1448.8123838239896
pypal at iteration 74.         20 Pareto optimal points,         1988 discarded points,         1117 unclassified points.
Hypervolume 1448.8123838239896
pypal at iteration 75.         20 Pareto optimal points,         1989 discarded points,         1116 unclassified points.
Hypervolume 1448.8123838239896
pypal at iteration 76.         20 Pareto optimal points,         1990 discarded points,         1115 unclassified points.
Hypervolume 1448.8123838239896
pypal at iteration 77.         22 Pareto optimal points,         1991 discarded points,         1112 unclassified points.
Hypervolume 1465.3383434502698
pypal at iteration 78.         22 Pareto optimal points,         2001 discarded points,         1102 unclassified points.
Hypervolume 1465.3383434502698
pypal at iteration 79.         26 Pareto optimal points,         2002 discarded points,         1097 unclassified points.
Hypervolume 1470.294126768119
pypal at iteration 80.         26 Pareto optimal points,         2003 discarded points,         1096 unclassified points.
Hypervolume 1470.294126768119
Optimization restart 1/20, f = -1036.5506144171045
Optimization restart 2/20, f = -1032.463361752691
Optimization restart 3/20, f = -1032.993206201949
Optimization restart 4/20, f = -1027.4629523788792
Optimization restart 5/20, f = -1034.8672919369883
Optimization restart 6/20, f = -1034.8656333258382
Optimization restart 7/20, f = -970.9788928762662
Optimization restart 8/20, f = -1024.1341901582891
Optimization restart 9/20, f = -1031.9601699914274
Optimization restart 10/20, f = -1034.826997514448
Optimization restart 11/20, f = -1023.8311184337969
Optimization restart 12/20, f = -1026.9208395881824
Optimization restart 13/20, f = -1036.9980027580827
Optimization restart 14/20, f = -1020.543098386819
Optimization restart 15/20, f = -1029.4326357952673
Optimization restart 16/20, f = -1025.053797573835
Optimization restart 17/20, f = -1033.509994895428
Optimization restart 18/20, f = -1030.715034642104
Optimization restart 19/20, f = -1032.785442743197
Optimization restart 20/20, f = -1032.528633092987
pypal at iteration 81.         26 Pareto optimal points,         2006 discarded points,         1093 unclassified points.
Hypervolume 1470.294126768119
pypal at iteration 82.         26 Pareto optimal points,         2007 discarded points,         1092 unclassified points.
Hypervolume 1470.294126768119
pypal at iteration 83.         26 Pareto optimal points,         2008 discarded points,         1091 unclassified points.
Hypervolume 1470.294126768119
pypal at iteration 84.         27 Pareto optimal points,         2009 discarded points,         1089 unclassified points.
Hypervolume 1470.294126768119
pypal at iteration 85.         27 Pareto optimal points,         2010 discarded points,         1088 unclassified points.
Hypervolume 1470.294126768119
pypal at iteration 86.         27 Pareto optimal points,         2011 discarded points,         1087 unclassified points.
Hypervolume 1470.294126768119
pypal at iteration 87.         28 Pareto optimal points,         2011 discarded points,         1086 unclassified points.
Hypervolume 1471.7736651889506
pypal at iteration 88.         28 Pareto optimal points,         2012 discarded points,         1085 unclassified points.
Hypervolume 1471.7736651889506
pypal at iteration 89.         28 Pareto optimal points,         2013 discarded points,         1084 unclassified points.
Hypervolume 1471.7736651889506
pypal at iteration 90.         28 Pareto optimal points,         2014 discarded points,         1083 unclassified points.
Hypervolume 1471.7736651889506
Optimization restart 1/20, f = -1097.8620927807924
Optimization restart 2/20, f = -1095.185786443767
Optimization restart 3/20, f = -1089.1711700762014
Optimization restart 4/20, f = -1090.3279987089843
Optimization restart 5/20, f = -1093.9738096969868
Optimization restart 6/20, f = -1093.0037261385069
Optimization restart 7/20, f = -1081.2297717307547
Optimization restart 8/20, f = -1093.859037400343
Optimization restart 9/20, f = -1094.4001223020248
Optimization restart 10/20, f = -1094.1087032525406
Optimization restart 11/20, f = -1093.651775129577
Optimization restart 12/20, f = -1090.5756359747472
Optimization restart 13/20, f = -1095.6284443206496
Optimization restart 14/20, f = -1094.6157066765059
Optimization restart 15/20, f = -1089.6653232691783
Optimization restart 16/20, f = -1092.9400660366396
Optimization restart 17/20, f = -1084.119480944133
Optimization restart 18/20, f = -1086.1708275070723
Optimization restart 19/20, f = -1094.0718335499464
Optimization restart 20/20, f = -1088.7221424501272
pypal at iteration 91.         28 Pareto optimal points,         2014 discarded points,         1083 unclassified points.
Hypervolume 1471.7736651889506
pypal at iteration 92.         28 Pareto optimal points,         2015 discarded points,         1082 unclassified points.
Hypervolume 1471.7736651889506
pypal at iteration 93.         28 Pareto optimal points,         2016 discarded points,         1081 unclassified points.
Hypervolume 1471.7736651889506
pypal at iteration 94.         28 Pareto optimal points,         2017 discarded points,         1080 unclassified points.
Hypervolume 1471.7736651889506
pypal at iteration 95.         28 Pareto optimal points,         2020 discarded points,         1077 unclassified points.
Hypervolume 1471.7736651889506
pypal at iteration 96.         28 Pareto optimal points,         2022 discarded points,         1075 unclassified points.
Hypervolume 1471.7736651889506
pypal at iteration 97.         28 Pareto optimal points,         2023 discarded points,         1074 unclassified points.
Hypervolume 1471.7736651889506
pypal at iteration 98.         29 Pareto optimal points,         2170 discarded points,         926 unclassified points.
Hypervolume 1476.285425025871
pypal at iteration 99.         29 Pareto optimal points,         2171 discarded points,         925 unclassified points.
Hypervolume 1476.285425025871
pypal at iteration 100.         29 Pareto optimal points,         2172 discarded points,         924 unclassified points.
Hypervolume 1476.285425025871
Optimization restart 1/20, f = -1155.016381078863
Optimization restart 2/20, f = -1133.2546626310877
Optimization restart 3/20, f = -1147.6955853680463
Optimization restart 4/20, f = -1125.9460120422045
Optimization restart 5/20, f = -1151.4621195037307
Optimization restart 6/20, f = -1144.5777614781273
Optimization restart 7/20, f = -1147.8127962308874
Optimization restart 8/20, f = -1148.303621995312
Optimization restart 9/20, f = -1142.542943749448
Optimization restart 10/20, f = -1142.8172267320003
Optimization restart 11/20, f = -1152.685597470126
Optimization restart 12/20, f = -1144.4648961422295
Optimization restart 13/20, f = -1147.9956175740256
Optimization restart 14/20, f = -1149.6676286339487
Optimization restart 15/20, f = -1148.3038232965448
Optimization restart 16/20, f = -1153.2015194202386
Optimization restart 17/20, f = -1150.6173131874552
Optimization restart 18/20, f = -1148.8688802215909
Optimization restart 19/20, f = -1151.0211141671957
Optimization restart 20/20, f = -1151.0794042639525
pypal at iteration 101.         29 Pareto optimal points,         2173 discarded points,         923 unclassified points.
Hypervolume 1476.285425025871
pypal at iteration 102.         29 Pareto optimal points,         2174 discarded points,         922 unclassified points.
Hypervolume 1476.285425025871
pypal at iteration 103.         29 Pareto optimal points,         2175 discarded points,         921 unclassified points.
Hypervolume 1476.285425025871
pypal at iteration 104.         29 Pareto optimal points,         2176 discarded points,         920 unclassified points.
Hypervolume 1476.285425025871
pypal at iteration 105.         29 Pareto optimal points,         2185 discarded points,         911 unclassified points.
Hypervolume 1476.285425025871
pypal at iteration 106.         29 Pareto optimal points,         2186 discarded points,         910 unclassified points.
Hypervolume 1476.285425025871
pypal at iteration 107.         29 Pareto optimal points,         2203 discarded points,         893 unclassified points.
Hypervolume 1476.285425025871
pypal at iteration 108.         29 Pareto optimal points,         2204 discarded points,         892 unclassified points.
Hypervolume 1476.285425025871
pypal at iteration 109.         29 Pareto optimal points,         2205 discarded points,         891 unclassified points.
Hypervolume 1476.285425025871
pypal at iteration 110.         29 Pareto optimal points,         2206 discarded points,         890 unclassified points.
Hypervolume 1476.285425025871
Optimization restart 1/20, f = -1212.5408529880149
Optimization restart 2/20, f = -1208.5406685696014
Optimization restart 3/20, f = -1200.281080517238
Optimization restart 4/20, f = -1206.4291424889602
Optimization restart 5/20, f = -1198.9828203774027
Optimization restart 6/20, f = -1200.2948247084385
Optimization restart 7/20, f = -1201.6126269843562
Optimization restart 8/20, f = -1211.2339098556422
Optimization restart 9/20, f = -993.2365322675146
Optimization restart 10/20, f = -1207.9895914274048
Optimization restart 11/20, f = -1207.124579195116
Optimization restart 12/20, f = -1200.1891216113368
Optimization restart 13/20, f = -1204.2874439559737
Optimization restart 14/20, f = -1207.855267405199
Optimization restart 15/20, f = -1203.6927671046242
Optimization restart 16/20, f = -1208.4423047072557
Optimization restart 17/20, f = -1204.5643736539266
Optimization restart 18/20, f = -1208.8277390680782
Optimization restart 19/20, f = -1207.1631746205903
Optimization restart 20/20, f = -1202.5890267552672
pypal at iteration 111.         29 Pareto optimal points,         2207 discarded points,         889 unclassified points.
Hypervolume 1476.285425025871
pypal at iteration 112.         29 Pareto optimal points,         2208 discarded points,         888 unclassified points.
Hypervolume 1476.285425025871
pypal at iteration 113.         29 Pareto optimal points,         2209 discarded points,         887 unclassified points.
Hypervolume 1476.285425025871
pypal at iteration 114.         29 Pareto optimal points,         2210 discarded points,         886 unclassified points.
Hypervolume 1476.285425025871
pypal at iteration 115.         29 Pareto optimal points,         2211 discarded points,         885 unclassified points.
Hypervolume 1476.285425025871
pypal at iteration 116.         30 Pareto optimal points,         2312 discarded points,         783 unclassified points.
Hypervolume 1479.5559158189535
pypal at iteration 117.         30 Pareto optimal points,         2313 discarded points,         782 unclassified points.
Hypervolume 1479.5559158189535
pypal at iteration 118.         30 Pareto optimal points,         2314 discarded points,         781 unclassified points.
Hypervolume 1479.5559158189535
pypal at iteration 119.         30 Pareto optimal points,         2315 discarded points,         780 unclassified points.
Hypervolume 1479.5559158189535
pypal at iteration 120.         30 Pareto optimal points,         2316 discarded points,         779 unclassified points.
Hypervolume 1479.5559158189535
Optimization restart 1/20, f = -1272.6273900144097
Optimization restart 2/20, f = -1262.9543737687054
Optimization restart 3/20, f = -1268.7181292338064
Optimization restart 4/20, f = -1264.7958753627436
Optimization restart 5/20, f = -1270.4279464187957
Optimization restart 6/20, f = -1269.3340409887585
Optimization restart 7/20, f = -1268.7653405747913
Optimization restart 8/20, f = -1266.6489313735565
Optimization restart 9/20, f = -1262.5973167341974
Optimization restart 10/20, f = -1242.403987873082
Optimization restart 11/20, f = -1265.128775056171
Optimization restart 12/20, f = -1268.4374519335834
Optimization restart 13/20, f = -1262.655499875494
Optimization restart 14/20, f = -1267.180336783044
Optimization restart 15/20, f = -1269.8892720946405
Optimization restart 16/20, f = -1112.9493080399197
Optimization restart 17/20, f = -1265.8859077766695
Optimization restart 18/20, f = -1250.304800016105
Optimization restart 19/20, f = -1265.5559332053977
Optimization restart 20/20, f = -1229.1546704349316
pypal at iteration 121.         30 Pareto optimal points,         2317 discarded points,         778 unclassified points.
Hypervolume 1479.5559158189535
pypal at iteration 122.         30 Pareto optimal points,         2318 discarded points,         777 unclassified points.
Hypervolume 1479.5559158189535
pypal at iteration 123.         30 Pareto optimal points,         2322 discarded points,         773 unclassified points.
Hypervolume 1479.5559158189535
pypal at iteration 124.         30 Pareto optimal points,         2323 discarded points,         772 unclassified points.
Hypervolume 1479.5559158189535
pypal at iteration 125.         30 Pareto optimal points,         2324 discarded points,         771 unclassified points.
Hypervolume 1479.5559158189535
pypal at iteration 126.         31 Pareto optimal points,         2455 discarded points,         639 unclassified points.
Hypervolume 1488.0076219000744
pypal at iteration 127.         31 Pareto optimal points,         2456 discarded points,         638 unclassified points.
Hypervolume 1488.0076219000744
pypal at iteration 128.         32 Pareto optimal points,         2462 discarded points,         631 unclassified points.
Hypervolume 1488.0125156187253
pypal at iteration 129.         32 Pareto optimal points,         2463 discarded points,         630 unclassified points.
Hypervolume 1488.0125156187253
pypal at iteration 130.         32 Pareto optimal points,         2464 discarded points,         629 unclassified points.
Hypervolume 1488.0125156187253
Optimization restart 1/20, f = -1330.9931437204277
Optimization restart 2/20, f = -1326.291308028835
Optimization restart 3/20, f = -1327.317450389388
Optimization restart 4/20, f = -1321.128371086861
Optimization restart 5/20, f = -1321.8867234140612
Optimization restart 6/20, f = -1315.5969870112576
Optimization restart 7/20, f = -1323.4162690996845
Optimization restart 8/20, f = -1097.2694778444904
Optimization restart 9/20, f = -1326.789009428203
Optimization restart 10/20, f = -1323.844488264495
Optimization restart 11/20, f = -1327.0778340308968
Optimization restart 12/20, f = -1327.5716160273419
Optimization restart 13/20, f = -1323.5313676273772
Optimization restart 14/20, f = -1318.670015650706
Optimization restart 15/20, f = -1321.6969277449498
Optimization restart 16/20, f = -1327.43519634646
Optimization restart 17/20, f = -1325.3816370463223
Optimization restart 18/20, f = -1311.2088350968909
Optimization restart 19/20, f = -1322.3245005107474
Optimization restart 20/20, f = -1326.9228148182738
pypal at iteration 131.         32 Pareto optimal points,         2465 discarded points,         628 unclassified points.
Hypervolume 1488.0125156187253
pypal at iteration 132.         32 Pareto optimal points,         2466 discarded points,         627 unclassified points.
Hypervolume 1488.0125156187253
pypal at iteration 133.         32 Pareto optimal points,         2467 discarded points,         626 unclassified points.
Hypervolume 1488.0125156187253
pypal at iteration 134.         32 Pareto optimal points,         2468 discarded points,         625 unclassified points.
Hypervolume 1488.0125156187253
pypal at iteration 135.         32 Pareto optimal points,         2469 discarded points,         624 unclassified points.
Hypervolume 1488.0125156187253
pypal at iteration 136.         32 Pareto optimal points,         2470 discarded points,         623 unclassified points.
Hypervolume 1488.0125156187253
pypal at iteration 137.         32 Pareto optimal points,         2471 discarded points,         622 unclassified points.
Hypervolume 1488.0125156187253
pypal at iteration 138.         32 Pareto optimal points,         2529 discarded points,         564 unclassified points.
Hypervolume 1488.0125156187253
pypal at iteration 139.         32 Pareto optimal points,         2530 discarded points,         563 unclassified points.
Hypervolume 1488.0125156187253
pypal at iteration 140.         32 Pareto optimal points,         2531 discarded points,         562 unclassified points.
Hypervolume 1488.0125156187253
Optimization restart 1/20, f = -1383.9039041654514
Optimization restart 2/20, f = -1374.4474354060203
Optimization restart 3/20, f = -1343.8883715913335
Optimization restart 4/20, f = -1246.325286974631
Optimization restart 5/20, f = -1377.8234718982624
Optimization restart 6/20, f = -1379.4049227475098
Optimization restart 7/20, f = -1371.8826431493644
Optimization restart 8/20, f = -1374.3015143237526
Optimization restart 9/20, f = -1379.8078299185436
Optimization restart 10/20, f = -1374.7491243666582
Optimization restart 11/20, f = -1376.8625037286029
Optimization restart 12/20, f = -1371.6058556675744
Optimization restart 13/20, f = -1379.8497856884937
Optimization restart 14/20, f = -1322.8749426198092
Optimization restart 15/20, f = -1380.4291779862547
Optimization restart 16/20, f = -1374.9245251794607
Optimization restart 17/20, f = -1375.703850044621
Optimization restart 18/20, f = -1364.679176076407
Optimization restart 19/20, f = -1359.6528803074257
Optimization restart 20/20, f = -1375.2148735990306
pypal at iteration 141.         32 Pareto optimal points,         2532 discarded points,         561 unclassified points.
Hypervolume 1488.0125156187253
pypal at iteration 142.         32 Pareto optimal points,         2533 discarded points,         560 unclassified points.
Hypervolume 1488.0125156187253
pypal at iteration 143.         32 Pareto optimal points,         2534 discarded points,         559 unclassified points.
Hypervolume 1488.0125156187253
pypal at iteration 144.         32 Pareto optimal points,         2535 discarded points,         558 unclassified points.
Hypervolume 1488.0125156187253
pypal at iteration 145.         32 Pareto optimal points,         2536 discarded points,         557 unclassified points.
Hypervolume 1488.0125156187253
pypal at iteration 146.         32 Pareto optimal points,         2567 discarded points,         526 unclassified points.
Hypervolume 1488.0125156187253
pypal at iteration 147.         32 Pareto optimal points,         2568 discarded points,         525 unclassified points.
Hypervolume 1488.0125156187253
pypal at iteration 148.         32 Pareto optimal points,         2569 discarded points,         524 unclassified points.
Hypervolume 1488.0125156187253
pypal at iteration 149.         32 Pareto optimal points,         2570 discarded points,         523 unclassified points.
Hypervolume 1488.0125156187253
pypal at iteration 150.         32 Pareto optimal points,         2571 discarded points,         522 unclassified points.
Hypervolume 1488.0125156187253
Optimization restart 1/20, f = -1438.4656768651241
Optimization restart 2/20, f = -1433.0757400051357
Optimization restart 3/20, f = -1411.915372093103
Optimization restart 4/20, f = -1430.6859820686986
Optimization restart 5/20, f = -1429.5550004640465
Optimization restart 6/20, f = -1427.7681334558042
Optimization restart 7/20, f = -1386.3705951405072
Optimization restart 8/20, f = -1426.1581929036472
Optimization restart 9/20, f = -1430.0809825717292
Optimization restart 10/20, f = -1399.6706667818353
Optimization restart 11/20, f = -1434.0031450172282
Optimization restart 12/20, f = -1434.9065456414958
Optimization restart 13/20, f = -1431.0403246016317
Optimization restart 14/20, f = -1435.4607008794683
Optimization restart 15/20, f = -1428.8748164154877
Optimization restart 16/20, f = -1401.7955147783073
Optimization restart 17/20, f = -1421.8158443644488
Optimization restart 18/20, f = -1395.9883015602707
Optimization restart 19/20, f = -1430.7073733004995
Optimization restart 20/20, f = -1431.3234054432096
pypal at iteration 151.         32 Pareto optimal points,         2572 discarded points,         521 unclassified points.
Hypervolume 1488.0125156187253
pypal at iteration 152.         32 Pareto optimal points,         2573 discarded points,         520 unclassified points.
Hypervolume 1488.0125156187253
pypal at iteration 153.         33 Pareto optimal points,         2576 discarded points,         516 unclassified points.
Hypervolume 1488.0609906702803
pypal at iteration 154.         33 Pareto optimal points,         2577 discarded points,         515 unclassified points.
Hypervolume 1488.0609906702803
pypal at iteration 155.         33 Pareto optimal points,         2578 discarded points,         514 unclassified points.
Hypervolume 1488.0609906702803
pypal at iteration 156.         33 Pareto optimal points,         2579 discarded points,         513 unclassified points.
Hypervolume 1488.0609906702803
pypal at iteration 157.         33 Pareto optimal points,         2580 discarded points,         512 unclassified points.
Hypervolume 1488.0609906702803
pypal at iteration 158.         33 Pareto optimal points,         2581 discarded points,         511 unclassified points.
Hypervolume 1488.0609906702803
pypal at iteration 159.         33 Pareto optimal points,         2582 discarded points,         510 unclassified points.
Hypervolume 1488.0609906702803
pypal at iteration 160.         34 Pareto optimal points,         2786 discarded points,         305 unclassified points.
Hypervolume 1503.187443818269
Optimization restart 1/20, f = -1491.1964294913123
Optimization restart 2/20, f = -1482.6606145289866
Optimization restart 3/20, f = -1486.0009877744808
Optimization restart 4/20, f = -1478.7401422231603
Optimization restart 5/20, f = -1484.3013933920713
Optimization restart 6/20, f = -1485.9862980689372
Optimization restart 7/20, f = -1479.829379711589
Optimization restart 8/20, f = -1470.981063419391
Optimization restart 9/20, f = -1483.86774325872
Optimization restart 10/20, f = -1486.5881621731655
Optimization restart 11/20, f = -1485.7785877138917
Optimization restart 12/20, f = -1483.9873104008893
Optimization restart 13/20, f = -1482.3373609001942
Optimization restart 14/20, f = -1336.6752623397792
Optimization restart 15/20, f = -1487.4135080839694
Optimization restart 16/20, f = -1485.6423872640914
Optimization restart 17/20, f = -1484.9548701779204
Optimization restart 18/20, f = -1479.5163686780634
Optimization restart 19/20, f = -1484.785588312672
Optimization restart 20/20, f = -1484.3282818039006
pypal at iteration 161.         34 Pareto optimal points,         2788 discarded points,         303 unclassified points.
Hypervolume 1503.187443818269
pypal at iteration 162.         34 Pareto optimal points,         2789 discarded points,         302 unclassified points.
Hypervolume 1503.187443818269
pypal at iteration 163.         35 Pareto optimal points,         2874 discarded points,         216 unclassified points.
Hypervolume 1506.0393037950382
pypal at iteration 164.         35 Pareto optimal points,         2875 discarded points,         215 unclassified points.
Hypervolume 1506.0393037950382
pypal at iteration 165.         35 Pareto optimal points,         2876 discarded points,         214 unclassified points.
Hypervolume 1506.0393037950382
pypal at iteration 166.         35 Pareto optimal points,         2877 discarded points,         213 unclassified points.
Hypervolume 1506.0393037950382
pypal at iteration 167.         35 Pareto optimal points,         2878 discarded points,         212 unclassified points.
Hypervolume 1506.0393037950382
pypal at iteration 168.         35 Pareto optimal points,         2879 discarded points,         211 unclassified points.
Hypervolume 1506.0393037950382
pypal at iteration 169.         35 Pareto optimal points,         2880 discarded points,         210 unclassified points.
Hypervolume 1506.0393037950382
pypal at iteration 170.         35 Pareto optimal points,         2881 discarded points,         209 unclassified points.
Hypervolume 1506.0393037950382
Optimization restart 1/20, f = -1533.9324846828197
Optimization restart 2/20, f = -1529.1165460219431
Optimization restart 3/20, f = -1526.5553545949256
Optimization restart 4/20, f = -1530.31375771761
Optimization restart 5/20, f = -1531.0628610268463
Optimization restart 6/20, f = -1528.1556942857485
Optimization restart 7/20, f = -1521.516414576825
Optimization restart 8/20, f = -1528.1788474243222
Optimization restart 9/20, f = -1528.6208027057946
Optimization restart 10/20, f = -1523.592597887534
Optimization restart 11/20, f = -1527.0581576690565
Optimization restart 12/20, f = -1519.167595066229
Optimization restart 13/20, f = -1525.3740301090147
Optimization restart 14/20, f = -1374.169805349416
Optimization restart 15/20, f = -1486.026549135136
Optimization restart 16/20, f = -1486.1935471105448
Optimization restart 17/20, f = -1522.4089055691366
Optimization restart 18/20, f = -1519.4127792172505
Optimization restart 19/20, f = -1520.7060711026618
Optimization restart 20/20, f = -1518.0271135754062
pypal at iteration 171.         35 Pareto optimal points,         2882 discarded points,         208 unclassified points.
Hypervolume 1506.0393037950382
pypal at iteration 172.         35 Pareto optimal points,         2882 discarded points,         208 unclassified points.
Hypervolume 1506.0393037950382
pypal at iteration 173.         36 Pareto optimal points,         3034 discarded points,         55 unclassified points.
Hypervolume 1512.369156070979
pypal at iteration 174.         36 Pareto optimal points,         3034 discarded points,         55 unclassified points.
Hypervolume 1512.369156070979
pypal at iteration 175.         36 Pareto optimal points,         3038 discarded points,         51 unclassified points.
Hypervolume 1512.369156070979
pypal at iteration 176.         36 Pareto optimal points,         3039 discarded points,         50 unclassified points.
Hypervolume 1512.369156070979
pypal at iteration 177.         36 Pareto optimal points,         3040 discarded points,         49 unclassified points.
Hypervolume 1512.369156070979
pypal at iteration 178.         36 Pareto optimal points,         3042 discarded points,         47 unclassified points.
Hypervolume 1512.369156070979
pypal at iteration 179.         36 Pareto optimal points,         3044 discarded points,         45 unclassified points.
Hypervolume 1512.369156070979
pypal at iteration 180.         37 Pareto optimal points,         3047 discarded points,         41 unclassified points.
Hypervolume 1515.787648510911
Optimization restart 1/20, f = -1593.6997101024876
Optimization restart 2/20, f = -1583.4738721819133
Optimization restart 3/20, f = -1583.9335936427299
Optimization restart 4/20, f = -1556.7413064321
Optimization restart 5/20, f = -1573.8852635393314
Optimization restart 6/20, f = -1586.659092414428
Optimization restart 7/20, f = -1587.1897261000981
Optimization restart 8/20, f = -1339.0147761099186
Optimization restart 9/20, f = -1588.415669805564
Optimization restart 10/20, f = -1587.5054308352005
Optimization restart 11/20, f = -1573.4438125266984
Optimization restart 12/20, f = -1590.761771807599
Optimization restart 13/20, f = -1587.599470370107
Optimization restart 14/20, f = -1583.996620487283
Optimization restart 15/20, f = -1545.3892073715888
Optimization restart 16/20, f = -1588.9488124861527
Optimization restart 17/20, f = -1589.9244805390185
Optimization restart 18/20, f = -1585.813859417014
Optimization restart 19/20, f = -1588.6299933116175
Optimization restart 20/20, f = -1590.3374109940896
pypal at iteration 181.         37 Pareto optimal points,         3048 discarded points,         40 unclassified points.
Hypervolume 1515.787648510911
pypal at iteration 182.         37 Pareto optimal points,         3049 discarded points,         39 unclassified points.
Hypervolume 1515.787648510911
pypal at iteration 183.         37 Pareto optimal points,         3050 discarded points,         38 unclassified points.
Hypervolume 1515.787648510911
pypal at iteration 184.         37 Pareto optimal points,         3051 discarded points,         37 unclassified points.
Hypervolume 1515.787648510911
pypal at iteration 185.         37 Pareto optimal points,         3052 discarded points,         36 unclassified points.
Hypervolume 1515.787648510911
pypal at iteration 186.         38 Pareto optimal points,         3059 discarded points,         28 unclassified points.
Hypervolume 1516.4126130575085
pypal at iteration 187.         38 Pareto optimal points,         3060 discarded points,         27 unclassified points.
Hypervolume 1516.4126130575085
pypal at iteration 188.         38 Pareto optimal points,         3061 discarded points,         26 unclassified points.
Hypervolume 1516.4126130575085
pypal at iteration 189.         38 Pareto optimal points,         3062 discarded points,         25 unclassified points.
Hypervolume 1516.4126130575085
pypal at iteration 190.         38 Pareto optimal points,         3063 discarded points,         24 unclassified points.
Hypervolume 1516.4126130575085
Optimization restart 1/20, f = -1649.0342879505702
Optimization restart 2/20, f = -1643.519777286916
Optimization restart 3/20, f = -1641.9325128398368
Optimization restart 4/20, f = -1643.594232463679
Optimization restart 5/20, f = -1644.8820372000819
Optimization restart 6/20, f = -1641.7685650730377
Optimization restart 7/20, f = -1637.0470723527956
Optimization restart 8/20, f = -1640.1099230252985
Optimization restart 9/20, f = -1625.5442538197851
Optimization restart 10/20, f = -1640.1147979366287
Optimization restart 11/20, f = -1642.1838179076426
Optimization restart 12/20, f = -1642.474481982321
Optimization restart 13/20, f = -1637.5886002191312
Optimization restart 14/20, f = -1643.6601031125788
Optimization restart 15/20, f = -1644.853558077978
Optimization restart 16/20, f = -1646.4277526907665
Optimization restart 17/20, f = -1641.771248505576
Optimization restart 18/20, f = -1641.7241656779029
Optimization restart 19/20, f = -1638.4559819535473
Optimization restart 20/20, f = -1639.447394788117
pypal at iteration 191.         38 Pareto optimal points,         3064 discarded points,         23 unclassified points.
Hypervolume 1516.4126130575085
pypal at iteration 192.         39 Pareto optimal points,         3064 discarded points,         22 unclassified points.
Hypervolume 1516.4134274455284
pypal at iteration 193.         39 Pareto optimal points,         3065 discarded points,         21 unclassified points.
Hypervolume 1516.4134274455284
pypal at iteration 194.         39 Pareto optimal points,         3066 discarded points,         20 unclassified points.
Hypervolume 1516.4134274455284
pypal at iteration 195.         39 Pareto optimal points,         3067 discarded points,         19 unclassified points.
Hypervolume 1516.4134274455284
pypal at iteration 196.         39 Pareto optimal points,         3068 discarded points,         18 unclassified points.
Hypervolume 1516.4134274455284
pypal at iteration 197.         39 Pareto optimal points,         3069 discarded points,         17 unclassified points.
Hypervolume 1516.4134274455284
pypal at iteration 198.         39 Pareto optimal points,         3070 discarded points,         16 unclassified points.
Hypervolume 1516.4134274455284
pypal at iteration 199.         40 Pareto optimal points,         3070 discarded points,         15 unclassified points.
Hypervolume 1518.5242407389433
pypal at iteration 200.         40 Pareto optimal points,         3071 discarded points,         14 unclassified points.
Hypervolume 1518.5242407389433
Optimization restart 1/20, f = -1718.3657125241516
Optimization restart 2/20, f = -1684.5716353782304
Optimization restart 3/20, f = -1711.2574591564462
Optimization restart 4/20, f = -1713.9056762482962
Optimization restart 5/20, f = -1711.4379243270628
Optimization restart 6/20, f = -1711.831964857306
Optimization restart 7/20, f = -1700.070766290623
Optimization restart 8/20, f = -1711.3274682356107
Optimization restart 9/20, f = -1714.5994271007407
Optimization restart 10/20, f = -1696.822325338037
Optimization restart 11/20, f = -1712.463668216305
Optimization restart 12/20, f = -1432.6760473538798
Optimization restart 13/20, f = -1710.2915081611623
Optimization restart 14/20, f = -1712.0159877205688
Optimization restart 15/20, f = -1391.801271557315
Optimization restart 16/20, f = -1709.8569780872483
Optimization restart 17/20, f = -1711.577341520144
Optimization restart 18/20, f = -1712.1385996714675
Optimization restart 19/20, f = -1708.806828144045
Optimization restart 20/20, f = -1697.0209819615877
pypal at iteration 201.         41 Pareto optimal points,         3071 discarded points,         13 unclassified points.
Hypervolume 1518.5867740948142
pypal at iteration 202.         41 Pareto optimal points,         3072 discarded points,         12 unclassified points.
Hypervolume 1518.5867740948142
pypal at iteration 203.         41 Pareto optimal points,         3073 discarded points,         11 unclassified points.
Hypervolume 1518.5867740948142
pypal at iteration 204.         41 Pareto optimal points,         3074 discarded points,         10 unclassified points.
Hypervolume 1518.5867740948142
pypal at iteration 205.         41 Pareto optimal points,         3075 discarded points,         9 unclassified points.
Hypervolume 1518.5867740948142
pypal at iteration 206.         41 Pareto optimal points,         3076 discarded points,         8 unclassified points.
Hypervolume 1518.5867740948142
pypal at iteration 207.         41 Pareto optimal points,         3077 discarded points,         7 unclassified points.
Hypervolume 1518.5867740948142
Done. No unclassified point left
pypal at iteration 207.         42 Pareto optimal points,         3083 discarded points,         0 unclassified points.
Hypervolume 1518.854632161669
