 /home/kjablonk/anaconda3/envs/dispersant_screener/lib/python3.7/site-packages/sklearn/utils/deprecation.py:143: FutureWarning:The sklearn.preprocessing.data module is  deprecated in version 0.22 and will be removed in version 0.24. The corresponding classes / functions should instead be imported from sklearn.preprocessing. Anything that cannot be imported from sklearn.preprocessing is now part of the private API.
 /home/kjablonk/programs/pypal/pypal/pal/validate_inputs.py:146: UserWarning:No goals provided,                 will assume that every dimension should be maximized
 /home/kjablonk/anaconda3/envs/dispersant_screener/lib/python3.7/site-packages/GPy/kern/src/stationary.py:137: RuntimeWarning:overflow encountered in square
 /home/kjablonk/anaconda3/envs/dispersant_screener/lib/python3.7/site-packages/GPy/kern/src/stationary.py:138: RuntimeWarning:invalid value encountered in add
 /home/kjablonk/anaconda3/envs/dispersant_screener/lib/python3.7/site-packages/GPy/kern/src/stationary.py:565: RuntimeWarning:invalid value encountered in multiply
 /home/kjablonk/anaconda3/envs/dispersant_screener/lib/python3.7/site-packages/GPy/kern/src/stationary.py:568: RuntimeWarning:invalid value encountered in subtract
 /home/kjablonk/anaconda3/envs/dispersant_screener/lib/python3.7/site-packages/GPy/kern/src/stationary.py:166: RuntimeWarning:overflow encountered in true_divide
 /home/kjablonk/anaconda3/envs/dispersant_screener/lib/python3.7/site-packages/paramz/transformations.py:111: RuntimeWarning:overflow encountered in expm1
 /home/kjablonk/anaconda3/envs/dispersant_screener/lib/python3.7/site-packages/GPy/kern/src/stationary.py:137: RuntimeWarning:overflow encountered in square
 /home/kjablonk/anaconda3/envs/dispersant_screener/lib/python3.7/site-packages/GPy/kern/src/stationary.py:138: RuntimeWarning:invalid value encountered in add
 /home/kjablonk/anaconda3/envs/dispersant_screener/lib/python3.7/site-packages/GPy/kern/src/stationary.py:565: RuntimeWarning:invalid value encountered in multiply
 /home/kjablonk/anaconda3/envs/dispersant_screener/lib/python3.7/site-packages/GPy/kern/src/stationary.py:568: RuntimeWarning:invalid value encountered in subtract
 /home/kjablonk/anaconda3/envs/dispersant_screener/lib/python3.7/site-packages/GPy/kern/src/stationary.py:166: RuntimeWarning:overflow encountered in true_divide
 /home/kjablonk/anaconda3/envs/dispersant_screener/lib/python3.7/site-packages/GPy/kern/src/stationary.py:243: RuntimeWarning:invalid value encountered in true_divide
 /home/kjablonk/anaconda3/envs/dispersant_screener/lib/python3.7/site-packages/numpy/core/_asarray.py:136: VisibleDeprecationWarning:Creating an ndarray from ragged nested sequences (which is a list-or-tuple of lists-or-tuples-or ndarrays with different lengths or shapes) is deprecated. If you meant to do this, you must specify 'dtype=object' when creating the ndarray
Maximum hypervolume 1536.0438526567837
STARTING PAL
Optimization restart 1/20, f = -229.75959980221646
Optimization restart 2/20, f = -229.77204834518
Optimization restart 3/20, f = -229.11191283980838
Optimization restart 4/20, f = -216.9194249299297
Optimization restart 5/20, f = -229.4794598924939
Optimization restart 6/20, f = -226.6494843466292
Optimization restart 7/20, f = -202.63148325134935
Optimization restart 8/20, f = -229.6774571189605
Optimization restart 9/20, f = -229.45096610922846
Optimization restart 10/20, f = -217.8169018045893
Optimization restart 11/20, f = -158.07484693001857
Optimization restart 12/20, f = -152.007632709856
Optimization restart 13/20, f = -229.70919704680102
Optimization restart 14/20, f = -229.93789073205323
Optimization restart 15/20, f = -230.08270842593407
Optimization restart 16/20, f = -229.8129710402033
Optimization restart 17/20, f = -219.03803837874779
Optimization restart 18/20, f = -229.8502458335384
Optimization restart 19/20, f = -218.98109165908224
Optimization restart 20/20, f = -217.03074189617791
pypal at iteration 1.         4 Pareto optimal points,         223 discarded points,         2898 unclassified points.
Hypervolume 767.3372264108434
pypal at iteration 2.         9 Pareto optimal points,         245 discarded points,         2871 unclassified points.
Hypervolume 1284.2436538424843
pypal at iteration 3.         9 Pareto optimal points,         252 discarded points,         2864 unclassified points.
Hypervolume 1284.2436538424843
pypal at iteration 4.         12 Pareto optimal points,         253 discarded points,         2860 unclassified points.
Hypervolume 1433.2585115713841
pypal at iteration 5.         12 Pareto optimal points,         254 discarded points,         2859 unclassified points.
Hypervolume 1433.2585115713841
pypal at iteration 6.         12 Pareto optimal points,         255 discarded points,         2858 unclassified points.
Hypervolume 1433.2585115713841
pypal at iteration 7.         12 Pareto optimal points,         256 discarded points,         2857 unclassified points.
Hypervolume 1433.2585115713841
pypal at iteration 8.         12 Pareto optimal points,         257 discarded points,         2856 unclassified points.
Hypervolume 1433.2585115713841
pypal at iteration 9.         12 Pareto optimal points,         258 discarded points,         2855 unclassified points.
Hypervolume 1433.2585115713841
pypal at iteration 10.         12 Pareto optimal points,         259 discarded points,         2854 unclassified points.
Hypervolume 1433.2585115713841
Optimization restart 1/20, f = -337.04643180379696
Optimization restart 2/20, f = -337.67805636652145
Optimization restart 3/20, f = -338.26096554594073
Optimization restart 4/20, f = -337.18153733507296
Optimization restart 5/20, f = -337.8266171126651
Optimization restart 6/20, f = -338.8303868393675
Optimization restart 7/20, f = -334.2251437590313
Optimization restart 8/20, f = -337.62055150249154
Optimization restart 9/20, f = -336.2850371230879
Optimization restart 10/20, f = -337.98805332458505
Optimization restart 11/20, f = -338.57618517398555
Optimization restart 12/20, f = -335.44324217409275
Optimization restart 13/20, f = -336.1755572553685
Optimization restart 14/20, f = -336.68766290100825
Optimization restart 15/20, f = -339.0760037143096
Optimization restart 16/20, f = -335.0727642475048
Optimization restart 17/20, f = -334.3984201030549
Optimization restart 18/20, f = -323.2662373335223
Optimization restart 19/20, f = -338.4506311446513
Optimization restart 20/20, f = -337.5732488387316
pypal at iteration 11.         13 Pareto optimal points,         752 discarded points,         2360 unclassified points.
Hypervolume 1433.4803213107598
pypal at iteration 12.         13 Pareto optimal points,         831 discarded points,         2281 unclassified points.
Hypervolume 1433.4803213107598
pypal at iteration 13.         13 Pareto optimal points,         832 discarded points,         2280 unclassified points.
Hypervolume 1433.4803213107598
pypal at iteration 14.         13 Pareto optimal points,         833 discarded points,         2279 unclassified points.
Hypervolume 1433.4803213107598
pypal at iteration 15.         13 Pareto optimal points,         838 discarded points,         2274 unclassified points.
Hypervolume 1433.4803213107598
pypal at iteration 16.         13 Pareto optimal points,         841 discarded points,         2271 unclassified points.
Hypervolume 1433.4803213107598
pypal at iteration 17.         13 Pareto optimal points,         842 discarded points,         2270 unclassified points.
Hypervolume 1433.4803213107598
pypal at iteration 18.         13 Pareto optimal points,         843 discarded points,         2269 unclassified points.
Hypervolume 1433.4803213107598
pypal at iteration 19.         13 Pareto optimal points,         873 discarded points,         2239 unclassified points.
Hypervolume 1433.4803213107598
pypal at iteration 20.         13 Pareto optimal points,         877 discarded points,         2235 unclassified points.
Hypervolume 1433.4803213107598
Optimization restart 1/20, f = -425.68468958582076
Optimization restart 2/20, f = -424.5714691968811
Optimization restart 3/20, f = -425.25611102827247
Optimization restart 4/20, f = -422.7081183976208
Optimization restart 5/20, f = -418.29989658027756
Optimization restart 6/20, f = -425.4973373784426
Optimization restart 7/20, f = -426.0262338524491
Optimization restart 8/20, f = -424.4986643211351
Optimization restart 9/20, f = -425.21020581150026
Optimization restart 10/20, f = -424.7041604122986
Optimization restart 11/20, f = -423.7273831296488
Optimization restart 12/20, f = -422.3283806840439
Optimization restart 13/20, f = -425.05598575627494
Optimization restart 14/20, f = -414.61968932747095
Optimization restart 15/20, f = -425.7667673571033
Optimization restart 16/20, f = -424.57903975597094
Optimization restart 17/20, f = -425.4730811900679
Optimization restart 18/20, f = -426.4035286950689
Optimization restart 19/20, f = -425.2534811515321
Optimization restart 20/20, f = -422.5657618839923
pypal at iteration 21.         13 Pareto optimal points,         1059 discarded points,         2053 unclassified points.
Hypervolume 1433.4803213107598
pypal at iteration 22.         13 Pareto optimal points,         1071 discarded points,         2041 unclassified points.
Hypervolume 1433.4803213107598
pypal at iteration 23.         13 Pareto optimal points,         1072 discarded points,         2040 unclassified points.
Hypervolume 1433.4803213107598
pypal at iteration 24.         13 Pareto optimal points,         1076 discarded points,         2036 unclassified points.
Hypervolume 1433.4803213107598
pypal at iteration 25.         13 Pareto optimal points,         1077 discarded points,         2035 unclassified points.
Hypervolume 1433.4803213107598
pypal at iteration 26.         13 Pareto optimal points,         1078 discarded points,         2034 unclassified points.
Hypervolume 1433.4803213107598
pypal at iteration 27.         13 Pareto optimal points,         1079 discarded points,         2033 unclassified points.
Hypervolume 1433.4803213107598
pypal at iteration 28.         13 Pareto optimal points,         1080 discarded points,         2032 unclassified points.
Hypervolume 1433.4803213107598
pypal at iteration 29.         13 Pareto optimal points,         1081 discarded points,         2031 unclassified points.
Hypervolume 1433.4803213107598
pypal at iteration 30.         13 Pareto optimal points,         1082 discarded points,         2030 unclassified points.
Hypervolume 1433.4803213107598
Optimization restart 1/20, f = -502.4927246668924
Optimization restart 2/20, f = -491.1654917523797
Optimization restart 3/20, f = -501.82406469483146
Optimization restart 4/20, f = -500.2829186079609
Optimization restart 5/20, f = -500.83478656655956
Optimization restart 6/20, f = -501.521624597608
Optimization restart 7/20, f = -501.07887939882426
Optimization restart 8/20, f = -501.87172767443064
Optimization restart 9/20, f = -491.83693845101624
Optimization restart 10/20, f = -501.4819926994171
Optimization restart 11/20, f = -501.69794341320335
Optimization restart 12/20, f = -495.3206117304117
Optimization restart 13/20, f = -498.26182012724746
Optimization restart 14/20, f = -493.9256857546129
Optimization restart 15/20, f = -503.12312468145996
Optimization restart 16/20, f = -501.6915433238654
Optimization restart 17/20, f = -502.39415284261605
Optimization restart 18/20, f = -502.875952558912
Optimization restart 19/20, f = -490.7956171966218
Optimization restart 20/20, f = -500.48575291087644
pypal at iteration 31.         13 Pareto optimal points,         1141 discarded points,         1971 unclassified points.
Hypervolume 1433.4803213107598
pypal at iteration 32.         13 Pareto optimal points,         1141 discarded points,         1971 unclassified points.
Hypervolume 1433.4803213107598
pypal at iteration 33.         13 Pareto optimal points,         1141 discarded points,         1971 unclassified points.
Hypervolume 1433.4803213107598
pypal at iteration 34.         13 Pareto optimal points,         1142 discarded points,         1970 unclassified points.
Hypervolume 1433.4803213107598
pypal at iteration 35.         13 Pareto optimal points,         1150 discarded points,         1962 unclassified points.
Hypervolume 1433.4803213107598
pypal at iteration 36.         13 Pareto optimal points,         1151 discarded points,         1961 unclassified points.
Hypervolume 1433.4803213107598
pypal at iteration 37.         13 Pareto optimal points,         1162 discarded points,         1950 unclassified points.
Hypervolume 1433.4803213107598
pypal at iteration 38.         13 Pareto optimal points,         1163 discarded points,         1949 unclassified points.
Hypervolume 1433.4803213107598
pypal at iteration 39.         13 Pareto optimal points,         1165 discarded points,         1947 unclassified points.
Hypervolume 1433.4803213107598
pypal at iteration 40.         13 Pareto optimal points,         1166 discarded points,         1946 unclassified points.
Hypervolume 1433.4803213107598
Optimization restart 1/20, f = -576.1983682478242
Optimization restart 2/20, f = -575.5804764259044
Optimization restart 3/20, f = -574.5311247208974
Optimization restart 4/20, f = -565.8236648709715
Optimization restart 5/20, f = -561.0684159035544
Optimization restart 6/20, f = -572.0350456830442
Optimization restart 7/20, f = -564.9494193021653
Optimization restart 8/20, f = -573.4994984367867
Optimization restart 9/20, f = -544.5622101307736
Optimization restart 10/20, f = -573.5167572378898
Optimization restart 11/20, f = -570.9429103076573
Optimization restart 12/20, f = -573.5448997828125
Optimization restart 13/20, f = -567.0237586516798
Optimization restart 14/20, f = -575.7480817574868
Optimization restart 15/20, f = -575.057621126138
Optimization restart 16/20, f = -566.6559871617461
Optimization restart 17/20, f = -572.6303898086339
Optimization restart 18/20, f = -545.4948582897166
Optimization restart 19/20, f = -565.1270688603515
Optimization restart 20/20, f = -574.7851568370247
pypal at iteration 41.         13 Pareto optimal points,         1248 discarded points,         1864 unclassified points.
Hypervolume 1433.4803213107598
pypal at iteration 42.         13 Pareto optimal points,         1252 discarded points,         1860 unclassified points.
Hypervolume 1433.4803213107598
pypal at iteration 43.         13 Pareto optimal points,         1255 discarded points,         1857 unclassified points.
Hypervolume 1433.4803213107598
pypal at iteration 44.         14 Pareto optimal points,         1281 discarded points,         1830 unclassified points.
Hypervolume 1436.6705409541012
pypal at iteration 45.         14 Pareto optimal points,         1282 discarded points,         1829 unclassified points.
Hypervolume 1436.6705409541012
pypal at iteration 46.         14 Pareto optimal points,         1283 discarded points,         1828 unclassified points.
Hypervolume 1436.6705409541012
pypal at iteration 47.         14 Pareto optimal points,         1284 discarded points,         1827 unclassified points.
Hypervolume 1436.6705409541012
pypal at iteration 48.         14 Pareto optimal points,         1285 discarded points,         1826 unclassified points.
Hypervolume 1436.6705409541012
pypal at iteration 49.         14 Pareto optimal points,         1286 discarded points,         1825 unclassified points.
Hypervolume 1436.6705409541012
pypal at iteration 50.         14 Pareto optimal points,         1612 discarded points,         1499 unclassified points.
Hypervolume 1436.6705409541012
Optimization restart 1/20, f = -647.2365638751404
Optimization restart 2/20, f = -646.8444338905742
Optimization restart 3/20, f = -645.0394605372127
Optimization restart 4/20, f = -645.3257535649409
Optimization restart 5/20, f = -645.0102150754174
Optimization restart 6/20, f = -645.4854112729768
Optimization restart 7/20, f = -644.8674895223993
Optimization restart 8/20, f = -552.2067801770681
Optimization restart 9/20, f = -644.9341805313848
Optimization restart 10/20, f = -644.8219314448041
Optimization restart 11/20, f = -646.2154123397619
Optimization restart 12/20, f = -644.5316748612732
Optimization restart 13/20, f = -643.9640758402505
Optimization restart 14/20, f = -643.0489404256467
Optimization restart 15/20, f = -646.3984429456985
Optimization restart 16/20, f = -645.8151369117672
Optimization restart 17/20, f = -647.2853311554436
Optimization restart 18/20, f = -639.961416264848
Optimization restart 19/20, f = -643.513349082492
Optimization restart 20/20, f = -644.3006502080941
pypal at iteration 51.         14 Pareto optimal points,         1614 discarded points,         1497 unclassified points.
Hypervolume 1436.6705409541012
pypal at iteration 52.         17 Pareto optimal points,         2256 discarded points,         852 unclassified points.
Hypervolume 1460.302474369247
pypal at iteration 53.         19 Pareto optimal points,         2264 discarded points,         842 unclassified points.
Hypervolume 1463.8938909555707
pypal at iteration 54.         19 Pareto optimal points,         2265 discarded points,         841 unclassified points.
Hypervolume 1463.8938909555707
pypal at iteration 55.         19 Pareto optimal points,         2265 discarded points,         841 unclassified points.
Hypervolume 1463.8938909555707
pypal at iteration 56.         19 Pareto optimal points,         2266 discarded points,         840 unclassified points.
Hypervolume 1463.8938909555707
pypal at iteration 57.         19 Pareto optimal points,         2266 discarded points,         840 unclassified points.
Hypervolume 1463.8938909555707
pypal at iteration 58.         19 Pareto optimal points,         2266 discarded points,         840 unclassified points.
Hypervolume 1463.8938909555707
pypal at iteration 59.         20 Pareto optimal points,         2266 discarded points,         839 unclassified points.
Hypervolume 1465.9729358883526
pypal at iteration 60.         20 Pareto optimal points,         2267 discarded points,         838 unclassified points.
Hypervolume 1465.9729358883526
Optimization restart 1/20, f = -696.7152226636065
Optimization restart 2/20, f = -683.1445073260338
Optimization restart 3/20, f = -584.2092047088406
Optimization restart 4/20, f = -685.7014152413876
Optimization restart 5/20, f = -692.5243127405581
Optimization restart 6/20, f = -694.0725471405656
Optimization restart 7/20, f = -690.1941388795033
Optimization restart 8/20, f = -694.7785101131841
Optimization restart 9/20, f = -693.9744913416597
Optimization restart 10/20, f = -687.18011343838
Optimization restart 11/20, f = -694.9058228499421
Optimization restart 12/20, f = -694.704207637996
Optimization restart 13/20, f = -694.3985109764358
Optimization restart 14/20, f = -691.2496342191207
Optimization restart 15/20, f = -694.1025733627696
Optimization restart 16/20, f = -687.9402828691616
Optimization restart 17/20, f = -694.5487215145127
Optimization restart 18/20, f = -677.2857646695245
Optimization restart 19/20, f = -682.3073501230762
Optimization restart 20/20, f = -694.7068870761409
pypal at iteration 61.         20 Pareto optimal points,         2268 discarded points,         837 unclassified points.
Hypervolume 1465.9729358883526
pypal at iteration 62.         20 Pareto optimal points,         2268 discarded points,         837 unclassified points.
Hypervolume 1465.9729358883526
pypal at iteration 63.         20 Pareto optimal points,         2268 discarded points,         837 unclassified points.
Hypervolume 1465.9729358883526
pypal at iteration 64.         20 Pareto optimal points,         2268 discarded points,         837 unclassified points.
Hypervolume 1465.9729358883526
pypal at iteration 65.         22 Pareto optimal points,         2268 discarded points,         835 unclassified points.
Hypervolume 1467.0225820387516
pypal at iteration 66.         22 Pareto optimal points,         2269 discarded points,         834 unclassified points.
Hypervolume 1467.0225820387516
pypal at iteration 67.         22 Pareto optimal points,         2269 discarded points,         834 unclassified points.
Hypervolume 1467.0225820387516
pypal at iteration 68.         22 Pareto optimal points,         2270 discarded points,         833 unclassified points.
Hypervolume 1467.0225820387516
pypal at iteration 69.         22 Pareto optimal points,         2271 discarded points,         832 unclassified points.
Hypervolume 1467.0225820387516
pypal at iteration 70.         22 Pareto optimal points,         2272 discarded points,         831 unclassified points.
Hypervolume 1467.0225820387516
Optimization restart 1/20, f = -758.5346008550337
Optimization restart 2/20, f = -755.612130390146
Optimization restart 3/20, f = -756.8989779595214
Optimization restart 4/20, f = -756.753309604697
Optimization restart 5/20, f = -753.0601730769508
Optimization restart 6/20, f = -755.7281930754681
Optimization restart 7/20, f = -756.2778311989341
Optimization restart 8/20, f = -756.6324991059201
Optimization restart 9/20, f = -756.6705254243914
Optimization restart 10/20, f = -753.4562542702745
Optimization restart 11/20, f = -755.1639159493132
Optimization restart 12/20, f = -751.9885185678377
Optimization restart 13/20, f = -744.6903846002904
Optimization restart 14/20, f = -747.9770099268022
Optimization restart 15/20, f = -747.8726973167257
Optimization restart 16/20, f = -755.7932761549885
Optimization restart 17/20, f = -756.6664768139748
Optimization restart 18/20, f = -753.3832412796905
Optimization restart 19/20, f = -753.8918916400019
Optimization restart 20/20, f = -742.7011735180304
pypal at iteration 71.         30 Pareto optimal points,         2272 discarded points,         823 unclassified points.
Hypervolume 1476.462665135329
pypal at iteration 72.         30 Pareto optimal points,         2273 discarded points,         822 unclassified points.
Hypervolume 1476.462665135329
pypal at iteration 73.         30 Pareto optimal points,         2274 discarded points,         821 unclassified points.
Hypervolume 1476.462665135329
pypal at iteration 74.         30 Pareto optimal points,         2275 discarded points,         820 unclassified points.
Hypervolume 1476.462665135329
pypal at iteration 75.         30 Pareto optimal points,         2276 discarded points,         819 unclassified points.
Hypervolume 1476.462665135329
pypal at iteration 76.         30 Pareto optimal points,         2277 discarded points,         818 unclassified points.
Hypervolume 1476.462665135329
pypal at iteration 77.         30 Pareto optimal points,         2278 discarded points,         817 unclassified points.
Hypervolume 1476.462665135329
pypal at iteration 78.         30 Pareto optimal points,         2279 discarded points,         816 unclassified points.
Hypervolume 1476.462665135329
pypal at iteration 79.         30 Pareto optimal points,         2280 discarded points,         815 unclassified points.
Hypervolume 1476.462665135329
pypal at iteration 80.         30 Pareto optimal points,         2281 discarded points,         814 unclassified points.
Hypervolume 1476.462665135329
Optimization restart 1/20, f = -818.9782570358709
Optimization restart 2/20, f = -816.1533927291468
Optimization restart 3/20, f = -816.7495304967124
Optimization restart 4/20, f = -817.0361646901217
Optimization restart 5/20, f = -814.6800356351705
Optimization restart 6/20, f = -792.8434071701263
Optimization restart 7/20, f = -809.7721944320579
Optimization restart 8/20, f = -793.7486132084273
Optimization restart 9/20, f = -816.152189933231
Optimization restart 10/20, f = -817.3827282026577
Optimization restart 11/20, f = -789.1896339920273
Optimization restart 12/20, f = -815.5281068744254
Optimization restart 13/20, f = -817.2214241850814
Optimization restart 14/20, f = -817.0335923029158
Optimization restart 15/20, f = -808.7769895192009
Optimization restart 16/20, f = -660.1733725087782
Optimization restart 17/20, f = -812.0931962940431
Optimization restart 18/20, f = -817.1675538466486
Optimization restart 19/20, f = -813.200998379892
Optimization restart 20/20, f = -811.9489182842167
pypal at iteration 81.         30 Pareto optimal points,         2282 discarded points,         813 unclassified points.
Hypervolume 1476.462665135329
pypal at iteration 82.         30 Pareto optimal points,         2283 discarded points,         812 unclassified points.
Hypervolume 1476.462665135329
pypal at iteration 83.         30 Pareto optimal points,         2344 discarded points,         751 unclassified points.
Hypervolume 1476.462665135329
pypal at iteration 84.         30 Pareto optimal points,         2345 discarded points,         750 unclassified points.
Hypervolume 1476.462665135329
pypal at iteration 85.         31 Pareto optimal points,         2464 discarded points,         630 unclassified points.
Hypervolume 1478.5369725367148
pypal at iteration 86.         31 Pareto optimal points,         2468 discarded points,         626 unclassified points.
Hypervolume 1478.5369725367148
pypal at iteration 87.         31 Pareto optimal points,         2469 discarded points,         625 unclassified points.
Hypervolume 1478.5369725367148
pypal at iteration 88.         31 Pareto optimal points,         2470 discarded points,         624 unclassified points.
Hypervolume 1478.5369725367148
pypal at iteration 89.         31 Pareto optimal points,         2471 discarded points,         623 unclassified points.
Hypervolume 1478.5369725367148
pypal at iteration 90.         31 Pareto optimal points,         2471 discarded points,         623 unclassified points.
Hypervolume 1478.5369725367148
Optimization restart 1/20, f = -874.3438204548904
Optimization restart 2/20, f = -860.6089512693014
Optimization restart 3/20, f = -872.0218432078334
Optimization restart 4/20, f = -863.4848795822868
Optimization restart 5/20, f = -807.6393225836514
Optimization restart 6/20, f = -872.2912162563798
Optimization restart 7/20, f = -864.0407344897768
Optimization restart 8/20, f = -871.6182577740992
Optimization restart 9/20, f = -865.9991874855747
Optimization restart 10/20, f = -856.3943558030657
Optimization restart 11/20, f = -874.0599065854658
Optimization restart 12/20, f = -869.1762095364841
Optimization restart 13/20, f = -861.1233832947592
Optimization restart 14/20, f = -866.2948441044728
Optimization restart 15/20, f = -866.1578826847599
Optimization restart 16/20, f = -863.2443095801411
Optimization restart 17/20, f = -862.014812828017
Optimization restart 18/20, f = -872.6888250948559
Optimization restart 19/20, f = -871.195645608397
Optimization restart 20/20, f = -743.2483984803982
pypal at iteration 91.         31 Pareto optimal points,         2472 discarded points,         622 unclassified points.
Hypervolume 1478.5369725367148
pypal at iteration 92.         31 Pareto optimal points,         2473 discarded points,         621 unclassified points.
Hypervolume 1478.5369725367148
pypal at iteration 93.         31 Pareto optimal points,         2474 discarded points,         620 unclassified points.
Hypervolume 1478.5369725367148
pypal at iteration 94.         31 Pareto optimal points,         2474 discarded points,         620 unclassified points.
Hypervolume 1478.5369725367148
pypal at iteration 95.         31 Pareto optimal points,         2474 discarded points,         620 unclassified points.
Hypervolume 1478.5369725367148
pypal at iteration 96.         31 Pareto optimal points,         2474 discarded points,         620 unclassified points.
Hypervolume 1478.5369725367148
pypal at iteration 97.         31 Pareto optimal points,         2475 discarded points,         619 unclassified points.
Hypervolume 1478.5369725367148
pypal at iteration 98.         31 Pareto optimal points,         2476 discarded points,         618 unclassified points.
Hypervolume 1478.5369725367148
pypal at iteration 99.         31 Pareto optimal points,         2476 discarded points,         618 unclassified points.
Hypervolume 1478.5369725367148
pypal at iteration 100.         32 Pareto optimal points,         2827 discarded points,         266 unclassified points.
Hypervolume 1495.6847410591572
Optimization restart 1/20, f = -922.252557172364
Optimization restart 2/20, f = -909.3335225976475
Optimization restart 3/20, f = -918.6596403452196
Optimization restart 4/20, f = -912.7663478403157
Optimization restart 5/20, f = -911.5886145713966
Optimization restart 6/20, f = -902.8232905188556
Optimization restart 7/20, f = -905.8726892515108
Optimization restart 8/20, f = -919.6473900837442
Optimization restart 9/20, f = -913.1282487298839
Optimization restart 10/20, f = -919.1459393096391
Optimization restart 11/20, f = -909.8413283666191
Optimization restart 12/20, f = -905.4488639814704
Optimization restart 13/20, f = -781.810259089478
Optimization restart 14/20, f = -918.655089222912
Optimization restart 15/20, f = -909.6704250460225
Optimization restart 16/20, f = -913.6748453594057
Optimization restart 17/20, f = -906.1796604054351
Optimization restart 18/20, f = -919.9443659633968
Optimization restart 19/20, f = -916.7627430225267
Optimization restart 20/20, f = -918.4042178351165
pypal at iteration 101.         33 Pareto optimal points,         2827 discarded points,         265 unclassified points.
Hypervolume 1495.6847410591572
pypal at iteration 102.         33 Pareto optimal points,         2828 discarded points,         264 unclassified points.
Hypervolume 1495.6847410591572
pypal at iteration 103.         33 Pareto optimal points,         2829 discarded points,         263 unclassified points.
Hypervolume 1495.6847410591572
pypal at iteration 104.         33 Pareto optimal points,         2830 discarded points,         262 unclassified points.
Hypervolume 1495.6847410591572
pypal at iteration 105.         33 Pareto optimal points,         2831 discarded points,         261 unclassified points.
Hypervolume 1495.6847410591572
pypal at iteration 106.         33 Pareto optimal points,         2842 discarded points,         250 unclassified points.
Hypervolume 1495.6847410591572
pypal at iteration 107.         33 Pareto optimal points,         2843 discarded points,         249 unclassified points.
Hypervolume 1495.6847410591572
pypal at iteration 108.         33 Pareto optimal points,         2844 discarded points,         248 unclassified points.
Hypervolume 1495.6847410591572
pypal at iteration 109.         33 Pareto optimal points,         2845 discarded points,         247 unclassified points.
Hypervolume 1495.6847410591572
pypal at iteration 110.         33 Pareto optimal points,         2846 discarded points,         246 unclassified points.
Hypervolume 1495.6847410591572
Optimization restart 1/20, f = -978.9018168270459
Optimization restart 2/20, f = -974.4756826120166
Optimization restart 3/20, f = -958.7616992004457
Optimization restart 4/20, f = -858.8532911529906
Optimization restart 5/20, f = -977.9371077875842
Optimization restart 6/20, f = -977.5305980394112
Optimization restart 7/20, f = -970.1484784863723
Optimization restart 8/20, f = -977.5469894845729
Optimization restart 9/20, f = -971.9675102362083
Optimization restart 10/20, f = -973.8502481114682
Optimization restart 11/20, f = -935.296955777326
Optimization restart 12/20, f = -973.4769847403362
Optimization restart 13/20, f = -967.459578535549
Optimization restart 14/20, f = -977.9664258255116
Optimization restart 15/20, f = -971.0640001923091
Optimization restart 16/20, f = -963.1365221290419
Optimization restart 17/20, f = -971.6682166400236
Optimization restart 18/20, f = -975.6715921180294
Optimization restart 19/20, f = -964.4277115871076
Optimization restart 20/20, f = -976.4033037091087
pypal at iteration 111.         33 Pareto optimal points,         2847 discarded points,         245 unclassified points.
Hypervolume 1495.6847410591572
pypal at iteration 112.         33 Pareto optimal points,         2848 discarded points,         244 unclassified points.
Hypervolume 1495.6847410591572
pypal at iteration 113.         33 Pareto optimal points,         2849 discarded points,         243 unclassified points.
Hypervolume 1495.6847410591572
pypal at iteration 114.         33 Pareto optimal points,         2850 discarded points,         242 unclassified points.
Hypervolume 1495.6847410591572
pypal at iteration 115.         33 Pareto optimal points,         2851 discarded points,         241 unclassified points.
Hypervolume 1495.6847410591572
pypal at iteration 116.         33 Pareto optimal points,         2852 discarded points,         240 unclassified points.
Hypervolume 1495.6847410591572
pypal at iteration 117.         33 Pareto optimal points,         2853 discarded points,         239 unclassified points.
Hypervolume 1495.6847410591572
pypal at iteration 118.         33 Pareto optimal points,         2854 discarded points,         238 unclassified points.
Hypervolume 1495.6847410591572
pypal at iteration 119.         33 Pareto optimal points,         2855 discarded points,         237 unclassified points.
Hypervolume 1495.6847410591572
pypal at iteration 120.         33 Pareto optimal points,         2856 discarded points,         236 unclassified points.
Hypervolume 1495.6847410591572
Optimization restart 1/20, f = -1039.6110986931837
Optimization restart 2/20, f = -1037.7845469758208
Optimization restart 3/20, f = -1028.6430130226317
Optimization restart 4/20, f = -1028.2606085635412
Optimization restart 5/20, f = -1027.3175491876004
Optimization restart 6/20, f = -1034.4800321467533
Optimization restart 7/20, f = -1027.361014686598
Optimization restart 8/20, f = -1029.6111230480074
Optimization restart 9/20, f = -1039.4500024069125
Optimization restart 10/20, f = -1032.7111647507743
Optimization restart 11/20, f = -1026.3003436241083
Optimization restart 12/20, f = -1024.1678494610815
Optimization restart 13/20, f = -1023.1444025237562
Optimization restart 14/20, f = -1038.9049144723053
Optimization restart 15/20, f = -1020.7249454881933
Optimization restart 16/20, f = -1030.8071595216502
Optimization restart 17/20, f = -1030.1795310797218
Optimization restart 18/20, f = -1036.3123472966322
Optimization restart 19/20, f = -1020.9497407939652
Optimization restart 20/20, f = -1009.8377379018007
pypal at iteration 121.         33 Pareto optimal points,         2857 discarded points,         235 unclassified points.
Hypervolume 1495.6847410591572
pypal at iteration 122.         33 Pareto optimal points,         2858 discarded points,         234 unclassified points.
Hypervolume 1495.6847410591572
pypal at iteration 123.         33 Pareto optimal points,         2859 discarded points,         233 unclassified points.
Hypervolume 1495.6847410591572
pypal at iteration 124.         34 Pareto optimal points,         2862 discarded points,         229 unclassified points.
Hypervolume 1495.8289131450827
pypal at iteration 125.         34 Pareto optimal points,         2863 discarded points,         228 unclassified points.
Hypervolume 1495.8289131450827
pypal at iteration 126.         34 Pareto optimal points,         2864 discarded points,         227 unclassified points.
Hypervolume 1495.8289131450827
pypal at iteration 127.         34 Pareto optimal points,         2865 discarded points,         226 unclassified points.
Hypervolume 1495.8289131450827
pypal at iteration 128.         34 Pareto optimal points,         2866 discarded points,         225 unclassified points.
Hypervolume 1495.8289131450827
pypal at iteration 129.         34 Pareto optimal points,         2867 discarded points,         224 unclassified points.
Hypervolume 1495.8289131450827
pypal at iteration 130.         34 Pareto optimal points,         2868 discarded points,         223 unclassified points.
Hypervolume 1495.8289131450827
Optimization restart 1/20, f = -1091.7268008149967
Optimization restart 2/20, f = -1083.1477981091493
Optimization restart 3/20, f = -992.9161957743293
Optimization restart 4/20, f = -1089.6474782579535
Optimization restart 5/20, f = -1082.7685717703635
Optimization restart 6/20, f = -1087.7579557418617
Optimization restart 7/20, f = -1076.169526304362
Optimization restart 8/20, f = -1090.3817691825088
Optimization restart 9/20, f = -944.0122651808235
Optimization restart 10/20, f = -1073.4416720450563
Optimization restart 11/20, f = -1075.5718664590402
Optimization restart 12/20, f = -1059.735926750756
Optimization restart 13/20, f = -1087.1768200567126
Optimization restart 14/20, f = -1085.636229613905
Optimization restart 15/20, f = -1075.1440138313535
Optimization restart 16/20, f = -1082.378335799516
Optimization restart 17/20, f = -1074.7618010600454
Optimization restart 18/20, f = -1090.4932078164243
Optimization restart 19/20, f = -1082.1992309944862
Optimization restart 20/20, f = -1085.5074139994392
pypal at iteration 131.         34 Pareto optimal points,         2869 discarded points,         222 unclassified points.
Hypervolume 1495.8289131450827
pypal at iteration 132.         34 Pareto optimal points,         2870 discarded points,         221 unclassified points.
Hypervolume 1495.8289131450827
pypal at iteration 133.         34 Pareto optimal points,         2871 discarded points,         220 unclassified points.
Hypervolume 1495.8289131450827
pypal at iteration 134.         34 Pareto optimal points,         2872 discarded points,         219 unclassified points.
Hypervolume 1495.8289131450827
pypal at iteration 135.         34 Pareto optimal points,         2873 discarded points,         218 unclassified points.
Hypervolume 1495.8289131450827
pypal at iteration 136.         34 Pareto optimal points,         2874 discarded points,         217 unclassified points.
Hypervolume 1495.8289131450827
pypal at iteration 137.         34 Pareto optimal points,         2875 discarded points,         216 unclassified points.
Hypervolume 1495.8289131450827
pypal at iteration 138.         34 Pareto optimal points,         2876 discarded points,         215 unclassified points.
Hypervolume 1495.8289131450827
pypal at iteration 139.         34 Pareto optimal points,         2877 discarded points,         214 unclassified points.
Hypervolume 1495.8289131450827
pypal at iteration 140.         34 Pareto optimal points,         2878 discarded points,         213 unclassified points.
Hypervolume 1495.8289131450827
Optimization restart 1/20, f = -1146.4023925403526
Optimization restart 2/20, f = -1143.2585738112234
Optimization restart 3/20, f = -1143.221798059104
Optimization restart 4/20, f = -1140.415939801904
Optimization restart 5/20, f = -1138.8620885833725
Optimization restart 6/20, f = -1138.4184257598354
Optimization restart 7/20, f = -1144.8134382880442
Optimization restart 8/20, f = -1139.2734061572712
Optimization restart 9/20, f = -1135.3238830773043
Optimization restart 10/20, f = -1144.1180643668763
Optimization restart 11/20, f = -1144.3561459354685
Optimization restart 12/20, f = -1126.8679771304935
Optimization restart 13/20, f = -1139.2182730737675
Optimization restart 14/20, f = -1139.7386026030426
Optimization restart 15/20, f = -1126.7382382874137
Optimization restart 16/20, f = -1144.9514869452785
Optimization restart 17/20, f = -1143.9746636156067
Optimization restart 18/20, f = -1136.0661537791714
Optimization restart 19/20, f = -1137.7346380924841
Optimization restart 20/20, f = -1141.1903565988132
pypal at iteration 141.         34 Pareto optimal points,         2879 discarded points,         212 unclassified points.
Hypervolume 1495.8289131450827
pypal at iteration 142.         35 Pareto optimal points,         2926 discarded points,         164 unclassified points.
Hypervolume 1499.94644708525
pypal at iteration 143.         35 Pareto optimal points,         2928 discarded points,         162 unclassified points.
Hypervolume 1499.94644708525
pypal at iteration 144.         35 Pareto optimal points,         2929 discarded points,         161 unclassified points.
Hypervolume 1499.94644708525
pypal at iteration 145.         35 Pareto optimal points,         2930 discarded points,         160 unclassified points.
Hypervolume 1499.94644708525
pypal at iteration 146.         35 Pareto optimal points,         2931 discarded points,         159 unclassified points.
Hypervolume 1499.94644708525
pypal at iteration 147.         36 Pareto optimal points,         2995 discarded points,         94 unclassified points.
Hypervolume 1501.495616667211
pypal at iteration 148.         36 Pareto optimal points,         2996 discarded points,         93 unclassified points.
Hypervolume 1501.495616667211
pypal at iteration 149.         36 Pareto optimal points,         2997 discarded points,         92 unclassified points.
Hypervolume 1501.495616667211
pypal at iteration 150.         36 Pareto optimal points,         2998 discarded points,         91 unclassified points.
Hypervolume 1501.495616667211
Optimization restart 1/20, f = -1201.8336123057409
Optimization restart 2/20, f = -1194.097753695869
Optimization restart 3/20, f = -1200.0265320765025
Optimization restart 4/20, f = -1199.271775302468
Optimization restart 5/20, f = -1122.4337891760943
Optimization restart 6/20, f = -1191.4920182059477
Optimization restart 7/20, f = -1194.6934474522234
Optimization restart 8/20, f = -1194.2791553278184
Optimization restart 9/20, f = -1198.674284213084
Optimization restart 10/20, f = -1198.5527266021113
Optimization restart 11/20, f = -1200.6003838701195
Optimization restart 12/20, f = -1197.8129448436962
Optimization restart 13/20, f = -1194.2768693613732
Optimization restart 14/20, f = -1198.3631505803603
Optimization restart 15/20, f = -1198.4983702183201
Optimization restart 16/20, f = -1187.4632312172366
Optimization restart 17/20, f = -1186.379207998828
Optimization restart 18/20, f = -1196.990292396155
Optimization restart 19/20, f = -1202.3989678632347
Optimization restart 20/20, f = -1184.963401950974
pypal at iteration 151.         36 Pareto optimal points,         2999 discarded points,         90 unclassified points.
Hypervolume 1501.495616667211
pypal at iteration 152.         36 Pareto optimal points,         3000 discarded points,         89 unclassified points.
Hypervolume 1501.495616667211
pypal at iteration 153.         36 Pareto optimal points,         3001 discarded points,         88 unclassified points.
Hypervolume 1501.495616667211
pypal at iteration 154.         37 Pareto optimal points,         3001 discarded points,         87 unclassified points.
Hypervolume 1505.4384599862167
pypal at iteration 155.         37 Pareto optimal points,         3002 discarded points,         86 unclassified points.
Hypervolume 1505.4384599862167
pypal at iteration 156.         37 Pareto optimal points,         3003 discarded points,         85 unclassified points.
Hypervolume 1505.4384599862167
pypal at iteration 157.         37 Pareto optimal points,         3004 discarded points,         84 unclassified points.
Hypervolume 1505.4384599862167
pypal at iteration 158.         37 Pareto optimal points,         3005 discarded points,         83 unclassified points.
Hypervolume 1505.4384599862167
pypal at iteration 159.         37 Pareto optimal points,         3006 discarded points,         82 unclassified points.
Hypervolume 1505.4384599862167
pypal at iteration 160.         37 Pareto optimal points,         3007 discarded points,         81 unclassified points.
Hypervolume 1505.4384599862167
Optimization restart 1/20, f = -1254.010186986704
Optimization restart 2/20, f = -826.2592198016405
Optimization restart 3/20, f = -1243.8920192026621
Optimization restart 4/20, f = -1249.9643038641716
Optimization restart 5/20, f = -1249.8171031025709
Optimization restart 6/20, f = -1250.3658126900395
Optimization restart 7/20, f = -1107.4396308486002
Optimization restart 8/20, f = -1237.9830401061422
Optimization restart 9/20, f = -1248.607914154472
Optimization restart 10/20, f = -1247.2549572528474
Optimization restart 11/20, f = -1246.0999995532602
Optimization restart 12/20, f = -1243.3619473942588
Optimization restart 13/20, f = -1243.6843987170664
Optimization restart 14/20, f = -1244.3819159880363
Optimization restart 15/20, f = -1251.7134934999112
Optimization restart 16/20, f = -1249.1775710304628
Optimization restart 17/20, f = -1250.120678990373
Optimization restart 18/20, f = -1246.5838313748243
Optimization restart 19/20, f = -1247.0087227226527
Optimization restart 20/20, f = -1246.4076890071472
pypal at iteration 161.         37 Pareto optimal points,         3008 discarded points,         80 unclassified points.
Hypervolume 1505.4384599862167
pypal at iteration 162.         37 Pareto optimal points,         3009 discarded points,         79 unclassified points.
Hypervolume 1505.4384599862167
pypal at iteration 163.         37 Pareto optimal points,         3010 discarded points,         78 unclassified points.
Hypervolume 1505.4384599862167
pypal at iteration 164.         37 Pareto optimal points,         3011 discarded points,         77 unclassified points.
Hypervolume 1505.4384599862167
pypal at iteration 165.         37 Pareto optimal points,         3012 discarded points,         76 unclassified points.
Hypervolume 1505.4384599862167
pypal at iteration 166.         37 Pareto optimal points,         3013 discarded points,         75 unclassified points.
Hypervolume 1505.4384599862167
pypal at iteration 167.         37 Pareto optimal points,         3014 discarded points,         74 unclassified points.
Hypervolume 1505.4384599862167
pypal at iteration 168.         37 Pareto optimal points,         3015 discarded points,         73 unclassified points.
Hypervolume 1505.4384599862167
pypal at iteration 169.         37 Pareto optimal points,         3016 discarded points,         72 unclassified points.
Hypervolume 1505.4384599862167
pypal at iteration 170.         37 Pareto optimal points,         3017 discarded points,         71 unclassified points.
Hypervolume 1505.4384599862167
Optimization restart 1/20, f = -1307.0192764517762
Optimization restart 2/20, f = -1301.1880778799225
Optimization restart 3/20, f = -1293.0215938504052
Optimization restart 4/20, f = -1302.231643344724
Optimization restart 5/20, f = -1298.056766162942
Optimization restart 6/20, f = -1303.0916116123701
Optimization restart 7/20, f = -1296.1330495748505
Optimization restart 8/20, f = -1299.172618107275
Optimization restart 9/20, f = -1291.4669987577536
Optimization restart 10/20, f = -1299.874694228963
Optimization restart 11/20, f = -1292.8147600197221
Optimization restart 12/20, f = -1300.5266435774731
Optimization restart 13/20, f = -1302.298086466157
Optimization restart 14/20, f = -1303.8495392304949
Optimization restart 15/20, f = -1297.4806077243252
Optimization restart 16/20, f = -1301.002103011622
Optimization restart 17/20, f = -1304.0766390978943
Optimization restart 18/20, f = -1174.0655006977713
Optimization restart 19/20, f = -1303.2805643305182
Optimization restart 20/20, f = -1286.435072142887
pypal at iteration 171.         37 Pareto optimal points,         3018 discarded points,         70 unclassified points.
Hypervolume 1505.4384599862167
pypal at iteration 172.         37 Pareto optimal points,         3019 discarded points,         69 unclassified points.
Hypervolume 1505.4384599862167
pypal at iteration 173.         37 Pareto optimal points,         3020 discarded points,         68 unclassified points.
Hypervolume 1505.4384599862167
pypal at iteration 174.         37 Pareto optimal points,         3021 discarded points,         67 unclassified points.
Hypervolume 1505.4384599862167
pypal at iteration 175.         37 Pareto optimal points,         3022 discarded points,         66 unclassified points.
Hypervolume 1505.4384599862167
pypal at iteration 176.         37 Pareto optimal points,         3023 discarded points,         65 unclassified points.
Hypervolume 1505.4384599862167
pypal at iteration 177.         37 Pareto optimal points,         3024 discarded points,         64 unclassified points.
Hypervolume 1505.4384599862167
pypal at iteration 178.         37 Pareto optimal points,         3025 discarded points,         63 unclassified points.
Hypervolume 1505.4384599862167
pypal at iteration 179.         37 Pareto optimal points,         3026 discarded points,         62 unclassified points.
Hypervolume 1505.4384599862167
pypal at iteration 180.         37 Pareto optimal points,         3027 discarded points,         61 unclassified points.
Hypervolume 1505.4384599862167
Optimization restart 1/20, f = -1356.662658783891
Optimization restart 2/20, f = -521.218462552115
Optimization restart 3/20, f = -1343.8262638838446
Optimization restart 4/20, f = -1351.5453807399208
Optimization restart 5/20, f = -1313.4793859304077
Optimization restart 6/20, f = -1353.8922323955044
Optimization restart 7/20, f = -1353.1634836128846
Optimization restart 8/20, f = -1197.7597362187175
Optimization restart 9/20, f = -1353.393872503436
Optimization restart 10/20, f = -1344.49526567862
Optimization restart 11/20, f = -1351.507382109622
Optimization restart 12/20, f = -1353.8524049467048
Optimization restart 13/20, f = -1348.9814360585167
Optimization restart 14/20, f = -1340.1661867978787
Optimization restart 15/20, f = -1351.186570543
Optimization restart 16/20, f = -1355.3893333838892
Optimization restart 17/20, f = -1346.7296154204832
Optimization restart 18/20, f = -1353.92560961582
Optimization restart 19/20, f = -1352.1296298049915
Optimization restart 20/20, f = -1353.695641306463
pypal at iteration 181.         37 Pareto optimal points,         3028 discarded points,         60 unclassified points.
Hypervolume 1505.4384599862167
pypal at iteration 182.         37 Pareto optimal points,         3030 discarded points,         58 unclassified points.
Hypervolume 1505.4384599862167
pypal at iteration 183.         37 Pareto optimal points,         3032 discarded points,         56 unclassified points.
Hypervolume 1505.4384599862167
pypal at iteration 184.         37 Pareto optimal points,         3033 discarded points,         55 unclassified points.
Hypervolume 1505.4384599862167
pypal at iteration 185.         37 Pareto optimal points,         3034 discarded points,         54 unclassified points.
Hypervolume 1505.4384599862167
pypal at iteration 186.         37 Pareto optimal points,         3035 discarded points,         53 unclassified points.
Hypervolume 1505.4384599862167
pypal at iteration 187.         37 Pareto optimal points,         3044 discarded points,         44 unclassified points.
Hypervolume 1505.4384599862167
pypal at iteration 188.         37 Pareto optimal points,         3045 discarded points,         43 unclassified points.
Hypervolume 1505.4384599862167
pypal at iteration 189.         37 Pareto optimal points,         3046 discarded points,         42 unclassified points.
Hypervolume 1505.4384599862167
pypal at iteration 190.         37 Pareto optimal points,         3047 discarded points,         41 unclassified points.
Hypervolume 1505.4384599862167
Optimization restart 1/20, f = -1399.7926085319536
Optimization restart 2/20, f = -1396.460465013619
Optimization restart 3/20, f = -1396.475048321112
Optimization restart 4/20, f = -1382.257506271054
Optimization restart 5/20, f = -1396.296331716211
Optimization restart 6/20, f = -1396.053504209492
Optimization restart 7/20, f = -1395.6693488464825
Optimization restart 8/20, f = -1396.1732324414033
Optimization restart 9/20, f = -1391.1097257690608
Optimization restart 10/20, f = -1396.5873471892926
Optimization restart 11/20, f = -1395.761215829572
Optimization restart 12/20, f = -1393.0185787227745
Optimization restart 13/20, f = -1389.0669769281753
Optimization restart 14/20, f = -1394.505911825401
Optimization restart 15/20, f = -1394.5549204434255
Optimization restart 16/20, f = -1396.016724319205
Optimization restart 17/20, f = -1396.5123060619985
Optimization restart 18/20, f = -1388.865200652664
Optimization restart 19/20, f = -1394.8642136614794
Optimization restart 20/20, f = -1385.2511374812084
pypal at iteration 191.         37 Pareto optimal points,         3048 discarded points,         40 unclassified points.
Hypervolume 1505.4384599862167
pypal at iteration 192.         37 Pareto optimal points,         3049 discarded points,         39 unclassified points.
Hypervolume 1505.4384599862167
pypal at iteration 193.         37 Pareto optimal points,         3050 discarded points,         38 unclassified points.
Hypervolume 1505.4384599862167
pypal at iteration 194.         37 Pareto optimal points,         3051 discarded points,         37 unclassified points.
Hypervolume 1505.4384599862167
pypal at iteration 195.         37 Pareto optimal points,         3053 discarded points,         35 unclassified points.
Hypervolume 1505.4384599862167
pypal at iteration 196.         37 Pareto optimal points,         3054 discarded points,         34 unclassified points.
Hypervolume 1505.4384599862167
pypal at iteration 197.         37 Pareto optimal points,         3055 discarded points,         33 unclassified points.
Hypervolume 1505.4384599862167
pypal at iteration 198.         37 Pareto optimal points,         3056 discarded points,         32 unclassified points.
Hypervolume 1505.4384599862167
pypal at iteration 199.         37 Pareto optimal points,         3057 discarded points,         31 unclassified points.
Hypervolume 1505.4384599862167
pypal at iteration 200.         37 Pareto optimal points,         3058 discarded points,         30 unclassified points.
Hypervolume 1505.4384599862167
Optimization restart 1/20, f = -1447.2391926290488
Optimization restart 2/20, f = -1441.1297998550342
Optimization restart 3/20, f = -1371.4044522839793
Optimization restart 4/20, f = -1443.4499079822947
Optimization restart 5/20, f = -1442.6581663670008
Optimization restart 6/20, f = -1445.284840051778
Optimization restart 7/20, f = -1442.8506557279816
Optimization restart 8/20, f = -1430.5369650479938
Optimization restart 9/20, f = -1439.5329546117307
Optimization restart 10/20, f = -1443.8104321185083
Optimization restart 11/20, f = -1277.515439330169
Optimization restart 12/20, f = -1416.6204531278563
Optimization restart 13/20, f = -1444.388394796341
Optimization restart 14/20, f = -1440.7358180401868
Optimization restart 15/20, f = -1442.712712131854
Optimization restart 16/20, f = -1409.1362106031295
Optimization restart 17/20, f = -1440.2779762685332
Optimization restart 18/20, f = -1438.8165749468526
Optimization restart 19/20, f = -1437.9352972981096
Optimization restart 20/20, f = -1315.8290781671185
pypal at iteration 201.         37 Pareto optimal points,         3059 discarded points,         29 unclassified points.
Hypervolume 1505.4384599862167
pypal at iteration 202.         37 Pareto optimal points,         3060 discarded points,         28 unclassified points.
Hypervolume 1505.4384599862167
pypal at iteration 203.         37 Pareto optimal points,         3061 discarded points,         27 unclassified points.
Hypervolume 1505.4384599862167
pypal at iteration 204.         37 Pareto optimal points,         3062 discarded points,         26 unclassified points.
Hypervolume 1505.4384599862167
pypal at iteration 205.         37 Pareto optimal points,         3063 discarded points,         25 unclassified points.
Hypervolume 1505.4384599862167
pypal at iteration 206.         37 Pareto optimal points,         3064 discarded points,         24 unclassified points.
Hypervolume 1505.4384599862167
pypal at iteration 207.         37 Pareto optimal points,         3065 discarded points,         23 unclassified points.
Hypervolume 1505.4384599862167
pypal at iteration 208.         37 Pareto optimal points,         3066 discarded points,         22 unclassified points.
Hypervolume 1505.4384599862167
pypal at iteration 209.         37 Pareto optimal points,         3067 discarded points,         21 unclassified points.
Hypervolume 1505.4384599862167
pypal at iteration 210.         37 Pareto optimal points,         3068 discarded points,         20 unclassified points.
Hypervolume 1505.4384599862167
Optimization restart 1/20, f = -1498.8206494211875
Optimization restart 2/20, f = -1494.7375498597175
Optimization restart 3/20, f = -1318.1468662213135
Optimization restart 4/20, f = -1492.800602089691
Optimization restart 5/20, f = -1494.0029421917022
Optimization restart 6/20, f = -1343.3998438785147
Optimization restart 7/20, f = -1493.7113966472255
Optimization restart 8/20, f = -1461.7918400666836
Optimization restart 9/20, f = -1494.9815024697464
Optimization restart 10/20, f = -1489.5984072334277
Optimization restart 11/20, f = -1489.5908002471647
Optimization restart 12/20, f = -1419.1859353256211
Optimization restart 13/20, f = -1496.944612592984
Optimization restart 14/20, f = -1490.0993563240654
Optimization restart 15/20, f = -1490.8976157501488
Optimization restart 16/20, f = -1494.3583021649895
Optimization restart 17/20, f = -1493.4967677440961
Optimization restart 18/20, f = -1492.015057626165
Optimization restart 19/20, f = -1484.480174153708
Optimization restart 20/20, f = -1418.9835826717713
pypal at iteration 211.         37 Pareto optimal points,         3069 discarded points,         19 unclassified points.
Hypervolume 1505.4384599862167
pypal at iteration 212.         37 Pareto optimal points,         3070 discarded points,         18 unclassified points.
Hypervolume 1505.4384599862167
pypal at iteration 213.         37 Pareto optimal points,         3071 discarded points,         17 unclassified points.
Hypervolume 1505.4384599862167
pypal at iteration 214.         37 Pareto optimal points,         3072 discarded points,         16 unclassified points.
Hypervolume 1505.4384599862167
pypal at iteration 215.         37 Pareto optimal points,         3073 discarded points,         15 unclassified points.
Hypervolume 1505.4384599862167
pypal at iteration 216.         37 Pareto optimal points,         3074 discarded points,         14 unclassified points.
Hypervolume 1505.4384599862167
pypal at iteration 217.         37 Pareto optimal points,         3075 discarded points,         13 unclassified points.
Hypervolume 1505.4384599862167
pypal at iteration 218.         37 Pareto optimal points,         3076 discarded points,         12 unclassified points.
Hypervolume 1505.4384599862167
pypal at iteration 219.         37 Pareto optimal points,         3077 discarded points,         11 unclassified points.
Hypervolume 1505.4384599862167
pypal at iteration 220.         37 Pareto optimal points,         3078 discarded points,         10 unclassified points.
Hypervolume 1505.4384599862167
Optimization restart 1/20, f = -1550.9748289489296
Optimization restart 2/20, f = -1546.8075466230748
Optimization restart 3/20, f = -1544.9989349175535
Optimization restart 4/20, f = -1548.6497440183307
Optimization restart 5/20, f = -1514.3083806008476
Optimization restart 6/20, f = -1364.3048630067863
Optimization restart 7/20, f = -1545.0507439093526
Optimization restart 8/20, f = -1541.4055094118364
Optimization restart 9/20, f = -1538.1373018169443
Optimization restart 10/20, f = -1545.0678280798616
Optimization restart 11/20, f = -1525.1143765760958
Optimization restart 12/20, f = -1546.9984160236304
Optimization restart 13/20, f = -1549.1975387696762
Optimization restart 14/20, f = -1522.6074259647148
Optimization restart 15/20, f = -1541.8257908508197
Optimization restart 16/20, f = -1532.6603374513147
Optimization restart 17/20, f = -1542.746914297737
Optimization restart 18/20, f = -1545.8727298111976
Optimization restart 19/20, f = -1548.2223729876077
Optimization restart 20/20, f = -1548.018074802439
pypal at iteration 221.         37 Pareto optimal points,         3079 discarded points,         9 unclassified points.
Hypervolume 1505.4384599862167
pypal at iteration 222.         37 Pareto optimal points,         3080 discarded points,         8 unclassified points.
Hypervolume 1505.4384599862167
pypal at iteration 223.         37 Pareto optimal points,         3082 discarded points,         6 unclassified points.
Hypervolume 1505.4384599862167
pypal at iteration 224.         37 Pareto optimal points,         3083 discarded points,         5 unclassified points.
Hypervolume 1505.4384599862167
pypal at iteration 225.         37 Pareto optimal points,         3084 discarded points,         4 unclassified points.
Hypervolume 1505.4384599862167
pypal at iteration 226.         37 Pareto optimal points,         3085 discarded points,         3 unclassified points.
Hypervolume 1505.4384599862167
pypal at iteration 227.         37 Pareto optimal points,         3086 discarded points,         2 unclassified points.
Hypervolume 1505.4384599862167
pypal at iteration 228.         37 Pareto optimal points,         3087 discarded points,         1 unclassified points.
Hypervolume 1505.4384599862167
Done. No unclassified point left
pypal at iteration 228.         37 Pareto optimal points,         3088 discarded points,         0 unclassified points.
Hypervolume 1505.4384599862167
