 /home/kjablonk/anaconda3/envs/dispersant_screener/lib/python3.7/site-packages/sklearn/utils/deprecation.py:143: FutureWarning:The sklearn.preprocessing.data module is  deprecated in version 0.22 and will be removed in version 0.24. The corresponding classes / functions should instead be imported from sklearn.preprocessing. Anything that cannot be imported from sklearn.preprocessing is now part of the private API.
 /home/kjablonk/programs/pypal/pypal/pal/validate_inputs.py:146: UserWarning:No goals provided,                 will assume that every dimension should be maximized
 /home/kjablonk/anaconda3/envs/dispersant_screener/lib/python3.7/site-packages/GPy/kern/src/stationary.py:243: RuntimeWarning:invalid value encountered in true_divide
 /home/kjablonk/anaconda3/envs/dispersant_screener/lib/python3.7/site-packages/GPy/kern/src/stationary.py:166: RuntimeWarning:overflow encountered in true_divide
 /home/kjablonk/anaconda3/envs/dispersant_screener/lib/python3.7/site-packages/GPy/kern/src/stationary.py:137: RuntimeWarning:overflow encountered in square
 /home/kjablonk/anaconda3/envs/dispersant_screener/lib/python3.7/site-packages/GPy/kern/src/stationary.py:138: RuntimeWarning:invalid value encountered in add
 /home/kjablonk/anaconda3/envs/dispersant_screener/lib/python3.7/site-packages/GPy/kern/src/stationary.py:565: RuntimeWarning:invalid value encountered in multiply
 /home/kjablonk/anaconda3/envs/dispersant_screener/lib/python3.7/site-packages/GPy/kern/src/stationary.py:568: RuntimeWarning:invalid value encountered in subtract
 /home/kjablonk/anaconda3/envs/dispersant_screener/lib/python3.7/site-packages/paramz/transformations.py:111: RuntimeWarning:overflow encountered in expm1
 /home/kjablonk/anaconda3/envs/dispersant_screener/lib/python3.7/site-packages/GPy/kern/src/stationary.py:166: RuntimeWarning:overflow encountered in true_divide
 /home/kjablonk/anaconda3/envs/dispersant_screener/lib/python3.7/site-packages/GPy/kern/src/stationary.py:137: RuntimeWarning:overflow encountered in square
 /home/kjablonk/anaconda3/envs/dispersant_screener/lib/python3.7/site-packages/GPy/kern/src/stationary.py:138: RuntimeWarning:invalid value encountered in add
 /home/kjablonk/anaconda3/envs/dispersant_screener/lib/python3.7/site-packages/GPy/kern/src/stationary.py:565: RuntimeWarning:invalid value encountered in multiply
 /home/kjablonk/anaconda3/envs/dispersant_screener/lib/python3.7/site-packages/GPy/kern/src/stationary.py:568: RuntimeWarning:invalid value encountered in subtract
 /home/kjablonk/anaconda3/envs/dispersant_screener/lib/python3.7/site-packages/GPy/kern/src/stationary.py:243: RuntimeWarning:invalid value encountered in true_divide
Maximum hypervolume 1536.0438526567837
STARTING PAL
Optimization restart 1/20, f = -27.936749800167334
Optimization restart 2/20, f = -19.58019848153257
Optimization restart 3/20, f = -32.69966782286828
Optimization restart 4/20, f = -14.050794257630562
Optimization restart 5/20, f = -36.11969438804458
Optimization restart 6/20, f = -29.787544240464303
Optimization restart 7/20, f = -33.66381031116759
Optimization restart 8/20, f = -33.21983109868427
Optimization restart 9/20, f = -26.16377337745528
Optimization restart 10/20, f = -27.420302871175775
Optimization restart 11/20, f = -34.28696551204223
Optimization restart 12/20, f = -29.497292780130408
Optimization restart 13/20, f = -27.93029209183504
Optimization restart 14/20, f = -28.3846398014967
Optimization restart 15/20, f = -24.563607177505133
Optimization restart 16/20, f = -25.036693710234637
Optimization restart 17/20, f = -28.918571067025006
Optimization restart 18/20, f = -35.74976747339655
Optimization restart 19/20, f = -29.806026209412234
Optimization restart 20/20, f = -33.726157796442266
pypal at iteration 1.         0 Pareto optimal points,         6 discarded points,         3119 unclassified points.
Hypervolume 0
pypal at iteration 2.         0 Pareto optimal points,         774 discarded points,         2351 unclassified points.
Hypervolume 0
pypal at iteration 3.         0 Pareto optimal points,         774 discarded points,         2351 unclassified points.
Hypervolume 0
pypal at iteration 4.         1 Pareto optimal points,         775 discarded points,         2349 unclassified points.
Hypervolume 1204.6929879669724
pypal at iteration 5.         1 Pareto optimal points,         782 discarded points,         2342 unclassified points.
Hypervolume 1204.6929879669724
pypal at iteration 6.         1 Pareto optimal points,         833 discarded points,         2291 unclassified points.
Hypervolume 1204.6929879669724
pypal at iteration 7.         1 Pareto optimal points,         1007 discarded points,         2117 unclassified points.
Hypervolume 1204.6929879669724
pypal at iteration 8.         1 Pareto optimal points,         1092 discarded points,         2032 unclassified points.
Hypervolume 1204.6929879669724
pypal at iteration 9.         1 Pareto optimal points,         1100 discarded points,         2024 unclassified points.
Hypervolume 1204.6929879669724
pypal at iteration 10.         1 Pareto optimal points,         1130 discarded points,         1994 unclassified points.
Hypervolume 1204.6929879669724
Optimization restart 1/20, f = -71.36140010075269
Optimization restart 2/20, f = -83.53799343668578
Optimization restart 3/20, f = -85.50621832494667
Optimization restart 4/20, f = -85.17761838003321
Optimization restart 5/20, f = -77.50754409563334
Optimization restart 6/20, f = -84.89847196619966
Optimization restart 7/20, f = -84.8985591501892
Optimization restart 8/20, f = -85.98007271872382
Optimization restart 9/20, f = -85.26749031776357
Optimization restart 10/20, f = -84.00974819379462
Optimization restart 11/20, f = -85.90554914598006
Optimization restart 12/20, f = -85.36794767463442
Optimization restart 13/20, f = -84.89843180317465
Optimization restart 14/20, f = -85.51369903126259
Optimization restart 15/20, f = -67.03298822100355
Optimization restart 16/20, f = -84.89848825035085
Optimization restart 17/20, f = -84.898468550801
Optimization restart 18/20, f = -84.89845774371986
Optimization restart 19/20, f = -69.5176550866709
Optimization restart 20/20, f = -84.8982198140499
pypal at iteration 11.         1 Pareto optimal points,         2183 discarded points,         941 unclassified points.
Hypervolume 1204.6929879669724
pypal at iteration 12.         1 Pareto optimal points,         2220 discarded points,         904 unclassified points.
Hypervolume 1204.6929879669724
pypal at iteration 13.         1 Pareto optimal points,         2256 discarded points,         868 unclassified points.
Hypervolume 1204.6929879669724
pypal at iteration 14.         1 Pareto optimal points,         2263 discarded points,         861 unclassified points.
Hypervolume 1204.6929879669724
pypal at iteration 15.         1 Pareto optimal points,         2302 discarded points,         822 unclassified points.
Hypervolume 1204.6929879669724
pypal at iteration 16.         1 Pareto optimal points,         2320 discarded points,         804 unclassified points.
Hypervolume 1204.6929879669724
pypal at iteration 17.         1 Pareto optimal points,         2344 discarded points,         780 unclassified points.
Hypervolume 1204.6929879669724
pypal at iteration 18.         1 Pareto optimal points,         2386 discarded points,         738 unclassified points.
Hypervolume 1204.6929879669724
pypal at iteration 19.         1 Pareto optimal points,         2427 discarded points,         697 unclassified points.
Hypervolume 1204.6929879669724
pypal at iteration 20.         1 Pareto optimal points,         2502 discarded points,         622 unclassified points.
Hypervolume 1204.6929879669724
Optimization restart 1/20, f = -140.79913845219892
Optimization restart 2/20, f = -116.21534655235492
Optimization restart 3/20, f = -132.57818364111577
Optimization restart 4/20, f = -121.48710152433672
Optimization restart 5/20, f = -77.82340027452008
Optimization restart 6/20, f = -142.16125738542956
Optimization restart 7/20, f = -130.23299108201036
Optimization restart 8/20, f = -83.54508157396927
Optimization restart 9/20, f = -142.15200958198534
Optimization restart 10/20, f = -142.0406801461131
Optimization restart 11/20, f = -141.22633134261855
Optimization restart 12/20, f = -93.98332535665108
Optimization restart 13/20, f = -139.82893717600945
Optimization restart 14/20, f = -142.11857646571275
Optimization restart 15/20, f = -141.7609501798823
Optimization restart 16/20, f = -115.1904972257097
Optimization restart 17/20, f = -140.1559002977428
Optimization restart 18/20, f = -141.90963196867244
Optimization restart 19/20, f = -109.0032869921885
Optimization restart 20/20, f = -141.67970216141256
pypal at iteration 21.         1 Pareto optimal points,         2582 discarded points,         542 unclassified points.
Hypervolume 1204.6929879669724
pypal at iteration 22.         1 Pareto optimal points,         2587 discarded points,         537 unclassified points.
Hypervolume 1204.6929879669724
pypal at iteration 23.         2 Pareto optimal points,         2587 discarded points,         536 unclassified points.
Hypervolume 1231.5252731013502
pypal at iteration 24.         3 Pareto optimal points,         2587 discarded points,         535 unclassified points.
Hypervolume 1232.3984800425092
pypal at iteration 25.         4 Pareto optimal points,         2587 discarded points,         534 unclassified points.
Hypervolume 1232.6048073680474
pypal at iteration 26.         5 Pareto optimal points,         2588 discarded points,         532 unclassified points.
Hypervolume 1267.506940755371
pypal at iteration 27.         5 Pareto optimal points,         2589 discarded points,         531 unclassified points.
Hypervolume 1267.506940755371
pypal at iteration 28.         5 Pareto optimal points,         2592 discarded points,         528 unclassified points.
Hypervolume 1267.506940755371
pypal at iteration 29.         5 Pareto optimal points,         2593 discarded points,         527 unclassified points.
Hypervolume 1267.506940755371
pypal at iteration 30.         5 Pareto optimal points,         2594 discarded points,         526 unclassified points.
Hypervolume 1267.506940755371
Optimization restart 1/20, f = -218.3753876605321
Optimization restart 2/20, f = -197.75787424222153
Optimization restart 3/20, f = -198.51613208133966
Optimization restart 4/20, f = -198.1245902291305
Optimization restart 5/20, f = -198.4218768532839
Optimization restart 6/20, f = -198.61950258716638
Optimization restart 7/20, f = -198.62274894250703
Optimization restart 8/20, f = -198.081847863341
Optimization restart 9/20, f = -198.16592846643718
Optimization restart 10/20, f = -196.51959757503846
Optimization restart 11/20, f = -198.3286449256552
Optimization restart 12/20, f = -217.71275989921062
Optimization restart 13/20, f = -218.00700152098995
Optimization restart 14/20, f = -217.0604886755068
Optimization restart 15/20, f = -198.62260785809286
Optimization restart 16/20, f = -198.30483653364143
Optimization restart 17/20, f = -198.65984002734308
Optimization restart 18/20, f = -198.6254039169121
Optimization restart 19/20, f = -140.64754054889804
Optimization restart 20/20, f = -197.40917888480533
pypal at iteration 31.         5 Pareto optimal points,         2627 discarded points,         493 unclassified points.
Hypervolume 1267.506940755371
pypal at iteration 32.         6 Pareto optimal points,         2645 discarded points,         474 unclassified points.
Hypervolume 1268.628772094059
pypal at iteration 33.         7 Pareto optimal points,         2645 discarded points,         473 unclassified points.
Hypervolume 1269.5737132038594
pypal at iteration 34.         7 Pareto optimal points,         2650 discarded points,         468 unclassified points.
Hypervolume 1269.5737132038594
pypal at iteration 35.         8 Pareto optimal points,         2736 discarded points,         381 unclassified points.
Hypervolume 1318.4984461246886
pypal at iteration 36.         8 Pareto optimal points,         2738 discarded points,         379 unclassified points.
Hypervolume 1318.4984461246886
pypal at iteration 37.         8 Pareto optimal points,         2739 discarded points,         378 unclassified points.
Hypervolume 1318.4984461246886
pypal at iteration 38.         8 Pareto optimal points,         2740 discarded points,         377 unclassified points.
Hypervolume 1318.4984461246886
pypal at iteration 39.         8 Pareto optimal points,         2741 discarded points,         376 unclassified points.
Hypervolume 1318.4984461246886
pypal at iteration 40.         8 Pareto optimal points,         2742 discarded points,         375 unclassified points.
Hypervolume 1318.4984461246886
Optimization restart 1/20, f = -275.8329900769452
Optimization restart 2/20, f = -231.76319304033208
Optimization restart 3/20, f = -274.9367464475019
Optimization restart 4/20, f = -268.9834560700782
Optimization restart 5/20, f = -247.4261073039052
Optimization restart 6/20, f = -247.32125778404517
Optimization restart 7/20, f = -212.14880405110634
Optimization restart 8/20, f = -247.16518412752768
Optimization restart 9/20, f = -192.9652204667588
Optimization restart 10/20, f = -247.27713672983384
Optimization restart 11/20, f = -274.0943866833908
Optimization restart 12/20, f = -256.9752347182415
Optimization restart 13/20, f = -247.36382295406634
Optimization restart 14/20, f = -163.23690156334266
Optimization restart 15/20, f = -247.36428085992063
Optimization restart 16/20, f = -246.90597355675547
Optimization restart 17/20, f = -176.04518039415944
Optimization restart 18/20, f = -189.4308146067624
Optimization restart 19/20, f = -154.2526628476679
Optimization restart 20/20, f = -177.58538296087792
pypal at iteration 41.         9 Pareto optimal points,         2742 discarded points,         374 unclassified points.
Hypervolume 1322.3053462458888
pypal at iteration 42.         9 Pareto optimal points,         2744 discarded points,         372 unclassified points.
Hypervolume 1322.3053462458888
pypal at iteration 43.         9 Pareto optimal points,         2745 discarded points,         371 unclassified points.
Hypervolume 1322.3053462458888
pypal at iteration 44.         9 Pareto optimal points,         2745 discarded points,         371 unclassified points.
Hypervolume 1322.3053462458888
pypal at iteration 45.         9 Pareto optimal points,         2745 discarded points,         371 unclassified points.
Hypervolume 1322.3053462458888
pypal at iteration 46.         9 Pareto optimal points,         2746 discarded points,         370 unclassified points.
Hypervolume 1322.3053462458888
pypal at iteration 47.         9 Pareto optimal points,         2747 discarded points,         369 unclassified points.
Hypervolume 1322.3053462458888
pypal at iteration 48.         9 Pareto optimal points,         2747 discarded points,         369 unclassified points.
Hypervolume 1322.3053462458888
pypal at iteration 49.         10 Pareto optimal points,         2748 discarded points,         367 unclassified points.
Hypervolume 1327.634066242911
pypal at iteration 50.         11 Pareto optimal points,         2749 discarded points,         365 unclassified points.
Hypervolume 1338.4186094753818
Optimization restart 1/20, f = -347.35314543103925
Optimization restart 2/20, f = -312.047154226251
Optimization restart 3/20, f = -309.16972708196965
Optimization restart 4/20, f = -345.8761866084228
Optimization restart 5/20, f = -342.26358196485637
Optimization restart 6/20, f = -307.83687100218134
Optimization restart 7/20, f = -346.7686221745123
Optimization restart 8/20, f = -188.20436289914005
Optimization restart 9/20, f = -312.07634571798974
Optimization restart 10/20, f = -346.36382412409876
Optimization restart 11/20, f = -311.9107184908029
Optimization restart 12/20, f = -311.8647021474417
Optimization restart 13/20, f = -311.0704441711209
Optimization restart 14/20, f = -311.907364175098
Optimization restart 15/20, f = -336.56308874746253
Optimization restart 16/20, f = -346.5429931104228
Optimization restart 17/20, f = -345.02263751910846
Optimization restart 18/20, f = -311.7970831587124
Optimization restart 19/20, f = -309.7910925458766
Optimization restart 20/20, f = -311.65688914078936
pypal at iteration 51.         11 Pareto optimal points,         2752 discarded points,         362 unclassified points.
Hypervolume 1338.4186094753818
pypal at iteration 52.         11 Pareto optimal points,         2754 discarded points,         360 unclassified points.
Hypervolume 1338.4186094753818
pypal at iteration 53.         11 Pareto optimal points,         2756 discarded points,         358 unclassified points.
Hypervolume 1338.4186094753818
pypal at iteration 54.         12 Pareto optimal points,         2756 discarded points,         357 unclassified points.
Hypervolume 1341.2640348059526
pypal at iteration 55.         12 Pareto optimal points,         2757 discarded points,         356 unclassified points.
Hypervolume 1341.2640348059526
pypal at iteration 56.         13 Pareto optimal points,         2807 discarded points,         305 unclassified points.
Hypervolume 1343.5619365959215
pypal at iteration 57.         13 Pareto optimal points,         2807 discarded points,         305 unclassified points.
Hypervolume 1343.5619365959215
pypal at iteration 58.         14 Pareto optimal points,         2811 discarded points,         300 unclassified points.
Hypervolume 1343.562089444367
pypal at iteration 59.         14 Pareto optimal points,         2812 discarded points,         299 unclassified points.
Hypervolume 1343.562089444367
pypal at iteration 60.         14 Pareto optimal points,         2814 discarded points,         297 unclassified points.
Hypervolume 1343.562089444367
Optimization restart 1/20, f = -400.7689348803618
Optimization restart 2/20, f = -353.71935580013945
Optimization restart 3/20, f = -349.28137081728914
Optimization restart 4/20, f = -400.21214300770583
Optimization restart 5/20, f = -351.65699487912923
Optimization restart 6/20, f = -395.20292098076493
Optimization restart 7/20, f = -399.9187194987325
Optimization restart 8/20, f = -350.6318609706539
Optimization restart 9/20, f = -400.0563677528774
Optimization restart 10/20, f = -399.9898538419112
Optimization restart 11/20, f = -280.98583665451326
Optimization restart 12/20, f = -385.7245794720149
Optimization restart 13/20, f = -400.04927688517796
Optimization restart 14/20, f = -398.9016890109629
Optimization restart 15/20, f = -354.00974801009784
Optimization restart 16/20, f = -354.43186302803645
Optimization restart 17/20, f = -305.24531804165446
Optimization restart 18/20, f = -396.53024806513315
Optimization restart 19/20, f = -399.17269882930697
Optimization restart 20/20, f = -354.1539385577426
pypal at iteration 61.         14 Pareto optimal points,         2814 discarded points,         297 unclassified points.
Hypervolume 1343.562089444367
pypal at iteration 62.         14 Pareto optimal points,         2814 discarded points,         297 unclassified points.
Hypervolume 1343.562089444367
pypal at iteration 63.         14 Pareto optimal points,         2815 discarded points,         296 unclassified points.
Hypervolume 1343.562089444367
pypal at iteration 64.         14 Pareto optimal points,         2816 discarded points,         295 unclassified points.
Hypervolume 1343.562089444367
pypal at iteration 65.         15 Pareto optimal points,         2816 discarded points,         294 unclassified points.
Hypervolume 1345.3710194094926
pypal at iteration 66.         15 Pareto optimal points,         2817 discarded points,         293 unclassified points.
Hypervolume 1345.3710194094926
pypal at iteration 67.         15 Pareto optimal points,         2819 discarded points,         291 unclassified points.
Hypervolume 1345.3710194094926
pypal at iteration 68.         15 Pareto optimal points,         2820 discarded points,         290 unclassified points.
Hypervolume 1345.3710194094926
pypal at iteration 69.         16 Pareto optimal points,         2820 discarded points,         289 unclassified points.
Hypervolume 1402.77030851677
pypal at iteration 70.         16 Pareto optimal points,         2820 discarded points,         289 unclassified points.
Hypervolume 1402.77030851677
Optimization restart 1/20, f = -458.4960925591577
Optimization restart 2/20, f = -453.6472874695348
Optimization restart 3/20, f = -457.1229361099338
Optimization restart 4/20, f = -457.48766013655563
Optimization restart 5/20, f = -456.45283619269463
Optimization restart 6/20, f = -350.68976627652216
Optimization restart 7/20, f = -371.2979112678543
Optimization restart 8/20, f = -372.21220703213635
Optimization restart 9/20, f = -457.257566630965
Optimization restart 10/20, f = -372.2071227379221
Optimization restart 11/20, f = -456.51008595643617
Optimization restart 12/20, f = -456.6622310086834
Optimization restart 13/20, f = -373.8483333433305
Optimization restart 14/20, f = -372.492516691111
Optimization restart 15/20, f = -369.1441686654622
Optimization restart 16/20, f = -368.8144488597442
Optimization restart 17/20, f = -373.3689408090371
Optimization restart 18/20, f = -373.39910063517243
Optimization restart 19/20, f = -245.9329896827536
Optimization restart 20/20, f = -453.02599800533756
pypal at iteration 71.         16 Pareto optimal points,         2820 discarded points,         289 unclassified points.
Hypervolume 1402.77030851677
pypal at iteration 72.         16 Pareto optimal points,         2821 discarded points,         288 unclassified points.
Hypervolume 1402.77030851677
pypal at iteration 73.         16 Pareto optimal points,         2822 discarded points,         287 unclassified points.
Hypervolume 1402.77030851677
pypal at iteration 74.         16 Pareto optimal points,         2828 discarded points,         281 unclassified points.
Hypervolume 1402.77030851677
pypal at iteration 75.         17 Pareto optimal points,         2828 discarded points,         280 unclassified points.
Hypervolume 1414.083748916929
pypal at iteration 76.         17 Pareto optimal points,         2829 discarded points,         279 unclassified points.
Hypervolume 1414.083748916929
pypal at iteration 77.         17 Pareto optimal points,         2830 discarded points,         278 unclassified points.
Hypervolume 1414.083748916929
pypal at iteration 78.         17 Pareto optimal points,         2831 discarded points,         277 unclassified points.
Hypervolume 1414.083748916929
pypal at iteration 79.         17 Pareto optimal points,         2832 discarded points,         276 unclassified points.
Hypervolume 1414.083748916929
pypal at iteration 80.         17 Pareto optimal points,         2833 discarded points,         275 unclassified points.
Hypervolume 1414.083748916929
Optimization restart 1/20, f = -511.6608500239983
Optimization restart 2/20, f = -509.25387510997746
Optimization restart 3/20, f = -509.4989870069029
Optimization restart 4/20, f = -422.89493138630536
Optimization restart 5/20, f = -403.1627316550271
Optimization restart 6/20, f = -419.3449788422432
Optimization restart 7/20, f = -509.5639578185038
Optimization restart 8/20, f = -505.62050858978876
Optimization restart 9/20, f = -385.5883640310002
Optimization restart 10/20, f = -418.6655458137941
Optimization restart 11/20, f = -509.0888227596821
Optimization restart 12/20, f = -454.06009150885484
Optimization restart 13/20, f = -297.0973750571346
Optimization restart 14/20, f = -423.04888682216813
Optimization restart 15/20, f = -508.0560880495725
Optimization restart 16/20, f = -416.0246796537667
Optimization restart 17/20, f = -421.5897750719863
Optimization restart 18/20, f = -421.9346464474243
Optimization restart 19/20, f = -510.5326988011818
Optimization restart 20/20, f = -500.44128296939806
pypal at iteration 81.         17 Pareto optimal points,         2833 discarded points,         275 unclassified points.
Hypervolume 1414.083748916929
pypal at iteration 82.         17 Pareto optimal points,         2833 discarded points,         275 unclassified points.
Hypervolume 1414.083748916929
pypal at iteration 83.         17 Pareto optimal points,         2834 discarded points,         274 unclassified points.
Hypervolume 1414.083748916929
pypal at iteration 84.         17 Pareto optimal points,         2835 discarded points,         273 unclassified points.
Hypervolume 1414.083748916929
pypal at iteration 85.         19 Pareto optimal points,         2835 discarded points,         271 unclassified points.
Hypervolume 1414.1295194770423
pypal at iteration 86.         20 Pareto optimal points,         2836 discarded points,         269 unclassified points.
Hypervolume 1414.2118449688016
pypal at iteration 87.         20 Pareto optimal points,         2837 discarded points,         268 unclassified points.
Hypervolume 1414.2118449688016
pypal at iteration 88.         20 Pareto optimal points,         2847 discarded points,         258 unclassified points.
Hypervolume 1414.2118449688016
pypal at iteration 89.         20 Pareto optimal points,         2848 discarded points,         257 unclassified points.
Hypervolume 1414.2118449688016
pypal at iteration 90.         20 Pareto optimal points,         2849 discarded points,         256 unclassified points.
Hypervolume 1414.2118449688016
Optimization restart 1/20, f = -566.2059741410922
Optimization restart 2/20, f = -563.8143927502941
Optimization restart 3/20, f = -554.8153614972243
Optimization restart 4/20, f = -558.9183803000964
Optimization restart 5/20, f = -557.8681790748489
Optimization restart 6/20, f = -562.2526533909868
Optimization restart 7/20, f = -469.92085991845437
Optimization restart 8/20, f = -461.63832268821847
Optimization restart 9/20, f = -511.67813007889373
Optimization restart 10/20, f = -462.46098199357715
Optimization restart 11/20, f = -446.9037213711317
Optimization restart 12/20, f = -562.0950963089986
Optimization restart 13/20, f = -470.3984625498049
Optimization restart 14/20, f = -558.1729074883351
Optimization restart 15/20, f = -564.8908218183603
Optimization restart 16/20, f = -419.9268699437945
Optimization restart 17/20, f = -563.2454498977174
Optimization restart 18/20, f = -563.7934065370251
Optimization restart 19/20, f = -536.2240625499787
Optimization restart 20/20, f = -471.29633363370726
pypal at iteration 91.         20 Pareto optimal points,         2850 discarded points,         255 unclassified points.
Hypervolume 1414.2118449688016
pypal at iteration 92.         20 Pareto optimal points,         2851 discarded points,         254 unclassified points.
Hypervolume 1414.2118449688016
pypal at iteration 93.         20 Pareto optimal points,         2852 discarded points,         253 unclassified points.
Hypervolume 1414.2118449688016
pypal at iteration 94.         20 Pareto optimal points,         2853 discarded points,         252 unclassified points.
Hypervolume 1414.2118449688016
pypal at iteration 95.         20 Pareto optimal points,         2854 discarded points,         251 unclassified points.
Hypervolume 1414.2118449688016
pypal at iteration 96.         20 Pareto optimal points,         2855 discarded points,         250 unclassified points.
Hypervolume 1414.2118449688016
pypal at iteration 97.         20 Pareto optimal points,         2856 discarded points,         249 unclassified points.
Hypervolume 1414.2118449688016
pypal at iteration 98.         20 Pareto optimal points,         2857 discarded points,         248 unclassified points.
Hypervolume 1414.2118449688016
pypal at iteration 99.         20 Pareto optimal points,         2858 discarded points,         247 unclassified points.
Hypervolume 1414.2118449688016
pypal at iteration 100.         20 Pareto optimal points,         2859 discarded points,         246 unclassified points.
Hypervolume 1414.2118449688016
Optimization restart 1/20, f = -618.1855948432576
Optimization restart 2/20, f = -518.5837097765092
Optimization restart 3/20, f = -518.6601242585702
Optimization restart 4/20, f = -611.4917381612147
Optimization restart 5/20, f = -614.1483211933986
Optimization restart 6/20, f = -613.6713863479165
Traceback (most recent call last):
  File "run_pal_on_dispersant_repeats_cli.py", line 107, in <module>
    main()  # pylint:disable=no-value-for-parameter
  File "/home/kjablonk/anaconda3/envs/dispersant_screener/lib/python3.7/site-packages/click/core.py", line 829, in __call__
    return self.main(*args, **kwargs)
  File "/home/kjablonk/anaconda3/envs/dispersant_screener/lib/python3.7/site-packages/click/core.py", line 782, in main
    rv = self.invoke(ctx)
  File "/home/kjablonk/anaconda3/envs/dispersant_screener/lib/python3.7/site-packages/click/core.py", line 1066, in invoke
    return ctx.invoke(self.callback, **ctx.params)
  File "/home/kjablonk/anaconda3/envs/dispersant_screener/lib/python3.7/site-packages/click/core.py", line 610, in invoke
    return callback(*args, **kwargs)
  File "run_pal_on_dispersant_repeats_cli.py", line 78, in main
    idx = palinstance.run_one_step()
  File "/home/kjablonk/programs/pypal/pypal/pal/pal_base.py", line 205, in run_one_step
    self._set_hyperparameters()
  File "/home/kjablonk/programs/pypal/pypal/pal/pal_coregionalized.py", line 48, in _set_hyperparameters
    self.models[0].optimize_restarts(self.restarts, parallel=self.parallel)
  File "/home/kjablonk/anaconda3/envs/dispersant_screener/lib/python3.7/site-packages/paramz/model.py", line 182, in optimize_restarts
    raise e
  File "/home/kjablonk/anaconda3/envs/dispersant_screener/lib/python3.7/site-packages/paramz/model.py", line 172, in optimize_restarts
    self.optimize(**kwargs)
  File "/home/kjablonk/anaconda3/envs/dispersant_screener/lib/python3.7/site-packages/GPy/core/gp.py", line 675, in optimize
    ret = super(GP, self).optimize(optimizer, start, messages, max_iters, ipython_notebook, clear_after_finish, **kwargs)
  File "/home/kjablonk/anaconda3/envs/dispersant_screener/lib/python3.7/site-packages/paramz/model.py", line 111, in optimize
    opt.run(start, f_fp=self._objective_grads, f=self._objective, fp=self._grads)
  File "/home/kjablonk/anaconda3/envs/dispersant_screener/lib/python3.7/site-packages/paramz/optimization/optimization.py", line 51, in run
    self.opt(x_init, **kwargs)
  File "/home/kjablonk/anaconda3/envs/dispersant_screener/lib/python3.7/site-packages/paramz/optimization/optimization.py", line 124, in opt
    opt_result = optimize.fmin_l_bfgs_b(f_fp, x_init, maxfun=self.max_iters, maxiter=self.max_iters, **opt_dict)
  File "/home/kjablonk/anaconda3/envs/dispersant_screener/lib/python3.7/site-packages/scipy/optimize/lbfgsb.py", line 198, in fmin_l_bfgs_b
    **opts)
  File "/home/kjablonk/anaconda3/envs/dispersant_screener/lib/python3.7/site-packages/scipy/optimize/lbfgsb.py", line 360, in _minimize_lbfgsb
    f, g = func_and_grad(x)
  File "/home/kjablonk/anaconda3/envs/dispersant_screener/lib/python3.7/site-packages/scipy/optimize/_differentiable_functions.py", line 200, in fun_and_grad
    self._update_fun()
  File "/home/kjablonk/anaconda3/envs/dispersant_screener/lib/python3.7/site-packages/scipy/optimize/_differentiable_functions.py", line 166, in _update_fun
    self._update_fun_impl()
  File "/home/kjablonk/anaconda3/envs/dispersant_screener/lib/python3.7/site-packages/scipy/optimize/_differentiable_functions.py", line 73, in update_fun
    self.f = fun_wrapped(self.x)
  File "/home/kjablonk/anaconda3/envs/dispersant_screener/lib/python3.7/site-packages/scipy/optimize/_differentiable_functions.py", line 70, in fun_wrapped
    return fun(x, *args)
  File "/home/kjablonk/anaconda3/envs/dispersant_screener/lib/python3.7/site-packages/scipy/optimize/optimize.py", line 74, in __call__
    self._compute_if_needed(x, *args)
  File "/home/kjablonk/anaconda3/envs/dispersant_screener/lib/python3.7/site-packages/scipy/optimize/optimize.py", line 68, in _compute_if_needed
    fg = self.fun(x, *args)
  File "/home/kjablonk/anaconda3/envs/dispersant_screener/lib/python3.7/site-packages/paramz/model.py", line 273, in _objective_grads
    self.optimizer_array = x
  File "/home/kjablonk/anaconda3/envs/dispersant_screener/lib/python3.7/site-packages/paramz/parameterized.py", line 339, in __setattr__
    return object.__setattr__(self, name, val)
  File "/home/kjablonk/anaconda3/envs/dispersant_screener/lib/python3.7/site-packages/paramz/core/parameter_core.py", line 124, in optimizer_array
    self.trigger_update()
  File "/home/kjablonk/anaconda3/envs/dispersant_screener/lib/python3.7/site-packages/paramz/core/updateable.py", line 79, in trigger_update
    self._trigger_params_changed(trigger_parent)
  File "/home/kjablonk/anaconda3/envs/dispersant_screener/lib/python3.7/site-packages/paramz/core/parameter_core.py", line 134, in _trigger_params_changed
    self.notify_observers(None, None if trigger_parent else -np.inf)
  File "/home/kjablonk/anaconda3/envs/dispersant_screener/lib/python3.7/site-packages/paramz/core/observable.py", line 91, in notify_observers
    [callble(self, which=which) for _, _, callble in self.observers]
  File "/home/kjablonk/anaconda3/envs/dispersant_screener/lib/python3.7/site-packages/paramz/core/observable.py", line 91, in <listcomp>
    [callble(self, which=which) for _, _, callble in self.observers]
  File "/home/kjablonk/anaconda3/envs/dispersant_screener/lib/python3.7/site-packages/paramz/core/parameter_core.py", line 508, in _parameters_changed_notification
    self.parameters_changed()
  File "/home/kjablonk/anaconda3/envs/dispersant_screener/lib/python3.7/site-packages/GPy/core/gp.py", line 274, in parameters_changed
    self.posterior, self._log_marginal_likelihood, self.grad_dict = self.inference_method.inference(self.kern, self.X, self.likelihood, self.Y_normalized, self.mean_function, self.Y_metadata)
  File "/home/kjablonk/anaconda3/envs/dispersant_screener/lib/python3.7/site-packages/GPy/inference/latent_function_inference/exact_gaussian_inference.py", line 58, in inference
    Wi, LW, LWi, W_logdet = pdinv(Ky)
  File "/home/kjablonk/anaconda3/envs/dispersant_screener/lib/python3.7/site-packages/GPy/util/linalg.py", line 207, in pdinv
    L = jitchol(A, *args)
  File "/home/kjablonk/anaconda3/envs/dispersant_screener/lib/python3.7/site-packages/GPy/util/linalg.py", line 75, in jitchol
    raise linalg.LinAlgError("not positive definite, even with jitter.")
numpy.linalg.LinAlgError: not positive definite, even with jitter.
