 /home/kjablonk/anaconda3/envs/dispersant_screener/lib/python3.7/site-packages/sklearn/utils/deprecation.py:143: FutureWarning:The sklearn.preprocessing.data module is  deprecated in version 0.22 and will be removed in version 0.24. The corresponding classes / functions should instead be imported from sklearn.preprocessing. Anything that cannot be imported from sklearn.preprocessing is now part of the private API.
 /home/kjablonk/programs/pypal/pypal/pal/validate_inputs.py:146: UserWarning:No goals provided,                 will assume that every dimension should be maximized
 /home/kjablonk/anaconda3/envs/dispersant_screener/lib/python3.7/site-packages/GPy/kern/src/stationary.py:137: RuntimeWarning:overflow encountered in square
 /home/kjablonk/anaconda3/envs/dispersant_screener/lib/python3.7/site-packages/GPy/kern/src/stationary.py:138: RuntimeWarning:invalid value encountered in add
 /home/kjablonk/anaconda3/envs/dispersant_screener/lib/python3.7/site-packages/GPy/kern/src/stationary.py:565: RuntimeWarning:invalid value encountered in multiply
 /home/kjablonk/anaconda3/envs/dispersant_screener/lib/python3.7/site-packages/GPy/kern/src/stationary.py:568: RuntimeWarning:invalid value encountered in subtract
 /home/kjablonk/anaconda3/envs/dispersant_screener/lib/python3.7/site-packages/GPy/kern/src/stationary.py:166: RuntimeWarning:overflow encountered in true_divide
 /home/kjablonk/anaconda3/envs/dispersant_screener/lib/python3.7/site-packages/GPy/kern/src/stationary.py:243: RuntimeWarning:invalid value encountered in true_divide
 /home/kjablonk/anaconda3/envs/dispersant_screener/lib/python3.7/site-packages/paramz/transformations.py:111: RuntimeWarning:overflow encountered in expm1
 /home/kjablonk/anaconda3/envs/dispersant_screener/lib/python3.7/site-packages/GPy/kern/src/stationary.py:243: RuntimeWarning:invalid value encountered in true_divide
 /home/kjablonk/anaconda3/envs/dispersant_screener/lib/python3.7/site-packages/GPy/kern/src/stationary.py:166: RuntimeWarning:overflow encountered in true_divide
 /home/kjablonk/anaconda3/envs/dispersant_screener/lib/python3.7/site-packages/GPy/kern/src/stationary.py:137: RuntimeWarning:overflow encountered in square
 /home/kjablonk/anaconda3/envs/dispersant_screener/lib/python3.7/site-packages/GPy/kern/src/stationary.py:138: RuntimeWarning:invalid value encountered in add
 /home/kjablonk/anaconda3/envs/dispersant_screener/lib/python3.7/site-packages/GPy/kern/src/stationary.py:565: RuntimeWarning:invalid value encountered in multiply
 /home/kjablonk/anaconda3/envs/dispersant_screener/lib/python3.7/site-packages/GPy/kern/src/stationary.py:568: RuntimeWarning:invalid value encountered in subtract
 /home/kjablonk/anaconda3/envs/dispersant_screener/lib/python3.7/site-packages/GPy/kern/src/stationary.py:138: RuntimeWarning:overflow encountered in multiply
 /home/kjablonk/anaconda3/envs/dispersant_screener/lib/python3.7/site-packages/numpy/core/_asarray.py:136: VisibleDeprecationWarning:Creating an ndarray from ragged nested sequences (which is a list-or-tuple of lists-or-tuples-or ndarrays with different lengths or shapes) is deprecated. If you meant to do this, you must specify 'dtype=object' when creating the ndarray
Maximum hypervolume 1536.0438526567837
STARTING PAL
Optimization restart 1/20, f = -126.37665479704708
Optimization restart 2/20, f = -130.08975696077073
Optimization restart 3/20, f = -133.200495316406
Optimization restart 4/20, f = -132.54032554904177
Optimization restart 5/20, f = -127.1342628145957
Optimization restart 6/20, f = -133.26705109929327
Optimization restart 7/20, f = -127.68770208912677
Optimization restart 8/20, f = -133.39920012197464
Optimization restart 9/20, f = -124.72799607193474
Optimization restart 10/20, f = -133.30836789805957
Optimization restart 11/20, f = -133.31967848324877
Optimization restart 12/20, f = -133.52456099799986
Optimization restart 13/20, f = -133.21870651603993
Optimization restart 14/20, f = -127.7519326449509
Optimization restart 15/20, f = -133.56861748434832
Optimization restart 16/20, f = -118.34527757517768
Optimization restart 17/20, f = -124.70758980481227
Optimization restart 18/20, f = -133.37187648264003
Optimization restart 19/20, f = -124.62687202615673
Optimization restart 20/20, f = -133.21206931993987
pypal at iteration 1.         6 Pareto optimal points,         120 discarded points,         2999 unclassified points.
Hypervolume 720.2103142389096
pypal at iteration 2.         7 Pareto optimal points,         126 discarded points,         2992 unclassified points.
Hypervolume 1152.914363543803
pypal at iteration 3.         20 Pareto optimal points,         126 discarded points,         2979 unclassified points.
Hypervolume 1392.0732775191946
pypal at iteration 4.         20 Pareto optimal points,         126 discarded points,         2979 unclassified points.
Hypervolume 1392.0732775191946
pypal at iteration 5.         20 Pareto optimal points,         126 discarded points,         2979 unclassified points.
Hypervolume 1392.0732775191946
pypal at iteration 6.         20 Pareto optimal points,         126 discarded points,         2979 unclassified points.
Hypervolume 1392.0732775191946
pypal at iteration 7.         20 Pareto optimal points,         126 discarded points,         2979 unclassified points.
Hypervolume 1392.0732775191946
pypal at iteration 8.         29 Pareto optimal points,         127 discarded points,         2969 unclassified points.
Hypervolume 1449.555581798341
pypal at iteration 9.         29 Pareto optimal points,         127 discarded points,         2969 unclassified points.
Hypervolume 1449.555581798341
pypal at iteration 10.         29 Pareto optimal points,         129 discarded points,         2967 unclassified points.
Hypervolume 1449.555581798341
Optimization restart 1/20, f = -254.92523504964896
Optimization restart 2/20, f = -243.87095382115464
Optimization restart 3/20, f = -244.0496032121676
Optimization restart 4/20, f = -252.952599907423
Optimization restart 5/20, f = -254.45602854928046
Optimization restart 6/20, f = -250.62775398110307
Optimization restart 7/20, f = -252.45450567176226
Optimization restart 8/20, f = -254.76344095133436
Optimization restart 9/20, f = -249.27790030317186
Optimization restart 10/20, f = -204.7205246263192
Optimization restart 11/20, f = -255.12342340365686
Optimization restart 12/20, f = -252.95286172356947
Optimization restart 13/20, f = -253.10651901870634
Optimization restart 14/20, f = -254.81563369701658
Optimization restart 15/20, f = -203.35549970150254
Optimization restart 16/20, f = -252.95151893624663
Optimization restart 17/20, f = -246.86061750815497
Optimization restart 18/20, f = -254.77695951488352
Optimization restart 19/20, f = -254.53412737400893
Optimization restart 20/20, f = -252.95275156974225
pypal at iteration 11.         87 Pareto optimal points,         284 discarded points,         2754 unclassified points.
Hypervolume 1478.0387164092647
pypal at iteration 12.         113 Pareto optimal points,         334 discarded points,         2678 unclassified points.
Hypervolume 1487.1106080689906
pypal at iteration 13.         113 Pareto optimal points,         334 discarded points,         2678 unclassified points.
Hypervolume 1487.1106080689906
pypal at iteration 14.         129 Pareto optimal points,         374 discarded points,         2622 unclassified points.
Hypervolume 1488.9078825374995
pypal at iteration 15.         137 Pareto optimal points,         389 discarded points,         2599 unclassified points.
Hypervolume 1489.6368942594875
pypal at iteration 16.         145 Pareto optimal points,         389 discarded points,         2591 unclassified points.
Hypervolume 1493.2609158999749
pypal at iteration 17.         145 Pareto optimal points,         390 discarded points,         2590 unclassified points.
Hypervolume 1493.2609158999749
pypal at iteration 18.         145 Pareto optimal points,         392 discarded points,         2588 unclassified points.
Hypervolume 1493.2609158999749
pypal at iteration 19.         145 Pareto optimal points,         392 discarded points,         2588 unclassified points.
Hypervolume 1493.2609158999749
pypal at iteration 20.         145 Pareto optimal points,         392 discarded points,         2588 unclassified points.
Hypervolume 1493.2609158999749
Optimization restart 1/20, f = -334.22685807940906
Optimization restart 2/20, f = -332.37923068895867
Optimization restart 3/20, f = -331.42054749535345
Optimization restart 4/20, f = -321.28218859881076
Optimization restart 5/20, f = -303.5257473546327
Optimization restart 6/20, f = -331.97505943154147
Optimization restart 7/20, f = -332.4496486576108
Optimization restart 8/20, f = -332.5960932949256
Optimization restart 9/20, f = -332.45391559591707
Optimization restart 10/20, f = -332.40878100507786
Optimization restart 11/20, f = -326.9786600620189
Optimization restart 12/20, f = -327.2755210001925
Optimization restart 13/20, f = -332.1569727625892
Optimization restart 14/20, f = -328.48170536239286
Optimization restart 15/20, f = -332.9100236408612
Optimization restart 16/20, f = -326.2130861315717
Optimization restart 17/20, f = -332.0412107495895
Optimization restart 18/20, f = -332.7901530711345
Optimization restart 19/20, f = -332.56677147088203
Optimization restart 20/20, f = -332.45498168662004
pypal at iteration 21.         164 Pareto optimal points,         1039 discarded points,         1922 unclassified points.
Hypervolume 1495.1394603786177
pypal at iteration 22.         253 Pareto optimal points,         1087 discarded points,         1785 unclassified points.
Hypervolume 1506.0031445276586
pypal at iteration 23.         281 Pareto optimal points,         1090 discarded points,         1754 unclassified points.
Hypervolume 1506.0035203922716
pypal at iteration 24.         329 Pareto optimal points,         1093 discarded points,         1703 unclassified points.
Hypervolume 1506.0035203922719
pypal at iteration 25.         329 Pareto optimal points,         1104 discarded points,         1692 unclassified points.
Hypervolume 1506.0035203922719
pypal at iteration 26.         333 Pareto optimal points,         1132 discarded points,         1660 unclassified points.
Hypervolume 1506.0035203922719
pypal at iteration 27.         336 Pareto optimal points,         1135 discarded points,         1654 unclassified points.
Hypervolume 1506.0035203922719
pypal at iteration 28.         337 Pareto optimal points,         1135 discarded points,         1653 unclassified points.
Hypervolume 1506.0035203922719
pypal at iteration 29.         341 Pareto optimal points,         1135 discarded points,         1649 unclassified points.
Hypervolume 1506.0035203922719
pypal at iteration 30.         341 Pareto optimal points,         1135 discarded points,         1649 unclassified points.
Hypervolume 1506.0035203922719
Optimization restart 1/20, f = -402.09790862513233
Optimization restart 2/20, f = -405.6729740759895
Optimization restart 3/20, f = -372.426803912334
Optimization restart 4/20, f = -405.6964922862059
Optimization restart 5/20, f = -404.8276395365476
Optimization restart 6/20, f = -405.56233655827316
Optimization restart 7/20, f = -405.4633907961192
Optimization restart 8/20, f = -405.6662906222317
Optimization restart 9/20, f = -405.3367202973458
Optimization restart 10/20, f = -402.225321493431
Optimization restart 11/20, f = -405.3530475912422
Optimization restart 12/20, f = -405.0327043056559
Optimization restart 13/20, f = -405.53303387060146
Optimization restart 14/20, f = -404.7566416128423
Optimization restart 15/20, f = -319.0785523681725
Optimization restart 16/20, f = -405.53038586816047
Optimization restart 17/20, f = -398.0388465339271
Optimization restart 18/20, f = -401.60429696696076
Optimization restart 19/20, f = -405.6145805011196
Optimization restart 20/20, f = -405.28380064480586
pypal at iteration 31.         384 Pareto optimal points,         1715 discarded points,         1026 unclassified points.
Hypervolume 1512.3896046933507
pypal at iteration 32.         393 Pareto optimal points,         1797 discarded points,         935 unclassified points.
Hypervolume 1512.3896046933507
pypal at iteration 33.         394 Pareto optimal points,         1834 discarded points,         897 unclassified points.
Hypervolume 1512.3896046933507
pypal at iteration 34.         394 Pareto optimal points,         1837 discarded points,         894 unclassified points.
Hypervolume 1512.3896046933507
pypal at iteration 35.         401 Pareto optimal points,         1837 discarded points,         887 unclassified points.
Hypervolume 1512.3896046933507
pypal at iteration 36.         403 Pareto optimal points,         2176 discarded points,         546 unclassified points.
Hypervolume 1512.3896046933507
pypal at iteration 37.         403 Pareto optimal points,         2176 discarded points,         546 unclassified points.
Hypervolume 1512.3896046933507
pypal at iteration 38.         403 Pareto optimal points,         2177 discarded points,         545 unclassified points.
Hypervolume 1512.3896046933507
pypal at iteration 39.         403 Pareto optimal points,         2177 discarded points,         545 unclassified points.
Hypervolume 1512.3896046933507
pypal at iteration 40.         403 Pareto optimal points,         2177 discarded points,         545 unclassified points.
Hypervolume 1512.3896046933507
Optimization restart 1/20, f = -469.6626010604651
Optimization restart 2/20, f = -468.75665393769214
Optimization restart 3/20, f = -467.74360349089784
Optimization restart 4/20, f = -466.1818295795921
Optimization restart 5/20, f = -466.9169703493982
Optimization restart 6/20, f = -469.9020866272365
Optimization restart 7/20, f = -470.06043879292133
Optimization restart 8/20, f = -459.5805662523108
Optimization restart 9/20, f = -464.2001953266791
Optimization restart 10/20, f = -467.2105096878431
Optimization restart 11/20, f = -466.4242980141617
Optimization restart 12/20, f = -467.76466142424147
Optimization restart 13/20, f = -469.6813138018954
Optimization restart 14/20, f = -467.24227846242655
Optimization restart 15/20, f = -470.0001165506445
Optimization restart 16/20, f = -462.56819547703185
Optimization restart 17/20, f = -469.88139469021803
Optimization restart 18/20, f = -469.9554909660188
Optimization restart 19/20, f = -469.17190403476275
Optimization restart 20/20, f = -469.6049073746926
pypal at iteration 41.         404 Pareto optimal points,         2181 discarded points,         540 unclassified points.
Hypervolume 1512.3896046933507
pypal at iteration 42.         405 Pareto optimal points,         2182 discarded points,         538 unclassified points.
Hypervolume 1512.3896046933507
pypal at iteration 43.         405 Pareto optimal points,         2182 discarded points,         538 unclassified points.
Hypervolume 1512.3896046933507
pypal at iteration 44.         405 Pareto optimal points,         2182 discarded points,         538 unclassified points.
Hypervolume 1512.3896046933507
pypal at iteration 45.         405 Pareto optimal points,         2196 discarded points,         524 unclassified points.
Hypervolume 1512.3896046933507
pypal at iteration 46.         405 Pareto optimal points,         2421 discarded points,         299 unclassified points.
Hypervolume 1512.3896046933507
pypal at iteration 47.         405 Pareto optimal points,         2421 discarded points,         299 unclassified points.
Hypervolume 1512.3896046933507
pypal at iteration 48.         405 Pareto optimal points,         2421 discarded points,         299 unclassified points.
Hypervolume 1512.3896046933507
pypal at iteration 49.         405 Pareto optimal points,         2421 discarded points,         299 unclassified points.
Hypervolume 1512.3896046933507
pypal at iteration 50.         405 Pareto optimal points,         2421 discarded points,         299 unclassified points.
Hypervolume 1512.3896046933507
Optimization restart 1/20, f = -518.2932131433752
Optimization restart 2/20, f = -513.4244285770603
Optimization restart 3/20, f = -517.5353851268512
Optimization restart 4/20, f = -517.8729699982944
Optimization restart 5/20, f = -506.658825994335
Optimization restart 6/20, f = -517.2000153020363
Optimization restart 7/20, f = -514.8873979305934
Optimization restart 8/20, f = -512.7796829124701
Optimization restart 9/20, f = -514.4398549735662
Optimization restart 10/20, f = -517.7988038864443
Optimization restart 11/20, f = -514.5626568729738
Optimization restart 12/20, f = -517.3723240991374
Optimization restart 13/20, f = -434.02496256537853
Optimization restart 14/20, f = -516.5821983098984
Optimization restart 15/20, f = -517.0018852707651
Optimization restart 16/20, f = -506.63304306044597
Optimization restart 17/20, f = -484.0735309002531
Optimization restart 18/20, f = -516.133749372655
Optimization restart 19/20, f = -517.1461363120641
Optimization restart 20/20, f = -514.4134324463621
pypal at iteration 51.         405 Pareto optimal points,         2422 discarded points,         298 unclassified points.
Hypervolume 1512.3896046933507
pypal at iteration 52.         405 Pareto optimal points,         2423 discarded points,         297 unclassified points.
Hypervolume 1512.3896046933507
pypal at iteration 53.         405 Pareto optimal points,         2423 discarded points,         297 unclassified points.
Hypervolume 1512.3896046933507
pypal at iteration 54.         405 Pareto optimal points,         2423 discarded points,         297 unclassified points.
Hypervolume 1512.3896046933507
pypal at iteration 55.         405 Pareto optimal points,         2423 discarded points,         297 unclassified points.
Hypervolume 1512.3896046933507
pypal at iteration 56.         405 Pareto optimal points,         2423 discarded points,         297 unclassified points.
Hypervolume 1512.3896046933507
pypal at iteration 57.         405 Pareto optimal points,         2423 discarded points,         297 unclassified points.
Hypervolume 1512.3896046933507
pypal at iteration 58.         405 Pareto optimal points,         2423 discarded points,         297 unclassified points.
Hypervolume 1512.3896046933507
pypal at iteration 59.         405 Pareto optimal points,         2423 discarded points,         297 unclassified points.
Hypervolume 1512.3896046933507
pypal at iteration 60.         405 Pareto optimal points,         2423 discarded points,         297 unclassified points.
Hypervolume 1512.3896046933507
Optimization restart 1/20, f = -580.6700795230331
Optimization restart 2/20, f = -576.6909418051182
Optimization restart 3/20, f = -580.1420062223976
Optimization restart 4/20, f = -569.8220991412354
Optimization restart 5/20, f = -580.2373279066038
Optimization restart 6/20, f = -560.345868483597
Optimization restart 7/20, f = -579.9133717097288
Optimization restart 8/20, f = -580.0724288370977
Optimization restart 9/20, f = -578.0112154734566
Optimization restart 10/20, f = -576.9826816049314
Optimization restart 11/20, f = -453.960586058959
Optimization restart 12/20, f = -495.31793329642596
Optimization restart 13/20, f = -580.0994805112578
Optimization restart 14/20, f = -565.0988470497972
Optimization restart 15/20, f = -576.9968503819512
Optimization restart 16/20, f = -578.5932700621833
Optimization restart 17/20, f = -570.1311063477804
Optimization restart 18/20, f = -576.5925738437932
Optimization restart 19/20, f = -566.6010364955101
Optimization restart 20/20, f = -580.1963132245453
pypal at iteration 61.         405 Pareto optimal points,         2424 discarded points,         296 unclassified points.
Hypervolume 1512.3896046933507
pypal at iteration 62.         405 Pareto optimal points,         2424 discarded points,         296 unclassified points.
Hypervolume 1512.3896046933507
pypal at iteration 63.         405 Pareto optimal points,         2424 discarded points,         296 unclassified points.
Hypervolume 1512.3896046933507
pypal at iteration 64.         405 Pareto optimal points,         2424 discarded points,         296 unclassified points.
Hypervolume 1512.3896046933507
pypal at iteration 65.         405 Pareto optimal points,         2424 discarded points,         296 unclassified points.
Hypervolume 1512.3896046933507
pypal at iteration 66.         405 Pareto optimal points,         2424 discarded points,         296 unclassified points.
Hypervolume 1512.3896046933507
pypal at iteration 67.         405 Pareto optimal points,         2424 discarded points,         296 unclassified points.
Hypervolume 1512.3896046933507
pypal at iteration 68.         405 Pareto optimal points,         2424 discarded points,         296 unclassified points.
Hypervolume 1512.3896046933507
pypal at iteration 69.         405 Pareto optimal points,         2424 discarded points,         296 unclassified points.
Hypervolume 1512.3896046933507
pypal at iteration 70.         405 Pareto optimal points,         2424 discarded points,         296 unclassified points.
Hypervolume 1512.3896046933507
Optimization restart 1/20, f = -654.6667312040084
Optimization restart 2/20, f = -650.8645555248829
Optimization restart 3/20, f = -654.3005891677341
Optimization restart 4/20, f = -654.3498971556454
Optimization restart 5/20, f = -653.5372051275092
Optimization restart 6/20, f = -653.2814132266406
Optimization restart 7/20, f = -653.5817763203497
Optimization restart 8/20, f = -651.2621739953456
Optimization restart 9/20, f = -647.1423520811984
Optimization restart 10/20, f = -651.3864643510979
Optimization restart 11/20, f = -629.3309418898684
Optimization restart 12/20, f = -653.5532659942621
Optimization restart 13/20, f = -648.3260745921004
Optimization restart 14/20, f = -654.2616192784092
Optimization restart 15/20, f = -654.4263928088869
Optimization restart 16/20, f = -653.7770755681705
Optimization restart 17/20, f = -654.4402467299399
Optimization restart 18/20, f = -633.8311618112987
Optimization restart 19/20, f = -653.5877704164203
Optimization restart 20/20, f = -635.9579045564288
pypal at iteration 71.         405 Pareto optimal points,         2424 discarded points,         296 unclassified points.
Hypervolume 1512.3896046933507
pypal at iteration 72.         405 Pareto optimal points,         2425 discarded points,         295 unclassified points.
Hypervolume 1512.3896046933507
pypal at iteration 73.         405 Pareto optimal points,         2425 discarded points,         295 unclassified points.
Hypervolume 1512.3896046933507
pypal at iteration 74.         405 Pareto optimal points,         2426 discarded points,         294 unclassified points.
Hypervolume 1512.3896046933507
pypal at iteration 75.         405 Pareto optimal points,         2431 discarded points,         289 unclassified points.
Hypervolume 1512.3896046933507
pypal at iteration 76.         405 Pareto optimal points,         2439 discarded points,         281 unclassified points.
Hypervolume 1512.3896046933507
pypal at iteration 77.         405 Pareto optimal points,         2441 discarded points,         279 unclassified points.
Hypervolume 1512.3896046933507
pypal at iteration 78.         405 Pareto optimal points,         2442 discarded points,         278 unclassified points.
Hypervolume 1512.3896046933507
pypal at iteration 79.         405 Pareto optimal points,         2446 discarded points,         274 unclassified points.
Hypervolume 1512.3896046933507
pypal at iteration 80.         405 Pareto optimal points,         2446 discarded points,         274 unclassified points.
Hypervolume 1512.3896046933507
Optimization restart 1/20, f = -712.4650277373546
Optimization restart 2/20, f = -704.227072756591
Optimization restart 3/20, f = -696.5717594710355
Optimization restart 4/20, f = -711.681509747631
Optimization restart 5/20, f = -707.4868013668435
Optimization restart 6/20, f = -699.313992761335
Optimization restart 7/20, f = -700.3005978653798
Optimization restart 8/20, f = -696.7431755175852
Optimization restart 9/20, f = -696.7184825652498
Optimization restart 10/20, f = -709.088672376883
Optimization restart 11/20, f = -711.4930932049615
Optimization restart 12/20, f = -711.6275899853495
Optimization restart 13/20, f = -710.2565304483179
Optimization restart 14/20, f = -711.2545502632845
Optimization restart 15/20, f = -701.8197891841808
Optimization restart 16/20, f = -708.3752158929751
Optimization restart 17/20, f = -712.077136879196
Optimization restart 18/20, f = -711.5608955679174
Optimization restart 19/20, f = -710.4951410084207
Optimization restart 20/20, f = -711.3842751226348
pypal at iteration 81.         405 Pareto optimal points,         2447 discarded points,         273 unclassified points.
Hypervolume 1512.3896046933507
pypal at iteration 82.         405 Pareto optimal points,         2447 discarded points,         273 unclassified points.
Hypervolume 1512.3896046933507
pypal at iteration 83.         405 Pareto optimal points,         2447 discarded points,         273 unclassified points.
Hypervolume 1512.3896046933507
pypal at iteration 84.         405 Pareto optimal points,         2448 discarded points,         272 unclassified points.
Hypervolume 1512.3896046933507
pypal at iteration 85.         405 Pareto optimal points,         2449 discarded points,         271 unclassified points.
Hypervolume 1512.3896046933507
pypal at iteration 86.         405 Pareto optimal points,         2449 discarded points,         271 unclassified points.
Hypervolume 1512.3896046933507
pypal at iteration 87.         405 Pareto optimal points,         2449 discarded points,         271 unclassified points.
Hypervolume 1512.3896046933507
pypal at iteration 88.         405 Pareto optimal points,         2449 discarded points,         271 unclassified points.
Hypervolume 1512.3896046933507
pypal at iteration 89.         406 Pareto optimal points,         2606 discarded points,         113 unclassified points.
Hypervolume 1512.3896046933507
pypal at iteration 90.         406 Pareto optimal points,         2609 discarded points,         110 unclassified points.
Hypervolume 1512.3896046933507
Optimization restart 1/20, f = -761.5091005805524
Optimization restart 2/20, f = -701.8632505963255
Optimization restart 3/20, f = -761.2431633531133
Optimization restart 4/20, f = -758.069795608493
Optimization restart 5/20, f = -760.360370481905
Optimization restart 6/20, f = -760.3352068305514
Optimization restart 7/20, f = -760.4380279245129
Optimization restart 8/20, f = -760.475340625517
Optimization restart 9/20, f = -760.7233390374104
Optimization restart 10/20, f = -760.5475723986411
Optimization restart 11/20, f = -740.151745044107
Optimization restart 12/20, f = -761.2536296550591
Optimization restart 13/20, f = -760.3794211300722
Optimization restart 14/20, f = -760.352572014989
Optimization restart 15/20, f = -757.1137527124815
Optimization restart 16/20, f = -760.3733988254905
Optimization restart 17/20, f = -754.4967589711463
Optimization restart 18/20, f = -761.1689104955375
Optimization restart 19/20, f = -759.2875965310157
Optimization restart 20/20, f = -676.0000667605982
pypal at iteration 91.         406 Pareto optimal points,         2611 discarded points,         108 unclassified points.
Hypervolume 1512.3896046933507
pypal at iteration 92.         406 Pareto optimal points,         2611 discarded points,         108 unclassified points.
Hypervolume 1512.3896046933507
pypal at iteration 93.         406 Pareto optimal points,         2615 discarded points,         104 unclassified points.
Hypervolume 1512.3896046933507
pypal at iteration 94.         406 Pareto optimal points,         2615 discarded points,         104 unclassified points.
Hypervolume 1512.3896046933507
pypal at iteration 95.         406 Pareto optimal points,         2615 discarded points,         104 unclassified points.
Hypervolume 1512.3896046933507
pypal at iteration 96.         406 Pareto optimal points,         2617 discarded points,         102 unclassified points.
Hypervolume 1512.3896046933507
pypal at iteration 97.         406 Pareto optimal points,         2617 discarded points,         102 unclassified points.
Hypervolume 1512.3896046933507
pypal at iteration 98.         406 Pareto optimal points,         2618 discarded points,         101 unclassified points.
Hypervolume 1512.3896046933507
pypal at iteration 99.         406 Pareto optimal points,         2619 discarded points,         100 unclassified points.
Hypervolume 1512.3896046933507
pypal at iteration 100.         406 Pareto optimal points,         2620 discarded points,         99 unclassified points.
Hypervolume 1512.3896046933507
Optimization restart 1/20, f = -820.0646178105976
Optimization restart 2/20, f = -810.8925052037096
Optimization restart 3/20, f = -819.905874576521
Optimization restart 4/20, f = -779.5914042524801
Optimization restart 5/20, f = -818.588272835308
Optimization restart 6/20, f = -819.4420167941574
Optimization restart 7/20, f = -818.6501574292753
Optimization restart 8/20, f = -813.271142223748
Optimization restart 9/20, f = -819.2135719703468
Optimization restart 10/20, f = -819.9715256172514
Optimization restart 11/20, f = -819.2099652431425
Optimization restart 12/20, f = -814.6272488463704
Optimization restart 13/20, f = -816.0681648345193
Optimization restart 14/20, f = -818.3391337679959
Optimization restart 15/20, f = -819.6358282941565
Optimization restart 16/20, f = -809.7831182857818
Optimization restart 17/20, f = -789.0096453829211
Optimization restart 18/20, f = -819.4713606256483
Optimization restart 19/20, f = -644.0077039649739
Optimization restart 20/20, f = -820.1598686010703
pypal at iteration 101.         406 Pareto optimal points,         2621 discarded points,         98 unclassified points.
Hypervolume 1512.3896046933507
pypal at iteration 102.         406 Pareto optimal points,         2621 discarded points,         98 unclassified points.
Hypervolume 1512.3896046933507
pypal at iteration 103.         406 Pareto optimal points,         2622 discarded points,         97 unclassified points.
Hypervolume 1512.3896046933507
pypal at iteration 104.         406 Pareto optimal points,         2623 discarded points,         96 unclassified points.
Hypervolume 1512.3896046933507
pypal at iteration 105.         406 Pareto optimal points,         2624 discarded points,         95 unclassified points.
Hypervolume 1512.3896046933507
pypal at iteration 106.         406 Pareto optimal points,         2625 discarded points,         94 unclassified points.
Hypervolume 1512.3896046933507
pypal at iteration 107.         406 Pareto optimal points,         2626 discarded points,         93 unclassified points.
Hypervolume 1512.3896046933507
pypal at iteration 108.         406 Pareto optimal points,         2626 discarded points,         93 unclassified points.
Hypervolume 1512.3896046933507
pypal at iteration 109.         406 Pareto optimal points,         2626 discarded points,         93 unclassified points.
Hypervolume 1512.3896046933507
pypal at iteration 110.         406 Pareto optimal points,         2627 discarded points,         92 unclassified points.
Hypervolume 1512.3896046933507
Optimization restart 1/20, f = -873.4915201425815
Optimization restart 2/20, f = -854.7291198910082
Optimization restart 3/20, f = -872.43731942121
Optimization restart 4/20, f = -872.1105479490631
Optimization restart 5/20, f = -872.0878444666341
Optimization restart 6/20, f = -865.9678460739797
Optimization restart 7/20, f = -837.3050988614209
Optimization restart 8/20, f = -872.9725624181101
Optimization restart 9/20, f = -863.6826566852957
Optimization restart 10/20, f = -872.1461868649493
Optimization restart 11/20, f = -871.5026968685293
Optimization restart 12/20, f = -863.6579208113321
Optimization restart 13/20, f = -872.6421919612156
Optimization restart 14/20, f = -847.5727078253276
Optimization restart 15/20, f = -872.3129946633101
Optimization restart 16/20, f = -873.5138349230542
Optimization restart 17/20, f = -856.2090392860198
Optimization restart 18/20, f = -872.6241262948704
Optimization restart 19/20, f = -871.95892910697
Optimization restart 20/20, f = -871.7640915322011
pypal at iteration 111.         406 Pareto optimal points,         2628 discarded points,         91 unclassified points.
Hypervolume 1512.3896046933507
pypal at iteration 112.         406 Pareto optimal points,         2629 discarded points,         90 unclassified points.
Hypervolume 1512.3896046933507
pypal at iteration 113.         406 Pareto optimal points,         2630 discarded points,         89 unclassified points.
Hypervolume 1512.3896046933507
pypal at iteration 114.         406 Pareto optimal points,         2631 discarded points,         88 unclassified points.
Hypervolume 1512.3896046933507
pypal at iteration 115.         406 Pareto optimal points,         2632 discarded points,         87 unclassified points.
Hypervolume 1512.3896046933507
pypal at iteration 116.         406 Pareto optimal points,         2633 discarded points,         86 unclassified points.
Hypervolume 1512.3896046933507
pypal at iteration 117.         406 Pareto optimal points,         2633 discarded points,         86 unclassified points.
Hypervolume 1512.3896046933507
pypal at iteration 118.         406 Pareto optimal points,         2634 discarded points,         85 unclassified points.
Hypervolume 1512.3896046933507
pypal at iteration 119.         406 Pareto optimal points,         2635 discarded points,         84 unclassified points.
Hypervolume 1512.3896046933507
pypal at iteration 120.         407 Pareto optimal points,         2706 discarded points,         12 unclassified points.
Hypervolume 1514.1775816208367
Optimization restart 1/20, f = -926.3041140030207
Optimization restart 2/20, f = -924.5645400694456
Optimization restart 3/20, f = -915.2437755625199
Optimization restart 4/20, f = -919.3850634563153
Optimization restart 5/20, f = -922.2743585907141
Optimization restart 6/20, f = -925.0754228481851
Optimization restart 7/20, f = -921.3453686274173
Optimization restart 8/20, f = -775.8369329390397
Optimization restart 9/20, f = -924.9959148027777
Optimization restart 10/20, f = -909.7592995097485
Optimization restart 11/20, f = -925.8160770587779
Optimization restart 12/20, f = -916.2727811123616
Optimization restart 13/20, f = -924.1089843806062
Optimization restart 14/20, f = -899.3493514294657
Optimization restart 15/20, f = -923.4202181706452
Optimization restart 16/20, f = -898.7230771522687
Optimization restart 17/20, f = -909.6397933177906
Optimization restart 18/20, f = -923.3993149336243
Optimization restart 19/20, f = -918.5267962616656
Optimization restart 20/20, f = -921.1523491802759
pypal at iteration 121.         407 Pareto optimal points,         2706 discarded points,         12 unclassified points.
Hypervolume 1514.1775816208367
pypal at iteration 122.         407 Pareto optimal points,         2706 discarded points,         12 unclassified points.
Hypervolume 1514.1775816208367
pypal at iteration 123.         407 Pareto optimal points,         2706 discarded points,         12 unclassified points.
Hypervolume 1514.1775816208367
pypal at iteration 124.         407 Pareto optimal points,         2706 discarded points,         12 unclassified points.
Hypervolume 1514.1775816208367
pypal at iteration 125.         407 Pareto optimal points,         2706 discarded points,         12 unclassified points.
Hypervolume 1514.1775816208367
pypal at iteration 126.         407 Pareto optimal points,         2706 discarded points,         12 unclassified points.
Hypervolume 1514.1775816208367
pypal at iteration 127.         407 Pareto optimal points,         2706 discarded points,         12 unclassified points.
Hypervolume 1514.1775816208367
pypal at iteration 128.         407 Pareto optimal points,         2706 discarded points,         12 unclassified points.
Hypervolume 1514.1775816208367
pypal at iteration 129.         407 Pareto optimal points,         2706 discarded points,         12 unclassified points.
Hypervolume 1514.1775816208367
pypal at iteration 130.         407 Pareto optimal points,         2706 discarded points,         12 unclassified points.
Hypervolume 1514.1775816208367
Optimization restart 1/20, f = -987.5249669486016
Optimization restart 2/20, f = -979.1322642514606
Optimization restart 3/20, f = -985.338739637086
Optimization restart 4/20, f = -974.0039821582048
Optimization restart 5/20, f = -981.7850888800133
Optimization restart 6/20, f = -981.0621413700376
Optimization restart 7/20, f = -984.6613184682099
Optimization restart 8/20, f = -981.0262184526101
Optimization restart 9/20, f = -987.2142847356527
Optimization restart 10/20, f = -981.015994838204
Optimization restart 11/20, f = -983.4302809773704
Optimization restart 12/20, f = -978.3489320910568
Optimization restart 13/20, f = -972.0237626228554
Optimization restart 14/20, f = -985.758510271423
Optimization restart 15/20, f = -985.5268153381573
Optimization restart 16/20, f = -985.9123406125207
Optimization restart 17/20, f = -982.7571761411003
Optimization restart 18/20, f = -983.8249805614029
Optimization restart 19/20, f = -975.0483529575972
Optimization restart 20/20, f = -972.5183095822999
pypal at iteration 131.         407 Pareto optimal points,         2706 discarded points,         12 unclassified points.
Hypervolume 1514.1775816208367
pypal at iteration 132.         407 Pareto optimal points,         2706 discarded points,         12 unclassified points.
Hypervolume 1514.1775816208367
pypal at iteration 133.         407 Pareto optimal points,         2706 discarded points,         12 unclassified points.
Hypervolume 1514.1775816208367
pypal at iteration 134.         407 Pareto optimal points,         2707 discarded points,         11 unclassified points.
Hypervolume 1514.1775816208367
pypal at iteration 135.         407 Pareto optimal points,         2707 discarded points,         11 unclassified points.
Hypervolume 1514.1775816208367
pypal at iteration 136.         407 Pareto optimal points,         2707 discarded points,         11 unclassified points.
Hypervolume 1514.1775816208367
pypal at iteration 137.         407 Pareto optimal points,         2707 discarded points,         11 unclassified points.
Hypervolume 1514.1775816208367
pypal at iteration 138.         407 Pareto optimal points,         2708 discarded points,         10 unclassified points.
Hypervolume 1514.1775816208367
pypal at iteration 139.         407 Pareto optimal points,         2708 discarded points,         10 unclassified points.
Hypervolume 1514.1775816208367
pypal at iteration 140.         407 Pareto optimal points,         2708 discarded points,         10 unclassified points.
Hypervolume 1514.1775816208367
Optimization restart 1/20, f = -1043.6291917227766
Optimization restart 2/20, f = -1040.696377815571
Optimization restart 3/20, f = -1041.5728572583207
Optimization restart 4/20, f = -1041.2537068171637
Optimization restart 5/20, f = -1041.8655547808924
Optimization restart 6/20, f = -1040.3250626538797
Optimization restart 7/20, f = -1041.6184776113732
Optimization restart 8/20, f = -1039.1821268046313
Optimization restart 9/20, f = -1040.2514978348743
Optimization restart 10/20, f = -1034.1896464769407
Optimization restart 11/20, f = -1020.1392080536205
Optimization restart 12/20, f = -1031.7738702890354
Optimization restart 13/20, f = -1037.7872887492013
Optimization restart 14/20, f = -1042.427212696235
Optimization restart 15/20, f = -906.142471124254
Optimization restart 16/20, f = -1038.6009664813523
Optimization restart 17/20, f = -1038.112145720445
Optimization restart 18/20, f = -988.9540639431223
Optimization restart 19/20, f = -1037.519432681147
Optimization restart 20/20, f = -1039.553941547465
pypal at iteration 141.         407 Pareto optimal points,         2708 discarded points,         10 unclassified points.
Hypervolume 1514.1775816208367
pypal at iteration 142.         407 Pareto optimal points,         2708 discarded points,         10 unclassified points.
Hypervolume 1514.1775816208367
pypal at iteration 143.         407 Pareto optimal points,         2708 discarded points,         10 unclassified points.
Hypervolume 1514.1775816208367
pypal at iteration 144.         407 Pareto optimal points,         2708 discarded points,         10 unclassified points.
Hypervolume 1514.1775816208367
pypal at iteration 145.         407 Pareto optimal points,         2708 discarded points,         10 unclassified points.
Hypervolume 1514.1775816208367
pypal at iteration 146.         407 Pareto optimal points,         2708 discarded points,         10 unclassified points.
Hypervolume 1514.1775816208367
pypal at iteration 147.         407 Pareto optimal points,         2708 discarded points,         10 unclassified points.
Hypervolume 1514.1775816208367
pypal at iteration 148.         407 Pareto optimal points,         2708 discarded points,         10 unclassified points.
Hypervolume 1514.1775816208367
pypal at iteration 149.         407 Pareto optimal points,         2708 discarded points,         10 unclassified points.
Hypervolume 1514.1775816208367
pypal at iteration 150.         407 Pareto optimal points,         2708 discarded points,         10 unclassified points.
Hypervolume 1514.1775816208367
Optimization restart 1/20, f = -1099.7220652946048
Optimization restart 2/20, f = -1091.7730581246365
Optimization restart 3/20, f = -1096.1630777013484
Optimization restart 4/20, f = -1085.3825824697099
Optimization restart 5/20, f = -1086.0645187948203
Optimization restart 6/20, f = -1096.9111393101741
Optimization restart 7/20, f = -1097.5022665110523
Optimization restart 8/20, f = -1092.2811563171651
Optimization restart 9/20, f = -1097.9110268632217
Optimization restart 10/20, f = -1099.4384943523405
Optimization restart 11/20, f = -1095.1989178672939
Optimization restart 12/20, f = -1065.9959858881512
Optimization restart 13/20, f = -1091.6094779606765
Optimization restart 14/20, f = -1095.5912553429334
Optimization restart 15/20, f = -1078.4010049991462
Optimization restart 16/20, f = -1094.9211637962076
Optimization restart 17/20, f = -1087.752845587403
Optimization restart 18/20, f = -1094.0043153207062
Optimization restart 19/20, f = -1099.2528677723503
Optimization restart 20/20, f = -1097.45753554028
pypal at iteration 151.         407 Pareto optimal points,         2708 discarded points,         10 unclassified points.
Hypervolume 1514.1775816208367
pypal at iteration 152.         407 Pareto optimal points,         2709 discarded points,         9 unclassified points.
Hypervolume 1514.1775816208367
pypal at iteration 153.         407 Pareto optimal points,         2709 discarded points,         9 unclassified points.
Hypervolume 1514.1775816208367
pypal at iteration 154.         407 Pareto optimal points,         2710 discarded points,         8 unclassified points.
Hypervolume 1514.1775816208367
pypal at iteration 155.         407 Pareto optimal points,         2711 discarded points,         7 unclassified points.
Hypervolume 1514.1775816208367
pypal at iteration 156.         407 Pareto optimal points,         2711 discarded points,         7 unclassified points.
Hypervolume 1514.1775816208367
pypal at iteration 157.         407 Pareto optimal points,         2711 discarded points,         7 unclassified points.
Hypervolume 1514.1775816208367
pypal at iteration 158.         407 Pareto optimal points,         2712 discarded points,         6 unclassified points.
Hypervolume 1514.1775816208367
pypal at iteration 159.         407 Pareto optimal points,         2713 discarded points,         5 unclassified points.
Hypervolume 1514.1775816208367
pypal at iteration 160.         407 Pareto optimal points,         2713 discarded points,         5 unclassified points.
Hypervolume 1514.1775816208367
Optimization restart 1/20, f = -1148.6469895733903
Optimization restart 2/20, f = -1146.898533893269
Optimization restart 3/20, f = -1146.3809639596475
Optimization restart 4/20, f = -1146.168521946822
Optimization restart 5/20, f = -1141.8576908275631
Optimization restart 6/20, f = -1147.2435483828096
Optimization restart 7/20, f = -1109.6206465292819
Optimization restart 8/20, f = -1143.8431676409896
Optimization restart 9/20, f = -1141.5761410067432
Optimization restart 10/20, f = -1142.8895729823666
Optimization restart 11/20, f = -1140.6651508082537
Optimization restart 12/20, f = -1142.7240620012078
Optimization restart 13/20, f = -1143.9822104420555
Optimization restart 14/20, f = -1143.4181119646003
Optimization restart 15/20, f = -1147.0046605859227
Optimization restart 16/20, f = -1097.0374544503427
Optimization restart 17/20, f = -1094.5138842455976
Optimization restart 18/20, f = -1141.1160940409293
Optimization restart 19/20, f = -1146.4239183453392
Optimization restart 20/20, f = -1137.222016502046
pypal at iteration 161.         407 Pareto optimal points,         2713 discarded points,         5 unclassified points.
Hypervolume 1514.1775816208367
pypal at iteration 162.         407 Pareto optimal points,         2713 discarded points,         5 unclassified points.
Hypervolume 1514.1775816208367
pypal at iteration 163.         407 Pareto optimal points,         2713 discarded points,         5 unclassified points.
Hypervolume 1514.1775816208367
pypal at iteration 164.         407 Pareto optimal points,         2713 discarded points,         5 unclassified points.
Hypervolume 1514.1775816208367
pypal at iteration 165.         407 Pareto optimal points,         2713 discarded points,         5 unclassified points.
Hypervolume 1514.1775816208367
pypal at iteration 166.         407 Pareto optimal points,         2713 discarded points,         5 unclassified points.
Hypervolume 1514.1775816208367
pypal at iteration 167.         407 Pareto optimal points,         2713 discarded points,         5 unclassified points.
Hypervolume 1514.1775816208367
pypal at iteration 168.         407 Pareto optimal points,         2713 discarded points,         5 unclassified points.
Hypervolume 1514.1775816208367
pypal at iteration 169.         407 Pareto optimal points,         2713 discarded points,         5 unclassified points.
Hypervolume 1514.1775816208367
pypal at iteration 170.         407 Pareto optimal points,         2713 discarded points,         5 unclassified points.
Hypervolume 1514.1775816208367
Optimization restart 1/20, f = -1206.856287492121
Optimization restart 2/20, f = -1205.0549248875575
Optimization restart 3/20, f = -1201.3288422709538
Optimization restart 4/20, f = -1207.1656677636508
Optimization restart 5/20, f = -1200.7685434307
Optimization restart 6/20, f = -1206.1056873535208
Optimization restart 7/20, f = -1203.731295040773
Optimization restart 8/20, f = -1196.1681850760156
Optimization restart 9/20, f = -1203.8141125512934
Optimization restart 10/20, f = -1205.9803090175635
Optimization restart 11/20, f = -1067.3151165404488
Optimization restart 12/20, f = -1181.750004307953
Optimization restart 13/20, f = -1011.4091558317639
Optimization restart 14/20, f = -1203.9131042222834
Optimization restart 15/20, f = -1205.7636064462552
Optimization restart 16/20, f = -638.5417504749569
Optimization restart 17/20, f = -1198.6741814278075
Optimization restart 18/20, f = -1165.9902982580306
Optimization restart 19/20, f = -1193.6932595310768
Optimization restart 20/20, f = -1201.919202118545
pypal at iteration 171.         407 Pareto optimal points,         2713 discarded points,         5 unclassified points.
Hypervolume 1514.1775816208367
pypal at iteration 172.         407 Pareto optimal points,         2713 discarded points,         5 unclassified points.
Hypervolume 1514.1775816208367
pypal at iteration 173.         407 Pareto optimal points,         2713 discarded points,         5 unclassified points.
Hypervolume 1514.1775816208367
pypal at iteration 174.         407 Pareto optimal points,         2713 discarded points,         5 unclassified points.
Hypervolume 1514.1775816208367
pypal at iteration 175.         407 Pareto optimal points,         2713 discarded points,         5 unclassified points.
Hypervolume 1514.1775816208367
pypal at iteration 176.         407 Pareto optimal points,         2713 discarded points,         5 unclassified points.
Hypervolume 1514.1775816208367
pypal at iteration 177.         407 Pareto optimal points,         2713 discarded points,         5 unclassified points.
Hypervolume 1514.1775816208367
pypal at iteration 178.         407 Pareto optimal points,         2713 discarded points,         5 unclassified points.
Hypervolume 1514.1775816208367
pypal at iteration 179.         407 Pareto optimal points,         2713 discarded points,         5 unclassified points.
Hypervolume 1514.1775816208367
pypal at iteration 180.         407 Pareto optimal points,         2713 discarded points,         5 unclassified points.
Hypervolume 1514.1775816208367
Optimization restart 1/20, f = -1259.24707488302
Optimization restart 2/20, f = -1247.0539377396988
Optimization restart 3/20, f = -1250.2810440135322
Optimization restart 4/20, f = -1257.4715126846986
Optimization restart 5/20, f = -1253.1260599655902
Optimization restart 6/20, f = -1256.496602946278
Optimization restart 7/20, f = -1256.2160612987154
Optimization restart 8/20, f = -1257.4881899126633
Optimization restart 9/20, f = -1218.5002892628058
Optimization restart 10/20, f = -1243.2611434020191
Optimization restart 11/20, f = -1256.6875489339045
Optimization restart 12/20, f = -1255.0240152346103
Optimization restart 13/20, f = -1249.7534813223208
Optimization restart 14/20, f = -1252.9503137264828
Optimization restart 15/20, f = -1253.162915183173
Optimization restart 16/20, f = -1245.1617016381242
Optimization restart 17/20, f = -1217.8711082536192
Optimization restart 18/20, f = -1256.295411213745
Optimization restart 19/20, f = -1244.085280627939
Optimization restart 20/20, f = -1254.6913625263137
pypal at iteration 181.         407 Pareto optimal points,         2713 discarded points,         5 unclassified points.
Hypervolume 1514.1775816208367
pypal at iteration 182.         407 Pareto optimal points,         2713 discarded points,         5 unclassified points.
Hypervolume 1514.1775816208367
pypal at iteration 183.         407 Pareto optimal points,         2713 discarded points,         5 unclassified points.
Hypervolume 1514.1775816208367
pypal at iteration 184.         407 Pareto optimal points,         2713 discarded points,         5 unclassified points.
Hypervolume 1514.1775816208367
pypal at iteration 185.         407 Pareto optimal points,         2713 discarded points,         5 unclassified points.
Hypervolume 1514.1775816208367
pypal at iteration 186.         407 Pareto optimal points,         2713 discarded points,         5 unclassified points.
Hypervolume 1514.1775816208367
pypal at iteration 187.         407 Pareto optimal points,         2713 discarded points,         5 unclassified points.
Hypervolume 1514.1775816208367
pypal at iteration 188.         407 Pareto optimal points,         2713 discarded points,         5 unclassified points.
Hypervolume 1514.1775816208367
pypal at iteration 189.         407 Pareto optimal points,         2713 discarded points,         5 unclassified points.
Hypervolume 1514.1775816208367
pypal at iteration 190.         407 Pareto optimal points,         2713 discarded points,         5 unclassified points.
Hypervolume 1514.1775816208367
Optimization restart 1/20, f = -1313.223065502774
Optimization restart 2/20, f = -1299.2746330463674
Optimization restart 3/20, f = -1307.7716422094404
Optimization restart 4/20, f = -1309.3539484737494
Optimization restart 5/20, f = -1311.490102100017
Optimization restart 6/20, f = -1281.245414055481
Optimization restart 7/20, f = -1307.1892302941017
Optimization restart 8/20, f = -1310.2746843567606
Optimization restart 9/20, f = -1311.214568266151
Optimization restart 10/20, f = -1310.5241241128751
Optimization restart 11/20, f = -1302.8824256963655
Optimization restart 12/20, f = -1307.8480858554392
Optimization restart 13/20, f = -1310.0301756457748
Optimization restart 14/20, f = -1307.8205813597763
Optimization restart 15/20, f = -1303.1731634563268
Optimization restart 16/20, f = -1296.5453852338292
Optimization restart 17/20, f = -1308.711369520303
Optimization restart 18/20, f = -1310.9220259282893
Optimization restart 19/20, f = -1307.887697891478
Optimization restart 20/20, f = -1308.9661428501265
pypal at iteration 191.         407 Pareto optimal points,         2713 discarded points,         5 unclassified points.
Hypervolume 1514.1775816208367
pypal at iteration 192.         407 Pareto optimal points,         2713 discarded points,         5 unclassified points.
Hypervolume 1514.1775816208367
pypal at iteration 193.         407 Pareto optimal points,         2713 discarded points,         5 unclassified points.
Hypervolume 1514.1775816208367
pypal at iteration 194.         407 Pareto optimal points,         2713 discarded points,         5 unclassified points.
Hypervolume 1514.1775816208367
pypal at iteration 195.         407 Pareto optimal points,         2713 discarded points,         5 unclassified points.
Hypervolume 1514.1775816208367
pypal at iteration 196.         407 Pareto optimal points,         2713 discarded points,         5 unclassified points.
Hypervolume 1514.1775816208367
pypal at iteration 197.         407 Pareto optimal points,         2713 discarded points,         5 unclassified points.
Hypervolume 1514.1775816208367
pypal at iteration 198.         407 Pareto optimal points,         2713 discarded points,         5 unclassified points.
Hypervolume 1514.1775816208367
pypal at iteration 199.         407 Pareto optimal points,         2713 discarded points,         5 unclassified points.
Hypervolume 1514.1775816208367
pypal at iteration 200.         407 Pareto optimal points,         2713 discarded points,         5 unclassified points.
Hypervolume 1514.1775816208367
Optimization restart 1/20, f = -1373.0255864886492
Optimization restart 2/20, f = -1313.03428757459
Optimization restart 3/20, f = -1357.814570865398
Optimization restart 4/20, f = -1367.0529824553646
Optimization restart 5/20, f = -1140.3928880644721
Optimization restart 6/20, f = -1363.7483657058633
Optimization restart 7/20, f = -1365.9075481622149
Optimization restart 8/20, f = -1365.9474779505858
Optimization restart 9/20, f = -1366.7690572957738
Optimization restart 10/20, f = -1362.112575323617
Optimization restart 11/20, f = -1345.8841855444061
Optimization restart 12/20, f = -1364.5988498633637
Optimization restart 13/20, f = -1370.7817747370877
Optimization restart 14/20, f = -1369.460482676865
Optimization restart 15/20, f = -1365.473507849836
Optimization restart 16/20, f = -1363.1745723229485
Optimization restart 17/20, f = -1180.839598420265
Optimization restart 18/20, f = -1369.7372547855864
Optimization restart 19/20, f = -1359.9097601625108
Optimization restart 20/20, f = -1365.8608166336703
pypal at iteration 201.         407 Pareto optimal points,         2713 discarded points,         5 unclassified points.
Hypervolume 1514.1775816208367
pypal at iteration 202.         407 Pareto optimal points,         2713 discarded points,         5 unclassified points.
Hypervolume 1514.1775816208367
pypal at iteration 203.         407 Pareto optimal points,         2713 discarded points,         5 unclassified points.
Hypervolume 1514.1775816208367
pypal at iteration 204.         407 Pareto optimal points,         2713 discarded points,         5 unclassified points.
Hypervolume 1514.1775816208367
pypal at iteration 205.         407 Pareto optimal points,         2713 discarded points,         5 unclassified points.
Hypervolume 1514.1775816208367
pypal at iteration 206.         407 Pareto optimal points,         2713 discarded points,         5 unclassified points.
Hypervolume 1514.1775816208367
pypal at iteration 207.         407 Pareto optimal points,         2713 discarded points,         5 unclassified points.
Hypervolume 1514.1775816208367
pypal at iteration 208.         407 Pareto optimal points,         2713 discarded points,         5 unclassified points.
Hypervolume 1514.1775816208367
pypal at iteration 209.         407 Pareto optimal points,         2713 discarded points,         5 unclassified points.
Hypervolume 1514.1775816208367
pypal at iteration 210.         407 Pareto optimal points,         2713 discarded points,         5 unclassified points.
Hypervolume 1514.1775816208367
Optimization restart 1/20, f = -1426.483387703648
Optimization restart 2/20, f = -1421.729545047738
Optimization restart 3/20, f = -1410.2342637626114
Optimization restart 4/20, f = -1424.3218619090662
Optimization restart 5/20, f = -1421.2239910984408
Optimization restart 6/20, f = -1407.9723938306329
Optimization restart 7/20, f = -1411.263826574649
Optimization restart 8/20, f = -1404.7320987375567
Optimization restart 9/20, f = -1421.8883231824905
Optimization restart 10/20, f = -1359.933160077515
Optimization restart 11/20, f = -1411.8433080112736
Optimization restart 12/20, f = -1424.1033711049006
Optimization restart 13/20, f = -1423.6813813050414
Optimization restart 14/20, f = -1369.1967076541482
Optimization restart 15/20, f = -1423.2846916424887
Optimization restart 16/20, f = -1423.986789296439
Optimization restart 17/20, f = -1422.5927564338842
Optimization restart 18/20, f = -1424.531695323853
Optimization restart 19/20, f = -1424.1898994075682
Optimization restart 20/20, f = -1420.8845214353332
pypal at iteration 211.         407 Pareto optimal points,         2713 discarded points,         5 unclassified points.
Hypervolume 1514.1775816208367
pypal at iteration 212.         407 Pareto optimal points,         2713 discarded points,         5 unclassified points.
Hypervolume 1514.1775816208367
pypal at iteration 213.         407 Pareto optimal points,         2713 discarded points,         5 unclassified points.
Hypervolume 1514.1775816208367
pypal at iteration 214.         407 Pareto optimal points,         2713 discarded points,         5 unclassified points.
Hypervolume 1514.1775816208367
pypal at iteration 215.         407 Pareto optimal points,         2713 discarded points,         5 unclassified points.
Hypervolume 1514.1775816208367
pypal at iteration 216.         407 Pareto optimal points,         2713 discarded points,         5 unclassified points.
Hypervolume 1514.1775816208367
pypal at iteration 217.         407 Pareto optimal points,         2713 discarded points,         5 unclassified points.
Hypervolume 1514.1775816208367
pypal at iteration 218.         407 Pareto optimal points,         2713 discarded points,         5 unclassified points.
Hypervolume 1514.1775816208367
Done. No unclassified point left
pypal at iteration 218.         407 Pareto optimal points,         2718 discarded points,         0 unclassified points.
Hypervolume 1514.1775816208367
