 /home/kjablonk/anaconda3/envs/dispersant_screener/lib/python3.7/site-packages/sklearn/utils/deprecation.py:143: FutureWarning:The sklearn.preprocessing.data module is  deprecated in version 0.22 and will be removed in version 0.24. The corresponding classes / functions should instead be imported from sklearn.preprocessing. Anything that cannot be imported from sklearn.preprocessing is now part of the private API.
 /home/kjablonk/programs/pypal/pypal/pal/validate_inputs.py:146: UserWarning:No goals provided,                 will assume that every dimension should be maximized
 /home/kjablonk/anaconda3/envs/dispersant_screener/lib/python3.7/site-packages/GPy/kern/src/stationary.py:166: RuntimeWarning:overflow encountered in true_divide
 /home/kjablonk/anaconda3/envs/dispersant_screener/lib/python3.7/site-packages/GPy/kern/src/stationary.py:137: RuntimeWarning:overflow encountered in square
 /home/kjablonk/anaconda3/envs/dispersant_screener/lib/python3.7/site-packages/GPy/kern/src/stationary.py:138: RuntimeWarning:invalid value encountered in add
 /home/kjablonk/anaconda3/envs/dispersant_screener/lib/python3.7/site-packages/GPy/kern/src/stationary.py:565: RuntimeWarning:invalid value encountered in multiply
 /home/kjablonk/anaconda3/envs/dispersant_screener/lib/python3.7/site-packages/GPy/kern/src/stationary.py:568: RuntimeWarning:invalid value encountered in subtract
 /home/kjablonk/anaconda3/envs/dispersant_screener/lib/python3.7/site-packages/paramz/transformations.py:111: RuntimeWarning:overflow encountered in expm1
 /home/kjablonk/anaconda3/envs/dispersant_screener/lib/python3.7/site-packages/GPy/kern/src/stationary.py:166: RuntimeWarning:overflow encountered in true_divide
 /home/kjablonk/anaconda3/envs/dispersant_screener/lib/python3.7/site-packages/GPy/kern/src/stationary.py:137: RuntimeWarning:overflow encountered in square
 /home/kjablonk/anaconda3/envs/dispersant_screener/lib/python3.7/site-packages/GPy/kern/src/stationary.py:138: RuntimeWarning:invalid value encountered in add
 /home/kjablonk/anaconda3/envs/dispersant_screener/lib/python3.7/site-packages/GPy/kern/src/stationary.py:565: RuntimeWarning:invalid value encountered in multiply
 /home/kjablonk/anaconda3/envs/dispersant_screener/lib/python3.7/site-packages/GPy/kern/src/stationary.py:568: RuntimeWarning:invalid value encountered in subtract
 /home/kjablonk/anaconda3/envs/dispersant_screener/lib/python3.7/site-packages/GPy/kern/src/stationary.py:243: RuntimeWarning:invalid value encountered in true_divide
 /home/kjablonk/anaconda3/envs/dispersant_screener/lib/python3.7/site-packages/GPy/kern/src/stationary.py:138: RuntimeWarning:overflow encountered in multiply
 /home/kjablonk/anaconda3/envs/dispersant_screener/lib/python3.7/site-packages/GPy/kern/src/stationary.py:138: RuntimeWarning:overflow encountered in add
 /home/kjablonk/anaconda3/envs/dispersant_screener/lib/python3.7/site-packages/GPy/kern/src/stationary.py:565: RuntimeWarning:overflow encountered in multiply
 /home/kjablonk/anaconda3/envs/dispersant_screener/lib/python3.7/site-packages/GPy/kern/src/stationary.py:568: RuntimeWarning:overflow encountered in multiply
 /home/kjablonk/anaconda3/envs/dispersant_screener/lib/python3.7/site-packages/GPy/kern/src/stationary.py:568: RuntimeWarning:invalid value encountered in multiply
 /home/kjablonk/anaconda3/envs/dispersant_screener/lib/python3.7/site-packages/numpy/core/_asarray.py:136: VisibleDeprecationWarning:Creating an ndarray from ragged nested sequences (which is a list-or-tuple of lists-or-tuples-or ndarrays with different lengths or shapes) is deprecated. If you meant to do this, you must specify 'dtype=object' when creating the ndarray
Maximum hypervolume 1536.0438526567837
STARTING PAL
Optimization restart 1/20, f = -229.61550835755952
Optimization restart 2/20, f = -229.77382054193004
Optimization restart 3/20, f = -229.8236106278435
Optimization restart 4/20, f = -229.8115368489005
Optimization restart 5/20, f = -229.82569503521853
Optimization restart 6/20, f = -217.99450350756328
Optimization restart 7/20, f = -215.44659475933224
Optimization restart 8/20, f = -229.80938106605555
Optimization restart 9/20, f = -228.29865665824605
Optimization restart 10/20, f = -157.35548341560133
Optimization restart 11/20, f = -229.8101939730164
Optimization restart 12/20, f = -228.83225998681968
Optimization restart 13/20, f = -229.7973384456866
Optimization restart 14/20, f = -228.79349944281742
Optimization restart 15/20, f = -229.6609221643002
Optimization restart 16/20, f = -229.7518299576197
Optimization restart 17/20, f = -229.49964377212643
Optimization restart 18/20, f = -229.17643691951724
Optimization restart 19/20, f = -229.8886167681889
Optimization restart 20/20, f = -229.74613537857232
pypal at iteration 1.         4 Pareto optimal points,         155 discarded points,         2966 unclassified points.
Hypervolume 767.3372264108434
pypal at iteration 2.         9 Pareto optimal points,         157 discarded points,         2959 unclassified points.
Hypervolume 1284.2436538424843
pypal at iteration 3.         9 Pareto optimal points,         171 discarded points,         2945 unclassified points.
Hypervolume 1284.2436538424843
pypal at iteration 4.         12 Pareto optimal points,         172 discarded points,         2941 unclassified points.
Hypervolume 1433.2585115713841
pypal at iteration 5.         12 Pareto optimal points,         173 discarded points,         2940 unclassified points.
Hypervolume 1433.2585115713841
pypal at iteration 6.         12 Pareto optimal points,         174 discarded points,         2939 unclassified points.
Hypervolume 1433.2585115713841
pypal at iteration 7.         12 Pareto optimal points,         175 discarded points,         2938 unclassified points.
Hypervolume 1433.2585115713841
pypal at iteration 8.         12 Pareto optimal points,         176 discarded points,         2937 unclassified points.
Hypervolume 1433.2585115713841
pypal at iteration 9.         12 Pareto optimal points,         177 discarded points,         2936 unclassified points.
Hypervolume 1433.2585115713841
pypal at iteration 10.         12 Pareto optimal points,         178 discarded points,         2935 unclassified points.
Hypervolume 1433.2585115713841
Optimization restart 1/20, f = -339.2423789428843
Optimization restart 2/20, f = -337.3358216546426
Optimization restart 3/20, f = -335.9071393457259
Optimization restart 4/20, f = -339.26854857588654
Optimization restart 5/20, f = -332.1813628275703
Optimization restart 6/20, f = -338.2445368537899
Optimization restart 7/20, f = -337.73120754043873
Optimization restart 8/20, f = -338.69263327232557
Optimization restart 9/20, f = -338.1570357145773
Optimization restart 10/20, f = -335.60677487946435
Optimization restart 11/20, f = -336.2699818490977
Optimization restart 12/20, f = -335.9265011876324
Optimization restart 13/20, f = -335.6012682453156
Optimization restart 14/20, f = -338.47406050085897
Optimization restart 15/20, f = -338.1163833336518
Optimization restart 16/20, f = -328.95110078815765
Optimization restart 17/20, f = -338.06148088676434
Optimization restart 18/20, f = -339.1972227326803
Optimization restart 19/20, f = -337.26437918361114
Optimization restart 20/20, f = -338.33487074548646
pypal at iteration 11.         12 Pareto optimal points,         376 discarded points,         2737 unclassified points.
Hypervolume 1433.2585115713841
pypal at iteration 12.         12 Pareto optimal points,         465 discarded points,         2648 unclassified points.
Hypervolume 1433.2585115713841
pypal at iteration 13.         12 Pareto optimal points,         565 discarded points,         2548 unclassified points.
Hypervolume 1433.2585115713841
pypal at iteration 14.         12 Pareto optimal points,         566 discarded points,         2547 unclassified points.
Hypervolume 1433.2585115713841
pypal at iteration 15.         12 Pareto optimal points,         567 discarded points,         2546 unclassified points.
Hypervolume 1433.2585115713841
pypal at iteration 16.         12 Pareto optimal points,         568 discarded points,         2545 unclassified points.
Hypervolume 1433.2585115713841
pypal at iteration 17.         12 Pareto optimal points,         570 discarded points,         2543 unclassified points.
Hypervolume 1433.2585115713841
pypal at iteration 18.         12 Pareto optimal points,         575 discarded points,         2538 unclassified points.
Hypervolume 1433.2585115713841
pypal at iteration 19.         12 Pareto optimal points,         576 discarded points,         2537 unclassified points.
Hypervolume 1433.2585115713841
pypal at iteration 20.         12 Pareto optimal points,         584 discarded points,         2529 unclassified points.
Hypervolume 1433.2585115713841
Optimization restart 1/20, f = -425.3143376617821
Optimization restart 2/20, f = -422.45726766093503
Optimization restart 3/20, f = -419.8712931800715
Optimization restart 4/20, f = -415.03604865535107
Optimization restart 5/20, f = -422.38932237627273
Optimization restart 6/20, f = -420.8793219225356
Optimization restart 7/20, f = -422.35023108095413
Optimization restart 8/20, f = -422.63987785713243
Optimization restart 9/20, f = -422.8989033215038
Optimization restart 10/20, f = -422.0623404607385
Optimization restart 11/20, f = -420.6470879450353
Optimization restart 12/20, f = -416.4012225713764
Optimization restart 13/20, f = -422.6759798773832
Optimization restart 14/20, f = -409.80390664278667
Optimization restart 15/20, f = -422.7130072108874
Optimization restart 16/20, f = -424.29722441437667
Optimization restart 17/20, f = -423.14958314551086
Optimization restart 18/20, f = -399.102867718857
Optimization restart 19/20, f = -333.44442111021266
Optimization restart 20/20, f = -422.0269128726471
pypal at iteration 21.         12 Pareto optimal points,         996 discarded points,         2117 unclassified points.
Hypervolume 1433.2585115713841
pypal at iteration 22.         12 Pareto optimal points,         997 discarded points,         2116 unclassified points.
Hypervolume 1433.2585115713841
pypal at iteration 23.         12 Pareto optimal points,         998 discarded points,         2115 unclassified points.
Hypervolume 1433.2585115713841
pypal at iteration 24.         12 Pareto optimal points,         1010 discarded points,         2103 unclassified points.
Hypervolume 1433.2585115713841
pypal at iteration 25.         12 Pareto optimal points,         1015 discarded points,         2098 unclassified points.
Hypervolume 1433.2585115713841
pypal at iteration 26.         12 Pareto optimal points,         1017 discarded points,         2096 unclassified points.
Hypervolume 1433.2585115713841
pypal at iteration 27.         12 Pareto optimal points,         1018 discarded points,         2095 unclassified points.
Hypervolume 1433.2585115713841
pypal at iteration 28.         12 Pareto optimal points,         1019 discarded points,         2094 unclassified points.
Hypervolume 1433.2585115713841
pypal at iteration 29.         12 Pareto optimal points,         1020 discarded points,         2093 unclassified points.
Hypervolume 1433.2585115713841
pypal at iteration 30.         12 Pareto optimal points,         1020 discarded points,         2093 unclassified points.
Hypervolume 1433.2585115713841
Optimization restart 1/20, f = -501.9392021417178
Optimization restart 2/20, f = -490.7626531174392
Optimization restart 3/20, f = -501.9924466593234
Optimization restart 4/20, f = -499.2322048372621
Optimization restart 5/20, f = -499.20309117994583
Optimization restart 6/20, f = -499.4411819359822
Optimization restart 7/20, f = -496.65424750591177
Optimization restart 8/20, f = -499.6961520798768
Optimization restart 9/20, f = -441.4305567987143
Optimization restart 10/20, f = -495.9721886674344
Optimization restart 11/20, f = -489.0113231520771
Optimization restart 12/20, f = -498.8589287117403
Optimization restart 13/20, f = -499.72626275415246
Optimization restart 14/20, f = -499.8106982012399
Optimization restart 15/20, f = -500.34027482669774
Optimization restart 16/20, f = -489.81564671651745
Optimization restart 17/20, f = -502.4043751896167
Optimization restart 18/20, f = -485.093690074239
Optimization restart 19/20, f = -495.270855261653
Optimization restart 20/20, f = -496.1070717462354
pypal at iteration 31.         12 Pareto optimal points,         1057 discarded points,         2056 unclassified points.
Hypervolume 1433.2585115713841
pypal at iteration 32.         12 Pareto optimal points,         1058 discarded points,         2055 unclassified points.
Hypervolume 1433.2585115713841
pypal at iteration 33.         12 Pareto optimal points,         1059 discarded points,         2054 unclassified points.
Hypervolume 1433.2585115713841
pypal at iteration 34.         12 Pareto optimal points,         1060 discarded points,         2053 unclassified points.
Hypervolume 1433.2585115713841
pypal at iteration 35.         12 Pareto optimal points,         1061 discarded points,         2052 unclassified points.
Hypervolume 1433.2585115713841
pypal at iteration 36.         12 Pareto optimal points,         1062 discarded points,         2051 unclassified points.
Hypervolume 1433.2585115713841
pypal at iteration 37.         12 Pareto optimal points,         1065 discarded points,         2048 unclassified points.
Hypervolume 1433.2585115713841
pypal at iteration 38.         12 Pareto optimal points,         1066 discarded points,         2047 unclassified points.
Hypervolume 1433.2585115713841
pypal at iteration 39.         12 Pareto optimal points,         1067 discarded points,         2046 unclassified points.
Hypervolume 1433.2585115713841
pypal at iteration 40.         12 Pareto optimal points,         1068 discarded points,         2045 unclassified points.
Hypervolume 1433.2585115713841
Optimization restart 1/20, f = -578.3692854294854
Optimization restart 2/20, f = -575.7761796254468
Optimization restart 3/20, f = -573.6515959496941
Optimization restart 4/20, f = -575.9628249376667
Optimization restart 5/20, f = -567.478240598195
Optimization restart 6/20, f = -241.2780605175726
Optimization restart 7/20, f = -575.8241747711659
Optimization restart 8/20, f = -577.7652958380371
Optimization restart 9/20, f = -576.3227984443034
Optimization restart 10/20, f = -572.2422192305053
Optimization restart 11/20, f = -576.493377289731
Optimization restart 12/20, f = -572.9297957386123
Optimization restart 13/20, f = -577.5647428980856
Optimization restart 14/20, f = -576.1003476829139
Optimization restart 15/20, f = -574.2509578162219
Optimization restart 16/20, f = -576.1522245337856
Optimization restart 17/20, f = -576.0304831241988
Optimization restart 18/20, f = -575.9713181379939
Optimization restart 19/20, f = -574.7940604893466
Optimization restart 20/20, f = -575.9743556183643
pypal at iteration 41.         12 Pareto optimal points,         1108 discarded points,         2005 unclassified points.
Hypervolume 1433.2585115713841
pypal at iteration 42.         12 Pareto optimal points,         1115 discarded points,         1998 unclassified points.
Hypervolume 1433.2585115713841
pypal at iteration 43.         12 Pareto optimal points,         1116 discarded points,         1997 unclassified points.
Hypervolume 1433.2585115713841
pypal at iteration 44.         13 Pareto optimal points,         1116 discarded points,         1996 unclassified points.
Hypervolume 1436.4789638137386
pypal at iteration 45.         13 Pareto optimal points,         1147 discarded points,         1965 unclassified points.
Hypervolume 1436.4789638137386
pypal at iteration 46.         13 Pareto optimal points,         1148 discarded points,         1964 unclassified points.
Hypervolume 1436.4789638137386
pypal at iteration 47.         13 Pareto optimal points,         1149 discarded points,         1963 unclassified points.
Hypervolume 1436.4789638137386
pypal at iteration 48.         13 Pareto optimal points,         1152 discarded points,         1960 unclassified points.
Hypervolume 1436.4789638137386
pypal at iteration 49.         13 Pareto optimal points,         1161 discarded points,         1951 unclassified points.
Hypervolume 1436.4789638137386
pypal at iteration 50.         13 Pareto optimal points,         1163 discarded points,         1949 unclassified points.
Hypervolume 1436.4789638137386
Optimization restart 1/20, f = -647.404540601066
Optimization restart 2/20, f = -645.4426616974022
Optimization restart 3/20, f = -639.805061271499
Optimization restart 4/20, f = -639.0920355689495
Optimization restart 5/20, f = -640.0014831013257
Optimization restart 6/20, f = -398.84381515019356
Optimization restart 7/20, f = -645.7999537962711
Optimization restart 8/20, f = -645.9900884165565
Optimization restart 9/20, f = -645.0931888391553
Optimization restart 10/20, f = -640.2136325514036
Optimization restart 11/20, f = -643.5862276847112
Optimization restart 12/20, f = -638.9204106673199
Optimization restart 13/20, f = -645.399346767163
Optimization restart 14/20, f = -634.2953942112589
Optimization restart 15/20, f = -642.596783687574
Optimization restart 16/20, f = -646.116131201104
Optimization restart 17/20, f = -639.333685134203
Optimization restart 18/20, f = -645.3213615382739
Optimization restart 19/20, f = -644.9256662777433
Optimization restart 20/20, f = -644.7422097112853
pypal at iteration 51.         13 Pareto optimal points,         1214 discarded points,         1898 unclassified points.
Hypervolume 1436.4789638137386
pypal at iteration 52.         13 Pareto optimal points,         2165 discarded points,         947 unclassified points.
Hypervolume 1436.4789638137386
pypal at iteration 53.         13 Pareto optimal points,         2170 discarded points,         942 unclassified points.
Hypervolume 1436.4789638137386
pypal at iteration 54.         13 Pareto optimal points,         2171 discarded points,         941 unclassified points.
Hypervolume 1436.4789638137386
pypal at iteration 55.         13 Pareto optimal points,         2172 discarded points,         940 unclassified points.
Hypervolume 1436.4789638137386
pypal at iteration 56.         13 Pareto optimal points,         2191 discarded points,         921 unclassified points.
Hypervolume 1436.4789638137386
pypal at iteration 57.         13 Pareto optimal points,         2192 discarded points,         920 unclassified points.
Hypervolume 1436.4789638137386
pypal at iteration 58.         14 Pareto optimal points,         2201 discarded points,         910 unclassified points.
Hypervolume 1451.2469690894864
pypal at iteration 59.         14 Pareto optimal points,         2202 discarded points,         909 unclassified points.
Hypervolume 1451.2469690894864
pypal at iteration 60.         14 Pareto optimal points,         2202 discarded points,         909 unclassified points.
Hypervolume 1451.2469690894864
Optimization restart 1/20, f = -690.0828893247656
Optimization restart 2/20, f = -683.9482068446346
Optimization restart 3/20, f = -659.6068464036928
Optimization restart 4/20, f = -687.3097489360814
Optimization restart 5/20, f = -688.1708372667185
Optimization restart 6/20, f = -687.3946120719634
Optimization restart 7/20, f = -686.0689922306972
Optimization restart 8/20, f = -507.6577511936571
Optimization restart 9/20, f = -688.0598102400191
Optimization restart 10/20, f = -688.1623229537923
Optimization restart 11/20, f = -681.9564008355915
Optimization restart 12/20, f = -687.8929164737331
Optimization restart 13/20, f = -686.3088911775617
Optimization restart 14/20, f = -685.2843952788105
Optimization restart 15/20, f = -688.7969960856562
Optimization restart 16/20, f = -674.7454900028448
Optimization restart 17/20, f = -687.5450838333595
Optimization restart 18/20, f = -680.6145104409809
Optimization restart 19/20, f = -681.2258017971634
Optimization restart 20/20, f = -687.9419879469707
pypal at iteration 61.         14 Pareto optimal points,         2203 discarded points,         908 unclassified points.
Hypervolume 1451.2469690894864
pypal at iteration 62.         14 Pareto optimal points,         2204 discarded points,         907 unclassified points.
Hypervolume 1451.2469690894864
pypal at iteration 63.         15 Pareto optimal points,         2204 discarded points,         906 unclassified points.
Hypervolume 1453.1669855832536
pypal at iteration 64.         15 Pareto optimal points,         2205 discarded points,         905 unclassified points.
Hypervolume 1453.1669855832536
pypal at iteration 65.         15 Pareto optimal points,         2206 discarded points,         904 unclassified points.
Hypervolume 1453.1669855832536
pypal at iteration 66.         15 Pareto optimal points,         2207 discarded points,         903 unclassified points.
Hypervolume 1453.1669855832536
pypal at iteration 67.         15 Pareto optimal points,         2208 discarded points,         902 unclassified points.
Hypervolume 1453.1669855832536
pypal at iteration 68.         15 Pareto optimal points,         2209 discarded points,         901 unclassified points.
Hypervolume 1453.1669855832536
pypal at iteration 69.         15 Pareto optimal points,         2210 discarded points,         900 unclassified points.
Hypervolume 1453.1669855832536
pypal at iteration 70.         15 Pareto optimal points,         2211 discarded points,         899 unclassified points.
Hypervolume 1453.1669855832536
Optimization restart 1/20, f = -752.7054305629315
Optimization restart 2/20, f = -750.5018821741276
Optimization restart 3/20, f = -740.8914689037233
Optimization restart 4/20, f = -746.1990375770843
Optimization restart 5/20, f = -750.2102500721435
Optimization restart 6/20, f = -742.1312273931082
Optimization restart 7/20, f = -738.4834026510451
Optimization restart 8/20, f = -737.9719092092098
Optimization restart 9/20, f = -748.1291598108396
Optimization restart 10/20, f = -750.3945393574886
Optimization restart 11/20, f = -736.5037489738195
Optimization restart 12/20, f = -739.3349633117666
Optimization restart 13/20, f = -749.951123413811
Optimization restart 14/20, f = -750.4014970166702
Optimization restart 15/20, f = -752.2593900695613
Optimization restart 16/20, f = -746.9411885663467
Optimization restart 17/20, f = -741.1981422481449
Optimization restart 18/20, f = -742.4356794286258
Optimization restart 19/20, f = -750.2056138911042
Optimization restart 20/20, f = -739.5486624802251
pypal at iteration 71.         15 Pareto optimal points,         2211 discarded points,         899 unclassified points.
Hypervolume 1453.1669855832536
pypal at iteration 72.         15 Pareto optimal points,         2212 discarded points,         898 unclassified points.
Hypervolume 1453.1669855832536
pypal at iteration 73.         15 Pareto optimal points,         2213 discarded points,         897 unclassified points.
Hypervolume 1453.1669855832536
pypal at iteration 74.         15 Pareto optimal points,         2214 discarded points,         896 unclassified points.
Hypervolume 1453.1669855832536
pypal at iteration 75.         15 Pareto optimal points,         2215 discarded points,         895 unclassified points.
Hypervolume 1453.1669855832536
pypal at iteration 76.         15 Pareto optimal points,         2215 discarded points,         895 unclassified points.
Hypervolume 1453.1669855832536
pypal at iteration 77.         15 Pareto optimal points,         2216 discarded points,         894 unclassified points.
Hypervolume 1453.1669855832536
pypal at iteration 78.         15 Pareto optimal points,         2217 discarded points,         893 unclassified points.
Hypervolume 1453.1669855832536
pypal at iteration 79.         15 Pareto optimal points,         2218 discarded points,         892 unclassified points.
Hypervolume 1453.1669855832536
pypal at iteration 80.         15 Pareto optimal points,         2219 discarded points,         891 unclassified points.
Hypervolume 1453.1669855832536
Optimization restart 1/20, f = -809.3700776531607
Optimization restart 2/20, f = -674.1789451401604
Optimization restart 3/20, f = -803.4531679895604
Optimization restart 4/20, f = -794.4339181886822
Optimization restart 5/20, f = -807.7690686155579
Optimization restart 6/20, f = -802.9193147040132
Optimization restart 7/20, f = -806.3900945809288
Optimization restart 8/20, f = -699.9744522368487
Optimization restart 9/20, f = -807.5716623583537
Optimization restart 10/20, f = -806.8201185833918
Optimization restart 11/20, f = -807.6252172707963
Optimization restart 12/20, f = -798.7729240563411
Optimization restart 13/20, f = -808.0718285022972
Optimization restart 14/20, f = -807.272048138884
Optimization restart 15/20, f = -799.7461377267714
Optimization restart 16/20, f = -806.5727600015643
Optimization restart 17/20, f = -807.4576451567025
Optimization restart 18/20, f = -781.704364840286
Optimization restart 19/20, f = -801.8545601276655
Optimization restart 20/20, f = -790.1093847911482
pypal at iteration 81.         15 Pareto optimal points,         2220 discarded points,         890 unclassified points.
Hypervolume 1453.1669855832536
pypal at iteration 82.         15 Pareto optimal points,         2221 discarded points,         889 unclassified points.
Hypervolume 1453.1669855832536
pypal at iteration 83.         15 Pareto optimal points,         2222 discarded points,         888 unclassified points.
Hypervolume 1453.1669855832536
pypal at iteration 84.         15 Pareto optimal points,         2223 discarded points,         887 unclassified points.
Hypervolume 1453.1669855832536
pypal at iteration 85.         15 Pareto optimal points,         2224 discarded points,         886 unclassified points.
Hypervolume 1453.1669855832536
pypal at iteration 86.         15 Pareto optimal points,         2225 discarded points,         885 unclassified points.
Hypervolume 1453.1669855832536
pypal at iteration 87.         15 Pareto optimal points,         2226 discarded points,         884 unclassified points.
Hypervolume 1453.1669855832536
pypal at iteration 88.         15 Pareto optimal points,         2227 discarded points,         883 unclassified points.
Hypervolume 1453.1669855832536
pypal at iteration 89.         16 Pareto optimal points,         2532 discarded points,         577 unclassified points.
Hypervolume 1470.9644566231673
pypal at iteration 90.         16 Pareto optimal points,         2533 discarded points,         576 unclassified points.
Hypervolume 1470.9644566231673
Optimization restart 1/20, f = -867.3178703373164
Optimization restart 2/20, f = -864.9352476404149
Optimization restart 3/20, f = -864.3205522606595
Optimization restart 4/20, f = -735.1659991872632
Optimization restart 5/20, f = -861.6001094549524
Optimization restart 6/20, f = -866.7211528912228
Optimization restart 7/20, f = -853.6113763630706
Optimization restart 8/20, f = -741.2696855120437
Optimization restart 9/20, f = -865.7577685401982
Optimization restart 10/20, f = -863.0297640881549
Optimization restart 11/20, f = -865.2790552772758
Optimization restart 12/20, f = -858.4179412560943
Optimization restart 13/20, f = -865.9458564341726
Optimization restart 14/20, f = -860.9818713739961
Optimization restart 15/20, f = -858.2848005974402
Optimization restart 16/20, f = -857.5753342326805
Optimization restart 17/20, f = -849.5635261680076
Optimization restart 18/20, f = -861.5890023045031
Optimization restart 19/20, f = -863.8281419907305
Optimization restart 20/20, f = -864.0145087081646
pypal at iteration 91.         16 Pareto optimal points,         2534 discarded points,         575 unclassified points.
Hypervolume 1470.9644566231673
pypal at iteration 92.         16 Pareto optimal points,         2534 discarded points,         575 unclassified points.
Hypervolume 1470.9644566231673
pypal at iteration 93.         16 Pareto optimal points,         2534 discarded points,         575 unclassified points.
Hypervolume 1470.9644566231673
pypal at iteration 94.         17 Pareto optimal points,         2534 discarded points,         574 unclassified points.
Hypervolume 1479.0306899428106
pypal at iteration 95.         24 Pareto optimal points,         2536 discarded points,         565 unclassified points.
Hypervolume 1484.2845369171002
pypal at iteration 96.         24 Pareto optimal points,         2537 discarded points,         564 unclassified points.
Hypervolume 1484.2845369171002
pypal at iteration 97.         24 Pareto optimal points,         2538 discarded points,         563 unclassified points.
Hypervolume 1484.2845369171002
pypal at iteration 98.         24 Pareto optimal points,         2542 discarded points,         559 unclassified points.
Hypervolume 1484.2845369171002
pypal at iteration 99.         24 Pareto optimal points,         2543 discarded points,         558 unclassified points.
Hypervolume 1484.2845369171002
pypal at iteration 100.         24 Pareto optimal points,         2544 discarded points,         557 unclassified points.
Hypervolume 1484.2845369171002
Optimization restart 1/20, f = -926.6772982701907
Optimization restart 2/20, f = -925.2237949491002
Optimization restart 3/20, f = -921.3402288967374
Optimization restart 4/20, f = -924.4297189405083
Optimization restart 5/20, f = -922.1426680166362
Optimization restart 6/20, f = -916.7952063451887
Optimization restart 7/20, f = -922.4779099495993
Optimization restart 8/20, f = -910.7678481048601
Optimization restart 9/20, f = -887.6600514554242
Optimization restart 10/20, f = -924.5217379211213
Optimization restart 11/20, f = -918.9236428343547
Optimization restart 12/20, f = -923.4776941967955
Optimization restart 13/20, f = -911.4075497852989
Optimization restart 14/20, f = -924.0604054647686
Optimization restart 15/20, f = -914.5451992967883
Optimization restart 16/20, f = -927.3471441705258
Optimization restart 17/20, f = -923.2163531307016
Optimization restart 18/20, f = -911.0573971222891
Optimization restart 19/20, f = -925.1570476490032
Optimization restart 20/20, f = -924.8504432636186
pypal at iteration 101.         24 Pareto optimal points,         2544 discarded points,         557 unclassified points.
Hypervolume 1484.2845369171002
pypal at iteration 102.         24 Pareto optimal points,         2544 discarded points,         557 unclassified points.
Hypervolume 1484.2845369171002
pypal at iteration 103.         24 Pareto optimal points,         2545 discarded points,         556 unclassified points.
Hypervolume 1484.2845369171002
pypal at iteration 104.         24 Pareto optimal points,         2546 discarded points,         555 unclassified points.
Hypervolume 1484.2845369171002
pypal at iteration 105.         24 Pareto optimal points,         2547 discarded points,         554 unclassified points.
Hypervolume 1484.2845369171002
pypal at iteration 106.         24 Pareto optimal points,         2576 discarded points,         525 unclassified points.
Hypervolume 1484.2845369171002
pypal at iteration 107.         24 Pareto optimal points,         2577 discarded points,         524 unclassified points.
Hypervolume 1484.2845369171002
pypal at iteration 108.         24 Pareto optimal points,         2578 discarded points,         523 unclassified points.
Hypervolume 1484.2845369171002
pypal at iteration 109.         24 Pareto optimal points,         2579 discarded points,         522 unclassified points.
Hypervolume 1484.2845369171002
pypal at iteration 110.         24 Pareto optimal points,         2580 discarded points,         521 unclassified points.
Hypervolume 1484.2845369171002
Optimization restart 1/20, f = -987.163319871411
Optimization restart 2/20, f = -984.9942201070869
Optimization restart 3/20, f = -861.1205843593782
Optimization restart 4/20, f = -981.7651936921802
Optimization restart 5/20, f = -983.2781336566472
Optimization restart 6/20, f = -974.7941744824603
Optimization restart 7/20, f = -968.9963842472015
Optimization restart 8/20, f = -979.9831205712225
Optimization restart 9/20, f = -981.4423326170136
Optimization restart 10/20, f = -982.2017511728158
Optimization restart 11/20, f = -982.1377376579546
Optimization restart 12/20, f = -984.5282443209035
Optimization restart 13/20, f = -983.4627186694823
Optimization restart 14/20, f = -983.8100349303904
Optimization restart 15/20, f = -965.3196621176689
Optimization restart 16/20, f = -981.4046454910024
Optimization restart 17/20, f = -968.9062130372131
Optimization restart 18/20, f = -974.6303849707168
Optimization restart 19/20, f = -983.8602297822301
Optimization restart 20/20, f = -977.6815889940724
pypal at iteration 111.         25 Pareto optimal points,         2600 discarded points,         500 unclassified points.
Hypervolume 1486.7863246394975
pypal at iteration 112.         25 Pareto optimal points,         2601 discarded points,         499 unclassified points.
Hypervolume 1486.7863246394975
pypal at iteration 113.         25 Pareto optimal points,         2602 discarded points,         498 unclassified points.
Hypervolume 1486.7863246394975
pypal at iteration 114.         25 Pareto optimal points,         2603 discarded points,         497 unclassified points.
Hypervolume 1486.7863246394975
pypal at iteration 115.         25 Pareto optimal points,         2604 discarded points,         496 unclassified points.
Hypervolume 1486.7863246394975
pypal at iteration 116.         25 Pareto optimal points,         2604 discarded points,         496 unclassified points.
Hypervolume 1486.7863246394975
pypal at iteration 117.         25 Pareto optimal points,         2605 discarded points,         495 unclassified points.
Hypervolume 1486.7863246394975
pypal at iteration 118.         25 Pareto optimal points,         2606 discarded points,         494 unclassified points.
Hypervolume 1486.7863246394975
pypal at iteration 119.         25 Pareto optimal points,         2607 discarded points,         493 unclassified points.
Hypervolume 1486.7863246394975
pypal at iteration 120.         25 Pareto optimal points,         2608 discarded points,         492 unclassified points.
Hypervolume 1486.7863246394975
Optimization restart 1/20, f = -1042.4570537134864
Optimization restart 2/20, f = -1028.7807066786968
Optimization restart 3/20, f = -1033.2450280106295
Optimization restart 4/20, f = -1039.0886796744455
Optimization restart 5/20, f = -1039.5791701304177
Optimization restart 6/20, f = -1041.8307326745905
Optimization restart 7/20, f = -1039.3547388778368
Optimization restart 8/20, f = -1036.6525038101197
Optimization restart 9/20, f = -1026.4751118061072
Optimization restart 10/20, f = -1029.6404252173006
Optimization restart 11/20, f = -1036.7317196670706
Optimization restart 12/20, f = -1015.7743559058938
Optimization restart 13/20, f = -1034.9227406925797
Optimization restart 14/20, f = -912.5461515615987
Optimization restart 15/20, f = -1040.296273126847
Optimization restart 16/20, f = -1038.1318106946767
Optimization restart 17/20, f = -1029.7282305365732
Optimization restart 18/20, f = -1038.0454822614959
Optimization restart 19/20, f = -1039.636193362638
Optimization restart 20/20, f = -1038.6631330379103
pypal at iteration 121.         25 Pareto optimal points,         2609 discarded points,         491 unclassified points.
Hypervolume 1486.7863246394975
pypal at iteration 122.         25 Pareto optimal points,         2610 discarded points,         490 unclassified points.
Hypervolume 1486.7863246394975
pypal at iteration 123.         25 Pareto optimal points,         2611 discarded points,         489 unclassified points.
Hypervolume 1486.7863246394975
pypal at iteration 124.         25 Pareto optimal points,         2613 discarded points,         487 unclassified points.
Hypervolume 1486.7863246394975
pypal at iteration 125.         25 Pareto optimal points,         2614 discarded points,         486 unclassified points.
Hypervolume 1486.7863246394975
pypal at iteration 126.         25 Pareto optimal points,         2615 discarded points,         485 unclassified points.
Hypervolume 1486.7863246394975
pypal at iteration 127.         25 Pareto optimal points,         2616 discarded points,         484 unclassified points.
Hypervolume 1486.7863246394975
pypal at iteration 128.         25 Pareto optimal points,         2617 discarded points,         483 unclassified points.
Hypervolume 1486.7863246394975
pypal at iteration 129.         25 Pareto optimal points,         2618 discarded points,         482 unclassified points.
Hypervolume 1486.7863246394975
pypal at iteration 130.         25 Pareto optimal points,         2619 discarded points,         481 unclassified points.
Hypervolume 1486.7863246394975
Optimization restart 1/20, f = -1096.2658964271636
Optimization restart 2/20, f = -1090.8737902702637
Optimization restart 3/20, f = -1092.7476322049313
Optimization restart 4/20, f = -965.5499553022922
Optimization restart 5/20, f = -1093.9464321255327
Optimization restart 6/20, f = -1083.342786884671
Optimization restart 7/20, f = -1091.2586662803162
Optimization restart 8/20, f = -1091.6915745892475
Optimization restart 9/20, f = -1070.3676888836012
Optimization restart 10/20, f = -942.758510245777
Optimization restart 11/20, f = -1058.419929720283
Optimization restart 12/20, f = -1087.250171912803
Optimization restart 13/20, f = -1089.8064774286895
Optimization restart 14/20, f = -1091.3796960326738
Optimization restart 15/20, f = -1089.9920552108254
Optimization restart 16/20, f = -1088.227138122867
Optimization restart 17/20, f = -1083.7307096820432
Optimization restart 18/20, f = -1093.7820851411602
Optimization restart 19/20, f = -1085.8489987935989
Optimization restart 20/20, f = -1079.5490792756189
pypal at iteration 131.         25 Pareto optimal points,         2620 discarded points,         480 unclassified points.
Hypervolume 1486.7863246394975
pypal at iteration 132.         25 Pareto optimal points,         2621 discarded points,         479 unclassified points.
Hypervolume 1486.7863246394975
pypal at iteration 133.         25 Pareto optimal points,         2622 discarded points,         478 unclassified points.
Hypervolume 1486.7863246394975
pypal at iteration 134.         25 Pareto optimal points,         2623 discarded points,         477 unclassified points.
Hypervolume 1486.7863246394975
pypal at iteration 135.         25 Pareto optimal points,         2624 discarded points,         476 unclassified points.
Hypervolume 1486.7863246394975
pypal at iteration 136.         25 Pareto optimal points,         2625 discarded points,         475 unclassified points.
Hypervolume 1486.7863246394975
pypal at iteration 137.         25 Pareto optimal points,         2626 discarded points,         474 unclassified points.
Hypervolume 1486.7863246394975
pypal at iteration 138.         25 Pareto optimal points,         2627 discarded points,         473 unclassified points.
Hypervolume 1486.7863246394975
pypal at iteration 139.         25 Pareto optimal points,         2628 discarded points,         472 unclassified points.
Hypervolume 1486.7863246394975
pypal at iteration 140.         25 Pareto optimal points,         2629 discarded points,         471 unclassified points.
Hypervolume 1486.7863246394975
Optimization restart 1/20, f = -1156.3024713911914
Optimization restart 2/20, f = -1150.4153871510641
Optimization restart 3/20, f = -1145.5062511579126
Optimization restart 4/20, f = -1142.8155532842259
Optimization restart 5/20, f = -1145.184464769798
Optimization restart 6/20, f = -1150.1447689954534
Optimization restart 7/20, f = -1115.3042724448635
Optimization restart 8/20, f = -1138.6815566933803
Optimization restart 9/20, f = -1150.9676355493325
Optimization restart 10/20, f = -1154.3184457964667
Optimization restart 11/20, f = -1152.3304387569829
Optimization restart 12/20, f = -1135.2112070607795
Optimization restart 13/20, f = -1151.790332348949
Optimization restart 14/20, f = -1145.0057473363884
Optimization restart 15/20, f = -1024.1272750278445
Optimization restart 16/20, f = -1146.327841222331
Optimization restart 17/20, f = -1145.001639673278
Optimization restart 18/20, f = -1153.1338441930768
Optimization restart 19/20, f = -1147.8475072732092
Optimization restart 20/20, f = -1152.5510811001132
pypal at iteration 141.         25 Pareto optimal points,         2630 discarded points,         470 unclassified points.
Hypervolume 1486.7863246394975
pypal at iteration 142.         25 Pareto optimal points,         2631 discarded points,         469 unclassified points.
Hypervolume 1486.7863246394975
pypal at iteration 143.         26 Pareto optimal points,         2752 discarded points,         347 unclassified points.
Hypervolume 1490.3620293024842
pypal at iteration 144.         26 Pareto optimal points,         2753 discarded points,         346 unclassified points.
Hypervolume 1490.3620293024842
pypal at iteration 145.         26 Pareto optimal points,         2755 discarded points,         344 unclassified points.
Hypervolume 1490.3620293024842
pypal at iteration 146.         26 Pareto optimal points,         2756 discarded points,         343 unclassified points.
Hypervolume 1490.3620293024842
pypal at iteration 147.         26 Pareto optimal points,         2757 discarded points,         342 unclassified points.
Hypervolume 1490.3620293024842
pypal at iteration 148.         26 Pareto optimal points,         2758 discarded points,         341 unclassified points.
Hypervolume 1490.3620293024842
pypal at iteration 149.         26 Pareto optimal points,         2759 discarded points,         340 unclassified points.
Hypervolume 1490.3620293024842
pypal at iteration 150.         26 Pareto optimal points,         2760 discarded points,         339 unclassified points.
Hypervolume 1490.3620293024842
Optimization restart 1/20, f = -1209.9705455693393
Optimization restart 2/20, f = -1201.692030492853
Optimization restart 3/20, f = -1194.246003106817
Optimization restart 4/20, f = -1200.2103863406096
Optimization restart 5/20, f = -1194.403529674912
Optimization restart 6/20, f = -1196.20355905076
Optimization restart 7/20, f = -1201.2181507406272
Optimization restart 8/20, f = -1203.6352335114295
Optimization restart 9/20, f = -1184.77731015746
Optimization restart 10/20, f = -1202.2454681011664
Optimization restart 11/20, f = -1201.3762991557846
Optimization restart 12/20, f = -1206.956439926908
Optimization restart 13/20, f = -966.7388294746445
Optimization restart 14/20, f = -1205.9398147846498
Optimization restart 15/20, f = -1207.477054393943
Optimization restart 16/20, f = -1206.7930427441852
Optimization restart 17/20, f = -1203.9854123076966
Optimization restart 18/20, f = -1203.757032264511
Optimization restart 19/20, f = -1206.98947897971
Optimization restart 20/20, f = -1206.8292400255966
pypal at iteration 151.         26 Pareto optimal points,         2761 discarded points,         338 unclassified points.
Hypervolume 1490.3620293024842
pypal at iteration 152.         26 Pareto optimal points,         2762 discarded points,         337 unclassified points.
Hypervolume 1490.3620293024842
pypal at iteration 153.         26 Pareto optimal points,         2763 discarded points,         336 unclassified points.
Hypervolume 1490.3620293024842
pypal at iteration 154.         26 Pareto optimal points,         2764 discarded points,         335 unclassified points.
Hypervolume 1490.3620293024842
pypal at iteration 155.         26 Pareto optimal points,         2765 discarded points,         334 unclassified points.
Hypervolume 1490.3620293024842
pypal at iteration 156.         26 Pareto optimal points,         2766 discarded points,         333 unclassified points.
Hypervolume 1490.3620293024842
pypal at iteration 157.         26 Pareto optimal points,         2767 discarded points,         332 unclassified points.
Hypervolume 1490.3620293024842
pypal at iteration 158.         26 Pareto optimal points,         2768 discarded points,         331 unclassified points.
Hypervolume 1490.3620293024842
pypal at iteration 159.         26 Pareto optimal points,         2769 discarded points,         330 unclassified points.
Hypervolume 1490.3620293024842
pypal at iteration 160.         26 Pareto optimal points,         2770 discarded points,         329 unclassified points.
Hypervolume 1490.3620293024842
Optimization restart 1/20, f = -1267.153460394259
Optimization restart 2/20, f = -1261.3917178836525
Optimization restart 3/20, f = -1248.6610637980664
Optimization restart 4/20, f = -1261.4508309398493
Optimization restart 5/20, f = -1220.1919317603217
Optimization restart 6/20, f = -1262.643426530085
Optimization restart 7/20, f = -1258.1140579349587
Optimization restart 8/20, f = -1245.84330864133
Optimization restart 9/20, f = -1259.2018269185412
Optimization restart 10/20, f = -1261.9990952311164
Optimization restart 11/20, f = -1248.2535447031912
Optimization restart 12/20, f = -1259.9395686993194
Optimization restart 13/20, f = -1264.187215998709
Optimization restart 14/20, f = -1261.8676933883357
Optimization restart 15/20, f = -1257.452456922252
Optimization restart 16/20, f = -1259.9181109187539
Optimization restart 17/20, f = -1262.8438129577748
Optimization restart 18/20, f = -1260.4558059786418
Optimization restart 19/20, f = -1262.3987425082971
Optimization restart 20/20, f = -1261.4469514122916
pypal at iteration 161.         26 Pareto optimal points,         2771 discarded points,         328 unclassified points.
Hypervolume 1490.3620293024842
pypal at iteration 162.         26 Pareto optimal points,         2772 discarded points,         327 unclassified points.
Hypervolume 1490.3620293024842
pypal at iteration 163.         26 Pareto optimal points,         2773 discarded points,         326 unclassified points.
Hypervolume 1490.3620293024842
pypal at iteration 164.         26 Pareto optimal points,         2774 discarded points,         325 unclassified points.
Hypervolume 1490.3620293024842
pypal at iteration 165.         26 Pareto optimal points,         2775 discarded points,         324 unclassified points.
Hypervolume 1490.3620293024842
pypal at iteration 166.         26 Pareto optimal points,         2776 discarded points,         323 unclassified points.
Hypervolume 1490.3620293024842
pypal at iteration 167.         26 Pareto optimal points,         2777 discarded points,         322 unclassified points.
Hypervolume 1490.3620293024842
pypal at iteration 168.         26 Pareto optimal points,         2778 discarded points,         321 unclassified points.
Hypervolume 1490.3620293024842
pypal at iteration 169.         26 Pareto optimal points,         2779 discarded points,         320 unclassified points.
Hypervolume 1490.3620293024842
pypal at iteration 170.         26 Pareto optimal points,         2780 discarded points,         319 unclassified points.
Hypervolume 1490.3620293024842
Optimization restart 1/20, f = -1320.4912456894049
Optimization restart 2/20, f = -1299.349238585461
Optimization restart 3/20, f = -1295.4277356215996
Optimization restart 4/20, f = -1313.4751533268238
Optimization restart 5/20, f = -1312.4965655349083
Optimization restart 6/20, f = -1284.185014311783
Optimization restart 7/20, f = -1308.5903529642615
Optimization restart 8/20, f = -1311.9696709335062
Optimization restart 9/20, f = -1316.3559244211292
Optimization restart 10/20, f = -1315.343063206678
Optimization restart 11/20, f = -1312.9791101428227
Optimization restart 12/20, f = -1287.4835192135388
Optimization restart 13/20, f = -1310.7432538230153
Optimization restart 14/20, f = -1313.281726667431
Optimization restart 15/20, f = -1300.1978219232938
Optimization restart 16/20, f = -1318.8919012036606
Optimization restart 17/20, f = -1311.7387299069
Optimization restart 18/20, f = -1314.5061968163466
Optimization restart 19/20, f = -1300.1369021459877
Optimization restart 20/20, f = -1317.2174856653064
pypal at iteration 171.         26 Pareto optimal points,         2781 discarded points,         318 unclassified points.
Hypervolume 1490.3620293024842
pypal at iteration 172.         26 Pareto optimal points,         2782 discarded points,         317 unclassified points.
Hypervolume 1490.3620293024842
pypal at iteration 173.         26 Pareto optimal points,         2783 discarded points,         316 unclassified points.
Hypervolume 1490.3620293024842
pypal at iteration 174.         26 Pareto optimal points,         2784 discarded points,         315 unclassified points.
Hypervolume 1490.3620293024842
pypal at iteration 175.         26 Pareto optimal points,         2785 discarded points,         314 unclassified points.
Hypervolume 1490.3620293024842
pypal at iteration 176.         26 Pareto optimal points,         2786 discarded points,         313 unclassified points.
Hypervolume 1490.3620293024842
pypal at iteration 177.         26 Pareto optimal points,         2787 discarded points,         312 unclassified points.
Hypervolume 1490.3620293024842
pypal at iteration 178.         26 Pareto optimal points,         2788 discarded points,         311 unclassified points.
Hypervolume 1490.3620293024842
pypal at iteration 179.         26 Pareto optimal points,         2789 discarded points,         310 unclassified points.
Hypervolume 1490.3620293024842
pypal at iteration 180.         26 Pareto optimal points,         2790 discarded points,         309 unclassified points.
Hypervolume 1490.3620293024842
Optimization restart 1/20, f = -1377.5519229500028
Optimization restart 2/20, f = -1375.0529157946762
Optimization restart 3/20, f = -1363.7349671492707
Optimization restart 4/20, f = -1356.5718530727997
Optimization restart 5/20, f = -1374.9141765678332
Optimization restart 6/20, f = -1364.7155916237384
Optimization restart 7/20, f = -1367.9729570851664
Optimization restart 8/20, f = -1367.7495663899733
Optimization restart 9/20, f = -1364.4858125988405
Optimization restart 10/20, f = -1368.65403534499
Optimization restart 11/20, f = -1371.2959058330189
Optimization restart 12/20, f = -1371.7429458909842
Optimization restart 13/20, f = -1373.9501306910283
Optimization restart 14/20, f = -1283.4291852738866
Optimization restart 15/20, f = -1374.3459569779748
Optimization restart 16/20, f = -1372.9207093430168
Optimization restart 17/20, f = -1374.873194609573
Optimization restart 18/20, f = -1372.394004797754
Optimization restart 19/20, f = -1373.8763177869746
Optimization restart 20/20, f = -1377.2438677735822
pypal at iteration 181.         26 Pareto optimal points,         2791 discarded points,         308 unclassified points.
Hypervolume 1490.3620293024842
pypal at iteration 182.         26 Pareto optimal points,         2792 discarded points,         307 unclassified points.
Hypervolume 1490.3620293024842
pypal at iteration 183.         26 Pareto optimal points,         2793 discarded points,         306 unclassified points.
Hypervolume 1490.3620293024842
pypal at iteration 184.         26 Pareto optimal points,         2794 discarded points,         305 unclassified points.
Hypervolume 1490.3620293024842
pypal at iteration 185.         26 Pareto optimal points,         2795 discarded points,         304 unclassified points.
Hypervolume 1490.3620293024842
pypal at iteration 186.         26 Pareto optimal points,         2796 discarded points,         303 unclassified points.
Hypervolume 1490.3620293024842
pypal at iteration 187.         26 Pareto optimal points,         2797 discarded points,         302 unclassified points.
Hypervolume 1490.3620293024842
pypal at iteration 188.         26 Pareto optimal points,         2798 discarded points,         301 unclassified points.
Hypervolume 1490.3620293024842
pypal at iteration 189.         26 Pareto optimal points,         2799 discarded points,         300 unclassified points.
Hypervolume 1490.3620293024842
pypal at iteration 190.         26 Pareto optimal points,         2800 discarded points,         299 unclassified points.
Hypervolume 1490.3620293024842
Optimization restart 1/20, f = -1435.3978339667601
Optimization restart 2/20, f = -1430.0462799805557
Optimization restart 3/20, f = -1422.024767442991
Optimization restart 4/20, f = -1426.3767323108118
Optimization restart 5/20, f = -1431.8417098976693
Optimization restart 6/20, f = -1415.512191120941
Optimization restart 7/20, f = -1426.070678418386
Optimization restart 8/20, f = -1430.923937864244
Optimization restart 9/20, f = -1423.1586413483433
Optimization restart 10/20, f = -1428.6852302692587
Optimization restart 11/20, f = -1429.720640449206
Optimization restart 12/20, f = -1429.3154499409172
Optimization restart 13/20, f = -1432.6253925793828
Optimization restart 14/20, f = -1431.5005541604808
Optimization restart 15/20, f = -1420.079972962986
Optimization restart 16/20, f = -1426.9901939413076
Optimization restart 17/20, f = -1426.9284817288449
Optimization restart 18/20, f = -1421.1498335474785
Optimization restart 19/20, f = -1432.4283108004715
Optimization restart 20/20, f = -1401.3200430274042
pypal at iteration 191.         26 Pareto optimal points,         2801 discarded points,         298 unclassified points.
Hypervolume 1490.3620293024842
pypal at iteration 192.         26 Pareto optimal points,         2802 discarded points,         297 unclassified points.
Hypervolume 1490.3620293024842
pypal at iteration 193.         26 Pareto optimal points,         2803 discarded points,         296 unclassified points.
Hypervolume 1490.3620293024842
pypal at iteration 194.         26 Pareto optimal points,         2804 discarded points,         295 unclassified points.
Hypervolume 1490.3620293024842
pypal at iteration 195.         26 Pareto optimal points,         2805 discarded points,         294 unclassified points.
Hypervolume 1490.3620293024842
pypal at iteration 196.         26 Pareto optimal points,         2806 discarded points,         293 unclassified points.
Hypervolume 1490.3620293024842
pypal at iteration 197.         26 Pareto optimal points,         2807 discarded points,         292 unclassified points.
Hypervolume 1490.3620293024842
pypal at iteration 198.         26 Pareto optimal points,         2808 discarded points,         291 unclassified points.
Hypervolume 1490.3620293024842
pypal at iteration 199.         26 Pareto optimal points,         2809 discarded points,         290 unclassified points.
Hypervolume 1490.3620293024842
pypal at iteration 200.         26 Pareto optimal points,         2810 discarded points,         289 unclassified points.
Hypervolume 1490.3620293024842
Optimization restart 1/20, f = -1492.5695303343919
Optimization restart 2/20, f = -1484.6893544847965
Optimization restart 3/20, f = -1479.315515604667
Optimization restart 4/20, f = -1488.3184494456646
Optimization restart 5/20, f = -1489.083509558941
Optimization restart 6/20, f = -1485.5379957535627
Optimization restart 7/20, f = -1476.0811236337931
Optimization restart 8/20, f = -1487.8010707455314
Optimization restart 9/20, f = -1471.8973877939125
Optimization restart 10/20, f = -1475.4891115814141
Optimization restart 11/20, f = -1488.3408442999284
Optimization restart 12/20, f = -1487.7372993395063
Optimization restart 13/20, f = -1483.360205830108
Optimization restart 14/20, f = -1487.0010220111035
Optimization restart 15/20, f = -1480.022948616071
Optimization restart 16/20, f = -1482.7513121836555
Optimization restart 17/20, f = -1465.0508682404406
Optimization restart 18/20, f = -1482.87660277997
Optimization restart 19/20, f = -1463.566107819703
Optimization restart 20/20, f = -1484.892162730965
pypal at iteration 201.         26 Pareto optimal points,         2811 discarded points,         288 unclassified points.
Hypervolume 1490.3620293024842
pypal at iteration 202.         26 Pareto optimal points,         2812 discarded points,         287 unclassified points.
Hypervolume 1490.3620293024842
pypal at iteration 203.         26 Pareto optimal points,         2813 discarded points,         286 unclassified points.
Hypervolume 1490.3620293024842
pypal at iteration 204.         26 Pareto optimal points,         2814 discarded points,         285 unclassified points.
Hypervolume 1490.3620293024842
pypal at iteration 205.         26 Pareto optimal points,         2815 discarded points,         284 unclassified points.
Hypervolume 1490.3620293024842
pypal at iteration 206.         26 Pareto optimal points,         2816 discarded points,         283 unclassified points.
Hypervolume 1490.3620293024842
pypal at iteration 207.         26 Pareto optimal points,         2817 discarded points,         282 unclassified points.
Hypervolume 1490.3620293024842
pypal at iteration 208.         26 Pareto optimal points,         2818 discarded points,         281 unclassified points.
Hypervolume 1490.3620293024842
pypal at iteration 209.         26 Pareto optimal points,         2819 discarded points,         280 unclassified points.
Hypervolume 1490.3620293024842
pypal at iteration 210.         26 Pareto optimal points,         2820 discarded points,         279 unclassified points.
Hypervolume 1490.3620293024842
Optimization restart 1/20, f = -1544.945752691105
Optimization restart 2/20, f = -1489.8350654617575
Optimization restart 3/20, f = -1495.57782424304
Optimization restart 4/20, f = -1539.3204078015588
Optimization restart 5/20, f = -1531.1289524198687
Optimization restart 6/20, f = -983.4027654066902
Optimization restart 7/20, f = -1542.850778467517
Optimization restart 8/20, f = -1514.6273735539442
Optimization restart 9/20, f = -1530.5626897055822
Optimization restart 10/20, f = -1535.8131787827915
Optimization restart 11/20, f = -1540.4804638217888
Optimization restart 12/20, f = -1534.5976769322192
Optimization restart 13/20, f = -1540.6247014108942
Optimization restart 14/20, f = -1538.795018007367
Optimization restart 15/20, f = -1521.286063038867
Optimization restart 16/20, f = -1539.0890584884214
Optimization restart 17/20, f = -1537.3097733832278
Optimization restart 18/20, f = -1540.674503025292
Optimization restart 19/20, f = -1518.3943418807578
Optimization restart 20/20, f = -1533.797984517873
pypal at iteration 211.         26 Pareto optimal points,         2821 discarded points,         278 unclassified points.
Hypervolume 1490.3620293024842
pypal at iteration 212.         26 Pareto optimal points,         2823 discarded points,         276 unclassified points.
Hypervolume 1490.3620293024842
pypal at iteration 213.         26 Pareto optimal points,         2824 discarded points,         275 unclassified points.
Hypervolume 1490.3620293024842
pypal at iteration 214.         27 Pareto optimal points,         2858 discarded points,         240 unclassified points.
Hypervolume 1494.5142168950115
pypal at iteration 215.         27 Pareto optimal points,         2860 discarded points,         238 unclassified points.
Hypervolume 1494.5142168950115
pypal at iteration 216.         27 Pareto optimal points,         2861 discarded points,         237 unclassified points.
Hypervolume 1494.5142168950115
pypal at iteration 217.         27 Pareto optimal points,         2862 discarded points,         236 unclassified points.
Hypervolume 1494.5142168950115
pypal at iteration 218.         27 Pareto optimal points,         2863 discarded points,         235 unclassified points.
Hypervolume 1494.5142168950115
pypal at iteration 219.         27 Pareto optimal points,         2864 discarded points,         234 unclassified points.
Hypervolume 1494.5142168950115
pypal at iteration 220.         28 Pareto optimal points,         2892 discarded points,         205 unclassified points.
Hypervolume 1495.2145963818193
Optimization restart 1/20, f = -1595.3861449903359
Optimization restart 2/20, f = -1581.1820946849325
Optimization restart 3/20, f = -1546.4777749751863
Optimization restart 4/20, f = -1590.1135938511088
Optimization restart 5/20, f = -1580.9809780938197
Optimization restart 6/20, f = -1574.6867655703682
Optimization restart 7/20, f = -1591.14239889452
Optimization restart 8/20, f = -1428.5577027596062
Optimization restart 9/20, f = -1583.7571203654759
Optimization restart 10/20, f = -1580.7319984183018
Optimization restart 11/20, f = -1589.2861645511325
Optimization restart 12/20, f = -1578.5272935059713
Optimization restart 13/20, f = -1585.4855289843536
Optimization restart 14/20, f = -1497.0078265375587
Optimization restart 15/20, f = -1581.9347622721834
Optimization restart 16/20, f = -1587.8592316780184
Optimization restart 17/20, f = -1581.6183781932689
Optimization restart 18/20, f = -1589.5222954992478
Optimization restart 19/20, f = -1587.1609212745147
Optimization restart 20/20, f = -1591.5785196358509
pypal at iteration 221.         29 Pareto optimal points,         2892 discarded points,         204 unclassified points.
Hypervolume 1499.1574397008253
pypal at iteration 222.         29 Pareto optimal points,         2893 discarded points,         203 unclassified points.
Hypervolume 1499.1574397008253
pypal at iteration 223.         29 Pareto optimal points,         2894 discarded points,         202 unclassified points.
Hypervolume 1499.1574397008253
pypal at iteration 224.         29 Pareto optimal points,         2895 discarded points,         201 unclassified points.
Hypervolume 1499.1574397008253
pypal at iteration 225.         29 Pareto optimal points,         2896 discarded points,         200 unclassified points.
Hypervolume 1499.1574397008253
pypal at iteration 226.         29 Pareto optimal points,         2897 discarded points,         199 unclassified points.
Hypervolume 1499.1574397008253
pypal at iteration 227.         29 Pareto optimal points,         2898 discarded points,         198 unclassified points.
Hypervolume 1499.1574397008253
pypal at iteration 228.         29 Pareto optimal points,         2899 discarded points,         197 unclassified points.
Hypervolume 1499.1574397008253
pypal at iteration 229.         29 Pareto optimal points,         2900 discarded points,         196 unclassified points.
Hypervolume 1499.1574397008253
pypal at iteration 230.         29 Pareto optimal points,         2901 discarded points,         195 unclassified points.
Hypervolume 1499.1574397008253
Optimization restart 1/20, f = -1649.7622389674323
Optimization restart 2/20, f = -1359.5389195832383
Optimization restart 3/20, f = -1638.7370881964916
Optimization restart 4/20, f = -1602.9086323236852
Optimization restart 5/20, f = -1624.7737779568063
Optimization restart 6/20, f = -1643.7739897117242
Optimization restart 7/20, f = -1641.614354660159
Optimization restart 8/20, f = -1646.3398424744316
Optimization restart 9/20, f = -1645.4053248104906
Optimization restart 10/20, f = -1635.3606123421623
Optimization restart 11/20, f = -1644.233662300983
Optimization restart 12/20, f = -1629.7939214999312
Optimization restart 13/20, f = -1645.0476025529995
Optimization restart 14/20, f = -1624.4379807649268
Optimization restart 15/20, f = -1642.14916769701
Optimization restart 16/20, f = -1644.8465740022748
Optimization restart 17/20, f = -1641.4774888717652
Optimization restart 18/20, f = -1644.8130192771223
Optimization restart 19/20, f = -1609.7121398596641
Optimization restart 20/20, f = -1645.137937163328
pypal at iteration 231.         29 Pareto optimal points,         2902 discarded points,         194 unclassified points.
Hypervolume 1499.1574397008253
pypal at iteration 232.         29 Pareto optimal points,         2903 discarded points,         193 unclassified points.
Hypervolume 1499.1574397008253
pypal at iteration 233.         29 Pareto optimal points,         2904 discarded points,         192 unclassified points.
Hypervolume 1499.1574397008253
pypal at iteration 234.         29 Pareto optimal points,         2905 discarded points,         191 unclassified points.
Hypervolume 1499.1574397008253
pypal at iteration 235.         29 Pareto optimal points,         2906 discarded points,         190 unclassified points.
Hypervolume 1499.1574397008253
pypal at iteration 236.         29 Pareto optimal points,         2907 discarded points,         189 unclassified points.
Hypervolume 1499.1574397008253
pypal at iteration 237.         29 Pareto optimal points,         2908 discarded points,         188 unclassified points.
Hypervolume 1499.1574397008253
pypal at iteration 238.         29 Pareto optimal points,         2909 discarded points,         187 unclassified points.
Hypervolume 1499.1574397008253
pypal at iteration 239.         29 Pareto optimal points,         2910 discarded points,         186 unclassified points.
Hypervolume 1499.1574397008253
pypal at iteration 240.         29 Pareto optimal points,         2911 discarded points,         185 unclassified points.
Hypervolume 1499.1574397008253
Optimization restart 1/20, f = -1703.818934857581
Optimization restart 2/20, f = -1702.1117754602828
Optimization restart 3/20, f = -1695.6483307789467
Optimization restart 4/20, f = -1699.3599365880696
Optimization restart 5/20, f = -1697.3466046884055
Optimization restart 6/20, f = -1696.6924971181659
Optimization restart 7/20, f = -1694.2908857145317
Optimization restart 8/20, f = -1534.6321312347275
Optimization restart 9/20, f = -1696.5449646535778
Optimization restart 10/20, f = -1697.8222091088924
Optimization restart 11/20, f = -1698.492754225365
Optimization restart 12/20, f = -1698.9101176048348
Optimization restart 13/20, f = -1699.2006100648887
Optimization restart 14/20, f = -1700.0885123993776
Optimization restart 15/20, f = -1696.8299101782932
Optimization restart 16/20, f = -1695.366148597644
Optimization restart 17/20, f = -1693.531515481363
Optimization restart 18/20, f = -1699.509137060566
Optimization restart 19/20, f = -1698.8422107785877
Optimization restart 20/20, f = -1698.9684034314682
pypal at iteration 241.         29 Pareto optimal points,         2912 discarded points,         184 unclassified points.
Hypervolume 1499.1574397008253
pypal at iteration 242.         29 Pareto optimal points,         2913 discarded points,         183 unclassified points.
Hypervolume 1499.1574397008253
pypal at iteration 243.         29 Pareto optimal points,         2914 discarded points,         182 unclassified points.
Hypervolume 1499.1574397008253
pypal at iteration 244.         29 Pareto optimal points,         2915 discarded points,         181 unclassified points.
Hypervolume 1499.1574397008253
pypal at iteration 245.         29 Pareto optimal points,         2916 discarded points,         180 unclassified points.
Hypervolume 1499.1574397008253
pypal at iteration 246.         29 Pareto optimal points,         2917 discarded points,         179 unclassified points.
Hypervolume 1499.1574397008253
pypal at iteration 247.         29 Pareto optimal points,         2918 discarded points,         178 unclassified points.
Hypervolume 1499.1574397008253
pypal at iteration 248.         29 Pareto optimal points,         2919 discarded points,         177 unclassified points.
Hypervolume 1499.1574397008253
pypal at iteration 249.         29 Pareto optimal points,         2920 discarded points,         176 unclassified points.
Hypervolume 1499.1574397008253
pypal at iteration 250.         29 Pareto optimal points,         2921 discarded points,         175 unclassified points.
Hypervolume 1499.1574397008253
Optimization restart 1/20, f = -1752.7091890824568
Optimization restart 2/20, f = -1740.5284369440556
Optimization restart 3/20, f = -1741.8945334539856
Optimization restart 4/20, f = -1749.7632036431596
Optimization restart 5/20, f = -1695.8608178353754
Optimization restart 6/20, f = -1738.358310106391
Optimization restart 7/20, f = -1745.0638746870186
Optimization restart 8/20, f = -1727.7553543140195
Optimization restart 9/20, f = -1746.477630886649
Optimization restart 10/20, f = -1747.0570983874686
Optimization restart 11/20, f = -1747.2945171594906
Optimization restart 12/20, f = -1747.2261530977103
Optimization restart 13/20, f = -1745.4192679784242
Optimization restart 14/20, f = -1747.507574083818
Optimization restart 15/20, f = -1746.8554752116747
Optimization restart 16/20, f = -1664.3377932154146
Optimization restart 17/20, f = -1747.2367765552615
Optimization restart 18/20, f = -1736.8444896598812
Optimization restart 19/20, f = -1735.610742209657
Optimization restart 20/20, f = -1741.4026204350275
pypal at iteration 251.         29 Pareto optimal points,         2922 discarded points,         174 unclassified points.
Hypervolume 1499.1574397008253
pypal at iteration 252.         29 Pareto optimal points,         2923 discarded points,         173 unclassified points.
Hypervolume 1499.1574397008253
pypal at iteration 253.         29 Pareto optimal points,         2924 discarded points,         172 unclassified points.
Hypervolume 1499.1574397008253
pypal at iteration 254.         29 Pareto optimal points,         2925 discarded points,         171 unclassified points.
Hypervolume 1499.1574397008253
pypal at iteration 255.         29 Pareto optimal points,         2926 discarded points,         170 unclassified points.
Hypervolume 1499.1574397008253
pypal at iteration 256.         29 Pareto optimal points,         2927 discarded points,         169 unclassified points.
Hypervolume 1499.1574397008253
pypal at iteration 257.         29 Pareto optimal points,         2928 discarded points,         168 unclassified points.
Hypervolume 1499.1574397008253
pypal at iteration 258.         29 Pareto optimal points,         2929 discarded points,         167 unclassified points.
Hypervolume 1499.1574397008253
pypal at iteration 259.         29 Pareto optimal points,         2930 discarded points,         166 unclassified points.
Hypervolume 1499.1574397008253
pypal at iteration 260.         29 Pareto optimal points,         2931 discarded points,         165 unclassified points.
Hypervolume 1499.1574397008253
Optimization restart 1/20, f = -1807.01054629459
Optimization restart 2/20, f = -1801.0614925385216
Optimization restart 3/20, f = -1798.9085632587596
Optimization restart 4/20, f = -1799.973870913678
Optimization restart 5/20, f = -1794.2092314185838
Optimization restart 6/20, f = -1795.6129735570746
Optimization restart 7/20, f = -1802.8723665590942
Optimization restart 8/20, f = -1801.8453717224252
Optimization restart 9/20, f = -1803.425139052022
Optimization restart 10/20, f = -1800.4645362387992
Optimization restart 11/20, f = -1800.9428750284628
Optimization restart 12/20, f = -1798.5943648838265
Optimization restart 13/20, f = -1803.6285733552745
Optimization restart 14/20, f = -1798.152643048777
Optimization restart 15/20, f = -1802.2769985614568
Optimization restart 16/20, f = -1800.2940550517749
Optimization restart 17/20, f = -1796.8027582095579
Optimization restart 18/20, f = -1801.9596335511055
Optimization restart 19/20, f = -1802.2374685342631
Optimization restart 20/20, f = -1801.1265825944963
pypal at iteration 261.         29 Pareto optimal points,         2932 discarded points,         164 unclassified points.
Hypervolume 1499.1574397008253
pypal at iteration 262.         29 Pareto optimal points,         2933 discarded points,         163 unclassified points.
Hypervolume 1499.1574397008253
pypal at iteration 263.         29 Pareto optimal points,         2934 discarded points,         162 unclassified points.
Hypervolume 1499.1574397008253
pypal at iteration 264.         29 Pareto optimal points,         2935 discarded points,         161 unclassified points.
Hypervolume 1499.1574397008253
pypal at iteration 265.         29 Pareto optimal points,         2936 discarded points,         160 unclassified points.
Hypervolume 1499.1574397008253
pypal at iteration 266.         29 Pareto optimal points,         2937 discarded points,         159 unclassified points.
Hypervolume 1499.1574397008253
pypal at iteration 267.         30 Pareto optimal points,         3033 discarded points,         62 unclassified points.
Hypervolume 1512.2316466570076
pypal at iteration 268.         30 Pareto optimal points,         3034 discarded points,         61 unclassified points.
Hypervolume 1512.2316466570076
pypal at iteration 269.         30 Pareto optimal points,         3035 discarded points,         60 unclassified points.
Hypervolume 1512.2316466570076
pypal at iteration 270.         30 Pareto optimal points,         3037 discarded points,         58 unclassified points.
Hypervolume 1512.2316466570076
Optimization restart 1/20, f = -1845.1506830445328
Optimization restart 2/20, f = -1844.6868339107723
Optimization restart 3/20, f = -1838.8277037222144
Optimization restart 4/20, f = -1659.965509593474
Optimization restart 5/20, f = -1839.7096270048137
Optimization restart 6/20, f = -1837.6984675520005
Optimization restart 7/20, f = -1840.2333240983628
Optimization restart 8/20, f = -1839.1716729246546
Optimization restart 9/20, f = -1840.6832344030556
Optimization restart 10/20, f = -1666.4488761658547
Optimization restart 11/20, f = -1841.995564587415
Optimization restart 12/20, f = -1831.5522324064268
Optimization restart 13/20, f = -1837.338038302726
Optimization restart 14/20, f = -1683.4920398886811
Optimization restart 15/20, f = -1840.8563525943127
Optimization restart 16/20, f = -1827.609828811645
Optimization restart 17/20, f = -1838.1436804416562
Optimization restart 18/20, f = -1832.5109078295943
Optimization restart 19/20, f = -1839.0594410673168
Optimization restart 20/20, f = -1839.3615092580656
pypal at iteration 271.         30 Pareto optimal points,         3038 discarded points,         57 unclassified points.
Hypervolume 1512.2316466570076
pypal at iteration 272.         31 Pareto optimal points,         3081 discarded points,         13 unclassified points.
Hypervolume 1514.0125131988104
pypal at iteration 273.         31 Pareto optimal points,         3081 discarded points,         13 unclassified points.
Hypervolume 1514.0125131988104
pypal at iteration 274.         31 Pareto optimal points,         3082 discarded points,         12 unclassified points.
Hypervolume 1514.0125131988104
pypal at iteration 275.         31 Pareto optimal points,         3083 discarded points,         11 unclassified points.
Hypervolume 1514.0125131988104
pypal at iteration 276.         31 Pareto optimal points,         3084 discarded points,         10 unclassified points.
Hypervolume 1514.0125131988104
pypal at iteration 277.         31 Pareto optimal points,         3085 discarded points,         9 unclassified points.
Hypervolume 1514.0125131988104
pypal at iteration 278.         31 Pareto optimal points,         3086 discarded points,         8 unclassified points.
Hypervolume 1514.0125131988104
pypal at iteration 279.         31 Pareto optimal points,         3087 discarded points,         7 unclassified points.
Hypervolume 1514.0125131988104
pypal at iteration 280.         32 Pareto optimal points,         3089 discarded points,         4 unclassified points.
Hypervolume 1514.6369424550392
Optimization restart 1/20, f = -1893.1721333769947
Optimization restart 2/20, f = -1888.3617838890825
Optimization restart 3/20, f = -1888.2829959853216
Optimization restart 4/20, f = -1887.8189751874106
Optimization restart 5/20, f = -1887.848844923191
Optimization restart 6/20, f = -1317.3623558618647
Optimization restart 7/20, f = -1880.4479114512806
Optimization restart 8/20, f = -1877.1359547959955
Optimization restart 9/20, f = -1887.7461816719274
Optimization restart 10/20, f = -1880.9570144943768
Optimization restart 11/20, f = -1878.3528301922383
Optimization restart 12/20, f = -1879.0835216817377
Optimization restart 13/20, f = -1840.1442449498486
Optimization restart 14/20, f = -1887.7202505116143
Optimization restart 15/20, f = -1887.7159170661794
Optimization restart 16/20, f = -1887.4263663932552
Optimization restart 17/20, f = -1885.5090410887951
Optimization restart 18/20, f = -1851.5032327257986
Optimization restart 19/20, f = -1880.9195139341898
Optimization restart 20/20, f = -1706.3854120872043
pypal at iteration 281.         32 Pareto optimal points,         3091 discarded points,         2 unclassified points.
Hypervolume 1514.6369424550392
pypal at iteration 282.         32 Pareto optimal points,         3092 discarded points,         1 unclassified points.
Hypervolume 1514.6369424550392
Done. No unclassified point left
pypal at iteration 282.         32 Pareto optimal points,         3093 discarded points,         0 unclassified points.
Hypervolume 1514.6369424550392
