 /home/kjablonk/anaconda3/envs/dispersant_screener/lib/python3.7/site-packages/sklearn/utils/deprecation.py:143: FutureWarning:The sklearn.preprocessing.data module is  deprecated in version 0.22 and will be removed in version 0.24. The corresponding classes / functions should instead be imported from sklearn.preprocessing. Anything that cannot be imported from sklearn.preprocessing is now part of the private API.
 /home/kjablonk/programs/pypal/pypal/pal/validate_inputs.py:146: UserWarning:No goals provided,                 will assume that every dimension should be maximized
 /home/kjablonk/anaconda3/envs/dispersant_screener/lib/python3.7/site-packages/GPy/kern/src/stationary.py:166: RuntimeWarning:overflow encountered in true_divide
 /home/kjablonk/anaconda3/envs/dispersant_screener/lib/python3.7/site-packages/GPy/kern/src/stationary.py:137: RuntimeWarning:overflow encountered in square
 /home/kjablonk/anaconda3/envs/dispersant_screener/lib/python3.7/site-packages/GPy/kern/src/stationary.py:138: RuntimeWarning:invalid value encountered in add
 /home/kjablonk/anaconda3/envs/dispersant_screener/lib/python3.7/site-packages/GPy/kern/src/stationary.py:565: RuntimeWarning:invalid value encountered in multiply
 /home/kjablonk/anaconda3/envs/dispersant_screener/lib/python3.7/site-packages/GPy/kern/src/stationary.py:568: RuntimeWarning:invalid value encountered in subtract
 /home/kjablonk/anaconda3/envs/dispersant_screener/lib/python3.7/site-packages/paramz/transformations.py:111: RuntimeWarning:overflow encountered in expm1
 /home/kjablonk/anaconda3/envs/dispersant_screener/lib/python3.7/site-packages/GPy/kern/src/stationary.py:137: RuntimeWarning:overflow encountered in square
 /home/kjablonk/anaconda3/envs/dispersant_screener/lib/python3.7/site-packages/GPy/kern/src/stationary.py:138: RuntimeWarning:invalid value encountered in add
 /home/kjablonk/anaconda3/envs/dispersant_screener/lib/python3.7/site-packages/GPy/kern/src/stationary.py:565: RuntimeWarning:invalid value encountered in multiply
 /home/kjablonk/anaconda3/envs/dispersant_screener/lib/python3.7/site-packages/GPy/kern/src/stationary.py:568: RuntimeWarning:invalid value encountered in subtract
 /home/kjablonk/anaconda3/envs/dispersant_screener/lib/python3.7/site-packages/GPy/kern/src/stationary.py:166: RuntimeWarning:overflow encountered in true_divide
 /home/kjablonk/anaconda3/envs/dispersant_screener/lib/python3.7/site-packages/GPy/kern/src/stationary.py:243: RuntimeWarning:invalid value encountered in true_divide
 /home/kjablonk/anaconda3/envs/dispersant_screener/lib/python3.7/site-packages/numpy/core/_asarray.py:136: VisibleDeprecationWarning:Creating an ndarray from ragged nested sequences (which is a list-or-tuple of lists-or-tuples-or ndarrays with different lengths or shapes) is deprecated. If you meant to do this, you must specify 'dtype=object' when creating the ndarray
Maximum hypervolume 1536.0438526567837
STARTING PAL
Optimization restart 1/20, f = -219.0231122417857
Optimization restart 2/20, f = -229.4029618139303
Optimization restart 3/20, f = -229.59558573354894
Optimization restart 4/20, f = -219.02468086839121
Optimization restart 5/20, f = -219.6396850643937
Optimization restart 6/20, f = -229.51549018168942
Optimization restart 7/20, f = -229.73726643626082
Optimization restart 8/20, f = -226.56848036825014
Optimization restart 9/20, f = -204.92555722101042
Optimization restart 10/20, f = -229.13765576472866
Optimization restart 11/20, f = -229.72163284453302
Optimization restart 12/20, f = -229.28645115744928
Optimization restart 13/20, f = -229.78941522774136
Optimization restart 14/20, f = -229.88845846335215
Optimization restart 15/20, f = -229.67244064354537
Optimization restart 16/20, f = -229.59071490204366
Optimization restart 17/20, f = -213.12315948553444
Optimization restart 18/20, f = -228.52612022740902
Optimization restart 19/20, f = -215.15617904005865
Optimization restart 20/20, f = -188.9569756826657
pypal at iteration 1.         6 Pareto optimal points,         578 discarded points,         2541 unclassified points.
Hypervolume 854.3505352041
pypal at iteration 2.         33 Pareto optimal points,         692 discarded points,         2400 unclassified points.
Hypervolume 1395.500045219373
pypal at iteration 3.         39 Pareto optimal points,         708 discarded points,         2378 unclassified points.
Hypervolume 1479.5579373829144
pypal at iteration 4.         48 Pareto optimal points,         708 discarded points,         2369 unclassified points.
Hypervolume 1480.5558256817342
pypal at iteration 5.         48 Pareto optimal points,         708 discarded points,         2369 unclassified points.
Hypervolume 1480.5558256817342
pypal at iteration 6.         48 Pareto optimal points,         708 discarded points,         2369 unclassified points.
Hypervolume 1480.5558256817342
pypal at iteration 7.         48 Pareto optimal points,         708 discarded points,         2369 unclassified points.
Hypervolume 1480.5558256817342
pypal at iteration 8.         48 Pareto optimal points,         708 discarded points,         2369 unclassified points.
Hypervolume 1480.5558256817342
pypal at iteration 9.         48 Pareto optimal points,         708 discarded points,         2369 unclassified points.
Hypervolume 1480.5558256817342
pypal at iteration 10.         48 Pareto optimal points,         708 discarded points,         2369 unclassified points.
Hypervolume 1480.5558256817342
Optimization restart 1/20, f = -345.47700911302286
Optimization restart 2/20, f = -323.4653753232362
Optimization restart 3/20, f = -345.12405209591077
Optimization restart 4/20, f = -345.043149458612
Optimization restart 5/20, f = -344.9574849282109
Optimization restart 6/20, f = -345.12423285261093
Optimization restart 7/20, f = -343.5117134838919
Optimization restart 8/20, f = -344.6200736455404
Optimization restart 9/20, f = -345.6454219050935
Optimization restart 10/20, f = -319.70556804694246
Optimization restart 11/20, f = -307.33992189818093
Optimization restart 12/20, f = -345.34861400364167
Optimization restart 13/20, f = -342.2083123584091
Optimization restart 14/20, f = -338.9679145329795
Optimization restart 15/20, f = -345.10157640480156
Optimization restart 16/20, f = -344.2660269536425
Optimization restart 17/20, f = -344.9169769630249
Optimization restart 18/20, f = -345.0434066599191
Optimization restart 19/20, f = -340.8377138147048
Optimization restart 20/20, f = -344.75708320800345
pypal at iteration 11.         64 Pareto optimal points,         828 discarded points,         2233 unclassified points.
Hypervolume 1486.422398211537
pypal at iteration 12.         64 Pareto optimal points,         846 discarded points,         2215 unclassified points.
Hypervolume 1486.422398211537
pypal at iteration 13.         64 Pareto optimal points,         846 discarded points,         2215 unclassified points.
Hypervolume 1486.422398211537
pypal at iteration 14.         64 Pareto optimal points,         846 discarded points,         2215 unclassified points.
Hypervolume 1486.422398211537
pypal at iteration 15.         64 Pareto optimal points,         846 discarded points,         2215 unclassified points.
Hypervolume 1486.422398211537
pypal at iteration 16.         64 Pareto optimal points,         846 discarded points,         2215 unclassified points.
Hypervolume 1486.422398211537
pypal at iteration 17.         64 Pareto optimal points,         1192 discarded points,         1869 unclassified points.
Hypervolume 1486.422398211537
pypal at iteration 18.         64 Pareto optimal points,         1192 discarded points,         1869 unclassified points.
Hypervolume 1486.422398211537
pypal at iteration 19.         64 Pareto optimal points,         1192 discarded points,         1869 unclassified points.
Hypervolume 1486.422398211537
pypal at iteration 20.         64 Pareto optimal points,         1192 discarded points,         1869 unclassified points.
Hypervolume 1486.422398211537
Optimization restart 1/20, f = -425.62104778866416
Optimization restart 2/20, f = -425.2331912312019
Optimization restart 3/20, f = -424.39381215073956
Optimization restart 4/20, f = -412.6510662250976
Optimization restart 5/20, f = -384.3130127053562
Optimization restart 6/20, f = -424.99501699404624
Optimization restart 7/20, f = -394.11030008393703
Optimization restart 8/20, f = -425.0396569506366
Optimization restart 9/20, f = -417.2105592613384
Optimization restart 10/20, f = -399.91692366143127
Optimization restart 11/20, f = -422.5978346807978
Optimization restart 12/20, f = -425.30721380737873
Optimization restart 13/20, f = -365.16597317218157
Optimization restart 14/20, f = -424.26286552797916
Optimization restart 15/20, f = -425.41764972737695
Optimization restart 16/20, f = -417.134696803312
Optimization restart 17/20, f = -425.08483021466543
Optimization restart 18/20, f = -424.3428613779387
Optimization restart 19/20, f = -424.8592098713724
Optimization restart 20/20, f = -425.4367687162252
pypal at iteration 21.         64 Pareto optimal points,         1203 discarded points,         1858 unclassified points.
Hypervolume 1486.422398211537
pypal at iteration 22.         64 Pareto optimal points,         1203 discarded points,         1858 unclassified points.
Hypervolume 1486.422398211537
pypal at iteration 23.         64 Pareto optimal points,         1203 discarded points,         1858 unclassified points.
Hypervolume 1486.422398211537
pypal at iteration 24.         64 Pareto optimal points,         1221 discarded points,         1840 unclassified points.
Hypervolume 1486.422398211537
pypal at iteration 25.         68 Pareto optimal points,         1222 discarded points,         1835 unclassified points.
Hypervolume 1486.4223982115368
pypal at iteration 26.         73 Pareto optimal points,         1223 discarded points,         1829 unclassified points.
Hypervolume 1486.422398211537
pypal at iteration 27.         73 Pareto optimal points,         1224 discarded points,         1828 unclassified points.
Hypervolume 1486.422398211537
pypal at iteration 28.         73 Pareto optimal points,         1231 discarded points,         1821 unclassified points.
Hypervolume 1486.422398211537
pypal at iteration 29.         73 Pareto optimal points,         1244 discarded points,         1808 unclassified points.
Hypervolume 1486.422398211537
pypal at iteration 30.         73 Pareto optimal points,         1248 discarded points,         1804 unclassified points.
Hypervolume 1486.422398211537
Optimization restart 1/20, f = -476.7162390274733
Optimization restart 2/20, f = -479.4682124921821
Optimization restart 3/20, f = -477.228688865344
Optimization restart 4/20, f = -481.4850115530006
Optimization restart 5/20, f = -483.43869003339614
Optimization restart 6/20, f = -481.3160586125804
Optimization restart 7/20, f = -481.03227107248586
Optimization restart 8/20, f = -481.57208250109994
Optimization restart 9/20, f = -476.0636534454416
Optimization restart 10/20, f = -481.1169379231271
Optimization restart 11/20, f = -482.13241488062266
Optimization restart 12/20, f = -480.2157155028059
Optimization restart 13/20, f = -477.51326720590754
Optimization restart 14/20, f = -479.9520386350622
Optimization restart 15/20, f = -478.5060120715893
Optimization restart 16/20, f = -481.4168847147212
Optimization restart 17/20, f = -482.70096062786604
Optimization restart 18/20, f = -478.14192486161005
Optimization restart 19/20, f = -479.6919997946187
Optimization restart 20/20, f = -481.43808694744183
pypal at iteration 31.         75 Pareto optimal points,         1586 discarded points,         1464 unclassified points.
Hypervolume 1488.1840443724352
pypal at iteration 32.         75 Pareto optimal points,         1593 discarded points,         1457 unclassified points.
Hypervolume 1488.1840443724352
pypal at iteration 33.         75 Pareto optimal points,         1594 discarded points,         1456 unclassified points.
Hypervolume 1488.1840443724352
pypal at iteration 34.         75 Pareto optimal points,         1597 discarded points,         1453 unclassified points.
Hypervolume 1488.1840443724352
pypal at iteration 35.         75 Pareto optimal points,         1609 discarded points,         1441 unclassified points.
Hypervolume 1488.1840443724352
pypal at iteration 36.         75 Pareto optimal points,         1661 discarded points,         1389 unclassified points.
Hypervolume 1488.1840443724352
pypal at iteration 37.         75 Pareto optimal points,         1662 discarded points,         1388 unclassified points.
Hypervolume 1488.1840443724352
pypal at iteration 38.         75 Pareto optimal points,         1667 discarded points,         1383 unclassified points.
Hypervolume 1488.1840443724352
pypal at iteration 39.         75 Pareto optimal points,         1668 discarded points,         1382 unclassified points.
Hypervolume 1488.1840443724352
pypal at iteration 40.         75 Pareto optimal points,         1669 discarded points,         1381 unclassified points.
Hypervolume 1488.1840443724352
Optimization restart 1/20, f = -544.4987878235031
Optimization restart 2/20, f = -540.8592440448422
Optimization restart 3/20, f = -538.3496306545368
Optimization restart 4/20, f = -535.4233655095068
Optimization restart 5/20, f = -544.4401021778265
Optimization restart 6/20, f = -541.2996567180654
Optimization restart 7/20, f = -542.1388606754949
Optimization restart 8/20, f = -524.4202956397604
Optimization restart 9/20, f = -540.279643529967
Optimization restart 10/20, f = -544.2531955477879
Optimization restart 11/20, f = -542.9588603529767
Optimization restart 12/20, f = -533.2461960281655
Optimization restart 13/20, f = -539.9719446920116
Optimization restart 14/20, f = -537.3818308342236
Optimization restart 15/20, f = -513.9954231050049
Optimization restart 16/20, f = -533.5973025548503
Optimization restart 17/20, f = -541.4779833380228
Optimization restart 18/20, f = -542.0737563296527
Optimization restart 19/20, f = -543.9692521482225
Optimization restart 20/20, f = -540.907988090401
pypal at iteration 41.         75 Pareto optimal points,         1670 discarded points,         1380 unclassified points.
Hypervolume 1488.1840443724352
pypal at iteration 42.         75 Pareto optimal points,         1673 discarded points,         1377 unclassified points.
Hypervolume 1488.1840443724352
pypal at iteration 43.         75 Pareto optimal points,         1673 discarded points,         1377 unclassified points.
Hypervolume 1488.1840443724352
pypal at iteration 44.         75 Pareto optimal points,         1716 discarded points,         1334 unclassified points.
Hypervolume 1488.1840443724352
pypal at iteration 45.         75 Pareto optimal points,         1721 discarded points,         1329 unclassified points.
Hypervolume 1488.1840443724352
pypal at iteration 46.         75 Pareto optimal points,         1736 discarded points,         1314 unclassified points.
Hypervolume 1488.1840443724352
pypal at iteration 47.         75 Pareto optimal points,         1739 discarded points,         1311 unclassified points.
Hypervolume 1488.1840443724352
pypal at iteration 48.         75 Pareto optimal points,         1740 discarded points,         1310 unclassified points.
Hypervolume 1488.1840443724352
pypal at iteration 49.         75 Pareto optimal points,         1741 discarded points,         1309 unclassified points.
Hypervolume 1488.1840443724352
pypal at iteration 50.         75 Pareto optimal points,         1742 discarded points,         1308 unclassified points.
Hypervolume 1488.1840443724352
Optimization restart 1/20, f = -603.026990374879
Optimization restart 2/20, f = -594.8470672356134
Optimization restart 3/20, f = -595.2875544921214
Optimization restart 4/20, f = -601.7640785304313
Optimization restart 5/20, f = -598.01398140389
Optimization restart 6/20, f = -600.990100440717
Optimization restart 7/20, f = -600.543778433976
Optimization restart 8/20, f = -595.0140463221001
Optimization restart 9/20, f = -446.4184406930077
Optimization restart 10/20, f = -601.1860989052318
Optimization restart 11/20, f = -600.0570358374812
Optimization restart 12/20, f = -465.4328580730242
Optimization restart 13/20, f = -597.996819390102
Optimization restart 14/20, f = -587.880114922413
Optimization restart 15/20, f = -600.7181838246105
Optimization restart 16/20, f = -598.2736090404928
Optimization restart 17/20, f = -599.6310886122023
Optimization restart 18/20, f = -594.3245309395282
Optimization restart 19/20, f = -596.8880644870007
Optimization restart 20/20, f = -595.2652091613893
pypal at iteration 51.         80 Pareto optimal points,         1778 discarded points,         1267 unclassified points.
Hypervolume 1489.7401753187748
pypal at iteration 52.         81 Pareto optimal points,         1779 discarded points,         1265 unclassified points.
Hypervolume 1489.740175318775
pypal at iteration 53.         81 Pareto optimal points,         1780 discarded points,         1264 unclassified points.
Hypervolume 1489.740175318775
pypal at iteration 54.         81 Pareto optimal points,         1783 discarded points,         1261 unclassified points.
Hypervolume 1489.740175318775
pypal at iteration 55.         82 Pareto optimal points,         1784 discarded points,         1259 unclassified points.
Hypervolume 1489.7401753187748
pypal at iteration 56.         82 Pareto optimal points,         1803 discarded points,         1240 unclassified points.
Hypervolume 1489.7401753187748
pypal at iteration 57.         83 Pareto optimal points,         1805 discarded points,         1237 unclassified points.
Hypervolume 1492.727954888282
pypal at iteration 58.         83 Pareto optimal points,         1806 discarded points,         1236 unclassified points.
Hypervolume 1492.727954888282
pypal at iteration 59.         84 Pareto optimal points,         1809 discarded points,         1232 unclassified points.
Hypervolume 1492.727954888282
pypal at iteration 60.         84 Pareto optimal points,         1810 discarded points,         1231 unclassified points.
Hypervolume 1492.727954888282
Optimization restart 1/20, f = -657.0532858279578
Optimization restart 2/20, f = -652.1860400115636
Optimization restart 3/20, f = -651.895506505082
Optimization restart 4/20, f = -624.0089888877607
Optimization restart 5/20, f = -654.9998562549887
Optimization restart 6/20, f = -655.6503194064934
Optimization restart 7/20, f = -655.023646746262
Optimization restart 8/20, f = -650.3234192622745
Optimization restart 9/20, f = -650.0267412694835
Optimization restart 10/20, f = -655.2113340554909
Optimization restart 11/20, f = -653.6782793824777
Optimization restart 12/20, f = -536.0247550938527
Optimization restart 13/20, f = -657.2214274871922
Optimization restart 14/20, f = -647.6971416770189
Optimization restart 15/20, f = -656.5763185462755
Optimization restart 16/20, f = -654.9078380565478
Optimization restart 17/20, f = -653.0247006472184
Optimization restart 18/20, f = -655.3118293011544
Optimization restart 19/20, f = -654.8057038372369
Optimization restart 20/20, f = -654.4403503115058
pypal at iteration 61.         88 Pareto optimal points,         1818 discarded points,         1219 unclassified points.
Hypervolume 1492.727954888282
pypal at iteration 62.         88 Pareto optimal points,         1820 discarded points,         1217 unclassified points.
Hypervolume 1492.727954888282
pypal at iteration 63.         88 Pareto optimal points,         1821 discarded points,         1216 unclassified points.
Hypervolume 1492.727954888282
pypal at iteration 64.         88 Pareto optimal points,         1821 discarded points,         1216 unclassified points.
Hypervolume 1492.727954888282
pypal at iteration 65.         88 Pareto optimal points,         1822 discarded points,         1215 unclassified points.
Hypervolume 1492.727954888282
pypal at iteration 66.         88 Pareto optimal points,         1823 discarded points,         1214 unclassified points.
Hypervolume 1492.727954888282
pypal at iteration 67.         88 Pareto optimal points,         1824 discarded points,         1213 unclassified points.
Hypervolume 1492.727954888282
pypal at iteration 68.         88 Pareto optimal points,         1825 discarded points,         1212 unclassified points.
Hypervolume 1492.727954888282
pypal at iteration 69.         88 Pareto optimal points,         1826 discarded points,         1211 unclassified points.
Hypervolume 1492.727954888282
pypal at iteration 70.         88 Pareto optimal points,         1827 discarded points,         1210 unclassified points.
Hypervolume 1492.727954888282
Optimization restart 1/20, f = -719.9518157518479
Optimization restart 2/20, f = -718.8662362869518
Optimization restart 3/20, f = -718.5938140291266
Optimization restart 4/20, f = -711.9494816196848
Optimization restart 5/20, f = -710.49961277165
Optimization restart 6/20, f = -610.7271790144404
Optimization restart 7/20, f = -719.3145075126669
Optimization restart 8/20, f = -713.2130581544279
Optimization restart 9/20, f = -718.947591254914
Optimization restart 10/20, f = -709.5660571026797
Optimization restart 11/20, f = -714.1472152316517
Optimization restart 12/20, f = -715.2074389187526
Optimization restart 13/20, f = -714.6485062992458
Optimization restart 14/20, f = -713.8304954222062
Optimization restart 15/20, f = -707.8139594513916
Optimization restart 16/20, f = -718.32870509649
Optimization restart 17/20, f = -718.3711820852219
Optimization restart 18/20, f = -607.5793250279328
Optimization restart 19/20, f = -676.165605568606
Optimization restart 20/20, f = -718.9749739308843
pypal at iteration 71.         89 Pareto optimal points,         1832 discarded points,         1204 unclassified points.
Hypervolume 1492.7279548882823
pypal at iteration 72.         89 Pareto optimal points,         2010 discarded points,         1026 unclassified points.
Hypervolume 1492.7279548882823
pypal at iteration 73.         90 Pareto optimal points,         2754 discarded points,         281 unclassified points.
Hypervolume 1492.7279548882823
pypal at iteration 74.         90 Pareto optimal points,         2754 discarded points,         281 unclassified points.
Hypervolume 1492.7279548882823
pypal at iteration 75.         90 Pareto optimal points,         2755 discarded points,         280 unclassified points.
Hypervolume 1492.7279548882823
pypal at iteration 76.         90 Pareto optimal points,         2756 discarded points,         279 unclassified points.
Hypervolume 1492.7279548882823
pypal at iteration 77.         90 Pareto optimal points,         2757 discarded points,         278 unclassified points.
Hypervolume 1492.7279548882823
pypal at iteration 78.         90 Pareto optimal points,         2782 discarded points,         253 unclassified points.
Hypervolume 1492.7279548882823
pypal at iteration 79.         90 Pareto optimal points,         2782 discarded points,         253 unclassified points.
Hypervolume 1492.7279548882823
pypal at iteration 80.         90 Pareto optimal points,         2795 discarded points,         240 unclassified points.
Hypervolume 1492.7279548882823
Optimization restart 1/20, f = -777.3960109665178
Optimization restart 2/20, f = -744.9448506179367
Optimization restart 3/20, f = -773.1489053508686
Optimization restart 4/20, f = -774.4633083443762
Optimization restart 5/20, f = -772.2393350051445
Optimization restart 6/20, f = -771.0402868774536
Optimization restart 7/20, f = -774.6776144303848
Optimization restart 8/20, f = -658.7980028960889
Optimization restart 9/20, f = -776.1154928920107
Optimization restart 10/20, f = -770.8026528040406
Optimization restart 11/20, f = -663.8461853543736
Optimization restart 12/20, f = -777.5242415192755
Optimization restart 13/20, f = -776.0349892370782
Optimization restart 14/20, f = -770.7876661644556
Optimization restart 15/20, f = -776.3311281479699
Optimization restart 16/20, f = -775.1740455526226
Optimization restart 17/20, f = -770.0864674470135
Optimization restart 18/20, f = -771.4202115497283
Optimization restart 19/20, f = -776.1568720481812
Optimization restart 20/20, f = -776.1118330218126
pypal at iteration 81.         90 Pareto optimal points,         2795 discarded points,         240 unclassified points.
Hypervolume 1492.7279548882823
pypal at iteration 82.         90 Pareto optimal points,         2795 discarded points,         240 unclassified points.
Hypervolume 1492.7279548882823
pypal at iteration 83.         90 Pareto optimal points,         2795 discarded points,         240 unclassified points.
Hypervolume 1492.7279548882823
pypal at iteration 84.         90 Pareto optimal points,         2795 discarded points,         240 unclassified points.
Hypervolume 1492.7279548882823
pypal at iteration 85.         90 Pareto optimal points,         2795 discarded points,         240 unclassified points.
Hypervolume 1492.7279548882823
pypal at iteration 86.         90 Pareto optimal points,         2795 discarded points,         240 unclassified points.
Hypervolume 1492.7279548882823
pypal at iteration 87.         90 Pareto optimal points,         2795 discarded points,         240 unclassified points.
Hypervolume 1492.7279548882823
pypal at iteration 88.         90 Pareto optimal points,         2795 discarded points,         240 unclassified points.
Hypervolume 1492.7279548882823
pypal at iteration 89.         90 Pareto optimal points,         2795 discarded points,         240 unclassified points.
Hypervolume 1492.7279548882823
pypal at iteration 90.         90 Pareto optimal points,         2804 discarded points,         231 unclassified points.
Hypervolume 1492.7279548882823
Optimization restart 1/20, f = -839.5520419749301
Optimization restart 2/20, f = -837.905591489073
Optimization restart 3/20, f = -834.6935598988766
Optimization restart 4/20, f = -829.5239514573377
Optimization restart 5/20, f = -833.3270113362456
Optimization restart 6/20, f = -837.9288750283727
Optimization restart 7/20, f = -837.6961018110998
Optimization restart 8/20, f = -829.5905519189638
Optimization restart 9/20, f = -837.3448551923226
Optimization restart 10/20, f = -838.399975181436
Optimization restart 11/20, f = -838.1256821415335
Optimization restart 12/20, f = -837.8104402244251
Optimization restart 13/20, f = -831.5718471926634
Optimization restart 14/20, f = -831.6765745117905
Optimization restart 15/20, f = -838.2717837567797
Optimization restart 16/20, f = -836.1573457316156
Optimization restart 17/20, f = -716.2821609035097
Optimization restart 18/20, f = -832.913622660607
Optimization restart 19/20, f = -834.2340541546307
Optimization restart 20/20, f = -836.4614182261578
pypal at iteration 91.         90 Pareto optimal points,         2804 discarded points,         231 unclassified points.
Hypervolume 1492.7279548882823
pypal at iteration 92.         90 Pareto optimal points,         2806 discarded points,         229 unclassified points.
Hypervolume 1492.7279548882823
pypal at iteration 93.         90 Pareto optimal points,         2808 discarded points,         227 unclassified points.
Hypervolume 1492.7279548882823
pypal at iteration 94.         90 Pareto optimal points,         2808 discarded points,         227 unclassified points.
Hypervolume 1492.7279548882823
pypal at iteration 95.         90 Pareto optimal points,         2808 discarded points,         227 unclassified points.
Hypervolume 1492.7279548882823
pypal at iteration 96.         90 Pareto optimal points,         2828 discarded points,         207 unclassified points.
Hypervolume 1492.7279548882823
pypal at iteration 97.         90 Pareto optimal points,         2828 discarded points,         207 unclassified points.
Hypervolume 1492.7279548882823
pypal at iteration 98.         90 Pareto optimal points,         2828 discarded points,         207 unclassified points.
Hypervolume 1492.7279548882823
pypal at iteration 99.         90 Pareto optimal points,         2828 discarded points,         207 unclassified points.
Hypervolume 1492.7279548882823
pypal at iteration 100.         90 Pareto optimal points,         2828 discarded points,         207 unclassified points.
Hypervolume 1492.7279548882823
Optimization restart 1/20, f = -897.0977487257262
Optimization restart 2/20, f = -883.8689197102607
Optimization restart 3/20, f = -890.5082227262831
Optimization restart 4/20, f = -886.1499997800735
Optimization restart 5/20, f = -893.4642239369048
Optimization restart 6/20, f = -890.7247838379549
Optimization restart 7/20, f = -888.9790382508526
Optimization restart 8/20, f = -895.0673489034293
Optimization restart 9/20, f = -886.4159544019175
Optimization restart 10/20, f = -803.4362092016486
Optimization restart 11/20, f = -889.7055421243274
Optimization restart 12/20, f = -894.3539607746523
Optimization restart 13/20, f = -885.5258821939428
Optimization restart 14/20, f = -866.0955310962822
Optimization restart 15/20, f = -862.2932690604354
Optimization restart 16/20, f = -893.9681928205886
Optimization restart 17/20, f = -883.0922248077542
Optimization restart 18/20, f = -884.0060957123944
Optimization restart 19/20, f = -895.3371779174611
Optimization restart 20/20, f = -887.1084043836948
pypal at iteration 101.         90 Pareto optimal points,         2829 discarded points,         206 unclassified points.
Hypervolume 1492.7279548882823
pypal at iteration 102.         90 Pareto optimal points,         2832 discarded points,         203 unclassified points.
Hypervolume 1492.7279548882823
pypal at iteration 103.         90 Pareto optimal points,         2833 discarded points,         202 unclassified points.
Hypervolume 1492.7279548882823
pypal at iteration 104.         90 Pareto optimal points,         2834 discarded points,         201 unclassified points.
Hypervolume 1492.7279548882823
pypal at iteration 105.         90 Pareto optimal points,         2834 discarded points,         201 unclassified points.
Hypervolume 1492.7279548882823
pypal at iteration 106.         90 Pareto optimal points,         2902 discarded points,         133 unclassified points.
Hypervolume 1492.7279548882823
pypal at iteration 107.         90 Pareto optimal points,         2902 discarded points,         133 unclassified points.
Hypervolume 1492.7279548882823
pypal at iteration 108.         90 Pareto optimal points,         2902 discarded points,         133 unclassified points.
Hypervolume 1492.7279548882823
pypal at iteration 109.         90 Pareto optimal points,         2902 discarded points,         133 unclassified points.
Hypervolume 1492.7279548882823
pypal at iteration 110.         90 Pareto optimal points,         2902 discarded points,         133 unclassified points.
Hypervolume 1492.7279548882823
Optimization restart 1/20, f = -938.9881489925162
Optimization restart 2/20, f = -933.9588819870412
Optimization restart 3/20, f = -935.5240615523714
Optimization restart 4/20, f = -934.6833559345303
Optimization restart 5/20, f = -934.3298178120706
Optimization restart 6/20, f = -933.6708455430851
Optimization restart 7/20, f = -935.3180142617009
Optimization restart 8/20, f = -926.9848314506855
Optimization restart 9/20, f = -936.9184722482253
Optimization restart 10/20, f = -933.7448497964502
Optimization restart 11/20, f = -935.468376896765
Optimization restart 12/20, f = -927.6270076900589
Optimization restart 13/20, f = -930.5776101973826
Optimization restart 14/20, f = -928.7670547689545
Optimization restart 15/20, f = -936.8011785998299
Optimization restart 16/20, f = -936.2120106609377
Optimization restart 17/20, f = -932.5047375165556
Optimization restart 18/20, f = -932.9039129669987
Optimization restart 19/20, f = -931.4125622768825
Optimization restart 20/20, f = -935.8488323863648
pypal at iteration 111.         90 Pareto optimal points,         2902 discarded points,         133 unclassified points.
Hypervolume 1492.7279548882823
pypal at iteration 112.         90 Pareto optimal points,         2903 discarded points,         132 unclassified points.
Hypervolume 1492.7279548882823
pypal at iteration 113.         90 Pareto optimal points,         2903 discarded points,         132 unclassified points.
Hypervolume 1492.7279548882823
pypal at iteration 114.         90 Pareto optimal points,         2904 discarded points,         131 unclassified points.
Hypervolume 1492.7279548882823
pypal at iteration 115.         90 Pareto optimal points,         2905 discarded points,         130 unclassified points.
Hypervolume 1492.7279548882823
pypal at iteration 116.         90 Pareto optimal points,         2906 discarded points,         129 unclassified points.
Hypervolume 1492.7279548882823
pypal at iteration 117.         90 Pareto optimal points,         2907 discarded points,         128 unclassified points.
Hypervolume 1492.7279548882823
pypal at iteration 118.         90 Pareto optimal points,         2908 discarded points,         127 unclassified points.
Hypervolume 1492.7279548882823
pypal at iteration 119.         90 Pareto optimal points,         2908 discarded points,         127 unclassified points.
Hypervolume 1492.7279548882823
pypal at iteration 120.         90 Pareto optimal points,         2909 discarded points,         126 unclassified points.
Hypervolume 1492.7279548882823
Optimization restart 1/20, f = -992.0293878341579
Optimization restart 2/20, f = -989.5013777561899
Optimization restart 3/20, f = -981.3709947675003
Optimization restart 4/20, f = -943.4440603899156
Optimization restart 5/20, f = -984.7624931047952
Optimization restart 6/20, f = -988.7996419843262
Optimization restart 7/20, f = -984.4361526818846
Optimization restart 8/20, f = -985.3679979589385
Optimization restart 9/20, f = -989.9151021961698
Optimization restart 10/20, f = -989.9215807535357
Optimization restart 11/20, f = -988.0940446799295
Optimization restart 12/20, f = -979.2951373695589
Optimization restart 13/20, f = -921.8877858688684
Optimization restart 14/20, f = -985.7372597871631
Optimization restart 15/20, f = -980.8265261335894
Optimization restart 16/20, f = -982.4203576293206
Optimization restart 17/20, f = -989.7183440114833
Optimization restart 18/20, f = -989.2807247622832
Optimization restart 19/20, f = -985.7606412568311
Optimization restart 20/20, f = -979.86164420898
pypal at iteration 121.         90 Pareto optimal points,         2909 discarded points,         126 unclassified points.
Hypervolume 1492.7279548882823
pypal at iteration 122.         90 Pareto optimal points,         2910 discarded points,         125 unclassified points.
Hypervolume 1492.7279548882823
pypal at iteration 123.         90 Pareto optimal points,         2911 discarded points,         124 unclassified points.
Hypervolume 1492.7279548882823
pypal at iteration 124.         90 Pareto optimal points,         2912 discarded points,         123 unclassified points.
Hypervolume 1492.7279548882823
pypal at iteration 125.         90 Pareto optimal points,         2913 discarded points,         122 unclassified points.
Hypervolume 1492.7279548882823
pypal at iteration 126.         90 Pareto optimal points,         2914 discarded points,         121 unclassified points.
Hypervolume 1492.7279548882823
pypal at iteration 127.         90 Pareto optimal points,         2915 discarded points,         120 unclassified points.
Hypervolume 1492.7279548882823
pypal at iteration 128.         90 Pareto optimal points,         2916 discarded points,         119 unclassified points.
Hypervolume 1492.7279548882823
pypal at iteration 129.         90 Pareto optimal points,         2917 discarded points,         118 unclassified points.
Hypervolume 1492.7279548882823
pypal at iteration 130.         90 Pareto optimal points,         2918 discarded points,         117 unclassified points.
Hypervolume 1492.7279548882823
Optimization restart 1/20, f = -1051.570839069546
Optimization restart 2/20, f = -1048.3021377141065
Optimization restart 3/20, f = -1016.8613393932598
Optimization restart 4/20, f = -1047.0023678004982
Optimization restart 5/20, f = -1043.7518494835542
Optimization restart 6/20, f = -1044.3139839909059
Optimization restart 7/20, f = -1033.5363723071414
Optimization restart 8/20, f = -1043.922786616503
Optimization restart 9/20, f = -1045.2407077903706
Optimization restart 10/20, f = -1044.468866606734
Optimization restart 11/20, f = -1043.4966883562133
Optimization restart 12/20, f = -1045.0656165055284
Optimization restart 13/20, f = -1049.0855835612538
Optimization restart 14/20, f = -1023.416422346721
Optimization restart 15/20, f = -1038.2999050314768
Optimization restart 16/20, f = -1040.5361346078253
Optimization restart 17/20, f = -1045.680810744702
Optimization restart 18/20, f = -1043.74956808336
Optimization restart 19/20, f = -1039.2679279376107
Optimization restart 20/20, f = -1045.660589849602
pypal at iteration 131.         90 Pareto optimal points,         2919 discarded points,         116 unclassified points.
Hypervolume 1492.7279548882823
pypal at iteration 132.         90 Pareto optimal points,         2919 discarded points,         116 unclassified points.
Hypervolume 1492.7279548882823
pypal at iteration 133.         90 Pareto optimal points,         2920 discarded points,         115 unclassified points.
Hypervolume 1492.7279548882823
pypal at iteration 134.         90 Pareto optimal points,         2922 discarded points,         113 unclassified points.
Hypervolume 1492.7279548882823
pypal at iteration 135.         90 Pareto optimal points,         2923 discarded points,         112 unclassified points.
Hypervolume 1492.7279548882823
pypal at iteration 136.         90 Pareto optimal points,         2924 discarded points,         111 unclassified points.
Hypervolume 1492.7279548882823
pypal at iteration 137.         90 Pareto optimal points,         2925 discarded points,         110 unclassified points.
Hypervolume 1492.7279548882823
pypal at iteration 138.         90 Pareto optimal points,         2925 discarded points,         110 unclassified points.
Hypervolume 1492.7279548882823
pypal at iteration 139.         90 Pareto optimal points,         2926 discarded points,         109 unclassified points.
Hypervolume 1492.7279548882823
pypal at iteration 140.         90 Pareto optimal points,         2927 discarded points,         108 unclassified points.
Hypervolume 1492.7279548882823
Optimization restart 1/20, f = -1107.0799711313712
Optimization restart 2/20, f = -1105.1024224955563
Optimization restart 3/20, f = -1104.7700759826776
Optimization restart 4/20, f = -1101.212987163939
Optimization restart 5/20, f = -1098.170152708189
Optimization restart 6/20, f = -930.2645241417238
Optimization restart 7/20, f = -1096.2014256685861
Optimization restart 8/20, f = -1094.9567276499592
Optimization restart 9/20, f = -982.2026861650195
Optimization restart 10/20, f = -1101.76949197074
Optimization restart 11/20, f = -977.5948164946693
Optimization restart 12/20, f = -1097.553706278787
Optimization restart 13/20, f = -1092.4776443966946
Optimization restart 14/20, f = -1092.759132988995
Optimization restart 15/20, f = -1105.2755881297066
Optimization restart 16/20, f = -1100.24509889803
Optimization restart 17/20, f = -1103.8665171449104
Optimization restart 18/20, f = -1102.275715910043
Optimization restart 19/20, f = -1097.671903737919
Optimization restart 20/20, f = -1092.8527455328312
pypal at iteration 141.         90 Pareto optimal points,         2928 discarded points,         107 unclassified points.
Hypervolume 1492.7279548882823
pypal at iteration 142.         90 Pareto optimal points,         2928 discarded points,         107 unclassified points.
Hypervolume 1492.7279548882823
pypal at iteration 143.         90 Pareto optimal points,         2929 discarded points,         106 unclassified points.
Hypervolume 1492.7279548882823
pypal at iteration 144.         90 Pareto optimal points,         2930 discarded points,         105 unclassified points.
Hypervolume 1492.7279548882823
pypal at iteration 145.         90 Pareto optimal points,         2931 discarded points,         104 unclassified points.
Hypervolume 1492.7279548882823
pypal at iteration 146.         90 Pareto optimal points,         2932 discarded points,         103 unclassified points.
Hypervolume 1492.7279548882823
pypal at iteration 147.         90 Pareto optimal points,         2933 discarded points,         102 unclassified points.
Hypervolume 1492.7279548882823
pypal at iteration 148.         90 Pareto optimal points,         2933 discarded points,         102 unclassified points.
Hypervolume 1492.7279548882823
pypal at iteration 149.         90 Pareto optimal points,         2934 discarded points,         101 unclassified points.
Hypervolume 1492.7279548882823
pypal at iteration 150.         90 Pareto optimal points,         2934 discarded points,         101 unclassified points.
Hypervolume 1492.7279548882823
Optimization restart 1/20, f = -1161.566124233406
Optimization restart 2/20, f = -1154.067617488638
Optimization restart 3/20, f = -1151.6638972474184
Optimization restart 4/20, f = -1150.852931127507
Optimization restart 5/20, f = -1155.790862168284
Optimization restart 6/20, f = -1158.6306240119861
Optimization restart 7/20, f = -1142.5299265528351
Optimization restart 8/20, f = -1149.9800996229033
Optimization restart 9/20, f = -1153.2432925926971
Optimization restart 10/20, f = -1149.8690392958815
Optimization restart 11/20, f = -1149.4139107765984
Optimization restart 12/20, f = -1153.8667784231186
Optimization restart 13/20, f = -1146.3492468581537
Optimization restart 14/20, f = -1120.7773322035073
Optimization restart 15/20, f = -1141.6220979876073
Optimization restart 16/20, f = -1153.0576287714648
Optimization restart 17/20, f = -1158.3722667801576
Optimization restart 18/20, f = -1154.0435158527303
Optimization restart 19/20, f = -1158.9740770654662
Optimization restart 20/20, f = -1153.1355529593252
pypal at iteration 151.         90 Pareto optimal points,         2935 discarded points,         100 unclassified points.
Hypervolume 1492.7279548882823
pypal at iteration 152.         90 Pareto optimal points,         2936 discarded points,         99 unclassified points.
Hypervolume 1492.7279548882823
pypal at iteration 153.         90 Pareto optimal points,         2937 discarded points,         98 unclassified points.
Hypervolume 1492.7279548882823
pypal at iteration 154.         91 Pareto optimal points,         3030 discarded points,         4 unclassified points.
Hypervolume 1501.189834848167
pypal at iteration 155.         91 Pareto optimal points,         3030 discarded points,         4 unclassified points.
Hypervolume 1501.189834848167
pypal at iteration 156.         91 Pareto optimal points,         3031 discarded points,         3 unclassified points.
Hypervolume 1501.189834848167
pypal at iteration 157.         91 Pareto optimal points,         3032 discarded points,         2 unclassified points.
Hypervolume 1501.189834848167
pypal at iteration 158.         91 Pareto optimal points,         3033 discarded points,         1 unclassified points.
Hypervolume 1501.189834848167
pypal at iteration 159.         91 Pareto optimal points,         3033 discarded points,         1 unclassified points.
Hypervolume 1501.189834848167
pypal at iteration 160.         91 Pareto optimal points,         3033 discarded points,         1 unclassified points.
Hypervolume 1501.189834848167
Optimization restart 1/20, f = -1210.4568511493685
Optimization restart 2/20, f = -1208.1716257846572
Optimization restart 3/20, f = -1202.5622473791009
Optimization restart 4/20, f = -1208.6930905799632
Optimization restart 5/20, f = -1208.4767893028675
Optimization restart 6/20, f = -1199.516633031619
Optimization restart 7/20, f = -1198.9544114889618
Optimization restart 8/20, f = -1196.863309148151
Optimization restart 9/20, f = -1202.2506009253634
Optimization restart 10/20, f = -1206.9263934004694
Optimization restart 11/20, f = -1201.2474459486493
Optimization restart 12/20, f = -1190.0836339689747
Optimization restart 13/20, f = -1201.5348523266216
Optimization restart 14/20, f = -1206.5007833257794
Optimization restart 15/20, f = -1204.8680836236526
Optimization restart 16/20, f = -1206.2177452186206
Optimization restart 17/20, f = -1209.0893726005036
Optimization restart 18/20, f = -1203.1577213578832
Optimization restart 19/20, f = -1208.8709923268275
Optimization restart 20/20, f = -1208.149180907514
Done. No unclassified point left
pypal at iteration 160.         91 Pareto optimal points,         3034 discarded points,         0 unclassified points.
Hypervolume 1501.189834848167
