 /home/kjablonk/anaconda3/envs/dispersant_screener/lib/python3.7/site-packages/sklearn/utils/deprecation.py:143: FutureWarning:The sklearn.preprocessing.data module is  deprecated in version 0.22 and will be removed in version 0.24. The corresponding classes / functions should instead be imported from sklearn.preprocessing. Anything that cannot be imported from sklearn.preprocessing is now part of the private API.
 /home/kjablonk/programs/pypal/pypal/pal/validate_inputs.py:146: UserWarning:No goals provided,                 will assume that every dimension should be maximized
 /home/kjablonk/anaconda3/envs/dispersant_screener/lib/python3.7/site-packages/GPy/kern/src/stationary.py:166: RuntimeWarning:overflow encountered in true_divide
 /home/kjablonk/anaconda3/envs/dispersant_screener/lib/python3.7/site-packages/GPy/kern/src/stationary.py:137: RuntimeWarning:overflow encountered in square
 /home/kjablonk/anaconda3/envs/dispersant_screener/lib/python3.7/site-packages/GPy/kern/src/stationary.py:138: RuntimeWarning:invalid value encountered in add
 /home/kjablonk/anaconda3/envs/dispersant_screener/lib/python3.7/site-packages/GPy/kern/src/stationary.py:565: RuntimeWarning:invalid value encountered in multiply
 /home/kjablonk/anaconda3/envs/dispersant_screener/lib/python3.7/site-packages/GPy/kern/src/stationary.py:568: RuntimeWarning:invalid value encountered in subtract
 /home/kjablonk/anaconda3/envs/dispersant_screener/lib/python3.7/site-packages/paramz/transformations.py:111: RuntimeWarning:overflow encountered in expm1
 /home/kjablonk/anaconda3/envs/dispersant_screener/lib/python3.7/site-packages/GPy/kern/src/stationary.py:137: RuntimeWarning:overflow encountered in square
 /home/kjablonk/anaconda3/envs/dispersant_screener/lib/python3.7/site-packages/GPy/kern/src/stationary.py:138: RuntimeWarning:invalid value encountered in add
 /home/kjablonk/anaconda3/envs/dispersant_screener/lib/python3.7/site-packages/GPy/kern/src/stationary.py:565: RuntimeWarning:invalid value encountered in multiply
 /home/kjablonk/anaconda3/envs/dispersant_screener/lib/python3.7/site-packages/GPy/kern/src/stationary.py:568: RuntimeWarning:invalid value encountered in subtract
 /home/kjablonk/anaconda3/envs/dispersant_screener/lib/python3.7/site-packages/GPy/kern/src/stationary.py:166: RuntimeWarning:overflow encountered in true_divide
 /home/kjablonk/anaconda3/envs/dispersant_screener/lib/python3.7/site-packages/GPy/kern/src/stationary.py:243: RuntimeWarning:invalid value encountered in true_divide
 /home/kjablonk/anaconda3/envs/dispersant_screener/lib/python3.7/site-packages/GPy/kern/src/stationary.py:138: RuntimeWarning:overflow encountered in multiply
 /home/kjablonk/anaconda3/envs/dispersant_screener/lib/python3.7/site-packages/GPy/kern/src/stationary.py:138: RuntimeWarning:overflow encountered in add
 /home/kjablonk/anaconda3/envs/dispersant_screener/lib/python3.7/site-packages/GPy/kern/src/stationary.py:565: RuntimeWarning:overflow encountered in multiply
 /home/kjablonk/anaconda3/envs/dispersant_screener/lib/python3.7/site-packages/GPy/kern/src/stationary.py:568: RuntimeWarning:overflow encountered in multiply
 /home/kjablonk/anaconda3/envs/dispersant_screener/lib/python3.7/site-packages/GPy/kern/src/stationary.py:568: RuntimeWarning:invalid value encountered in multiply
Maximum hypervolume 1536.0438526567837
STARTING PAL
Optimization restart 1/20, f = -36.114010420612146
Optimization restart 2/20, f = -27.89121462823632
Optimization restart 3/20, f = 11.064674524590762
Optimization restart 4/20, f = -36.11940161243579
Optimization restart 5/20, f = -36.120944712907615
Optimization restart 6/20, f = -36.10429980430301
Optimization restart 7/20, f = -23.762355762370202
Optimization restart 8/20, f = -19.580223532349066
Optimization restart 9/20, f = -35.932297052553665
Optimization restart 10/20, f = -36.12754579074766
Optimization restart 11/20, f = -36.12088530525805
Optimization restart 12/20, f = -23.665812967607707
Optimization restart 13/20, f = -29.125638991625895
Optimization restart 14/20, f = -29.5418520947577
Optimization restart 15/20, f = -24.348290313854182
Optimization restart 16/20, f = -36.12084339798567
Optimization restart 17/20, f = -30.535231014835738
Optimization restart 18/20, f = -36.01572115533233
Optimization restart 19/20, f = -36.09893911783185
Optimization restart 20/20, f = -27.201898452500803
pypal at iteration 1.         0 Pareto optimal points,         5 discarded points,         3120 unclassified points.
Hypervolume 0
pypal at iteration 2.         0 Pareto optimal points,         7 discarded points,         3118 unclassified points.
Hypervolume 0
pypal at iteration 3.         0 Pareto optimal points,         8 discarded points,         3117 unclassified points.
Hypervolume 0
pypal at iteration 4.         0 Pareto optimal points,         9 discarded points,         3116 unclassified points.
Hypervolume 0
pypal at iteration 5.         0 Pareto optimal points,         9 discarded points,         3116 unclassified points.
Hypervolume 0
pypal at iteration 6.         0 Pareto optimal points,         9 discarded points,         3116 unclassified points.
Hypervolume 0
pypal at iteration 7.         0 Pareto optimal points,         10 discarded points,         3115 unclassified points.
Hypervolume 0
pypal at iteration 8.         0 Pareto optimal points,         11 discarded points,         3114 unclassified points.
Hypervolume 0
pypal at iteration 9.         0 Pareto optimal points,         12 discarded points,         3113 unclassified points.
Hypervolume 0
pypal at iteration 10.         0 Pareto optimal points,         13 discarded points,         3112 unclassified points.
Hypervolume 0
Optimization restart 1/20, f = -65.14672054685744
Optimization restart 2/20, f = -90.94539447507555
Optimization restart 3/20, f = -92.13061682575636
Optimization restart 4/20, f = -91.03194708093864
Optimization restart 5/20, f = -64.55935096376473
Optimization restart 6/20, f = -89.80087823411752
Optimization restart 7/20, f = -90.75744981766613
Optimization restart 8/20, f = -90.91693485008707
Optimization restart 9/20, f = -90.68523476845601
Optimization restart 10/20, f = -62.696171403437674
Optimization restart 11/20, f = -90.50723220420201
Optimization restart 12/20, f = -92.23558712874693
Optimization restart 13/20, f = -90.73475314634373
Optimization restart 14/20, f = -92.33456568144338
Optimization restart 15/20, f = -90.82861543207304
Optimization restart 16/20, f = -92.13267853159897
Optimization restart 17/20, f = -90.78800547815491
Optimization restart 18/20, f = -89.68726438410039
Optimization restart 19/20, f = -90.8561784514423
Optimization restart 20/20, f = -91.9906317369777
pypal at iteration 11.         0 Pareto optimal points,         50 discarded points,         3075 unclassified points.
Hypervolume 0
pypal at iteration 12.         0 Pareto optimal points,         52 discarded points,         3073 unclassified points.
Hypervolume 0
pypal at iteration 13.         0 Pareto optimal points,         52 discarded points,         3073 unclassified points.
Hypervolume 0
pypal at iteration 14.         0 Pareto optimal points,         54 discarded points,         3071 unclassified points.
Hypervolume 0
pypal at iteration 15.         0 Pareto optimal points,         55 discarded points,         3070 unclassified points.
Hypervolume 0
pypal at iteration 16.         0 Pareto optimal points,         56 discarded points,         3069 unclassified points.
Hypervolume 0
pypal at iteration 17.         0 Pareto optimal points,         83 discarded points,         3042 unclassified points.
Hypervolume 0
pypal at iteration 18.         0 Pareto optimal points,         95 discarded points,         3030 unclassified points.
Hypervolume 0
pypal at iteration 19.         0 Pareto optimal points,         95 discarded points,         3030 unclassified points.
Hypervolume 0
pypal at iteration 20.         1 Pareto optimal points,         96 discarded points,         3028 unclassified points.
Hypervolume 927.3899720373371
Optimization restart 1/20, f = -176.41984038127026
Optimization restart 2/20, f = -151.6037822510994
Optimization restart 3/20, f = -151.64879016135114
Optimization restart 4/20, f = -175.59718152807883
Optimization restart 5/20, f = -150.95387161107334
Optimization restart 6/20, f = -136.7115750743707
Optimization restart 7/20, f = -151.88234874061436
Optimization restart 8/20, f = -151.2126686431725
Optimization restart 9/20, f = -150.52967099450797
Optimization restart 10/20, f = -151.63086673433625
Optimization restart 11/20, f = -175.4316978772187
Optimization restart 12/20, f = -151.59606868304382
Optimization restart 13/20, f = -151.8254136778482
Optimization restart 14/20, f = -152.16024738241617
Optimization restart 15/20, f = -151.90834597203076
Optimization restart 16/20, f = -151.8545032654882
Optimization restart 17/20, f = -176.3286317188701
Optimization restart 18/20, f = -151.3634298210343
Optimization restart 19/20, f = -151.59627329174833
Optimization restart 20/20, f = -148.38981610899734
pypal at iteration 21.         1 Pareto optimal points,         262 discarded points,         2862 unclassified points.
Hypervolume 927.3899720373371
pypal at iteration 22.         1 Pareto optimal points,         264 discarded points,         2860 unclassified points.
Hypervolume 927.3899720373371
pypal at iteration 23.         1 Pareto optimal points,         265 discarded points,         2859 unclassified points.
Hypervolume 927.3899720373371
pypal at iteration 24.         1 Pareto optimal points,         267 discarded points,         2857 unclassified points.
Hypervolume 927.3899720373371
pypal at iteration 25.         2 Pareto optimal points,         272 discarded points,         2851 unclassified points.
Hypervolume 1052.1605212836823
pypal at iteration 26.         2 Pareto optimal points,         273 discarded points,         2850 unclassified points.
Hypervolume 1052.1605212836823
pypal at iteration 27.         2 Pareto optimal points,         274 discarded points,         2849 unclassified points.
Hypervolume 1052.1605212836823
pypal at iteration 28.         2 Pareto optimal points,         275 discarded points,         2848 unclassified points.
Hypervolume 1052.1605212836823
pypal at iteration 29.         2 Pareto optimal points,         275 discarded points,         2848 unclassified points.
Hypervolume 1052.1605212836823
pypal at iteration 30.         2 Pareto optimal points,         276 discarded points,         2847 unclassified points.
Hypervolume 1052.1605212836823
Optimization restart 1/20, f = -246.57316125155177
Optimization restart 2/20, f = -207.42913618134287
Optimization restart 3/20, f = -204.04131262594967
Optimization restart 4/20, f = -196.774377062216
Optimization restart 5/20, f = -213.28817504514848
Optimization restart 6/20, f = -246.36721084822588
Optimization restart 7/20, f = -207.33484152013017
Optimization restart 8/20, f = -213.105044156293
Optimization restart 9/20, f = -213.24613350633376
Optimization restart 10/20, f = -247.13393650485494
Optimization restart 11/20, f = -246.467107104641
Optimization restart 12/20, f = -213.5169344596706
Optimization restart 13/20, f = -207.62286219981178
Optimization restart 14/20, f = -212.6889513979325
Optimization restart 15/20, f = -212.90897501680217
Optimization restart 16/20, f = -213.18950128685105
Optimization restart 17/20, f = -246.45065235210103
Optimization restart 18/20, f = -213.17393204184492
Optimization restart 19/20, f = -207.3507861889439
Optimization restart 20/20, f = -212.7129812450164
pypal at iteration 31.         2 Pareto optimal points,         278 discarded points,         2845 unclassified points.
Hypervolume 1052.1605212836823
pypal at iteration 32.         2 Pareto optimal points,         281 discarded points,         2842 unclassified points.
Hypervolume 1052.1605212836823
pypal at iteration 33.         2 Pareto optimal points,         284 discarded points,         2839 unclassified points.
Hypervolume 1052.1605212836823
pypal at iteration 34.         2 Pareto optimal points,         284 discarded points,         2839 unclassified points.
Hypervolume 1052.1605212836823
pypal at iteration 35.         2 Pareto optimal points,         285 discarded points,         2838 unclassified points.
Hypervolume 1052.1605212836823
pypal at iteration 36.         2 Pareto optimal points,         286 discarded points,         2837 unclassified points.
Hypervolume 1052.1605212836823
pypal at iteration 37.         2 Pareto optimal points,         287 discarded points,         2836 unclassified points.
Hypervolume 1052.1605212836823
pypal at iteration 38.         2 Pareto optimal points,         288 discarded points,         2835 unclassified points.
Hypervolume 1052.1605212836823
pypal at iteration 39.         2 Pareto optimal points,         289 discarded points,         2834 unclassified points.
Hypervolume 1052.1605212836823
pypal at iteration 40.         2 Pareto optimal points,         289 discarded points,         2834 unclassified points.
Hypervolume 1052.1605212836823
Optimization restart 1/20, f = -316.89041132921335
Optimization restart 2/20, f = -264.0899630989346
Optimization restart 3/20, f = -264.31537788412766
Optimization restart 4/20, f = -251.15844326905176
Optimization restart 5/20, f = -266.9676545821596
Optimization restart 6/20, f = -259.086528780124
Optimization restart 7/20, f = -263.72734132185616
Optimization restart 8/20, f = -264.6732822139624
Optimization restart 9/20, f = -312.1157555476881
Optimization restart 10/20, f = -255.73517881331404
Optimization restart 11/20, f = -315.87152440756205
Optimization restart 12/20, f = -262.7697645659879
Optimization restart 13/20, f = -215.2661203644351
Optimization restart 14/20, f = -317.196860693341
Optimization restart 15/20, f = -263.77674570392645
Optimization restart 16/20, f = -264.31438565224374
Optimization restart 17/20, f = -315.57724231584984
Optimization restart 18/20, f = -264.13290529
Optimization restart 19/20, f = -263.6991846124856
Optimization restart 20/20, f = -316.7649621896213
pypal at iteration 41.         2 Pareto optimal points,         289 discarded points,         2834 unclassified points.
Hypervolume 1052.1605212836823
pypal at iteration 42.         2 Pareto optimal points,         290 discarded points,         2833 unclassified points.
Hypervolume 1052.1605212836823
pypal at iteration 43.         2 Pareto optimal points,         293 discarded points,         2830 unclassified points.
Hypervolume 1052.1605212836823
pypal at iteration 44.         2 Pareto optimal points,         295 discarded points,         2828 unclassified points.
Hypervolume 1052.1605212836823
pypal at iteration 45.         2 Pareto optimal points,         296 discarded points,         2827 unclassified points.
Hypervolume 1052.1605212836823
pypal at iteration 46.         2 Pareto optimal points,         297 discarded points,         2826 unclassified points.
Hypervolume 1052.1605212836823
pypal at iteration 47.         2 Pareto optimal points,         300 discarded points,         2823 unclassified points.
Hypervolume 1052.1605212836823
pypal at iteration 48.         2 Pareto optimal points,         301 discarded points,         2822 unclassified points.
Hypervolume 1052.1605212836823
pypal at iteration 49.         3 Pareto optimal points,         301 discarded points,         2821 unclassified points.
Hypervolume 1070.0914597825688
pypal at iteration 50.         4 Pareto optimal points,         303 discarded points,         2818 unclassified points.
Hypervolume 1144.9663673985326
Optimization restart 1/20, f = -387.78341474411934
Optimization restart 2/20, f = -329.6177000609837
Optimization restart 3/20, f = -369.60429631489865
Optimization restart 4/20, f = -329.2808106021571
Optimization restart 5/20, f = -387.1307550346576
Optimization restart 6/20, f = -372.9555407411462
Optimization restart 7/20, f = -260.24325344511453
Optimization restart 8/20, f = -328.2738638340296
Optimization restart 9/20, f = -387.0947851179389
Optimization restart 10/20, f = -368.82555288381167
Optimization restart 11/20, f = -322.73170819666933
Optimization restart 12/20, f = -329.06036549381616
Optimization restart 13/20, f = -323.65919217405616
Optimization restart 14/20, f = -329.50287852392216
Optimization restart 15/20, f = -386.49625552342997
Optimization restart 16/20, f = -328.4109684199174
Optimization restart 17/20, f = -328.01160284025593
Optimization restart 18/20, f = -383.67279055037426
Optimization restart 19/20, f = -329.46190420062845
Optimization restart 20/20, f = -293.34655513793746
pypal at iteration 51.         4 Pareto optimal points,         304 discarded points,         2817 unclassified points.
Hypervolume 1144.9663673985326
pypal at iteration 52.         4 Pareto optimal points,         305 discarded points,         2816 unclassified points.
Hypervolume 1144.9663673985326
pypal at iteration 53.         4 Pareto optimal points,         309 discarded points,         2812 unclassified points.
Hypervolume 1144.9663673985326
pypal at iteration 54.         4 Pareto optimal points,         313 discarded points,         2808 unclassified points.
Hypervolume 1144.9663673985326
pypal at iteration 55.         4 Pareto optimal points,         326 discarded points,         2795 unclassified points.
Hypervolume 1144.9663673985326
pypal at iteration 56.         4 Pareto optimal points,         359 discarded points,         2762 unclassified points.
Hypervolume 1144.9663673985326
pypal at iteration 57.         4 Pareto optimal points,         363 discarded points,         2758 unclassified points.
Hypervolume 1144.9663673985326
pypal at iteration 58.         4 Pareto optimal points,         367 discarded points,         2754 unclassified points.
Hypervolume 1144.9663673985326
pypal at iteration 59.         4 Pareto optimal points,         373 discarded points,         2748 unclassified points.
Hypervolume 1144.9663673985326
pypal at iteration 60.         4 Pareto optimal points,         374 discarded points,         2747 unclassified points.
Hypervolume 1144.9663673985326
Optimization restart 1/20, f = -457.2337237264274
Optimization restart 2/20, f = -250.73850397133387
Optimization restart 3/20, f = -391.07813004586546
Optimization restart 4/20, f = -452.98581326321187
Optimization restart 5/20, f = -391.19735787926606
Optimization restart 6/20, f = -455.75546921471516
Optimization restart 7/20, f = -385.64688165871894
Optimization restart 8/20, f = -252.0386222803964
Optimization restart 9/20, f = -391.1725782756282
Optimization restart 10/20, f = -391.30357823438044
Optimization restart 11/20, f = -386.42418196027256
Optimization restart 12/20, f = -438.4315042217744
Optimization restart 13/20, f = -391.15377771219073
Optimization restart 14/20, f = -446.537106393141
Optimization restart 15/20, f = -456.6831694103043
Optimization restart 16/20, f = -391.19307418255056
Optimization restart 17/20, f = -456.93382621226044
Optimization restart 18/20, f = -348.1232984993699
Optimization restart 19/20, f = -385.519460224888
Optimization restart 20/20, f = -456.57335454121517
pypal at iteration 61.         4 Pareto optimal points,         378 discarded points,         2743 unclassified points.
Hypervolume 1144.9663673985326
pypal at iteration 62.         4 Pareto optimal points,         379 discarded points,         2742 unclassified points.
Hypervolume 1144.9663673985326
pypal at iteration 63.         4 Pareto optimal points,         380 discarded points,         2741 unclassified points.
Hypervolume 1144.9663673985326
pypal at iteration 64.         4 Pareto optimal points,         381 discarded points,         2740 unclassified points.
Hypervolume 1144.9663673985326
pypal at iteration 65.         4 Pareto optimal points,         382 discarded points,         2739 unclassified points.
Hypervolume 1144.9663673985326
pypal at iteration 66.         4 Pareto optimal points,         383 discarded points,         2738 unclassified points.
Hypervolume 1144.9663673985326
pypal at iteration 67.         4 Pareto optimal points,         384 discarded points,         2737 unclassified points.
Hypervolume 1144.9663673985326
pypal at iteration 68.         4 Pareto optimal points,         385 discarded points,         2736 unclassified points.
Hypervolume 1144.9663673985326
pypal at iteration 69.         4 Pareto optimal points,         386 discarded points,         2735 unclassified points.
Hypervolume 1144.9663673985326
pypal at iteration 70.         4 Pareto optimal points,         387 discarded points,         2734 unclassified points.
Hypervolume 1144.9663673985326
Optimization restart 1/20, f = -526.7414783433583
Optimization restart 2/20, f = -450.8027828816054
Optimization restart 3/20, f = -526.3012152971313
Optimization restart 4/20, f = -450.17480607737093
Optimization restart 5/20, f = -451.5153138789686
Optimization restart 6/20, f = -526.2608420486565
Optimization restart 7/20, f = -446.2600346231595
Optimization restart 8/20, f = -450.6404306273033
Optimization restart 9/20, f = -444.19806271435084
Optimization restart 10/20, f = -415.0963100438202
Optimization restart 11/20, f = -361.9166616914803
Optimization restart 12/20, f = -516.7536997437313
Optimization restart 13/20, f = -521.957867134648
Optimization restart 14/20, f = -277.9457552376969
Optimization restart 15/20, f = -524.2132175343946
Optimization restart 16/20, f = -519.1135125734532
Optimization restart 17/20, f = -360.5232783879537
Optimization restart 18/20, f = -331.4728715770227
Optimization restart 19/20, f = -523.0244121472934
Optimization restart 20/20, f = -451.74824364580854
pypal at iteration 71.         4 Pareto optimal points,         388 discarded points,         2733 unclassified points.
Hypervolume 1144.9663673985326
pypal at iteration 72.         4 Pareto optimal points,         389 discarded points,         2732 unclassified points.
Hypervolume 1144.9663673985326
pypal at iteration 73.         4 Pareto optimal points,         390 discarded points,         2731 unclassified points.
Hypervolume 1144.9663673985326
pypal at iteration 74.         4 Pareto optimal points,         391 discarded points,         2730 unclassified points.
Hypervolume 1144.9663673985326
pypal at iteration 75.         4 Pareto optimal points,         392 discarded points,         2729 unclassified points.
Hypervolume 1144.9663673985326
pypal at iteration 76.         4 Pareto optimal points,         393 discarded points,         2728 unclassified points.
Hypervolume 1144.9663673985326
pypal at iteration 77.         4 Pareto optimal points,         394 discarded points,         2727 unclassified points.
Hypervolume 1144.9663673985326
pypal at iteration 78.         4 Pareto optimal points,         395 discarded points,         2726 unclassified points.
Hypervolume 1144.9663673985326
pypal at iteration 79.         4 Pareto optimal points,         396 discarded points,         2725 unclassified points.
Hypervolume 1144.9663673985326
pypal at iteration 80.         4 Pareto optimal points,         397 discarded points,         2724 unclassified points.
Hypervolume 1144.9663673985326
Optimization restart 1/20, f = -602.082767217232
Optimization restart 2/20, f = -584.1235233647039
Optimization restart 3/20, f = -522.6373704676732
Optimization restart 4/20, f = -602.1155886837823
Optimization restart 5/20, f = -586.5653403944749
Optimization restart 6/20, f = -422.65048273098523
Optimization restart 7/20, f = -522.562630699553
Optimization restart 8/20, f = -420.20830263707234
Optimization restart 9/20, f = -601.5877263002571
Optimization restart 10/20, f = -601.5332408995196
Optimization restart 11/20, f = -519.188459208074
Optimization restart 12/20, f = -522.3991443151128
Optimization restart 13/20, f = -335.18196237087545
Optimization restart 14/20, f = -551.0077321770505
Optimization restart 15/20, f = -523.0606683268319
Optimization restart 16/20, f = -601.594627654802
Optimization restart 17/20, f = -522.6475003457048
Optimization restart 18/20, f = -523.0698157064684
Optimization restart 19/20, f = -519.1020509962348
Optimization restart 20/20, f = -477.4490019897243
pypal at iteration 81.         4 Pareto optimal points,         426 discarded points,         2695 unclassified points.
Hypervolume 1144.9663673985326
pypal at iteration 82.         4 Pareto optimal points,         428 discarded points,         2693 unclassified points.
Hypervolume 1144.9663673985326
pypal at iteration 83.         4 Pareto optimal points,         433 discarded points,         2688 unclassified points.
Hypervolume 1144.9663673985326
pypal at iteration 84.         5 Pareto optimal points,         436 discarded points,         2684 unclassified points.
Hypervolume 1145.0620320166433
pypal at iteration 85.         5 Pareto optimal points,         439 discarded points,         2681 unclassified points.
Hypervolume 1145.0620320166433
pypal at iteration 86.         6 Pareto optimal points,         439 discarded points,         2680 unclassified points.
Hypervolume 1151.8088679146263
pypal at iteration 87.         6 Pareto optimal points,         440 discarded points,         2679 unclassified points.
Hypervolume 1151.8088679146263
pypal at iteration 88.         6 Pareto optimal points,         441 discarded points,         2678 unclassified points.
Hypervolume 1151.8088679146263
pypal at iteration 89.         6 Pareto optimal points,         442 discarded points,         2677 unclassified points.
Hypervolume 1151.8088679146263
pypal at iteration 90.         6 Pareto optimal points,         443 discarded points,         2676 unclassified points.
Hypervolume 1151.8088679146263
Optimization restart 1/20, f = -672.6073746254949
Optimization restart 2/20, f = -581.3806175328871
Optimization restart 3/20, f = -466.792877852233
Optimization restart 4/20, f = -351.85393288260593
Optimization restart 5/20, f = -438.2538390996854
Optimization restart 6/20, f = -577.2734744114946
Optimization restart 7/20, f = -578.0644566288701
Optimization restart 8/20, f = -578.2897953777757
Optimization restart 9/20, f = -577.3260260247563
Optimization restart 10/20, f = -580.9719138361287
Optimization restart 11/20, f = -578.0647501019781
Optimization restart 12/20, f = -550.9418935427143
Optimization restart 13/20, f = -581.1687341389644
Optimization restart 14/20, f = -672.1476361544227
Optimization restart 15/20, f = -669.9875881222927
Optimization restart 16/20, f = -577.773956785198
Optimization restart 17/20, f = -672.0305746572848
Optimization restart 18/20, f = -661.5312624563073
Optimization restart 19/20, f = -577.7662176024396
Optimization restart 20/20, f = -672.6680169732836
pypal at iteration 91.         6 Pareto optimal points,         453 discarded points,         2666 unclassified points.
Hypervolume 1151.8088679146263
pypal at iteration 92.         6 Pareto optimal points,         453 discarded points,         2666 unclassified points.
Hypervolume 1151.8088679146263
pypal at iteration 93.         6 Pareto optimal points,         454 discarded points,         2665 unclassified points.
Hypervolume 1151.8088679146263
pypal at iteration 94.         6 Pareto optimal points,         456 discarded points,         2663 unclassified points.
Hypervolume 1151.8088679146263
pypal at iteration 95.         6 Pareto optimal points,         457 discarded points,         2662 unclassified points.
Hypervolume 1151.8088679146263
pypal at iteration 96.         6 Pareto optimal points,         457 discarded points,         2662 unclassified points.
Hypervolume 1151.8088679146263
pypal at iteration 97.         6 Pareto optimal points,         458 discarded points,         2661 unclassified points.
Hypervolume 1151.8088679146263
pypal at iteration 98.         6 Pareto optimal points,         460 discarded points,         2659 unclassified points.
Hypervolume 1151.8088679146263
pypal at iteration 99.         6 Pareto optimal points,         460 discarded points,         2659 unclassified points.
Hypervolume 1151.8088679146263
pypal at iteration 100.         6 Pareto optimal points,         461 discarded points,         2658 unclassified points.
Hypervolume 1151.8088679146263
Optimization restart 1/20, f = -742.2598306524465
Optimization restart 2/20, f = -650.3843340339865
Optimization restart 3/20, f = -738.2793162595538
Optimization restart 4/20, f = -650.183178593138
Optimization restart 5/20, f = -738.3925581870733
Optimization restart 6/20, f = -647.1026071545533
Optimization restart 7/20, f = -736.1689602120747
Optimization restart 8/20, f = -650.3692072026594
Optimization restart 9/20, f = -616.5241018788341
Optimization restart 10/20, f = -610.5207241204264
Optimization restart 11/20, f = -741.6972343934895
Optimization restart 12/20, f = -740.175315728145
Optimization restart 13/20, f = -741.5954028152629
Optimization restart 14/20, f = -731.2878190068446
Optimization restart 15/20, f = -647.0530447786492
Optimization restart 16/20, f = -736.7415804548336
Optimization restart 17/20, f = -569.8048046650422
Optimization restart 18/20, f = -630.3377481589619
Optimization restart 19/20, f = -650.3223295294746
Optimization restart 20/20, f = -706.6628047484548
pypal at iteration 101.         7 Pareto optimal points,         461 discarded points,         2657 unclassified points.
Hypervolume 1151.9611329638055
pypal at iteration 102.         7 Pareto optimal points,         462 discarded points,         2656 unclassified points.
Hypervolume 1151.9611329638055
pypal at iteration 103.         7 Pareto optimal points,         463 discarded points,         2655 unclassified points.
Hypervolume 1151.9611329638055
pypal at iteration 104.         7 Pareto optimal points,         464 discarded points,         2654 unclassified points.
Hypervolume 1151.9611329638055
pypal at iteration 105.         7 Pareto optimal points,         465 discarded points,         2653 unclassified points.
Hypervolume 1151.9611329638055
pypal at iteration 106.         7 Pareto optimal points,         466 discarded points,         2652 unclassified points.
Hypervolume 1151.9611329638055
pypal at iteration 107.         7 Pareto optimal points,         467 discarded points,         2651 unclassified points.
Hypervolume 1151.9611329638055
pypal at iteration 108.         8 Pareto optimal points,         563 discarded points,         2554 unclassified points.
Hypervolume 1266.3111354289315
pypal at iteration 109.         8 Pareto optimal points,         564 discarded points,         2553 unclassified points.
Hypervolume 1266.3111354289315
pypal at iteration 110.         8 Pareto optimal points,         565 discarded points,         2552 unclassified points.
Hypervolume 1266.3111354289315
Optimization restart 1/20, f = -809.5375851826502
Optimization restart 2/20, f = -699.8204175906052
Optimization restart 3/20, f = -804.8680628335828
Optimization restart 4/20, f = -699.9675281145162
Optimization restart 5/20, f = -703.2882732123237
Optimization restart 6/20, f = -799.0262510775011
Optimization restart 7/20, f = -807.4933032090058
Optimization restart 8/20, f = -802.7172598373531
Optimization restart 9/20, f = -702.9225727733864
Optimization restart 10/20, f = -701.9046279743177
Optimization restart 11/20, f = -703.0525125146063
Optimization restart 12/20, f = -806.2157571667841
Optimization restart 13/20, f = -515.0094928454453
Optimization restart 14/20, f = -805.1831450500551
Optimization restart 15/20, f = -700.3245296180631
Optimization restart 16/20, f = -802.2212551430443
Optimization restart 17/20, f = -809.4546004020115
Optimization restart 18/20, f = -700.4278389167712
Optimization restart 19/20, f = -805.772304999968
Optimization restart 20/20, f = -805.1943845348515
pypal at iteration 111.         8 Pareto optimal points,         566 discarded points,         2551 unclassified points.
Hypervolume 1266.3111354289315
pypal at iteration 112.         8 Pareto optimal points,         567 discarded points,         2550 unclassified points.
Hypervolume 1266.3111354289315
pypal at iteration 113.         8 Pareto optimal points,         568 discarded points,         2549 unclassified points.
Hypervolume 1266.3111354289315
pypal at iteration 114.         8 Pareto optimal points,         688 discarded points,         2429 unclassified points.
Hypervolume 1266.3111354289315
pypal at iteration 115.         9 Pareto optimal points,         688 discarded points,         2428 unclassified points.
Hypervolume 1266.3163448952662
pypal at iteration 116.         9 Pareto optimal points,         689 discarded points,         2427 unclassified points.
Hypervolume 1266.3163448952662
pypal at iteration 117.         9 Pareto optimal points,         690 discarded points,         2426 unclassified points.
Hypervolume 1266.3163448952662
pypal at iteration 118.         9 Pareto optimal points,         691 discarded points,         2425 unclassified points.
Hypervolume 1266.3163448952662
pypal at iteration 119.         9 Pareto optimal points,         692 discarded points,         2424 unclassified points.
Hypervolume 1266.3163448952662
pypal at iteration 120.         9 Pareto optimal points,         693 discarded points,         2423 unclassified points.
Hypervolume 1266.3163448952662
Optimization restart 1/20, f = -860.4849352320364
Optimization restart 2/20, f = -755.3479340163243
Optimization restart 3/20, f = -860.4415675252299
Optimization restart 4/20, f = -854.31450937556
Optimization restart 5/20, f = -665.1398157428965
Optimization restart 6/20, f = -824.6904072313397
Optimization restart 7/20, f = -858.3659993719049
Optimization restart 8/20, f = -756.1007061950064
Optimization restart 9/20, f = -752.9517684874203
Optimization restart 10/20, f = -755.6652029452446
Optimization restart 11/20, f = -843.588824594827
Optimization restart 12/20, f = -752.0893033328123
Optimization restart 13/20, f = -755.7223933843279
Optimization restart 14/20, f = -849.971747750091
Optimization restart 15/20, f = -853.1690787636666
Optimization restart 16/20, f = -741.9627364352942
Optimization restart 17/20, f = -841.438137685193
Optimization restart 18/20, f = -832.9408411529928
Optimization restart 19/20, f = -859.7911105481473
Optimization restart 20/20, f = -689.4937060492455
pypal at iteration 121.         9 Pareto optimal points,         694 discarded points,         2422 unclassified points.
Hypervolume 1266.3163448952662
pypal at iteration 122.         9 Pareto optimal points,         695 discarded points,         2421 unclassified points.
Hypervolume 1266.3163448952662
pypal at iteration 123.         9 Pareto optimal points,         696 discarded points,         2420 unclassified points.
Hypervolume 1266.3163448952662
pypal at iteration 124.         9 Pareto optimal points,         697 discarded points,         2419 unclassified points.
Hypervolume 1266.3163448952662
pypal at iteration 125.         9 Pareto optimal points,         698 discarded points,         2418 unclassified points.
Hypervolume 1266.3163448952662
pypal at iteration 126.         9 Pareto optimal points,         699 discarded points,         2417 unclassified points.
Hypervolume 1266.3163448952662
pypal at iteration 127.         9 Pareto optimal points,         700 discarded points,         2416 unclassified points.
Hypervolume 1266.3163448952662
pypal at iteration 128.         9 Pareto optimal points,         700 discarded points,         2416 unclassified points.
Hypervolume 1266.3163448952662
pypal at iteration 129.         9 Pareto optimal points,         701 discarded points,         2415 unclassified points.
Hypervolume 1266.3163448952662
pypal at iteration 130.         9 Pareto optimal points,         702 discarded points,         2414 unclassified points.
Hypervolume 1266.3163448952662
Optimization restart 1/20, f = -922.8422145279865
Optimization restart 2/20, f = -816.5104767852149
Optimization restart 3/20, f = -919.8263951509592
Optimization restart 4/20, f = -920.5274896818291
Optimization restart 5/20, f = -915.8230830509651
Optimization restart 6/20, f = -910.3620559023458
Optimization restart 7/20, f = -918.7285246064009
Optimization restart 8/20, f = -919.2390431623164
Optimization restart 9/20, f = -914.2299995382111
Optimization restart 10/20, f = -916.5748480394669
Optimization restart 11/20, f = -917.797729727326
Optimization restart 12/20, f = -819.1953737724565
Optimization restart 13/20, f = -912.1604204056845
Optimization restart 14/20, f = -817.3604217772233
Optimization restart 15/20, f = -918.4295278463399
Optimization restart 16/20, f = -917.792508021259
Optimization restart 17/20, f = -820.282563289996
Optimization restart 18/20, f = -917.7634515485794
Optimization restart 19/20, f = -909.5664665618732
Optimization restart 20/20, f = -805.0190663175168
pypal at iteration 131.         9 Pareto optimal points,         703 discarded points,         2413 unclassified points.
Hypervolume 1266.3163448952662
pypal at iteration 132.         9 Pareto optimal points,         704 discarded points,         2412 unclassified points.
Hypervolume 1266.3163448952662
pypal at iteration 133.         9 Pareto optimal points,         705 discarded points,         2411 unclassified points.
Hypervolume 1266.3163448952662
pypal at iteration 134.         9 Pareto optimal points,         706 discarded points,         2410 unclassified points.
Hypervolume 1266.3163448952662
pypal at iteration 135.         9 Pareto optimal points,         707 discarded points,         2409 unclassified points.
Hypervolume 1266.3163448952662
pypal at iteration 136.         9 Pareto optimal points,         708 discarded points,         2408 unclassified points.
Hypervolume 1266.3163448952662
pypal at iteration 137.         9 Pareto optimal points,         709 discarded points,         2407 unclassified points.
Hypervolume 1266.3163448952662
pypal at iteration 138.         9 Pareto optimal points,         710 discarded points,         2406 unclassified points.
Hypervolume 1266.3163448952662
pypal at iteration 139.         9 Pareto optimal points,         711 discarded points,         2405 unclassified points.
Hypervolume 1266.3163448952662
pypal at iteration 140.         9 Pareto optimal points,         712 discarded points,         2404 unclassified points.
Hypervolume 1266.3163448952662
Optimization restart 1/20, f = -991.8063401984841
Optimization restart 2/20, f = -992.2867914427909
Optimization restart 3/20, f = -991.0485808163351
Optimization restart 4/20, f = -984.274694279052
Optimization restart 5/20, f = -905.3870393323671
Optimization restart 6/20, f = -920.4582996552033
Optimization restart 7/20, f = -989.7010785638627
Optimization restart 8/20, f = -985.1852683903005
Optimization restart 9/20, f = -973.5178978650274
Optimization restart 10/20, f = -965.0207176738484
Optimization restart 11/20, f = -990.6048196270799
Optimization restart 12/20, f = -991.6938350142326
Optimization restart 13/20, f = -817.4005430362446
Optimization restart 14/20, f = -979.1435926153564
Optimization restart 15/20, f = -986.567226380664
Optimization restart 16/20, f = -930.8021023140064
Optimization restart 17/20, f = -988.5341094402219
Optimization restart 18/20, f = -988.5261977334496
Optimization restart 19/20, f = -984.0536402650749
Optimization restart 20/20, f = -992.3897476299472
pypal at iteration 141.         9 Pareto optimal points,         713 discarded points,         2403 unclassified points.
Hypervolume 1266.3163448952662
pypal at iteration 142.         9 Pareto optimal points,         714 discarded points,         2402 unclassified points.
Hypervolume 1266.3163448952662
pypal at iteration 143.         9 Pareto optimal points,         715 discarded points,         2401 unclassified points.
Hypervolume 1266.3163448952662
pypal at iteration 144.         9 Pareto optimal points,         716 discarded points,         2400 unclassified points.
Hypervolume 1266.3163448952662
pypal at iteration 145.         9 Pareto optimal points,         717 discarded points,         2399 unclassified points.
Hypervolume 1266.3163448952662
pypal at iteration 146.         9 Pareto optimal points,         718 discarded points,         2398 unclassified points.
Hypervolume 1266.3163448952662
pypal at iteration 147.         9 Pareto optimal points,         719 discarded points,         2397 unclassified points.
Hypervolume 1266.3163448952662
pypal at iteration 148.         9 Pareto optimal points,         720 discarded points,         2396 unclassified points.
Hypervolume 1266.3163448952662
pypal at iteration 149.         9 Pareto optimal points,         721 discarded points,         2395 unclassified points.
Hypervolume 1266.3163448952662
pypal at iteration 150.         9 Pareto optimal points,         722 discarded points,         2394 unclassified points.
Hypervolume 1266.3163448952662
Optimization restart 1/20, f = -1061.0067372185174
Optimization restart 2/20, f = -1033.021250944792
Optimization restart 3/20, f = -1058.6113313104743
Optimization restart 4/20, f = -1033.9159016464025
Optimization restart 5/20, f = -1050.4214082229432
Optimization restart 6/20, f = -1048.6675968550132
Optimization restart 7/20, f = -915.3181591168037
Optimization restart 8/20, f = -1046.138547330607
Optimization restart 9/20, f = -1054.2822032892484
Optimization restart 10/20, f = -1059.327117493786
Optimization restart 11/20, f = -1056.9871816286454
Optimization restart 12/20, f = -1051.2143234804419
Optimization restart 13/20, f = -1038.1923000983238
Optimization restart 14/20, f = -1060.2260443533314
Optimization restart 15/20, f = -1057.004983350424
Optimization restart 16/20, f = -1057.0410452614453
Optimization restart 17/20, f = -1061.5952713388908
Optimization restart 18/20, f = -1047.680246564549
Optimization restart 19/20, f = -1042.2046959737477
Optimization restart 20/20, f = -1043.2854570399275
pypal at iteration 151.         9 Pareto optimal points,         724 discarded points,         2392 unclassified points.
Hypervolume 1266.3163448952662
pypal at iteration 152.         9 Pareto optimal points,         725 discarded points,         2391 unclassified points.
Hypervolume 1266.3163448952662
pypal at iteration 153.         9 Pareto optimal points,         726 discarded points,         2390 unclassified points.
Hypervolume 1266.3163448952662
pypal at iteration 154.         9 Pareto optimal points,         727 discarded points,         2389 unclassified points.
Hypervolume 1266.3163448952662
pypal at iteration 155.         9 Pareto optimal points,         728 discarded points,         2388 unclassified points.
Hypervolume 1266.3163448952662
pypal at iteration 156.         9 Pareto optimal points,         729 discarded points,         2387 unclassified points.
Hypervolume 1266.3163448952662
pypal at iteration 157.         9 Pareto optimal points,         730 discarded points,         2386 unclassified points.
Hypervolume 1266.3163448952662
pypal at iteration 158.         9 Pareto optimal points,         731 discarded points,         2385 unclassified points.
Hypervolume 1266.3163448952662
pypal at iteration 159.         9 Pareto optimal points,         732 discarded points,         2384 unclassified points.
Hypervolume 1266.3163448952662
pypal at iteration 160.         9 Pareto optimal points,         733 discarded points,         2383 unclassified points.
Hypervolume 1266.3163448952662
Optimization restart 1/20, f = -1133.3687178660525
Optimization restart 2/20, f = -1108.8284026888148
Optimization restart 3/20, f = -1115.7984856736634
Optimization restart 4/20, f = -1126.3295248957725
Optimization restart 5/20, f = -1116.5517564938002
Optimization restart 6/20, f = -1125.1997556714664
Optimization restart 7/20, f = -1132.2806604134214
Optimization restart 8/20, f = -1111.1534343929234
Optimization restart 9/20, f = -1132.0728401059996
Optimization restart 10/20, f = -1129.9191011556807
Optimization restart 11/20, f = -1116.5192376643597
Optimization restart 12/20, f = -1126.4624785003223
Optimization restart 13/20, f = -1127.4825192517314
Optimization restart 14/20, f = -1118.5337261590614
Optimization restart 15/20, f = -1111.1528284862525
Optimization restart 16/20, f = -991.7221269568429
Optimization restart 17/20, f = -1112.1173256328213
Optimization restart 18/20, f = -1108.2858272205249
Optimization restart 19/20, f = -1130.1957129166794
Optimization restart 20/20, f = -1130.5001059645047
pypal at iteration 161.         9 Pareto optimal points,         734 discarded points,         2382 unclassified points.
Hypervolume 1266.3163448952662
pypal at iteration 162.         9 Pareto optimal points,         735 discarded points,         2381 unclassified points.
Hypervolume 1266.3163448952662
pypal at iteration 163.         9 Pareto optimal points,         736 discarded points,         2380 unclassified points.
Hypervolume 1266.3163448952662
pypal at iteration 164.         9 Pareto optimal points,         737 discarded points,         2379 unclassified points.
Hypervolume 1266.3163448952662
pypal at iteration 165.         9 Pareto optimal points,         737 discarded points,         2379 unclassified points.
Hypervolume 1266.3163448952662
pypal at iteration 166.         9 Pareto optimal points,         737 discarded points,         2379 unclassified points.
Hypervolume 1266.3163448952662
pypal at iteration 167.         9 Pareto optimal points,         738 discarded points,         2378 unclassified points.
Hypervolume 1266.3163448952662
pypal at iteration 168.         10 Pareto optimal points,         738 discarded points,         2377 unclassified points.
Hypervolume 1267.3036642912837
pypal at iteration 169.         10 Pareto optimal points,         738 discarded points,         2377 unclassified points.
Hypervolume 1267.3036642912837
pypal at iteration 170.         10 Pareto optimal points,         739 discarded points,         2376 unclassified points.
Hypervolume 1267.3036642912837
Optimization restart 1/20, f = -1195.8715840812504
Optimization restart 2/20, f = -1189.683879168394
Optimization restart 3/20, f = -1190.4400889875033
Optimization restart 4/20, f = -1179.0970266736326
Optimization restart 5/20, f = -1195.4954864915314
Optimization restart 6/20, f = -1187.7839998046802
Optimization restart 7/20, f = -1184.601049765741
Optimization restart 8/20, f = -1179.1724411505995
Optimization restart 9/20, f = -1181.2770566012591
Optimization restart 10/20, f = -1185.118535441037
Optimization restart 11/20, f = -1194.7662515004224
Optimization restart 12/20, f = -1179.2253543597171
Optimization restart 13/20, f = -1184.2254243166008
Optimization restart 14/20, f = -1181.9650314537605
Optimization restart 15/20, f = -1192.7369230849367
Optimization restart 16/20, f = -1178.117782897253
Optimization restart 17/20, f = -1190.3582642163242
Optimization restart 18/20, f = -1073.3479235184209
Optimization restart 19/20, f = -1186.9314050631156
Optimization restart 20/20, f = -1177.2036591906785
pypal at iteration 171.         10 Pareto optimal points,         740 discarded points,         2375 unclassified points.
Hypervolume 1267.3036642912837
pypal at iteration 172.         10 Pareto optimal points,         741 discarded points,         2374 unclassified points.
Hypervolume 1267.3036642912837
pypal at iteration 173.         10 Pareto optimal points,         742 discarded points,         2373 unclassified points.
Hypervolume 1267.3036642912837
pypal at iteration 174.         10 Pareto optimal points,         743 discarded points,         2372 unclassified points.
Hypervolume 1267.3036642912837
pypal at iteration 175.         10 Pareto optimal points,         744 discarded points,         2371 unclassified points.
Hypervolume 1267.3036642912837
pypal at iteration 176.         10 Pareto optimal points,         745 discarded points,         2370 unclassified points.
Hypervolume 1267.3036642912837
pypal at iteration 177.         10 Pareto optimal points,         746 discarded points,         2369 unclassified points.
Hypervolume 1267.3036642912837
pypal at iteration 178.         10 Pareto optimal points,         747 discarded points,         2368 unclassified points.
Hypervolume 1267.3036642912837
pypal at iteration 179.         10 Pareto optimal points,         748 discarded points,         2367 unclassified points.
Hypervolume 1267.3036642912837
pypal at iteration 180.         10 Pareto optimal points,         749 discarded points,         2366 unclassified points.
Hypervolume 1267.3036642912837
Optimization restart 1/20, f = -1267.8988366179894
Optimization restart 2/20, f = -1261.8520306536645
Optimization restart 3/20, f = -1263.9140587613626
Optimization restart 4/20, f = -1069.0653277280467
Optimization restart 5/20, f = -1266.8412922742152
Optimization restart 6/20, f = -1256.8820128787256
Optimization restart 7/20, f = -1249.9124743992975
Optimization restart 8/20, f = -1258.735603225282
Optimization restart 9/20, f = -1258.288908036109
Optimization restart 10/20, f = -1263.7186942793824
Optimization restart 11/20, f = -1260.198836077624
Optimization restart 12/20, f = -1263.0926874264023
Optimization restart 13/20, f = -1266.5400663270677
Optimization restart 14/20, f = -1254.2887677472602
Optimization restart 15/20, f = -1259.1224961761354
Optimization restart 16/20, f = -1264.7079334038724
Optimization restart 17/20, f = -1260.4656489540823
Optimization restart 18/20, f = -1262.7835595196018
Optimization restart 19/20, f = -1267.7450266068095
Optimization restart 20/20, f = -1253.4742642712938
pypal at iteration 181.         10 Pareto optimal points,         750 discarded points,         2365 unclassified points.
Hypervolume 1267.3036642912837
pypal at iteration 182.         10 Pareto optimal points,         751 discarded points,         2364 unclassified points.
Hypervolume 1267.3036642912837
pypal at iteration 183.         10 Pareto optimal points,         752 discarded points,         2363 unclassified points.
Hypervolume 1267.3036642912837
pypal at iteration 184.         10 Pareto optimal points,         753 discarded points,         2362 unclassified points.
Hypervolume 1267.3036642912837
pypal at iteration 185.         10 Pareto optimal points,         754 discarded points,         2361 unclassified points.
Hypervolume 1267.3036642912837
pypal at iteration 186.         10 Pareto optimal points,         831 discarded points,         2284 unclassified points.
Hypervolume 1267.3036642912837
pypal at iteration 187.         10 Pareto optimal points,         832 discarded points,         2283 unclassified points.
Hypervolume 1267.3036642912837
pypal at iteration 188.         10 Pareto optimal points,         833 discarded points,         2282 unclassified points.
Hypervolume 1267.3036642912837
pypal at iteration 189.         10 Pareto optimal points,         834 discarded points,         2281 unclassified points.
Hypervolume 1267.3036642912837
pypal at iteration 190.         10 Pareto optimal points,         835 discarded points,         2280 unclassified points.
Hypervolume 1267.3036642912837
Optimization restart 1/20, f = -1327.1209170910147
Optimization restart 2/20, f = -1264.1471540393622
Optimization restart 3/20, f = -1158.646866679759
Optimization restart 4/20, f = -1316.6204422673813
Optimization restart 5/20, f = -1322.2050393836087
Optimization restart 6/20, f = -1306.2523267912263
Optimization restart 7/20, f = -1292.8363554171203
Optimization restart 8/20, f = -1305.1417423592436
Optimization restart 9/20, f = -1310.068193633753
Optimization restart 10/20, f = -1293.1378348338067
Optimization restart 11/20, f = -1321.4880288671795
Optimization restart 12/20, f = -1325.440608692985
Optimization restart 13/20, f = -1307.6748220773784
Optimization restart 14/20, f = -1307.3937127436702
Optimization restart 15/20, f = -1311.7652416628202
Optimization restart 16/20, f = -1313.02357366004
Optimization restart 17/20, f = -1327.381416752235
Optimization restart 18/20, f = -1324.2021177716565
Optimization restart 19/20, f = -1307.8179722071907
Optimization restart 20/20, f = -1316.184937044131
pypal at iteration 191.         10 Pareto optimal points,         836 discarded points,         2279 unclassified points.
Hypervolume 1267.3036642912837
pypal at iteration 192.         10 Pareto optimal points,         837 discarded points,         2278 unclassified points.
Hypervolume 1267.3036642912837
pypal at iteration 193.         10 Pareto optimal points,         838 discarded points,         2277 unclassified points.
Hypervolume 1267.3036642912837
pypal at iteration 194.         10 Pareto optimal points,         839 discarded points,         2276 unclassified points.
Hypervolume 1267.3036642912837
pypal at iteration 195.         10 Pareto optimal points,         840 discarded points,         2275 unclassified points.
Hypervolume 1267.3036642912837
pypal at iteration 196.         10 Pareto optimal points,         841 discarded points,         2274 unclassified points.
Hypervolume 1267.3036642912837
pypal at iteration 197.         10 Pareto optimal points,         842 discarded points,         2273 unclassified points.
Hypervolume 1267.3036642912837
pypal at iteration 198.         10 Pareto optimal points,         843 discarded points,         2272 unclassified points.
Hypervolume 1267.3036642912837
pypal at iteration 199.         10 Pareto optimal points,         844 discarded points,         2271 unclassified points.
Hypervolume 1267.3036642912837
pypal at iteration 200.         10 Pareto optimal points,         845 discarded points,         2270 unclassified points.
Hypervolume 1267.3036642912837
Optimization restart 1/20, f = -1389.8591295799142
Optimization restart 2/20, f = -1389.749538952576
Optimization restart 3/20, f = -1383.27007627973
Optimization restart 4/20, f = -1387.7437856579677
Optimization restart 5/20, f = -1385.738700515369
Optimization restart 6/20, f = -1328.4276638994047
Optimization restart 7/20, f = -1371.4173348826496
Optimization restart 8/20, f = -1382.773429937445
Optimization restart 9/20, f = -1365.7369819783805
Optimization restart 10/20, f = -1374.5516710035836
Optimization restart 11/20, f = -1364.6924799584872
Optimization restart 12/20, f = -1381.608665455263
Optimization restart 13/20, f = -1004.6198144166597
Optimization restart 14/20, f = -1334.8856314125537
Optimization restart 15/20, f = -1366.0939045840826
Optimization restart 16/20, f = -1385.4527519194696
Optimization restart 17/20, f = -1388.963112098254
Optimization restart 18/20, f = -1381.9888372108373
Optimization restart 19/20, f = -1376.5274994227814
Optimization restart 20/20, f = -1384.7291208412744
pypal at iteration 201.         10 Pareto optimal points,         846 discarded points,         2269 unclassified points.
Hypervolume 1267.3036642912837
pypal at iteration 202.         10 Pareto optimal points,         847 discarded points,         2268 unclassified points.
Hypervolume 1267.3036642912837
pypal at iteration 203.         10 Pareto optimal points,         848 discarded points,         2267 unclassified points.
Hypervolume 1267.3036642912837
pypal at iteration 204.         10 Pareto optimal points,         849 discarded points,         2266 unclassified points.
Hypervolume 1267.3036642912837
pypal at iteration 205.         10 Pareto optimal points,         850 discarded points,         2265 unclassified points.
Hypervolume 1267.3036642912837
pypal at iteration 206.         10 Pareto optimal points,         851 discarded points,         2264 unclassified points.
Hypervolume 1267.3036642912837
pypal at iteration 207.         10 Pareto optimal points,         852 discarded points,         2263 unclassified points.
Hypervolume 1267.3036642912837
pypal at iteration 208.         10 Pareto optimal points,         853 discarded points,         2262 unclassified points.
Hypervolume 1267.3036642912837
pypal at iteration 209.         10 Pareto optimal points,         854 discarded points,         2261 unclassified points.
Hypervolume 1267.3036642912837
pypal at iteration 210.         10 Pareto optimal points,         855 discarded points,         2260 unclassified points.
Hypervolume 1267.3036642912837
Optimization restart 1/20, f = -1450.8381380800727
Optimization restart 2/20, f = -1430.1512367008186
Optimization restart 3/20, f = -1392.3919572153804
Optimization restart 4/20, f = -1437.7877935805475
Optimization restart 5/20, f = -1448.037024233431
Optimization restart 6/20, f = -1437.8003472624694
Optimization restart 7/20, f = -1450.880768915904
Traceback (most recent call last):
  File "run_pal_on_dispersant_repeats_cli.py", line 107, in <module>
    main()  # pylint:disable=no-value-for-parameter
  File "/home/kjablonk/anaconda3/envs/dispersant_screener/lib/python3.7/site-packages/click/core.py", line 829, in __call__
    return self.main(*args, **kwargs)
  File "/home/kjablonk/anaconda3/envs/dispersant_screener/lib/python3.7/site-packages/click/core.py", line 782, in main
    rv = self.invoke(ctx)
  File "/home/kjablonk/anaconda3/envs/dispersant_screener/lib/python3.7/site-packages/click/core.py", line 1066, in invoke
    return ctx.invoke(self.callback, **ctx.params)
  File "/home/kjablonk/anaconda3/envs/dispersant_screener/lib/python3.7/site-packages/click/core.py", line 610, in invoke
    return callback(*args, **kwargs)
  File "run_pal_on_dispersant_repeats_cli.py", line 78, in main
    idx = palinstance.run_one_step()
  File "/home/kjablonk/programs/pypal/pypal/pal/pal_base.py", line 205, in run_one_step
    self._set_hyperparameters()
  File "/home/kjablonk/programs/pypal/pypal/pal/pal_coregionalized.py", line 48, in _set_hyperparameters
    self.models[0].optimize_restarts(self.restarts, parallel=self.parallel)
  File "/home/kjablonk/anaconda3/envs/dispersant_screener/lib/python3.7/site-packages/paramz/model.py", line 182, in optimize_restarts
    raise e
  File "/home/kjablonk/anaconda3/envs/dispersant_screener/lib/python3.7/site-packages/paramz/model.py", line 172, in optimize_restarts
    self.optimize(**kwargs)
  File "/home/kjablonk/anaconda3/envs/dispersant_screener/lib/python3.7/site-packages/GPy/core/gp.py", line 675, in optimize
    ret = super(GP, self).optimize(optimizer, start, messages, max_iters, ipython_notebook, clear_after_finish, **kwargs)
  File "/home/kjablonk/anaconda3/envs/dispersant_screener/lib/python3.7/site-packages/paramz/model.py", line 111, in optimize
    opt.run(start, f_fp=self._objective_grads, f=self._objective, fp=self._grads)
  File "/home/kjablonk/anaconda3/envs/dispersant_screener/lib/python3.7/site-packages/paramz/optimization/optimization.py", line 51, in run
    self.opt(x_init, **kwargs)
  File "/home/kjablonk/anaconda3/envs/dispersant_screener/lib/python3.7/site-packages/paramz/optimization/optimization.py", line 124, in opt
    opt_result = optimize.fmin_l_bfgs_b(f_fp, x_init, maxfun=self.max_iters, maxiter=self.max_iters, **opt_dict)
  File "/home/kjablonk/anaconda3/envs/dispersant_screener/lib/python3.7/site-packages/scipy/optimize/lbfgsb.py", line 198, in fmin_l_bfgs_b
    **opts)
  File "/home/kjablonk/anaconda3/envs/dispersant_screener/lib/python3.7/site-packages/scipy/optimize/lbfgsb.py", line 360, in _minimize_lbfgsb
    f, g = func_and_grad(x)
  File "/home/kjablonk/anaconda3/envs/dispersant_screener/lib/python3.7/site-packages/scipy/optimize/_differentiable_functions.py", line 200, in fun_and_grad
    self._update_fun()
  File "/home/kjablonk/anaconda3/envs/dispersant_screener/lib/python3.7/site-packages/scipy/optimize/_differentiable_functions.py", line 166, in _update_fun
    self._update_fun_impl()
  File "/home/kjablonk/anaconda3/envs/dispersant_screener/lib/python3.7/site-packages/scipy/optimize/_differentiable_functions.py", line 73, in update_fun
    self.f = fun_wrapped(self.x)
  File "/home/kjablonk/anaconda3/envs/dispersant_screener/lib/python3.7/site-packages/scipy/optimize/_differentiable_functions.py", line 70, in fun_wrapped
    return fun(x, *args)
  File "/home/kjablonk/anaconda3/envs/dispersant_screener/lib/python3.7/site-packages/scipy/optimize/optimize.py", line 74, in __call__
    self._compute_if_needed(x, *args)
  File "/home/kjablonk/anaconda3/envs/dispersant_screener/lib/python3.7/site-packages/scipy/optimize/optimize.py", line 68, in _compute_if_needed
    fg = self.fun(x, *args)
  File "/home/kjablonk/anaconda3/envs/dispersant_screener/lib/python3.7/site-packages/paramz/model.py", line 273, in _objective_grads
    self.optimizer_array = x
  File "/home/kjablonk/anaconda3/envs/dispersant_screener/lib/python3.7/site-packages/paramz/parameterized.py", line 339, in __setattr__
    return object.__setattr__(self, name, val)
  File "/home/kjablonk/anaconda3/envs/dispersant_screener/lib/python3.7/site-packages/paramz/core/parameter_core.py", line 124, in optimizer_array
    self.trigger_update()
  File "/home/kjablonk/anaconda3/envs/dispersant_screener/lib/python3.7/site-packages/paramz/core/updateable.py", line 79, in trigger_update
    self._trigger_params_changed(trigger_parent)
  File "/home/kjablonk/anaconda3/envs/dispersant_screener/lib/python3.7/site-packages/paramz/core/parameter_core.py", line 134, in _trigger_params_changed
    self.notify_observers(None, None if trigger_parent else -np.inf)
  File "/home/kjablonk/anaconda3/envs/dispersant_screener/lib/python3.7/site-packages/paramz/core/observable.py", line 91, in notify_observers
    [callble(self, which=which) for _, _, callble in self.observers]
  File "/home/kjablonk/anaconda3/envs/dispersant_screener/lib/python3.7/site-packages/paramz/core/observable.py", line 91, in <listcomp>
    [callble(self, which=which) for _, _, callble in self.observers]
  File "/home/kjablonk/anaconda3/envs/dispersant_screener/lib/python3.7/site-packages/paramz/core/parameter_core.py", line 508, in _parameters_changed_notification
    self.parameters_changed()
  File "/home/kjablonk/anaconda3/envs/dispersant_screener/lib/python3.7/site-packages/GPy/core/gp.py", line 274, in parameters_changed
    self.posterior, self._log_marginal_likelihood, self.grad_dict = self.inference_method.inference(self.kern, self.X, self.likelihood, self.Y_normalized, self.mean_function, self.Y_metadata)
  File "/home/kjablonk/anaconda3/envs/dispersant_screener/lib/python3.7/site-packages/GPy/inference/latent_function_inference/exact_gaussian_inference.py", line 58, in inference
    Wi, LW, LWi, W_logdet = pdinv(Ky)
  File "/home/kjablonk/anaconda3/envs/dispersant_screener/lib/python3.7/site-packages/GPy/util/linalg.py", line 207, in pdinv
    L = jitchol(A, *args)
  File "/home/kjablonk/anaconda3/envs/dispersant_screener/lib/python3.7/site-packages/GPy/util/linalg.py", line 75, in jitchol
    raise linalg.LinAlgError("not positive definite, even with jitter.")
numpy.linalg.LinAlgError: not positive definite, even with jitter.
