 /home/kjablonk/anaconda3/envs/dispersant_screener/lib/python3.7/site-packages/sklearn/utils/deprecation.py:143: FutureWarning:The sklearn.preprocessing.data module is  deprecated in version 0.22 and will be removed in version 0.24. The corresponding classes / functions should instead be imported from sklearn.preprocessing. Anything that cannot be imported from sklearn.preprocessing is now part of the private API.
 /home/kjablonk/programs/pypal/pypal/pal/validate_inputs.py:146: UserWarning:No goals provided,                 will assume that every dimension should be maximized
 /home/kjablonk/anaconda3/envs/dispersant_screener/lib/python3.7/site-packages/GPy/kern/src/stationary.py:166: RuntimeWarning:overflow encountered in true_divide
 /home/kjablonk/anaconda3/envs/dispersant_screener/lib/python3.7/site-packages/GPy/kern/src/stationary.py:137: RuntimeWarning:overflow encountered in square
 /home/kjablonk/anaconda3/envs/dispersant_screener/lib/python3.7/site-packages/GPy/kern/src/stationary.py:138: RuntimeWarning:invalid value encountered in add
 /home/kjablonk/anaconda3/envs/dispersant_screener/lib/python3.7/site-packages/GPy/kern/src/stationary.py:565: RuntimeWarning:invalid value encountered in multiply
 /home/kjablonk/anaconda3/envs/dispersant_screener/lib/python3.7/site-packages/GPy/kern/src/stationary.py:568: RuntimeWarning:invalid value encountered in subtract
 /home/kjablonk/anaconda3/envs/dispersant_screener/lib/python3.7/site-packages/paramz/transformations.py:111: RuntimeWarning:overflow encountered in expm1
 /home/kjablonk/anaconda3/envs/dispersant_screener/lib/python3.7/site-packages/GPy/kern/src/stationary.py:166: RuntimeWarning:overflow encountered in true_divide
 /home/kjablonk/anaconda3/envs/dispersant_screener/lib/python3.7/site-packages/GPy/kern/src/stationary.py:137: RuntimeWarning:overflow encountered in square
 /home/kjablonk/anaconda3/envs/dispersant_screener/lib/python3.7/site-packages/GPy/kern/src/stationary.py:138: RuntimeWarning:invalid value encountered in add
 /home/kjablonk/anaconda3/envs/dispersant_screener/lib/python3.7/site-packages/GPy/kern/src/stationary.py:565: RuntimeWarning:invalid value encountered in multiply
 /home/kjablonk/anaconda3/envs/dispersant_screener/lib/python3.7/site-packages/GPy/kern/src/stationary.py:568: RuntimeWarning:invalid value encountered in subtract
 /home/kjablonk/anaconda3/envs/dispersant_screener/lib/python3.7/site-packages/GPy/kern/src/stationary.py:243: RuntimeWarning:invalid value encountered in true_divide
 /home/kjablonk/anaconda3/envs/dispersant_screener/lib/python3.7/site-packages/numpy/core/_asarray.py:136: VisibleDeprecationWarning:Creating an ndarray from ragged nested sequences (which is a list-or-tuple of lists-or-tuples-or ndarrays with different lengths or shapes) is deprecated. If you meant to do this, you must specify 'dtype=object' when creating the ndarray
Maximum hypervolume 1536.0438526567837
STARTING PAL
Optimization restart 1/20, f = -36.12081881500002
Optimization restart 2/20, f = -32.44094445305275
Optimization restart 3/20, f = -36.12098718799504
Optimization restart 4/20, f = -29.385516584453217
Optimization restart 5/20, f = -28.09383837277303
Optimization restart 6/20, f = -35.47988887249537
Optimization restart 7/20, f = -34.275334605477205
Optimization restart 8/20, f = -34.28705000727538
Optimization restart 9/20, f = -30.548132707968826
Optimization restart 10/20, f = 11.510972515017716
Optimization restart 11/20, f = -27.029245168333063
Optimization restart 12/20, f = -30.924386120016653
Optimization restart 13/20, f = -21.397186066764885
Optimization restart 14/20, f = -34.0851144791707
Optimization restart 15/20, f = -30.857934491099968
Optimization restart 16/20, f = -29.017593519962258
Optimization restart 17/20, f = 11.634812371839853
Optimization restart 18/20, f = -28.339304288020227
Optimization restart 19/20, f = -31.17107827628674
Optimization restart 20/20, f = -36.12054083475236
pypal at iteration 1.         0 Pareto optimal points,         5 discarded points,         3120 unclassified points.
Hypervolume 0
pypal at iteration 2.         0 Pareto optimal points,         729 discarded points,         2396 unclassified points.
Hypervolume 0
pypal at iteration 3.         0 Pareto optimal points,         729 discarded points,         2396 unclassified points.
Hypervolume 0
pypal at iteration 4.         1 Pareto optimal points,         730 discarded points,         2394 unclassified points.
Hypervolume 1204.6929879669724
pypal at iteration 5.         3 Pareto optimal points,         732 discarded points,         2390 unclassified points.
Hypervolume 1224.554569160746
pypal at iteration 6.         5 Pareto optimal points,         816 discarded points,         2304 unclassified points.
Hypervolume 1224.9914266872668
pypal at iteration 7.         6 Pareto optimal points,         817 discarded points,         2302 unclassified points.
Hypervolume 1225.1274831381236
pypal at iteration 8.         6 Pareto optimal points,         819 discarded points,         2300 unclassified points.
Hypervolume 1225.1274831381236
pypal at iteration 9.         7 Pareto optimal points,         820 discarded points,         2298 unclassified points.
Hypervolume 1235.74536802689
pypal at iteration 10.         7 Pareto optimal points,         1183 discarded points,         1935 unclassified points.
Hypervolume 1235.74536802689
Optimization restart 1/20, f = -74.48337998027287
Optimization restart 2/20, f = -84.22828419521012
Optimization restart 3/20, f = -84.41247678875519
Optimization restart 4/20, f = -83.00021196615924
Optimization restart 5/20, f = -84.57732181767665
Optimization restart 6/20, f = -84.85825701845782
Optimization restart 7/20, f = -83.37375483253886
Optimization restart 8/20, f = -67.63787507547852
Optimization restart 9/20, f = -83.00106241933037
Optimization restart 10/20, f = -83.86978832127593
Optimization restart 11/20, f = -81.81104141122606
Optimization restart 12/20, f = -85.40986615816632
Optimization restart 13/20, f = -83.46377134381032
Optimization restart 14/20, f = -84.3973014315938
Optimization restart 15/20, f = -84.58805806208349
Optimization restart 16/20, f = -84.66391937929504
Optimization restart 17/20, f = -84.5134546005406
Optimization restart 18/20, f = -76.61312904473087
Optimization restart 19/20, f = -83.59119081653131
Optimization restart 20/20, f = -85.32137795612452
pypal at iteration 11.         10 Pareto optimal points,         1721 discarded points,         1394 unclassified points.
Hypervolume 1235.7484905717301
pypal at iteration 12.         11 Pareto optimal points,         1834 discarded points,         1280 unclassified points.
Hypervolume 1235.7484905717301
pypal at iteration 13.         11 Pareto optimal points,         1850 discarded points,         1264 unclassified points.
Hypervolume 1235.7484905717301
pypal at iteration 14.         11 Pareto optimal points,         1866 discarded points,         1248 unclassified points.
Hypervolume 1235.7484905717301
pypal at iteration 15.         11 Pareto optimal points,         1869 discarded points,         1245 unclassified points.
Hypervolume 1235.7484905717301
pypal at iteration 16.         11 Pareto optimal points,         1873 discarded points,         1241 unclassified points.
Hypervolume 1235.7484905717301
pypal at iteration 17.         11 Pareto optimal points,         1891 discarded points,         1223 unclassified points.
Hypervolume 1235.7484905717301
pypal at iteration 18.         11 Pareto optimal points,         1898 discarded points,         1216 unclassified points.
Hypervolume 1235.7484905717301
pypal at iteration 19.         11 Pareto optimal points,         1902 discarded points,         1212 unclassified points.
Hypervolume 1235.7484905717301
pypal at iteration 20.         11 Pareto optimal points,         1914 discarded points,         1200 unclassified points.
Hypervolume 1235.7484905717301
Optimization restart 1/20, f = -135.16900866576117
Optimization restart 2/20, f = -109.36517452414344
Optimization restart 3/20, f = -108.97319961173707
Optimization restart 4/20, f = -134.31730260952008
Optimization restart 5/20, f = -91.35387003213057
Optimization restart 6/20, f = -133.58756039251546
Optimization restart 7/20, f = -133.53582941926766
Optimization restart 8/20, f = -133.33874199963606
Optimization restart 9/20, f = -133.48646571618383
Optimization restart 10/20, f = -115.1841392171702
Optimization restart 11/20, f = -123.51618008879859
Optimization restart 12/20, f = -104.52716925316554
Optimization restart 13/20, f = -135.27835957516425
Optimization restart 14/20, f = -133.6532132247262
Optimization restart 15/20, f = -134.19123998774043
Optimization restart 16/20, f = -106.90774150209833
Optimization restart 17/20, f = -133.54700895865986
Optimization restart 18/20, f = -135.03930600616278
Optimization restart 19/20, f = -133.60000660469976
Optimization restart 20/20, f = -107.24422808004019
pypal at iteration 21.         11 Pareto optimal points,         1961 discarded points,         1153 unclassified points.
Hypervolume 1235.7484905717301
pypal at iteration 22.         11 Pareto optimal points,         1982 discarded points,         1132 unclassified points.
Hypervolume 1235.7484905717301
pypal at iteration 23.         11 Pareto optimal points,         1996 discarded points,         1118 unclassified points.
Hypervolume 1235.7484905717301
pypal at iteration 24.         11 Pareto optimal points,         2019 discarded points,         1095 unclassified points.
Hypervolume 1235.7484905717301
pypal at iteration 25.         12 Pareto optimal points,         2020 discarded points,         1093 unclassified points.
Hypervolume 1235.7484905717301
pypal at iteration 26.         13 Pareto optimal points,         2021 discarded points,         1091 unclassified points.
Hypervolume 1235.7484905717301
pypal at iteration 27.         15 Pareto optimal points,         2022 discarded points,         1088 unclassified points.
Hypervolume 1235.7484905717301
pypal at iteration 28.         16 Pareto optimal points,         2031 discarded points,         1078 unclassified points.
Hypervolume 1235.7484905717301
pypal at iteration 29.         16 Pareto optimal points,         2035 discarded points,         1074 unclassified points.
Hypervolume 1235.7484905717301
pypal at iteration 30.         16 Pareto optimal points,         2040 discarded points,         1069 unclassified points.
Hypervolume 1235.7484905717301
Optimization restart 1/20, f = -186.96868984299013
Optimization restart 2/20, f = -141.14271793895608
Optimization restart 3/20, f = -156.76581783302458
Optimization restart 4/20, f = -186.10350842932507
Optimization restart 5/20, f = -186.49145845735353
Optimization restart 6/20, f = -156.77581999646702
Optimization restart 7/20, f = -180.52302688378782
Optimization restart 8/20, f = -181.05034042084702
Optimization restart 9/20, f = -186.39086045524715
Optimization restart 10/20, f = -183.68607431530006
Optimization restart 11/20, f = -187.45001282280336
Optimization restart 12/20, f = -159.74336060515276
Optimization restart 13/20, f = -157.20349464751604
Optimization restart 14/20, f = -156.50995222700988
Optimization restart 15/20, f = -184.5598749652159
Optimization restart 16/20, f = -186.5555303483703
Optimization restart 17/20, f = -183.89507074574948
Optimization restart 18/20, f = -186.61502750002924
Optimization restart 19/20, f = -159.65281689252797
Optimization restart 20/20, f = -156.50333655300102
pypal at iteration 31.         18 Pareto optimal points,         2053 discarded points,         1054 unclassified points.
Hypervolume 1235.7484905717301
pypal at iteration 32.         18 Pareto optimal points,         2054 discarded points,         1053 unclassified points.
Hypervolume 1235.7484905717301
pypal at iteration 33.         20 Pareto optimal points,         2055 discarded points,         1050 unclassified points.
Hypervolume 1235.7485361132801
pypal at iteration 34.         20 Pareto optimal points,         2056 discarded points,         1049 unclassified points.
Hypervolume 1235.7485361132801
pypal at iteration 35.         20 Pareto optimal points,         2057 discarded points,         1048 unclassified points.
Hypervolume 1235.7485361132801
pypal at iteration 36.         20 Pareto optimal points,         2058 discarded points,         1047 unclassified points.
Hypervolume 1235.7485361132801
pypal at iteration 37.         20 Pareto optimal points,         2060 discarded points,         1045 unclassified points.
Hypervolume 1235.7485361132801
pypal at iteration 38.         20 Pareto optimal points,         2061 discarded points,         1044 unclassified points.
Hypervolume 1235.7485361132801
pypal at iteration 39.         20 Pareto optimal points,         2062 discarded points,         1043 unclassified points.
Hypervolume 1235.7485361132801
pypal at iteration 40.         20 Pareto optimal points,         2063 discarded points,         1042 unclassified points.
Hypervolume 1235.7485361132801
Optimization restart 1/20, f = -254.51321707426675
Optimization restart 2/20, f = -205.58867601985514
Optimization restart 3/20, f = -252.5579342351542
Optimization restart 4/20, f = -252.9210620403877
Optimization restart 5/20, f = -214.53421175039796
Optimization restart 6/20, f = -252.60330553238342
Optimization restart 7/20, f = -252.91312999201705
Optimization restart 8/20, f = -213.90853931346004
Optimization restart 9/20, f = -214.4569777275712
Optimization restart 10/20, f = -214.477238113964
Optimization restart 11/20, f = -192.7993294052918
Optimization restart 12/20, f = -214.454867310263
Optimization restart 13/20, f = -249.62600566159608
Optimization restart 14/20, f = -253.04549114972764
Optimization restart 15/20, f = -240.89767940689816
Optimization restart 16/20, f = -253.37180296066416
Optimization restart 17/20, f = -252.74336311071326
Optimization restart 18/20, f = -214.37273049206283
Optimization restart 19/20, f = -211.57901412148516
Optimization restart 20/20, f = -250.06978351305247
pypal at iteration 41.         21 Pareto optimal points,         2077 discarded points,         1027 unclassified points.
Hypervolume 1235.7485361132804
pypal at iteration 42.         21 Pareto optimal points,         2079 discarded points,         1025 unclassified points.
Hypervolume 1235.7485361132804
pypal at iteration 43.         21 Pareto optimal points,         2081 discarded points,         1023 unclassified points.
Hypervolume 1235.7485361132804
pypal at iteration 44.         21 Pareto optimal points,         2081 discarded points,         1023 unclassified points.
Hypervolume 1235.7485361132804
pypal at iteration 45.         21 Pareto optimal points,         2082 discarded points,         1022 unclassified points.
Hypervolume 1235.7485361132804
pypal at iteration 46.         21 Pareto optimal points,         2083 discarded points,         1021 unclassified points.
Hypervolume 1235.7485361132804
pypal at iteration 47.         21 Pareto optimal points,         2085 discarded points,         1019 unclassified points.
Hypervolume 1235.7485361132804
pypal at iteration 48.         22 Pareto optimal points,         2086 discarded points,         1017 unclassified points.
Hypervolume 1235.7485361132804
pypal at iteration 49.         23 Pareto optimal points,         2086 discarded points,         1016 unclassified points.
Hypervolume 1235.7485361132804
pypal at iteration 50.         25 Pareto optimal points,         2087 discarded points,         1013 unclassified points.
Hypervolume 1259.6103339130714
Optimization restart 1/20, f = -321.90999805270246
Optimization restart 2/20, f = -261.43990823092565
Optimization restart 3/20, f = -320.2331166987875
Optimization restart 4/20, f = -271.5176917151553
Optimization restart 5/20, f = -214.1731475346804
Optimization restart 6/20, f = -270.44466493038806
Optimization restart 7/20, f = -271.0206227922138
Optimization restart 8/20, f = -319.46695221332334
Optimization restart 9/20, f = -319.84033517752425
Optimization restart 10/20, f = -270.99755375799083
Optimization restart 11/20, f = -321.0017301721902
Optimization restart 12/20, f = -319.5924563484949
Optimization restart 13/20, f = -314.8073859869215
Optimization restart 14/20, f = -261.57102733579006
Optimization restart 15/20, f = -320.7356220152511
Optimization restart 16/20, f = -248.01524704361447
Optimization restart 17/20, f = -319.59459600524593
Optimization restart 18/20, f = -313.2826513356165
Optimization restart 19/20, f = -306.4730827437558
Optimization restart 20/20, f = -261.7833196293436
pypal at iteration 51.         25 Pareto optimal points,         2090 discarded points,         1010 unclassified points.
Hypervolume 1259.6103339130714
pypal at iteration 52.         25 Pareto optimal points,         2091 discarded points,         1009 unclassified points.
Hypervolume 1259.6103339130714
pypal at iteration 53.         25 Pareto optimal points,         2092 discarded points,         1008 unclassified points.
Hypervolume 1259.6103339130714
pypal at iteration 54.         25 Pareto optimal points,         2093 discarded points,         1007 unclassified points.
Hypervolume 1259.6103339130714
pypal at iteration 55.         25 Pareto optimal points,         2093 discarded points,         1007 unclassified points.
Hypervolume 1259.6103339130714
pypal at iteration 56.         25 Pareto optimal points,         2094 discarded points,         1006 unclassified points.
Hypervolume 1259.6103339130714
pypal at iteration 57.         25 Pareto optimal points,         2095 discarded points,         1005 unclassified points.
Hypervolume 1259.6103339130714
pypal at iteration 58.         25 Pareto optimal points,         2095 discarded points,         1005 unclassified points.
Hypervolume 1259.6103339130714
pypal at iteration 59.         25 Pareto optimal points,         2096 discarded points,         1004 unclassified points.
Hypervolume 1259.6103339130714
pypal at iteration 60.         25 Pareto optimal points,         2096 discarded points,         1004 unclassified points.
Hypervolume 1259.6103339130714
Optimization restart 1/20, f = -379.3913128339736
Optimization restart 2/20, f = -305.3890272767148
Optimization restart 3/20, f = -378.05772505870004
Optimization restart 4/20, f = -377.763202288417
Optimization restart 5/20, f = -303.14911739592657
Optimization restart 6/20, f = -375.1014196405452
Optimization restart 7/20, f = -370.7014831171189
Optimization restart 8/20, f = -376.14409150385023
Optimization restart 9/20, f = -376.76897415431637
Optimization restart 10/20, f = -375.85235338202574
Optimization restart 11/20, f = -338.71132764333504
Optimization restart 12/20, f = -305.28088386187824
Optimization restart 13/20, f = -377.2597285055595
Optimization restart 14/20, f = -377.19347823596377
Optimization restart 15/20, f = -377.80551455109355
Optimization restart 16/20, f = -376.1481337347176
Optimization restart 17/20, f = -377.6686145046411
Optimization restart 18/20, f = -303.1779688137126
Optimization restart 19/20, f = -377.9151219419167
Optimization restart 20/20, f = -301.9829760055748
pypal at iteration 61.         26 Pareto optimal points,         2312 discarded points,         787 unclassified points.
Hypervolume 1266.0599946756531
pypal at iteration 62.         26 Pareto optimal points,         2315 discarded points,         784 unclassified points.
Hypervolume 1266.0599946756531
pypal at iteration 63.         26 Pareto optimal points,         2316 discarded points,         783 unclassified points.
Hypervolume 1266.0599946756531
pypal at iteration 64.         26 Pareto optimal points,         2317 discarded points,         782 unclassified points.
Hypervolume 1266.0599946756531
pypal at iteration 65.         27 Pareto optimal points,         2650 discarded points,         448 unclassified points.
Hypervolume 1298.0002292160807
pypal at iteration 66.         28 Pareto optimal points,         2652 discarded points,         445 unclassified points.
Hypervolume 1298.3312188161867
pypal at iteration 67.         28 Pareto optimal points,         2653 discarded points,         444 unclassified points.
Hypervolume 1298.3312188161867
pypal at iteration 68.         28 Pareto optimal points,         2654 discarded points,         443 unclassified points.
Hypervolume 1298.3312188161867
pypal at iteration 69.         28 Pareto optimal points,         2654 discarded points,         443 unclassified points.
Hypervolume 1298.3312188161867
pypal at iteration 70.         28 Pareto optimal points,         2654 discarded points,         443 unclassified points.
Hypervolume 1298.3312188161867
Optimization restart 1/20, f = -449.2308976808599
Optimization restart 2/20, f = -423.28874378582594
Optimization restart 3/20, f = -445.82941919078263
Optimization restart 4/20, f = -356.9807182728587
Optimization restart 5/20, f = -262.06611055655253
Optimization restart 6/20, f = -446.1325419197108
Optimization restart 7/20, f = -362.8876447092536
Optimization restart 8/20, f = -292.12743365988973
Optimization restart 9/20, f = -447.4367117012868
Optimization restart 10/20, f = -290.78102923375684
Optimization restart 11/20, f = -356.91156797231054
Optimization restart 12/20, f = -447.0779205023757
Optimization restart 13/20, f = -303.6855592579938
Optimization restart 14/20, f = -444.9505951159862
Optimization restart 15/20, f = -446.87596442646816
Optimization restart 16/20, f = -358.50090548593505
Optimization restart 17/20, f = -444.75413960698336
Optimization restart 18/20, f = -447.5492484601729
Optimization restart 19/20, f = -444.97126564428584
Optimization restart 20/20, f = -446.77399168716266
pypal at iteration 71.         29 Pareto optimal points,         2655 discarded points,         441 unclassified points.
Hypervolume 1298.3312188161867
pypal at iteration 72.         30 Pareto optimal points,         2896 discarded points,         199 unclassified points.
Hypervolume 1318.3388459912935
pypal at iteration 73.         30 Pareto optimal points,         2904 discarded points,         191 unclassified points.
Hypervolume 1318.3388459912935
pypal at iteration 74.         30 Pareto optimal points,         2906 discarded points,         189 unclassified points.
Hypervolume 1318.3388459912935
pypal at iteration 75.         30 Pareto optimal points,         2906 discarded points,         189 unclassified points.
Hypervolume 1318.3388459912935
pypal at iteration 76.         30 Pareto optimal points,         2906 discarded points,         189 unclassified points.
Hypervolume 1318.3388459912935
pypal at iteration 77.         30 Pareto optimal points,         2907 discarded points,         188 unclassified points.
Hypervolume 1318.3388459912935
pypal at iteration 78.         30 Pareto optimal points,         2908 discarded points,         187 unclassified points.
Hypervolume 1318.3388459912935
pypal at iteration 79.         30 Pareto optimal points,         2908 discarded points,         187 unclassified points.
Hypervolume 1318.3388459912935
pypal at iteration 80.         30 Pareto optimal points,         2908 discarded points,         187 unclassified points.
Hypervolume 1318.3388459912935
Optimization restart 1/20, f = -507.91575972175133
Optimization restart 2/20, f = -504.39340399132686
Optimization restart 3/20, f = -498.2835007962975
Optimization restart 4/20, f = -506.4820138624682
Optimization restart 5/20, f = -504.63050330150605
Optimization restart 6/20, f = -503.72324006968915
Optimization restart 7/20, f = -505.97813859705974
Optimization restart 8/20, f = -503.0701892972204
Optimization restart 9/20, f = -409.35590784727776
Optimization restart 10/20, f = -501.5916577901321
Optimization restart 11/20, f = -409.45717510790473
Optimization restart 12/20, f = -506.0705951935064
Optimization restart 13/20, f = -506.90910660177764
Optimization restart 14/20, f = -499.0023676785962
Optimization restart 15/20, f = -466.16061643955425
Optimization restart 16/20, f = -502.7840088440435
Optimization restart 17/20, f = -501.0593513000587
Optimization restart 18/20, f = -407.7589225552622
Optimization restart 19/20, f = -504.16435218441137
Optimization restart 20/20, f = -502.48696837400956
pypal at iteration 81.         30 Pareto optimal points,         2908 discarded points,         187 unclassified points.
Hypervolume 1318.3388459912935
pypal at iteration 82.         30 Pareto optimal points,         2909 discarded points,         186 unclassified points.
Hypervolume 1318.3388459912935
pypal at iteration 83.         30 Pareto optimal points,         2910 discarded points,         185 unclassified points.
Hypervolume 1318.3388459912935
pypal at iteration 84.         30 Pareto optimal points,         2910 discarded points,         185 unclassified points.
Hypervolume 1318.3388459912935
pypal at iteration 85.         30 Pareto optimal points,         2910 discarded points,         185 unclassified points.
Hypervolume 1318.3388459912935
pypal at iteration 86.         30 Pareto optimal points,         2910 discarded points,         185 unclassified points.
Hypervolume 1318.3388459912935
pypal at iteration 87.         30 Pareto optimal points,         2911 discarded points,         184 unclassified points.
Hypervolume 1318.3388459912935
pypal at iteration 88.         30 Pareto optimal points,         2911 discarded points,         184 unclassified points.
Hypervolume 1318.3388459912935
pypal at iteration 89.         33 Pareto optimal points,         2911 discarded points,         181 unclassified points.
Hypervolume 1319.449099198613
pypal at iteration 90.         33 Pareto optimal points,         2911 discarded points,         181 unclassified points.
Hypervolume 1319.449099198613
Optimization restart 1/20, f = -569.5911527377843
Optimization restart 2/20, f = -563.487575834785
Optimization restart 3/20, f = -535.9308902522711
Optimization restart 4/20, f = -564.444827112424
Optimization restart 5/20, f = -567.8807314232267
Optimization restart 6/20, f = -456.62647597967015
Optimization restart 7/20, f = -566.8278552686663
Optimization restart 8/20, f = -565.4997125448654
Optimization restart 9/20, f = -566.9194637215393
Optimization restart 10/20, f = -460.5544684943242
Optimization restart 11/20, f = -567.4187742214373
Optimization restart 12/20, f = -567.6409484062822
Optimization restart 13/20, f = -557.8306292892573
Optimization restart 14/20, f = -567.7884568532963
Optimization restart 15/20, f = -380.6037343499099
Optimization restart 16/20, f = -458.4296476655696
Optimization restart 17/20, f = -564.3025961747214
Optimization restart 18/20, f = -566.4446323496148
Optimization restart 19/20, f = -566.4553214689655
Optimization restart 20/20, f = -567.0052783411002
pypal at iteration 91.         33 Pareto optimal points,         2911 discarded points,         181 unclassified points.
Hypervolume 1319.449099198613
pypal at iteration 92.         33 Pareto optimal points,         2911 discarded points,         181 unclassified points.
Hypervolume 1319.449099198613
pypal at iteration 93.         33 Pareto optimal points,         2911 discarded points,         181 unclassified points.
Hypervolume 1319.449099198613
pypal at iteration 94.         34 Pareto optimal points,         2914 discarded points,         177 unclassified points.
Hypervolume 1359.253048895137
pypal at iteration 95.         34 Pareto optimal points,         2915 discarded points,         176 unclassified points.
Hypervolume 1359.253048895137
pypal at iteration 96.         34 Pareto optimal points,         2916 discarded points,         175 unclassified points.
Hypervolume 1359.253048895137
pypal at iteration 97.         34 Pareto optimal points,         2916 discarded points,         175 unclassified points.
Hypervolume 1359.253048895137
pypal at iteration 98.         34 Pareto optimal points,         2916 discarded points,         175 unclassified points.
Hypervolume 1359.253048895137
pypal at iteration 99.         34 Pareto optimal points,         2917 discarded points,         174 unclassified points.
Hypervolume 1359.253048895137
pypal at iteration 100.         34 Pareto optimal points,         2917 discarded points,         174 unclassified points.
Hypervolume 1359.253048895137
Optimization restart 1/20, f = -632.0387899812971
Optimization restart 2/20, f = -629.869767452994
Optimization restart 3/20, f = -629.3167520930051
Optimization restart 4/20, f = -628.8401967369791
Optimization restart 5/20, f = -628.7372438755224
Optimization restart 6/20, f = -624.235894888875
Optimization restart 7/20, f = -629.138692385013
Optimization restart 8/20, f = -628.6363135206161
Optimization restart 9/20, f = -628.0635062665579
Optimization restart 10/20, f = -520.0662365801223
Optimization restart 11/20, f = -628.9849087549107
Optimization restart 12/20, f = -624.4167289186643
Optimization restart 13/20, f = -621.9437602297047
Optimization restart 14/20, f = -615.5735007346441
Optimization restart 15/20, f = -625.3615267029638
Optimization restart 16/20, f = -623.2962050681581
Optimization restart 17/20, f = -625.7143535618513
Optimization restart 18/20, f = -508.9358751397624
Optimization restart 19/20, f = -627.3051837000605
Optimization restart 20/20, f = -626.4972529167944
pypal at iteration 101.         34 Pareto optimal points,         2918 discarded points,         173 unclassified points.
Hypervolume 1359.253048895137
pypal at iteration 102.         34 Pareto optimal points,         2919 discarded points,         172 unclassified points.
Hypervolume 1359.253048895137
pypal at iteration 103.         34 Pareto optimal points,         2920 discarded points,         171 unclassified points.
Hypervolume 1359.253048895137
pypal at iteration 104.         34 Pareto optimal points,         2920 discarded points,         171 unclassified points.
Hypervolume 1359.253048895137
pypal at iteration 105.         34 Pareto optimal points,         2921 discarded points,         170 unclassified points.
Hypervolume 1359.253048895137
pypal at iteration 106.         34 Pareto optimal points,         2922 discarded points,         169 unclassified points.
Hypervolume 1359.253048895137
pypal at iteration 107.         34 Pareto optimal points,         2922 discarded points,         169 unclassified points.
Hypervolume 1359.253048895137
pypal at iteration 108.         34 Pareto optimal points,         2923 discarded points,         168 unclassified points.
Hypervolume 1359.253048895137
pypal at iteration 109.         35 Pareto optimal points,         2931 discarded points,         159 unclassified points.
Hypervolume 1362.0067140564497
pypal at iteration 110.         35 Pareto optimal points,         2933 discarded points,         157 unclassified points.
Hypervolume 1362.0067140564497
Optimization restart 1/20, f = -674.2833289462701
Optimization restart 2/20, f = -669.3049140994929
Optimization restart 3/20, f = -667.6490443165984
Optimization restart 4/20, f = -663.4698780197227
Optimization restart 5/20, f = -673.013686206597
Optimization restart 6/20, f = -666.4697309200994
Optimization restart 7/20, f = -673.4318191948967
Optimization restart 8/20, f = -511.3611777114989
Optimization restart 9/20, f = -548.5300540443552
Optimization restart 10/20, f = -673.4121178236351
Optimization restart 11/20, f = -629.671310331383
Optimization restart 12/20, f = -465.0819038116248
Optimization restart 13/20, f = -670.4526418681672
Optimization restart 14/20, f = -665.6136446568595
Optimization restart 15/20, f = -549.5813987963081
Optimization restart 16/20, f = -671.0210440720642
Optimization restart 17/20, f = -664.1966196532237
Optimization restart 18/20, f = -670.7415689965209
Optimization restart 19/20, f = -669.6963950699555
Optimization restart 20/20, f = -553.4141349069712
pypal at iteration 111.         35 Pareto optimal points,         2934 discarded points,         156 unclassified points.
Hypervolume 1362.0067140564497
pypal at iteration 112.         36 Pareto optimal points,         2965 discarded points,         124 unclassified points.
Hypervolume 1378.2997572733125
pypal at iteration 113.         36 Pareto optimal points,         2966 discarded points,         123 unclassified points.
Hypervolume 1378.2997572733125
pypal at iteration 114.         36 Pareto optimal points,         2967 discarded points,         122 unclassified points.
Hypervolume 1378.2997572733125
pypal at iteration 115.         36 Pareto optimal points,         2968 discarded points,         121 unclassified points.
Hypervolume 1378.2997572733125
pypal at iteration 116.         37 Pareto optimal points,         2972 discarded points,         116 unclassified points.
Hypervolume 1379.719675494331
pypal at iteration 117.         37 Pareto optimal points,         2973 discarded points,         115 unclassified points.
Hypervolume 1379.719675494331
pypal at iteration 118.         37 Pareto optimal points,         2974 discarded points,         114 unclassified points.
Hypervolume 1379.719675494331
pypal at iteration 119.         37 Pareto optimal points,         2975 discarded points,         113 unclassified points.
Hypervolume 1379.719675494331
pypal at iteration 120.         38 Pareto optimal points,         3002 discarded points,         85 unclassified points.
Hypervolume 1381.1038167873926
Optimization restart 1/20, f = -728.3475063845702
Optimization restart 2/20, f = -725.1798182732183
Optimization restart 3/20, f = -726.0528393659093
Optimization restart 4/20, f = -726.5830499425722
Optimization restart 5/20, f = -725.8991420828049
Optimization restart 6/20, f = -726.7067489747917
Optimization restart 7/20, f = -727.5666001548661
Optimization restart 8/20, f = -535.2657485433307
Optimization restart 9/20, f = -725.3152642312444
Optimization restart 10/20, f = -724.0610096617381
Optimization restart 11/20, f = -603.2549434227808
Optimization restart 12/20, f = -704.6758194238423
Optimization restart 13/20, f = -722.5986078933856
Optimization restart 14/20, f = -719.5122454083383
Optimization restart 15/20, f = -724.811255569057
Optimization restart 16/20, f = -723.8172382441899
Optimization restart 17/20, f = -724.8641121474313
Optimization restart 18/20, f = -728.7374988779279
Optimization restart 19/20, f = -709.526966482534
Optimization restart 20/20, f = -722.0890735868852
pypal at iteration 121.         38 Pareto optimal points,         3003 discarded points,         84 unclassified points.
Hypervolume 1381.1038167873926
pypal at iteration 122.         39 Pareto optimal points,         3003 discarded points,         83 unclassified points.
Hypervolume 1420.0559717760002
pypal at iteration 123.         39 Pareto optimal points,         3004 discarded points,         82 unclassified points.
Hypervolume 1420.0559717760002
pypal at iteration 124.         39 Pareto optimal points,         3005 discarded points,         81 unclassified points.
Hypervolume 1420.0559717760002
pypal at iteration 125.         39 Pareto optimal points,         3006 discarded points,         80 unclassified points.
Hypervolume 1420.0559717760002
pypal at iteration 126.         39 Pareto optimal points,         3007 discarded points,         79 unclassified points.
Hypervolume 1420.0559717760002
pypal at iteration 127.         39 Pareto optimal points,         3007 discarded points,         79 unclassified points.
Hypervolume 1420.0559717760002
pypal at iteration 128.         39 Pareto optimal points,         3008 discarded points,         78 unclassified points.
Hypervolume 1420.0559717760002
pypal at iteration 129.         39 Pareto optimal points,         3009 discarded points,         77 unclassified points.
Hypervolume 1420.0559717760002
pypal at iteration 130.         39 Pareto optimal points,         3010 discarded points,         76 unclassified points.
Hypervolume 1420.0559717760002
Optimization restart 1/20, f = -776.9769827652134
Optimization restart 2/20, f = -772.1317442754515
Optimization restart 3/20, f = -580.5530550275455
Optimization restart 4/20, f = -773.9923119369784
Optimization restart 5/20, f = -774.3115766785033
Optimization restart 6/20, f = -773.792854676411
Optimization restart 7/20, f = -670.303395737706
Optimization restart 8/20, f = -773.2077500850628
Optimization restart 9/20, f = -645.6112078830487
Optimization restart 10/20, f = -768.7573883077641
Optimization restart 11/20, f = -767.4404446582423
Optimization restart 12/20, f = -759.0956646685682
Optimization restart 13/20, f = -640.8401102012574
Optimization restart 14/20, f = -773.800161310711
Optimization restart 15/20, f = -774.8088755241495
Optimization restart 16/20, f = -773.7575009147813
Optimization restart 17/20, f = -773.1520607721219
Optimization restart 18/20, f = -775.4092506616438
Optimization restart 19/20, f = -775.1432991292318
Optimization restart 20/20, f = -515.5032374824592
pypal at iteration 131.         39 Pareto optimal points,         3011 discarded points,         75 unclassified points.
Hypervolume 1420.0559717760002
pypal at iteration 132.         39 Pareto optimal points,         3011 discarded points,         75 unclassified points.
Hypervolume 1420.0559717760002
pypal at iteration 133.         39 Pareto optimal points,         3012 discarded points,         74 unclassified points.
Hypervolume 1420.0559717760002
pypal at iteration 134.         39 Pareto optimal points,         3013 discarded points,         73 unclassified points.
Hypervolume 1420.0559717760002
pypal at iteration 135.         39 Pareto optimal points,         3014 discarded points,         72 unclassified points.
Hypervolume 1420.0559717760002
pypal at iteration 136.         39 Pareto optimal points,         3015 discarded points,         71 unclassified points.
Hypervolume 1420.0559717760002
pypal at iteration 137.         39 Pareto optimal points,         3016 discarded points,         70 unclassified points.
Hypervolume 1420.0559717760002
pypal at iteration 138.         39 Pareto optimal points,         3017 discarded points,         69 unclassified points.
Hypervolume 1420.0559717760002
pypal at iteration 139.         39 Pareto optimal points,         3018 discarded points,         68 unclassified points.
Hypervolume 1420.0559717760002
pypal at iteration 140.         39 Pareto optimal points,         3019 discarded points,         67 unclassified points.
Hypervolume 1420.0559717760002
Optimization restart 1/20, f = -831.3178985210125
Optimization restart 2/20, f = -827.4330415226503
Optimization restart 3/20, f = -829.6180411370658
Optimization restart 4/20, f = -820.5823406027914
Optimization restart 5/20, f = -685.2213416968516
Optimization restart 6/20, f = -687.5128173742359
Optimization restart 7/20, f = -827.116802031911
Optimization restart 8/20, f = -826.7176568658459
Optimization restart 9/20, f = -691.2736340864366
Optimization restart 10/20, f = -676.2454706970216
Optimization restart 11/20, f = -824.1522692621961
Optimization restart 12/20, f = -707.165356446579
Optimization restart 13/20, f = -827.3535158557243
Optimization restart 14/20, f = -828.0998083826258
Optimization restart 15/20, f = -828.0587791869517
Optimization restart 16/20, f = -825.9644128002759
Optimization restart 17/20, f = -817.5499310764633
Optimization restart 18/20, f = -825.6996735723769
Optimization restart 19/20, f = -827.3251112549295
Optimization restart 20/20, f = -687.4842673584318
pypal at iteration 141.         39 Pareto optimal points,         3020 discarded points,         66 unclassified points.
Hypervolume 1420.0559717760002
pypal at iteration 142.         39 Pareto optimal points,         3021 discarded points,         65 unclassified points.
Hypervolume 1420.0559717760002
pypal at iteration 143.         40 Pareto optimal points,         3049 discarded points,         36 unclassified points.
Hypervolume 1428.3311488409279
pypal at iteration 144.         40 Pareto optimal points,         3050 discarded points,         35 unclassified points.
Hypervolume 1428.3311488409279
pypal at iteration 145.         40 Pareto optimal points,         3051 discarded points,         34 unclassified points.
Hypervolume 1428.3311488409279
pypal at iteration 146.         40 Pareto optimal points,         3052 discarded points,         33 unclassified points.
Hypervolume 1428.3311488409279
pypal at iteration 147.         41 Pareto optimal points,         3052 discarded points,         32 unclassified points.
Hypervolume 1439.235225058234
pypal at iteration 148.         41 Pareto optimal points,         3053 discarded points,         31 unclassified points.
Hypervolume 1439.235225058234
pypal at iteration 149.         41 Pareto optimal points,         3054 discarded points,         30 unclassified points.
Hypervolume 1439.235225058234
pypal at iteration 150.         41 Pareto optimal points,         3055 discarded points,         29 unclassified points.
Hypervolume 1439.235225058234
Optimization restart 1/20, f = -876.981251752413
Optimization restart 2/20, f = -873.5385181215031
Optimization restart 3/20, f = -288.63075050284476
Optimization restart 4/20, f = -874.0164594350326
Optimization restart 5/20, f = -869.3791357677991
Optimization restart 6/20, f = -864.3163156352937
Optimization restart 7/20, f = -870.4166231842898
Optimization restart 8/20, f = -432.5621612484351
Optimization restart 9/20, f = -872.3683195962875
Optimization restart 10/20, f = -725.509011635246
Optimization restart 11/20, f = -871.9170313361858
Optimization restart 12/20, f = -872.4458179108044
Optimization restart 13/20, f = -721.6376321776601
Optimization restart 14/20, f = -874.2525819622787
Optimization restart 15/20, f = -869.9683701414814
Optimization restart 16/20, f = -873.8489939232659
Optimization restart 17/20, f = -872.2609455095586
Optimization restart 18/20, f = -864.6183561179066
Optimization restart 19/20, f = -872.4181202587401
Optimization restart 20/20, f = -874.1941853986136
pypal at iteration 151.         41 Pareto optimal points,         3056 discarded points,         28 unclassified points.
Hypervolume 1439.235225058234
pypal at iteration 152.         41 Pareto optimal points,         3057 discarded points,         27 unclassified points.
Hypervolume 1439.235225058234
pypal at iteration 153.         41 Pareto optimal points,         3058 discarded points,         26 unclassified points.
Hypervolume 1439.235225058234
pypal at iteration 154.         41 Pareto optimal points,         3059 discarded points,         25 unclassified points.
Hypervolume 1439.235225058234
pypal at iteration 155.         41 Pareto optimal points,         3060 discarded points,         24 unclassified points.
Hypervolume 1439.235225058234
pypal at iteration 156.         41 Pareto optimal points,         3061 discarded points,         23 unclassified points.
Hypervolume 1439.235225058234
pypal at iteration 157.         41 Pareto optimal points,         3062 discarded points,         22 unclassified points.
Hypervolume 1439.235225058234
pypal at iteration 158.         41 Pareto optimal points,         3063 discarded points,         21 unclassified points.
Hypervolume 1439.235225058234
pypal at iteration 159.         41 Pareto optimal points,         3064 discarded points,         20 unclassified points.
Hypervolume 1439.235225058234
pypal at iteration 160.         41 Pareto optimal points,         3065 discarded points,         19 unclassified points.
Hypervolume 1439.235225058234
Optimization restart 1/20, f = -925.4990392433268
Optimization restart 2/20, f = -922.3127866932398
Optimization restart 3/20, f = -918.8830602556222
Optimization restart 4/20, f = -861.0748335615317
Optimization restart 5/20, f = -865.8381199943569
Optimization restart 6/20, f = -919.2268086371479
Optimization restart 7/20, f = -913.4058130830681
Optimization restart 8/20, f = -923.6185509359075
Optimization restart 9/20, f = -921.1783887481778
Optimization restart 10/20, f = -922.9953227745117
Optimization restart 11/20, f = -921.7538783643067
Optimization restart 12/20, f = -910.3658876698255
Optimization restart 13/20, f = -923.3682449333123
Optimization restart 14/20, f = -922.4142975235162
Optimization restart 15/20, f = -922.7262191441108
Optimization restart 16/20, f = -920.2058984252171
Optimization restart 17/20, f = -923.7038801319735
Optimization restart 18/20, f = -919.8224473675132
Optimization restart 19/20, f = -923.3950733151541
Optimization restart 20/20, f = -922.2016120946239
Done. No unclassified point left
pypal at iteration 160.         42 Pareto optimal points,         3083 discarded points,         0 unclassified points.
Hypervolume 1443.1303573765326
