 /home/kjablonk/anaconda3/envs/dispersant_screener/lib/python3.7/site-packages/sklearn/utils/deprecation.py:143: FutureWarning:The sklearn.preprocessing.data module is  deprecated in version 0.22 and will be removed in version 0.24. The corresponding classes / functions should instead be imported from sklearn.preprocessing. Anything that cannot be imported from sklearn.preprocessing is now part of the private API.
 /home/kjablonk/programs/pypal/pypal/pal/validate_inputs.py:146: UserWarning:No goals provided,                 will assume that every dimension should be maximized
 /home/kjablonk/anaconda3/envs/dispersant_screener/lib/python3.7/site-packages/GPy/kern/src/stationary.py:137: RuntimeWarning:overflow encountered in square
 /home/kjablonk/anaconda3/envs/dispersant_screener/lib/python3.7/site-packages/GPy/kern/src/stationary.py:138: RuntimeWarning:invalid value encountered in add
 /home/kjablonk/anaconda3/envs/dispersant_screener/lib/python3.7/site-packages/GPy/kern/src/stationary.py:565: RuntimeWarning:invalid value encountered in multiply
 /home/kjablonk/anaconda3/envs/dispersant_screener/lib/python3.7/site-packages/GPy/kern/src/stationary.py:568: RuntimeWarning:invalid value encountered in subtract
 /home/kjablonk/anaconda3/envs/dispersant_screener/lib/python3.7/site-packages/GPy/kern/src/stationary.py:166: RuntimeWarning:overflow encountered in true_divide
 /home/kjablonk/anaconda3/envs/dispersant_screener/lib/python3.7/site-packages/paramz/transformations.py:111: RuntimeWarning:overflow encountered in expm1
 /home/kjablonk/anaconda3/envs/dispersant_screener/lib/python3.7/site-packages/GPy/kern/src/stationary.py:243: RuntimeWarning:invalid value encountered in true_divide
 /home/kjablonk/anaconda3/envs/dispersant_screener/lib/python3.7/site-packages/GPy/kern/src/stationary.py:137: RuntimeWarning:overflow encountered in square
 /home/kjablonk/anaconda3/envs/dispersant_screener/lib/python3.7/site-packages/GPy/kern/src/stationary.py:138: RuntimeWarning:invalid value encountered in add
 /home/kjablonk/anaconda3/envs/dispersant_screener/lib/python3.7/site-packages/GPy/kern/src/stationary.py:565: RuntimeWarning:invalid value encountered in multiply
 /home/kjablonk/anaconda3/envs/dispersant_screener/lib/python3.7/site-packages/GPy/kern/src/stationary.py:568: RuntimeWarning:invalid value encountered in subtract
 /home/kjablonk/anaconda3/envs/dispersant_screener/lib/python3.7/site-packages/GPy/kern/src/stationary.py:166: RuntimeWarning:overflow encountered in true_divide
 /home/kjablonk/anaconda3/envs/dispersant_screener/lib/python3.7/site-packages/numpy/core/_asarray.py:136: VisibleDeprecationWarning:Creating an ndarray from ragged nested sequences (which is a list-or-tuple of lists-or-tuples-or ndarrays with different lengths or shapes) is deprecated. If you meant to do this, you must specify 'dtype=object' when creating the ndarray
Maximum hypervolume 1536.0438526567837
STARTING PAL
Optimization restart 1/20, f = -61.512937119236824
Optimization restart 2/20, f = -64.25537422789006
Optimization restart 3/20, f = -56.8471288570262
Optimization restart 4/20, f = -64.07046821061276
Optimization restart 5/20, f = -64.28033940945694
Optimization restart 6/20, f = -64.23294664901309
Optimization restart 7/20, f = -60.18272129074567
Optimization restart 8/20, f = -39.44626555030696
Optimization restart 9/20, f = -64.06859996465803
Optimization restart 10/20, f = -57.7468980436171
Optimization restart 11/20, f = -58.08916475541041
Optimization restart 12/20, f = -47.27355560439969
Optimization restart 13/20, f = -64.24219763561837
Optimization restart 14/20, f = -60.64702573564839
Optimization restart 15/20, f = -61.407983179339226
Optimization restart 16/20, f = -63.20856808131209
Optimization restart 17/20, f = -64.02237939266305
Optimization restart 18/20, f = -64.19788656450038
Optimization restart 19/20, f = -64.17493694589731
Optimization restart 20/20, f = -31.674617896507442
pypal at iteration 1.         1 Pareto optimal points,         19 discarded points,         3105 unclassified points.
Hypervolume 463.810344753898
pypal at iteration 2.         1 Pareto optimal points,         35 discarded points,         3089 unclassified points.
Hypervolume 463.810344753898
pypal at iteration 3.         1 Pareto optimal points,         35 discarded points,         3089 unclassified points.
Hypervolume 463.810344753898
pypal at iteration 4.         2 Pareto optimal points,         463 discarded points,         2660 unclassified points.
Hypervolume 1217.586145116641
pypal at iteration 5.         2 Pareto optimal points,         463 discarded points,         2660 unclassified points.
Hypervolume 1217.586145116641
pypal at iteration 6.         2 Pareto optimal points,         464 discarded points,         2659 unclassified points.
Hypervolume 1217.586145116641
pypal at iteration 7.         2 Pareto optimal points,         464 discarded points,         2659 unclassified points.
Hypervolume 1217.586145116641
pypal at iteration 8.         2 Pareto optimal points,         465 discarded points,         2658 unclassified points.
Hypervolume 1217.586145116641
pypal at iteration 9.         2 Pareto optimal points,         466 discarded points,         2657 unclassified points.
Hypervolume 1217.586145116641
pypal at iteration 10.         3 Pareto optimal points,         469 discarded points,         2653 unclassified points.
Hypervolume 1362.8393839862024
Optimization restart 1/20, f = -150.63506464756566
Optimization restart 2/20, f = -147.83232551468723
Optimization restart 3/20, f = -140.4408892715401
Optimization restart 4/20, f = -149.728257172361
Optimization restart 5/20, f = -142.95244089298134
Optimization restart 6/20, f = -145.8384710089415
Optimization restart 7/20, f = -148.61877644545547
Optimization restart 8/20, f = -150.38857426287578
Optimization restart 9/20, f = -149.8595558396304
Optimization restart 10/20, f = -145.86101326096895
Optimization restart 11/20, f = -149.8068035555888
Optimization restart 12/20, f = -149.77087135125922
Optimization restart 13/20, f = -148.10041522694084
Optimization restart 14/20, f = -149.9950648077936
Optimization restart 15/20, f = -147.8201524771801
Optimization restart 16/20, f = -145.70026663328812
Optimization restart 17/20, f = -145.63901693062454
Optimization restart 18/20, f = -149.8200814404257
Optimization restart 19/20, f = -150.11616379316806
Optimization restart 20/20, f = -145.79191780749193
pypal at iteration 11.         3 Pareto optimal points,         862 discarded points,         2260 unclassified points.
Hypervolume 1362.8393839862024
pypal at iteration 12.         3 Pareto optimal points,         865 discarded points,         2257 unclassified points.
Hypervolume 1362.8393839862024
pypal at iteration 13.         4 Pareto optimal points,         865 discarded points,         2256 unclassified points.
Hypervolume 1363.7583022815297
pypal at iteration 14.         4 Pareto optimal points,         866 discarded points,         2255 unclassified points.
Hypervolume 1363.7583022815297
pypal at iteration 15.         4 Pareto optimal points,         866 discarded points,         2255 unclassified points.
Hypervolume 1363.7583022815297
pypal at iteration 16.         4 Pareto optimal points,         867 discarded points,         2254 unclassified points.
Hypervolume 1363.7583022815297
pypal at iteration 17.         4 Pareto optimal points,         892 discarded points,         2229 unclassified points.
Hypervolume 1363.7583022815297
pypal at iteration 18.         4 Pareto optimal points,         893 discarded points,         2228 unclassified points.
Hypervolume 1363.7583022815297
pypal at iteration 19.         4 Pareto optimal points,         902 discarded points,         2219 unclassified points.
Hypervolume 1363.7583022815297
pypal at iteration 20.         4 Pareto optimal points,         907 discarded points,         2214 unclassified points.
Hypervolume 1363.7583022815297
Optimization restart 1/20, f = -232.20176168462382
Optimization restart 2/20, f = -222.05213171303922
Optimization restart 3/20, f = -232.25123272079819
Optimization restart 4/20, f = -232.03886853638892
Optimization restart 5/20, f = -231.19263931878515
Optimization restart 6/20, f = -231.31748272327667
Optimization restart 7/20, f = -229.94180096395365
Optimization restart 8/20, f = -232.31261406607217
Optimization restart 9/20, f = -230.28050227392077
Optimization restart 10/20, f = -231.94804496969834
Optimization restart 11/20, f = -229.72272872977393
Optimization restart 12/20, f = -229.7503559188409
Optimization restart 13/20, f = -232.18268376976977
Optimization restart 14/20, f = -225.55874280074147
Optimization restart 15/20, f = -231.29917024246703
Optimization restart 16/20, f = -231.0386277253226
Optimization restart 17/20, f = -231.807324574758
Optimization restart 18/20, f = -217.28140583531797
Optimization restart 19/20, f = -202.9381997590395
Optimization restart 20/20, f = -229.53414179539465
pypal at iteration 21.         4 Pareto optimal points,         1115 discarded points,         2006 unclassified points.
Hypervolume 1363.7583022815297
pypal at iteration 22.         4 Pareto optimal points,         1140 discarded points,         1981 unclassified points.
Hypervolume 1363.7583022815297
pypal at iteration 23.         4 Pareto optimal points,         1147 discarded points,         1974 unclassified points.
Hypervolume 1363.7583022815297
pypal at iteration 24.         7 Pareto optimal points,         1147 discarded points,         1971 unclassified points.
Hypervolume 1365.82054450683
pypal at iteration 25.         7 Pareto optimal points,         1169 discarded points,         1949 unclassified points.
Hypervolume 1365.82054450683
pypal at iteration 26.         7 Pareto optimal points,         1207 discarded points,         1911 unclassified points.
Hypervolume 1365.82054450683
pypal at iteration 27.         7 Pareto optimal points,         1208 discarded points,         1910 unclassified points.
Hypervolume 1365.82054450683
pypal at iteration 28.         7 Pareto optimal points,         1220 discarded points,         1898 unclassified points.
Hypervolume 1365.82054450683
pypal at iteration 29.         7 Pareto optimal points,         1222 discarded points,         1896 unclassified points.
Hypervolume 1365.82054450683
pypal at iteration 30.         7 Pareto optimal points,         1226 discarded points,         1892 unclassified points.
Hypervolume 1365.82054450683
Optimization restart 1/20, f = -293.5106546166295
Optimization restart 2/20, f = -288.55570371667574
Optimization restart 3/20, f = -295.5642938113373
Optimization restart 4/20, f = -228.3667668264564
Optimization restart 5/20, f = -294.59167974873117
Optimization restart 6/20, f = -294.7652431498241
Optimization restart 7/20, f = -295.35303843805855
Optimization restart 8/20, f = -296.1121628137569
Optimization restart 9/20, f = -295.1766400719534
Optimization restart 10/20, f = -293.67354184649844
Optimization restart 11/20, f = -295.080450099226
Optimization restart 12/20, f = -294.82869391459053
Optimization restart 13/20, f = -294.5267643963649
Optimization restart 14/20, f = -295.3242859723359
Optimization restart 15/20, f = -289.8547772267598
Optimization restart 16/20, f = -296.39265094752164
Optimization restart 17/20, f = -296.1391435085001
Optimization restart 18/20, f = -296.654248855383
Optimization restart 19/20, f = -295.80796125699715
Optimization restart 20/20, f = -295.26832060365757
pypal at iteration 31.         7 Pareto optimal points,         1350 discarded points,         1768 unclassified points.
Hypervolume 1365.82054450683
pypal at iteration 32.         7 Pareto optimal points,         1351 discarded points,         1767 unclassified points.
Hypervolume 1365.82054450683
pypal at iteration 33.         7 Pareto optimal points,         1504 discarded points,         1614 unclassified points.
Hypervolume 1365.82054450683
pypal at iteration 34.         7 Pareto optimal points,         1506 discarded points,         1612 unclassified points.
Hypervolume 1365.82054450683
pypal at iteration 35.         7 Pareto optimal points,         1506 discarded points,         1612 unclassified points.
Hypervolume 1365.82054450683
pypal at iteration 36.         7 Pareto optimal points,         1507 discarded points,         1611 unclassified points.
Hypervolume 1365.82054450683
pypal at iteration 37.         7 Pareto optimal points,         1527 discarded points,         1591 unclassified points.
Hypervolume 1365.82054450683
pypal at iteration 38.         8 Pareto optimal points,         1695 discarded points,         1422 unclassified points.
Hypervolume 1399.3446580525997
pypal at iteration 39.         8 Pareto optimal points,         1696 discarded points,         1421 unclassified points.
Hypervolume 1399.3446580525997
pypal at iteration 40.         8 Pareto optimal points,         1698 discarded points,         1419 unclassified points.
Hypervolume 1399.3446580525997
Optimization restart 1/20, f = -363.6203131395488
Optimization restart 2/20, f = -359.58627233827355
Optimization restart 3/20, f = -363.0503903443098
Optimization restart 4/20, f = -358.93363500640794
Optimization restart 5/20, f = -362.2800338712826
Optimization restart 6/20, f = -361.01933527225486
Optimization restart 7/20, f = -362.3074174064066
Optimization restart 8/20, f = -362.07093030458475
Optimization restart 9/20, f = -349.12758057395956
Optimization restart 10/20, f = -362.29196825221385
Optimization restart 11/20, f = -361.7946892847113
Optimization restart 12/20, f = -357.9661665782496
Optimization restart 13/20, f = -354.52405745092614
Optimization restart 14/20, f = -348.1205022629408
Optimization restart 15/20, f = -362.290820654645
Optimization restart 16/20, f = -361.5290403945756
Optimization restart 17/20, f = -357.5617208386349
Optimization restart 18/20, f = -363.51683547094365
Optimization restart 19/20, f = -354.3451697794038
Optimization restart 20/20, f = -362.3113647810361
pypal at iteration 41.         8 Pareto optimal points,         1816 discarded points,         1301 unclassified points.
Hypervolume 1399.3446580525997
pypal at iteration 42.         8 Pareto optimal points,         1818 discarded points,         1299 unclassified points.
Hypervolume 1399.3446580525997
pypal at iteration 43.         8 Pareto optimal points,         1827 discarded points,         1290 unclassified points.
Hypervolume 1399.3446580525997
pypal at iteration 44.         8 Pareto optimal points,         1833 discarded points,         1284 unclassified points.
Hypervolume 1399.3446580525997
pypal at iteration 45.         8 Pareto optimal points,         1835 discarded points,         1282 unclassified points.
Hypervolume 1399.3446580525997
pypal at iteration 46.         8 Pareto optimal points,         1836 discarded points,         1281 unclassified points.
Hypervolume 1399.3446580525997
pypal at iteration 47.         8 Pareto optimal points,         1842 discarded points,         1275 unclassified points.
Hypervolume 1399.3446580525997
pypal at iteration 48.         8 Pareto optimal points,         1844 discarded points,         1273 unclassified points.
Hypervolume 1399.3446580525997
pypal at iteration 49.         8 Pareto optimal points,         1853 discarded points,         1264 unclassified points.
Hypervolume 1399.3446580525997
pypal at iteration 50.         8 Pareto optimal points,         1860 discarded points,         1257 unclassified points.
Hypervolume 1399.3446580525997
Optimization restart 1/20, f = -425.634054661395
Optimization restart 2/20, f = -424.1313207773839
Optimization restart 3/20, f = -424.6161041409538
Optimization restart 4/20, f = -423.7306246245647
Optimization restart 5/20, f = -423.64871410777744
Optimization restart 6/20, f = -419.01955376522073
Optimization restart 7/20, f = -416.5164976520574
Optimization restart 8/20, f = -423.97316142613545
Optimization restart 9/20, f = -424.3897117272106
Optimization restart 10/20, f = -416.55605906124015
Optimization restart 11/20, f = -423.9091027167291
Optimization restart 12/20, f = -424.3105260350551
Optimization restart 13/20, f = -425.0203860737786
Optimization restart 14/20, f = -424.4092130575209
Optimization restart 15/20, f = -423.99984572687384
Optimization restart 16/20, f = -423.9939452068607
Optimization restart 17/20, f = -424.9441607748347
Optimization restart 18/20, f = -421.25449319795126
Optimization restart 19/20, f = -420.1892840113704
Optimization restart 20/20, f = -425.2004444128448
pypal at iteration 51.         8 Pareto optimal points,         1867 discarded points,         1250 unclassified points.
Hypervolume 1399.3446580525997
pypal at iteration 52.         8 Pareto optimal points,         1894 discarded points,         1223 unclassified points.
Hypervolume 1399.3446580525997
pypal at iteration 53.         9 Pareto optimal points,         1894 discarded points,         1222 unclassified points.
Hypervolume 1399.6099584546632
pypal at iteration 54.         10 Pareto optimal points,         2209 discarded points,         906 unclassified points.
Hypervolume 1429.6268853839088
pypal at iteration 55.         10 Pareto optimal points,         2238 discarded points,         877 unclassified points.
Hypervolume 1429.6268853839088
pypal at iteration 56.         11 Pareto optimal points,         2239 discarded points,         875 unclassified points.
Hypervolume 1429.6875631151381
pypal at iteration 57.         11 Pareto optimal points,         2239 discarded points,         875 unclassified points.
Hypervolume 1429.6875631151381
pypal at iteration 58.         11 Pareto optimal points,         2240 discarded points,         874 unclassified points.
Hypervolume 1429.6875631151381
pypal at iteration 59.         11 Pareto optimal points,         2241 discarded points,         873 unclassified points.
Hypervolume 1429.6875631151381
pypal at iteration 60.         11 Pareto optimal points,         2242 discarded points,         872 unclassified points.
Hypervolume 1429.6875631151381
Optimization restart 1/20, f = -469.14232186386425
Optimization restart 2/20, f = -468.51681979379003
Optimization restart 3/20, f = -468.1865561013169
Optimization restart 4/20, f = -468.5733346243088
Optimization restart 5/20, f = -470.2318600937352
Optimization restart 6/20, f = -468.67319863614824
Optimization restart 7/20, f = -468.95168528672264
Optimization restart 8/20, f = -468.7850096940613
Optimization restart 9/20, f = -454.5991245336805
Optimization restart 10/20, f = -468.84349859285436
Optimization restart 11/20, f = -465.15757036228825
Optimization restart 12/20, f = -371.4852555756088
Optimization restart 13/20, f = -365.62977025984935
Optimization restart 14/20, f = -468.5839374273811
Optimization restart 15/20, f = -467.8959762263667
Optimization restart 16/20, f = -465.74894822330555
Optimization restart 17/20, f = -459.7824382480061
Optimization restart 18/20, f = -468.5943013066002
Optimization restart 19/20, f = -464.00355323241325
Optimization restart 20/20, f = -462.6619391141408
pypal at iteration 61.         11 Pareto optimal points,         2243 discarded points,         871 unclassified points.
Hypervolume 1429.6875631151381
pypal at iteration 62.         11 Pareto optimal points,         2246 discarded points,         868 unclassified points.
Hypervolume 1429.6875631151381
pypal at iteration 63.         11 Pareto optimal points,         2246 discarded points,         868 unclassified points.
Hypervolume 1429.6875631151381
pypal at iteration 64.         11 Pareto optimal points,         2247 discarded points,         867 unclassified points.
Hypervolume 1429.6875631151381
pypal at iteration 65.         11 Pareto optimal points,         2252 discarded points,         862 unclassified points.
Hypervolume 1429.6875631151381
pypal at iteration 66.         11 Pareto optimal points,         2254 discarded points,         860 unclassified points.
Hypervolume 1429.6875631151381
pypal at iteration 67.         11 Pareto optimal points,         2255 discarded points,         859 unclassified points.
Hypervolume 1429.6875631151381
pypal at iteration 68.         11 Pareto optimal points,         2256 discarded points,         858 unclassified points.
Hypervolume 1429.6875631151381
pypal at iteration 69.         11 Pareto optimal points,         2258 discarded points,         856 unclassified points.
Hypervolume 1429.6875631151381
pypal at iteration 70.         11 Pareto optimal points,         2259 discarded points,         855 unclassified points.
Hypervolume 1429.6875631151381
Optimization restart 1/20, f = -532.5112382410463
Optimization restart 2/20, f = -392.98519821115167
Optimization restart 3/20, f = -262.8761101323421
Optimization restart 4/20, f = -524.0534970233738
Optimization restart 5/20, f = -531.4321171637416
Optimization restart 6/20, f = -529.2510139863401
Optimization restart 7/20, f = -524.1392877511646
Optimization restart 8/20, f = -529.2083162677577
Optimization restart 9/20, f = -522.6171132784682
Optimization restart 10/20, f = -530.4906778611287
Optimization restart 11/20, f = -528.5141771664024
Optimization restart 12/20, f = -531.6807383323855
Optimization restart 13/20, f = -528.5218772663411
Optimization restart 14/20, f = -529.8954638851596
Optimization restart 15/20, f = -525.9170916234243
Optimization restart 16/20, f = -434.85232396358526
Optimization restart 17/20, f = -531.4745252760949
Optimization restart 18/20, f = -526.6645758263578
Optimization restart 19/20, f = -531.6358262382962
Optimization restart 20/20, f = -530.8204016422835
pypal at iteration 71.         11 Pareto optimal points,         2260 discarded points,         854 unclassified points.
Hypervolume 1429.6875631151381
pypal at iteration 72.         11 Pareto optimal points,         2262 discarded points,         852 unclassified points.
Hypervolume 1429.6875631151381
pypal at iteration 73.         11 Pareto optimal points,         2263 discarded points,         851 unclassified points.
Hypervolume 1429.6875631151381
pypal at iteration 74.         11 Pareto optimal points,         2266 discarded points,         848 unclassified points.
Hypervolume 1429.6875631151381
pypal at iteration 75.         11 Pareto optimal points,         2266 discarded points,         848 unclassified points.
Hypervolume 1429.6875631151381
pypal at iteration 76.         11 Pareto optimal points,         2267 discarded points,         847 unclassified points.
Hypervolume 1429.6875631151381
pypal at iteration 77.         11 Pareto optimal points,         2268 discarded points,         846 unclassified points.
Hypervolume 1429.6875631151381
pypal at iteration 78.         11 Pareto optimal points,         2270 discarded points,         844 unclassified points.
Hypervolume 1429.6875631151381
pypal at iteration 79.         12 Pareto optimal points,         2272 discarded points,         841 unclassified points.
Hypervolume 1429.7133474908242
pypal at iteration 80.         13 Pareto optimal points,         2450 discarded points,         662 unclassified points.
Hypervolume 1459.4933647917683
Optimization restart 1/20, f = -589.8464372417941
Optimization restart 2/20, f = -586.8292409193366
Optimization restart 3/20, f = -587.9840363224309
Optimization restart 4/20, f = -587.7087354407444
Optimization restart 5/20, f = -585.8477735431455
Optimization restart 6/20, f = -587.5849147460455
Optimization restart 7/20, f = -580.1832557844654
Optimization restart 8/20, f = -588.1544245365958
Optimization restart 9/20, f = -581.961331825015
Optimization restart 10/20, f = -586.7367284039553
Optimization restart 11/20, f = -572.7511273984046
Optimization restart 12/20, f = -588.0685825998303
Optimization restart 13/20, f = -579.0766834103033
Optimization restart 14/20, f = -589.0945266110492
Optimization restart 15/20, f = -582.9875733921157
Optimization restart 16/20, f = -582.5867480351513
Optimization restart 17/20, f = -588.1980469589882
Optimization restart 18/20, f = -588.5079163492246
Optimization restart 19/20, f = -571.0731493334862
Optimization restart 20/20, f = -566.8147070815968
pypal at iteration 81.         13 Pareto optimal points,         2457 discarded points,         655 unclassified points.
Hypervolume 1459.4933647917683
pypal at iteration 82.         13 Pareto optimal points,         2459 discarded points,         653 unclassified points.
Hypervolume 1459.4933647917683
pypal at iteration 83.         13 Pareto optimal points,         2461 discarded points,         651 unclassified points.
Hypervolume 1459.4933647917683
pypal at iteration 84.         13 Pareto optimal points,         2462 discarded points,         650 unclassified points.
Hypervolume 1459.4933647917683
pypal at iteration 85.         13 Pareto optimal points,         2463 discarded points,         649 unclassified points.
Hypervolume 1459.4933647917683
pypal at iteration 86.         13 Pareto optimal points,         2472 discarded points,         640 unclassified points.
Hypervolume 1459.4933647917683
pypal at iteration 87.         13 Pareto optimal points,         2473 discarded points,         639 unclassified points.
Hypervolume 1459.4933647917683
pypal at iteration 88.         13 Pareto optimal points,         2474 discarded points,         638 unclassified points.
Hypervolume 1459.4933647917683
pypal at iteration 89.         13 Pareto optimal points,         2475 discarded points,         637 unclassified points.
Hypervolume 1459.4933647917683
pypal at iteration 90.         13 Pareto optimal points,         2476 discarded points,         636 unclassified points.
Hypervolume 1459.4933647917683
Optimization restart 1/20, f = -639.5197052377574
Optimization restart 2/20, f = -636.8152984536613
Optimization restart 3/20, f = -637.9393532716626
Optimization restart 4/20, f = -632.0638568958109
Optimization restart 5/20, f = -630.4801822041716
Optimization restart 6/20, f = -637.7063055837846
Optimization restart 7/20, f = -635.8188191439301
Optimization restart 8/20, f = -637.9073718721828
Optimization restart 9/20, f = -625.7512083873997
Optimization restart 10/20, f = -638.0002700553416
Optimization restart 11/20, f = -638.0415564928503
Optimization restart 12/20, f = -631.5625139005479
Optimization restart 13/20, f = -637.6991554447181
Optimization restart 14/20, f = -635.4467856269931
Optimization restart 15/20, f = -635.4459405687986
Optimization restart 16/20, f = -635.358515278148
Optimization restart 17/20, f = -633.8271914862014
Optimization restart 18/20, f = -635.6998139469222
Optimization restart 19/20, f = -632.1436817038928
Optimization restart 20/20, f = -637.6302718109855
pypal at iteration 91.         13 Pareto optimal points,         2477 discarded points,         635 unclassified points.
Hypervolume 1459.4933647917683
pypal at iteration 92.         13 Pareto optimal points,         2478 discarded points,         634 unclassified points.
Hypervolume 1459.4933647917683
pypal at iteration 93.         13 Pareto optimal points,         2479 discarded points,         633 unclassified points.
Hypervolume 1459.4933647917683
pypal at iteration 94.         13 Pareto optimal points,         2480 discarded points,         632 unclassified points.
Hypervolume 1459.4933647917683
pypal at iteration 95.         13 Pareto optimal points,         2481 discarded points,         631 unclassified points.
Hypervolume 1459.4933647917683
pypal at iteration 96.         13 Pareto optimal points,         2482 discarded points,         630 unclassified points.
Hypervolume 1459.4933647917683
pypal at iteration 97.         13 Pareto optimal points,         2482 discarded points,         630 unclassified points.
Hypervolume 1459.4933647917683
pypal at iteration 98.         13 Pareto optimal points,         2483 discarded points,         629 unclassified points.
Hypervolume 1459.4933647917683
pypal at iteration 99.         13 Pareto optimal points,         2484 discarded points,         628 unclassified points.
Hypervolume 1459.4933647917683
pypal at iteration 100.         13 Pareto optimal points,         2485 discarded points,         627 unclassified points.
Hypervolume 1459.4933647917683
Optimization restart 1/20, f = -699.1959761179284
Optimization restart 2/20, f = -687.5139186980887
Optimization restart 3/20, f = -694.222575598644
Optimization restart 4/20, f = -696.8851215385587
Optimization restart 5/20, f = -697.28553644808
Optimization restart 6/20, f = -697.3989579723884
Optimization restart 7/20, f = -697.1752837031077
Optimization restart 8/20, f = -695.9827383339131
Optimization restart 9/20, f = -690.7278808701333
Optimization restart 10/20, f = -696.1455734845449
Optimization restart 11/20, f = -697.3793420999816
Optimization restart 12/20, f = -687.1517038134244
Optimization restart 13/20, f = -695.3303359831249
Optimization restart 14/20, f = -697.2315392738086
Optimization restart 15/20, f = -685.4769586219522
Optimization restart 16/20, f = -696.5305284250486
Optimization restart 17/20, f = -696.6429695692118
Optimization restart 18/20, f = -697.5938660286777
Optimization restart 19/20, f = -695.2142303332494
Optimization restart 20/20, f = -697.1341830237939
pypal at iteration 101.         13 Pareto optimal points,         2501 discarded points,         611 unclassified points.
Hypervolume 1459.4933647917683
pypal at iteration 102.         13 Pareto optimal points,         2503 discarded points,         609 unclassified points.
Hypervolume 1459.4933647917683
pypal at iteration 103.         13 Pareto optimal points,         2504 discarded points,         608 unclassified points.
Hypervolume 1459.4933647917683
pypal at iteration 104.         13 Pareto optimal points,         2505 discarded points,         607 unclassified points.
Hypervolume 1459.4933647917683
pypal at iteration 105.         13 Pareto optimal points,         2506 discarded points,         606 unclassified points.
Hypervolume 1459.4933647917683
pypal at iteration 106.         13 Pareto optimal points,         2507 discarded points,         605 unclassified points.
Hypervolume 1459.4933647917683
pypal at iteration 107.         13 Pareto optimal points,         2508 discarded points,         604 unclassified points.
Hypervolume 1459.4933647917683
pypal at iteration 108.         13 Pareto optimal points,         2509 discarded points,         603 unclassified points.
Hypervolume 1459.4933647917683
pypal at iteration 109.         13 Pareto optimal points,         2510 discarded points,         602 unclassified points.
Hypervolume 1459.4933647917683
pypal at iteration 110.         13 Pareto optimal points,         2511 discarded points,         601 unclassified points.
Hypervolume 1459.4933647917683
Optimization restart 1/20, f = -753.3720522614454
Optimization restart 2/20, f = -751.3859083878019
Optimization restart 3/20, f = -751.3440486271495
Optimization restart 4/20, f = -750.9699097648254
Optimization restart 5/20, f = -751.7997172263262
Optimization restart 6/20, f = -746.1536471664781
Optimization restart 7/20, f = -741.5458543616161
Optimization restart 8/20, f = -751.2112477582446
Optimization restart 9/20, f = -747.0066412167378
Optimization restart 10/20, f = -744.041381443577
Optimization restart 11/20, f = -750.7229558298379
Optimization restart 12/20, f = -744.8479821166882
Optimization restart 13/20, f = -748.6519100183655
Optimization restart 14/20, f = -751.2143645868833
Optimization restart 15/20, f = -750.0960218178058
Optimization restart 16/20, f = -742.4232779024303
Optimization restart 17/20, f = -750.3145625270977
Optimization restart 18/20, f = -752.360074799452
Optimization restart 19/20, f = -750.3371697196085
Optimization restart 20/20, f = -742.9702536209472
pypal at iteration 111.         13 Pareto optimal points,         2512 discarded points,         600 unclassified points.
Hypervolume 1459.4933647917683
pypal at iteration 112.         13 Pareto optimal points,         2513 discarded points,         599 unclassified points.
Hypervolume 1459.4933647917683
pypal at iteration 113.         13 Pareto optimal points,         2514 discarded points,         598 unclassified points.
Hypervolume 1459.4933647917683
pypal at iteration 114.         13 Pareto optimal points,         2515 discarded points,         597 unclassified points.
Hypervolume 1459.4933647917683
pypal at iteration 115.         13 Pareto optimal points,         2516 discarded points,         596 unclassified points.
Hypervolume 1459.4933647917683
pypal at iteration 116.         13 Pareto optimal points,         2538 discarded points,         574 unclassified points.
Hypervolume 1459.4933647917683
pypal at iteration 117.         13 Pareto optimal points,         2539 discarded points,         573 unclassified points.
Hypervolume 1459.4933647917683
pypal at iteration 118.         14 Pareto optimal points,         2539 discarded points,         572 unclassified points.
Hypervolume 1470.6384309886462
pypal at iteration 119.         14 Pareto optimal points,         2540 discarded points,         571 unclassified points.
Hypervolume 1470.6384309886462
pypal at iteration 120.         14 Pareto optimal points,         2541 discarded points,         570 unclassified points.
Hypervolume 1470.6384309886462
Optimization restart 1/20, f = -803.3504954889202
Optimization restart 2/20, f = -796.9418897201064
Optimization restart 3/20, f = -800.2288109365276
Optimization restart 4/20, f = -796.7049869726291
Optimization restart 5/20, f = -786.2385754332087
Optimization restart 6/20, f = -797.2915135817495
Optimization restart 7/20, f = -794.5124170932448
Optimization restart 8/20, f = -800.8286108534846
Optimization restart 9/20, f = -801.618961654521
Optimization restart 10/20, f = -799.8555276130345
Optimization restart 11/20, f = -799.8956260976646
Optimization restart 12/20, f = -797.5650301670255
Optimization restart 13/20, f = -690.8844114571758
Optimization restart 14/20, f = -785.0594514694509
Optimization restart 15/20, f = -800.3468467141986
Optimization restart 16/20, f = -758.4249515855988
Optimization restart 17/20, f = -791.5766214928491
Optimization restart 18/20, f = -794.9735776031907
Optimization restart 19/20, f = -794.5573499796989
Optimization restart 20/20, f = -793.5538381944301
pypal at iteration 121.         14 Pareto optimal points,         2542 discarded points,         569 unclassified points.
Hypervolume 1470.6384309886462
pypal at iteration 122.         15 Pareto optimal points,         2543 discarded points,         567 unclassified points.
Hypervolume 1470.650130519898
pypal at iteration 123.         15 Pareto optimal points,         2543 discarded points,         567 unclassified points.
Hypervolume 1470.650130519898
pypal at iteration 124.         16 Pareto optimal points,         2615 discarded points,         494 unclassified points.
Hypervolume 1482.5321350090846
pypal at iteration 125.         16 Pareto optimal points,         2616 discarded points,         493 unclassified points.
Hypervolume 1482.5321350090846
pypal at iteration 126.         16 Pareto optimal points,         2620 discarded points,         489 unclassified points.
Hypervolume 1482.5321350090846
pypal at iteration 127.         16 Pareto optimal points,         2621 discarded points,         488 unclassified points.
Hypervolume 1482.5321350090846
pypal at iteration 128.         16 Pareto optimal points,         2622 discarded points,         487 unclassified points.
Hypervolume 1482.5321350090846
pypal at iteration 129.         16 Pareto optimal points,         2623 discarded points,         486 unclassified points.
Hypervolume 1482.5321350090846
pypal at iteration 130.         16 Pareto optimal points,         2624 discarded points,         485 unclassified points.
Hypervolume 1482.5321350090846
Optimization restart 1/20, f = -860.8338668591423
Optimization restart 2/20, f = -857.9831061219561
Optimization restart 3/20, f = -853.9475870643643
Optimization restart 4/20, f = -855.5086569404715
Optimization restart 5/20, f = -856.4442981822474
Optimization restart 6/20, f = -857.651015289698
Optimization restart 7/20, f = -854.1427703397272
Optimization restart 8/20, f = -848.7648270771786
Optimization restart 9/20, f = -858.8831035213773
Optimization restart 10/20, f = -846.1447335330877
Optimization restart 11/20, f = -856.8267871624427
Optimization restart 12/20, f = -851.2961110991598
Optimization restart 13/20, f = -704.9550277622748
Optimization restart 14/20, f = -858.1832869337361
Optimization restart 15/20, f = -854.4791706179435
Optimization restart 16/20, f = -855.9183153283959
Optimization restart 17/20, f = -854.0823636555396
Optimization restart 18/20, f = -845.7896703150001
Optimization restart 19/20, f = -840.7079260721681
Optimization restart 20/20, f = -854.3334181932876
pypal at iteration 131.         16 Pareto optimal points,         2625 discarded points,         484 unclassified points.
Hypervolume 1482.5321350090846
pypal at iteration 132.         16 Pareto optimal points,         2626 discarded points,         483 unclassified points.
Hypervolume 1482.5321350090846
pypal at iteration 133.         16 Pareto optimal points,         2627 discarded points,         482 unclassified points.
Hypervolume 1482.5321350090846
pypal at iteration 134.         16 Pareto optimal points,         2628 discarded points,         481 unclassified points.
Hypervolume 1482.5321350090846
pypal at iteration 135.         16 Pareto optimal points,         2629 discarded points,         480 unclassified points.
Hypervolume 1482.5321350090846
pypal at iteration 136.         16 Pareto optimal points,         2630 discarded points,         479 unclassified points.
Hypervolume 1482.5321350090846
pypal at iteration 137.         17 Pareto optimal points,         2651 discarded points,         457 unclassified points.
Hypervolume 1489.903380106118
pypal at iteration 138.         17 Pareto optimal points,         2666 discarded points,         442 unclassified points.
Hypervolume 1489.903380106118
pypal at iteration 139.         17 Pareto optimal points,         2677 discarded points,         431 unclassified points.
Hypervolume 1489.903380106118
pypal at iteration 140.         17 Pareto optimal points,         2678 discarded points,         430 unclassified points.
Hypervolume 1489.903380106118
Optimization restart 1/20, f = -915.0471701316086
Optimization restart 2/20, f = -912.3291381748494
Optimization restart 3/20, f = -909.1805717040058
Optimization restart 4/20, f = -910.6896929684156
Optimization restart 5/20, f = -903.6439788073196
Optimization restart 6/20, f = -908.1278021779565
Optimization restart 7/20, f = -902.0935626933494
Optimization restart 8/20, f = -912.1399679879162
Optimization restart 9/20, f = -908.320395451467
Optimization restart 10/20, f = -910.8736377625634
Optimization restart 11/20, f = -903.503305943574
Optimization restart 12/20, f = -908.9515455919069
Optimization restart 13/20, f = -904.3047207564671
Optimization restart 14/20, f = -904.6841584481149
Optimization restart 15/20, f = -910.7128449132558
Optimization restart 16/20, f = -907.6392311990976
Optimization restart 17/20, f = -903.6914031291938
Optimization restart 18/20, f = -861.0868827376133
Optimization restart 19/20, f = -912.4475634973351
Optimization restart 20/20, f = -911.0885834490273
pypal at iteration 141.         17 Pareto optimal points,         2678 discarded points,         430 unclassified points.
Hypervolume 1489.903380106118
pypal at iteration 142.         17 Pareto optimal points,         2679 discarded points,         429 unclassified points.
Hypervolume 1489.903380106118
pypal at iteration 143.         17 Pareto optimal points,         2680 discarded points,         428 unclassified points.
Hypervolume 1489.903380106118
pypal at iteration 144.         17 Pareto optimal points,         2681 discarded points,         427 unclassified points.
Hypervolume 1489.903380106118
pypal at iteration 145.         17 Pareto optimal points,         2682 discarded points,         426 unclassified points.
Hypervolume 1489.903380106118
pypal at iteration 146.         18 Pareto optimal points,         2687 discarded points,         420 unclassified points.
Hypervolume 1490.4786333067152
pypal at iteration 147.         19 Pareto optimal points,         2832 discarded points,         274 unclassified points.
Hypervolume 1492.0589510611107
pypal at iteration 148.         19 Pareto optimal points,         2832 discarded points,         274 unclassified points.
Hypervolume 1492.0589510611107
pypal at iteration 149.         19 Pareto optimal points,         2832 discarded points,         274 unclassified points.
Hypervolume 1492.0589510611107
pypal at iteration 150.         19 Pareto optimal points,         2833 discarded points,         273 unclassified points.
Hypervolume 1492.0589510611107
Optimization restart 1/20, f = -971.6463520852614
Optimization restart 2/20, f = -892.3226820371367
Optimization restart 3/20, f = -967.3571100584769
Optimization restart 4/20, f = -963.6706938225135
Optimization restart 5/20, f = -968.0270386011157
Optimization restart 6/20, f = -967.622281444163
Optimization restart 7/20, f = -967.573048654899
Optimization restart 8/20, f = -968.9793983604811
Optimization restart 9/20, f = -956.8382919487692
Optimization restart 10/20, f = -965.151378543068
Optimization restart 11/20, f = -964.3875995995065
Optimization restart 12/20, f = -958.4827621800351
Optimization restart 13/20, f = -939.9846497242315
Optimization restart 14/20, f = -957.1124711350083
Optimization restart 15/20, f = -806.6292544798625
Optimization restart 16/20, f = -967.2499628049454
Optimization restart 17/20, f = -736.5747445808983
Optimization restart 18/20, f = -966.9105947709847
Optimization restart 19/20, f = -966.3464410139659
Optimization restart 20/20, f = -965.9617622855797
pypal at iteration 151.         19 Pareto optimal points,         2834 discarded points,         272 unclassified points.
Hypervolume 1492.0589510611107
pypal at iteration 152.         19 Pareto optimal points,         2835 discarded points,         271 unclassified points.
Hypervolume 1492.0589510611107
pypal at iteration 153.         19 Pareto optimal points,         2835 discarded points,         271 unclassified points.
Hypervolume 1492.0589510611107
pypal at iteration 154.         19 Pareto optimal points,         2839 discarded points,         267 unclassified points.
Hypervolume 1492.0589510611107
pypal at iteration 155.         19 Pareto optimal points,         2840 discarded points,         266 unclassified points.
Hypervolume 1492.0589510611107
pypal at iteration 156.         20 Pareto optimal points,         2899 discarded points,         206 unclassified points.
Hypervolume 1494.1285497495091
pypal at iteration 157.         21 Pareto optimal points,         2899 discarded points,         205 unclassified points.
Hypervolume 1494.3505343490779
pypal at iteration 158.         21 Pareto optimal points,         2900 discarded points,         204 unclassified points.
Hypervolume 1494.3505343490779
pypal at iteration 159.         21 Pareto optimal points,         2901 discarded points,         203 unclassified points.
Hypervolume 1494.3505343490779
pypal at iteration 160.         21 Pareto optimal points,         2902 discarded points,         202 unclassified points.
Hypervolume 1494.3505343490779
Optimization restart 1/20, f = -1021.8568087519816
Optimization restart 2/20, f = -1020.3331967803025
Optimization restart 3/20, f = -1015.1288901113975
Optimization restart 4/20, f = -992.8316885397211
Optimization restart 5/20, f = -1008.5061736841839
Optimization restart 6/20, f = -1019.6952339254613
Optimization restart 7/20, f = -1017.4732552157758
Optimization restart 8/20, f = -1015.9051591452986
Optimization restart 9/20, f = -993.5055519194316
Optimization restart 10/20, f = -1017.425696381579
Optimization restart 11/20, f = -1016.3461278454733
Optimization restart 12/20, f = -882.8517364549732
Optimization restart 13/20, f = -1010.958046409713
Optimization restart 14/20, f = -1020.190137554446
Optimization restart 15/20, f = -1014.3573895658053
Optimization restart 16/20, f = -1017.5315657039008
Optimization restart 17/20, f = -1007.509715475907
Optimization restart 18/20, f = -1011.0729739234414
Optimization restart 19/20, f = -1013.5360498943317
Optimization restart 20/20, f = -1015.6568921761823
pypal at iteration 161.         21 Pareto optimal points,         2903 discarded points,         201 unclassified points.
Hypervolume 1494.3505343490779
pypal at iteration 162.         21 Pareto optimal points,         2904 discarded points,         200 unclassified points.
Hypervolume 1494.3505343490779
pypal at iteration 163.         21 Pareto optimal points,         2905 discarded points,         199 unclassified points.
Hypervolume 1494.3505343490779
pypal at iteration 164.         22 Pareto optimal points,         2923 discarded points,         180 unclassified points.
Hypervolume 1502.3694104537817
pypal at iteration 165.         22 Pareto optimal points,         2924 discarded points,         179 unclassified points.
Hypervolume 1502.3694104537817
pypal at iteration 166.         22 Pareto optimal points,         2925 discarded points,         178 unclassified points.
Hypervolume 1502.3694104537817
pypal at iteration 167.         22 Pareto optimal points,         2932 discarded points,         171 unclassified points.
Hypervolume 1502.3694104537817
pypal at iteration 168.         23 Pareto optimal points,         2940 discarded points,         162 unclassified points.
Hypervolume 1504.249089290977
pypal at iteration 169.         24 Pareto optimal points,         2943 discarded points,         158 unclassified points.
Hypervolume 1504.4254417640232
pypal at iteration 170.         25 Pareto optimal points,         2946 discarded points,         154 unclassified points.
Hypervolume 1504.521835328089
Optimization restart 1/20, f = -1079.1219114841097
Optimization restart 2/20, f = -1075.7699291113588
Optimization restart 3/20, f = -1073.9574071448455
Optimization restart 4/20, f = -1074.3059657713984
Optimization restart 5/20, f = -1069.6697333323436
Optimization restart 6/20, f = -1066.1748631397104
Optimization restart 7/20, f = -1077.1572008600729
Optimization restart 8/20, f = -1074.3125472167437
Optimization restart 9/20, f = -1074.0921479122792
Optimization restart 10/20, f = -1067.0307966093746
Optimization restart 11/20, f = -1072.3416363635183
Optimization restart 12/20, f = -1034.1208129613642
Optimization restart 13/20, f = -1074.4968281581696
Optimization restart 14/20, f = -1074.3849911055195
Optimization restart 15/20, f = -1075.0647939918229
Optimization restart 16/20, f = -1074.306591736253
Optimization restart 17/20, f = -1075.6394697188916
Optimization restart 18/20, f = -1073.2211928410784
Optimization restart 19/20, f = -1022.3233127692021
Optimization restart 20/20, f = -1066.6005896559175
pypal at iteration 171.         26 Pareto optimal points,         2952 discarded points,         147 unclassified points.
Hypervolume 1504.5778292811044
pypal at iteration 172.         27 Pareto optimal points,         2953 discarded points,         145 unclassified points.
Hypervolume 1504.600581128895
pypal at iteration 173.         27 Pareto optimal points,         2954 discarded points,         144 unclassified points.
Hypervolume 1504.600581128895
pypal at iteration 174.         28 Pareto optimal points,         2955 discarded points,         142 unclassified points.
Hypervolume 1504.6051559650953
pypal at iteration 175.         28 Pareto optimal points,         2956 discarded points,         141 unclassified points.
Hypervolume 1504.6051559650953
pypal at iteration 176.         28 Pareto optimal points,         2957 discarded points,         140 unclassified points.
Hypervolume 1504.6051559650953
pypal at iteration 177.         28 Pareto optimal points,         2959 discarded points,         138 unclassified points.
Hypervolume 1504.6051559650953
pypal at iteration 178.         28 Pareto optimal points,         2960 discarded points,         137 unclassified points.
Hypervolume 1504.6051559650953
pypal at iteration 179.         28 Pareto optimal points,         2961 discarded points,         136 unclassified points.
Hypervolume 1504.6051559650953
pypal at iteration 180.         28 Pareto optimal points,         2962 discarded points,         135 unclassified points.
Hypervolume 1504.6051559650953
Optimization restart 1/20, f = -1136.2402524086974
Optimization restart 2/20, f = -1116.9045687591638
Optimization restart 3/20, f = -1133.008255285153
Optimization restart 4/20, f = -1129.904588785539
Optimization restart 5/20, f = -1125.906536553805
Optimization restart 6/20, f = -1133.1151170022833
Optimization restart 7/20, f = -1122.1239386140082
Optimization restart 8/20, f = -1013.6033749210784
Optimization restart 9/20, f = -1133.2315489758607
Optimization restart 10/20, f = -1131.7216831839753
Optimization restart 11/20, f = -1131.3993739435464
Optimization restart 12/20, f = -1133.1423981459725
Optimization restart 13/20, f = -1133.0614012915953
Optimization restart 14/20, f = -1118.9081236387974
Optimization restart 15/20, f = -1121.2811713025649
Optimization restart 16/20, f = -1133.091954890612
Optimization restart 17/20, f = -1128.1565872674337
Optimization restart 18/20, f = -1132.9386885097854
Optimization restart 19/20, f = -1130.895889584702
Optimization restart 20/20, f = -1132.4879296119716
pypal at iteration 181.         29 Pareto optimal points,         2963 discarded points,         133 unclassified points.
Hypervolume 1504.6092819576636
pypal at iteration 182.         29 Pareto optimal points,         2963 discarded points,         133 unclassified points.
Hypervolume 1504.6092819576636
pypal at iteration 183.         29 Pareto optimal points,         2964 discarded points,         132 unclassified points.
Hypervolume 1504.6092819576636
pypal at iteration 184.         29 Pareto optimal points,         2965 discarded points,         131 unclassified points.
Hypervolume 1504.6092819576636
pypal at iteration 185.         30 Pareto optimal points,         2971 discarded points,         124 unclassified points.
Hypervolume 1504.8608859981218
pypal at iteration 186.         32 Pareto optimal points,         2978 discarded points,         115 unclassified points.
Hypervolume 1507.3040899570838
pypal at iteration 187.         32 Pareto optimal points,         2979 discarded points,         114 unclassified points.
Hypervolume 1507.3040899570838
pypal at iteration 188.         32 Pareto optimal points,         2980 discarded points,         113 unclassified points.
Hypervolume 1507.3040899570838
pypal at iteration 189.         32 Pareto optimal points,         2981 discarded points,         112 unclassified points.
Hypervolume 1507.3040899570838
pypal at iteration 190.         32 Pareto optimal points,         2982 discarded points,         111 unclassified points.
Hypervolume 1507.3040899570838
Optimization restart 1/20, f = -1189.1728081808465
Optimization restart 2/20, f = -1177.0088740149354
Optimization restart 3/20, f = -1182.3705008294605
Optimization restart 4/20, f = -1186.9314339874686
Optimization restart 5/20, f = -1182.8634626689159
Optimization restart 6/20, f = -1183.8997316303748
Optimization restart 7/20, f = -1185.6834262461662
Optimization restart 8/20, f = -1185.704211819064
Optimization restart 9/20, f = -1177.368189459962
Optimization restart 10/20, f = -1062.8437738761195
Optimization restart 11/20, f = -1150.5765796808514
Optimization restart 12/20, f = -1180.44718635787
Optimization restart 13/20, f = -1185.9631916784078
Optimization restart 14/20, f = -1179.4467456940429
Optimization restart 15/20, f = -1185.5457395526878
Optimization restart 16/20, f = -1186.5854867095868
Optimization restart 17/20, f = -1176.5768747702195
Optimization restart 18/20, f = -1182.333857923124
Optimization restart 19/20, f = -1186.9631530892334
Optimization restart 20/20, f = -1084.48411312718
pypal at iteration 191.         32 Pareto optimal points,         2983 discarded points,         110 unclassified points.
Hypervolume 1507.3040899570838
pypal at iteration 192.         32 Pareto optimal points,         2984 discarded points,         109 unclassified points.
Hypervolume 1507.3040899570838
pypal at iteration 193.         32 Pareto optimal points,         2985 discarded points,         108 unclassified points.
Hypervolume 1507.3040899570838
pypal at iteration 194.         33 Pareto optimal points,         2996 discarded points,         96 unclassified points.
Hypervolume 1507.6901273044564
pypal at iteration 195.         33 Pareto optimal points,         2996 discarded points,         96 unclassified points.
Hypervolume 1507.6901273044564
pypal at iteration 196.         33 Pareto optimal points,         2997 discarded points,         95 unclassified points.
Hypervolume 1507.6901273044564
pypal at iteration 197.         33 Pareto optimal points,         2997 discarded points,         95 unclassified points.
Hypervolume 1507.6901273044564
pypal at iteration 198.         33 Pareto optimal points,         2999 discarded points,         93 unclassified points.
Hypervolume 1507.6901273044564
pypal at iteration 199.         33 Pareto optimal points,         3000 discarded points,         92 unclassified points.
Hypervolume 1507.6901273044564
pypal at iteration 200.         33 Pareto optimal points,         3001 discarded points,         91 unclassified points.
Hypervolume 1507.6901273044564
Optimization restart 1/20, f = -1243.1657120520313
Optimization restart 2/20, f = -1238.5517250268197
Optimization restart 3/20, f = -1240.4349328647627
Optimization restart 4/20, f = -1228.3232080948255
Optimization restart 5/20, f = -1240.725164308177
Optimization restart 6/20, f = -1239.266141356949
Optimization restart 7/20, f = -1239.5613073494974
Optimization restart 8/20, f = -1239.3928001146937
Optimization restart 9/20, f = -1186.9292323674192
Optimization restart 10/20, f = -1229.5641940661515
Optimization restart 11/20, f = -1184.3595758081306
Optimization restart 12/20, f = -1240.0540880233543
Optimization restart 13/20, f = -1238.7338622426184
Optimization restart 14/20, f = -1237.5397056425559
Optimization restart 15/20, f = -1236.6494534109477
Optimization restart 16/20, f = -1237.4711392370834
Optimization restart 17/20, f = -1240.613539776834
Optimization restart 18/20, f = -1238.0596516623878
Optimization restart 19/20, f = -1231.0797659647599
Optimization restart 20/20, f = -1239.9222771886566
pypal at iteration 201.         33 Pareto optimal points,         3001 discarded points,         91 unclassified points.
Hypervolume 1507.6901273044564
pypal at iteration 202.         34 Pareto optimal points,         3001 discarded points,         90 unclassified points.
Hypervolume 1507.7060138084098
pypal at iteration 203.         34 Pareto optimal points,         3002 discarded points,         89 unclassified points.
Hypervolume 1507.7060138084098
pypal at iteration 204.         34 Pareto optimal points,         3002 discarded points,         89 unclassified points.
Hypervolume 1507.7060138084098
pypal at iteration 205.         35 Pareto optimal points,         3013 discarded points,         77 unclassified points.
Hypervolume 1509.8111496177937
pypal at iteration 206.         35 Pareto optimal points,         3014 discarded points,         76 unclassified points.
Hypervolume 1509.8111496177937
pypal at iteration 207.         35 Pareto optimal points,         3015 discarded points,         75 unclassified points.
Hypervolume 1509.8111496177937
pypal at iteration 208.         35 Pareto optimal points,         3016 discarded points,         74 unclassified points.
Hypervolume 1509.8111496177937
pypal at iteration 209.         35 Pareto optimal points,         3017 discarded points,         73 unclassified points.
Hypervolume 1509.8111496177937
pypal at iteration 210.         35 Pareto optimal points,         3018 discarded points,         72 unclassified points.
Hypervolume 1509.8111496177937
Optimization restart 1/20, f = -1290.5944329315005
Optimization restart 2/20, f = -1073.5448166089682
Optimization restart 3/20, f = -1289.0650532061964
Optimization restart 4/20, f = -1288.634189094645
Optimization restart 5/20, f = -1284.478581950129
Optimization restart 6/20, f = -1288.2571320148695
Optimization restart 7/20, f = -1283.963858923999
Optimization restart 8/20, f = -1289.6506209409747
Optimization restart 9/20, f = -1281.587522834404
Optimization restart 10/20, f = -1287.8665120575752
Optimization restart 11/20, f = -1283.7941382652443
Optimization restart 12/20, f = -1284.2901140080596
Optimization restart 13/20, f = -1287.48756142394
Optimization restart 14/20, f = -1287.465020820946
Optimization restart 15/20, f = -1287.4556535868194
Optimization restart 16/20, f = -1285.9266404512532
Optimization restart 17/20, f = -1286.8082079182307
Optimization restart 18/20, f = -1280.1624762224396
Optimization restart 19/20, f = -1286.9291276336753
Optimization restart 20/20, f = -1289.4266929514606
pypal at iteration 211.         35 Pareto optimal points,         3019 discarded points,         71 unclassified points.
Hypervolume 1509.8111496177937
pypal at iteration 212.         35 Pareto optimal points,         3020 discarded points,         70 unclassified points.
Hypervolume 1509.8111496177937
pypal at iteration 213.         35 Pareto optimal points,         3021 discarded points,         69 unclassified points.
Hypervolume 1509.8111496177937
pypal at iteration 214.         36 Pareto optimal points,         3022 discarded points,         67 unclassified points.
Hypervolume 1509.9469848091503
pypal at iteration 215.         36 Pareto optimal points,         3023 discarded points,         66 unclassified points.
Hypervolume 1509.9469848091503
pypal at iteration 216.         36 Pareto optimal points,         3024 discarded points,         65 unclassified points.
Hypervolume 1509.9469848091503
pypal at iteration 217.         37 Pareto optimal points,         3024 discarded points,         64 unclassified points.
Hypervolume 1510.0714595050283
pypal at iteration 218.         37 Pareto optimal points,         3025 discarded points,         63 unclassified points.
Hypervolume 1510.0714595050283
pypal at iteration 219.         37 Pareto optimal points,         3026 discarded points,         62 unclassified points.
Hypervolume 1510.0714595050283
pypal at iteration 220.         37 Pareto optimal points,         3027 discarded points,         61 unclassified points.
Hypervolume 1510.0714595050283
Optimization restart 1/20, f = -1348.1091865058418
Optimization restart 2/20, f = -1340.4915220417834
Optimization restart 3/20, f = -1341.560707608945
Optimization restart 4/20, f = -1341.8713200717464
Optimization restart 5/20, f = -1335.813007380805
Optimization restart 6/20, f = -1344.5497939139043
Optimization restart 7/20, f = -1343.6216542800328
Optimization restart 8/20, f = -1343.4845412230893
Optimization restart 9/20, f = -1341.6058132109038
Optimization restart 10/20, f = -1345.1655552742054
Optimization restart 11/20, f = -1334.6103807871082
Optimization restart 12/20, f = -1345.1149911895625
Optimization restart 13/20, f = -1344.5940477430827
Optimization restart 14/20, f = -1345.0949014589812
Optimization restart 15/20, f = -1344.943512344207
Optimization restart 16/20, f = -1333.4487092380527
Optimization restart 17/20, f = -1339.4400022880816
Optimization restart 18/20, f = -1332.4679417306666
Optimization restart 19/20, f = -1344.7382300925356
Optimization restart 20/20, f = -1345.6098721180635
pypal at iteration 221.         37 Pareto optimal points,         3028 discarded points,         60 unclassified points.
Hypervolume 1510.0714595050283
pypal at iteration 222.         37 Pareto optimal points,         3029 discarded points,         59 unclassified points.
Hypervolume 1510.0714595050283
pypal at iteration 223.         37 Pareto optimal points,         3030 discarded points,         58 unclassified points.
Hypervolume 1510.0714595050283
pypal at iteration 224.         37 Pareto optimal points,         3031 discarded points,         57 unclassified points.
Hypervolume 1510.0714595050283
pypal at iteration 225.         37 Pareto optimal points,         3032 discarded points,         56 unclassified points.
Hypervolume 1510.0714595050283
pypal at iteration 226.         37 Pareto optimal points,         3033 discarded points,         55 unclassified points.
Hypervolume 1510.0714595050283
pypal at iteration 227.         37 Pareto optimal points,         3034 discarded points,         54 unclassified points.
Hypervolume 1510.0714595050283
pypal at iteration 228.         37 Pareto optimal points,         3035 discarded points,         53 unclassified points.
Hypervolume 1510.0714595050283
pypal at iteration 229.         37 Pareto optimal points,         3036 discarded points,         52 unclassified points.
Hypervolume 1510.0714595050283
pypal at iteration 230.         38 Pareto optimal points,         3036 discarded points,         51 unclassified points.
Hypervolume 1510.171337482931
Optimization restart 1/20, f = -1401.8356277922558
Optimization restart 2/20, f = -1396.4635637488736
Optimization restart 3/20, f = -1399.799259950718
Optimization restart 4/20, f = -1373.5129389071326
Optimization restart 5/20, f = -1326.903582827095
Optimization restart 6/20, f = -1385.5573826264974
Optimization restart 7/20, f = -1399.9513252406452
Optimization restart 8/20, f = -1398.5345199153348
Optimization restart 9/20, f = -1399.3437269948467
Optimization restart 10/20, f = -1399.2958114753878
Optimization restart 11/20, f = -1391.084687247721
Optimization restart 12/20, f = -1399.4124408619068
Optimization restart 13/20, f = -1362.6931231710582
Optimization restart 14/20, f = -1395.7506162279797
Optimization restart 15/20, f = -1398.1016611631965
Optimization restart 16/20, f = -1393.843046669475
Optimization restart 17/20, f = -1400.5337427003954
Optimization restart 18/20, f = -1399.1229343439204
Optimization restart 19/20, f = -1397.3961724930718
Optimization restart 20/20, f = -1397.1713109606853
pypal at iteration 231.         39 Pareto optimal points,         3050 discarded points,         36 unclassified points.
Hypervolume 1510.369068800465
pypal at iteration 232.         39 Pareto optimal points,         3051 discarded points,         35 unclassified points.
Hypervolume 1510.369068800465
pypal at iteration 233.         39 Pareto optimal points,         3052 discarded points,         34 unclassified points.
Hypervolume 1510.369068800465
pypal at iteration 234.         39 Pareto optimal points,         3053 discarded points,         33 unclassified points.
Hypervolume 1510.369068800465
pypal at iteration 235.         40 Pareto optimal points,         3053 discarded points,         32 unclassified points.
Hypervolume 1510.4680052954843
pypal at iteration 236.         40 Pareto optimal points,         3054 discarded points,         31 unclassified points.
Hypervolume 1510.4680052954843
pypal at iteration 237.         40 Pareto optimal points,         3055 discarded points,         30 unclassified points.
Hypervolume 1510.4680052954843
pypal at iteration 238.         40 Pareto optimal points,         3056 discarded points,         29 unclassified points.
Hypervolume 1510.4680052954843
pypal at iteration 239.         40 Pareto optimal points,         3057 discarded points,         28 unclassified points.
Hypervolume 1510.4680052954843
pypal at iteration 240.         41 Pareto optimal points,         3057 discarded points,         27 unclassified points.
Hypervolume 1511.8334806792118
Optimization restart 1/20, f = -1461.5064335082402
Optimization restart 2/20, f = -1455.6035144844482
Optimization restart 3/20, f = -1446.6234426719539
Optimization restart 4/20, f = -1453.0351902164412
Optimization restart 5/20, f = -1458.562963226828
Optimization restart 6/20, f = -1459.2319374477097
Optimization restart 7/20, f = -1458.3912899270317
Optimization restart 8/20, f = -1456.8406065060112
Optimization restart 9/20, f = -1308.5969260477718
Optimization restart 10/20, f = -1456.803697144475
Optimization restart 11/20, f = -1457.4216459854306
Optimization restart 12/20, f = -1451.011544553278
Optimization restart 13/20, f = -1437.2488559197204
Optimization restart 14/20, f = -1455.493408937854
Optimization restart 15/20, f = -1458.061772292316
Optimization restart 16/20, f = -1458.810947804901
Optimization restart 17/20, f = -1316.0812288659263
Optimization restart 18/20, f = -1458.6218504406265
Optimization restart 19/20, f = -1455.1712862826218
Optimization restart 20/20, f = -1456.5299289360544
pypal at iteration 241.         42 Pareto optimal points,         3057 discarded points,         26 unclassified points.
Hypervolume 1511.8358326247055
pypal at iteration 242.         42 Pareto optimal points,         3058 discarded points,         25 unclassified points.
Hypervolume 1511.8358326247055
pypal at iteration 243.         43 Pareto optimal points,         3058 discarded points,         24 unclassified points.
Hypervolume 1512.4231651563803
pypal at iteration 244.         43 Pareto optimal points,         3059 discarded points,         23 unclassified points.
Hypervolume 1512.4231651563803
pypal at iteration 245.         43 Pareto optimal points,         3060 discarded points,         22 unclassified points.
Hypervolume 1512.4231651563803
pypal at iteration 246.         44 Pareto optimal points,         3060 discarded points,         21 unclassified points.
Hypervolume 1512.624057752248
pypal at iteration 247.         44 Pareto optimal points,         3061 discarded points,         20 unclassified points.
Hypervolume 1512.624057752248
pypal at iteration 248.         45 Pareto optimal points,         3070 discarded points,         10 unclassified points.
Hypervolume 1513.1715128225242
pypal at iteration 249.         46 Pareto optimal points,         3070 discarded points,         9 unclassified points.
Hypervolume 1513.212298717924
pypal at iteration 250.         47 Pareto optimal points,         3070 discarded points,         8 unclassified points.
Hypervolume 1513.2127850737347
Optimization restart 1/20, f = -1517.01690151299
Optimization restart 2/20, f = -1512.7162107024337
Optimization restart 3/20, f = -1512.7423616459037
Optimization restart 4/20, f = -1514.522290485315
Optimization restart 5/20, f = -1513.5118075766059
Optimization restart 6/20, f = -1515.0282284684197
Optimization restart 7/20, f = -1510.3072029950092
Optimization restart 8/20, f = -1512.8487166233251
Optimization restart 9/20, f = -1515.1920462312323
Optimization restart 10/20, f = -1497.4910279875207
Optimization restart 11/20, f = -1514.87198646375
Optimization restart 12/20, f = -1505.7913837946467
Optimization restart 13/20, f = -1516.6688012489326
Optimization restart 14/20, f = -1514.5941403398701
Optimization restart 15/20, f = -1513.0793415926041
Optimization restart 16/20, f = -1512.4059368360217
Optimization restart 17/20, f = -1510.6757234130985
Optimization restart 18/20, f = -1511.0918121999878
Optimization restart 19/20, f = -1514.4097055337056
Optimization restart 20/20, f = -1512.9384724624456
pypal at iteration 251.         49 Pareto optimal points,         3070 discarded points,         6 unclassified points.
Hypervolume 1515.02171503886
pypal at iteration 252.         49 Pareto optimal points,         3071 discarded points,         5 unclassified points.
Hypervolume 1515.02171503886
pypal at iteration 253.         49 Pareto optimal points,         3072 discarded points,         4 unclassified points.
Hypervolume 1515.02171503886
pypal at iteration 254.         50 Pareto optimal points,         3072 discarded points,         3 unclassified points.
Hypervolume 1515.022119922195
pypal at iteration 255.         50 Pareto optimal points,         3073 discarded points,         2 unclassified points.
Hypervolume 1515.022119922195
pypal at iteration 256.         51 Pareto optimal points,         3073 discarded points,         1 unclassified points.
Hypervolume 1515.1078873094054
Done. No unclassified point left
pypal at iteration 256.         52 Pareto optimal points,         3073 discarded points,         0 unclassified points.
Hypervolume 1515.117156897586
