 /home/kjablonk/anaconda3/envs/dispersant_screener/lib/python3.7/site-packages/sklearn/utils/deprecation.py:143: FutureWarning:The sklearn.preprocessing.data module is  deprecated in version 0.22 and will be removed in version 0.24. The corresponding classes / functions should instead be imported from sklearn.preprocessing. Anything that cannot be imported from sklearn.preprocessing is now part of the private API.
 /home/kjablonk/programs/pypal/pypal/pal/validate_inputs.py:146: UserWarning:No goals provided,                 will assume that every dimension should be maximized
 /home/kjablonk/anaconda3/envs/dispersant_screener/lib/python3.7/site-packages/GPy/kern/src/stationary.py:243: RuntimeWarning:invalid value encountered in true_divide
 /home/kjablonk/anaconda3/envs/dispersant_screener/lib/python3.7/site-packages/GPy/kern/src/stationary.py:166: RuntimeWarning:overflow encountered in true_divide
 /home/kjablonk/anaconda3/envs/dispersant_screener/lib/python3.7/site-packages/GPy/kern/src/stationary.py:137: RuntimeWarning:overflow encountered in square
 /home/kjablonk/anaconda3/envs/dispersant_screener/lib/python3.7/site-packages/GPy/kern/src/stationary.py:138: RuntimeWarning:invalid value encountered in add
 /home/kjablonk/anaconda3/envs/dispersant_screener/lib/python3.7/site-packages/GPy/kern/src/stationary.py:565: RuntimeWarning:invalid value encountered in multiply
 /home/kjablonk/anaconda3/envs/dispersant_screener/lib/python3.7/site-packages/GPy/kern/src/stationary.py:568: RuntimeWarning:invalid value encountered in subtract
 /home/kjablonk/anaconda3/envs/dispersant_screener/lib/python3.7/site-packages/paramz/transformations.py:111: RuntimeWarning:overflow encountered in expm1
 /home/kjablonk/anaconda3/envs/dispersant_screener/lib/python3.7/site-packages/GPy/kern/src/stationary.py:137: RuntimeWarning:overflow encountered in square
 /home/kjablonk/anaconda3/envs/dispersant_screener/lib/python3.7/site-packages/GPy/kern/src/stationary.py:138: RuntimeWarning:invalid value encountered in add
 /home/kjablonk/anaconda3/envs/dispersant_screener/lib/python3.7/site-packages/GPy/kern/src/stationary.py:565: RuntimeWarning:invalid value encountered in multiply
 /home/kjablonk/anaconda3/envs/dispersant_screener/lib/python3.7/site-packages/GPy/kern/src/stationary.py:568: RuntimeWarning:invalid value encountered in subtract
 /home/kjablonk/anaconda3/envs/dispersant_screener/lib/python3.7/site-packages/GPy/kern/src/stationary.py:166: RuntimeWarning:overflow encountered in true_divide
 /home/kjablonk/anaconda3/envs/dispersant_screener/lib/python3.7/site-packages/GPy/kern/src/stationary.py:243: RuntimeWarning:invalid value encountered in true_divide
 /home/kjablonk/anaconda3/envs/dispersant_screener/lib/python3.7/site-packages/numpy/core/_asarray.py:136: VisibleDeprecationWarning:Creating an ndarray from ragged nested sequences (which is a list-or-tuple of lists-or-tuples-or ndarrays with different lengths or shapes) is deprecated. If you meant to do this, you must specify 'dtype=object' when creating the ndarray
Maximum hypervolume 1536.0438526567837
STARTING PAL
Optimization restart 1/20, f = -219.26557696981516
Optimization restart 2/20, f = -229.0737757415971
Optimization restart 3/20, f = -211.41105029018868
Optimization restart 4/20, f = -229.7829667686704
Optimization restart 5/20, f = -229.76734475122694
Optimization restart 6/20, f = -228.08257240864148
Optimization restart 7/20, f = -229.81626822426466
Optimization restart 8/20, f = -229.79836031532977
Optimization restart 9/20, f = -222.93967213785598
Optimization restart 10/20, f = -229.83023364437315
Optimization restart 11/20, f = -229.69988691170698
Optimization restart 12/20, f = -218.36095039143743
Optimization restart 13/20, f = -228.7930379477898
Optimization restart 14/20, f = -229.63093361253294
Optimization restart 15/20, f = -229.4194181759852
Optimization restart 16/20, f = -229.77893022484113
Optimization restart 17/20, f = -229.91367318792385
Optimization restart 18/20, f = -229.83026992716856
Optimization restart 19/20, f = -229.61913711558554
Optimization restart 20/20, f = -229.9507088617016
pypal at iteration 1.         3 Pareto optimal points,         150 discarded points,         2972 unclassified points.
Hypervolume 767.2047622349629
pypal at iteration 2.         4 Pareto optimal points,         200 discarded points,         2921 unclassified points.
Hypervolume 1274.1446119252084
pypal at iteration 3.         4 Pareto optimal points,         227 discarded points,         2894 unclassified points.
Hypervolume 1274.1446119252084
pypal at iteration 4.         5 Pareto optimal points,         228 discarded points,         2892 unclassified points.
Hypervolume 1419.3978507947695
pypal at iteration 5.         5 Pareto optimal points,         229 discarded points,         2891 unclassified points.
Hypervolume 1419.3978507947695
pypal at iteration 6.         5 Pareto optimal points,         230 discarded points,         2890 unclassified points.
Hypervolume 1419.3978507947695
pypal at iteration 7.         5 Pareto optimal points,         231 discarded points,         2889 unclassified points.
Hypervolume 1419.3978507947695
pypal at iteration 8.         5 Pareto optimal points,         232 discarded points,         2888 unclassified points.
Hypervolume 1419.3978507947695
pypal at iteration 9.         5 Pareto optimal points,         233 discarded points,         2887 unclassified points.
Hypervolume 1419.3978507947695
pypal at iteration 10.         5 Pareto optimal points,         236 discarded points,         2884 unclassified points.
Hypervolume 1419.3978507947695
Optimization restart 1/20, f = -339.3528610248157
Optimization restart 2/20, f = -338.42135826357463
Optimization restart 3/20, f = -338.7716092381484
Optimization restart 4/20, f = -331.7679022107229
Optimization restart 5/20, f = -339.0250324274522
Optimization restart 6/20, f = -338.12283577107587
Optimization restart 7/20, f = -337.8507261905278
Optimization restart 8/20, f = -335.76982819336496
Optimization restart 9/20, f = -331.3307561394024
Optimization restart 10/20, f = -339.1990822923186
Optimization restart 11/20, f = -332.2565370735253
Optimization restart 12/20, f = -338.94303488193174
Optimization restart 13/20, f = -338.1745468266845
Optimization restart 14/20, f = -338.2462678759281
Optimization restart 15/20, f = -337.1946620424495
Optimization restart 16/20, f = -338.6709091961139
Optimization restart 17/20, f = -338.8398877320443
Optimization restart 18/20, f = -300.1954799232143
Optimization restart 19/20, f = -338.4553039647062
Optimization restart 20/20, f = -338.51497134424693
pypal at iteration 11.         5 Pareto optimal points,         513 discarded points,         2607 unclassified points.
Hypervolume 1419.3978507947695
pypal at iteration 12.         5 Pareto optimal points,         614 discarded points,         2506 unclassified points.
Hypervolume 1419.3978507947695
pypal at iteration 13.         5 Pareto optimal points,         715 discarded points,         2405 unclassified points.
Hypervolume 1419.3978507947695
pypal at iteration 14.         5 Pareto optimal points,         744 discarded points,         2376 unclassified points.
Hypervolume 1419.3978507947695
pypal at iteration 15.         5 Pareto optimal points,         745 discarded points,         2375 unclassified points.
Hypervolume 1419.3978507947695
pypal at iteration 16.         5 Pareto optimal points,         746 discarded points,         2374 unclassified points.
Hypervolume 1419.3978507947695
pypal at iteration 17.         5 Pareto optimal points,         747 discarded points,         2373 unclassified points.
Hypervolume 1419.3978507947695
pypal at iteration 18.         5 Pareto optimal points,         748 discarded points,         2372 unclassified points.
Hypervolume 1419.3978507947695
pypal at iteration 19.         5 Pareto optimal points,         749 discarded points,         2371 unclassified points.
Hypervolume 1419.3978507947695
pypal at iteration 20.         5 Pareto optimal points,         750 discarded points,         2370 unclassified points.
Hypervolume 1419.3978507947695
Optimization restart 1/20, f = -428.77509807963355
Optimization restart 2/20, f = -427.6540175866869
Optimization restart 3/20, f = -422.81543320585433
Optimization restart 4/20, f = -427.6509153756424
Optimization restart 5/20, f = -428.07534390646833
Optimization restart 6/20, f = -427.6162910855753
Optimization restart 7/20, f = -427.2089935119451
Optimization restart 8/20, f = -425.53870829886444
Optimization restart 9/20, f = -427.64052548520414
Optimization restart 10/20, f = -424.9878877984097
Optimization restart 11/20, f = -267.92818698018885
Optimization restart 12/20, f = -425.9347705559628
Optimization restart 13/20, f = -428.400214440123
Optimization restart 14/20, f = -421.9074459060903
Optimization restart 15/20, f = -427.3341333816586
Optimization restart 16/20, f = -426.8532115526003
Optimization restart 17/20, f = -426.8811767372947
Optimization restart 18/20, f = -428.24845297840915
Optimization restart 19/20, f = -385.4758863037898
Optimization restart 20/20, f = -344.06789127035984
pypal at iteration 21.         7 Pareto optimal points,         1131 discarded points,         1987 unclassified points.
Hypervolume 1420.3020512761755
pypal at iteration 22.         7 Pareto optimal points,         1143 discarded points,         1975 unclassified points.
Hypervolume 1420.3020512761755
pypal at iteration 23.         7 Pareto optimal points,         1147 discarded points,         1971 unclassified points.
Hypervolume 1420.3020512761755
pypal at iteration 24.         7 Pareto optimal points,         1148 discarded points,         1970 unclassified points.
Hypervolume 1420.3020512761755
pypal at iteration 25.         7 Pareto optimal points,         1155 discarded points,         1963 unclassified points.
Hypervolume 1420.3020512761755
pypal at iteration 26.         7 Pareto optimal points,         1161 discarded points,         1957 unclassified points.
Hypervolume 1420.3020512761755
pypal at iteration 27.         7 Pareto optimal points,         1162 discarded points,         1956 unclassified points.
Hypervolume 1420.3020512761755
pypal at iteration 28.         7 Pareto optimal points,         1162 discarded points,         1956 unclassified points.
Hypervolume 1420.3020512761755
pypal at iteration 29.         7 Pareto optimal points,         1162 discarded points,         1956 unclassified points.
Hypervolume 1420.3020512761755
pypal at iteration 30.         7 Pareto optimal points,         1162 discarded points,         1956 unclassified points.
Hypervolume 1420.3020512761755
Optimization restart 1/20, f = -507.8657036267235
Optimization restart 2/20, f = -450.39881350598864
Optimization restart 3/20, f = -486.20713053219936
Optimization restart 4/20, f = -505.8277768945086
Optimization restart 5/20, f = -501.00716863785993
Optimization restart 6/20, f = -484.0748993805706
Optimization restart 7/20, f = -506.1816775134379
Optimization restart 8/20, f = -503.3759430871675
Optimization restart 9/20, f = -505.9388707088081
Optimization restart 10/20, f = -507.84615543737846
Optimization restart 11/20, f = -507.6899731932327
Optimization restart 12/20, f = -504.61952647811495
Optimization restart 13/20, f = -499.454880003687
Optimization restart 14/20, f = -506.50558237698874
Optimization restart 15/20, f = -507.8444824271212
Optimization restart 16/20, f = -455.47532474223
Optimization restart 17/20, f = -505.46116665333795
Optimization restart 18/20, f = -505.78383022242593
Optimization restart 19/20, f = -429.8354796824761
Optimization restart 20/20, f = -502.08965448236404
pypal at iteration 31.         7 Pareto optimal points,         1204 discarded points,         1914 unclassified points.
Hypervolume 1420.3020512761755
pypal at iteration 32.         7 Pareto optimal points,         1213 discarded points,         1905 unclassified points.
Hypervolume 1420.3020512761755
pypal at iteration 33.         7 Pareto optimal points,         1214 discarded points,         1904 unclassified points.
Hypervolume 1420.3020512761755
pypal at iteration 34.         7 Pareto optimal points,         1223 discarded points,         1895 unclassified points.
Hypervolume 1420.3020512761755
pypal at iteration 35.         7 Pareto optimal points,         1226 discarded points,         1892 unclassified points.
Hypervolume 1420.3020512761755
pypal at iteration 36.         7 Pareto optimal points,         1230 discarded points,         1888 unclassified points.
Hypervolume 1420.3020512761755
pypal at iteration 37.         7 Pareto optimal points,         1231 discarded points,         1887 unclassified points.
Hypervolume 1420.3020512761755
pypal at iteration 38.         8 Pareto optimal points,         1231 discarded points,         1886 unclassified points.
Hypervolume 1421.6240234551997
pypal at iteration 39.         11 Pareto optimal points,         1231 discarded points,         1883 unclassified points.
Hypervolume 1423.2832117968032
pypal at iteration 40.         11 Pareto optimal points,         1232 discarded points,         1882 unclassified points.
Hypervolume 1423.2832117968032
Optimization restart 1/20, f = -585.3791726472788
Optimization restart 2/20, f = -583.1622118944344
Optimization restart 3/20, f = -584.4534740525986
Optimization restart 4/20, f = -584.6101097168382
Optimization restart 5/20, f = -381.13142666794687
Optimization restart 6/20, f = -582.7959795689826
Optimization restart 7/20, f = -564.7769668931447
Optimization restart 8/20, f = -585.4000903725298
Optimization restart 9/20, f = -577.3342665597556
Optimization restart 10/20, f = -578.344024039966
Optimization restart 11/20, f = -572.3885246294578
Optimization restart 12/20, f = -581.8909534167599
Optimization restart 13/20, f = -584.4866856183803
Optimization restart 14/20, f = -461.44874380918435
Optimization restart 15/20, f = -582.5458416445023
Optimization restart 16/20, f = -584.3347632703742
Optimization restart 17/20, f = -583.1314789671997
Optimization restart 18/20, f = -585.8425316403504
Optimization restart 19/20, f = -584.3263941940372
Optimization restart 20/20, f = -580.5670709369587
pypal at iteration 41.         11 Pareto optimal points,         1243 discarded points,         1871 unclassified points.
Hypervolume 1423.2832117968032
pypal at iteration 42.         11 Pareto optimal points,         1244 discarded points,         1870 unclassified points.
Hypervolume 1423.2832117968032
pypal at iteration 43.         11 Pareto optimal points,         1245 discarded points,         1869 unclassified points.
Hypervolume 1423.2832117968032
pypal at iteration 44.         11 Pareto optimal points,         1246 discarded points,         1868 unclassified points.
Hypervolume 1423.2832117968032
pypal at iteration 45.         11 Pareto optimal points,         1247 discarded points,         1867 unclassified points.
Hypervolume 1423.2832117968032
pypal at iteration 46.         11 Pareto optimal points,         1248 discarded points,         1866 unclassified points.
Hypervolume 1423.2832117968032
pypal at iteration 47.         11 Pareto optimal points,         1249 discarded points,         1865 unclassified points.
Hypervolume 1423.2832117968032
pypal at iteration 48.         11 Pareto optimal points,         1249 discarded points,         1865 unclassified points.
Hypervolume 1423.2832117968032
pypal at iteration 49.         11 Pareto optimal points,         1250 discarded points,         1864 unclassified points.
Hypervolume 1423.2832117968032
pypal at iteration 50.         11 Pareto optimal points,         1251 discarded points,         1863 unclassified points.
Hypervolume 1423.2832117968032
Optimization restart 1/20, f = -660.6240332476589
Optimization restart 2/20, f = -658.7100052258526
Optimization restart 3/20, f = -659.0757557110919
Optimization restart 4/20, f = -658.6561309654866
Optimization restart 5/20, f = -658.9543355180157
Optimization restart 6/20, f = -657.4790900284867
Optimization restart 7/20, f = -658.8102245338753
Optimization restart 8/20, f = -657.1266692167746
Optimization restart 9/20, f = -658.5491320986889
Optimization restart 10/20, f = -652.7030897756906
Optimization restart 11/20, f = -646.5698988249549
Optimization restart 12/20, f = -648.5290102640449
Optimization restart 13/20, f = -644.253625269939
Optimization restart 14/20, f = -658.0321009386807
Optimization restart 15/20, f = -650.9470494888876
Optimization restart 16/20, f = -648.3890094252066
Optimization restart 17/20, f = -644.6507046626746
Optimization restart 18/20, f = -658.7727329129818
Optimization restart 19/20, f = -656.9505468771537
Optimization restart 20/20, f = -654.86414364405
pypal at iteration 51.         12 Pareto optimal points,         1252 discarded points,         1861 unclassified points.
Hypervolume 1424.0923493916052
pypal at iteration 52.         12 Pareto optimal points,         1253 discarded points,         1860 unclassified points.
Hypervolume 1424.0923493916052
pypal at iteration 53.         12 Pareto optimal points,         1254 discarded points,         1859 unclassified points.
Hypervolume 1424.0923493916052
pypal at iteration 54.         12 Pareto optimal points,         1254 discarded points,         1859 unclassified points.
Hypervolume 1424.0923493916052
pypal at iteration 55.         12 Pareto optimal points,         1591 discarded points,         1522 unclassified points.
Hypervolume 1424.0923493916052
pypal at iteration 56.         12 Pareto optimal points,         1599 discarded points,         1514 unclassified points.
Hypervolume 1424.0923493916052
pypal at iteration 57.         12 Pareto optimal points,         1599 discarded points,         1514 unclassified points.
Hypervolume 1424.0923493916052
pypal at iteration 58.         12 Pareto optimal points,         1599 discarded points,         1514 unclassified points.
Hypervolume 1424.0923493916052
pypal at iteration 59.         13 Pareto optimal points,         1600 discarded points,         1512 unclassified points.
Hypervolume 1428.5046783509185
pypal at iteration 60.         13 Pareto optimal points,         1601 discarded points,         1511 unclassified points.
Hypervolume 1428.5046783509185
Optimization restart 1/20, f = -720.3629663772906
Optimization restart 2/20, f = -718.3080402867258
Optimization restart 3/20, f = -712.7622708142769
Optimization restart 4/20, f = -718.8198020559703
Optimization restart 5/20, f = -718.5673280725244
Optimization restart 6/20, f = -719.9313777400874
Optimization restart 7/20, f = -711.8080199873662
Optimization restart 8/20, f = -613.0782841801235
Optimization restart 9/20, f = -715.5375542759542
Optimization restart 10/20, f = -720.1123347408511
Optimization restart 11/20, f = -717.7336844232946
Optimization restart 12/20, f = -712.2349298149636
Optimization restart 13/20, f = -719.6067416969294
Optimization restart 14/20, f = -719.705061309824
Optimization restart 15/20, f = -718.9750381200076
Optimization restart 16/20, f = -719.6036295881877
Optimization restart 17/20, f = -719.1123612247668
Optimization restart 18/20, f = -719.2409464436604
Optimization restart 19/20, f = -693.4883634638866
Optimization restart 20/20, f = -716.5352603734927
pypal at iteration 61.         16 Pareto optimal points,         1602 discarded points,         1507 unclassified points.
Hypervolume 1428.5911940522597
pypal at iteration 62.         16 Pareto optimal points,         1603 discarded points,         1506 unclassified points.
Hypervolume 1428.5911940522597
pypal at iteration 63.         17 Pareto optimal points,         1605 discarded points,         1503 unclassified points.
Hypervolume 1430.4088710663764
pypal at iteration 64.         17 Pareto optimal points,         1609 discarded points,         1499 unclassified points.
Hypervolume 1430.4088710663764
pypal at iteration 65.         17 Pareto optimal points,         1610 discarded points,         1498 unclassified points.
Hypervolume 1430.4088710663764
pypal at iteration 66.         18 Pareto optimal points,         2186 discarded points,         921 unclassified points.
Hypervolume 1460.9885292778308
pypal at iteration 67.         18 Pareto optimal points,         2187 discarded points,         920 unclassified points.
Hypervolume 1460.9885292778308
pypal at iteration 68.         18 Pareto optimal points,         2188 discarded points,         919 unclassified points.
Hypervolume 1460.9885292778308
pypal at iteration 69.         18 Pareto optimal points,         2189 discarded points,         918 unclassified points.
Hypervolume 1460.9885292778308
pypal at iteration 70.         18 Pareto optimal points,         2190 discarded points,         917 unclassified points.
Hypervolume 1460.9885292778308
Optimization restart 1/20, f = -763.0263551005946
Optimization restart 2/20, f = -754.0936994558435
Optimization restart 3/20, f = -761.9028605515572
Optimization restart 4/20, f = -761.8498390086261
Optimization restart 5/20, f = -759.5704947832908
Optimization restart 6/20, f = -762.1153176703077
Optimization restart 7/20, f = -761.6623619361435
Optimization restart 8/20, f = -761.5445551560314
Optimization restart 9/20, f = -760.6211695955792
Optimization restart 10/20, f = -751.5505895016003
Optimization restart 11/20, f = -761.4569524431263
Optimization restart 12/20, f = -751.4958817660679
Optimization restart 13/20, f = -761.7758961342533
Optimization restart 14/20, f = -757.2757946783588
Optimization restart 15/20, f = -757.0439375230749
Optimization restart 16/20, f = -761.8293017541332
Optimization restart 17/20, f = -760.9894187602604
Optimization restart 18/20, f = -761.8382426976549
Optimization restart 19/20, f = -627.2760788738115
Optimization restart 20/20, f = -761.2929220956028
pypal at iteration 71.         18 Pareto optimal points,         2191 discarded points,         916 unclassified points.
Hypervolume 1460.9885292778308
pypal at iteration 72.         19 Pareto optimal points,         2196 discarded points,         910 unclassified points.
Hypervolume 1470.4465939692484
pypal at iteration 73.         19 Pareto optimal points,         2203 discarded points,         903 unclassified points.
Hypervolume 1470.4465939692484
pypal at iteration 74.         19 Pareto optimal points,         2215 discarded points,         891 unclassified points.
Hypervolume 1470.4465939692484
pypal at iteration 75.         19 Pareto optimal points,         2219 discarded points,         887 unclassified points.
Hypervolume 1470.4465939692484
pypal at iteration 76.         21 Pareto optimal points,         2219 discarded points,         885 unclassified points.
Hypervolume 1472.28669123183
pypal at iteration 77.         21 Pareto optimal points,         2221 discarded points,         883 unclassified points.
Hypervolume 1472.28669123183
pypal at iteration 78.         21 Pareto optimal points,         2222 discarded points,         882 unclassified points.
Hypervolume 1472.28669123183
pypal at iteration 79.         21 Pareto optimal points,         2223 discarded points,         881 unclassified points.
Hypervolume 1472.28669123183
pypal at iteration 80.         21 Pareto optimal points,         2224 discarded points,         880 unclassified points.
Hypervolume 1472.28669123183
Optimization restart 1/20, f = -821.5540858030804
Optimization restart 2/20, f = -820.3259793111174
Optimization restart 3/20, f = -812.0219648193565
Optimization restart 4/20, f = -812.6594454673861
Optimization restart 5/20, f = -751.9875859310696
Optimization restart 6/20, f = -810.0554411658441
Optimization restart 7/20, f = -815.6518259115751
Optimization restart 8/20, f = -813.1806589760731
Optimization restart 9/20, f = -808.8002636540498
Optimization restart 10/20, f = -816.9897406245395
Optimization restart 11/20, f = -820.0130973669543
Optimization restart 12/20, f = -819.9774656881125
Optimization restart 13/20, f = -807.0784692697712
Optimization restart 14/20, f = -815.9867164431856
Optimization restart 15/20, f = -819.5309286205706
Optimization restart 16/20, f = -820.0663653025357
Optimization restart 17/20, f = -787.623429044245
Optimization restart 18/20, f = -816.1803497811858
Optimization restart 19/20, f = -820.2224203636188
Optimization restart 20/20, f = -820.3156294643156
pypal at iteration 81.         21 Pareto optimal points,         2225 discarded points,         879 unclassified points.
Hypervolume 1472.28669123183
pypal at iteration 82.         21 Pareto optimal points,         2230 discarded points,         874 unclassified points.
Hypervolume 1472.28669123183
pypal at iteration 83.         21 Pareto optimal points,         2231 discarded points,         873 unclassified points.
Hypervolume 1472.28669123183
pypal at iteration 84.         21 Pareto optimal points,         2232 discarded points,         872 unclassified points.
Hypervolume 1472.28669123183
pypal at iteration 85.         21 Pareto optimal points,         2236 discarded points,         868 unclassified points.
Hypervolume 1472.28669123183
pypal at iteration 86.         21 Pareto optimal points,         2237 discarded points,         867 unclassified points.
Hypervolume 1472.28669123183
pypal at iteration 87.         21 Pareto optimal points,         2238 discarded points,         866 unclassified points.
Hypervolume 1472.28669123183
pypal at iteration 88.         21 Pareto optimal points,         2239 discarded points,         865 unclassified points.
Hypervolume 1472.28669123183
pypal at iteration 89.         21 Pareto optimal points,         2240 discarded points,         864 unclassified points.
Hypervolume 1472.28669123183
pypal at iteration 90.         21 Pareto optimal points,         2241 discarded points,         863 unclassified points.
Hypervolume 1472.28669123183
Optimization restart 1/20, f = -881.1210331333527
Optimization restart 2/20, f = -879.6029168428197
Optimization restart 3/20, f = -703.4329736395607
Optimization restart 4/20, f = -847.7792934947802
Optimization restart 5/20, f = -865.7595027150924
Optimization restart 6/20, f = -569.5249955228617
Optimization restart 7/20, f = -867.4959608938348
Optimization restart 8/20, f = -843.9539024150649
Optimization restart 9/20, f = -878.7281677250528
Optimization restart 10/20, f = -879.5499912372677
Optimization restart 11/20, f = -872.5103906845428
Optimization restart 12/20, f = -878.5125316855995
Optimization restart 13/20, f = -876.0484706207408
Optimization restart 14/20, f = -861.9054902008177
Optimization restart 15/20, f = -879.4622874706944
Optimization restart 16/20, f = -874.4335784515845
Optimization restart 17/20, f = -877.0392025852212
Optimization restart 18/20, f = -874.6364861462166
Optimization restart 19/20, f = -867.1309896060463
Optimization restart 20/20, f = -879.4244403663761
pypal at iteration 91.         21 Pareto optimal points,         2242 discarded points,         862 unclassified points.
Hypervolume 1472.28669123183
pypal at iteration 92.         21 Pareto optimal points,         2243 discarded points,         861 unclassified points.
Hypervolume 1472.28669123183
pypal at iteration 93.         21 Pareto optimal points,         2244 discarded points,         860 unclassified points.
Hypervolume 1472.28669123183
pypal at iteration 94.         21 Pareto optimal points,         2245 discarded points,         859 unclassified points.
Hypervolume 1472.28669123183
pypal at iteration 95.         21 Pareto optimal points,         2246 discarded points,         858 unclassified points.
Hypervolume 1472.28669123183
pypal at iteration 96.         21 Pareto optimal points,         2247 discarded points,         857 unclassified points.
Hypervolume 1472.28669123183
pypal at iteration 97.         21 Pareto optimal points,         2248 discarded points,         856 unclassified points.
Hypervolume 1472.28669123183
pypal at iteration 98.         21 Pareto optimal points,         2249 discarded points,         855 unclassified points.
Hypervolume 1472.28669123183
pypal at iteration 99.         21 Pareto optimal points,         2250 discarded points,         854 unclassified points.
Hypervolume 1472.28669123183
pypal at iteration 100.         21 Pareto optimal points,         2251 discarded points,         853 unclassified points.
Hypervolume 1472.28669123183
Optimization restart 1/20, f = -943.1722126736644
Optimization restart 2/20, f = -940.2855739394233
Optimization restart 3/20, f = -940.9261279811807
Optimization restart 4/20, f = -934.9261101399809
Optimization restart 5/20, f = -936.0601095270567
Optimization restart 6/20, f = -941.4428710237271
Optimization restart 7/20, f = -934.866511515005
Optimization restart 8/20, f = -938.8941461681205
Optimization restart 9/20, f = -938.1134090340444
Optimization restart 10/20, f = -937.7757252808608
Optimization restart 11/20, f = -940.0448266572364
Optimization restart 12/20, f = -936.0297905304631
Optimization restart 13/20, f = -941.2654562359976
Optimization restart 14/20, f = -940.5123483445719
Optimization restart 15/20, f = -940.1107579382799
Optimization restart 16/20, f = -931.5246811546831
Optimization restart 17/20, f = -941.4719438334366
Optimization restart 18/20, f = -933.2293264486815
Optimization restart 19/20, f = -935.6164141647424
Optimization restart 20/20, f = -941.2308219120603
pypal at iteration 101.         21 Pareto optimal points,         2252 discarded points,         852 unclassified points.
Hypervolume 1472.28669123183
pypal at iteration 102.         21 Pareto optimal points,         2253 discarded points,         851 unclassified points.
Hypervolume 1472.28669123183
pypal at iteration 103.         21 Pareto optimal points,         2256 discarded points,         848 unclassified points.
Hypervolume 1472.28669123183
pypal at iteration 104.         21 Pareto optimal points,         2257 discarded points,         847 unclassified points.
Hypervolume 1472.28669123183
pypal at iteration 105.         21 Pareto optimal points,         2264 discarded points,         840 unclassified points.
Hypervolume 1472.28669123183
pypal at iteration 106.         21 Pareto optimal points,         2265 discarded points,         839 unclassified points.
Hypervolume 1472.28669123183
pypal at iteration 107.         21 Pareto optimal points,         2266 discarded points,         838 unclassified points.
Hypervolume 1472.28669123183
pypal at iteration 108.         21 Pareto optimal points,         2267 discarded points,         837 unclassified points.
Hypervolume 1472.28669123183
pypal at iteration 109.         21 Pareto optimal points,         2276 discarded points,         828 unclassified points.
Hypervolume 1472.28669123183
pypal at iteration 110.         22 Pareto optimal points,         2278 discarded points,         825 unclassified points.
Hypervolume 1472.2979217668037
Optimization restart 1/20, f = -1001.0201721040719
Optimization restart 2/20, f = -986.1409436282484
Optimization restart 3/20, f = -994.7063377178022
Optimization restart 4/20, f = -991.192330643446
Optimization restart 5/20, f = -991.2147916439209
Optimization restart 6/20, f = -964.3501455831885
Optimization restart 7/20, f = -985.7849907063114
Optimization restart 8/20, f = -998.9347764081432
Optimization restart 9/20, f = -989.7301527420644
Optimization restart 10/20, f = -990.1352886174742
Optimization restart 11/20, f = -999.3602643263887
Optimization restart 12/20, f = -981.5676258939458
Optimization restart 13/20, f = -1000.2586324949826
Optimization restart 14/20, f = -998.3546935012691
Optimization restart 15/20, f = -987.955226839425
Optimization restart 16/20, f = -996.0186721475206
Optimization restart 17/20, f = -998.3191161842169
Optimization restart 18/20, f = -991.6706745537779
Optimization restart 19/20, f = -988.5046890096282
Optimization restart 20/20, f = -989.2659646171804
pypal at iteration 111.         22 Pareto optimal points,         2279 discarded points,         824 unclassified points.
Hypervolume 1472.2979217668037
pypal at iteration 112.         22 Pareto optimal points,         2280 discarded points,         823 unclassified points.
Hypervolume 1472.2979217668037
pypal at iteration 113.         22 Pareto optimal points,         2281 discarded points,         822 unclassified points.
Hypervolume 1472.2979217668037
pypal at iteration 114.         22 Pareto optimal points,         2282 discarded points,         821 unclassified points.
Hypervolume 1472.2979217668037
pypal at iteration 115.         24 Pareto optimal points,         2282 discarded points,         819 unclassified points.
Hypervolume 1472.851332333912
pypal at iteration 116.         24 Pareto optimal points,         2283 discarded points,         818 unclassified points.
Hypervolume 1472.851332333912
pypal at iteration 117.         24 Pareto optimal points,         2284 discarded points,         817 unclassified points.
Hypervolume 1472.851332333912
pypal at iteration 118.         24 Pareto optimal points,         2285 discarded points,         816 unclassified points.
Hypervolume 1472.851332333912
pypal at iteration 119.         24 Pareto optimal points,         2287 discarded points,         814 unclassified points.
Hypervolume 1472.851332333912
pypal at iteration 120.         24 Pareto optimal points,         2288 discarded points,         813 unclassified points.
Hypervolume 1472.851332333912
Optimization restart 1/20, f = -1057.524530048056
Optimization restart 2/20, f = -1047.9496048795754
Optimization restart 3/20, f = -1055.2486797123106
Optimization restart 4/20, f = -1055.7610079569101
Optimization restart 5/20, f = -1055.8458512131442
Optimization restart 6/20, f = -1055.8679383953545
Optimization restart 7/20, f = -1046.1931766161133
Optimization restart 8/20, f = -1042.8537434542416
Optimization restart 9/20, f = -1053.2727288465621
Optimization restart 10/20, f = -1051.9852471887052
Optimization restart 11/20, f = -1055.8187672086483
Optimization restart 12/20, f = -942.5954491667942
Optimization restart 13/20, f = -1054.1537502905112
Optimization restart 14/20, f = -1040.6085857533915
Optimization restart 15/20, f = -1055.6316607110457
Optimization restart 16/20, f = -1032.2864469888893
Optimization restart 17/20, f = -1046.374676382195
Optimization restart 18/20, f = -1052.4483798815324
Optimization restart 19/20, f = -1055.1094212750218
Optimization restart 20/20, f = -1055.324126749613
pypal at iteration 121.         24 Pareto optimal points,         2292 discarded points,         809 unclassified points.
Hypervolume 1472.851332333912
pypal at iteration 122.         24 Pareto optimal points,         2293 discarded points,         808 unclassified points.
Hypervolume 1472.851332333912
pypal at iteration 123.         24 Pareto optimal points,         2294 discarded points,         807 unclassified points.
Hypervolume 1472.851332333912
pypal at iteration 124.         24 Pareto optimal points,         2295 discarded points,         806 unclassified points.
Hypervolume 1472.851332333912
pypal at iteration 125.         24 Pareto optimal points,         2296 discarded points,         805 unclassified points.
Hypervolume 1472.851332333912
pypal at iteration 126.         24 Pareto optimal points,         2297 discarded points,         804 unclassified points.
Hypervolume 1472.851332333912
pypal at iteration 127.         24 Pareto optimal points,         2298 discarded points,         803 unclassified points.
Hypervolume 1472.851332333912
pypal at iteration 128.         24 Pareto optimal points,         2299 discarded points,         802 unclassified points.
Hypervolume 1472.851332333912
pypal at iteration 129.         24 Pareto optimal points,         2300 discarded points,         801 unclassified points.
Hypervolume 1472.851332333912
pypal at iteration 130.         24 Pareto optimal points,         2334 discarded points,         767 unclassified points.
Hypervolume 1472.851332333912
Optimization restart 1/20, f = -1117.9009917140017
Optimization restart 2/20, f = -1109.4967863548627
Optimization restart 3/20, f = -1106.7859468726501
Optimization restart 4/20, f = -1106.6814795135308
Optimization restart 5/20, f = -1108.3815511402331
Optimization restart 6/20, f = -475.80026358335414
Optimization restart 7/20, f = -1109.7103263663848
Optimization restart 8/20, f = -1113.4784495626732
Optimization restart 9/20, f = -1101.6429124216402
Optimization restart 10/20, f = -1116.307990876001
Optimization restart 11/20, f = -1097.2056971244226
Optimization restart 12/20, f = -1108.7241189569672
Optimization restart 13/20, f = -1105.8643507086433
Optimization restart 14/20, f = -1107.8818903731494
Optimization restart 15/20, f = -586.5412836363714
Optimization restart 16/20, f = -1101.6300557423067
Optimization restart 17/20, f = -1107.7652452720467
Optimization restart 18/20, f = -1115.7627602601683
Optimization restart 19/20, f = -1102.7008521610323
Optimization restart 20/20, f = -1109.5935298222573
pypal at iteration 131.         24 Pareto optimal points,         2336 discarded points,         765 unclassified points.
Hypervolume 1472.851332333912
pypal at iteration 132.         24 Pareto optimal points,         2338 discarded points,         763 unclassified points.
Hypervolume 1472.851332333912
pypal at iteration 133.         24 Pareto optimal points,         2339 discarded points,         762 unclassified points.
Hypervolume 1472.851332333912
pypal at iteration 134.         24 Pareto optimal points,         2340 discarded points,         761 unclassified points.
Hypervolume 1472.851332333912
pypal at iteration 135.         24 Pareto optimal points,         2341 discarded points,         760 unclassified points.
Hypervolume 1472.851332333912
pypal at iteration 136.         24 Pareto optimal points,         2342 discarded points,         759 unclassified points.
Hypervolume 1472.851332333912
pypal at iteration 137.         24 Pareto optimal points,         2343 discarded points,         758 unclassified points.
Hypervolume 1472.851332333912
pypal at iteration 138.         24 Pareto optimal points,         2344 discarded points,         757 unclassified points.
Hypervolume 1472.851332333912
pypal at iteration 139.         24 Pareto optimal points,         2345 discarded points,         756 unclassified points.
Hypervolume 1472.851332333912
pypal at iteration 140.         24 Pareto optimal points,         2346 discarded points,         755 unclassified points.
Hypervolume 1472.851332333912
Optimization restart 1/20, f = -1176.1940703160074
Optimization restart 2/20, f = -1170.6458583886651
Optimization restart 3/20, f = -1170.4106627687486
Optimization restart 4/20, f = -1173.392959556562
Optimization restart 5/20, f = -1167.6860103021675
Optimization restart 6/20, f = -1173.8003511355842
Optimization restart 7/20, f = -1174.138817948853
Optimization restart 8/20, f = -1157.1927176952013
Optimization restart 9/20, f = -1156.394048829416
Optimization restart 10/20, f = -1165.1156858721902
Optimization restart 11/20, f = -1163.7298698659008
Optimization restart 12/20, f = -1173.8809804808964
Optimization restart 13/20, f = -1158.818335128848
Optimization restart 14/20, f = -1173.3496303546208
Optimization restart 15/20, f = -1169.9429906470198
Optimization restart 16/20, f = -1139.8281566234168
Optimization restart 17/20, f = -1174.2989824024835
Optimization restart 18/20, f = -1173.113303763184
Optimization restart 19/20, f = -1063.487910876425
Optimization restart 20/20, f = -1171.847744163204
pypal at iteration 141.         24 Pareto optimal points,         2362 discarded points,         739 unclassified points.
Hypervolume 1472.851332333912
pypal at iteration 142.         24 Pareto optimal points,         2363 discarded points,         738 unclassified points.
Hypervolume 1472.851332333912
pypal at iteration 143.         24 Pareto optimal points,         2364 discarded points,         737 unclassified points.
Hypervolume 1472.851332333912
pypal at iteration 144.         24 Pareto optimal points,         2365 discarded points,         736 unclassified points.
Hypervolume 1472.851332333912
pypal at iteration 145.         24 Pareto optimal points,         2366 discarded points,         735 unclassified points.
Hypervolume 1472.851332333912
pypal at iteration 146.         24 Pareto optimal points,         2369 discarded points,         732 unclassified points.
Hypervolume 1472.851332333912
pypal at iteration 147.         24 Pareto optimal points,         2370 discarded points,         731 unclassified points.
Hypervolume 1472.851332333912
pypal at iteration 148.         24 Pareto optimal points,         2371 discarded points,         730 unclassified points.
Hypervolume 1472.851332333912
pypal at iteration 149.         24 Pareto optimal points,         2372 discarded points,         729 unclassified points.
Hypervolume 1472.851332333912
pypal at iteration 150.         24 Pareto optimal points,         2373 discarded points,         728 unclassified points.
Hypervolume 1472.851332333912
Optimization restart 1/20, f = -1231.8415086680302
Optimization restart 2/20, f = -1207.6981025819073
Optimization restart 3/20, f = -1225.2178553517451
Optimization restart 4/20, f = -1046.4885995073666
Optimization restart 5/20, f = -1224.3109398218298
Optimization restart 6/20, f = -1221.8476694117985
Optimization restart 7/20, f = -1224.5258984904385
Optimization restart 8/20, f = -1225.7089968061462
Optimization restart 9/20, f = -1222.5626693576107
Optimization restart 10/20, f = -1225.6452412276658
Optimization restart 11/20, f = -1226.0993827691686
Optimization restart 12/20, f = -1229.8545106475033
Optimization restart 13/20, f = -1216.9658786505736
Optimization restart 14/20, f = -1228.475327721732
Optimization restart 15/20, f = -1215.4481883916164
Optimization restart 16/20, f = -1001.3008479528813
Optimization restart 17/20, f = -1213.5898457100513
Optimization restart 18/20, f = -1225.744365582198
Optimization restart 19/20, f = -1228.888192427827
Optimization restart 20/20, f = -1217.1614424089335
pypal at iteration 151.         24 Pareto optimal points,         2374 discarded points,         727 unclassified points.
Hypervolume 1472.851332333912
pypal at iteration 152.         24 Pareto optimal points,         2375 discarded points,         726 unclassified points.
Hypervolume 1472.851332333912
pypal at iteration 153.         24 Pareto optimal points,         2416 discarded points,         685 unclassified points.
Hypervolume 1472.851332333912
pypal at iteration 154.         24 Pareto optimal points,         2417 discarded points,         684 unclassified points.
Hypervolume 1472.851332333912
pypal at iteration 155.         24 Pareto optimal points,         2418 discarded points,         683 unclassified points.
Hypervolume 1472.851332333912
pypal at iteration 156.         24 Pareto optimal points,         2419 discarded points,         682 unclassified points.
Hypervolume 1472.851332333912
pypal at iteration 157.         24 Pareto optimal points,         2420 discarded points,         681 unclassified points.
Hypervolume 1472.851332333912
pypal at iteration 158.         24 Pareto optimal points,         2421 discarded points,         680 unclassified points.
Hypervolume 1472.851332333912
pypal at iteration 159.         24 Pareto optimal points,         2422 discarded points,         679 unclassified points.
Hypervolume 1472.851332333912
pypal at iteration 160.         24 Pareto optimal points,         2423 discarded points,         678 unclassified points.
Hypervolume 1472.851332333912
Optimization restart 1/20, f = -1290.5711847770185
Optimization restart 2/20, f = -1283.0989822686056
Optimization restart 3/20, f = -1285.1123492751422
Optimization restart 4/20, f = -1282.317387972274
Optimization restart 5/20, f = -1283.0383272746158
Optimization restart 6/20, f = -1284.7358469313162
Optimization restart 7/20, f = -1283.4470835301872
Optimization restart 8/20, f = -1281.720367324534
Optimization restart 9/20, f = -1285.7148545627442
Optimization restart 10/20, f = -1286.6483199055529
Optimization restart 11/20, f = -1271.1924109695278
Optimization restart 12/20, f = -1275.6535691675372
Optimization restart 13/20, f = -1286.0030738489997
Optimization restart 14/20, f = -1280.4291260764608
Optimization restart 15/20, f = -1270.780223470269
Optimization restart 16/20, f = -1278.2343753554428
Optimization restart 17/20, f = -1285.394343352909
Optimization restart 18/20, f = -1286.1304938172393
Optimization restart 19/20, f = -1277.442454583472
Optimization restart 20/20, f = -1288.9157257865309
pypal at iteration 161.         24 Pareto optimal points,         2424 discarded points,         677 unclassified points.
Hypervolume 1472.851332333912
pypal at iteration 162.         24 Pareto optimal points,         2425 discarded points,         676 unclassified points.
Hypervolume 1472.851332333912
pypal at iteration 163.         24 Pareto optimal points,         2426 discarded points,         675 unclassified points.
Hypervolume 1472.851332333912
pypal at iteration 164.         24 Pareto optimal points,         2427 discarded points,         674 unclassified points.
Hypervolume 1472.851332333912
pypal at iteration 165.         24 Pareto optimal points,         2428 discarded points,         673 unclassified points.
Hypervolume 1472.851332333912
pypal at iteration 166.         24 Pareto optimal points,         2429 discarded points,         672 unclassified points.
Hypervolume 1472.851332333912
pypal at iteration 167.         24 Pareto optimal points,         2433 discarded points,         668 unclassified points.
Hypervolume 1472.851332333912
pypal at iteration 168.         24 Pareto optimal points,         2434 discarded points,         667 unclassified points.
Hypervolume 1472.851332333912
pypal at iteration 169.         24 Pareto optimal points,         2435 discarded points,         666 unclassified points.
Hypervolume 1472.851332333912
pypal at iteration 170.         24 Pareto optimal points,         2436 discarded points,         665 unclassified points.
Hypervolume 1472.851332333912
Optimization restart 1/20, f = -1347.3227372790839
Optimization restart 2/20, f = -1338.9831984146072
Optimization restart 3/20, f = -1339.9335159200273
Optimization restart 4/20, f = -1341.3700420507598
Optimization restart 5/20, f = -1335.3343603260919
Optimization restart 6/20, f = -1341.3495489876502
Optimization restart 7/20, f = -1338.3532585752503
Optimization restart 8/20, f = -1343.132467131274
Optimization restart 9/20, f = -1337.6215045324714
Optimization restart 10/20, f = -1341.7581132804034
Optimization restart 11/20, f = -1334.0297915008373
Optimization restart 12/20, f = -1344.147329908233
Optimization restart 13/20, f = -1334.3237149145089
Optimization restart 14/20, f = -1333.8686807530585
Optimization restart 15/20, f = -1340.5330888316312
Optimization restart 16/20, f = -1305.4925792419194
Optimization restart 17/20, f = -1331.0821402769611
Optimization restart 18/20, f = -1343.368400602934
Optimization restart 19/20, f = -1344.1835785969572
Optimization restart 20/20, f = -1342.334786275584
pypal at iteration 171.         24 Pareto optimal points,         2438 discarded points,         663 unclassified points.
Hypervolume 1472.851332333912
pypal at iteration 172.         24 Pareto optimal points,         2442 discarded points,         659 unclassified points.
Hypervolume 1472.851332333912
pypal at iteration 173.         24 Pareto optimal points,         2445 discarded points,         656 unclassified points.
Hypervolume 1472.851332333912
pypal at iteration 174.         24 Pareto optimal points,         2447 discarded points,         654 unclassified points.
Hypervolume 1472.851332333912
pypal at iteration 175.         24 Pareto optimal points,         2449 discarded points,         652 unclassified points.
Hypervolume 1472.851332333912
pypal at iteration 176.         24 Pareto optimal points,         2450 discarded points,         651 unclassified points.
Hypervolume 1472.851332333912
pypal at iteration 177.         24 Pareto optimal points,         2577 discarded points,         524 unclassified points.
Hypervolume 1472.851332333912
pypal at iteration 178.         24 Pareto optimal points,         2578 discarded points,         523 unclassified points.
Hypervolume 1472.851332333912
pypal at iteration 179.         24 Pareto optimal points,         2579 discarded points,         522 unclassified points.
Hypervolume 1472.851332333912
pypal at iteration 180.         24 Pareto optimal points,         2580 discarded points,         521 unclassified points.
Hypervolume 1472.851332333912
Optimization restart 1/20, f = -1400.2811856781288
Optimization restart 2/20, f = -1358.13818490407
Optimization restart 3/20, f = -1397.4178655227374
Optimization restart 4/20, f = -1394.298103347047
Optimization restart 5/20, f = -1393.555973134608
Optimization restart 6/20, f = -1395.650823785873
Optimization restart 7/20, f = -1395.4462857184335
Optimization restart 8/20, f = -1383.7855412692272
Optimization restart 9/20, f = -1392.0176980684107
Optimization restart 10/20, f = -1396.632542687187
Optimization restart 11/20, f = -1396.4016650444482
Optimization restart 12/20, f = -1212.8476971671626
Optimization restart 13/20, f = -1396.5106357677237
Optimization restart 14/20, f = -1392.214877471454
Optimization restart 15/20, f = -1396.7996732489848
Optimization restart 16/20, f = -1394.642262067284
Optimization restart 17/20, f = -1394.7348158804773
Optimization restart 18/20, f = -1392.8559603928184
Optimization restart 19/20, f = -1394.431433116862
Optimization restart 20/20, f = -1394.0573647646697
pypal at iteration 181.         24 Pareto optimal points,         2581 discarded points,         520 unclassified points.
Hypervolume 1472.851332333912
pypal at iteration 182.         24 Pareto optimal points,         2582 discarded points,         519 unclassified points.
Hypervolume 1472.851332333912
pypal at iteration 183.         24 Pareto optimal points,         2583 discarded points,         518 unclassified points.
Hypervolume 1472.851332333912
pypal at iteration 184.         24 Pareto optimal points,         2584 discarded points,         517 unclassified points.
Hypervolume 1472.851332333912
pypal at iteration 185.         24 Pareto optimal points,         2585 discarded points,         516 unclassified points.
Hypervolume 1472.851332333912
pypal at iteration 186.         25 Pareto optimal points,         2588 discarded points,         512 unclassified points.
Hypervolume 1475.2134803145686
pypal at iteration 187.         25 Pareto optimal points,         2589 discarded points,         511 unclassified points.
Hypervolume 1475.2134803145686
pypal at iteration 188.         25 Pareto optimal points,         2590 discarded points,         510 unclassified points.
Hypervolume 1475.2134803145686
pypal at iteration 189.         25 Pareto optimal points,         2591 discarded points,         509 unclassified points.
Hypervolume 1475.2134803145686
pypal at iteration 190.         25 Pareto optimal points,         2605 discarded points,         495 unclassified points.
Hypervolume 1475.2134803145686
Optimization restart 1/20, f = -1457.4753980320133
Optimization restart 2/20, f = -1446.6475021837443
Optimization restart 3/20, f = -1437.3318718595553
Optimization restart 4/20, f = -1455.9101514763915
Optimization restart 5/20, f = -1447.7203902585525
Optimization restart 6/20, f = -1450.8056032926766
Optimization restart 7/20, f = -1453.2144703958113
Optimization restart 8/20, f = -1448.8874859333976
Optimization restart 9/20, f = -1451.4067712084025
Optimization restart 10/20, f = -1453.172059158163
Optimization restart 11/20, f = -1264.1742157184635
Optimization restart 12/20, f = -1452.169735151984
Optimization restart 13/20, f = -1444.7458786281709
Optimization restart 14/20, f = -1452.0054398372613
Optimization restart 15/20, f = -1452.7771011581476
Optimization restart 16/20, f = -1445.9606164031993
Optimization restart 17/20, f = -1452.9311071043605
Optimization restart 18/20, f = -1451.4632476813103
Optimization restart 19/20, f = -1446.4295981574153
Optimization restart 20/20, f = -1452.6763259655108
pypal at iteration 191.         25 Pareto optimal points,         2606 discarded points,         494 unclassified points.
Hypervolume 1475.2134803145686
pypal at iteration 192.         26 Pareto optimal points,         2608 discarded points,         491 unclassified points.
Hypervolume 1475.2237684257905
pypal at iteration 193.         26 Pareto optimal points,         2609 discarded points,         490 unclassified points.
Hypervolume 1475.2237684257905
pypal at iteration 194.         26 Pareto optimal points,         2610 discarded points,         489 unclassified points.
Hypervolume 1475.2237684257905
pypal at iteration 195.         26 Pareto optimal points,         2611 discarded points,         488 unclassified points.
Hypervolume 1475.2237684257905
pypal at iteration 196.         26 Pareto optimal points,         2613 discarded points,         486 unclassified points.
Hypervolume 1475.2237684257905
pypal at iteration 197.         26 Pareto optimal points,         2614 discarded points,         485 unclassified points.
Hypervolume 1475.2237684257905
pypal at iteration 198.         27 Pareto optimal points,         2639 discarded points,         459 unclassified points.
Hypervolume 1482.8166382935237
pypal at iteration 199.         27 Pareto optimal points,         2641 discarded points,         457 unclassified points.
Hypervolume 1482.8166382935237
pypal at iteration 200.         27 Pareto optimal points,         2641 discarded points,         457 unclassified points.
Hypervolume 1482.8166382935237
Optimization restart 1/20, f = -1514.7187770234664
Optimization restart 2/20, f = -1503.9533276568689
Optimization restart 3/20, f = -1510.2889898971057
Optimization restart 4/20, f = -1506.2434862065638
Optimization restart 5/20, f = -1510.4823617475797
Optimization restart 6/20, f = -1502.6477415442062
Optimization restart 7/20, f = -1511.0687299381598
Optimization restart 8/20, f = -1498.6449926516661
Optimization restart 9/20, f = -1506.9223111745669
Optimization restart 10/20, f = -1509.6798966164324
Optimization restart 11/20, f = -1507.2094452528158
Optimization restart 12/20, f = -1504.4112831959842
Optimization restart 13/20, f = -1509.2536649300064
Optimization restart 14/20, f = -1502.4189359604716
Optimization restart 15/20, f = -1277.0213545282247
Optimization restart 16/20, f = -1484.1683847232443
Optimization restart 17/20, f = -1502.1176811415428
Optimization restart 18/20, f = -1509.824757658379
Optimization restart 19/20, f = -1482.0156894639179
Optimization restart 20/20, f = -1496.935501018829
pypal at iteration 201.         27 Pareto optimal points,         2641 discarded points,         457 unclassified points.
Hypervolume 1482.8166382935237
pypal at iteration 202.         27 Pareto optimal points,         2642 discarded points,         456 unclassified points.
Hypervolume 1482.8166382935237
pypal at iteration 203.         27 Pareto optimal points,         2643 discarded points,         455 unclassified points.
Hypervolume 1482.8166382935237
pypal at iteration 204.         27 Pareto optimal points,         2644 discarded points,         454 unclassified points.
Hypervolume 1482.8166382935237
pypal at iteration 205.         28 Pareto optimal points,         2730 discarded points,         367 unclassified points.
Hypervolume 1485.5932329836744
pypal at iteration 206.         28 Pareto optimal points,         2731 discarded points,         366 unclassified points.
Hypervolume 1485.5932329836744
pypal at iteration 207.         28 Pareto optimal points,         2733 discarded points,         364 unclassified points.
Hypervolume 1485.5932329836744
pypal at iteration 208.         29 Pareto optimal points,         2765 discarded points,         331 unclassified points.
Hypervolume 1486.5375155759955
pypal at iteration 209.         29 Pareto optimal points,         2766 discarded points,         330 unclassified points.
Hypervolume 1486.5375155759955
pypal at iteration 210.         29 Pareto optimal points,         2767 discarded points,         329 unclassified points.
Hypervolume 1486.5375155759955
Optimization restart 1/20, f = -1567.788609080695
Optimization restart 2/20, f = -1563.6572391156815
Optimization restart 3/20, f = -1557.5012575479439
Optimization restart 4/20, f = -1556.9364028335474
Optimization restart 5/20, f = -1564.3494530010078
Optimization restart 6/20, f = -1557.6899078023334
Optimization restart 7/20, f = -1552.1787050470195
Optimization restart 8/20, f = -1560.6898752586067
Optimization restart 9/20, f = -1553.4130572433546
Optimization restart 10/20, f = -1562.3006077731618
Optimization restart 11/20, f = -1550.3711630341177
Optimization restart 12/20, f = -1557.1117681692144
Optimization restart 13/20, f = -1559.9199012986626
Optimization restart 14/20, f = -1558.2552865250243
Optimization restart 15/20, f = -1514.9616966397498
Optimization restart 16/20, f = -1493.8859578045945
Optimization restart 17/20, f = -1560.2840572300092
Optimization restart 18/20, f = -1556.5269439912065
Optimization restart 19/20, f = -1563.0839576608378
Optimization restart 20/20, f = -1549.8445962067112
pypal at iteration 211.         30 Pareto optimal points,         2768 discarded points,         327 unclassified points.
Hypervolume 1486.55888106761
pypal at iteration 212.         30 Pareto optimal points,         2769 discarded points,         326 unclassified points.
Hypervolume 1486.55888106761
pypal at iteration 213.         30 Pareto optimal points,         2770 discarded points,         325 unclassified points.
Hypervolume 1486.55888106761
pypal at iteration 214.         30 Pareto optimal points,         2771 discarded points,         324 unclassified points.
Hypervolume 1486.55888106761
pypal at iteration 215.         30 Pareto optimal points,         2772 discarded points,         323 unclassified points.
Hypervolume 1486.55888106761
pypal at iteration 216.         30 Pareto optimal points,         2773 discarded points,         322 unclassified points.
Hypervolume 1486.55888106761
pypal at iteration 217.         32 Pareto optimal points,         2817 discarded points,         276 unclassified points.
Hypervolume 1489.5199893689928
pypal at iteration 218.         32 Pareto optimal points,         2818 discarded points,         275 unclassified points.
Hypervolume 1489.5199893689928
pypal at iteration 219.         33 Pareto optimal points,         2818 discarded points,         274 unclassified points.
Hypervolume 1493.172378635333
pypal at iteration 220.         33 Pareto optimal points,         2819 discarded points,         273 unclassified points.
Hypervolume 1493.172378635333
Optimization restart 1/20, f = -1616.5123937382957
Optimization restart 2/20, f = -1612.0728816851492
Optimization restart 3/20, f = -1600.30131086469
Optimization restart 4/20, f = -1606.5445873321312
Optimization restart 5/20, f = -1601.9938083519335
Optimization restart 6/20, f = -1612.6785049462624
Optimization restart 7/20, f = -1608.6279522581144
Optimization restart 8/20, f = -1594.9540603892733
Optimization restart 9/20, f = -1607.1782199151992
Optimization restart 10/20, f = -1607.9126065973703
Optimization restart 11/20, f = -1603.6432693351967
Optimization restart 12/20, f = -1604.1257649426
Optimization restart 13/20, f = -1600.1305965548718
Optimization restart 14/20, f = -1604.159086346798
Optimization restart 15/20, f = -1601.604090987937
Optimization restart 16/20, f = -1606.078901915256
Optimization restart 17/20, f = -1610.913412056505
Optimization restart 18/20, f = -1597.4937654105042
Optimization restart 19/20, f = -1610.7210742922546
Optimization restart 20/20, f = -1610.468157361397
pypal at iteration 221.         33 Pareto optimal points,         2820 discarded points,         272 unclassified points.
Hypervolume 1493.172378635333
pypal at iteration 222.         33 Pareto optimal points,         2821 discarded points,         271 unclassified points.
Hypervolume 1493.172378635333
pypal at iteration 223.         33 Pareto optimal points,         2822 discarded points,         270 unclassified points.
Hypervolume 1493.172378635333
pypal at iteration 224.         33 Pareto optimal points,         2823 discarded points,         269 unclassified points.
Hypervolume 1493.172378635333
pypal at iteration 225.         33 Pareto optimal points,         2824 discarded points,         268 unclassified points.
Hypervolume 1493.172378635333
pypal at iteration 226.         33 Pareto optimal points,         2825 discarded points,         267 unclassified points.
Hypervolume 1493.172378635333
pypal at iteration 227.         33 Pareto optimal points,         2826 discarded points,         266 unclassified points.
Hypervolume 1493.172378635333
pypal at iteration 228.         33 Pareto optimal points,         2827 discarded points,         265 unclassified points.
Hypervolume 1493.172378635333
pypal at iteration 229.         33 Pareto optimal points,         2828 discarded points,         264 unclassified points.
Hypervolume 1493.172378635333
pypal at iteration 230.         33 Pareto optimal points,         2829 discarded points,         263 unclassified points.
Hypervolume 1493.172378635333
Optimization restart 1/20, f = -1673.9441160992783
Optimization restart 2/20, f = -1664.5529866797701
Optimization restart 3/20, f = -1665.2924841110676
Optimization restart 4/20, f = -1666.7719469021902
Optimization restart 5/20, f = -1671.2058792773362
Optimization restart 6/20, f = -1654.2986859224306
Optimization restart 7/20, f = -1631.0744326758004
Optimization restart 8/20, f = -1607.1260503132266
Optimization restart 9/20, f = -1658.7142950470995
Optimization restart 10/20, f = -1658.534981971359
Optimization restart 11/20, f = -1669.0521055315446
Optimization restart 12/20, f = -1666.811272263215
Optimization restart 13/20, f = -1639.804363452746
Optimization restart 14/20, f = -1669.188909098103
Optimization restart 15/20, f = -1666.3492660475813
Optimization restart 16/20, f = -1672.0759342009305
Optimization restart 17/20, f = -1613.7190554082517
Optimization restart 18/20, f = -1659.5812405835322
Optimization restart 19/20, f = -1647.9473814411954
Optimization restart 20/20, f = -1378.9453993274728
pypal at iteration 231.         33 Pareto optimal points,         2830 discarded points,         262 unclassified points.
Hypervolume 1493.172378635333
pypal at iteration 232.         33 Pareto optimal points,         2831 discarded points,         261 unclassified points.
Hypervolume 1493.172378635333
pypal at iteration 233.         33 Pareto optimal points,         2832 discarded points,         260 unclassified points.
Hypervolume 1493.172378635333
pypal at iteration 234.         33 Pareto optimal points,         2833 discarded points,         259 unclassified points.
Hypervolume 1493.172378635333
pypal at iteration 235.         33 Pareto optimal points,         2834 discarded points,         258 unclassified points.
Hypervolume 1493.172378635333
pypal at iteration 236.         34 Pareto optimal points,         2851 discarded points,         240 unclassified points.
Hypervolume 1495.9507934879985
pypal at iteration 237.         34 Pareto optimal points,         2852 discarded points,         239 unclassified points.
Hypervolume 1495.9507934879985
pypal at iteration 238.         34 Pareto optimal points,         2853 discarded points,         238 unclassified points.
Hypervolume 1495.9507934879985
pypal at iteration 239.         34 Pareto optimal points,         2854 discarded points,         237 unclassified points.
Hypervolume 1495.9507934879985
pypal at iteration 240.         37 Pareto optimal points,         2854 discarded points,         234 unclassified points.
Hypervolume 1495.9838221180753
Optimization restart 1/20, f = -1723.6328662288633
Optimization restart 2/20, f = -1717.4826448831084
Optimization restart 3/20, f = -1424.4529221968262
Optimization restart 4/20, f = -1710.9992398888166
Optimization restart 5/20, f = -1707.5103644273966
Optimization restart 6/20, f = -1679.2858740344973
Optimization restart 7/20, f = -1714.303323747753
Optimization restart 8/20, f = -1718.0223526822592
Optimization restart 9/20, f = -1715.5928191612234
Optimization restart 10/20, f = -1678.1409142143698
Optimization restart 11/20, f = -1702.1661966268007
Optimization restart 12/20, f = -1716.1703147814446
Optimization restart 13/20, f = -1709.6842071574124
Optimization restart 14/20, f = -1704.8656770166328
Optimization restart 15/20, f = -1712.7200457110184
Optimization restart 16/20, f = -1712.3304226987514
Optimization restart 17/20, f = -1703.8350388334616
Optimization restart 18/20, f = -1718.391616193746
Optimization restart 19/20, f = -1715.2001525759715
Optimization restart 20/20, f = -1707.6996072263555
pypal at iteration 241.         39 Pareto optimal points,         2994 discarded points,         92 unclassified points.
Hypervolume 1511.5141585126587
pypal at iteration 242.         39 Pareto optimal points,         2995 discarded points,         91 unclassified points.
Hypervolume 1511.5141585126587
pypal at iteration 243.         39 Pareto optimal points,         2996 discarded points,         90 unclassified points.
Hypervolume 1511.5141585126587
pypal at iteration 244.         39 Pareto optimal points,         2997 discarded points,         89 unclassified points.
Hypervolume 1511.5141585126587
pypal at iteration 245.         39 Pareto optimal points,         2998 discarded points,         88 unclassified points.
Hypervolume 1511.5141585126587
pypal at iteration 246.         40 Pareto optimal points,         3017 discarded points,         68 unclassified points.
Hypervolume 1515.9068080121533
pypal at iteration 247.         40 Pareto optimal points,         3018 discarded points,         67 unclassified points.
Hypervolume 1515.9068080121533
pypal at iteration 248.         40 Pareto optimal points,         3019 discarded points,         66 unclassified points.
Hypervolume 1515.9068080121533
pypal at iteration 249.         40 Pareto optimal points,         3020 discarded points,         65 unclassified points.
Hypervolume 1515.9068080121533
pypal at iteration 250.         40 Pareto optimal points,         3021 discarded points,         64 unclassified points.
Hypervolume 1515.9068080121533
Optimization restart 1/20, f = -1778.7288947206835
Optimization restart 2/20, f = -1765.6612272367652
Optimization restart 3/20, f = -1754.9500197975246
Optimization restart 4/20, f = -1766.5444863163702
Optimization restart 5/20, f = -1765.56118596664
Optimization restart 6/20, f = -1776.9602525024588
Optimization restart 7/20, f = -1772.7667200169383
Optimization restart 8/20, f = -1772.1909178436413
Optimization restart 9/20, f = -1772.728491804275
Optimization restart 10/20, f = -1772.3633058323733
Optimization restart 11/20, f = -1773.5563411287776
Optimization restart 12/20, f = -1772.7571471869396
Optimization restart 13/20, f = -1762.4696179765406
Optimization restart 14/20, f = -1770.3140627151065
Optimization restart 15/20, f = -1770.4244191504936
Optimization restart 16/20, f = -1761.2741442136464
Optimization restart 17/20, f = -1765.9217210196532
Optimization restart 18/20, f = -1751.9910525811758
Optimization restart 19/20, f = -1764.3579503242736
Optimization restart 20/20, f = -1772.4117616805772
pypal at iteration 251.         40 Pareto optimal points,         3022 discarded points,         63 unclassified points.
Hypervolume 1515.9068080121533
pypal at iteration 252.         40 Pareto optimal points,         3023 discarded points,         62 unclassified points.
Hypervolume 1515.9068080121533
pypal at iteration 253.         40 Pareto optimal points,         3024 discarded points,         61 unclassified points.
Hypervolume 1515.9068080121533
pypal at iteration 254.         41 Pareto optimal points,         3027 discarded points,         57 unclassified points.
Hypervolume 1516.0704758665406
pypal at iteration 255.         41 Pareto optimal points,         3028 discarded points,         56 unclassified points.
Hypervolume 1516.0704758665406
pypal at iteration 256.         41 Pareto optimal points,         3029 discarded points,         55 unclassified points.
Hypervolume 1516.0704758665406
pypal at iteration 257.         41 Pareto optimal points,         3029 discarded points,         55 unclassified points.
Hypervolume 1516.0704758665406
pypal at iteration 258.         41 Pareto optimal points,         3030 discarded points,         54 unclassified points.
Hypervolume 1516.0704758665406
pypal at iteration 259.         42 Pareto optimal points,         3031 discarded points,         52 unclassified points.
Hypervolume 1516.123694642833
pypal at iteration 260.         42 Pareto optimal points,         3032 discarded points,         51 unclassified points.
Hypervolume 1516.123694642833
Optimization restart 1/20, f = -1835.8311527830192
Optimization restart 2/20, f = -1832.520453501537
Optimization restart 3/20, f = -1828.3984413522412
Optimization restart 4/20, f = -1825.7892871587221
Optimization restart 5/20, f = -1801.6719463049076
Optimization restart 6/20, f = -1789.9940130429845
Optimization restart 7/20, f = -1828.2773071401311
Optimization restart 8/20, f = -1827.6068587969867
Optimization restart 9/20, f = -1828.4251694563322
Optimization restart 10/20, f = -1829.3511641491855
Optimization restart 11/20, f = -1824.1637379954827
Optimization restart 12/20, f = -1824.6451875398113
Optimization restart 13/20, f = -1828.057050089268
Optimization restart 14/20, f = -1820.7424724390185
Optimization restart 15/20, f = -1829.7199793435298
Optimization restart 16/20, f = -1682.7587792822644
Optimization restart 17/20, f = -1831.5689651364396
Optimization restart 18/20, f = -1829.3477452043521
Optimization restart 19/20, f = -1831.2663221930868
Optimization restart 20/20, f = -1830.290419462845
pypal at iteration 261.         42 Pareto optimal points,         3033 discarded points,         50 unclassified points.
Hypervolume 1516.123694642833
pypal at iteration 262.         43 Pareto optimal points,         3035 discarded points,         47 unclassified points.
Hypervolume 1516.171119735344
pypal at iteration 263.         43 Pareto optimal points,         3036 discarded points,         46 unclassified points.
Hypervolume 1516.171119735344
pypal at iteration 264.         43 Pareto optimal points,         3037 discarded points,         45 unclassified points.
Hypervolume 1516.171119735344
pypal at iteration 265.         43 Pareto optimal points,         3038 discarded points,         44 unclassified points.
Hypervolume 1516.171119735344
pypal at iteration 266.         43 Pareto optimal points,         3039 discarded points,         43 unclassified points.
Hypervolume 1516.171119735344
pypal at iteration 267.         44 Pareto optimal points,         3039 discarded points,         42 unclassified points.
Hypervolume 1516.2292141012686
pypal at iteration 268.         45 Pareto optimal points,         3039 discarded points,         41 unclassified points.
Hypervolume 1516.2295586874955
pypal at iteration 269.         46 Pareto optimal points,         3041 discarded points,         38 unclassified points.
Hypervolume 1518.3004437221205
pypal at iteration 270.         46 Pareto optimal points,         3042 discarded points,         37 unclassified points.
Hypervolume 1518.3004437221205
Optimization restart 1/20, f = -1889.8422297905875
Optimization restart 2/20, f = -1881.9142065262452
Optimization restart 3/20, f = -1881.4474509743532
Optimization restart 4/20, f = -1884.371262963143
Optimization restart 5/20, f = -1882.7188897315932
Optimization restart 6/20, f = -1877.638145832543
Optimization restart 7/20, f = -1884.6329172787798
Optimization restart 8/20, f = -1877.989911480407
Optimization restart 9/20, f = -1880.9459035209343
Optimization restart 10/20, f = -1876.8534570131658
Optimization restart 11/20, f = -1880.120711359727
Optimization restart 12/20, f = -1882.6256003464466
Optimization restart 13/20, f = -1883.3925206268411
Optimization restart 14/20, f = -1870.9616571612598
Optimization restart 15/20, f = -1884.7003304291475
Optimization restart 16/20, f = -1858.441233981429
Optimization restart 17/20, f = -1886.5466365305376
Optimization restart 18/20, f = -1874.7031906933507
Optimization restart 19/20, f = -1860.3961810605183
Optimization restart 20/20, f = -1873.8119065063747
pypal at iteration 271.         46 Pareto optimal points,         3043 discarded points,         36 unclassified points.
Hypervolume 1518.3004437221205
pypal at iteration 272.         46 Pareto optimal points,         3044 discarded points,         35 unclassified points.
Hypervolume 1518.3004437221205
pypal at iteration 273.         46 Pareto optimal points,         3045 discarded points,         34 unclassified points.
Hypervolume 1518.3004437221205
pypal at iteration 274.         46 Pareto optimal points,         3046 discarded points,         33 unclassified points.
Hypervolume 1518.3004437221205
pypal at iteration 275.         46 Pareto optimal points,         3047 discarded points,         32 unclassified points.
Hypervolume 1518.3004437221205
pypal at iteration 276.         46 Pareto optimal points,         3048 discarded points,         31 unclassified points.
Hypervolume 1518.3004437221205
pypal at iteration 277.         46 Pareto optimal points,         3049 discarded points,         30 unclassified points.
Hypervolume 1518.3004437221205
pypal at iteration 278.         46 Pareto optimal points,         3050 discarded points,         29 unclassified points.
Hypervolume 1518.3004437221205
pypal at iteration 279.         46 Pareto optimal points,         3051 discarded points,         28 unclassified points.
Hypervolume 1518.3004437221205
pypal at iteration 280.         46 Pareto optimal points,         3052 discarded points,         27 unclassified points.
Hypervolume 1518.3004437221205
Optimization restart 1/20, f = -1939.349890495414
Optimization restart 2/20, f = -1927.8451524423003
Optimization restart 3/20, f = -1927.5048528755653
Optimization restart 4/20, f = -1931.0355775892604
Optimization restart 5/20, f = -1931.2645428175474
Optimization restart 6/20, f = -1926.0042531551198
Optimization restart 7/20, f = -1905.2502741795042
Optimization restart 8/20, f = -1934.556095951306
Optimization restart 9/20, f = -1921.895055183738
Optimization restart 10/20, f = -1925.9498920695405
Optimization restart 11/20, f = -1923.1073020801728
Optimization restart 12/20, f = -1932.0832294719241
Optimization restart 13/20, f = -1928.1283292651494
Optimization restart 14/20, f = -1924.3909493328383
Optimization restart 15/20, f = -1926.3722308411266
Optimization restart 16/20, f = -1935.064833731215
Optimization restart 17/20, f = -1910.9075032832905
Optimization restart 18/20, f = -1933.3262248949436
Optimization restart 19/20, f = -1935.4018037649087
Optimization restart 20/20, f = -1933.8222879719938
pypal at iteration 281.         46 Pareto optimal points,         3053 discarded points,         26 unclassified points.
Hypervolume 1518.3004437221205
pypal at iteration 282.         46 Pareto optimal points,         3054 discarded points,         25 unclassified points.
Hypervolume 1518.3004437221205
pypal at iteration 283.         46 Pareto optimal points,         3055 discarded points,         24 unclassified points.
Hypervolume 1518.3004437221205
pypal at iteration 284.         47 Pareto optimal points,         3059 discarded points,         19 unclassified points.
Hypervolume 1518.4215510489498
pypal at iteration 285.         47 Pareto optimal points,         3060 discarded points,         18 unclassified points.
Hypervolume 1518.4215510489498
pypal at iteration 286.         48 Pareto optimal points,         3060 discarded points,         17 unclassified points.
Hypervolume 1518.6598514914226
pypal at iteration 287.         48 Pareto optimal points,         3061 discarded points,         16 unclassified points.
Hypervolume 1518.6598514914226
pypal at iteration 288.         48 Pareto optimal points,         3062 discarded points,         15 unclassified points.
Hypervolume 1518.6598514914226
pypal at iteration 289.         49 Pareto optimal points,         3062 discarded points,         14 unclassified points.
Hypervolume 1518.6798757337863
pypal at iteration 290.         49 Pareto optimal points,         3063 discarded points,         13 unclassified points.
Hypervolume 1518.6798757337863
Optimization restart 1/20, f = -1988.6863798750007
Optimization restart 2/20, f = -1980.421925538139
Optimization restart 3/20, f = -1944.6271738409764
Optimization restart 4/20, f = -1984.0859584940663
Optimization restart 5/20, f = -1976.9906398725225
Optimization restart 6/20, f = -1969.2346739331651
Optimization restart 7/20, f = -1977.8648128359664
Optimization restart 8/20, f = -1806.5111561095111
Optimization restart 9/20, f = -1978.7072806454782
Optimization restart 10/20, f = -1951.3263080524475
Optimization restart 11/20, f = -1978.807705977481
Optimization restart 12/20, f = -1972.7030415131528
Optimization restart 13/20, f = -1983.0911480620784
Optimization restart 14/20, f = -1929.700008981491
Optimization restart 15/20, f = -1944.4689101018
Optimization restart 16/20, f = -1978.8485331266907
Optimization restart 17/20, f = -1974.7126075202045
Optimization restart 18/20, f = -1981.9639021757553
Optimization restart 19/20, f = -1978.4401963050882
Optimization restart 20/20, f = -1483.265697658058
pypal at iteration 291.         50 Pareto optimal points,         3063 discarded points,         12 unclassified points.
Hypervolume 1518.7629908899125
pypal at iteration 292.         50 Pareto optimal points,         3064 discarded points,         11 unclassified points.
Hypervolume 1518.7629908899125
pypal at iteration 293.         50 Pareto optimal points,         3065 discarded points,         10 unclassified points.
Hypervolume 1518.7629908899125
pypal at iteration 294.         50 Pareto optimal points,         3066 discarded points,         9 unclassified points.
Hypervolume 1518.7629908899125
pypal at iteration 295.         50 Pareto optimal points,         3067 discarded points,         8 unclassified points.
Hypervolume 1518.7629908899125
pypal at iteration 296.         50 Pareto optimal points,         3068 discarded points,         7 unclassified points.
Hypervolume 1518.7629908899125
pypal at iteration 297.         50 Pareto optimal points,         3069 discarded points,         6 unclassified points.
Hypervolume 1518.7629908899125
pypal at iteration 298.         50 Pareto optimal points,         3070 discarded points,         5 unclassified points.
Hypervolume 1518.7629908899125
pypal at iteration 299.         50 Pareto optimal points,         3071 discarded points,         4 unclassified points.
Hypervolume 1518.7629908899125
pypal at iteration 300.         50 Pareto optimal points,         3072 discarded points,         3 unclassified points.
Hypervolume 1518.7629908899125
Optimization restart 1/20, f = -2040.8915818175797
Optimization restart 2/20, f = -2030.9830956430574
Optimization restart 3/20, f = -2036.6632329038555
Optimization restart 4/20, f = -2022.6400995689305
Optimization restart 5/20, f = -2028.8616941215619
Optimization restart 6/20, f = -2033.9078055480588
Optimization restart 7/20, f = -2032.4272754745562
Optimization restart 8/20, f = -2034.7043466772504
Optimization restart 9/20, f = -2036.1812154644279
Optimization restart 10/20, f = -2034.4828827628678
Optimization restart 11/20, f = -2035.4260758472637
Optimization restart 12/20, f = -2034.929871650097
Optimization restart 13/20, f = -2028.270759617796
Optimization restart 14/20, f = -2029.7704521968287
Optimization restart 15/20, f = -2020.7259266263986
Optimization restart 16/20, f = -2034.6386914029736
Optimization restart 17/20, f = -1147.4773112704556
Optimization restart 18/20, f = -1690.5458859727278
Optimization restart 19/20, f = -2036.276333171883
Optimization restart 20/20, f = -2027.0499180610836
pypal at iteration 301.         50 Pareto optimal points,         3073 discarded points,         2 unclassified points.
Hypervolume 1518.7629908899125
pypal at iteration 302.         51 Pareto optimal points,         3073 discarded points,         1 unclassified points.
Hypervolume 1519.06159432541
Done. No unclassified point left
pypal at iteration 302.         51 Pareto optimal points,         3074 discarded points,         0 unclassified points.
Hypervolume 1519.06159432541
