 /home/kjablonk/anaconda3/envs/dispersant_screener/lib/python3.7/site-packages/sklearn/utils/deprecation.py:143: FutureWarning:The sklearn.preprocessing.data module is  deprecated in version 0.22 and will be removed in version 0.24. The corresponding classes / functions should instead be imported from sklearn.preprocessing. Anything that cannot be imported from sklearn.preprocessing is now part of the private API.
 /home/kjablonk/programs/pypal/pypal/pal/validate_inputs.py:146: UserWarning:No goals provided,                 will assume that every dimension should be maximized
 /home/kjablonk/anaconda3/envs/dispersant_screener/lib/python3.7/site-packages/GPy/kern/src/stationary.py:243: RuntimeWarning:invalid value encountered in true_divide
 /home/kjablonk/anaconda3/envs/dispersant_screener/lib/python3.7/site-packages/GPy/kern/src/stationary.py:166: RuntimeWarning:overflow encountered in true_divide
 /home/kjablonk/anaconda3/envs/dispersant_screener/lib/python3.7/site-packages/GPy/kern/src/stationary.py:137: RuntimeWarning:overflow encountered in square
 /home/kjablonk/anaconda3/envs/dispersant_screener/lib/python3.7/site-packages/GPy/kern/src/stationary.py:138: RuntimeWarning:invalid value encountered in add
 /home/kjablonk/anaconda3/envs/dispersant_screener/lib/python3.7/site-packages/GPy/kern/src/stationary.py:565: RuntimeWarning:invalid value encountered in multiply
 /home/kjablonk/anaconda3/envs/dispersant_screener/lib/python3.7/site-packages/GPy/kern/src/stationary.py:568: RuntimeWarning:invalid value encountered in subtract
 /home/kjablonk/anaconda3/envs/dispersant_screener/lib/python3.7/site-packages/paramz/transformations.py:111: RuntimeWarning:overflow encountered in expm1
 /home/kjablonk/anaconda3/envs/dispersant_screener/lib/python3.7/site-packages/GPy/kern/src/stationary.py:243: RuntimeWarning:invalid value encountered in true_divide
 /home/kjablonk/anaconda3/envs/dispersant_screener/lib/python3.7/site-packages/GPy/kern/src/stationary.py:166: RuntimeWarning:overflow encountered in true_divide
 /home/kjablonk/anaconda3/envs/dispersant_screener/lib/python3.7/site-packages/GPy/kern/src/stationary.py:137: RuntimeWarning:overflow encountered in square
 /home/kjablonk/anaconda3/envs/dispersant_screener/lib/python3.7/site-packages/GPy/kern/src/stationary.py:138: RuntimeWarning:invalid value encountered in add
 /home/kjablonk/anaconda3/envs/dispersant_screener/lib/python3.7/site-packages/GPy/kern/src/stationary.py:565: RuntimeWarning:invalid value encountered in multiply
 /home/kjablonk/anaconda3/envs/dispersant_screener/lib/python3.7/site-packages/GPy/kern/src/stationary.py:568: RuntimeWarning:invalid value encountered in subtract
 /home/kjablonk/anaconda3/envs/dispersant_screener/lib/python3.7/site-packages/numpy/core/_asarray.py:136: VisibleDeprecationWarning:Creating an ndarray from ragged nested sequences (which is a list-or-tuple of lists-or-tuples-or ndarrays with different lengths or shapes) is deprecated. If you meant to do this, you must specify 'dtype=object' when creating the ndarray
Maximum hypervolume 1536.0438526567837
STARTING PAL
Optimization restart 1/20, f = -218.32074905835862
Optimization restart 2/20, f = -229.81818803365235
Optimization restart 3/20, f = -229.88290582328443
Optimization restart 4/20, f = -229.88337186229097
Optimization restart 5/20, f = -229.88801877033623
Optimization restart 6/20, f = -229.48305605142707
Optimization restart 7/20, f = -229.8778305813475
Optimization restart 8/20, f = -229.76765216384797
Optimization restart 9/20, f = -218.80163731801446
Optimization restart 10/20, f = -229.8044529972746
Optimization restart 11/20, f = -217.73119241604206
Optimization restart 12/20, f = -229.8653460874622
Optimization restart 13/20, f = -217.1990484904921
Optimization restart 14/20, f = -212.53518364470278
Optimization restart 15/20, f = -229.71051313223597
Optimization restart 16/20, f = -229.10343063813096
Optimization restart 17/20, f = -227.09819264913003
Optimization restart 18/20, f = -229.7878418949586
Optimization restart 19/20, f = -181.70339802149732
Optimization restart 20/20, f = -229.82448424631042
pypal at iteration 1.         6 Pareto optimal points,         378 discarded points,         2741 unclassified points.
Hypervolume 854.3505352041
pypal at iteration 2.         23 Pareto optimal points,         523 discarded points,         2579 unclassified points.
Hypervolume 1318.3670715418946
pypal at iteration 3.         25 Pareto optimal points,         525 discarded points,         2575 unclassified points.
Hypervolume 1377.767473488257
pypal at iteration 4.         34 Pareto optimal points,         525 discarded points,         2566 unclassified points.
Hypervolume 1468.3928575457542
pypal at iteration 5.         34 Pareto optimal points,         525 discarded points,         2566 unclassified points.
Hypervolume 1468.3928575457542
pypal at iteration 6.         34 Pareto optimal points,         525 discarded points,         2566 unclassified points.
Hypervolume 1468.3928575457542
pypal at iteration 7.         34 Pareto optimal points,         526 discarded points,         2565 unclassified points.
Hypervolume 1468.3928575457542
pypal at iteration 8.         34 Pareto optimal points,         527 discarded points,         2564 unclassified points.
Hypervolume 1468.3928575457542
pypal at iteration 9.         34 Pareto optimal points,         528 discarded points,         2563 unclassified points.
Hypervolume 1468.3928575457542
pypal at iteration 10.         34 Pareto optimal points,         529 discarded points,         2562 unclassified points.
Hypervolume 1468.3928575457542
Optimization restart 1/20, f = -339.51737799066774
Optimization restart 2/20, f = -338.7519871443533
Optimization restart 3/20, f = -339.0886335491613
Optimization restart 4/20, f = -338.4740201026593
Optimization restart 5/20, f = -338.63271822423394
Optimization restart 6/20, f = -339.5234000919548
Optimization restart 7/20, f = -333.8067291541865
Optimization restart 8/20, f = -338.84997927148095
Optimization restart 9/20, f = -338.2747758848441
Optimization restart 10/20, f = -338.837244064169
Optimization restart 11/20, f = -340.0158107000178
Optimization restart 12/20, f = -335.93543208788435
Optimization restart 13/20, f = -339.5383792539062
Optimization restart 14/20, f = -338.91353505298775
Optimization restart 15/20, f = -338.77494234198696
Optimization restart 16/20, f = -339.2209686453298
Optimization restart 17/20, f = -339.39225988009713
Optimization restart 18/20, f = -335.78352359237084
Optimization restart 19/20, f = -339.5684064868035
Optimization restart 20/20, f = -339.06833253207355
pypal at iteration 11.         38 Pareto optimal points,         919 discarded points,         2168 unclassified points.
Hypervolume 1469.80321813752
pypal at iteration 12.         38 Pareto optimal points,         1039 discarded points,         2048 unclassified points.
Hypervolume 1469.80321813752
pypal at iteration 13.         39 Pareto optimal points,         1048 discarded points,         2038 unclassified points.
Hypervolume 1474.3506347532518
pypal at iteration 14.         39 Pareto optimal points,         1064 discarded points,         2022 unclassified points.
Hypervolume 1474.3506347532518
pypal at iteration 15.         39 Pareto optimal points,         1064 discarded points,         2022 unclassified points.
Hypervolume 1474.3506347532518
pypal at iteration 16.         39 Pareto optimal points,         1107 discarded points,         1979 unclassified points.
Hypervolume 1474.3506347532518
pypal at iteration 17.         39 Pareto optimal points,         1288 discarded points,         1798 unclassified points.
Hypervolume 1474.3506347532518
pypal at iteration 18.         39 Pareto optimal points,         1300 discarded points,         1786 unclassified points.
Hypervolume 1474.3506347532518
pypal at iteration 19.         39 Pareto optimal points,         1301 discarded points,         1785 unclassified points.
Hypervolume 1474.3506347532518
pypal at iteration 20.         39 Pareto optimal points,         1301 discarded points,         1785 unclassified points.
Hypervolume 1474.3506347532518
Optimization restart 1/20, f = -425.3537342372184
Optimization restart 2/20, f = -425.75872474715317
Optimization restart 3/20, f = -421.55426866306027
Optimization restart 4/20, f = -405.3599894670631
Optimization restart 5/20, f = -358.530573619833
Optimization restart 6/20, f = -425.40031150226247
Optimization restart 7/20, f = -414.8910042984719
Optimization restart 8/20, f = -425.36592263191295
Optimization restart 9/20, f = -416.81977168632886
Optimization restart 10/20, f = -426.2878625064274
Optimization restart 11/20, f = -424.72582676394836
Optimization restart 12/20, f = -415.8069043314774
Optimization restart 13/20, f = -298.55949881970173
Optimization restart 14/20, f = -423.2654282580077
Optimization restart 15/20, f = -425.69326934439994
Optimization restart 16/20, f = -422.77403179734085
Optimization restart 17/20, f = -422.5783824595251
Optimization restart 18/20, f = -400.7141057698232
Optimization restart 19/20, f = -412.23183864317485
Optimization restart 20/20, f = -423.90778173160476
pypal at iteration 21.         41 Pareto optimal points,         1473 discarded points,         1611 unclassified points.
Hypervolume 1484.849708162767
pypal at iteration 22.         41 Pareto optimal points,         1473 discarded points,         1611 unclassified points.
Hypervolume 1484.849708162767
pypal at iteration 23.         41 Pareto optimal points,         1475 discarded points,         1609 unclassified points.
Hypervolume 1484.849708162767
pypal at iteration 24.         41 Pareto optimal points,         1477 discarded points,         1607 unclassified points.
Hypervolume 1484.849708162767
pypal at iteration 25.         41 Pareto optimal points,         1510 discarded points,         1574 unclassified points.
Hypervolume 1484.849708162767
pypal at iteration 26.         41 Pareto optimal points,         1511 discarded points,         1573 unclassified points.
Hypervolume 1484.849708162767
pypal at iteration 27.         41 Pareto optimal points,         1538 discarded points,         1546 unclassified points.
Hypervolume 1484.849708162767
pypal at iteration 28.         41 Pareto optimal points,         1600 discarded points,         1484 unclassified points.
Hypervolume 1484.849708162767
pypal at iteration 29.         41 Pareto optimal points,         1631 discarded points,         1453 unclassified points.
Hypervolume 1484.849708162767
pypal at iteration 30.         41 Pareto optimal points,         1632 discarded points,         1452 unclassified points.
Hypervolume 1484.849708162767
Optimization restart 1/20, f = -495.53117290710645
Optimization restart 2/20, f = -388.2976519595736
Optimization restart 3/20, f = -490.0557272246568
Optimization restart 4/20, f = -494.92562408736524
Optimization restart 5/20, f = -495.24504970279276
Optimization restart 6/20, f = -489.37329706472644
Optimization restart 7/20, f = -493.97637325067694
Optimization restart 8/20, f = -493.3965638282342
Optimization restart 9/20, f = -464.53711993893
Optimization restart 10/20, f = -483.96563665573524
Optimization restart 11/20, f = -493.22383062575847
Optimization restart 12/20, f = -493.78885812124787
Optimization restart 13/20, f = -492.63795982525585
Optimization restart 14/20, f = -494.18159000430114
Optimization restart 15/20, f = -494.5498716896036
Optimization restart 16/20, f = -490.62036656793407
Optimization restart 17/20, f = -494.7248977776619
Optimization restart 18/20, f = -494.76145003481605
Optimization restart 19/20, f = -392.93488243838385
Optimization restart 20/20, f = -492.2522908474028
pypal at iteration 31.         41 Pareto optimal points,         1709 discarded points,         1375 unclassified points.
Hypervolume 1484.849708162767
pypal at iteration 32.         41 Pareto optimal points,         1711 discarded points,         1373 unclassified points.
Hypervolume 1484.849708162767
pypal at iteration 33.         41 Pareto optimal points,         1712 discarded points,         1372 unclassified points.
Hypervolume 1484.849708162767
pypal at iteration 34.         41 Pareto optimal points,         1712 discarded points,         1372 unclassified points.
Hypervolume 1484.849708162767
pypal at iteration 35.         41 Pareto optimal points,         1712 discarded points,         1372 unclassified points.
Hypervolume 1484.849708162767
pypal at iteration 36.         41 Pareto optimal points,         2037 discarded points,         1047 unclassified points.
Hypervolume 1484.849708162767
pypal at iteration 37.         42 Pareto optimal points,         2045 discarded points,         1038 unclassified points.
Hypervolume 1484.849708162767
pypal at iteration 38.         42 Pareto optimal points,         2046 discarded points,         1037 unclassified points.
Hypervolume 1484.849708162767
pypal at iteration 39.         42 Pareto optimal points,         2049 discarded points,         1034 unclassified points.
Hypervolume 1484.849708162767
pypal at iteration 40.         43 Pareto optimal points,         2050 discarded points,         1032 unclassified points.
Hypervolume 1484.875492538453
Optimization restart 1/20, f = -561.1744863813719
Optimization restart 2/20, f = -530.7313861182956
Optimization restart 3/20, f = -559.5325218109775
Optimization restart 4/20, f = -560.3655555542489
Optimization restart 5/20, f = -559.1334701914309
Optimization restart 6/20, f = -558.1915827227037
Optimization restart 7/20, f = -559.5302207939505
Optimization restart 8/20, f = -559.0994113800944
Optimization restart 9/20, f = -542.9501369663903
Optimization restart 10/20, f = -554.3850024061213
Optimization restart 11/20, f = -560.7533114627919
Optimization restart 12/20, f = -559.4077744008823
Optimization restart 13/20, f = -558.3954261695757
Optimization restart 14/20, f = -558.6949748158257
Optimization restart 15/20, f = -554.8922817676496
Optimization restart 16/20, f = -551.2321176826267
Optimization restart 17/20, f = -341.64549770256247
Optimization restart 18/20, f = -556.5527528779703
Optimization restart 19/20, f = -559.0376148833702
Optimization restart 20/20, f = -559.9026982457171
pypal at iteration 41.         45 Pareto optimal points,         2069 discarded points,         1011 unclassified points.
Hypervolume 1488.3488606026692
pypal at iteration 42.         45 Pareto optimal points,         2070 discarded points,         1010 unclassified points.
Hypervolume 1488.3488606026692
pypal at iteration 43.         45 Pareto optimal points,         2074 discarded points,         1006 unclassified points.
Hypervolume 1488.3488606026692
pypal at iteration 44.         45 Pareto optimal points,         2076 discarded points,         1004 unclassified points.
Hypervolume 1488.3488606026692
pypal at iteration 45.         45 Pareto optimal points,         2078 discarded points,         1002 unclassified points.
Hypervolume 1488.3488606026692
pypal at iteration 46.         45 Pareto optimal points,         2079 discarded points,         1001 unclassified points.
Hypervolume 1488.3488606026692
pypal at iteration 47.         45 Pareto optimal points,         2080 discarded points,         1000 unclassified points.
Hypervolume 1488.3488606026692
pypal at iteration 48.         45 Pareto optimal points,         2080 discarded points,         1000 unclassified points.
Hypervolume 1488.3488606026692
pypal at iteration 49.         45 Pareto optimal points,         2081 discarded points,         999 unclassified points.
Hypervolume 1488.3488606026692
pypal at iteration 50.         46 Pareto optimal points,         2926 discarded points,         153 unclassified points.
Hypervolume 1493.6443481612055
Optimization restart 1/20, f = -614.8926513995459
Optimization restart 2/20, f = -614.5330398467901
Optimization restart 3/20, f = -613.7206362406755
Optimization restart 4/20, f = -611.6722160187455
Optimization restart 5/20, f = -609.7702729302948
Optimization restart 6/20, f = -613.3463225878729
Optimization restart 7/20, f = -611.11769094029
Optimization restart 8/20, f = -605.0945468369903
Optimization restart 9/20, f = -612.1980954919156
Optimization restart 10/20, f = -613.6843276319281
Optimization restart 11/20, f = -610.2846300555952
Optimization restart 12/20, f = -612.2734927495762
Optimization restart 13/20, f = -613.52206247247
Optimization restart 14/20, f = -561.0003163498894
Optimization restart 15/20, f = -613.1419185111931
Optimization restart 16/20, f = -614.5245304252292
Optimization restart 17/20, f = -613.652294561485
Optimization restart 18/20, f = -614.4304900832728
Optimization restart 19/20, f = -613.1776048590366
Optimization restart 20/20, f = -605.7081944750212
pypal at iteration 51.         46 Pareto optimal points,         2934 discarded points,         145 unclassified points.
Hypervolume 1493.6443481612055
pypal at iteration 52.         46 Pareto optimal points,         2935 discarded points,         144 unclassified points.
Hypervolume 1493.6443481612055
pypal at iteration 53.         46 Pareto optimal points,         2936 discarded points,         143 unclassified points.
Hypervolume 1493.6443481612055
pypal at iteration 54.         46 Pareto optimal points,         2939 discarded points,         140 unclassified points.
Hypervolume 1493.6443481612055
pypal at iteration 55.         46 Pareto optimal points,         2940 discarded points,         139 unclassified points.
Hypervolume 1493.6443481612055
pypal at iteration 56.         46 Pareto optimal points,         2941 discarded points,         138 unclassified points.
Hypervolume 1493.6443481612055
pypal at iteration 57.         46 Pareto optimal points,         2941 discarded points,         138 unclassified points.
Hypervolume 1493.6443481612055
pypal at iteration 58.         47 Pareto optimal points,         2941 discarded points,         137 unclassified points.
Hypervolume 1493.6443481612055
pypal at iteration 59.         50 Pareto optimal points,         2941 discarded points,         134 unclassified points.
Hypervolume 1493.6443481612055
pypal at iteration 60.         50 Pareto optimal points,         2941 discarded points,         134 unclassified points.
Hypervolume 1493.6443481612055
Optimization restart 1/20, f = -673.004401374647
Optimization restart 2/20, f = -672.3538490705498
Optimization restart 3/20, f = -646.9176247247242
Optimization restart 4/20, f = -644.8204325233417
Optimization restart 5/20, f = -670.7703066797992
Optimization restart 6/20, f = -566.6195740908099
Optimization restart 7/20, f = -670.975729322311
Optimization restart 8/20, f = -660.3626509759895
Optimization restart 9/20, f = -671.7078705245553
Optimization restart 10/20, f = -668.8297162911991
Optimization restart 11/20, f = -672.1412157497975
Optimization restart 12/20, f = -670.7635040867755
Optimization restart 13/20, f = -671.7127502432337
Optimization restart 14/20, f = -668.6007029204525
Optimization restart 15/20, f = -670.8693133286253
Optimization restart 16/20, f = -664.0423392365547
Optimization restart 17/20, f = -661.8981744173411
Optimization restart 18/20, f = -672.7180391697872
Optimization restart 19/20, f = -669.5176672124721
Optimization restart 20/20, f = -665.4955811684896
pypal at iteration 61.         50 Pareto optimal points,         2992 discarded points,         83 unclassified points.
Hypervolume 1493.6443481612055
pypal at iteration 62.         50 Pareto optimal points,         2993 discarded points,         82 unclassified points.
Hypervolume 1493.6443481612055
pypal at iteration 63.         51 Pareto optimal points,         3021 discarded points,         53 unclassified points.
Hypervolume 1493.6443481612055
pypal at iteration 64.         51 Pareto optimal points,         3023 discarded points,         51 unclassified points.
Hypervolume 1493.6443481612055
pypal at iteration 65.         51 Pareto optimal points,         3033 discarded points,         41 unclassified points.
Hypervolume 1493.6443481612055
pypal at iteration 66.         51 Pareto optimal points,         3033 discarded points,         41 unclassified points.
Hypervolume 1493.6443481612055
pypal at iteration 67.         51 Pareto optimal points,         3033 discarded points,         41 unclassified points.
Hypervolume 1493.6443481612055
pypal at iteration 68.         51 Pareto optimal points,         3033 discarded points,         41 unclassified points.
Hypervolume 1493.6443481612055
pypal at iteration 69.         51 Pareto optimal points,         3034 discarded points,         40 unclassified points.
Hypervolume 1493.6443481612055
pypal at iteration 70.         51 Pareto optimal points,         3035 discarded points,         39 unclassified points.
Hypervolume 1493.6443481612055
Optimization restart 1/20, f = -722.4391623159636
Optimization restart 2/20, f = -720.6066678241583
Optimization restart 3/20, f = -719.533613481623
Optimization restart 4/20, f = -712.8173478530847
Optimization restart 5/20, f = -721.365200595104
Optimization restart 6/20, f = -720.8180435062404
Optimization restart 7/20, f = -721.3137887597952
Optimization restart 8/20, f = -715.5980114561158
Optimization restart 9/20, f = -722.7246016117713
Optimization restart 10/20, f = -721.4043757758164
Optimization restart 11/20, f = -718.4965412425855
Optimization restart 12/20, f = -720.9109037187168
Optimization restart 13/20, f = -702.9514185987898
Optimization restart 14/20, f = -714.8627050803825
Optimization restart 15/20, f = -720.394632495934
Optimization restart 16/20, f = -583.4293368963795
Optimization restart 17/20, f = -721.2311075847668
Optimization restart 18/20, f = -713.4532137717129
Optimization restart 19/20, f = -720.8115752073192
Optimization restart 20/20, f = -721.1393518156384
pypal at iteration 71.         51 Pareto optimal points,         3036 discarded points,         38 unclassified points.
Hypervolume 1493.6443481612055
pypal at iteration 72.         51 Pareto optimal points,         3037 discarded points,         37 unclassified points.
Hypervolume 1493.6443481612055
pypal at iteration 73.         52 Pareto optimal points,         3068 discarded points,         5 unclassified points.
Hypervolume 1494.5213850576058
pypal at iteration 74.         52 Pareto optimal points,         3068 discarded points,         5 unclassified points.
Hypervolume 1494.5213850576058
pypal at iteration 75.         52 Pareto optimal points,         3068 discarded points,         5 unclassified points.
Hypervolume 1494.5213850576058
pypal at iteration 76.         52 Pareto optimal points,         3068 discarded points,         5 unclassified points.
Hypervolume 1494.5213850576058
pypal at iteration 77.         52 Pareto optimal points,         3068 discarded points,         5 unclassified points.
Hypervolume 1494.5213850576058
pypal at iteration 78.         52 Pareto optimal points,         3068 discarded points,         5 unclassified points.
Hypervolume 1494.5213850576058
pypal at iteration 79.         52 Pareto optimal points,         3068 discarded points,         5 unclassified points.
Hypervolume 1494.5213850576058
pypal at iteration 80.         52 Pareto optimal points,         3068 discarded points,         5 unclassified points.
Hypervolume 1494.5213850576058
Optimization restart 1/20, f = -783.9694069300588
Optimization restart 2/20, f = -781.7802473168331
Optimization restart 3/20, f = -774.0777521578791
Optimization restart 4/20, f = -768.7757901039226
Optimization restart 5/20, f = -771.5089660985543
Optimization restart 6/20, f = -781.9923182194177
Optimization restart 7/20, f = -783.588845417546
Optimization restart 8/20, f = -766.550298349199
Optimization restart 9/20, f = -781.6435736499224
Optimization restart 10/20, f = -782.964644596352
Optimization restart 11/20, f = -754.1465710919337
Optimization restart 12/20, f = -782.7952194200552
Optimization restart 13/20, f = -767.3123826230595
Optimization restart 14/20, f = -774.8770514924906
Optimization restart 15/20, f = -635.3536491652089
Optimization restart 16/20, f = -779.31299381607
Optimization restart 17/20, f = -775.6223864291012
Optimization restart 18/20, f = -781.7875603571027
Optimization restart 19/20, f = -770.0786321316541
Optimization restart 20/20, f = -783.3761779905406
pypal at iteration 81.         52 Pareto optimal points,         3068 discarded points,         5 unclassified points.
Hypervolume 1494.5213850576058
pypal at iteration 82.         52 Pareto optimal points,         3069 discarded points,         4 unclassified points.
Hypervolume 1494.5213850576058
pypal at iteration 83.         52 Pareto optimal points,         3069 discarded points,         4 unclassified points.
Hypervolume 1494.5213850576058
pypal at iteration 84.         52 Pareto optimal points,         3069 discarded points,         4 unclassified points.
Hypervolume 1494.5213850576058
pypal at iteration 85.         52 Pareto optimal points,         3069 discarded points,         4 unclassified points.
Hypervolume 1494.5213850576058
pypal at iteration 86.         52 Pareto optimal points,         3070 discarded points,         3 unclassified points.
Hypervolume 1494.5213850576058
pypal at iteration 87.         52 Pareto optimal points,         3070 discarded points,         3 unclassified points.
Hypervolume 1494.5213850576058
pypal at iteration 88.         52 Pareto optimal points,         3071 discarded points,         2 unclassified points.
Hypervolume 1494.5213850576058
pypal at iteration 89.         52 Pareto optimal points,         3071 discarded points,         2 unclassified points.
Hypervolume 1494.5213850576058
pypal at iteration 90.         52 Pareto optimal points,         3071 discarded points,         2 unclassified points.
Hypervolume 1494.5213850576058
Optimization restart 1/20, f = -840.7649712135183
Optimization restart 2/20, f = -831.3152832516832
Optimization restart 3/20, f = -816.5875043173726
Optimization restart 4/20, f = -839.0690098279204
Optimization restart 5/20, f = -720.1902692882608
Optimization restart 6/20, f = -832.9619822133777
Optimization restart 7/20, f = -828.7963298145704
Optimization restart 8/20, f = -819.119084677669
Optimization restart 9/20, f = -832.3208458298188
Optimization restart 10/20, f = -767.6557532760446
Optimization restart 11/20, f = -838.3607523153723
Optimization restart 12/20, f = -830.2225648971652
Optimization restart 13/20, f = -837.4043013491607
Optimization restart 14/20, f = -831.8658936136196
Optimization restart 15/20, f = -838.7363904916751
Optimization restart 16/20, f = -659.9739874155205
Optimization restart 17/20, f = -838.3341207065652
Optimization restart 18/20, f = -835.0974570710375
Optimization restart 19/20, f = -826.132488740752
Optimization restart 20/20, f = -838.0707118838136
pypal at iteration 91.         52 Pareto optimal points,         3072 discarded points,         1 unclassified points.
Hypervolume 1494.5213850576058
Done. No unclassified point left
pypal at iteration 91.         52 Pareto optimal points,         3073 discarded points,         0 unclassified points.
Hypervolume 1494.5213850576058
