 /home/kjablonk/anaconda3/envs/dispersant_screener/lib/python3.7/site-packages/sklearn/utils/deprecation.py:143: FutureWarning:The sklearn.preprocessing.data module is  deprecated in version 0.22 and will be removed in version 0.24. The corresponding classes / functions should instead be imported from sklearn.preprocessing. Anything that cannot be imported from sklearn.preprocessing is now part of the private API.
 /home/kjablonk/programs/pypal/pypal/pal/validate_inputs.py:146: UserWarning:No goals provided,                 will assume that every dimension should be maximized
 /home/kjablonk/anaconda3/envs/dispersant_screener/lib/python3.7/site-packages/GPy/kern/src/stationary.py:166: RuntimeWarning:overflow encountered in true_divide
 /home/kjablonk/anaconda3/envs/dispersant_screener/lib/python3.7/site-packages/GPy/kern/src/stationary.py:137: RuntimeWarning:overflow encountered in square
 /home/kjablonk/anaconda3/envs/dispersant_screener/lib/python3.7/site-packages/GPy/kern/src/stationary.py:138: RuntimeWarning:invalid value encountered in add
 /home/kjablonk/anaconda3/envs/dispersant_screener/lib/python3.7/site-packages/GPy/kern/src/stationary.py:565: RuntimeWarning:invalid value encountered in multiply
 /home/kjablonk/anaconda3/envs/dispersant_screener/lib/python3.7/site-packages/GPy/kern/src/stationary.py:568: RuntimeWarning:invalid value encountered in subtract
 /home/kjablonk/anaconda3/envs/dispersant_screener/lib/python3.7/site-packages/paramz/transformations.py:111: RuntimeWarning:overflow encountered in expm1
 /home/kjablonk/anaconda3/envs/dispersant_screener/lib/python3.7/site-packages/GPy/kern/src/stationary.py:166: RuntimeWarning:overflow encountered in true_divide
 /home/kjablonk/anaconda3/envs/dispersant_screener/lib/python3.7/site-packages/GPy/kern/src/stationary.py:137: RuntimeWarning:overflow encountered in square
 /home/kjablonk/anaconda3/envs/dispersant_screener/lib/python3.7/site-packages/GPy/kern/src/stationary.py:138: RuntimeWarning:invalid value encountered in add
 /home/kjablonk/anaconda3/envs/dispersant_screener/lib/python3.7/site-packages/GPy/kern/src/stationary.py:565: RuntimeWarning:invalid value encountered in multiply
 /home/kjablonk/anaconda3/envs/dispersant_screener/lib/python3.7/site-packages/GPy/kern/src/stationary.py:568: RuntimeWarning:invalid value encountered in subtract
 /home/kjablonk/anaconda3/envs/dispersant_screener/lib/python3.7/site-packages/GPy/kern/src/stationary.py:243: RuntimeWarning:invalid value encountered in true_divide
 /home/kjablonk/anaconda3/envs/dispersant_screener/lib/python3.7/site-packages/numpy/core/_asarray.py:136: VisibleDeprecationWarning:Creating an ndarray from ragged nested sequences (which is a list-or-tuple of lists-or-tuples-or ndarrays with different lengths or shapes) is deprecated. If you meant to do this, you must specify 'dtype=object' when creating the ndarray
Maximum hypervolume 1536.0438526567837
STARTING PAL
Optimization restart 1/20, f = -218.3636264432045
Optimization restart 2/20, f = -203.2461799028756
Optimization restart 3/20, f = -229.7811244737132
Optimization restart 4/20, f = -229.29543227989626
Optimization restart 5/20, f = -175.17222781787746
Optimization restart 6/20, f = -216.20136588023843
Optimization restart 7/20, f = -229.62312795092754
Optimization restart 8/20, f = -229.7178620099806
Optimization restart 9/20, f = -229.85278406797886
Optimization restart 10/20, f = -229.87531529291573
Optimization restart 11/20, f = -229.79039480604249
Optimization restart 12/20, f = -217.33258500607695
Optimization restart 13/20, f = -229.88682017167713
Optimization restart 14/20, f = -229.81965436529538
Optimization restart 15/20, f = -229.66037628983514
Optimization restart 16/20, f = -219.03609817717188
Optimization restart 17/20, f = -167.8538548757453
Optimization restart 18/20, f = -214.11650735302757
Optimization restart 19/20, f = -229.40877203898427
Optimization restart 20/20, f = -229.8154552346723
pypal at iteration 1.         6 Pareto optimal points,         256 discarded points,         2863 unclassified points.
Hypervolume 854.3505352041
pypal at iteration 2.         6 Pareto optimal points,         408 discarded points,         2711 unclassified points.
Hypervolume 854.3505352041
pypal at iteration 3.         6 Pareto optimal points,         409 discarded points,         2710 unclassified points.
Hypervolume 854.3505352041
pypal at iteration 4.         6 Pareto optimal points,         478 discarded points,         2641 unclassified points.
Hypervolume 854.3505352041
pypal at iteration 5.         7 Pareto optimal points,         480 discarded points,         2638 unclassified points.
Hypervolume 1309.855798759324
pypal at iteration 6.         7 Pareto optimal points,         481 discarded points,         2637 unclassified points.
Hypervolume 1309.855798759324
pypal at iteration 7.         7 Pareto optimal points,         482 discarded points,         2636 unclassified points.
Hypervolume 1309.855798759324
pypal at iteration 8.         7 Pareto optimal points,         483 discarded points,         2635 unclassified points.
Hypervolume 1309.855798759324
pypal at iteration 9.         7 Pareto optimal points,         484 discarded points,         2634 unclassified points.
Hypervolume 1309.855798759324
pypal at iteration 10.         7 Pareto optimal points,         485 discarded points,         2633 unclassified points.
Hypervolume 1309.855798759324
Optimization restart 1/20, f = -339.0953871691944
Optimization restart 2/20, f = -333.1193936109427
Optimization restart 3/20, f = -339.69042347847216
Optimization restart 4/20, f = -338.3187828873257
Optimization restart 5/20, f = -338.76659469270635
Optimization restart 6/20, f = -337.94226706302635
Optimization restart 7/20, f = -339.445094096006
Optimization restart 8/20, f = -337.9359469653892
Optimization restart 9/20, f = -338.15323877514743
Optimization restart 10/20, f = -338.79060555725005
Optimization restart 11/20, f = -339.13864723635794
Optimization restart 12/20, f = -338.59452623391104
Optimization restart 13/20, f = -337.9358286979269
Optimization restart 14/20, f = -326.4450585120053
Optimization restart 15/20, f = -339.132256572895
Optimization restart 16/20, f = -338.124590628247
Optimization restart 17/20, f = -275.5982236051913
Optimization restart 18/20, f = -337.2212180819116
Optimization restart 19/20, f = -338.6337432136505
Optimization restart 20/20, f = -338.08533566607554
pypal at iteration 11.         7 Pareto optimal points,         863 discarded points,         2255 unclassified points.
Hypervolume 1309.855798759324
pypal at iteration 12.         7 Pareto optimal points,         950 discarded points,         2168 unclassified points.
Hypervolume 1309.855798759324
pypal at iteration 13.         7 Pareto optimal points,         952 discarded points,         2166 unclassified points.
Hypervolume 1309.855798759324
pypal at iteration 14.         7 Pareto optimal points,         954 discarded points,         2164 unclassified points.
Hypervolume 1309.855798759324
pypal at iteration 15.         7 Pareto optimal points,         960 discarded points,         2158 unclassified points.
Hypervolume 1309.855798759324
pypal at iteration 16.         7 Pareto optimal points,         963 discarded points,         2155 unclassified points.
Hypervolume 1309.855798759324
pypal at iteration 17.         7 Pareto optimal points,         975 discarded points,         2143 unclassified points.
Hypervolume 1309.855798759324
pypal at iteration 18.         9 Pareto optimal points,         1014 discarded points,         2102 unclassified points.
Hypervolume 1317.455451946378
pypal at iteration 19.         9 Pareto optimal points,         1031 discarded points,         2085 unclassified points.
Hypervolume 1317.455451946378
pypal at iteration 20.         9 Pareto optimal points,         1035 discarded points,         2081 unclassified points.
Hypervolume 1317.455451946378
Optimization restart 1/20, f = -424.7283206757917
Optimization restart 2/20, f = -424.11235812901805
Optimization restart 3/20, f = -419.79837061247963
Optimization restart 4/20, f = -423.9461800007765
Optimization restart 5/20, f = -424.5948847154403
Optimization restart 6/20, f = -422.24315683257527
Optimization restart 7/20, f = -424.425119506883
Optimization restart 8/20, f = -395.7762189762242
Optimization restart 9/20, f = -423.99438350506614
Optimization restart 10/20, f = -423.56718075952824
Optimization restart 11/20, f = -419.13374012292115
Optimization restart 12/20, f = -400.7352885788067
Optimization restart 13/20, f = -426.59498142807234
Optimization restart 14/20, f = -423.6578398576079
Optimization restart 15/20, f = -359.8408910769988
Optimization restart 16/20, f = -309.1001116601575
Optimization restart 17/20, f = -425.05092051089696
Optimization restart 18/20, f = -426.3069862808825
Optimization restart 19/20, f = -426.3447735868348
Optimization restart 20/20, f = -426.3933688465756
pypal at iteration 21.         9 Pareto optimal points,         1217 discarded points,         1899 unclassified points.
Hypervolume 1317.455451946378
pypal at iteration 22.         9 Pareto optimal points,         1229 discarded points,         1887 unclassified points.
Hypervolume 1317.455451946378
pypal at iteration 23.         9 Pareto optimal points,         1230 discarded points,         1886 unclassified points.
Hypervolume 1317.455451946378
pypal at iteration 24.         9 Pareto optimal points,         1234 discarded points,         1882 unclassified points.
Hypervolume 1317.455451946378
pypal at iteration 25.         10 Pareto optimal points,         1236 discarded points,         1879 unclassified points.
Hypervolume 1331.9944741047643
pypal at iteration 26.         10 Pareto optimal points,         1237 discarded points,         1878 unclassified points.
Hypervolume 1331.9944741047643
pypal at iteration 27.         11 Pareto optimal points,         1237 discarded points,         1877 unclassified points.
Hypervolume 1337.3487584741945
pypal at iteration 28.         12 Pareto optimal points,         1239 discarded points,         1874 unclassified points.
Hypervolume 1337.501023523374
pypal at iteration 29.         12 Pareto optimal points,         1294 discarded points,         1819 unclassified points.
Hypervolume 1337.501023523374
pypal at iteration 30.         12 Pareto optimal points,         1320 discarded points,         1793 unclassified points.
Hypervolume 1337.501023523374
Optimization restart 1/20, f = -501.2772867485941
Optimization restart 2/20, f = -483.6000906911845
Optimization restart 3/20, f = -497.44712421384145
Optimization restart 4/20, f = -497.9647474441053
Optimization restart 5/20, f = -491.03324118977935
Optimization restart 6/20, f = -491.1831308617281
Optimization restart 7/20, f = -498.6084165139407
Optimization restart 8/20, f = -501.0006225653158
Optimization restart 9/20, f = -497.7900459199527
Optimization restart 10/20, f = -496.5881849368062
Optimization restart 11/20, f = -500.08557867699886
Optimization restart 12/20, f = -498.48659599805717
Optimization restart 13/20, f = -499.1607885140529
Optimization restart 14/20, f = -501.0239376011747
Optimization restart 15/20, f = -488.8927178960489
Optimization restart 16/20, f = -500.7065201552382
Optimization restart 17/20, f = -499.069554354385
Optimization restart 18/20, f = -498.30674453696656
Optimization restart 19/20, f = -491.5593941274362
Optimization restart 20/20, f = -497.42017514583864
pypal at iteration 31.         12 Pareto optimal points,         1379 discarded points,         1734 unclassified points.
Hypervolume 1337.501023523374
pypal at iteration 32.         12 Pareto optimal points,         1381 discarded points,         1732 unclassified points.
Hypervolume 1337.501023523374
pypal at iteration 33.         13 Pareto optimal points,         1382 discarded points,         1730 unclassified points.
Hypervolume 1433.8791837864198
pypal at iteration 34.         13 Pareto optimal points,         1429 discarded points,         1683 unclassified points.
Hypervolume 1433.8791837864198
pypal at iteration 35.         13 Pareto optimal points,         1430 discarded points,         1682 unclassified points.
Hypervolume 1433.8791837864198
pypal at iteration 36.         13 Pareto optimal points,         1432 discarded points,         1680 unclassified points.
Hypervolume 1433.8791837864198
pypal at iteration 37.         13 Pareto optimal points,         1433 discarded points,         1679 unclassified points.
Hypervolume 1433.8791837864198
pypal at iteration 38.         13 Pareto optimal points,         1434 discarded points,         1678 unclassified points.
Hypervolume 1433.8791837864198
pypal at iteration 39.         13 Pareto optimal points,         1445 discarded points,         1667 unclassified points.
Hypervolume 1433.8791837864198
pypal at iteration 40.         13 Pareto optimal points,         1461 discarded points,         1651 unclassified points.
Hypervolume 1433.8791837864198
Optimization restart 1/20, f = -570.7046460833353
Optimization restart 2/20, f = -569.3622630148909
Optimization restart 3/20, f = -568.3480789619343
Optimization restart 4/20, f = -567.8578255624541
Optimization restart 5/20, f = -568.6418164411441
Optimization restart 6/20, f = -562.2156887390036
Optimization restart 7/20, f = -567.9762313495926
Optimization restart 8/20, f = -569.3279360019378
Optimization restart 9/20, f = -567.4436178317771
Optimization restart 10/20, f = -567.6879216454902
Optimization restart 11/20, f = -569.6897754895588
Optimization restart 12/20, f = -539.0858604423393
Optimization restart 13/20, f = -565.8048945136302
Optimization restart 14/20, f = -565.6395671779198
Optimization restart 15/20, f = -562.211069256457
Optimization restart 16/20, f = -568.6956669174702
Optimization restart 17/20, f = -410.4378667660118
Optimization restart 18/20, f = -567.0958733170246
Optimization restart 19/20, f = -567.5029047365692
Optimization restart 20/20, f = -566.2026982055088
pypal at iteration 41.         13 Pareto optimal points,         1482 discarded points,         1630 unclassified points.
Hypervolume 1433.8791837864198
pypal at iteration 42.         13 Pareto optimal points,         1484 discarded points,         1628 unclassified points.
Hypervolume 1433.8791837864198
pypal at iteration 43.         13 Pareto optimal points,         1484 discarded points,         1628 unclassified points.
Hypervolume 1433.8791837864198
pypal at iteration 44.         13 Pareto optimal points,         1484 discarded points,         1628 unclassified points.
Hypervolume 1433.8791837864198
pypal at iteration 45.         14 Pareto optimal points,         1484 discarded points,         1627 unclassified points.
Hypervolume 1434.7649937464125
pypal at iteration 46.         14 Pareto optimal points,         1485 discarded points,         1626 unclassified points.
Hypervolume 1434.7649937464125
pypal at iteration 47.         14 Pareto optimal points,         1486 discarded points,         1625 unclassified points.
Hypervolume 1434.7649937464125
pypal at iteration 48.         14 Pareto optimal points,         1712 discarded points,         1399 unclassified points.
Hypervolume 1434.7649937464125
pypal at iteration 49.         14 Pareto optimal points,         1714 discarded points,         1397 unclassified points.
Hypervolume 1434.7649937464125
pypal at iteration 50.         14 Pareto optimal points,         1720 discarded points,         1391 unclassified points.
Hypervolume 1434.7649937464125
Optimization restart 1/20, f = -635.7309596737934
Optimization restart 2/20, f = -633.1278594733817
Optimization restart 3/20, f = -633.4685797780346
Optimization restart 4/20, f = -631.6766612363772
Optimization restart 5/20, f = -631.8830669704219
Optimization restart 6/20, f = -632.602461716933
Optimization restart 7/20, f = -507.3289653451906
Optimization restart 8/20, f = -632.8099010040496
Optimization restart 9/20, f = -631.7583489161375
Optimization restart 10/20, f = -635.1027422556892
Optimization restart 11/20, f = -632.429102030542
Optimization restart 12/20, f = -630.3531202867249
Optimization restart 13/20, f = -632.5954666338828
Optimization restart 14/20, f = -623.356099056448
Optimization restart 15/20, f = -629.8865441706002
Optimization restart 16/20, f = -634.0473562981995
Optimization restart 17/20, f = -635.2455959490044
Optimization restart 18/20, f = -635.0307946035629
Optimization restart 19/20, f = -631.7570987849001
Optimization restart 20/20, f = -632.7872150175608
pypal at iteration 51.         14 Pareto optimal points,         1742 discarded points,         1369 unclassified points.
Hypervolume 1434.7649937464125
pypal at iteration 52.         15 Pareto optimal points,         1745 discarded points,         1365 unclassified points.
Hypervolume 1438.0144406463714
pypal at iteration 53.         16 Pareto optimal points,         1765 discarded points,         1344 unclassified points.
Hypervolume 1439.7374323157883
pypal at iteration 54.         16 Pareto optimal points,         1766 discarded points,         1343 unclassified points.
Hypervolume 1439.7374323157883
pypal at iteration 55.         16 Pareto optimal points,         1779 discarded points,         1330 unclassified points.
Hypervolume 1439.7374323157883
pypal at iteration 56.         16 Pareto optimal points,         1782 discarded points,         1327 unclassified points.
Hypervolume 1439.7374323157883
pypal at iteration 57.         16 Pareto optimal points,         1783 discarded points,         1326 unclassified points.
Hypervolume 1439.7374323157883
pypal at iteration 58.         16 Pareto optimal points,         1943 discarded points,         1166 unclassified points.
Hypervolume 1439.7374323157883
pypal at iteration 59.         16 Pareto optimal points,         1944 discarded points,         1165 unclassified points.
Hypervolume 1439.7374323157883
pypal at iteration 60.         16 Pareto optimal points,         1945 discarded points,         1164 unclassified points.
Hypervolume 1439.7374323157883
Optimization restart 1/20, f = -699.0359954308964
Optimization restart 2/20, f = -695.5752626411545
Optimization restart 3/20, f = -697.6358027413572
Optimization restart 4/20, f = -695.44136634729
Optimization restart 5/20, f = -672.0269867929463
Optimization restart 6/20, f = -693.9767981663538
Optimization restart 7/20, f = -696.2950437351329
Optimization restart 8/20, f = -689.3830859105644
Optimization restart 9/20, f = -624.101198852981
Optimization restart 10/20, f = -689.4855786118403
Optimization restart 11/20, f = -696.7001259827807
Optimization restart 12/20, f = -697.3453196445378
Optimization restart 13/20, f = -695.673585927101
Optimization restart 14/20, f = -665.018946673445
Optimization restart 15/20, f = -695.3772419594013
Optimization restart 16/20, f = -695.0720391520481
Optimization restart 17/20, f = -687.1397063608002
Optimization restart 18/20, f = -686.1047910070492
Optimization restart 19/20, f = -695.8727017735598
Optimization restart 20/20, f = -695.1549433765048
pypal at iteration 61.         16 Pareto optimal points,         1949 discarded points,         1160 unclassified points.
Hypervolume 1439.7374323157883
pypal at iteration 62.         16 Pareto optimal points,         1955 discarded points,         1154 unclassified points.
Hypervolume 1439.7374323157883
pypal at iteration 63.         16 Pareto optimal points,         1956 discarded points,         1153 unclassified points.
Hypervolume 1439.7374323157883
pypal at iteration 64.         16 Pareto optimal points,         1957 discarded points,         1152 unclassified points.
Hypervolume 1439.7374323157883
pypal at iteration 65.         16 Pareto optimal points,         1958 discarded points,         1151 unclassified points.
Hypervolume 1439.7374323157883
pypal at iteration 66.         16 Pareto optimal points,         1959 discarded points,         1150 unclassified points.
Hypervolume 1439.7374323157883
pypal at iteration 67.         16 Pareto optimal points,         1960 discarded points,         1149 unclassified points.
Hypervolume 1439.7374323157883
pypal at iteration 68.         16 Pareto optimal points,         2067 discarded points,         1042 unclassified points.
Hypervolume 1439.7374323157883
pypal at iteration 69.         16 Pareto optimal points,         2068 discarded points,         1041 unclassified points.
Hypervolume 1439.7374323157883
pypal at iteration 70.         17 Pareto optimal points,         2313 discarded points,         795 unclassified points.
Hypervolume 1459.1729571564033
Optimization restart 1/20, f = -755.9260687455292
Optimization restart 2/20, f = -755.2130742786647
Optimization restart 3/20, f = -733.494447273756
Optimization restart 4/20, f = -750.6739356941683
Optimization restart 5/20, f = -252.1906628035915
Optimization restart 6/20, f = -733.4055280561425
Optimization restart 7/20, f = -754.9526649508762
Optimization restart 8/20, f = -752.3790751513736
Optimization restart 9/20, f = -754.4744333844524
Optimization restart 10/20, f = -749.5523120714067
Optimization restart 11/20, f = -717.9029677948363
Optimization restart 12/20, f = -745.8956573128673
Optimization restart 13/20, f = -754.1726072176596
Optimization restart 14/20, f = -738.7556745259953
Optimization restart 15/20, f = -717.2203740245998
Optimization restart 16/20, f = -753.6741275244183
Optimization restart 17/20, f = -724.5534292815494
Optimization restart 18/20, f = -755.3179658424436
Optimization restart 19/20, f = -741.4565111423169
Optimization restart 20/20, f = -753.3030937399243
pypal at iteration 71.         17 Pareto optimal points,         2314 discarded points,         794 unclassified points.
Hypervolume 1459.1729571564033
pypal at iteration 72.         17 Pareto optimal points,         2315 discarded points,         793 unclassified points.
Hypervolume 1459.1729571564033
pypal at iteration 73.         17 Pareto optimal points,         2316 discarded points,         792 unclassified points.
Hypervolume 1459.1729571564033
pypal at iteration 74.         18 Pareto optimal points,         2316 discarded points,         791 unclassified points.
Hypervolume 1461.048099691856
pypal at iteration 75.         22 Pareto optimal points,         2319 discarded points,         784 unclassified points.
Hypervolume 1467.3763274380535
pypal at iteration 76.         23 Pareto optimal points,         2480 discarded points,         622 unclassified points.
Hypervolume 1473.7289201788622
pypal at iteration 77.         23 Pareto optimal points,         2481 discarded points,         621 unclassified points.
Hypervolume 1473.7289201788622
pypal at iteration 78.         23 Pareto optimal points,         2482 discarded points,         620 unclassified points.
Hypervolume 1473.7289201788622
pypal at iteration 79.         23 Pareto optimal points,         2485 discarded points,         617 unclassified points.
Hypervolume 1473.7289201788622
pypal at iteration 80.         23 Pareto optimal points,         2488 discarded points,         614 unclassified points.
Hypervolume 1473.7289201788622
Optimization restart 1/20, f = -810.6069629165064
Optimization restart 2/20, f = -805.5282556604454
Optimization restart 3/20, f = -809.3901576323423
Optimization restart 4/20, f = -808.8623048923857
Optimization restart 5/20, f = -768.51220707807
Optimization restart 6/20, f = -809.7450720503559
Optimization restart 7/20, f = -803.1498206074657
Optimization restart 8/20, f = -809.1090349762342
Optimization restart 9/20, f = -757.214909834461
Optimization restart 10/20, f = -809.7387447043236
Optimization restart 11/20, f = -809.3890714245864
Optimization restart 12/20, f = -806.9564820756791
Optimization restart 13/20, f = -807.1779411061683
Optimization restart 14/20, f = -807.5024616816709
Optimization restart 15/20, f = -797.4845021262149
Optimization restart 16/20, f = -809.4939928691325
Optimization restart 17/20, f = -794.5509427682604
Optimization restart 18/20, f = -805.3516128703211
Optimization restart 19/20, f = -810.2221937379716
Optimization restart 20/20, f = -788.2350272310966
pypal at iteration 81.         23 Pareto optimal points,         2492 discarded points,         610 unclassified points.
Hypervolume 1473.7289201788622
pypal at iteration 82.         24 Pareto optimal points,         2508 discarded points,         593 unclassified points.
Hypervolume 1484.1289397659689
pypal at iteration 83.         24 Pareto optimal points,         2509 discarded points,         592 unclassified points.
Hypervolume 1484.1289397659689
pypal at iteration 84.         24 Pareto optimal points,         2510 discarded points,         591 unclassified points.
Hypervolume 1484.1289397659689
pypal at iteration 85.         24 Pareto optimal points,         2512 discarded points,         589 unclassified points.
Hypervolume 1484.1289397659689
pypal at iteration 86.         24 Pareto optimal points,         2517 discarded points,         584 unclassified points.
Hypervolume 1484.1289397659689
pypal at iteration 87.         25 Pareto optimal points,         2547 discarded points,         553 unclassified points.
Hypervolume 1484.2109403911177
pypal at iteration 88.         25 Pareto optimal points,         2548 discarded points,         552 unclassified points.
Hypervolume 1484.2109403911177
pypal at iteration 89.         25 Pareto optimal points,         2549 discarded points,         551 unclassified points.
Hypervolume 1484.2109403911177
pypal at iteration 90.         25 Pareto optimal points,         2550 discarded points,         550 unclassified points.
Hypervolume 1484.2109403911177
Optimization restart 1/20, f = -863.8877674337699
Optimization restart 2/20, f = -863.4045072901041
Optimization restart 3/20, f = -857.5919192140229
Optimization restart 4/20, f = -861.0509884614165
Optimization restart 5/20, f = -863.7095670499564
Optimization restart 6/20, f = -862.544341172707
Optimization restart 7/20, f = -863.200583927416
Optimization restart 8/20, f = -863.350324983126
Optimization restart 9/20, f = -863.4709411568408
Optimization restart 10/20, f = -863.4868654568213
Optimization restart 11/20, f = -861.0450943837652
Optimization restart 12/20, f = -739.0642396495947
Optimization restart 13/20, f = -850.5042721239256
Optimization restart 14/20, f = -861.8676669979877
Optimization restart 15/20, f = -855.3336996231832
Optimization restart 16/20, f = -863.7958148195146
Optimization restart 17/20, f = -863.4948290284099
Optimization restart 18/20, f = -845.5208018579449
Optimization restart 19/20, f = -706.2061307830708
Optimization restart 20/20, f = -861.3154708736474
pypal at iteration 91.         26 Pareto optimal points,         2550 discarded points,         549 unclassified points.
Hypervolume 1484.2125361165347
pypal at iteration 92.         27 Pareto optimal points,         2582 discarded points,         516 unclassified points.
Hypervolume 1484.69691386996
pypal at iteration 93.         27 Pareto optimal points,         2583 discarded points,         515 unclassified points.
Hypervolume 1484.69691386996
pypal at iteration 94.         27 Pareto optimal points,         2584 discarded points,         514 unclassified points.
Hypervolume 1484.69691386996
pypal at iteration 95.         27 Pareto optimal points,         2585 discarded points,         513 unclassified points.
Hypervolume 1484.69691386996
pypal at iteration 96.         27 Pareto optimal points,         2586 discarded points,         512 unclassified points.
Hypervolume 1484.69691386996
pypal at iteration 97.         27 Pareto optimal points,         2587 discarded points,         511 unclassified points.
Hypervolume 1484.69691386996
pypal at iteration 98.         27 Pareto optimal points,         2588 discarded points,         510 unclassified points.
Hypervolume 1484.69691386996
pypal at iteration 99.         27 Pareto optimal points,         2589 discarded points,         509 unclassified points.
Hypervolume 1484.69691386996
pypal at iteration 100.         28 Pareto optimal points,         2675 discarded points,         422 unclassified points.
Hypervolume 1489.0876876457364
Optimization restart 1/20, f = -918.8694652044803
Optimization restart 2/20, f = -918.3540836392892
Optimization restart 3/20, f = -915.736038773488
Optimization restart 4/20, f = -918.5006607904518
Optimization restart 5/20, f = -918.0931925627201
Optimization restart 6/20, f = -918.5500032000425
Optimization restart 7/20, f = -895.0679131247498
Optimization restart 8/20, f = -918.3383343702787
Optimization restart 9/20, f = -852.0851289880188
Optimization restart 10/20, f = -911.0707256225235
Optimization restart 11/20, f = -915.104406053212
Optimization restart 12/20, f = -902.6382484348158
Optimization restart 13/20, f = -918.1697031949492
Optimization restart 14/20, f = -912.9833443281266
Optimization restart 15/20, f = -918.2712317741144
Optimization restart 16/20, f = -916.8060591654814
Optimization restart 17/20, f = -918.5599529088496
Optimization restart 18/20, f = -917.1717816261927
Optimization restart 19/20, f = -919.2080008207073
Optimization restart 20/20, f = -918.1305894182342
pypal at iteration 101.         29 Pareto optimal points,         2714 discarded points,         382 unclassified points.
Hypervolume 1489.8828133506552
pypal at iteration 102.         29 Pareto optimal points,         2716 discarded points,         380 unclassified points.
Hypervolume 1489.8828133506552
pypal at iteration 103.         29 Pareto optimal points,         2718 discarded points,         378 unclassified points.
Hypervolume 1489.8828133506552
pypal at iteration 104.         29 Pareto optimal points,         2719 discarded points,         377 unclassified points.
Hypervolume 1489.8828133506552
pypal at iteration 105.         29 Pareto optimal points,         2720 discarded points,         376 unclassified points.
Hypervolume 1489.8828133506552
pypal at iteration 106.         29 Pareto optimal points,         2721 discarded points,         375 unclassified points.
Hypervolume 1489.8828133506552
pypal at iteration 107.         29 Pareto optimal points,         2722 discarded points,         374 unclassified points.
Hypervolume 1489.8828133506552
pypal at iteration 108.         29 Pareto optimal points,         2723 discarded points,         373 unclassified points.
Hypervolume 1489.8828133506552
pypal at iteration 109.         29 Pareto optimal points,         2724 discarded points,         372 unclassified points.
Hypervolume 1489.8828133506552
pypal at iteration 110.         30 Pareto optimal points,         2727 discarded points,         368 unclassified points.
Hypervolume 1489.8960287321033
Optimization restart 1/20, f = -971.2334139496066
Optimization restart 2/20, f = -969.3169259938173
Optimization restart 3/20, f = -968.6321599354993
Optimization restart 4/20, f = -965.8907053001584
Optimization restart 5/20, f = -967.1102544198625
Optimization restart 6/20, f = -969.9262256466791
Optimization restart 7/20, f = -969.2091168065981
Optimization restart 8/20, f = -967.9076339986176
Optimization restart 9/20, f = -967.6621466457734
Optimization restart 10/20, f = -969.6498695870237
Optimization restart 11/20, f = -960.5802960373278
Optimization restart 12/20, f = -968.1812522278962
Optimization restart 13/20, f = -966.2254721536596
Optimization restart 14/20, f = -960.067957382341
Optimization restart 15/20, f = -966.6559817741459
Optimization restart 16/20, f = -960.698592931642
Optimization restart 17/20, f = -969.5334136624791
Optimization restart 18/20, f = -769.0329807907797
Optimization restart 19/20, f = -965.7090503735263
Optimization restart 20/20, f = -970.2674937680702
pypal at iteration 111.         30 Pareto optimal points,         2730 discarded points,         365 unclassified points.
Hypervolume 1489.8960287321033
pypal at iteration 112.         30 Pareto optimal points,         2731 discarded points,         364 unclassified points.
Hypervolume 1489.8960287321033
pypal at iteration 113.         30 Pareto optimal points,         2734 discarded points,         361 unclassified points.
Hypervolume 1489.8960287321033
pypal at iteration 114.         30 Pareto optimal points,         2735 discarded points,         360 unclassified points.
Hypervolume 1489.8960287321033
pypal at iteration 115.         31 Pareto optimal points,         2751 discarded points,         343 unclassified points.
Hypervolume 1490.4439738399253
pypal at iteration 116.         31 Pareto optimal points,         2752 discarded points,         342 unclassified points.
Hypervolume 1490.4439738399253
pypal at iteration 117.         32 Pareto optimal points,         2779 discarded points,         314 unclassified points.
Hypervolume 1490.5320821830126
pypal at iteration 118.         32 Pareto optimal points,         2780 discarded points,         313 unclassified points.
Hypervolume 1490.5320821830126
pypal at iteration 119.         33 Pareto optimal points,         2805 discarded points,         287 unclassified points.
Hypervolume 1490.7000777753149
pypal at iteration 120.         33 Pareto optimal points,         2806 discarded points,         286 unclassified points.
Hypervolume 1490.7000777753149
Optimization restart 1/20, f = -1024.452364445582
Optimization restart 2/20, f = -1006.3288935451578
Optimization restart 3/20, f = -1021.7387785772999
Optimization restart 4/20, f = -1015.9373475863495
Optimization restart 5/20, f = -1004.4606574633684
Optimization restart 6/20, f = -1020.3406293652324
Optimization restart 7/20, f = -1021.5930527195528
Optimization restart 8/20, f = -1018.4602487050441
Optimization restart 9/20, f = -1019.7284958323421
Optimization restart 10/20, f = -1021.1744503396213
Optimization restart 11/20, f = -1019.888692573192
Optimization restart 12/20, f = -1014.5064692958276
Optimization restart 13/20, f = -1018.8991078102684
Optimization restart 14/20, f = -1017.5190070720666
Optimization restart 15/20, f = -1024.1208965573583
Optimization restart 16/20, f = -1018.756457164729
Optimization restart 17/20, f = -1021.5505551520557
Optimization restart 18/20, f = -1023.208993616053
Optimization restart 19/20, f = -1021.3939469729261
Optimization restart 20/20, f = -1021.0450363414562
pypal at iteration 121.         33 Pareto optimal points,         2807 discarded points,         285 unclassified points.
Hypervolume 1490.7000777753149
pypal at iteration 122.         33 Pareto optimal points,         2808 discarded points,         284 unclassified points.
Hypervolume 1490.7000777753149
pypal at iteration 123.         33 Pareto optimal points,         2809 discarded points,         283 unclassified points.
Hypervolume 1490.7000777753149
pypal at iteration 124.         34 Pareto optimal points,         2809 discarded points,         282 unclassified points.
Hypervolume 1490.7014024650498
pypal at iteration 125.         34 Pareto optimal points,         2810 discarded points,         281 unclassified points.
Hypervolume 1490.7014024650498
pypal at iteration 126.         34 Pareto optimal points,         2811 discarded points,         280 unclassified points.
Hypervolume 1490.7014024650498
pypal at iteration 127.         35 Pareto optimal points,         2902 discarded points,         188 unclassified points.
Hypervolume 1493.9576835187524
pypal at iteration 128.         35 Pareto optimal points,         2903 discarded points,         187 unclassified points.
Hypervolume 1493.9576835187524
pypal at iteration 129.         35 Pareto optimal points,         2904 discarded points,         186 unclassified points.
Hypervolume 1493.9576835187524
pypal at iteration 130.         36 Pareto optimal points,         2918 discarded points,         171 unclassified points.
Hypervolume 1494.5971112563575
Optimization restart 1/20, f = -1083.864645331665
Optimization restart 2/20, f = -1079.7658102443245
Optimization restart 3/20, f = -968.1889506673872
Optimization restart 4/20, f = -1081.5483816673207
Optimization restart 5/20, f = -1079.386170537494
Optimization restart 6/20, f = -1081.162357978294
Optimization restart 7/20, f = -1055.1963669858349
Optimization restart 8/20, f = -1080.811709665629
Optimization restart 9/20, f = -1081.2323531741285
Optimization restart 10/20, f = -1070.4400760921117
Optimization restart 11/20, f = -1082.0745211429594
Optimization restart 12/20, f = -1080.1047178390559
Optimization restart 13/20, f = -1079.6581463257112
Optimization restart 14/20, f = -1079.7608711016617
Optimization restart 15/20, f = -1077.4343491891045
Optimization restart 16/20, f = -1080.1553078758402
Optimization restart 17/20, f = -1082.4594850471426
Optimization restart 18/20, f = -1078.3887953564956
Optimization restart 19/20, f = -1080.4140082658473
Optimization restart 20/20, f = -1079.5388101911326
pypal at iteration 131.         36 Pareto optimal points,         2919 discarded points,         170 unclassified points.
Hypervolume 1494.5971112563575
pypal at iteration 132.         36 Pareto optimal points,         2920 discarded points,         169 unclassified points.
Hypervolume 1494.5971112563575
pypal at iteration 133.         36 Pareto optimal points,         2921 discarded points,         168 unclassified points.
Hypervolume 1494.5971112563575
pypal at iteration 134.         36 Pareto optimal points,         2922 discarded points,         167 unclassified points.
Hypervolume 1494.5971112563575
pypal at iteration 135.         36 Pareto optimal points,         2923 discarded points,         166 unclassified points.
Hypervolume 1494.5971112563575
pypal at iteration 136.         36 Pareto optimal points,         2924 discarded points,         165 unclassified points.
Hypervolume 1494.5971112563575
pypal at iteration 137.         36 Pareto optimal points,         2925 discarded points,         164 unclassified points.
Hypervolume 1494.5971112563575
pypal at iteration 138.         36 Pareto optimal points,         2926 discarded points,         163 unclassified points.
Hypervolume 1494.5971112563575
pypal at iteration 139.         36 Pareto optimal points,         2927 discarded points,         162 unclassified points.
Hypervolume 1494.5971112563575
pypal at iteration 140.         36 Pareto optimal points,         2928 discarded points,         161 unclassified points.
Hypervolume 1494.5971112563575
Optimization restart 1/20, f = -1139.5456372632439
Optimization restart 2/20, f = -1128.1824831275921
Optimization restart 3/20, f = -1137.9765526786873
Optimization restart 4/20, f = -1135.7404633271717
Optimization restart 5/20, f = -1135.7069046099575
Optimization restart 6/20, f = -1137.254853751944
Optimization restart 7/20, f = -1136.4484448560838
Optimization restart 8/20, f = -1135.5468417524332
Optimization restart 9/20, f = -1131.9819421178663
Optimization restart 10/20, f = -1137.5381633393126
Optimization restart 11/20, f = -1131.9208853189593
Optimization restart 12/20, f = -1134.5880629903843
Optimization restart 13/20, f = -1132.7356923031396
Optimization restart 14/20, f = -1133.9545312720502
Optimization restart 15/20, f = -1132.4906339022627
Optimization restart 16/20, f = -1137.0658630794549
Optimization restart 17/20, f = -1132.3392047206312
Optimization restart 18/20, f = -1134.503867521687
Optimization restart 19/20, f = -1132.3952574042646
Optimization restart 20/20, f = -1132.9708436680583
pypal at iteration 141.         36 Pareto optimal points,         2929 discarded points,         160 unclassified points.
Hypervolume 1494.5971112563575
pypal at iteration 142.         36 Pareto optimal points,         2930 discarded points,         159 unclassified points.
Hypervolume 1494.5971112563575
pypal at iteration 143.         36 Pareto optimal points,         2931 discarded points,         158 unclassified points.
Hypervolume 1494.5971112563575
pypal at iteration 144.         36 Pareto optimal points,         2932 discarded points,         157 unclassified points.
Hypervolume 1494.5971112563575
pypal at iteration 145.         37 Pareto optimal points,         2998 discarded points,         90 unclassified points.
Hypervolume 1495.2068832403872
pypal at iteration 146.         38 Pareto optimal points,         3001 discarded points,         86 unclassified points.
Hypervolume 1495.2140091284798
pypal at iteration 147.         38 Pareto optimal points,         3002 discarded points,         85 unclassified points.
Hypervolume 1495.2140091284798
pypal at iteration 148.         38 Pareto optimal points,         3003 discarded points,         84 unclassified points.
Hypervolume 1495.2140091284798
pypal at iteration 149.         38 Pareto optimal points,         3004 discarded points,         83 unclassified points.
Hypervolume 1495.2140091284798
pypal at iteration 150.         38 Pareto optimal points,         3005 discarded points,         82 unclassified points.
Hypervolume 1495.2140091284798
Optimization restart 1/20, f = -1192.0419578668943
Optimization restart 2/20, f = -1185.267982811052
Optimization restart 3/20, f = -1185.4449410700472
Optimization restart 4/20, f = -1188.0106955445785
Optimization restart 5/20, f = -1189.6705698803516
Optimization restart 6/20, f = -1185.2213111363762
Optimization restart 7/20, f = -1169.5745000670574
Optimization restart 8/20, f = -1185.1525163548818
Optimization restart 9/20, f = -1188.4419381192947
Optimization restart 10/20, f = -1187.2383663715636
Optimization restart 11/20, f = -1173.8897739778913
Optimization restart 12/20, f = -1181.7941103575524
Optimization restart 13/20, f = -1183.5227701147987
Optimization restart 14/20, f = -1184.9501906679695
Optimization restart 15/20, f = -1182.7362288690313
Optimization restart 16/20, f = -1185.601258446786
Optimization restart 17/20, f = -1189.1854692441852
Optimization restart 18/20, f = -1186.949762131971
Optimization restart 19/20, f = -1187.416942858251
Optimization restart 20/20, f = -1176.126597053873
pypal at iteration 151.         39 Pareto optimal points,         3005 discarded points,         81 unclassified points.
Hypervolume 1497.491248487228
pypal at iteration 152.         39 Pareto optimal points,         3006 discarded points,         80 unclassified points.
Hypervolume 1497.491248487228
pypal at iteration 153.         39 Pareto optimal points,         3007 discarded points,         79 unclassified points.
Hypervolume 1497.491248487228
pypal at iteration 154.         39 Pareto optimal points,         3008 discarded points,         78 unclassified points.
Hypervolume 1497.491248487228
pypal at iteration 155.         39 Pareto optimal points,         3009 discarded points,         77 unclassified points.
Hypervolume 1497.491248487228
pypal at iteration 156.         39 Pareto optimal points,         3010 discarded points,         76 unclassified points.
Hypervolume 1497.491248487228
pypal at iteration 157.         39 Pareto optimal points,         3011 discarded points,         75 unclassified points.
Hypervolume 1497.491248487228
pypal at iteration 158.         39 Pareto optimal points,         3012 discarded points,         74 unclassified points.
Hypervolume 1497.491248487228
pypal at iteration 159.         39 Pareto optimal points,         3013 discarded points,         73 unclassified points.
Hypervolume 1497.491248487228
pypal at iteration 160.         39 Pareto optimal points,         3014 discarded points,         72 unclassified points.
Hypervolume 1497.491248487228
Optimization restart 1/20, f = -1238.170809895847
Optimization restart 2/20, f = -1234.4834138487527
Optimization restart 3/20, f = -1225.5795743228568
Optimization restart 4/20, f = -1234.022644341162
Optimization restart 5/20, f = -1225.9140392578288
Optimization restart 6/20, f = -1232.8863560199782
Optimization restart 7/20, f = -1232.6897831544366
Optimization restart 8/20, f = -1231.6136382535217
Optimization restart 9/20, f = -1224.2700677336
Optimization restart 10/20, f = -1233.925758294361
Optimization restart 11/20, f = -1234.3363545641223
Optimization restart 12/20, f = -1230.8434330844573
Optimization restart 13/20, f = -1233.9116321007343
Optimization restart 14/20, f = -1234.7645258896441
Optimization restart 15/20, f = -1233.003605178046
Optimization restart 16/20, f = -1234.8008391732385
Optimization restart 17/20, f = -1233.466818494766
Optimization restart 18/20, f = -1232.102082003965
Optimization restart 19/20, f = -1235.004671758505
Optimization restart 20/20, f = -1234.1710821876245
pypal at iteration 161.         40 Pareto optimal points,         3019 discarded points,         66 unclassified points.
Hypervolume 1499.804877453347
pypal at iteration 162.         40 Pareto optimal points,         3020 discarded points,         65 unclassified points.
Hypervolume 1499.804877453347
pypal at iteration 163.         40 Pareto optimal points,         3021 discarded points,         64 unclassified points.
Hypervolume 1499.804877453347
pypal at iteration 164.         40 Pareto optimal points,         3022 discarded points,         63 unclassified points.
Hypervolume 1499.804877453347
pypal at iteration 165.         41 Pareto optimal points,         3035 discarded points,         49 unclassified points.
Hypervolume 1499.8978108885824
pypal at iteration 166.         41 Pareto optimal points,         3036 discarded points,         48 unclassified points.
Hypervolume 1499.8978108885824
pypal at iteration 167.         41 Pareto optimal points,         3037 discarded points,         47 unclassified points.
Hypervolume 1499.8978108885824
pypal at iteration 168.         41 Pareto optimal points,         3038 discarded points,         46 unclassified points.
Hypervolume 1499.8978108885824
pypal at iteration 169.         41 Pareto optimal points,         3039 discarded points,         45 unclassified points.
Hypervolume 1499.8978108885824
pypal at iteration 170.         41 Pareto optimal points,         3040 discarded points,         44 unclassified points.
Hypervolume 1499.8978108885824
Optimization restart 1/20, f = -1285.757957926577
Optimization restart 2/20, f = -1067.4254871798428
Optimization restart 3/20, f = -1285.7172121968806
Optimization restart 4/20, f = -1282.8024905438856
Optimization restart 5/20, f = -1279.695696135899
Optimization restart 6/20, f = -1281.8791339684212
Optimization restart 7/20, f = -1283.2039183592183
Optimization restart 8/20, f = -1281.0785806575564
Optimization restart 9/20, f = -1274.3326213078412
Optimization restart 10/20, f = -1282.1787061203793
Optimization restart 11/20, f = -1275.816687811
Optimization restart 12/20, f = -1281.3178575816553
Optimization restart 13/20, f = -1278.485929361508
Optimization restart 14/20, f = -1279.7844105917056
Optimization restart 15/20, f = -1276.1320871195837
Optimization restart 16/20, f = -1263.6720781966847
Optimization restart 17/20, f = -1216.531513442174
Optimization restart 18/20, f = -1282.9045530783126
Optimization restart 19/20, f = -1281.8888684303583
Optimization restart 20/20, f = -1277.243966250257
pypal at iteration 171.         42 Pareto optimal points,         3044 discarded points,         39 unclassified points.
Hypervolume 1499.929516517108
pypal at iteration 172.         42 Pareto optimal points,         3045 discarded points,         38 unclassified points.
Hypervolume 1499.929516517108
pypal at iteration 173.         42 Pareto optimal points,         3046 discarded points,         37 unclassified points.
Hypervolume 1499.929516517108
pypal at iteration 174.         42 Pareto optimal points,         3047 discarded points,         36 unclassified points.
Hypervolume 1499.929516517108
pypal at iteration 175.         42 Pareto optimal points,         3048 discarded points,         35 unclassified points.
Hypervolume 1499.929516517108
pypal at iteration 176.         42 Pareto optimal points,         3049 discarded points,         34 unclassified points.
Hypervolume 1499.929516517108
pypal at iteration 177.         42 Pareto optimal points,         3050 discarded points,         33 unclassified points.
Hypervolume 1499.929516517108
pypal at iteration 178.         42 Pareto optimal points,         3051 discarded points,         32 unclassified points.
Hypervolume 1499.929516517108
pypal at iteration 179.         42 Pareto optimal points,         3052 discarded points,         31 unclassified points.
Hypervolume 1499.929516517108
pypal at iteration 180.         43 Pareto optimal points,         3053 discarded points,         29 unclassified points.
Hypervolume 1499.9701569684808
Optimization restart 1/20, f = -1339.6152990743815
Optimization restart 2/20, f = -1335.8577494296924
Optimization restart 3/20, f = -1336.0879593112593
Optimization restart 4/20, f = -1335.413952506282
Optimization restart 5/20, f = -1334.522300266385
Optimization restart 6/20, f = -1327.9731619253132
Optimization restart 7/20, f = -1332.9093580375677
Optimization restart 8/20, f = -1335.5489473801306
Optimization restart 9/20, f = -1320.1862868889607
Optimization restart 10/20, f = -1334.798431116319
Optimization restart 11/20, f = -1335.2457394386952
Optimization restart 12/20, f = -1334.2229610522668
Optimization restart 13/20, f = -1336.7819002991173
Optimization restart 14/20, f = -1333.1029284045387
Optimization restart 15/20, f = -1332.5404072314186
Optimization restart 16/20, f = -1334.4143088606534
Optimization restart 17/20, f = -1335.1432495221065
Optimization restart 18/20, f = -1334.3710860565236
Optimization restart 19/20, f = -1335.8941717574942
Optimization restart 20/20, f = -1336.1256487954024
pypal at iteration 181.         43 Pareto optimal points,         3054 discarded points,         28 unclassified points.
Hypervolume 1499.9701569684808
pypal at iteration 182.         43 Pareto optimal points,         3055 discarded points,         27 unclassified points.
Hypervolume 1499.9701569684808
pypal at iteration 183.         44 Pareto optimal points,         3055 discarded points,         26 unclassified points.
Hypervolume 1499.9972682013224
pypal at iteration 184.         44 Pareto optimal points,         3055 discarded points,         26 unclassified points.
Hypervolume 1499.9972682013224
pypal at iteration 185.         44 Pareto optimal points,         3056 discarded points,         25 unclassified points.
Hypervolume 1499.9972682013224
pypal at iteration 186.         44 Pareto optimal points,         3057 discarded points,         24 unclassified points.
Hypervolume 1499.9972682013224
pypal at iteration 187.         44 Pareto optimal points,         3058 discarded points,         23 unclassified points.
Hypervolume 1499.9972682013224
pypal at iteration 188.         44 Pareto optimal points,         3059 discarded points,         22 unclassified points.
Hypervolume 1499.9972682013224
pypal at iteration 189.         44 Pareto optimal points,         3060 discarded points,         21 unclassified points.
Hypervolume 1499.9972682013224
pypal at iteration 190.         44 Pareto optimal points,         3061 discarded points,         20 unclassified points.
Hypervolume 1499.9972682013224
Optimization restart 1/20, f = -1389.4856273708924
Optimization restart 2/20, f = -1380.1481599614028
Optimization restart 3/20, f = -1377.6445080968294
Optimization restart 4/20, f = -1383.8795830007748
Optimization restart 5/20, f = -1357.1851726544944
Optimization restart 6/20, f = -1382.4280521023218
Optimization restart 7/20, f = -1386.6980267828333
Optimization restart 8/20, f = -1386.2731371702623
Optimization restart 9/20, f = -1384.8569545391551
Optimization restart 10/20, f = -1385.3610716597293
Optimization restart 11/20, f = -1385.2277227118211
Optimization restart 12/20, f = -1382.6444902784087
Optimization restart 13/20, f = -1384.6197130434687
Optimization restart 14/20, f = -1384.773184996052
Optimization restart 15/20, f = -1385.1487082279023
Optimization restart 16/20, f = -1385.4560625695294
Optimization restart 17/20, f = -1339.3989148213818
Optimization restart 18/20, f = -1379.7596369631901
Optimization restart 19/20, f = -1379.7818775580922
Optimization restart 20/20, f = -1387.6678222234
pypal at iteration 191.         44 Pareto optimal points,         3062 discarded points,         19 unclassified points.
Hypervolume 1499.9972682013224
pypal at iteration 192.         44 Pareto optimal points,         3064 discarded points,         17 unclassified points.
Hypervolume 1499.9972682013224
pypal at iteration 193.         44 Pareto optimal points,         3064 discarded points,         17 unclassified points.
Hypervolume 1499.9972682013224
pypal at iteration 194.         45 Pareto optimal points,         3064 discarded points,         16 unclassified points.
Hypervolume 1500.0030815621487
pypal at iteration 195.         45 Pareto optimal points,         3065 discarded points,         15 unclassified points.
Hypervolume 1500.0030815621487
pypal at iteration 196.         45 Pareto optimal points,         3066 discarded points,         14 unclassified points.
Hypervolume 1500.0030815621487
pypal at iteration 197.         45 Pareto optimal points,         3067 discarded points,         13 unclassified points.
Hypervolume 1500.0030815621487
pypal at iteration 198.         45 Pareto optimal points,         3068 discarded points,         12 unclassified points.
Hypervolume 1500.0030815621487
pypal at iteration 199.         45 Pareto optimal points,         3069 discarded points,         11 unclassified points.
Hypervolume 1500.0030815621487
pypal at iteration 200.         46 Pareto optimal points,         3071 discarded points,         8 unclassified points.
Hypervolume 1500.2006776565986
Optimization restart 1/20, f = -1444.9821411683708
Optimization restart 2/20, f = -1438.4097920121249
Optimization restart 3/20, f = -1430.197978316278
Optimization restart 4/20, f = -1439.0388624799934
Optimization restart 5/20, f = -1440.5749686697782
Optimization restart 6/20, f = -1441.7794316345544
Optimization restart 7/20, f = -1438.7607557816377
Optimization restart 8/20, f = -1440.0762961703863
Optimization restart 9/20, f = -1440.2367931610993
Optimization restart 10/20, f = -1437.1484048326492
Optimization restart 11/20, f = -1439.018395240605
Optimization restart 12/20, f = -1438.2288813454816
Optimization restart 13/20, f = -1433.7151826031418
Optimization restart 14/20, f = -1440.8034772690262
Optimization restart 15/20, f = -1440.9160519279417
Optimization restart 16/20, f = -1439.4511163661734
Optimization restart 17/20, f = -1444.3201684999792
Optimization restart 18/20, f = -1442.192964550565
Optimization restart 19/20, f = -1436.9000294042958
Optimization restart 20/20, f = -1440.5352329298914
pypal at iteration 201.         46 Pareto optimal points,         3072 discarded points,         7 unclassified points.
Hypervolume 1500.2006776565986
pypal at iteration 202.         46 Pareto optimal points,         3073 discarded points,         6 unclassified points.
Hypervolume 1500.2006776565986
pypal at iteration 203.         46 Pareto optimal points,         3074 discarded points,         5 unclassified points.
Hypervolume 1500.2006776565986
pypal at iteration 204.         46 Pareto optimal points,         3076 discarded points,         3 unclassified points.
Hypervolume 1500.2006776565986
pypal at iteration 205.         47 Pareto optimal points,         3076 discarded points,         2 unclassified points.
Hypervolume 1500.2014920446188
pypal at iteration 206.         47 Pareto optimal points,         3077 discarded points,         1 unclassified points.
Hypervolume 1500.2014920446188
Done. No unclassified point left
pypal at iteration 206.         48 Pareto optimal points,         3077 discarded points,         0 unclassified points.
Hypervolume 1500.2018493476853
