 /home/kjablonk/anaconda3/envs/dispersant_screener/lib/python3.7/site-packages/sklearn/utils/deprecation.py:143: FutureWarning:The sklearn.preprocessing.data module is  deprecated in version 0.22 and will be removed in version 0.24. The corresponding classes / functions should instead be imported from sklearn.preprocessing. Anything that cannot be imported from sklearn.preprocessing is now part of the private API.
 /home/kjablonk/programs/pypal/pypal/pal/validate_inputs.py:146: UserWarning:No goals provided,                 will assume that every dimension should be maximized
 /home/kjablonk/anaconda3/envs/dispersant_screener/lib/python3.7/site-packages/GPy/kern/src/stationary.py:137: RuntimeWarning:overflow encountered in square
 /home/kjablonk/anaconda3/envs/dispersant_screener/lib/python3.7/site-packages/GPy/kern/src/stationary.py:138: RuntimeWarning:invalid value encountered in add
 /home/kjablonk/anaconda3/envs/dispersant_screener/lib/python3.7/site-packages/GPy/kern/src/stationary.py:565: RuntimeWarning:invalid value encountered in multiply
 /home/kjablonk/anaconda3/envs/dispersant_screener/lib/python3.7/site-packages/GPy/kern/src/stationary.py:568: RuntimeWarning:invalid value encountered in subtract
 /home/kjablonk/anaconda3/envs/dispersant_screener/lib/python3.7/site-packages/GPy/kern/src/stationary.py:166: RuntimeWarning:overflow encountered in true_divide
 /home/kjablonk/anaconda3/envs/dispersant_screener/lib/python3.7/site-packages/GPy/kern/src/stationary.py:243: RuntimeWarning:invalid value encountered in true_divide
 /home/kjablonk/anaconda3/envs/dispersant_screener/lib/python3.7/site-packages/paramz/transformations.py:111: RuntimeWarning:overflow encountered in expm1
 /home/kjablonk/anaconda3/envs/dispersant_screener/lib/python3.7/site-packages/GPy/kern/src/stationary.py:137: RuntimeWarning:overflow encountered in square
 /home/kjablonk/anaconda3/envs/dispersant_screener/lib/python3.7/site-packages/GPy/kern/src/stationary.py:138: RuntimeWarning:invalid value encountered in add
 /home/kjablonk/anaconda3/envs/dispersant_screener/lib/python3.7/site-packages/GPy/kern/src/stationary.py:565: RuntimeWarning:invalid value encountered in multiply
 /home/kjablonk/anaconda3/envs/dispersant_screener/lib/python3.7/site-packages/GPy/kern/src/stationary.py:568: RuntimeWarning:invalid value encountered in subtract
 /home/kjablonk/anaconda3/envs/dispersant_screener/lib/python3.7/site-packages/GPy/kern/src/stationary.py:166: RuntimeWarning:overflow encountered in true_divide
 /home/kjablonk/anaconda3/envs/dispersant_screener/lib/python3.7/site-packages/GPy/kern/src/stationary.py:568: RuntimeWarning:overflow encountered in multiply
 /home/kjablonk/anaconda3/envs/dispersant_screener/lib/python3.7/site-packages/GPy/kern/src/stationary.py:568: RuntimeWarning:invalid value encountered in multiply
 /home/kjablonk/anaconda3/envs/dispersant_screener/lib/python3.7/site-packages/GPy/kern/src/stationary.py:243: RuntimeWarning:invalid value encountered in true_divide
 /home/kjablonk/anaconda3/envs/dispersant_screener/lib/python3.7/site-packages/numpy/core/_asarray.py:136: VisibleDeprecationWarning:Creating an ndarray from ragged nested sequences (which is a list-or-tuple of lists-or-tuples-or ndarrays with different lengths or shapes) is deprecated. If you meant to do this, you must specify 'dtype=object' when creating the ndarray
Maximum hypervolume 1536.0438526567837
STARTING PAL
Optimization restart 1/20, f = -133.25188265426715
Optimization restart 2/20, f = -133.17425077671606
Optimization restart 3/20, f = -127.41118803011628
Optimization restart 4/20, f = -112.68773030646065
Optimization restart 5/20, f = -127.2042747988619
Optimization restart 6/20, f = -128.81598087264894
Optimization restart 7/20, f = -133.30402334050433
Optimization restart 8/20, f = -75.64987986201643
Optimization restart 9/20, f = -133.45045308165092
Optimization restart 10/20, f = -123.2914477387369
Optimization restart 11/20, f = -132.63286108352008
Optimization restart 12/20, f = -133.51100050698233
Optimization restart 13/20, f = -133.39514452922026
Optimization restart 14/20, f = -132.31455733396365
Optimization restart 15/20, f = -127.76897116037878
Optimization restart 16/20, f = -122.93976768125745
Optimization restart 17/20, f = -121.32982620599371
Optimization restart 18/20, f = -127.31865608602024
Optimization restart 19/20, f = -127.25518420679435
Optimization restart 20/20, f = -133.25626893147592
pypal at iteration 1.         6 Pareto optimal points,         148 discarded points,         2971 unclassified points.
Hypervolume 720.2103142389096
pypal at iteration 2.         7 Pareto optimal points,         154 discarded points,         2964 unclassified points.
Hypervolume 1152.914363543803
pypal at iteration 3.         7 Pareto optimal points,         155 discarded points,         2963 unclassified points.
Hypervolume 1152.914363543803
pypal at iteration 4.         14 Pareto optimal points,         155 discarded points,         2956 unclassified points.
Hypervolume 1322.8478283499717
pypal at iteration 5.         84 Pareto optimal points,         766 discarded points,         2275 unclassified points.
Hypervolume 1485.0173761932238
pypal at iteration 6.         84 Pareto optimal points,         766 discarded points,         2275 unclassified points.
Hypervolume 1485.0173761932238
pypal at iteration 7.         84 Pareto optimal points,         766 discarded points,         2275 unclassified points.
Hypervolume 1485.0173761932238
pypal at iteration 8.         84 Pareto optimal points,         766 discarded points,         2275 unclassified points.
Hypervolume 1485.0173761932238
pypal at iteration 9.         84 Pareto optimal points,         766 discarded points,         2275 unclassified points.
Hypervolume 1485.0173761932238
pypal at iteration 10.         84 Pareto optimal points,         766 discarded points,         2275 unclassified points.
Hypervolume 1485.0173761932238
Optimization restart 1/20, f = -247.01517716811392
Optimization restart 2/20, f = -246.7569552750935
Optimization restart 3/20, f = -245.93685164531027
Optimization restart 4/20, f = -246.80280223681405
Optimization restart 5/20, f = -246.0639753508794
Optimization restart 6/20, f = -246.29210646198013
Optimization restart 7/20, f = -246.9941893499649
Optimization restart 8/20, f = -247.13447091079325
Optimization restart 9/20, f = -241.29553988838393
Optimization restart 10/20, f = -246.9517987232033
Optimization restart 11/20, f = -246.87441078267207
Optimization restart 12/20, f = -245.91636524692487
Optimization restart 13/20, f = -238.56105122210403
Optimization restart 14/20, f = -246.98989359304588
Optimization restart 15/20, f = -199.7084185867347
Optimization restart 16/20, f = -241.170707848404
Optimization restart 17/20, f = -235.69024142687132
Optimization restart 18/20, f = -247.1822624717124
Optimization restart 19/20, f = -240.45452373151318
Optimization restart 20/20, f = -242.42988711474553
pypal at iteration 11.         151 Pareto optimal points,         1276 discarded points,         1698 unclassified points.
Hypervolume 1494.607718331561
pypal at iteration 12.         155 Pareto optimal points,         1290 discarded points,         1680 unclassified points.
Hypervolume 1494.607718331561
pypal at iteration 13.         155 Pareto optimal points,         1290 discarded points,         1680 unclassified points.
Hypervolume 1494.607718331561
pypal at iteration 14.         156 Pareto optimal points,         1290 discarded points,         1679 unclassified points.
Hypervolume 1494.6077183315613
pypal at iteration 15.         161 Pareto optimal points,         1291 discarded points,         1673 unclassified points.
Hypervolume 1494.6077183315613
pypal at iteration 16.         161 Pareto optimal points,         1291 discarded points,         1673 unclassified points.
Hypervolume 1494.6077183315613
pypal at iteration 17.         161 Pareto optimal points,         1291 discarded points,         1673 unclassified points.
Hypervolume 1494.6077183315613
pypal at iteration 18.         161 Pareto optimal points,         1291 discarded points,         1673 unclassified points.
Hypervolume 1494.6077183315613
pypal at iteration 19.         161 Pareto optimal points,         1295 discarded points,         1669 unclassified points.
Hypervolume 1494.6077183315613
pypal at iteration 20.         161 Pareto optimal points,         1295 discarded points,         1669 unclassified points.
Hypervolume 1494.6077183315613
Optimization restart 1/20, f = -335.23697151942974
Optimization restart 2/20, f = -334.1866965464389
Optimization restart 3/20, f = -333.8312877979532
Optimization restart 4/20, f = -334.89363140408784
Optimization restart 5/20, f = -329.2739120109228
Optimization restart 6/20, f = -324.6282458300268
Optimization restart 7/20, f = -332.4840659489347
Optimization restart 8/20, f = -334.80542399262123
Optimization restart 9/20, f = -332.37199250928586
Optimization restart 10/20, f = -316.01845131811007
Optimization restart 11/20, f = -335.0688393847435
Optimization restart 12/20, f = -332.8655956333188
Optimization restart 13/20, f = -329.829917165801
Optimization restart 14/20, f = -304.76810286119235
Optimization restart 15/20, f = -331.50430940614984
Optimization restart 16/20, f = -272.8894974455766
Optimization restart 17/20, f = -335.31494071065714
Optimization restart 18/20, f = -324.4329398723829
Optimization restart 19/20, f = -335.3513722233006
Optimization restart 20/20, f = -334.86124479827254
pypal at iteration 21.         174 Pareto optimal points,         1939 discarded points,         1012 unclassified points.
Hypervolume 1494.607718331561
pypal at iteration 22.         178 Pareto optimal points,         1968 discarded points,         979 unclassified points.
Hypervolume 1494.607718331561
pypal at iteration 23.         181 Pareto optimal points,         1968 discarded points,         976 unclassified points.
Hypervolume 1494.6077183315613
pypal at iteration 24.         185 Pareto optimal points,         1969 discarded points,         971 unclassified points.
Hypervolume 1494.6077183315615
pypal at iteration 25.         185 Pareto optimal points,         2012 discarded points,         928 unclassified points.
Hypervolume 1494.6077183315615
pypal at iteration 26.         226 Pareto optimal points,         2354 discarded points,         545 unclassified points.
Hypervolume 1494.6692301756605
pypal at iteration 27.         239 Pareto optimal points,         2362 discarded points,         524 unclassified points.
Hypervolume 1494.6692301756602
pypal at iteration 28.         241 Pareto optimal points,         2378 discarded points,         506 unclassified points.
Hypervolume 1494.6692301756602
pypal at iteration 29.         241 Pareto optimal points,         2378 discarded points,         506 unclassified points.
Hypervolume 1494.6692301756602
pypal at iteration 30.         242 Pareto optimal points,         2378 discarded points,         505 unclassified points.
Hypervolume 1494.6692301756605
Optimization restart 1/20, f = -382.173205000553
Optimization restart 2/20, f = -380.8587150224017
Optimization restart 3/20, f = -381.56890283707713
Optimization restart 4/20, f = -380.2491650106789
Optimization restart 5/20, f = -381.35087486852916
Optimization restart 6/20, f = -379.1602275568447
Optimization restart 7/20, f = -381.70069598818367
Optimization restart 8/20, f = -381.40938970094436
Optimization restart 9/20, f = -381.09330509709866
Optimization restart 10/20, f = -374.7798549863251
Optimization restart 11/20, f = -381.2890760951042
Optimization restart 12/20, f = -381.1977381003377
Optimization restart 13/20, f = -381.57900999837807
Optimization restart 14/20, f = -379.6620223723505
Optimization restart 15/20, f = -371.5602447123243
Optimization restart 16/20, f = -381.3946850592913
Optimization restart 17/20, f = -376.4428600850918
Optimization restart 18/20, f = -381.32470476783357
Optimization restart 19/20, f = -86.77271175094452
Optimization restart 20/20, f = -277.8818962545119
pypal at iteration 31.         242 Pareto optimal points,         2378 discarded points,         505 unclassified points.
Hypervolume 1494.6692301756605
pypal at iteration 32.         242 Pareto optimal points,         2378 discarded points,         505 unclassified points.
Hypervolume 1494.6692301756605
pypal at iteration 33.         242 Pareto optimal points,         2378 discarded points,         505 unclassified points.
Hypervolume 1494.6692301756605
pypal at iteration 34.         242 Pareto optimal points,         2378 discarded points,         505 unclassified points.
Hypervolume 1494.6692301756605
pypal at iteration 35.         242 Pareto optimal points,         2378 discarded points,         505 unclassified points.
Hypervolume 1494.6692301756605
pypal at iteration 36.         242 Pareto optimal points,         2378 discarded points,         505 unclassified points.
Hypervolume 1494.6692301756605
pypal at iteration 37.         242 Pareto optimal points,         2379 discarded points,         504 unclassified points.
Hypervolume 1494.6692301756605
pypal at iteration 38.         242 Pareto optimal points,         2379 discarded points,         504 unclassified points.
Hypervolume 1494.6692301756605
pypal at iteration 39.         242 Pareto optimal points,         2379 discarded points,         504 unclassified points.
Hypervolume 1494.6692301756605
pypal at iteration 40.         242 Pareto optimal points,         2380 discarded points,         503 unclassified points.
Hypervolume 1494.6692301756605
Optimization restart 1/20, f = -441.1352698258443
Optimization restart 2/20, f = -440.724470390076
Optimization restart 3/20, f = -425.1708681264727
Optimization restart 4/20, f = -441.2764606874133
Optimization restart 5/20, f = -422.5147274207468
Optimization restart 6/20, f = -441.60528296567276
Optimization restart 7/20, f = -437.7868453537842
Optimization restart 8/20, f = -440.66915883624404
Optimization restart 9/20, f = -442.0969167363953
Optimization restart 10/20, f = -441.7316976900806
Optimization restart 11/20, f = -439.143710132519
Optimization restart 12/20, f = -440.54563374964005
Optimization restart 13/20, f = -437.2996072414929
Optimization restart 14/20, f = -441.8247444087509
Optimization restart 15/20, f = -436.5910328775047
Optimization restart 16/20, f = -441.6390646692769
Optimization restart 17/20, f = -440.71906877551663
Optimization restart 18/20, f = -410.1749547687018
Optimization restart 19/20, f = -441.6443381587004
Optimization restart 20/20, f = -441.8714761506989
pypal at iteration 41.         242 Pareto optimal points,         2382 discarded points,         501 unclassified points.
Hypervolume 1494.6692301756605
pypal at iteration 42.         242 Pareto optimal points,         2383 discarded points,         500 unclassified points.
Hypervolume 1494.6692301756605
pypal at iteration 43.         244 Pareto optimal points,         2384 discarded points,         497 unclassified points.
Hypervolume 1494.669237861534
pypal at iteration 44.         244 Pareto optimal points,         2385 discarded points,         496 unclassified points.
Hypervolume 1494.669237861534
pypal at iteration 45.         247 Pareto optimal points,         2387 discarded points,         491 unclassified points.
Hypervolume 1494.669237861534
pypal at iteration 46.         247 Pareto optimal points,         2388 discarded points,         490 unclassified points.
Hypervolume 1494.669237861534
pypal at iteration 47.         247 Pareto optimal points,         2391 discarded points,         487 unclassified points.
Hypervolume 1494.669237861534
pypal at iteration 48.         247 Pareto optimal points,         2394 discarded points,         484 unclassified points.
Hypervolume 1494.669237861534
pypal at iteration 49.         247 Pareto optimal points,         2396 discarded points,         482 unclassified points.
Hypervolume 1494.669237861534
pypal at iteration 50.         247 Pareto optimal points,         2397 discarded points,         481 unclassified points.
Hypervolume 1494.669237861534
Optimization restart 1/20, f = -497.32761283873896
Optimization restart 2/20, f = -496.5400356964598
Optimization restart 3/20, f = -496.504995477821
Optimization restart 4/20, f = -495.70770143614016
Optimization restart 5/20, f = -495.7684780509859
Optimization restart 6/20, f = -495.5017019624107
Optimization restart 7/20, f = -495.80004779111556
Optimization restart 8/20, f = -494.2234970592989
Optimization restart 9/20, f = -496.4622437567648
Optimization restart 10/20, f = -496.34330324695514
Optimization restart 11/20, f = -495.7392777778371
Optimization restart 12/20, f = -496.7694461079509
Optimization restart 13/20, f = -495.9384173005483
Optimization restart 14/20, f = -479.77574260753545
Optimization restart 15/20, f = -496.4958231362583
Optimization restart 16/20, f = -494.2620162251808
Optimization restart 17/20, f = -496.5761493484081
Optimization restart 18/20, f = -496.1651374098243
Optimization restart 19/20, f = -490.43346176062676
Optimization restart 20/20, f = -489.0172760817492
pypal at iteration 51.         247 Pareto optimal points,         2399 discarded points,         479 unclassified points.
Hypervolume 1494.669237861534
pypal at iteration 52.         247 Pareto optimal points,         2399 discarded points,         479 unclassified points.
Hypervolume 1494.669237861534
pypal at iteration 53.         248 Pareto optimal points,         2584 discarded points,         293 unclassified points.
Hypervolume 1494.669237861534
pypal at iteration 54.         248 Pareto optimal points,         2585 discarded points,         292 unclassified points.
Hypervolume 1494.669237861534
pypal at iteration 55.         248 Pareto optimal points,         2587 discarded points,         290 unclassified points.
Hypervolume 1494.669237861534
pypal at iteration 56.         248 Pareto optimal points,         2589 discarded points,         288 unclassified points.
Hypervolume 1494.669237861534
pypal at iteration 57.         248 Pareto optimal points,         2590 discarded points,         287 unclassified points.
Hypervolume 1494.669237861534
pypal at iteration 58.         249 Pareto optimal points,         2665 discarded points,         211 unclassified points.
Hypervolume 1494.669237861534
pypal at iteration 59.         249 Pareto optimal points,         2666 discarded points,         210 unclassified points.
Hypervolume 1494.669237861534
pypal at iteration 60.         252 Pareto optimal points,         2666 discarded points,         207 unclassified points.
Hypervolume 1494.669237861534
Optimization restart 1/20, f = -553.4733922668063
Optimization restart 2/20, f = -544.1457096436932
Optimization restart 3/20, f = -549.3969825021481
Optimization restart 4/20, f = -542.7561636060948
Optimization restart 5/20, f = -551.4918197174936
Optimization restart 6/20, f = -553.0486242192699
Optimization restart 7/20, f = -552.5897588224964
Optimization restart 8/20, f = -551.8523354053073
Optimization restart 9/20, f = -552.8297407141297
Optimization restart 10/20, f = -551.1643607741919
Optimization restart 11/20, f = -547.809028242338
Optimization restart 12/20, f = -552.5788143279639
Optimization restart 13/20, f = -540.9093242298866
Optimization restart 14/20, f = -551.6423518383215
Optimization restart 15/20, f = -550.7888048170108
Optimization restart 16/20, f = -552.659347592509
Optimization restart 17/20, f = -552.2434386345874
Optimization restart 18/20, f = -549.8653118274556
Optimization restart 19/20, f = -552.4776092200539
Optimization restart 20/20, f = -552.3325317919794
pypal at iteration 61.         252 Pareto optimal points,         2670 discarded points,         203 unclassified points.
Hypervolume 1494.669237861534
pypal at iteration 62.         252 Pareto optimal points,         2672 discarded points,         201 unclassified points.
Hypervolume 1494.669237861534
pypal at iteration 63.         252 Pareto optimal points,         2672 discarded points,         201 unclassified points.
Hypervolume 1494.669237861534
pypal at iteration 64.         252 Pareto optimal points,         2672 discarded points,         201 unclassified points.
Hypervolume 1494.669237861534
pypal at iteration 65.         253 Pareto optimal points,         2672 discarded points,         200 unclassified points.
Hypervolume 1494.669237861534
pypal at iteration 66.         253 Pareto optimal points,         2672 discarded points,         200 unclassified points.
Hypervolume 1494.669237861534
pypal at iteration 67.         253 Pareto optimal points,         2672 discarded points,         200 unclassified points.
Hypervolume 1494.669237861534
pypal at iteration 68.         253 Pareto optimal points,         2672 discarded points,         200 unclassified points.
Hypervolume 1494.669237861534
pypal at iteration 69.         253 Pareto optimal points,         2672 discarded points,         200 unclassified points.
Hypervolume 1494.669237861534
pypal at iteration 70.         253 Pareto optimal points,         2673 discarded points,         199 unclassified points.
Hypervolume 1494.669237861534
Optimization restart 1/20, f = -613.7471494198
Optimization restart 2/20, f = -612.0899467506846
Optimization restart 3/20, f = -612.0815417945798
Optimization restart 4/20, f = -612.6120440536873
Optimization restart 5/20, f = -610.294561787757
Optimization restart 6/20, f = -612.4017155946982
Optimization restart 7/20, f = -611.2958357972059
Optimization restart 8/20, f = -611.8064741397966
Optimization restart 9/20, f = -610.652378215272
Optimization restart 10/20, f = -612.7534378346934
Optimization restart 11/20, f = -604.8110844021329
Optimization restart 12/20, f = -607.6066398984999
Optimization restart 13/20, f = -611.9080059507447
Optimization restart 14/20, f = -611.0929215501624
Optimization restart 15/20, f = -611.8949858686802
Optimization restart 16/20, f = -610.0615998754715
Optimization restart 17/20, f = -601.6152630646518
Optimization restart 18/20, f = -607.4839714193712
Optimization restart 19/20, f = -604.8108751666516
Optimization restart 20/20, f = -612.0994766135398
pypal at iteration 71.         253 Pareto optimal points,         2674 discarded points,         198 unclassified points.
Hypervolume 1494.669237861534
pypal at iteration 72.         253 Pareto optimal points,         2674 discarded points,         198 unclassified points.
Hypervolume 1494.669237861534
pypal at iteration 73.         253 Pareto optimal points,         2680 discarded points,         192 unclassified points.
Hypervolume 1494.669237861534
pypal at iteration 74.         253 Pareto optimal points,         2680 discarded points,         192 unclassified points.
Hypervolume 1494.669237861534
pypal at iteration 75.         253 Pareto optimal points,         2680 discarded points,         192 unclassified points.
Hypervolume 1494.669237861534
pypal at iteration 76.         253 Pareto optimal points,         2681 discarded points,         191 unclassified points.
Hypervolume 1494.669237861534
pypal at iteration 77.         253 Pareto optimal points,         2681 discarded points,         191 unclassified points.
Hypervolume 1494.669237861534
pypal at iteration 78.         253 Pareto optimal points,         2682 discarded points,         190 unclassified points.
Hypervolume 1494.669237861534
pypal at iteration 79.         253 Pareto optimal points,         2684 discarded points,         188 unclassified points.
Hypervolume 1494.669237861534
pypal at iteration 80.         253 Pareto optimal points,         2685 discarded points,         187 unclassified points.
Hypervolume 1494.669237861534
Optimization restart 1/20, f = -672.9614823136499
Optimization restart 2/20, f = -665.8247379230756
Optimization restart 3/20, f = -659.2405632136911
Optimization restart 4/20, f = -671.5316187031322
Optimization restart 5/20, f = -660.0849056549001
Optimization restart 6/20, f = -662.0083659555022
Optimization restart 7/20, f = -671.9406740692912
Optimization restart 8/20, f = -666.4815239770406
Optimization restart 9/20, f = -671.0547706639859
Optimization restart 10/20, f = -670.7553727302027
Optimization restart 11/20, f = -471.59595998706203
Optimization restart 12/20, f = -671.5085394927665
Optimization restart 13/20, f = -661.1081391145026
Optimization restart 14/20, f = -670.1790364156288
Optimization restart 15/20, f = -666.1560993722719
Optimization restart 16/20, f = -670.2717550369921
Optimization restart 17/20, f = -670.0480421426948
Optimization restart 18/20, f = -660.529311251983
Optimization restart 19/20, f = -666.3052684015104
Optimization restart 20/20, f = -666.7198380665897
pypal at iteration 81.         253 Pareto optimal points,         2685 discarded points,         187 unclassified points.
Hypervolume 1494.669237861534
pypal at iteration 82.         253 Pareto optimal points,         2688 discarded points,         184 unclassified points.
Hypervolume 1494.669237861534
pypal at iteration 83.         253 Pareto optimal points,         2689 discarded points,         183 unclassified points.
Hypervolume 1494.669237861534
pypal at iteration 84.         253 Pareto optimal points,         2690 discarded points,         182 unclassified points.
Hypervolume 1494.669237861534
pypal at iteration 85.         253 Pareto optimal points,         2690 discarded points,         182 unclassified points.
Hypervolume 1494.669237861534
pypal at iteration 86.         253 Pareto optimal points,         2690 discarded points,         182 unclassified points.
Hypervolume 1494.669237861534
pypal at iteration 87.         254 Pareto optimal points,         2846 discarded points,         25 unclassified points.
Hypervolume 1494.669237861534
pypal at iteration 88.         254 Pareto optimal points,         2846 discarded points,         25 unclassified points.
Hypervolume 1494.669237861534
pypal at iteration 89.         254 Pareto optimal points,         2846 discarded points,         25 unclassified points.
Hypervolume 1494.669237861534
pypal at iteration 90.         254 Pareto optimal points,         2846 discarded points,         25 unclassified points.
Hypervolume 1494.669237861534
Optimization restart 1/20, f = -728.6182013921984
Optimization restart 2/20, f = -726.4160150794748
Optimization restart 3/20, f = -725.2796005633008
Optimization restart 4/20, f = -719.2883449263253
Optimization restart 5/20, f = -721.8906900869401
Optimization restart 6/20, f = -724.9337239135095
Optimization restart 7/20, f = -597.0548489383804
Optimization restart 8/20, f = -724.4610210714845
Optimization restart 9/20, f = -726.8050257033865
Optimization restart 10/20, f = -722.1804902028962
Optimization restart 11/20, f = -718.8059618384339
Optimization restart 12/20, f = -721.6156195633733
Optimization restart 13/20, f = -726.7266748808053
Optimization restart 14/20, f = -717.1044367891559
Optimization restart 15/20, f = -723.7456740192079
Optimization restart 16/20, f = -726.9572433538576
Optimization restart 17/20, f = -716.8877202331468
Optimization restart 18/20, f = -726.2887164767589
Optimization restart 19/20, f = -691.7643411819247
Optimization restart 20/20, f = -720.7238815927997
pypal at iteration 91.         254 Pareto optimal points,         2846 discarded points,         25 unclassified points.
Hypervolume 1494.669237861534
pypal at iteration 92.         254 Pareto optimal points,         2846 discarded points,         25 unclassified points.
Hypervolume 1494.669237861534
pypal at iteration 93.         254 Pareto optimal points,         2846 discarded points,         25 unclassified points.
Hypervolume 1494.669237861534
pypal at iteration 94.         254 Pareto optimal points,         2846 discarded points,         25 unclassified points.
Hypervolume 1494.669237861534
pypal at iteration 95.         254 Pareto optimal points,         2846 discarded points,         25 unclassified points.
Hypervolume 1494.669237861534
pypal at iteration 96.         254 Pareto optimal points,         2846 discarded points,         25 unclassified points.
Hypervolume 1494.669237861534
pypal at iteration 97.         254 Pareto optimal points,         2846 discarded points,         25 unclassified points.
Hypervolume 1494.669237861534
pypal at iteration 98.         254 Pareto optimal points,         2846 discarded points,         25 unclassified points.
Hypervolume 1494.669237861534
pypal at iteration 99.         254 Pareto optimal points,         2846 discarded points,         25 unclassified points.
Hypervolume 1494.669237861534
pypal at iteration 100.         254 Pareto optimal points,         2847 discarded points,         24 unclassified points.
Hypervolume 1494.669237861534
Optimization restart 1/20, f = -783.1792269161109
Optimization restart 2/20, f = -780.6586775268131
Optimization restart 3/20, f = -778.8765804088689
Optimization restart 4/20, f = -779.7941076216755
Optimization restart 5/20, f = -778.2822768973338
Optimization restart 6/20, f = -777.981695991251
Optimization restart 7/20, f = -777.9288458721996
Optimization restart 8/20, f = -773.911021112897
Optimization restart 9/20, f = -775.8938498863059
Optimization restart 10/20, f = -780.9899603885438
Optimization restart 11/20, f = -776.9246821418112
Optimization restart 12/20, f = -776.2184602130857
Optimization restart 13/20, f = -779.2279542828713
Optimization restart 14/20, f = -779.8202192656197
Optimization restart 15/20, f = -778.535365543024
Optimization restart 16/20, f = -779.54024430522
Optimization restart 17/20, f = -767.3639692241636
Optimization restart 18/20, f = -781.364341092623
Optimization restart 19/20, f = -751.9673956573281
Optimization restart 20/20, f = -767.2172638102256
pypal at iteration 101.         254 Pareto optimal points,         2847 discarded points,         24 unclassified points.
Hypervolume 1494.669237861534
pypal at iteration 102.         254 Pareto optimal points,         2848 discarded points,         23 unclassified points.
Hypervolume 1494.669237861534
pypal at iteration 103.         254 Pareto optimal points,         2848 discarded points,         23 unclassified points.
Hypervolume 1494.669237861534
pypal at iteration 104.         254 Pareto optimal points,         2848 discarded points,         23 unclassified points.
Hypervolume 1494.669237861534
pypal at iteration 105.         254 Pareto optimal points,         2848 discarded points,         23 unclassified points.
Hypervolume 1494.669237861534
pypal at iteration 106.         254 Pareto optimal points,         2849 discarded points,         22 unclassified points.
Hypervolume 1494.669237861534
pypal at iteration 107.         254 Pareto optimal points,         2850 discarded points,         21 unclassified points.
Hypervolume 1494.669237861534
pypal at iteration 108.         254 Pareto optimal points,         2851 discarded points,         20 unclassified points.
Hypervolume 1494.669237861534
pypal at iteration 109.         255 Pareto optimal points,         2868 discarded points,         2 unclassified points.
Hypervolume 1496.2143497537975
pypal at iteration 110.         255 Pareto optimal points,         2868 discarded points,         2 unclassified points.
Hypervolume 1496.2143497537975
Optimization restart 1/20, f = -832.6338268723928
Optimization restart 2/20, f = -829.5826293767054
Optimization restart 3/20, f = -826.6802524119416
Optimization restart 4/20, f = -821.7897856143184
Optimization restart 5/20, f = -819.7508906987786
Optimization restart 6/20, f = -823.1674816219427
Optimization restart 7/20, f = -830.3227704138321
Optimization restart 8/20, f = -821.9484607336603
Optimization restart 9/20, f = -828.7286309110732
Optimization restart 10/20, f = -829.9313691171774
Optimization restart 11/20, f = -828.6562382470315
Optimization restart 12/20, f = -824.6065874556934
Optimization restart 13/20, f = -827.2628121296333
Optimization restart 14/20, f = -825.6471549889952
Optimization restart 15/20, f = -825.5264174424362
Optimization restart 16/20, f = -823.3646251595371
Optimization restart 17/20, f = -828.3752732878193
Optimization restart 18/20, f = -828.7430796793831
Optimization restart 19/20, f = -823.1783524597497
Optimization restart 20/20, f = -826.9688627996293
pypal at iteration 111.         255 Pareto optimal points,         2868 discarded points,         2 unclassified points.
Hypervolume 1496.2143497537975
pypal at iteration 112.         255 Pareto optimal points,         2868 discarded points,         2 unclassified points.
Hypervolume 1496.2143497537975
pypal at iteration 113.         255 Pareto optimal points,         2868 discarded points,         2 unclassified points.
Hypervolume 1496.2143497537975
pypal at iteration 114.         255 Pareto optimal points,         2869 discarded points,         1 unclassified points.
Hypervolume 1496.2143497537975
pypal at iteration 115.         255 Pareto optimal points,         2869 discarded points,         1 unclassified points.
Hypervolume 1496.2143497537975
pypal at iteration 116.         255 Pareto optimal points,         2869 discarded points,         1 unclassified points.
Hypervolume 1496.2143497537975
pypal at iteration 117.         255 Pareto optimal points,         2869 discarded points,         1 unclassified points.
Hypervolume 1496.2143497537975
pypal at iteration 118.         255 Pareto optimal points,         2869 discarded points,         1 unclassified points.
Hypervolume 1496.2143497537975
pypal at iteration 119.         255 Pareto optimal points,         2869 discarded points,         1 unclassified points.
Hypervolume 1496.2143497537975
pypal at iteration 120.         255 Pareto optimal points,         2869 discarded points,         1 unclassified points.
Hypervolume 1496.2143497537975
Optimization restart 1/20, f = -885.9570113390353
Optimization restart 2/20, f = -756.3319954615815
Optimization restart 3/20, f = -880.8447856192497
Optimization restart 4/20, f = -879.041180668489
Optimization restart 5/20, f = -879.9195096042424
Optimization restart 6/20, f = -882.0918459840256
Optimization restart 7/20, f = -878.5565623284479
Optimization restart 8/20, f = -880.4675605943864
Optimization restart 9/20, f = -880.8266669098762
Optimization restart 10/20, f = -877.6897222695288
Optimization restart 11/20, f = -877.5044164825639
Optimization restart 12/20, f = -883.2430924957198
Optimization restart 13/20, f = -733.0503786055509
Optimization restart 14/20, f = -878.8322437903962
Optimization restart 15/20, f = -883.2466990074407
Optimization restart 16/20, f = -879.3115386850252
Optimization restart 17/20, f = -814.0466730801588
Optimization restart 18/20, f = -876.9784752327588
Optimization restart 19/20, f = -864.4056339936985
Optimization restart 20/20, f = -879.3694220863042
pypal at iteration 121.         255 Pareto optimal points,         2869 discarded points,         1 unclassified points.
Hypervolume 1496.2143497537975
Done. No unclassified point left
pypal at iteration 121.         255 Pareto optimal points,         2870 discarded points,         0 unclassified points.
Hypervolume 1496.2143497537975
