 /home/kjablonk/anaconda3/envs/dispersant_screener/lib/python3.7/site-packages/sklearn/utils/deprecation.py:143: FutureWarning:The sklearn.preprocessing.data module is  deprecated in version 0.22 and will be removed in version 0.24. The corresponding classes / functions should instead be imported from sklearn.preprocessing. Anything that cannot be imported from sklearn.preprocessing is now part of the private API.
 /home/kjablonk/programs/pypal/pypal/pal/validate_inputs.py:146: UserWarning:No goals provided,                 will assume that every dimension should be maximized
 /home/kjablonk/anaconda3/envs/dispersant_screener/lib/python3.7/site-packages/GPy/kern/src/stationary.py:166: RuntimeWarning:overflow encountered in true_divide
 /home/kjablonk/anaconda3/envs/dispersant_screener/lib/python3.7/site-packages/GPy/kern/src/stationary.py:137: RuntimeWarning:overflow encountered in square
 /home/kjablonk/anaconda3/envs/dispersant_screener/lib/python3.7/site-packages/GPy/kern/src/stationary.py:138: RuntimeWarning:invalid value encountered in add
 /home/kjablonk/anaconda3/envs/dispersant_screener/lib/python3.7/site-packages/GPy/kern/src/stationary.py:565: RuntimeWarning:invalid value encountered in multiply
 /home/kjablonk/anaconda3/envs/dispersant_screener/lib/python3.7/site-packages/GPy/kern/src/stationary.py:568: RuntimeWarning:invalid value encountered in subtract
 /home/kjablonk/anaconda3/envs/dispersant_screener/lib/python3.7/site-packages/GPy/kern/src/stationary.py:243: RuntimeWarning:invalid value encountered in true_divide
 /home/kjablonk/anaconda3/envs/dispersant_screener/lib/python3.7/site-packages/paramz/transformations.py:111: RuntimeWarning:overflow encountered in expm1
 /home/kjablonk/anaconda3/envs/dispersant_screener/lib/python3.7/site-packages/GPy/kern/src/stationary.py:137: RuntimeWarning:overflow encountered in square
 /home/kjablonk/anaconda3/envs/dispersant_screener/lib/python3.7/site-packages/GPy/kern/src/stationary.py:138: RuntimeWarning:invalid value encountered in add
 /home/kjablonk/anaconda3/envs/dispersant_screener/lib/python3.7/site-packages/GPy/kern/src/stationary.py:565: RuntimeWarning:invalid value encountered in multiply
 /home/kjablonk/anaconda3/envs/dispersant_screener/lib/python3.7/site-packages/GPy/kern/src/stationary.py:568: RuntimeWarning:invalid value encountered in subtract
 /home/kjablonk/anaconda3/envs/dispersant_screener/lib/python3.7/site-packages/GPy/kern/src/stationary.py:166: RuntimeWarning:overflow encountered in true_divide
 /home/kjablonk/anaconda3/envs/dispersant_screener/lib/python3.7/site-packages/GPy/kern/src/stationary.py:243: RuntimeWarning:invalid value encountered in true_divide
 /home/kjablonk/anaconda3/envs/dispersant_screener/lib/python3.7/site-packages/numpy/core/_asarray.py:136: VisibleDeprecationWarning:Creating an ndarray from ragged nested sequences (which is a list-or-tuple of lists-or-tuples-or ndarrays with different lengths or shapes) is deprecated. If you meant to do this, you must specify 'dtype=object' when creating the ndarray
Maximum hypervolume 1536.0438526567837
STARTING PAL
Optimization restart 1/20, f = -36.12093359375568
Optimization restart 2/20, f = -36.119132480743104
Optimization restart 3/20, f = -24.414612792723492
Optimization restart 4/20, f = -36.08186935596976
Optimization restart 5/20, f = -36.11735148754899
Optimization restart 6/20, f = -30.35588591438227
Optimization restart 7/20, f = -24.52424819432599
Optimization restart 8/20, f = -24.42204982672549
Optimization restart 9/20, f = -36.12081682839234
Optimization restart 10/20, f = -34.287081749206024
Optimization restart 11/20, f = 7.565595708016785
Optimization restart 12/20, f = -29.452800812467615
Optimization restart 13/20, f = -34.28704463428948
Optimization restart 14/20, f = -12.608325493121143
Optimization restart 15/20, f = -36.120007128952764
Optimization restart 16/20, f = -29.42335561723339
Optimization restart 17/20, f = -30.85790473883507
Optimization restart 18/20, f = -29.129242784802887
Optimization restart 19/20, f = -36.0993499045596
Optimization restart 20/20, f = -30.235920022168973
pypal at iteration 1.         0 Pareto optimal points,         7 discarded points,         3118 unclassified points.
Hypervolume 0
pypal at iteration 2.         0 Pareto optimal points,         1007 discarded points,         2118 unclassified points.
Hypervolume 0
pypal at iteration 3.         0 Pareto optimal points,         1007 discarded points,         2118 unclassified points.
Hypervolume 0
pypal at iteration 4.         1 Pareto optimal points,         1030 discarded points,         2094 unclassified points.
Hypervolume 1204.6929879669724
pypal at iteration 5.         1 Pareto optimal points,         1032 discarded points,         2092 unclassified points.
Hypervolume 1204.6929879669724
pypal at iteration 6.         1 Pareto optimal points,         1211 discarded points,         1913 unclassified points.
Hypervolume 1204.6929879669724
pypal at iteration 7.         2 Pareto optimal points,         1238 discarded points,         1885 unclassified points.
Hypervolume 1248.5018228002216
pypal at iteration 8.         2 Pareto optimal points,         1238 discarded points,         1885 unclassified points.
Hypervolume 1248.5018228002216
pypal at iteration 9.         2 Pareto optimal points,         1312 discarded points,         1811 unclassified points.
Hypervolume 1248.5018228002216
pypal at iteration 10.         3 Pareto optimal points,         1312 discarded points,         1810 unclassified points.
Hypervolume 1249.2536756368545
Optimization restart 1/20, f = -62.92559795204137
Optimization restart 2/20, f = -71.36883193338218
Optimization restart 3/20, f = -91.94082367418548
Optimization restart 4/20, f = -68.1524687126351
Optimization restart 5/20, f = -91.30588164480994
Optimization restart 6/20, f = -91.80596126439892
Optimization restart 7/20, f = -67.86121087571811
Optimization restart 8/20, f = -91.33538528562049
Optimization restart 9/20, f = -91.32105074092311
Optimization restart 10/20, f = -91.1007410975136
Optimization restart 11/20, f = -92.25538264510078
Optimization restart 12/20, f = -87.67541941200061
Optimization restart 13/20, f = -91.44780644218486
Optimization restart 14/20, f = -81.72428169459374
Optimization restart 15/20, f = -90.75711643531668
Optimization restart 16/20, f = -89.3551126234643
Optimization restart 17/20, f = -90.96072901449837
Optimization restart 18/20, f = -92.25978390220975
Optimization restart 19/20, f = -92.13024614027691
Optimization restart 20/20, f = -91.44141365256051
pypal at iteration 11.         3 Pareto optimal points,         2260 discarded points,         862 unclassified points.
Hypervolume 1249.2536756368545
pypal at iteration 12.         3 Pareto optimal points,         2376 discarded points,         746 unclassified points.
Hypervolume 1249.2536756368545
pypal at iteration 13.         3 Pareto optimal points,         2472 discarded points,         650 unclassified points.
Hypervolume 1249.2536756368545
pypal at iteration 14.         3 Pareto optimal points,         2484 discarded points,         638 unclassified points.
Hypervolume 1249.2536756368545
pypal at iteration 15.         3 Pareto optimal points,         2507 discarded points,         615 unclassified points.
Hypervolume 1249.2536756368545
pypal at iteration 16.         3 Pareto optimal points,         2551 discarded points,         571 unclassified points.
Hypervolume 1249.2536756368545
pypal at iteration 17.         3 Pareto optimal points,         2556 discarded points,         566 unclassified points.
Hypervolume 1249.2536756368545
pypal at iteration 18.         3 Pareto optimal points,         2582 discarded points,         540 unclassified points.
Hypervolume 1249.2536756368545
pypal at iteration 19.         3 Pareto optimal points,         2601 discarded points,         521 unclassified points.
Hypervolume 1249.2536756368545
pypal at iteration 20.         3 Pareto optimal points,         2604 discarded points,         518 unclassified points.
Hypervolume 1249.2536756368545
Optimization restart 1/20, f = -140.84136237130016
Optimization restart 2/20, f = -125.8177164343789
Optimization restart 3/20, f = -120.34082612234673
Optimization restart 4/20, f = -119.35219535296596
Optimization restart 5/20, f = -121.49908783517051
Optimization restart 6/20, f = -140.35348706910753
Optimization restart 7/20, f = -140.84294498362374
Optimization restart 8/20, f = -140.58661705636374
Optimization restart 9/20, f = -120.00981488707919
Optimization restart 10/20, f = -120.10007309373935
Optimization restart 11/20, f = -128.3819446119747
Optimization restart 12/20, f = -140.65071808680705
Optimization restart 13/20, f = -140.21191391457663
Optimization restart 14/20, f = -93.81998814680341
Optimization restart 15/20, f = -140.47039838008385
Optimization restart 16/20, f = -119.6778301092268
Optimization restart 17/20, f = -140.24416803533057
Optimization restart 18/20, f = -140.08039336413282
Optimization restart 19/20, f = -118.60202343810471
Optimization restart 20/20, f = -140.37250586053472
pypal at iteration 21.         3 Pareto optimal points,         2606 discarded points,         516 unclassified points.
Hypervolume 1249.2536756368545
pypal at iteration 22.         3 Pareto optimal points,         2607 discarded points,         515 unclassified points.
Hypervolume 1249.2536756368545
pypal at iteration 23.         3 Pareto optimal points,         2609 discarded points,         513 unclassified points.
Hypervolume 1249.2536756368545
pypal at iteration 24.         3 Pareto optimal points,         2610 discarded points,         512 unclassified points.
Hypervolume 1249.2536756368545
pypal at iteration 25.         3 Pareto optimal points,         2618 discarded points,         504 unclassified points.
Hypervolume 1249.2536756368545
pypal at iteration 26.         3 Pareto optimal points,         2627 discarded points,         495 unclassified points.
Hypervolume 1249.2536756368545
pypal at iteration 27.         3 Pareto optimal points,         2653 discarded points,         469 unclassified points.
Hypervolume 1249.2536756368545
pypal at iteration 28.         3 Pareto optimal points,         2678 discarded points,         444 unclassified points.
Hypervolume 1249.2536756368545
pypal at iteration 29.         3 Pareto optimal points,         2678 discarded points,         444 unclassified points.
Hypervolume 1249.2536756368545
pypal at iteration 30.         3 Pareto optimal points,         2679 discarded points,         443 unclassified points.
Hypervolume 1249.2536756368545
Optimization restart 1/20, f = -188.15857540443048
Optimization restart 2/20, f = -187.5359144111147
Optimization restart 3/20, f = -188.0702100274907
Optimization restart 4/20, f = -187.75623857249542
Optimization restart 5/20, f = -162.59336388275608
Optimization restart 6/20, f = -186.45386374875437
Optimization restart 7/20, f = -157.2594696989933
Optimization restart 8/20, f = -187.7135628007987
Optimization restart 9/20, f = -106.12452556987144
Optimization restart 10/20, f = -162.65861797683246
Optimization restart 11/20, f = -187.97264545765694
Optimization restart 12/20, f = -183.8313211758703
Optimization restart 13/20, f = -188.00574424267288
Optimization restart 14/20, f = -169.25794809330614
Optimization restart 15/20, f = -132.81398723003616
Optimization restart 16/20, f = -131.90658972620935
Optimization restart 17/20, f = -187.64768848506577
Optimization restart 18/20, f = -188.14892406045556
Optimization restart 19/20, f = -147.31735333715156
Optimization restart 20/20, f = -162.85211708030235
pypal at iteration 31.         3 Pareto optimal points,         2679 discarded points,         443 unclassified points.
Hypervolume 1249.2536756368545
pypal at iteration 32.         3 Pareto optimal points,         2679 discarded points,         443 unclassified points.
Hypervolume 1249.2536756368545
pypal at iteration 33.         4 Pareto optimal points,         2680 discarded points,         441 unclassified points.
Hypervolume 1267.573730439927
pypal at iteration 34.         5 Pareto optimal points,         2680 discarded points,         440 unclassified points.
Hypervolume 1267.7431843920235
pypal at iteration 35.         7 Pareto optimal points,         2680 discarded points,         438 unclassified points.
Hypervolume 1269.634439848908
pypal at iteration 36.         8 Pareto optimal points,         2680 discarded points,         437 unclassified points.
Hypervolume 1270.485453572645
pypal at iteration 37.         8 Pareto optimal points,         2681 discarded points,         436 unclassified points.
Hypervolume 1270.485453572645
pypal at iteration 38.         8 Pareto optimal points,         2682 discarded points,         435 unclassified points.
Hypervolume 1270.485453572645
pypal at iteration 39.         8 Pareto optimal points,         2683 discarded points,         434 unclassified points.
Hypervolume 1270.485453572645
pypal at iteration 40.         8 Pareto optimal points,         2684 discarded points,         433 unclassified points.
Hypervolume 1270.485453572645
Optimization restart 1/20, f = -250.4418525504336
Optimization restart 2/20, f = -250.93934896151586
Optimization restart 3/20, f = -206.0645737455047
Optimization restart 4/20, f = -205.3037536629101
Optimization restart 5/20, f = -177.93711080719083
Optimization restart 6/20, f = -250.65001401148447
Optimization restart 7/20, f = -193.54578295076314
Optimization restart 8/20, f = -248.79383038469675
Optimization restart 9/20, f = -250.96418459293142
Optimization restart 10/20, f = -233.12194816284642
Optimization restart 11/20, f = -250.68344540279622
Optimization restart 12/20, f = -243.2893737207278
Optimization restart 13/20, f = -178.98930452827682
Optimization restart 14/20, f = -250.6091081126649
Optimization restart 15/20, f = -203.30482911081646
Optimization restart 16/20, f = -206.4747127176779
Optimization restart 17/20, f = -250.11898852819655
Optimization restart 18/20, f = -250.18128528489686
Optimization restart 19/20, f = -214.04352711222444
Optimization restart 20/20, f = -250.72334006240686
pypal at iteration 41.         8 Pareto optimal points,         2687 discarded points,         430 unclassified points.
Hypervolume 1270.485453572645
pypal at iteration 42.         8 Pareto optimal points,         2689 discarded points,         428 unclassified points.
Hypervolume 1270.485453572645
pypal at iteration 43.         11 Pareto optimal points,         2689 discarded points,         425 unclassified points.
Hypervolume 1270.5837668123766
pypal at iteration 44.         11 Pareto optimal points,         2690 discarded points,         424 unclassified points.
Hypervolume 1270.5837668123766
pypal at iteration 45.         11 Pareto optimal points,         2691 discarded points,         423 unclassified points.
Hypervolume 1270.5837668123766
pypal at iteration 46.         11 Pareto optimal points,         2692 discarded points,         422 unclassified points.
Hypervolume 1270.5837668123766
pypal at iteration 47.         12 Pareto optimal points,         2809 discarded points,         304 unclassified points.
Hypervolume 1346.9294197814427
pypal at iteration 48.         13 Pareto optimal points,         2866 discarded points,         246 unclassified points.
Hypervolume 1347.8198561427553
pypal at iteration 49.         13 Pareto optimal points,         2868 discarded points,         244 unclassified points.
Hypervolume 1347.8198561427553
pypal at iteration 50.         13 Pareto optimal points,         2869 discarded points,         243 unclassified points.
Hypervolume 1347.8198561427553
Optimization restart 1/20, f = -307.8671836897863
Optimization restart 2/20, f = -305.31484721211694
Optimization restart 3/20, f = -307.5623300960074
Optimization restart 4/20, f = -242.00658780842656
Optimization restart 5/20, f = -306.3155269344354
Optimization restart 6/20, f = -288.25859184639614
Optimization restart 7/20, f = -307.7251024297509
Optimization restart 8/20, f = -247.38000659047051
Optimization restart 9/20, f = -307.4930574978464
Optimization restart 10/20, f = -244.91845081354992
Optimization restart 11/20, f = -262.0577332258173
Optimization restart 12/20, f = -307.46415502528697
Optimization restart 13/20, f = -248.12511602440503
Optimization restart 14/20, f = -306.10950905936477
Optimization restart 15/20, f = -189.2704219842483
Optimization restart 16/20, f = -307.63474372985024
Optimization restart 17/20, f = -249.16979178982226
Optimization restart 18/20, f = -248.6403039050507
Optimization restart 19/20, f = -307.8243437302799
Optimization restart 20/20, f = -247.87685932748983
pypal at iteration 51.         14 Pareto optimal points,         2901 discarded points,         210 unclassified points.
Hypervolume 1348.1666015729938
pypal at iteration 52.         14 Pareto optimal points,         2903 discarded points,         208 unclassified points.
Hypervolume 1348.1666015729938
pypal at iteration 53.         15 Pareto optimal points,         2909 discarded points,         201 unclassified points.
Hypervolume 1348.7596259435409
pypal at iteration 54.         15 Pareto optimal points,         2910 discarded points,         200 unclassified points.
Hypervolume 1348.7596259435409
pypal at iteration 55.         15 Pareto optimal points,         2911 discarded points,         199 unclassified points.
Hypervolume 1348.7596259435409
pypal at iteration 56.         15 Pareto optimal points,         2912 discarded points,         198 unclassified points.
Hypervolume 1348.7596259435409
pypal at iteration 57.         15 Pareto optimal points,         2913 discarded points,         197 unclassified points.
Hypervolume 1348.7596259435409
pypal at iteration 58.         15 Pareto optimal points,         2914 discarded points,         196 unclassified points.
Hypervolume 1348.7596259435409
pypal at iteration 59.         15 Pareto optimal points,         2918 discarded points,         192 unclassified points.
Hypervolume 1348.7596259435409
pypal at iteration 60.         15 Pareto optimal points,         2919 discarded points,         191 unclassified points.
Hypervolume 1348.7596259435409
Optimization restart 1/20, f = -359.51886223052855
Optimization restart 2/20, f = -358.1348247373491
Optimization restart 3/20, f = -358.1548153382465
Optimization restart 4/20, f = -359.69354067084987
Optimization restart 5/20, f = -294.0132365424639
Optimization restart 6/20, f = -220.4623693015846
Optimization restart 7/20, f = -353.98438936238045
Optimization restart 8/20, f = -359.6517722349156
Optimization restart 9/20, f = -327.07388887371576
Optimization restart 10/20, f = -359.37493835530046
Optimization restart 11/20, f = -359.82083774436427
Optimization restart 12/20, f = -350.70868064131844
Optimization restart 13/20, f = -356.55863513112837
Optimization restart 14/20, f = -359.6831304642869
Optimization restart 15/20, f = -293.67797179735874
Optimization restart 16/20, f = -348.9474374782566
Optimization restart 17/20, f = -358.01342246557385
Optimization restart 18/20, f = -353.48244311030027
Optimization restart 19/20, f = -294.58858537007495
Optimization restart 20/20, f = -358.34379286451366
pypal at iteration 61.         15 Pareto optimal points,         2922 discarded points,         188 unclassified points.
Hypervolume 1348.7596259435409
pypal at iteration 62.         15 Pareto optimal points,         2924 discarded points,         186 unclassified points.
Hypervolume 1348.7596259435409
pypal at iteration 63.         16 Pareto optimal points,         2931 discarded points,         178 unclassified points.
Hypervolume 1382.8753260303943
pypal at iteration 64.         17 Pareto optimal points,         2945 discarded points,         163 unclassified points.
Hypervolume 1404.3437913792736
pypal at iteration 65.         17 Pareto optimal points,         2946 discarded points,         162 unclassified points.
Hypervolume 1404.3437913792736
pypal at iteration 66.         18 Pareto optimal points,         2947 discarded points,         160 unclassified points.
Hypervolume 1404.4756526804126
pypal at iteration 67.         18 Pareto optimal points,         2948 discarded points,         159 unclassified points.
Hypervolume 1404.4756526804126
pypal at iteration 68.         18 Pareto optimal points,         2949 discarded points,         158 unclassified points.
Hypervolume 1404.4756526804126
pypal at iteration 69.         18 Pareto optimal points,         2950 discarded points,         157 unclassified points.
Hypervolume 1404.4756526804126
pypal at iteration 70.         18 Pareto optimal points,         2951 discarded points,         156 unclassified points.
Hypervolume 1404.4756526804126
Optimization restart 1/20, f = -417.2207570092144
Optimization restart 2/20, f = -417.471995925083
Optimization restart 3/20, f = -415.2010513780141
Optimization restart 4/20, f = -343.2208733132458
Optimization restart 5/20, f = -417.50446207555854
Optimization restart 6/20, f = -339.6749905493757
Optimization restart 7/20, f = -344.8184713780444
Optimization restart 8/20, f = -346.3996033591276
Optimization restart 9/20, f = -416.11633407759956
Optimization restart 10/20, f = -416.2689401105733
Optimization restart 11/20, f = -409.455936722223
Optimization restart 12/20, f = -344.95846143876304
Optimization restart 13/20, f = -417.4161641470039
Optimization restart 14/20, f = -417.41396087263473
Optimization restart 15/20, f = -413.30588020237826
Optimization restart 16/20, f = -339.2152537595352
Optimization restart 17/20, f = -180.98075346950736
Optimization restart 18/20, f = -404.58319994253094
Optimization restart 19/20, f = -415.34458612380837
Optimization restart 20/20, f = -344.31997493230097
pypal at iteration 71.         20 Pareto optimal points,         2951 discarded points,         154 unclassified points.
Hypervolume 1404.5035795342924
pypal at iteration 72.         21 Pareto optimal points,         2951 discarded points,         153 unclassified points.
Hypervolume 1404.7150980743568
pypal at iteration 73.         21 Pareto optimal points,         2952 discarded points,         152 unclassified points.
Hypervolume 1404.7150980743568
pypal at iteration 74.         21 Pareto optimal points,         2953 discarded points,         151 unclassified points.
Hypervolume 1404.7150980743568
pypal at iteration 75.         21 Pareto optimal points,         2954 discarded points,         150 unclassified points.
Hypervolume 1404.7150980743568
pypal at iteration 76.         21 Pareto optimal points,         2955 discarded points,         149 unclassified points.
Hypervolume 1404.7150980743568
pypal at iteration 77.         21 Pareto optimal points,         2955 discarded points,         149 unclassified points.
Hypervolume 1404.7150980743568
pypal at iteration 78.         21 Pareto optimal points,         2956 discarded points,         148 unclassified points.
Hypervolume 1404.7150980743568
pypal at iteration 79.         21 Pareto optimal points,         2956 discarded points,         148 unclassified points.
Hypervolume 1404.7150980743568
pypal at iteration 80.         21 Pareto optimal points,         2957 discarded points,         147 unclassified points.
Hypervolume 1404.7150980743568
Optimization restart 1/20, f = -479.8208209031957
Optimization restart 2/20, f = -379.2999037359813
Optimization restart 3/20, f = -479.1004751883253
Optimization restart 4/20, f = -473.321613038643
Optimization restart 5/20, f = -472.19026540351695
Optimization restart 6/20, f = -474.8434707390012
Optimization restart 7/20, f = -479.4422264015221
Optimization restart 8/20, f = -479.8665693168769
Optimization restart 9/20, f = -479.6134432958403
Optimization restart 10/20, f = -383.85069162313897
Optimization restart 11/20, f = -473.99234062994697
Optimization restart 12/20, f = -471.3245514292422
Optimization restart 13/20, f = -385.1993774067478
Optimization restart 14/20, f = -475.5592011409638
Optimization restart 15/20, f = -479.18496223742954
Optimization restart 16/20, f = -434.9319455478429
Optimization restart 17/20, f = -382.4232936076788
Optimization restart 18/20, f = -479.19826984054373
Optimization restart 19/20, f = -383.1590347648995
Optimization restart 20/20, f = -477.19850116165617
pypal at iteration 81.         21 Pareto optimal points,         2958 discarded points,         146 unclassified points.
Hypervolume 1404.7150980743568
pypal at iteration 82.         21 Pareto optimal points,         2958 discarded points,         146 unclassified points.
Hypervolume 1404.7150980743568
pypal at iteration 83.         21 Pareto optimal points,         2958 discarded points,         146 unclassified points.
Hypervolume 1404.7150980743568
pypal at iteration 84.         21 Pareto optimal points,         2961 discarded points,         143 unclassified points.
Hypervolume 1404.7150980743568
pypal at iteration 85.         21 Pareto optimal points,         2965 discarded points,         139 unclassified points.
Hypervolume 1404.7150980743568
pypal at iteration 86.         21 Pareto optimal points,         2971 discarded points,         133 unclassified points.
Hypervolume 1404.7150980743568
pypal at iteration 87.         21 Pareto optimal points,         2972 discarded points,         132 unclassified points.
Hypervolume 1404.7150980743568
pypal at iteration 88.         21 Pareto optimal points,         2973 discarded points,         131 unclassified points.
Hypervolume 1404.7150980743568
pypal at iteration 89.         21 Pareto optimal points,         2973 discarded points,         131 unclassified points.
Hypervolume 1404.7150980743568
pypal at iteration 90.         21 Pareto optimal points,         2974 discarded points,         130 unclassified points.
Hypervolume 1404.7150980743568
Optimization restart 1/20, f = -527.7392472444983
Optimization restart 2/20, f = -524.1294945340991
Optimization restart 3/20, f = -430.0268865863368
Optimization restart 4/20, f = -527.238855606701
Optimization restart 5/20, f = -525.5793871439876
Optimization restart 6/20, f = -519.7489645029882
Optimization restart 7/20, f = -527.0534564946925
Optimization restart 8/20, f = -434.2845316181125
Optimization restart 9/20, f = -426.52143099766016
Optimization restart 10/20, f = -398.7547089368056
Optimization restart 11/20, f = -526.496869117509
Optimization restart 12/20, f = -472.1483582292732
Optimization restart 13/20, f = -527.3689271844042
Optimization restart 14/20, f = -434.3137065129789
Optimization restart 15/20, f = -515.4506384029117
Optimization restart 16/20, f = -524.5507253575823
Optimization restart 17/20, f = -502.25215074566574
Optimization restart 18/20, f = -521.8549854162087
Optimization restart 19/20, f = -522.321461990894
Optimization restart 20/20, f = -526.9199235311256
pypal at iteration 91.         21 Pareto optimal points,         2975 discarded points,         129 unclassified points.
Hypervolume 1404.7150980743568
pypal at iteration 92.         21 Pareto optimal points,         2976 discarded points,         128 unclassified points.
Hypervolume 1404.7150980743568
pypal at iteration 93.         21 Pareto optimal points,         2977 discarded points,         127 unclassified points.
Hypervolume 1404.7150980743568
pypal at iteration 94.         21 Pareto optimal points,         2978 discarded points,         126 unclassified points.
Hypervolume 1404.7150980743568
pypal at iteration 95.         21 Pareto optimal points,         3003 discarded points,         101 unclassified points.
Hypervolume 1404.7150980743568
pypal at iteration 96.         21 Pareto optimal points,         3024 discarded points,         80 unclassified points.
Hypervolume 1404.7150980743568
pypal at iteration 97.         22 Pareto optimal points,         3026 discarded points,         77 unclassified points.
Hypervolume 1407.8591241539011
pypal at iteration 98.         22 Pareto optimal points,         3027 discarded points,         76 unclassified points.
Hypervolume 1407.8591241539011
pypal at iteration 99.         22 Pareto optimal points,         3028 discarded points,         75 unclassified points.
Hypervolume 1407.8591241539011
pypal at iteration 100.         22 Pareto optimal points,         3029 discarded points,         74 unclassified points.
Hypervolume 1407.8591241539011
Optimization restart 1/20, f = -578.6665576335562
Optimization restart 2/20, f = -458.5890028384425
Optimization restart 3/20, f = -478.5372741406896
Optimization restart 4/20, f = -575.1596605564437
Optimization restart 5/20, f = -576.6906697553496
Optimization restart 6/20, f = -577.9169874573299
Optimization restart 7/20, f = -577.3652038637016
Optimization restart 8/20, f = -566.7455945586926
Optimization restart 9/20, f = -386.28928301109886
Optimization restart 10/20, f = -577.2156028412262
Optimization restart 11/20, f = -577.3610755938143
Optimization restart 12/20, f = -571.3836791561316
Optimization restart 13/20, f = -571.8584605992158
Optimization restart 14/20, f = -565.0295494980946
Optimization restart 15/20, f = -574.9681978278431
Optimization restart 16/20, f = -572.9659200832292
Optimization restart 17/20, f = -576.3484894116275
Optimization restart 18/20, f = -574.243813382069
Optimization restart 19/20, f = -576.7069893388439
Optimization restart 20/20, f = -560.2362850921495
pypal at iteration 101.         22 Pareto optimal points,         3030 discarded points,         73 unclassified points.
Hypervolume 1407.8591241539011
pypal at iteration 102.         22 Pareto optimal points,         3031 discarded points,         72 unclassified points.
Hypervolume 1407.8591241539011
pypal at iteration 103.         22 Pareto optimal points,         3031 discarded points,         72 unclassified points.
Hypervolume 1407.8591241539011
pypal at iteration 104.         22 Pareto optimal points,         3032 discarded points,         71 unclassified points.
Hypervolume 1407.8591241539011
pypal at iteration 105.         22 Pareto optimal points,         3033 discarded points,         70 unclassified points.
Hypervolume 1407.8591241539011
pypal at iteration 106.         22 Pareto optimal points,         3034 discarded points,         69 unclassified points.
Hypervolume 1407.8591241539011
pypal at iteration 107.         22 Pareto optimal points,         3035 discarded points,         68 unclassified points.
Hypervolume 1407.8591241539011
pypal at iteration 108.         22 Pareto optimal points,         3036 discarded points,         67 unclassified points.
Hypervolume 1407.8591241539011
pypal at iteration 109.         22 Pareto optimal points,         3037 discarded points,         66 unclassified points.
Hypervolume 1407.8591241539011
pypal at iteration 110.         22 Pareto optimal points,         3038 discarded points,         65 unclassified points.
Hypervolume 1407.8591241539011
Optimization restart 1/20, f = -625.8803788006212
Optimization restart 2/20, f = -618.636278890703
Optimization restart 3/20, f = -613.7282334143424
Optimization restart 4/20, f = -623.4629742055233
Optimization restart 5/20, f = -624.2974094770158
Optimization restart 6/20, f = -623.2492167599295
Optimization restart 7/20, f = -620.4364160180801
Optimization restart 8/20, f = -622.058339508669
Optimization restart 9/20, f = -509.3315912508558
Optimization restart 10/20, f = -590.1939572127013
Optimization restart 11/20, f = -623.8773911789247
Optimization restart 12/20, f = -624.546854055003
Optimization restart 13/20, f = -514.8822355804684
Optimization restart 14/20, f = -509.71130963794775
Optimization restart 15/20, f = -511.62939597681196
Optimization restart 16/20, f = -509.8387921842143
Optimization restart 17/20, f = -624.6493253488632
Optimization restart 18/20, f = -515.8586629542342
Optimization restart 19/20, f = -624.6969441320152
Optimization restart 20/20, f = -515.2315034201253
pypal at iteration 111.         23 Pareto optimal points,         3039 discarded points,         63 unclassified points.
Hypervolume 1409.0469710660857
pypal at iteration 112.         23 Pareto optimal points,         3040 discarded points,         62 unclassified points.
Hypervolume 1409.0469710660857
pypal at iteration 113.         24 Pareto optimal points,         3070 discarded points,         31 unclassified points.
Hypervolume 1413.8033310800615
pypal at iteration 114.         24 Pareto optimal points,         3071 discarded points,         30 unclassified points.
Hypervolume 1413.8033310800615
pypal at iteration 115.         24 Pareto optimal points,         3072 discarded points,         29 unclassified points.
Hypervolume 1413.8033310800615
pypal at iteration 116.         24 Pareto optimal points,         3073 discarded points,         28 unclassified points.
Hypervolume 1413.8033310800615
pypal at iteration 117.         25 Pareto optimal points,         3074 discarded points,         26 unclassified points.
Hypervolume 1413.8229322697134
pypal at iteration 118.         25 Pareto optimal points,         3075 discarded points,         25 unclassified points.
Hypervolume 1413.8229322697134
pypal at iteration 119.         26 Pareto optimal points,         3075 discarded points,         24 unclassified points.
Hypervolume 1418.0698719758539
pypal at iteration 120.         26 Pareto optimal points,         3076 discarded points,         23 unclassified points.
Hypervolume 1418.0698719758539
Optimization restart 1/20, f = -673.7114152019353
Optimization restart 2/20, f = -671.4183576883169
Optimization restart 3/20, f = -568.324378589912
Optimization restart 4/20, f = -673.0200254175237
Optimization restart 5/20, f = -673.1706662922826
Optimization restart 6/20, f = -576.3973860323708
Optimization restart 7/20, f = -670.7635281007613
Optimization restart 8/20, f = -673.0690334054611
Optimization restart 9/20, f = -672.5388663139985
Optimization restart 10/20, f = -670.3913218048096
Optimization restart 11/20, f = -433.36548126465397
Optimization restart 12/20, f = -672.9941469579452
Optimization restart 13/20, f = -672.6607693410955
Optimization restart 14/20, f = -668.773369680513
Optimization restart 15/20, f = -672.5125938309706
Optimization restart 16/20, f = -673.0086079274506
Optimization restart 17/20, f = -640.7994492919172
Optimization restart 18/20, f = -672.2742123850463
Optimization restart 19/20, f = -583.4125479001757
Optimization restart 20/20, f = -671.2264925604215
pypal at iteration 121.         26 Pareto optimal points,         3077 discarded points,         22 unclassified points.
Hypervolume 1418.0698719758539
pypal at iteration 122.         26 Pareto optimal points,         3078 discarded points,         21 unclassified points.
Hypervolume 1418.0698719758539
pypal at iteration 123.         27 Pareto optimal points,         3079 discarded points,         19 unclassified points.
Hypervolume 1418.1470012920176
pypal at iteration 124.         27 Pareto optimal points,         3080 discarded points,         18 unclassified points.
Hypervolume 1418.1470012920176
pypal at iteration 125.         27 Pareto optimal points,         3082 discarded points,         16 unclassified points.
Hypervolume 1418.1470012920176
pypal at iteration 126.         27 Pareto optimal points,         3083 discarded points,         15 unclassified points.
Hypervolume 1418.1470012920176
pypal at iteration 127.         27 Pareto optimal points,         3084 discarded points,         14 unclassified points.
Hypervolume 1418.1470012920176
pypal at iteration 128.         27 Pareto optimal points,         3084 discarded points,         14 unclassified points.
Hypervolume 1418.1470012920176
pypal at iteration 129.         27 Pareto optimal points,         3085 discarded points,         13 unclassified points.
Hypervolume 1418.1470012920176
pypal at iteration 130.         27 Pareto optimal points,         3086 discarded points,         12 unclassified points.
Hypervolume 1418.1470012920176
Optimization restart 1/20, f = -721.2807974503557
Optimization restart 2/20, f = -716.9564709337507
Optimization restart 3/20, f = -716.8417386995671
Optimization restart 4/20, f = -720.934835151839
Optimization restart 5/20, f = -719.4334347538925
Optimization restart 6/20, f = -707.9744896496061
Optimization restart 7/20, f = -720.6545519287744
Optimization restart 8/20, f = -717.4356171823065
Optimization restart 9/20, f = -720.0164618516014
Optimization restart 10/20, f = -720.4068527229338
Optimization restart 11/20, f = -720.4962675341287
Optimization restart 12/20, f = -475.8221781573942
Optimization restart 13/20, f = -714.113435797491
Optimization restart 14/20, f = -714.24411290632
Optimization restart 15/20, f = -717.8682380887052
Optimization restart 16/20, f = -705.7027510115906
Optimization restart 17/20, f = -720.7354735390334
Optimization restart 18/20, f = -714.8775988368964
Optimization restart 19/20, f = -719.7648013446301
Optimization restart 20/20, f = -717.4708834283481
pypal at iteration 131.         27 Pareto optimal points,         3087 discarded points,         11 unclassified points.
Hypervolume 1418.1470012920176
pypal at iteration 132.         29 Pareto optimal points,         3088 discarded points,         8 unclassified points.
Hypervolume 1418.1474216850825
pypal at iteration 133.         29 Pareto optimal points,         3089 discarded points,         7 unclassified points.
Hypervolume 1418.1474216850825
pypal at iteration 134.         29 Pareto optimal points,         3090 discarded points,         6 unclassified points.
Hypervolume 1418.1474216850825
pypal at iteration 135.         29 Pareto optimal points,         3091 discarded points,         5 unclassified points.
Hypervolume 1418.1474216850825
pypal at iteration 136.         29 Pareto optimal points,         3092 discarded points,         4 unclassified points.
Hypervolume 1418.1474216850825
pypal at iteration 137.         29 Pareto optimal points,         3093 discarded points,         3 unclassified points.
Hypervolume 1418.1474216850825
pypal at iteration 138.         29 Pareto optimal points,         3094 discarded points,         2 unclassified points.
Hypervolume 1418.1474216850825
pypal at iteration 139.         29 Pareto optimal points,         3095 discarded points,         1 unclassified points.
Hypervolume 1418.1474216850825
Done. No unclassified point left
pypal at iteration 139.         29 Pareto optimal points,         3096 discarded points,         0 unclassified points.
Hypervolume 1418.1474216850825
