 /home/kjablonk/anaconda3/envs/dispersant_screener/lib/python3.7/site-packages/sklearn/utils/deprecation.py:143: FutureWarning:The sklearn.preprocessing.data module is  deprecated in version 0.22 and will be removed in version 0.24. The corresponding classes / functions should instead be imported from sklearn.preprocessing. Anything that cannot be imported from sklearn.preprocessing is now part of the private API.
 /home/kjablonk/programs/pypal/pypal/pal/validate_inputs.py:146: UserWarning:No goals provided,                 will assume that every dimension should be maximized
 /home/kjablonk/anaconda3/envs/dispersant_screener/lib/python3.7/site-packages/GPy/kern/src/stationary.py:166: RuntimeWarning:overflow encountered in true_divide
 /home/kjablonk/anaconda3/envs/dispersant_screener/lib/python3.7/site-packages/GPy/kern/src/stationary.py:137: RuntimeWarning:overflow encountered in square
 /home/kjablonk/anaconda3/envs/dispersant_screener/lib/python3.7/site-packages/GPy/kern/src/stationary.py:138: RuntimeWarning:invalid value encountered in add
 /home/kjablonk/anaconda3/envs/dispersant_screener/lib/python3.7/site-packages/GPy/kern/src/stationary.py:565: RuntimeWarning:invalid value encountered in multiply
 /home/kjablonk/anaconda3/envs/dispersant_screener/lib/python3.7/site-packages/GPy/kern/src/stationary.py:568: RuntimeWarning:invalid value encountered in subtract
 /home/kjablonk/anaconda3/envs/dispersant_screener/lib/python3.7/site-packages/paramz/transformations.py:111: RuntimeWarning:overflow encountered in expm1
 /home/kjablonk/anaconda3/envs/dispersant_screener/lib/python3.7/site-packages/GPy/kern/src/stationary.py:243: RuntimeWarning:invalid value encountered in true_divide
 /home/kjablonk/anaconda3/envs/dispersant_screener/lib/python3.7/site-packages/GPy/kern/src/stationary.py:166: RuntimeWarning:overflow encountered in true_divide
 /home/kjablonk/anaconda3/envs/dispersant_screener/lib/python3.7/site-packages/GPy/kern/src/stationary.py:137: RuntimeWarning:overflow encountered in square
 /home/kjablonk/anaconda3/envs/dispersant_screener/lib/python3.7/site-packages/GPy/kern/src/stationary.py:138: RuntimeWarning:invalid value encountered in add
 /home/kjablonk/anaconda3/envs/dispersant_screener/lib/python3.7/site-packages/GPy/kern/src/stationary.py:565: RuntimeWarning:invalid value encountered in multiply
 /home/kjablonk/anaconda3/envs/dispersant_screener/lib/python3.7/site-packages/GPy/kern/src/stationary.py:568: RuntimeWarning:invalid value encountered in subtract
 /home/kjablonk/anaconda3/envs/dispersant_screener/lib/python3.7/site-packages/numpy/core/_asarray.py:136: VisibleDeprecationWarning:Creating an ndarray from ragged nested sequences (which is a list-or-tuple of lists-or-tuples-or ndarrays with different lengths or shapes) is deprecated. If you meant to do this, you must specify 'dtype=object' when creating the ndarray
Maximum hypervolume 1536.0438526567837
STARTING PAL
Optimization restart 1/20, f = -133.29812258798893
Optimization restart 2/20, f = -132.77691416267228
Optimization restart 3/20, f = -133.29319592541975
Optimization restart 4/20, f = -124.64674161550045
Optimization restart 5/20, f = -133.49882404162068
Optimization restart 6/20, f = -133.35638298905442
Optimization restart 7/20, f = -132.79631042342754
Optimization restart 8/20, f = -124.64228301427985
Optimization restart 9/20, f = -133.39811254855516
Optimization restart 10/20, f = -133.56559032720205
Optimization restart 11/20, f = -132.90667293761038
Optimization restart 12/20, f = -133.2570396640043
Optimization restart 13/20, f = -132.4376820987329
Optimization restart 14/20, f = -133.15698934611294
Optimization restart 15/20, f = -133.64298282819033
Optimization restart 16/20, f = -133.41123634803577
Optimization restart 17/20, f = -88.18523363464283
Optimization restart 18/20, f = -120.94382846016975
Optimization restart 19/20, f = -131.32793039602404
Optimization restart 20/20, f = -133.35127325418676
pypal at iteration 1.         4 Pareto optimal points,         62 discarded points,         3059 unclassified points.
Hypervolume 719.4442821612049
pypal at iteration 2.         4 Pareto optimal points,         66 discarded points,         3055 unclassified points.
Hypervolume 719.4442821612049
pypal at iteration 3.         5 Pareto optimal points,         67 discarded points,         3053 unclassified points.
Hypervolume 1273.242222379546
pypal at iteration 4.         5 Pareto optimal points,         68 discarded points,         3052 unclassified points.
Hypervolume 1273.242222379546
pypal at iteration 5.         5 Pareto optimal points,         69 discarded points,         3051 unclassified points.
Hypervolume 1273.242222379546
pypal at iteration 6.         5 Pareto optimal points,         70 discarded points,         3050 unclassified points.
Hypervolume 1273.242222379546
pypal at iteration 7.         5 Pareto optimal points,         70 discarded points,         3050 unclassified points.
Hypervolume 1273.242222379546
pypal at iteration 8.         5 Pareto optimal points,         74 discarded points,         3046 unclassified points.
Hypervolume 1273.242222379546
pypal at iteration 9.         40 Pareto optimal points,         127 discarded points,         2958 unclassified points.
Hypervolume 1470.8841161570376
pypal at iteration 10.         41 Pareto optimal points,         137 discarded points,         2947 unclassified points.
Hypervolume 1470.8841161570376
Optimization restart 1/20, f = -242.93677034962994
Optimization restart 2/20, f = -244.7365720558405
Optimization restart 3/20, f = -244.85477302934987
Optimization restart 4/20, f = -242.9229921076025
Optimization restart 5/20, f = -245.60352931423043
Optimization restart 6/20, f = -239.97442721024672
Optimization restart 7/20, f = -235.22799964022158
Optimization restart 8/20, f = -241.6710742999894
Optimization restart 9/20, f = -245.63800427081608
Optimization restart 10/20, f = -245.82853024466743
Optimization restart 11/20, f = -244.84264118118213
Optimization restart 12/20, f = -245.00573492507806
Optimization restart 13/20, f = -244.70184122108236
Optimization restart 14/20, f = -244.72048974263032
Optimization restart 15/20, f = -219.23511880061488
Optimization restart 16/20, f = -246.28711690068607
Optimization restart 17/20, f = -244.96173199386124
Optimization restart 18/20, f = -244.7383852284641
Optimization restart 19/20, f = -244.75758953405938
Optimization restart 20/20, f = -244.8449119919885
pypal at iteration 11.         43 Pareto optimal points,         616 discarded points,         2466 unclassified points.
Hypervolume 1470.8841161570376
pypal at iteration 12.         48 Pareto optimal points,         694 discarded points,         2383 unclassified points.
Hypervolume 1471.5616741417982
pypal at iteration 13.         67 Pareto optimal points,         813 discarded points,         2245 unclassified points.
Hypervolume 1479.471556570958
pypal at iteration 14.         68 Pareto optimal points,         841 discarded points,         2216 unclassified points.
Hypervolume 1479.471556570958
pypal at iteration 15.         68 Pareto optimal points,         872 discarded points,         2185 unclassified points.
Hypervolume 1479.471556570958
pypal at iteration 16.         68 Pareto optimal points,         876 discarded points,         2181 unclassified points.
Hypervolume 1479.471556570958
pypal at iteration 17.         68 Pareto optimal points,         877 discarded points,         2180 unclassified points.
Hypervolume 1479.471556570958
pypal at iteration 18.         68 Pareto optimal points,         882 discarded points,         2175 unclassified points.
Hypervolume 1479.471556570958
pypal at iteration 19.         68 Pareto optimal points,         883 discarded points,         2174 unclassified points.
Hypervolume 1479.471556570958
pypal at iteration 20.         68 Pareto optimal points,         884 discarded points,         2173 unclassified points.
Hypervolume 1479.471556570958
Optimization restart 1/20, f = -324.0858303131614
Optimization restart 2/20, f = -291.25838308395396
Optimization restart 3/20, f = -323.0929831222435
Optimization restart 4/20, f = -305.8780963979689
Optimization restart 5/20, f = -323.0898919111979
Optimization restart 6/20, f = -317.9500372271003
Optimization restart 7/20, f = -320.4469285335721
Optimization restart 8/20, f = -323.81848525714815
Optimization restart 9/20, f = -319.84232151867934
Optimization restart 10/20, f = -322.1530046408354
Optimization restart 11/20, f = -322.97539570096166
Optimization restart 12/20, f = -325.15831511439836
Optimization restart 13/20, f = -239.70278951063813
Optimization restart 14/20, f = -325.40821579969537
Optimization restart 15/20, f = -324.2315073301821
Optimization restart 16/20, f = -323.78284207083675
Optimization restart 17/20, f = -324.7391203104131
Optimization restart 18/20, f = -323.93516007526796
Optimization restart 19/20, f = -324.0352772068041
Optimization restart 20/20, f = -323.99698035105627
pypal at iteration 21.         90 Pareto optimal points,         1160 discarded points,         1875 unclassified points.
Hypervolume 1483.6255482651484
pypal at iteration 22.         90 Pareto optimal points,         1172 discarded points,         1863 unclassified points.
Hypervolume 1483.6255482651484
pypal at iteration 23.         90 Pareto optimal points,         1215 discarded points,         1820 unclassified points.
Hypervolume 1483.6255482651484
pypal at iteration 24.         91 Pareto optimal points,         1226 discarded points,         1808 unclassified points.
Hypervolume 1483.6709882360042
pypal at iteration 25.         91 Pareto optimal points,         1227 discarded points,         1807 unclassified points.
Hypervolume 1483.6709882360042
pypal at iteration 26.         91 Pareto optimal points,         1227 discarded points,         1807 unclassified points.
Hypervolume 1483.6709882360042
pypal at iteration 27.         91 Pareto optimal points,         1227 discarded points,         1807 unclassified points.
Hypervolume 1483.6709882360042
pypal at iteration 28.         91 Pareto optimal points,         1236 discarded points,         1798 unclassified points.
Hypervolume 1483.6709882360042
pypal at iteration 29.         91 Pareto optimal points,         1237 discarded points,         1797 unclassified points.
Hypervolume 1483.6709882360042
pypal at iteration 30.         91 Pareto optimal points,         1238 discarded points,         1796 unclassified points.
Hypervolume 1483.6709882360042
Optimization restart 1/20, f = -402.1512656122412
Optimization restart 2/20, f = -401.4441006962772
Optimization restart 3/20, f = -388.73163244831204
Optimization restart 4/20, f = -401.32446043081336
Optimization restart 5/20, f = -399.06612571138635
Optimization restart 6/20, f = -398.48731542280325
Optimization restart 7/20, f = -401.305730069168
Optimization restart 8/20, f = -401.6926278117378
Optimization restart 9/20, f = -386.55862701816494
Optimization restart 10/20, f = -399.8849713132496
Optimization restart 11/20, f = -402.1085495025018
Optimization restart 12/20, f = -305.9596654440619
Optimization restart 13/20, f = -400.9293340251612
Optimization restart 14/20, f = -399.57146050074266
Optimization restart 15/20, f = -402.166125029975
Optimization restart 16/20, f = -399.5896581612922
Optimization restart 17/20, f = -399.98648928856807
Optimization restart 18/20, f = -400.54854153842064
Optimization restart 19/20, f = -401.8312945922805
Optimization restart 20/20, f = -399.10867658526007
pypal at iteration 31.         91 Pareto optimal points,         1435 discarded points,         1599 unclassified points.
Hypervolume 1483.6709882360042
pypal at iteration 32.         91 Pareto optimal points,         1440 discarded points,         1594 unclassified points.
Hypervolume 1483.6709882360042
pypal at iteration 33.         91 Pareto optimal points,         1441 discarded points,         1593 unclassified points.
Hypervolume 1483.6709882360042
pypal at iteration 34.         91 Pareto optimal points,         1442 discarded points,         1592 unclassified points.
Hypervolume 1483.6709882360042
pypal at iteration 35.         91 Pareto optimal points,         1443 discarded points,         1591 unclassified points.
Hypervolume 1483.6709882360042
pypal at iteration 36.         91 Pareto optimal points,         1443 discarded points,         1591 unclassified points.
Hypervolume 1483.6709882360042
pypal at iteration 37.         91 Pareto optimal points,         1443 discarded points,         1591 unclassified points.
Hypervolume 1483.6709882360042
pypal at iteration 38.         91 Pareto optimal points,         1444 discarded points,         1590 unclassified points.
Hypervolume 1483.6709882360042
pypal at iteration 39.         91 Pareto optimal points,         1446 discarded points,         1588 unclassified points.
Hypervolume 1483.6709882360042
pypal at iteration 40.         91 Pareto optimal points,         1448 discarded points,         1586 unclassified points.
Hypervolume 1483.6709882360042
Optimization restart 1/20, f = -472.1952971716769
Optimization restart 2/20, f = -471.8677362239525
Optimization restart 3/20, f = -464.4649866728221
Optimization restart 4/20, f = -466.4310193381844
Optimization restart 5/20, f = -471.26439609793226
Optimization restart 6/20, f = -469.8392515601872
Optimization restart 7/20, f = -470.79646195259727
Optimization restart 8/20, f = -467.1184999206822
Optimization restart 9/20, f = -471.94919354693957
Optimization restart 10/20, f = -471.32067673938366
Optimization restart 11/20, f = -470.1260810289722
Optimization restart 12/20, f = -471.64958638255985
Optimization restart 13/20, f = -471.74472428568623
Optimization restart 14/20, f = -472.2981273991593
Optimization restart 15/20, f = -435.71004558746966
Optimization restart 16/20, f = -468.64087958190174
Optimization restart 17/20, f = -471.7957575652802
Optimization restart 18/20, f = -471.88971670355284
Optimization restart 19/20, f = -471.2815425266159
Optimization restart 20/20, f = -462.7318887954592
pypal at iteration 41.         91 Pareto optimal points,         1459 discarded points,         1575 unclassified points.
Hypervolume 1483.6709882360042
pypal at iteration 42.         91 Pareto optimal points,         1462 discarded points,         1572 unclassified points.
Hypervolume 1483.6709882360042
pypal at iteration 43.         91 Pareto optimal points,         1522 discarded points,         1512 unclassified points.
Hypervolume 1483.6709882360042
pypal at iteration 44.         91 Pareto optimal points,         1522 discarded points,         1512 unclassified points.
Hypervolume 1483.6709882360042
pypal at iteration 45.         91 Pareto optimal points,         1522 discarded points,         1512 unclassified points.
Hypervolume 1483.6709882360042
pypal at iteration 46.         91 Pareto optimal points,         1522 discarded points,         1512 unclassified points.
Hypervolume 1483.6709882360042
pypal at iteration 47.         91 Pareto optimal points,         1522 discarded points,         1512 unclassified points.
Hypervolume 1483.6709882360042
pypal at iteration 48.         91 Pareto optimal points,         1751 discarded points,         1283 unclassified points.
Hypervolume 1483.6709882360042
pypal at iteration 49.         91 Pareto optimal points,         1752 discarded points,         1282 unclassified points.
Hypervolume 1483.6709882360042
pypal at iteration 50.         91 Pareto optimal points,         1752 discarded points,         1282 unclassified points.
Hypervolume 1483.6709882360042
Optimization restart 1/20, f = -540.2340516089298
Optimization restart 2/20, f = -121.82097417796476
Optimization restart 3/20, f = -539.812038978534
Optimization restart 4/20, f = -522.8756282939934
Optimization restart 5/20, f = -538.860614579626
Optimization restart 6/20, f = -533.9938371696453
Optimization restart 7/20, f = -539.0985398204339
Optimization restart 8/20, f = -537.1353331507592
Optimization restart 9/20, f = -537.6810205328275
Optimization restart 10/20, f = -537.9330289838439
Optimization restart 11/20, f = -538.2415650237617
Optimization restart 12/20, f = -540.1357667761365
Optimization restart 13/20, f = -539.3093171480002
Optimization restart 14/20, f = -535.8754607441898
Optimization restart 15/20, f = -539.2405087124835
Optimization restart 16/20, f = -539.2044015504337
Optimization restart 17/20, f = -539.9754063242024
Optimization restart 18/20, f = -536.7520290255814
Optimization restart 19/20, f = -532.084340561365
Optimization restart 20/20, f = -538.0044532896715
pypal at iteration 51.         91 Pareto optimal points,         1752 discarded points,         1282 unclassified points.
Hypervolume 1483.6709882360042
pypal at iteration 52.         91 Pareto optimal points,         1752 discarded points,         1282 unclassified points.
Hypervolume 1483.6709882360042
pypal at iteration 53.         91 Pareto optimal points,         1752 discarded points,         1282 unclassified points.
Hypervolume 1483.6709882360042
pypal at iteration 54.         91 Pareto optimal points,         1752 discarded points,         1282 unclassified points.
Hypervolume 1483.6709882360042
pypal at iteration 55.         91 Pareto optimal points,         1752 discarded points,         1282 unclassified points.
Hypervolume 1483.6709882360042
pypal at iteration 56.         91 Pareto optimal points,         1752 discarded points,         1282 unclassified points.
Hypervolume 1483.6709882360042
pypal at iteration 57.         91 Pareto optimal points,         1752 discarded points,         1282 unclassified points.
Hypervolume 1483.6709882360042
pypal at iteration 58.         91 Pareto optimal points,         1752 discarded points,         1282 unclassified points.
Hypervolume 1483.6709882360042
pypal at iteration 59.         91 Pareto optimal points,         1752 discarded points,         1282 unclassified points.
Hypervolume 1483.6709882360042
pypal at iteration 60.         91 Pareto optimal points,         1752 discarded points,         1282 unclassified points.
Hypervolume 1483.6709882360042
Optimization restart 1/20, f = -594.8870819254123
Optimization restart 2/20, f = -547.3030458280699
Optimization restart 3/20, f = -475.7294565399493
Optimization restart 4/20, f = -593.4703219939752
Optimization restart 5/20, f = -591.7231691751551
Optimization restart 6/20, f = -594.3625929033342
Optimization restart 7/20, f = -594.3231888049161
Optimization restart 8/20, f = -489.4063375332462
Optimization restart 9/20, f = -594.3244781312324
Optimization restart 10/20, f = -594.5984368541237
Optimization restart 11/20, f = -594.6871198702929
Optimization restart 12/20, f = -593.0232285136863
Optimization restart 13/20, f = -594.6814821122563
Optimization restart 14/20, f = -590.1595152363398
Optimization restart 15/20, f = -594.4951171263589
Optimization restart 16/20, f = -594.8445372803226
Optimization restart 17/20, f = -583.3028289120654
Optimization restart 18/20, f = -593.0072499468695
Optimization restart 19/20, f = -592.6659949288392
Optimization restart 20/20, f = -588.1644335195566
pypal at iteration 61.         91 Pareto optimal points,         1752 discarded points,         1282 unclassified points.
Hypervolume 1483.6709882360042
pypal at iteration 62.         91 Pareto optimal points,         1943 discarded points,         1091 unclassified points.
Hypervolume 1483.6709882360042
pypal at iteration 63.         91 Pareto optimal points,         1950 discarded points,         1084 unclassified points.
Hypervolume 1483.6709882360042
pypal at iteration 64.         91 Pareto optimal points,         1953 discarded points,         1081 unclassified points.
Hypervolume 1483.6709882360042
pypal at iteration 65.         91 Pareto optimal points,         1954 discarded points,         1080 unclassified points.
Hypervolume 1483.6709882360042
pypal at iteration 66.         91 Pareto optimal points,         1954 discarded points,         1080 unclassified points.
Hypervolume 1483.6709882360042
pypal at iteration 67.         91 Pareto optimal points,         1954 discarded points,         1080 unclassified points.
Hypervolume 1483.6709882360042
pypal at iteration 68.         91 Pareto optimal points,         1954 discarded points,         1080 unclassified points.
Hypervolume 1483.6709882360042
pypal at iteration 69.         91 Pareto optimal points,         1954 discarded points,         1080 unclassified points.
Hypervolume 1483.6709882360042
pypal at iteration 70.         91 Pareto optimal points,         1954 discarded points,         1080 unclassified points.
Hypervolume 1483.6709882360042
Optimization restart 1/20, f = -658.0717586854978
Optimization restart 2/20, f = -655.4579621925566
Optimization restart 3/20, f = -555.0896333358678
Optimization restart 4/20, f = -603.6836735887204
Optimization restart 5/20, f = -655.4144746833854
Optimization restart 6/20, f = -657.7391618104821
Optimization restart 7/20, f = -657.159021804913
Optimization restart 8/20, f = -655.9671530989467
Optimization restart 9/20, f = -657.8336819567827
Optimization restart 10/20, f = -629.7057725145304
Optimization restart 11/20, f = -654.8768113357523
Optimization restart 12/20, f = -654.6146566001602
Optimization restart 13/20, f = -639.2215822387006
Optimization restart 14/20, f = -647.6475359942492
Optimization restart 15/20, f = -651.8658369355982
Optimization restart 16/20, f = -656.9842269983615
Optimization restart 17/20, f = -652.2111528586884
Optimization restart 18/20, f = -633.9380181573406
Optimization restart 19/20, f = -655.3555845156299
Optimization restart 20/20, f = -657.8214613267753
pypal at iteration 71.         92 Pareto optimal points,         1964 discarded points,         1069 unclassified points.
Hypervolume 1483.6709882360042
pypal at iteration 72.         92 Pareto optimal points,         1964 discarded points,         1069 unclassified points.
Hypervolume 1483.6709882360042
pypal at iteration 73.         92 Pareto optimal points,         1964 discarded points,         1069 unclassified points.
Hypervolume 1483.6709882360042
pypal at iteration 74.         93 Pareto optimal points,         1971 discarded points,         1061 unclassified points.
Hypervolume 1483.670988236004
pypal at iteration 75.         93 Pareto optimal points,         1971 discarded points,         1061 unclassified points.
Hypervolume 1483.670988236004
pypal at iteration 76.         93 Pareto optimal points,         1972 discarded points,         1060 unclassified points.
Hypervolume 1483.670988236004
pypal at iteration 77.         93 Pareto optimal points,         1973 discarded points,         1059 unclassified points.
Hypervolume 1483.670988236004
pypal at iteration 78.         93 Pareto optimal points,         2060 discarded points,         972 unclassified points.
Hypervolume 1483.670988236004
pypal at iteration 79.         93 Pareto optimal points,         2063 discarded points,         969 unclassified points.
Hypervolume 1483.670988236004
pypal at iteration 80.         93 Pareto optimal points,         2065 discarded points,         967 unclassified points.
Hypervolume 1483.670988236004
Optimization restart 1/20, f = -714.0329905080716
Optimization restart 2/20, f = -697.7562136414637
Optimization restart 3/20, f = -710.8187418089597
Optimization restart 4/20, f = -703.0452664107263
Optimization restart 5/20, f = -701.3012647014472
Optimization restart 6/20, f = -713.6287986625393
Optimization restart 7/20, f = -700.848096520037
Optimization restart 8/20, f = -712.4118466991268
Optimization restart 9/20, f = -712.25092429182
Optimization restart 10/20, f = -714.6942346288384
Optimization restart 11/20, f = -698.5481465800646
Optimization restart 12/20, f = -562.1570505661267
Optimization restart 13/20, f = -577.1585094140765
Optimization restart 14/20, f = -709.6576245044407
Optimization restart 15/20, f = -711.3445460619694
Optimization restart 16/20, f = -714.0791344338926
Optimization restart 17/20, f = -669.2660539926053
Optimization restart 18/20, f = -714.2160378874187
Optimization restart 19/20, f = -711.57223688501
Optimization restart 20/20, f = -540.6857124055181
pypal at iteration 81.         96 Pareto optimal points,         2066 discarded points,         963 unclassified points.
Hypervolume 1484.0872928688848
pypal at iteration 82.         97 Pareto optimal points,         2161 discarded points,         867 unclassified points.
Hypervolume 1485.952824445358
pypal at iteration 83.         97 Pareto optimal points,         2162 discarded points,         866 unclassified points.
Hypervolume 1485.952824445358
pypal at iteration 84.         97 Pareto optimal points,         2163 discarded points,         865 unclassified points.
Hypervolume 1485.952824445358
pypal at iteration 85.         97 Pareto optimal points,         2163 discarded points,         865 unclassified points.
Hypervolume 1485.952824445358
pypal at iteration 86.         97 Pareto optimal points,         2164 discarded points,         864 unclassified points.
Hypervolume 1485.952824445358
pypal at iteration 87.         97 Pareto optimal points,         2164 discarded points,         864 unclassified points.
Hypervolume 1485.952824445358
pypal at iteration 88.         97 Pareto optimal points,         2164 discarded points,         864 unclassified points.
Hypervolume 1485.952824445358
pypal at iteration 89.         97 Pareto optimal points,         2164 discarded points,         864 unclassified points.
Hypervolume 1485.952824445358
pypal at iteration 90.         97 Pareto optimal points,         2164 discarded points,         864 unclassified points.
Hypervolume 1485.952824445358
Optimization restart 1/20, f = -780.9395311665546
Optimization restart 2/20, f = -776.3537136826824
Optimization restart 3/20, f = -773.0069210955588
Optimization restart 4/20, f = -625.8216835109768
Optimization restart 5/20, f = -774.3704491120934
Optimization restart 6/20, f = -769.2207687839332
Optimization restart 7/20, f = -780.1469492562144
Optimization restart 8/20, f = -778.752715364539
Optimization restart 9/20, f = -768.0284122162462
Optimization restart 10/20, f = -779.4764599383777
Optimization restart 11/20, f = -720.3388901256742
Optimization restart 12/20, f = -780.6255663148563
Optimization restart 13/20, f = -673.6810139594215
Optimization restart 14/20, f = -771.1445587183348
Optimization restart 15/20, f = -776.5836356256752
Optimization restart 16/20, f = -778.9093619900947
Optimization restart 17/20, f = -774.9215730152189
Optimization restart 18/20, f = -778.1835119953677
Optimization restart 19/20, f = -766.8520763164902
Optimization restart 20/20, f = -779.5826073980309
pypal at iteration 91.         97 Pareto optimal points,         2165 discarded points,         863 unclassified points.
Hypervolume 1485.952824445358
pypal at iteration 92.         97 Pareto optimal points,         2221 discarded points,         807 unclassified points.
Hypervolume 1485.952824445358
pypal at iteration 93.         97 Pareto optimal points,         2222 discarded points,         806 unclassified points.
Hypervolume 1485.952824445358
pypal at iteration 94.         97 Pareto optimal points,         2261 discarded points,         767 unclassified points.
Hypervolume 1485.952824445358
pypal at iteration 95.         97 Pareto optimal points,         2262 discarded points,         766 unclassified points.
Hypervolume 1485.952824445358
pypal at iteration 96.         97 Pareto optimal points,         2263 discarded points,         765 unclassified points.
Hypervolume 1485.952824445358
pypal at iteration 97.         97 Pareto optimal points,         2264 discarded points,         764 unclassified points.
Hypervolume 1485.952824445358
pypal at iteration 98.         97 Pareto optimal points,         2265 discarded points,         763 unclassified points.
Hypervolume 1485.952824445358
pypal at iteration 99.         97 Pareto optimal points,         2266 discarded points,         762 unclassified points.
Hypervolume 1485.952824445358
pypal at iteration 100.         97 Pareto optimal points,         2267 discarded points,         761 unclassified points.
Hypervolume 1485.952824445358
Optimization restart 1/20, f = -838.8211850813502
Optimization restart 2/20, f = -837.9924452934177
Optimization restart 3/20, f = -835.5906036906216
Optimization restart 4/20, f = -838.3717338735889
Optimization restart 5/20, f = -835.3371286107819
Optimization restart 6/20, f = -835.2306174717528
Optimization restart 7/20, f = -834.1262234396686
Optimization restart 8/20, f = -830.8044637852613
Optimization restart 9/20, f = -823.4209086030326
Optimization restart 10/20, f = -828.6964382139432
Optimization restart 11/20, f = -834.8846528121937
Optimization restart 12/20, f = -764.6969617339241
Optimization restart 13/20, f = -826.6860830666118
Optimization restart 14/20, f = -833.1828136842109
Optimization restart 15/20, f = -836.2464721932811
Optimization restart 16/20, f = -838.3309307906828
Optimization restart 17/20, f = -835.9719230023701
Optimization restart 18/20, f = -837.3208465687909
Optimization restart 19/20, f = -830.1542624081532
Optimization restart 20/20, f = -831.9176337390593
pypal at iteration 101.         97 Pareto optimal points,         2268 discarded points,         760 unclassified points.
Hypervolume 1485.952824445358
pypal at iteration 102.         97 Pareto optimal points,         2269 discarded points,         759 unclassified points.
Hypervolume 1485.952824445358
pypal at iteration 103.         97 Pareto optimal points,         2270 discarded points,         758 unclassified points.
Hypervolume 1485.952824445358
pypal at iteration 104.         97 Pareto optimal points,         2271 discarded points,         757 unclassified points.
Hypervolume 1485.952824445358
pypal at iteration 105.         97 Pareto optimal points,         2272 discarded points,         756 unclassified points.
Hypervolume 1485.952824445358
pypal at iteration 106.         97 Pareto optimal points,         2273 discarded points,         755 unclassified points.
Hypervolume 1485.952824445358
pypal at iteration 107.         97 Pareto optimal points,         2307 discarded points,         721 unclassified points.
Hypervolume 1485.952824445358
pypal at iteration 108.         97 Pareto optimal points,         2308 discarded points,         720 unclassified points.
Hypervolume 1485.952824445358
pypal at iteration 109.         97 Pareto optimal points,         2309 discarded points,         719 unclassified points.
Hypervolume 1485.952824445358
pypal at iteration 110.         97 Pareto optimal points,         2310 discarded points,         718 unclassified points.
Hypervolume 1485.952824445358
Optimization restart 1/20, f = -895.2833990284483
Optimization restart 2/20, f = -894.7872137548229
Optimization restart 3/20, f = -892.1058324567248
Optimization restart 4/20, f = -886.8838147923793
Optimization restart 5/20, f = -881.4480109560759
Optimization restart 6/20, f = -875.3235903855466
Optimization restart 7/20, f = -892.6945120604565
Optimization restart 8/20, f = -893.4382707394661
Optimization restart 9/20, f = -894.6731049430629
Optimization restart 10/20, f = -886.3139050036157
Optimization restart 11/20, f = -783.5214007058801
Optimization restart 12/20, f = -894.0888802131715
Optimization restart 13/20, f = -887.4020875004601
Optimization restart 14/20, f = -892.4466033167579
Optimization restart 15/20, f = -679.0631379212656
Optimization restart 16/20, f = -894.4537050941649
Optimization restart 17/20, f = -891.7931703670549
Optimization restart 18/20, f = -894.4526722764106
Optimization restart 19/20, f = -892.7099279048905
Optimization restart 20/20, f = -892.7368791093346
pypal at iteration 111.         98 Pareto optimal points,         2484 discarded points,         543 unclassified points.
Hypervolume 1490.1821744824395
pypal at iteration 112.         98 Pareto optimal points,         2484 discarded points,         543 unclassified points.
Hypervolume 1490.1821744824395
pypal at iteration 113.         98 Pareto optimal points,         2484 discarded points,         543 unclassified points.
Hypervolume 1490.1821744824395
pypal at iteration 114.         99 Pareto optimal points,         2574 discarded points,         452 unclassified points.
Hypervolume 1490.6616128154324
pypal at iteration 115.         99 Pareto optimal points,         2575 discarded points,         451 unclassified points.
Hypervolume 1490.6616128154324
pypal at iteration 116.         99 Pareto optimal points,         2575 discarded points,         451 unclassified points.
Hypervolume 1490.6616128154324
pypal at iteration 117.         99 Pareto optimal points,         2576 discarded points,         450 unclassified points.
Hypervolume 1490.6616128154324
pypal at iteration 118.         99 Pareto optimal points,         2577 discarded points,         449 unclassified points.
Hypervolume 1490.6616128154324
pypal at iteration 119.         99 Pareto optimal points,         2578 discarded points,         448 unclassified points.
Hypervolume 1490.6616128154324
pypal at iteration 120.         99 Pareto optimal points,         2579 discarded points,         447 unclassified points.
Hypervolume 1490.6616128154324
Optimization restart 1/20, f = -957.289286290356
Optimization restart 2/20, f = -943.5703911920318
Optimization restart 3/20, f = -954.2904178023751
Optimization restart 4/20, f = -947.1747960360325
Optimization restart 5/20, f = -956.6890986413126
Optimization restart 6/20, f = -955.4598722591999
Optimization restart 7/20, f = -956.1919646309372
Optimization restart 8/20, f = -947.4344935370623
Optimization restart 9/20, f = -944.4587116214259
Optimization restart 10/20, f = -918.8902740559083
Optimization restart 11/20, f = -956.7132080678831
Optimization restart 12/20, f = -933.395290657532
Optimization restart 13/20, f = -953.0467782017026
Optimization restart 14/20, f = -950.8154854472657
Optimization restart 15/20, f = -951.1801488283342
Optimization restart 16/20, f = -950.4751522532438
Optimization restart 17/20, f = -943.6953692449914
Optimization restart 18/20, f = -908.2917984333778
Optimization restart 19/20, f = -952.2912481564906
Optimization restart 20/20, f = -948.861347677488
pypal at iteration 121.         100 Pareto optimal points,         2582 discarded points,         443 unclassified points.
Hypervolume 1491.2211272647799
pypal at iteration 122.         100 Pareto optimal points,         2583 discarded points,         442 unclassified points.
Hypervolume 1491.2211272647799
pypal at iteration 123.         102 Pareto optimal points,         2611 discarded points,         412 unclassified points.
Hypervolume 1491.2211272647799
pypal at iteration 124.         102 Pareto optimal points,         2612 discarded points,         411 unclassified points.
Hypervolume 1491.2211272647799
pypal at iteration 125.         102 Pareto optimal points,         2613 discarded points,         410 unclassified points.
Hypervolume 1491.2211272647799
pypal at iteration 126.         103 Pareto optimal points,         2614 discarded points,         408 unclassified points.
Hypervolume 1491.2211272647799
pypal at iteration 127.         103 Pareto optimal points,         2615 discarded points,         407 unclassified points.
Hypervolume 1491.2211272647799
pypal at iteration 128.         103 Pareto optimal points,         2616 discarded points,         406 unclassified points.
Hypervolume 1491.2211272647799
pypal at iteration 129.         103 Pareto optimal points,         2617 discarded points,         405 unclassified points.
Hypervolume 1491.2211272647799
pypal at iteration 130.         103 Pareto optimal points,         2618 discarded points,         404 unclassified points.
Hypervolume 1491.2211272647799
Optimization restart 1/20, f = -1011.1747573206076
Optimization restart 2/20, f = -1006.7844378081659
Optimization restart 3/20, f = -999.8871830543204
Optimization restart 4/20, f = -1007.7092650605607
Optimization restart 5/20, f = -1002.1530700127245
Optimization restart 6/20, f = -995.9527275071437
Optimization restart 7/20, f = -1007.7442916512389
Optimization restart 8/20, f = -848.6158579589917
Optimization restart 9/20, f = -880.4992996004751
Optimization restart 10/20, f = -1008.7270035821282
Optimization restart 11/20, f = -1007.2581567318617
Optimization restart 12/20, f = -1008.4482674691242
Optimization restart 13/20, f = -1000.0109568554714
Optimization restart 14/20, f = -1008.8129415288392
Optimization restart 15/20, f = -1003.8350756220855
Optimization restart 16/20, f = -1008.723258707671
Optimization restart 17/20, f = -1006.2322545941232
Optimization restart 18/20, f = -997.4865571268356
Optimization restart 19/20, f = -1001.8480074074785
Optimization restart 20/20, f = -1009.5106291367345
pypal at iteration 131.         103 Pareto optimal points,         2619 discarded points,         403 unclassified points.
Hypervolume 1491.2211272647799
pypal at iteration 132.         103 Pareto optimal points,         2620 discarded points,         402 unclassified points.
Hypervolume 1491.2211272647799
pypal at iteration 133.         103 Pareto optimal points,         2621 discarded points,         401 unclassified points.
Hypervolume 1491.2211272647799
pypal at iteration 134.         103 Pareto optimal points,         2622 discarded points,         400 unclassified points.
Hypervolume 1491.2211272647799
pypal at iteration 135.         103 Pareto optimal points,         2623 discarded points,         399 unclassified points.
Hypervolume 1491.2211272647799
pypal at iteration 136.         103 Pareto optimal points,         2624 discarded points,         398 unclassified points.
Hypervolume 1491.2211272647799
pypal at iteration 137.         103 Pareto optimal points,         2625 discarded points,         397 unclassified points.
Hypervolume 1491.2211272647799
pypal at iteration 138.         103 Pareto optimal points,         2626 discarded points,         396 unclassified points.
Hypervolume 1491.2211272647799
pypal at iteration 139.         103 Pareto optimal points,         2626 discarded points,         396 unclassified points.
Hypervolume 1491.2211272647799
pypal at iteration 140.         103 Pareto optimal points,         2693 discarded points,         329 unclassified points.
Hypervolume 1491.2211272647799
Optimization restart 1/20, f = -1068.9998906356143
Optimization restart 2/20, f = -1050.6155300426078
Optimization restart 3/20, f = -1060.7732566346463
Optimization restart 4/20, f = -1059.6603292754328
Optimization restart 5/20, f = -1065.314026395287
Optimization restart 6/20, f = -1059.9872342627664
Optimization restart 7/20, f = -1065.441508497629
Optimization restart 8/20, f = -1063.1579006874504
Optimization restart 9/20, f = -1067.6799653168384
Optimization restart 10/20, f = -1063.8793354663608
Optimization restart 11/20, f = -1060.8750409252368
Optimization restart 12/20, f = -1056.9353473942206
Optimization restart 13/20, f = -1060.642951853584
Optimization restart 14/20, f = -1057.279122139787
Optimization restart 15/20, f = -1047.6563472246949
Optimization restart 16/20, f = -1058.4031444825018
Optimization restart 17/20, f = -1063.6397046081138
Optimization restart 18/20, f = -1052.9802124052644
Optimization restart 19/20, f = -1063.1660442895154
Optimization restart 20/20, f = -1064.4247642620358
pypal at iteration 141.         103 Pareto optimal points,         2698 discarded points,         324 unclassified points.
Hypervolume 1491.2211272647799
pypal at iteration 142.         103 Pareto optimal points,         2699 discarded points,         323 unclassified points.
Hypervolume 1491.2211272647799
pypal at iteration 143.         103 Pareto optimal points,         2700 discarded points,         322 unclassified points.
Hypervolume 1491.2211272647799
pypal at iteration 144.         103 Pareto optimal points,         2701 discarded points,         321 unclassified points.
Hypervolume 1491.2211272647799
pypal at iteration 145.         103 Pareto optimal points,         2702 discarded points,         320 unclassified points.
Hypervolume 1491.2211272647799
pypal at iteration 146.         103 Pareto optimal points,         2703 discarded points,         319 unclassified points.
Hypervolume 1491.2211272647799
pypal at iteration 147.         103 Pareto optimal points,         2705 discarded points,         317 unclassified points.
Hypervolume 1491.2211272647799
pypal at iteration 148.         103 Pareto optimal points,         2706 discarded points,         316 unclassified points.
Hypervolume 1491.2211272647799
pypal at iteration 149.         104 Pareto optimal points,         2734 discarded points,         287 unclassified points.
Hypervolume 1491.9069637459827
pypal at iteration 150.         104 Pareto optimal points,         2735 discarded points,         286 unclassified points.
Hypervolume 1491.9069637459827
Optimization restart 1/20, f = -1121.5790641868343
Optimization restart 2/20, f = -1113.2056973446538
Optimization restart 3/20, f = -1114.1269900887323
Optimization restart 4/20, f = -1106.3351132075727
Optimization restart 5/20, f = -1106.2782156184792
Optimization restart 6/20, f = -1115.6730842213274
Optimization restart 7/20, f = -1112.695113253096
Optimization restart 8/20, f = -1118.7854876093938
Optimization restart 9/20, f = -1118.6621733621423
Optimization restart 10/20, f = -1118.5303458057138
Optimization restart 11/20, f = -1109.1903077495033
Optimization restart 12/20, f = -1114.6727903090905
Optimization restart 13/20, f = -1074.1294865394116
Optimization restart 14/20, f = -1117.3177563508189
Optimization restart 15/20, f = -1114.5671386322847
Optimization restart 16/20, f = -1118.9112432584197
Optimization restart 17/20, f = -1106.4651367219328
Optimization restart 18/20, f = -1114.4466924579026
Optimization restart 19/20, f = -1101.0858270949361
Optimization restart 20/20, f = -1091.4012013210165
pypal at iteration 151.         104 Pareto optimal points,         2777 discarded points,         244 unclassified points.
Hypervolume 1491.9069637459827
pypal at iteration 152.         105 Pareto optimal points,         2807 discarded points,         213 unclassified points.
Hypervolume 1493.1235813245469
pypal at iteration 153.         105 Pareto optimal points,         2818 discarded points,         202 unclassified points.
Hypervolume 1493.1235813245469
pypal at iteration 154.         105 Pareto optimal points,         2819 discarded points,         201 unclassified points.
Hypervolume 1493.1235813245469
pypal at iteration 155.         105 Pareto optimal points,         2820 discarded points,         200 unclassified points.
Hypervolume 1493.1235813245469
pypal at iteration 156.         105 Pareto optimal points,         2821 discarded points,         199 unclassified points.
Hypervolume 1493.1235813245469
pypal at iteration 157.         105 Pareto optimal points,         2822 discarded points,         198 unclassified points.
Hypervolume 1493.1235813245469
pypal at iteration 158.         105 Pareto optimal points,         2823 discarded points,         197 unclassified points.
Hypervolume 1493.1235813245469
pypal at iteration 159.         105 Pareto optimal points,         2824 discarded points,         196 unclassified points.
Hypervolume 1493.1235813245469
pypal at iteration 160.         105 Pareto optimal points,         2825 discarded points,         195 unclassified points.
Hypervolume 1493.1235813245469
Optimization restart 1/20, f = -1168.2073884271501
Optimization restart 2/20, f = -1155.8617510449258
Optimization restart 3/20, f = -1163.5552870400934
Optimization restart 4/20, f = -931.736560743331
Optimization restart 5/20, f = -1162.4546512544466
Optimization restart 6/20, f = -1163.6461827517915
Optimization restart 7/20, f = -1155.2879763793335
Optimization restart 8/20, f = -1164.8637298941476
Optimization restart 9/20, f = -1166.0327215469347
Optimization restart 10/20, f = -1166.783604240311
Optimization restart 11/20, f = -1163.4186581100773
Optimization restart 12/20, f = -1162.8047173088553
Optimization restart 13/20, f = -1163.5659258823616
Optimization restart 14/20, f = -1152.041856100721
Optimization restart 15/20, f = -1146.6584643898132
Optimization restart 16/20, f = -1136.5585172945644
Optimization restart 17/20, f = -1160.561945333566
Optimization restart 18/20, f = -1164.4374056461897
Optimization restart 19/20, f = -1156.9908653334935
Optimization restart 20/20, f = -1159.3606845473114
pypal at iteration 161.         105 Pareto optimal points,         2826 discarded points,         194 unclassified points.
Hypervolume 1493.1235813245469
pypal at iteration 162.         106 Pareto optimal points,         2979 discarded points,         40 unclassified points.
Hypervolume 1511.3582711284964
pypal at iteration 163.         106 Pareto optimal points,         2985 discarded points,         34 unclassified points.
Hypervolume 1511.3582711284964
pypal at iteration 164.         106 Pareto optimal points,         2985 discarded points,         34 unclassified points.
Hypervolume 1511.3582711284964
pypal at iteration 165.         106 Pareto optimal points,         2985 discarded points,         34 unclassified points.
Hypervolume 1511.3582711284964
pypal at iteration 166.         106 Pareto optimal points,         2985 discarded points,         34 unclassified points.
Hypervolume 1511.3582711284964
pypal at iteration 167.         106 Pareto optimal points,         2985 discarded points,         34 unclassified points.
Hypervolume 1511.3582711284964
pypal at iteration 168.         106 Pareto optimal points,         2985 discarded points,         34 unclassified points.
Hypervolume 1511.3582711284964
pypal at iteration 169.         106 Pareto optimal points,         2988 discarded points,         31 unclassified points.
Hypervolume 1511.3582711284964
pypal at iteration 170.         106 Pareto optimal points,         2988 discarded points,         31 unclassified points.
Hypervolume 1511.3582711284964
Optimization restart 1/20, f = -1229.885579064243
Optimization restart 2/20, f = -1223.2441878813781
Optimization restart 3/20, f = -1223.635299751707
Optimization restart 4/20, f = -1226.9973404909695
Optimization restart 5/20, f = -1218.499298263993
Optimization restart 6/20, f = -1226.6843683717516
Optimization restart 7/20, f = -1225.858401419373
Optimization restart 8/20, f = -1227.1042021465994
Optimization restart 9/20, f = -1210.9698703734325
Optimization restart 10/20, f = -1225.2379570700245
Optimization restart 11/20, f = -1226.1742363988146
Optimization restart 12/20, f = -1201.1710333791207
Optimization restart 13/20, f = -1226.6319168568627
Optimization restart 14/20, f = -1215.283686764756
Optimization restart 15/20, f = -1204.2431023997792
Optimization restart 16/20, f = -1198.4510910375186
Optimization restart 17/20, f = -1225.0804412794414
Optimization restart 18/20, f = -1227.5228518374443
Optimization restart 19/20, f = -1228.1539727379093
Optimization restart 20/20, f = -1223.2561751298163
pypal at iteration 171.         106 Pareto optimal points,         2988 discarded points,         31 unclassified points.
Hypervolume 1511.3582711284964
pypal at iteration 172.         106 Pareto optimal points,         2988 discarded points,         31 unclassified points.
Hypervolume 1511.3582711284964
pypal at iteration 173.         106 Pareto optimal points,         2988 discarded points,         31 unclassified points.
Hypervolume 1511.3582711284964
pypal at iteration 174.         106 Pareto optimal points,         2988 discarded points,         31 unclassified points.
Hypervolume 1511.3582711284964
pypal at iteration 175.         106 Pareto optimal points,         2988 discarded points,         31 unclassified points.
Hypervolume 1511.3582711284964
pypal at iteration 176.         106 Pareto optimal points,         2988 discarded points,         31 unclassified points.
Hypervolume 1511.3582711284964
pypal at iteration 177.         106 Pareto optimal points,         2988 discarded points,         31 unclassified points.
Hypervolume 1511.3582711284964
pypal at iteration 178.         106 Pareto optimal points,         2988 discarded points,         31 unclassified points.
Hypervolume 1511.3582711284964
pypal at iteration 179.         106 Pareto optimal points,         2988 discarded points,         31 unclassified points.
Hypervolume 1511.3582711284964
pypal at iteration 180.         106 Pareto optimal points,         2988 discarded points,         31 unclassified points.
Hypervolume 1511.3582711284964
Optimization restart 1/20, f = -1299.3431343801421
Optimization restart 2/20, f = -1281.9855282848698
Optimization restart 3/20, f = -1143.4496956940784
Optimization restart 4/20, f = -1291.7927344887576
Optimization restart 5/20, f = -1296.576689000932
Optimization restart 6/20, f = -1294.6376975693374
Optimization restart 7/20, f = -1295.3852887183987
Optimization restart 8/20, f = -1290.4614135989473
Optimization restart 9/20, f = -1294.0874888328528
Optimization restart 10/20, f = -1288.8136476809577
Optimization restart 11/20, f = -1289.0654136641601
Optimization restart 12/20, f = -1292.117465371729
Optimization restart 13/20, f = -1285.234353040888
Optimization restart 14/20, f = -1285.3475174132495
Optimization restart 15/20, f = -1292.067443271555
Optimization restart 16/20, f = -1289.1964444721634
Optimization restart 17/20, f = -1287.800996254446
Optimization restart 18/20, f = -1295.1773779616697
Optimization restart 19/20, f = -1290.181651522888
Optimization restart 20/20, f = -1296.915702822772
pypal at iteration 181.         106 Pareto optimal points,         2988 discarded points,         31 unclassified points.
Hypervolume 1511.3582711284964
pypal at iteration 182.         106 Pareto optimal points,         2988 discarded points,         31 unclassified points.
Hypervolume 1511.3582711284964
pypal at iteration 183.         106 Pareto optimal points,         2988 discarded points,         31 unclassified points.
Hypervolume 1511.3582711284964
pypal at iteration 184.         106 Pareto optimal points,         2990 discarded points,         29 unclassified points.
Hypervolume 1511.3582711284964
pypal at iteration 185.         106 Pareto optimal points,         2991 discarded points,         28 unclassified points.
Hypervolume 1511.3582711284964
pypal at iteration 186.         106 Pareto optimal points,         2992 discarded points,         27 unclassified points.
Hypervolume 1511.3582711284964
pypal at iteration 187.         106 Pareto optimal points,         2993 discarded points,         26 unclassified points.
Hypervolume 1511.3582711284964
pypal at iteration 188.         106 Pareto optimal points,         2993 discarded points,         26 unclassified points.
Hypervolume 1511.3582711284964
pypal at iteration 189.         106 Pareto optimal points,         2994 discarded points,         25 unclassified points.
Hypervolume 1511.3582711284964
pypal at iteration 190.         106 Pareto optimal points,         2994 discarded points,         25 unclassified points.
Hypervolume 1511.3582711284964
Optimization restart 1/20, f = -1354.7641310277238
Optimization restart 2/20, f = -1344.557140136811
Optimization restart 3/20, f = -1350.7956611179684
Optimization restart 4/20, f = -1340.2690809992814
Optimization restart 5/20, f = -1349.5888407679536
Optimization restart 6/20, f = -1344.19641722808
Optimization restart 7/20, f = -1332.385177485634
Optimization restart 8/20, f = -1344.1270143163051
Optimization restart 9/20, f = -1350.1835848347782
Optimization restart 10/20, f = -1215.8966262139572
Optimization restart 11/20, f = -1172.2672892606217
Optimization restart 12/20, f = -1345.160013531802
Optimization restart 13/20, f = -1344.0640379965203
Optimization restart 14/20, f = -1347.9771403442523
Optimization restart 15/20, f = -1350.502056444505
Optimization restart 16/20, f = -1342.3113918181782
Optimization restart 17/20, f = -1350.5654443467001
Optimization restart 18/20, f = -1337.136144469267
Optimization restart 19/20, f = -1343.8453837212364
Optimization restart 20/20, f = -1345.1554729867173
pypal at iteration 191.         106 Pareto optimal points,         2995 discarded points,         24 unclassified points.
Hypervolume 1511.3582711284964
pypal at iteration 192.         106 Pareto optimal points,         2995 discarded points,         24 unclassified points.
Hypervolume 1511.3582711284964
pypal at iteration 193.         106 Pareto optimal points,         2996 discarded points,         23 unclassified points.
Hypervolume 1511.3582711284964
pypal at iteration 194.         106 Pareto optimal points,         2999 discarded points,         20 unclassified points.
Hypervolume 1511.3582711284964
pypal at iteration 195.         106 Pareto optimal points,         3001 discarded points,         18 unclassified points.
Hypervolume 1511.3582711284964
pypal at iteration 196.         106 Pareto optimal points,         3002 discarded points,         17 unclassified points.
Hypervolume 1511.3582711284964
pypal at iteration 197.         106 Pareto optimal points,         3003 discarded points,         16 unclassified points.
Hypervolume 1511.3582711284964
pypal at iteration 198.         106 Pareto optimal points,         3003 discarded points,         16 unclassified points.
Hypervolume 1511.3582711284964
pypal at iteration 199.         106 Pareto optimal points,         3003 discarded points,         16 unclassified points.
Hypervolume 1511.3582711284964
pypal at iteration 200.         106 Pareto optimal points,         3004 discarded points,         15 unclassified points.
Hypervolume 1511.3582711284964
Optimization restart 1/20, f = -1404.4392684904542
Optimization restart 2/20, f = -1398.6210517274694
Optimization restart 3/20, f = -1392.8870349041488
Optimization restart 4/20, f = -1399.0524010646996
Optimization restart 5/20, f = -1400.3364420292735
Optimization restart 6/20, f = -1398.9555641485608
Optimization restart 7/20, f = -1395.2681467916232
Optimization restart 8/20, f = -1399.0763160474883
Optimization restart 9/20, f = -1402.1091865792848
Optimization restart 10/20, f = -1342.7232709412847
Optimization restart 11/20, f = -1398.9088779816777
Optimization restart 12/20, f = -1394.002073952026
Optimization restart 13/20, f = -1400.3919323797434
Optimization restart 14/20, f = -1399.8004471325744
Optimization restart 15/20, f = -1399.6283622085803
Optimization restart 16/20, f = -1399.5768986132862
Optimization restart 17/20, f = -1399.2545941284054
Optimization restart 18/20, f = -1399.3466579548888
Optimization restart 19/20, f = -1398.358100974673
Optimization restart 20/20, f = -1394.9721899782728
pypal at iteration 201.         106 Pareto optimal points,         3004 discarded points,         15 unclassified points.
Hypervolume 1511.3582711284964
pypal at iteration 202.         106 Pareto optimal points,         3005 discarded points,         14 unclassified points.
Hypervolume 1511.3582711284964
pypal at iteration 203.         106 Pareto optimal points,         3005 discarded points,         14 unclassified points.
Hypervolume 1511.3582711284964
pypal at iteration 204.         106 Pareto optimal points,         3005 discarded points,         14 unclassified points.
Hypervolume 1511.3582711284964
pypal at iteration 205.         106 Pareto optimal points,         3006 discarded points,         13 unclassified points.
Hypervolume 1511.3582711284964
pypal at iteration 206.         107 Pareto optimal points,         3006 discarded points,         12 unclassified points.
Hypervolume 1511.5686894869739
pypal at iteration 207.         107 Pareto optimal points,         3007 discarded points,         11 unclassified points.
Hypervolume 1511.5686894869739
pypal at iteration 208.         107 Pareto optimal points,         3008 discarded points,         10 unclassified points.
Hypervolume 1511.5686894869739
pypal at iteration 209.         107 Pareto optimal points,         3009 discarded points,         9 unclassified points.
Hypervolume 1511.5686894869739
pypal at iteration 210.         107 Pareto optimal points,         3010 discarded points,         8 unclassified points.
Hypervolume 1511.5686894869739
Optimization restart 1/20, f = -1451.593899270934
Optimization restart 2/20, f = -1446.868065340032
Optimization restart 3/20, f = -1447.5052962295836
Optimization restart 4/20, f = -1447.1011139078546
Optimization restart 5/20, f = -1441.5405781688623
Optimization restart 6/20, f = -1411.2916351528156
Optimization restart 7/20, f = -1445.748398917794
Optimization restart 8/20, f = -1439.6509801184138
Optimization restart 9/20, f = -1443.1201803963354
Optimization restart 10/20, f = -1446.2487146518824
Optimization restart 11/20, f = -1444.8956607415455
Optimization restart 12/20, f = -1446.9694517063756
Optimization restart 13/20, f = -1448.2276037051472
Optimization restart 14/20, f = -1445.854759027521
Optimization restart 15/20, f = -1444.9300004605984
Optimization restart 16/20, f = -1443.5875442251559
Optimization restart 17/20, f = -1437.5242188008015
Optimization restart 18/20, f = -1289.5599806900861
Optimization restart 19/20, f = -1241.9521821426983
Optimization restart 20/20, f = -1441.5025091922757
pypal at iteration 211.         108 Pareto optimal points,         3010 discarded points,         7 unclassified points.
Hypervolume 1511.8440381721066
pypal at iteration 212.         108 Pareto optimal points,         3011 discarded points,         6 unclassified points.
Hypervolume 1511.8440381721066
pypal at iteration 213.         108 Pareto optimal points,         3012 discarded points,         5 unclassified points.
Hypervolume 1511.8440381721066
pypal at iteration 214.         108 Pareto optimal points,         3013 discarded points,         4 unclassified points.
Hypervolume 1511.8440381721066
pypal at iteration 215.         108 Pareto optimal points,         3014 discarded points,         3 unclassified points.
Hypervolume 1511.8440381721066
pypal at iteration 216.         108 Pareto optimal points,         3015 discarded points,         2 unclassified points.
Hypervolume 1511.8440381721066
pypal at iteration 217.         108 Pareto optimal points,         3015 discarded points,         2 unclassified points.
Hypervolume 1511.8440381721066
pypal at iteration 218.         108 Pareto optimal points,         3015 discarded points,         2 unclassified points.
Hypervolume 1511.8440381721066
pypal at iteration 219.         108 Pareto optimal points,         3016 discarded points,         1 unclassified points.
Hypervolume 1511.8440381721066
Done. No unclassified point left
pypal at iteration 219.         108 Pareto optimal points,         3017 discarded points,         0 unclassified points.
Hypervolume 1511.8440381721066
