 /home/kjablonk/anaconda3/envs/dispersant_screener/lib/python3.7/site-packages/sklearn/utils/deprecation.py:143: FutureWarning:The sklearn.preprocessing.data module is  deprecated in version 0.22 and will be removed in version 0.24. The corresponding classes / functions should instead be imported from sklearn.preprocessing. Anything that cannot be imported from sklearn.preprocessing is now part of the private API.
 /home/kjablonk/programs/pypal/pypal/pal/validate_inputs.py:146: UserWarning:No goals provided,                 will assume that every dimension should be maximized
 /home/kjablonk/anaconda3/envs/dispersant_screener/lib/python3.7/site-packages/GPy/kern/src/stationary.py:137: RuntimeWarning:overflow encountered in square
 /home/kjablonk/anaconda3/envs/dispersant_screener/lib/python3.7/site-packages/GPy/kern/src/stationary.py:138: RuntimeWarning:invalid value encountered in add
 /home/kjablonk/anaconda3/envs/dispersant_screener/lib/python3.7/site-packages/GPy/kern/src/stationary.py:565: RuntimeWarning:invalid value encountered in multiply
 /home/kjablonk/anaconda3/envs/dispersant_screener/lib/python3.7/site-packages/GPy/kern/src/stationary.py:568: RuntimeWarning:invalid value encountered in subtract
 /home/kjablonk/anaconda3/envs/dispersant_screener/lib/python3.7/site-packages/GPy/kern/src/stationary.py:166: RuntimeWarning:overflow encountered in true_divide
 /home/kjablonk/anaconda3/envs/dispersant_screener/lib/python3.7/site-packages/paramz/transformations.py:111: RuntimeWarning:overflow encountered in expm1
 /home/kjablonk/anaconda3/envs/dispersant_screener/lib/python3.7/site-packages/GPy/kern/src/stationary.py:137: RuntimeWarning:overflow encountered in square
 /home/kjablonk/anaconda3/envs/dispersant_screener/lib/python3.7/site-packages/GPy/kern/src/stationary.py:138: RuntimeWarning:invalid value encountered in add
 /home/kjablonk/anaconda3/envs/dispersant_screener/lib/python3.7/site-packages/GPy/kern/src/stationary.py:565: RuntimeWarning:invalid value encountered in multiply
 /home/kjablonk/anaconda3/envs/dispersant_screener/lib/python3.7/site-packages/GPy/kern/src/stationary.py:568: RuntimeWarning:invalid value encountered in subtract
 /home/kjablonk/anaconda3/envs/dispersant_screener/lib/python3.7/site-packages/GPy/kern/src/stationary.py:166: RuntimeWarning:overflow encountered in true_divide
 /home/kjablonk/anaconda3/envs/dispersant_screener/lib/python3.7/site-packages/GPy/kern/src/stationary.py:243: RuntimeWarning:invalid value encountered in true_divide
 /home/kjablonk/anaconda3/envs/dispersant_screener/lib/python3.7/site-packages/GPy/kern/src/stationary.py:138: RuntimeWarning:overflow encountered in multiply
 /home/kjablonk/anaconda3/envs/dispersant_screener/lib/python3.7/site-packages/GPy/kern/src/stationary.py:138: RuntimeWarning:overflow encountered in add
 /home/kjablonk/anaconda3/envs/dispersant_screener/lib/python3.7/site-packages/GPy/kern/src/stationary.py:565: RuntimeWarning:overflow encountered in multiply
 /home/kjablonk/anaconda3/envs/dispersant_screener/lib/python3.7/site-packages/GPy/kern/src/stationary.py:568: RuntimeWarning:overflow encountered in multiply
 /home/kjablonk/anaconda3/envs/dispersant_screener/lib/python3.7/site-packages/GPy/kern/src/stationary.py:568: RuntimeWarning:invalid value encountered in multiply
 /home/kjablonk/anaconda3/envs/dispersant_screener/lib/python3.7/site-packages/numpy/core/_asarray.py:136: VisibleDeprecationWarning:Creating an ndarray from ragged nested sequences (which is a list-or-tuple of lists-or-tuples-or ndarrays with different lengths or shapes) is deprecated. If you meant to do this, you must specify 'dtype=object' when creating the ndarray
Maximum hypervolume 1536.0438526567837
STARTING PAL
Optimization restart 1/20, f = -398.01912618003433
Optimization restart 2/20, f = -432.54949736256543
Optimization restart 3/20, f = -430.9839487089931
Optimization restart 4/20, f = -431.12403560064166
Optimization restart 5/20, f = -430.70184547613053
Optimization restart 6/20, f = -414.6116344043684
Optimization restart 7/20, f = -432.57283286001064
Optimization restart 8/20, f = -427.5655951363083
Optimization restart 9/20, f = -429.01017727238684
Optimization restart 10/20, f = -429.244606357792
Optimization restart 11/20, f = -397.107832496083
Optimization restart 12/20, f = -432.03836870824364
Optimization restart 13/20, f = -432.38969789110894
Optimization restart 14/20, f = -430.8031004795636
Optimization restart 15/20, f = -428.32909792190793
Optimization restart 16/20, f = -431.20895986864855
Optimization restart 17/20, f = -430.25410633981693
Optimization restart 18/20, f = -397.6484693142997
Optimization restart 19/20, f = -431.61509986984987
Optimization restart 20/20, f = -432.29307216434074
pypal at iteration 1.         6 Pareto optimal points,         995 discarded points,         2124 unclassified points.
Hypervolume 771.7613519827089
pypal at iteration 2.         8 Pareto optimal points,         1040 discarded points,         2077 unclassified points.
Hypervolume 893.4984718410478
pypal at iteration 3.         8 Pareto optimal points,         1046 discarded points,         2071 unclassified points.
Hypervolume 893.4984718410478
pypal at iteration 4.         9 Pareto optimal points,         1048 discarded points,         2068 unclassified points.
Hypervolume 1322.3693577758454
pypal at iteration 5.         9 Pareto optimal points,         1049 discarded points,         2067 unclassified points.
Hypervolume 1322.3693577758454
pypal at iteration 6.         9 Pareto optimal points,         1050 discarded points,         2066 unclassified points.
Hypervolume 1322.3693577758454
pypal at iteration 7.         10 Pareto optimal points,         1050 discarded points,         2065 unclassified points.
Hypervolume 1359.204480841383
pypal at iteration 8.         10 Pareto optimal points,         1052 discarded points,         2063 unclassified points.
Hypervolume 1359.204480841383
pypal at iteration 9.         12 Pareto optimal points,         1053 discarded points,         2060 unclassified points.
Hypervolume 1359.9285752078965
pypal at iteration 10.         12 Pareto optimal points,         1054 discarded points,         2059 unclassified points.
Hypervolume 1359.9285752078965
Optimization restart 1/20, f = -545.1658481518016
Optimization restart 2/20, f = -543.9042666644679
Optimization restart 3/20, f = -542.2921069649324
Optimization restart 4/20, f = -543.4979930386132
Optimization restart 5/20, f = -542.9904792945723
Optimization restart 6/20, f = -508.5000264081066
Optimization restart 7/20, f = -541.429816352193
Optimization restart 8/20, f = -545.0234671055097
Optimization restart 9/20, f = -538.0441170778469
Optimization restart 10/20, f = -543.8835563597185
Optimization restart 11/20, f = -543.3135992767225
Optimization restart 12/20, f = -541.5017097532093
Optimization restart 13/20, f = -542.9792664306875
Optimization restart 14/20, f = -535.9209770527473
Optimization restart 15/20, f = -544.0683175001426
Optimization restart 16/20, f = -542.2326218290418
Optimization restart 17/20, f = -543.7632068906833
Optimization restart 18/20, f = -537.7423644961347
Optimization restart 19/20, f = -542.3890280154727
Optimization restart 20/20, f = -543.3472723664818
pypal at iteration 11.         24 Pareto optimal points,         1175 discarded points,         1926 unclassified points.
Hypervolume 1456.642595891431
pypal at iteration 12.         33 Pareto optimal points,         1175 discarded points,         1917 unclassified points.
Hypervolume 1478.4901776393415
pypal at iteration 13.         33 Pareto optimal points,         1180 discarded points,         1912 unclassified points.
Hypervolume 1478.4901776393415
pypal at iteration 14.         33 Pareto optimal points,         1184 discarded points,         1908 unclassified points.
Hypervolume 1478.4901776393415
pypal at iteration 15.         34 Pareto optimal points,         1202 discarded points,         1889 unclassified points.
Hypervolume 1478.4901776393415
pypal at iteration 16.         42 Pareto optimal points,         1206 discarded points,         1877 unclassified points.
Hypervolume 1481.8581086667778
pypal at iteration 17.         46 Pareto optimal points,         1209 discarded points,         1870 unclassified points.
Hypervolume 1481.8581086667778
pypal at iteration 18.         46 Pareto optimal points,         1211 discarded points,         1868 unclassified points.
Hypervolume 1481.8581086667778
pypal at iteration 19.         46 Pareto optimal points,         1217 discarded points,         1862 unclassified points.
Hypervolume 1481.8581086667778
pypal at iteration 20.         46 Pareto optimal points,         1220 discarded points,         1859 unclassified points.
Hypervolume 1481.8581086667778
Optimization restart 1/20, f = -637.0896504106003
Optimization restart 2/20, f = -634.4907940477286
Optimization restart 3/20, f = -634.3569991737663
Optimization restart 4/20, f = -637.0814087111844
Optimization restart 5/20, f = -637.1990667356428
Optimization restart 6/20, f = -630.9856303220681
Optimization restart 7/20, f = -633.7253223665268
Optimization restart 8/20, f = -608.5109797699624
Optimization restart 9/20, f = -636.9730131207256
Optimization restart 10/20, f = -635.3724279966823
Optimization restart 11/20, f = -638.2080215969464
Optimization restart 12/20, f = -616.7833285188278
Optimization restart 13/20, f = -634.3572900375858
Optimization restart 14/20, f = -636.0587899037812
Optimization restart 15/20, f = -631.7237361988613
Optimization restart 16/20, f = -636.5246050295136
Optimization restart 17/20, f = -637.0293035880595
Optimization restart 18/20, f = -634.5789080129377
Optimization restart 19/20, f = -635.1613530576582
Optimization restart 20/20, f = -636.0602638289944
pypal at iteration 21.         57 Pareto optimal points,         1557 discarded points,         1511 unclassified points.
Hypervolume 1484.6018869069335
pypal at iteration 22.         57 Pareto optimal points,         1567 discarded points,         1501 unclassified points.
Hypervolume 1484.6018869069335
pypal at iteration 23.         63 Pareto optimal points,         1567 discarded points,         1495 unclassified points.
Hypervolume 1485.9480272540075
pypal at iteration 24.         63 Pareto optimal points,         1570 discarded points,         1492 unclassified points.
Hypervolume 1485.9480272540075
pypal at iteration 25.         63 Pareto optimal points,         1573 discarded points,         1489 unclassified points.
Hypervolume 1485.9480272540075
pypal at iteration 26.         66 Pareto optimal points,         1582 discarded points,         1477 unclassified points.
Hypervolume 1486.2012585150032
pypal at iteration 27.         66 Pareto optimal points,         1587 discarded points,         1472 unclassified points.
Hypervolume 1486.2012585150032
pypal at iteration 28.         66 Pareto optimal points,         1589 discarded points,         1470 unclassified points.
Hypervolume 1486.2012585150032
pypal at iteration 29.         66 Pareto optimal points,         1593 discarded points,         1466 unclassified points.
Hypervolume 1486.2012585150032
pypal at iteration 30.         66 Pareto optimal points,         1594 discarded points,         1465 unclassified points.
Hypervolume 1486.2012585150032
Optimization restart 1/20, f = -727.1374985743489
Optimization restart 2/20, f = -584.3239530553826
Optimization restart 3/20, f = -724.824265143815
Optimization restart 4/20, f = -726.0874301276472
Optimization restart 5/20, f = -724.3898534680568
Optimization restart 6/20, f = -542.3981080823935
Optimization restart 7/20, f = -723.7272692501905
Optimization restart 8/20, f = -723.8547940295014
Optimization restart 9/20, f = -723.18666478563
Optimization restart 10/20, f = -723.0304181702896
Optimization restart 11/20, f = -589.8469200581396
Optimization restart 12/20, f = -723.6759672653183
Optimization restart 13/20, f = -716.6348586365622
Optimization restart 14/20, f = -724.9004597355812
Optimization restart 15/20, f = -725.1727677584881
Optimization restart 16/20, f = -725.0314855627889
Optimization restart 17/20, f = -715.7384336984779
Optimization restart 18/20, f = -718.7569003485797
Optimization restart 19/20, f = -708.3878671539906
Optimization restart 20/20, f = -722.6722449302194
pypal at iteration 31.         66 Pareto optimal points,         1637 discarded points,         1422 unclassified points.
Hypervolume 1486.2012585150032
pypal at iteration 32.         67 Pareto optimal points,         1637 discarded points,         1421 unclassified points.
Hypervolume 1486.2012585150032
pypal at iteration 33.         74 Pareto optimal points,         1637 discarded points,         1414 unclassified points.
Hypervolume 1486.2012585150032
pypal at iteration 34.         78 Pareto optimal points,         1637 discarded points,         1410 unclassified points.
Hypervolume 1494.1999773189739
pypal at iteration 35.         83 Pareto optimal points,         1637 discarded points,         1405 unclassified points.
Hypervolume 1494.7780003573675
pypal at iteration 36.         83 Pareto optimal points,         1637 discarded points,         1405 unclassified points.
Hypervolume 1494.7780003573675
pypal at iteration 37.         96 Pareto optimal points,         1644 discarded points,         1385 unclassified points.
Hypervolume 1498.877186659157
pypal at iteration 38.         96 Pareto optimal points,         1645 discarded points,         1384 unclassified points.
Hypervolume 1498.877186659157
pypal at iteration 39.         96 Pareto optimal points,         1646 discarded points,         1383 unclassified points.
Hypervolume 1498.877186659157
pypal at iteration 40.         97 Pareto optimal points,         1647 discarded points,         1381 unclassified points.
Hypervolume 1499.9039609710157
Optimization restart 1/20, f = -805.3295247639279
Optimization restart 2/20, f = -801.2616027403066
Optimization restart 3/20, f = -802.800647623668
Optimization restart 4/20, f = -804.0396054186206
Optimization restart 5/20, f = -790.4641363183223
Optimization restart 6/20, f = -802.0228285728462
Optimization restart 7/20, f = -786.3379943245207
Optimization restart 8/20, f = -776.7383586115398
Optimization restart 9/20, f = -784.7392170964482
Optimization restart 10/20, f = -780.6606583667411
Optimization restart 11/20, f = -803.260659119805
Optimization restart 12/20, f = -801.9683498249703
Optimization restart 13/20, f = -729.0711184418964
Optimization restart 14/20, f = -801.9847118624948
Optimization restart 15/20, f = -803.5440399084325
Optimization restart 16/20, f = -802.9178795135447
Optimization restart 17/20, f = -803.1845169084801
Optimization restart 18/20, f = -803.0212338431305
Optimization restart 19/20, f = -802.6506223033053
Optimization restart 20/20, f = -776.3239197564402
pypal at iteration 41.         98 Pareto optimal points,         1670 discarded points,         1357 unclassified points.
Hypervolume 1499.9039609710157
pypal at iteration 42.         99 Pareto optimal points,         1671 discarded points,         1355 unclassified points.
Hypervolume 1499.9039609710157
pypal at iteration 43.         99 Pareto optimal points,         1672 discarded points,         1354 unclassified points.
Hypervolume 1499.9039609710157
pypal at iteration 44.         100 Pareto optimal points,         1674 discarded points,         1351 unclassified points.
Hypervolume 1499.9039609710157
pypal at iteration 45.         100 Pareto optimal points,         1675 discarded points,         1350 unclassified points.
Hypervolume 1499.9039609710157
pypal at iteration 46.         100 Pareto optimal points,         1678 discarded points,         1347 unclassified points.
Hypervolume 1499.9039609710157
pypal at iteration 47.         101 Pareto optimal points,         1680 discarded points,         1344 unclassified points.
Hypervolume 1499.9039609710157
pypal at iteration 48.         101 Pareto optimal points,         1682 discarded points,         1342 unclassified points.
Hypervolume 1499.9039609710157
pypal at iteration 49.         101 Pareto optimal points,         1682 discarded points,         1342 unclassified points.
Hypervolume 1499.9039609710157
pypal at iteration 50.         101 Pareto optimal points,         1683 discarded points,         1341 unclassified points.
Hypervolume 1499.9039609710157
Optimization restart 1/20, f = -874.2471104250319
Optimization restart 2/20, f = -873.0756634507702
Optimization restart 3/20, f = -871.9322140160691
Optimization restart 4/20, f = -870.7158162239831
Optimization restart 5/20, f = -872.0231774146896
Optimization restart 6/20, f = -872.0158063661927
Optimization restart 7/20, f = -871.6830528353452
Optimization restart 8/20, f = -760.2276126617734
Optimization restart 9/20, f = -872.3578753015506
Optimization restart 10/20, f = -873.6986005984611
Optimization restart 11/20, f = -872.2675220091561
Optimization restart 12/20, f = -873.7280250749827
Optimization restart 13/20, f = -870.6517779680735
Optimization restart 14/20, f = -871.2133927065622
Optimization restart 15/20, f = -839.3245806760312
Optimization restart 16/20, f = -837.9207409874517
Optimization restart 17/20, f = -864.1758613578029
Optimization restart 18/20, f = -873.5321328860358
Optimization restart 19/20, f = -874.7749528065016
Optimization restart 20/20, f = -871.5325778775813
pypal at iteration 51.         102 Pareto optimal points,         1717 discarded points,         1306 unclassified points.
Hypervolume 1499.9039609710157
pypal at iteration 52.         103 Pareto optimal points,         1757 discarded points,         1265 unclassified points.
Hypervolume 1500.6759382113537
pypal at iteration 53.         105 Pareto optimal points,         1758 discarded points,         1262 unclassified points.
Hypervolume 1500.675938211354
pypal at iteration 54.         105 Pareto optimal points,         1759 discarded points,         1261 unclassified points.
Hypervolume 1500.675938211354
pypal at iteration 55.         105 Pareto optimal points,         1760 discarded points,         1260 unclassified points.
Hypervolume 1500.675938211354
pypal at iteration 56.         105 Pareto optimal points,         1760 discarded points,         1260 unclassified points.
Hypervolume 1500.675938211354
pypal at iteration 57.         105 Pareto optimal points,         1761 discarded points,         1259 unclassified points.
Hypervolume 1500.675938211354
pypal at iteration 58.         105 Pareto optimal points,         1761 discarded points,         1259 unclassified points.
Hypervolume 1500.675938211354
pypal at iteration 59.         105 Pareto optimal points,         1762 discarded points,         1258 unclassified points.
Hypervolume 1500.675938211354
pypal at iteration 60.         105 Pareto optimal points,         1763 discarded points,         1257 unclassified points.
Hypervolume 1500.675938211354
Optimization restart 1/20, f = -944.862767608611
Optimization restart 2/20, f = -940.5818993013281
Optimization restart 3/20, f = -940.4933095883392
Optimization restart 4/20, f = -942.0816750101422
Optimization restart 5/20, f = -941.7109146109835
Optimization restart 6/20, f = -926.4712009322582
Optimization restart 7/20, f = -938.6393190016936
Optimization restart 8/20, f = -941.7691306346766
Optimization restart 9/20, f = -939.1677362107756
Optimization restart 10/20, f = -934.7892720076919
Optimization restart 11/20, f = -940.7623344644788
Optimization restart 12/20, f = -924.732606603867
Optimization restart 13/20, f = -941.4499861111806
Optimization restart 14/20, f = -873.924797462331
Optimization restart 15/20, f = -942.5172427664932
Optimization restart 16/20, f = -782.9244795777192
Optimization restart 17/20, f = -942.0639277819337
Optimization restart 18/20, f = -940.7460484384678
Optimization restart 19/20, f = -934.4379060731378
Optimization restart 20/20, f = -934.3357492136738
pypal at iteration 61.         105 Pareto optimal points,         1769 discarded points,         1251 unclassified points.
Hypervolume 1500.675938211354
pypal at iteration 62.         105 Pareto optimal points,         1770 discarded points,         1250 unclassified points.
Hypervolume 1500.675938211354
pypal at iteration 63.         105 Pareto optimal points,         1771 discarded points,         1249 unclassified points.
Hypervolume 1500.675938211354
pypal at iteration 64.         105 Pareto optimal points,         1772 discarded points,         1248 unclassified points.
Hypervolume 1500.675938211354
pypal at iteration 65.         105 Pareto optimal points,         1773 discarded points,         1247 unclassified points.
Hypervolume 1500.675938211354
pypal at iteration 66.         105 Pareto optimal points,         1774 discarded points,         1246 unclassified points.
Hypervolume 1500.675938211354
pypal at iteration 67.         105 Pareto optimal points,         1774 discarded points,         1246 unclassified points.
Hypervolume 1500.675938211354
pypal at iteration 68.         105 Pareto optimal points,         1775 discarded points,         1245 unclassified points.
Hypervolume 1500.675938211354
pypal at iteration 69.         105 Pareto optimal points,         1783 discarded points,         1237 unclassified points.
Hypervolume 1500.675938211354
pypal at iteration 70.         105 Pareto optimal points,         1784 discarded points,         1236 unclassified points.
Hypervolume 1500.675938211354
Optimization restart 1/20, f = -1018.0499649532851
Optimization restart 2/20, f = -1016.9810228955585
Optimization restart 3/20, f = -503.0486490668668
Optimization restart 4/20, f = -1014.3414140788343
Optimization restart 5/20, f = -1016.3394141823019
Optimization restart 6/20, f = -1012.7364903188401
Optimization restart 7/20, f = -1015.0562759901034
Optimization restart 8/20, f = -1011.5322206508918
Optimization restart 9/20, f = -1013.7185654533234
Optimization restart 10/20, f = -1005.5228590823258
Optimization restart 11/20, f = -1013.3483185568681
Optimization restart 12/20, f = -1013.7898652638634
Optimization restart 13/20, f = -1011.5186018666852
Optimization restart 14/20, f = -936.1536937441115
Optimization restart 15/20, f = -1008.672271327991
Optimization restart 16/20, f = -1007.421646426657
Optimization restart 17/20, f = -995.4081625485026
Optimization restart 18/20, f = -1017.169761254483
Optimization restart 19/20, f = -1015.6225256144611
Optimization restart 20/20, f = -987.3911503038714
pypal at iteration 71.         105 Pareto optimal points,         1795 discarded points,         1225 unclassified points.
Hypervolume 1500.675938211354
pypal at iteration 72.         105 Pareto optimal points,         1796 discarded points,         1224 unclassified points.
Hypervolume 1500.675938211354
pypal at iteration 73.         106 Pareto optimal points,         1797 discarded points,         1222 unclassified points.
Hypervolume 1510.5056185285046
pypal at iteration 74.         108 Pareto optimal points,         1798 discarded points,         1219 unclassified points.
Hypervolume 1510.5056185285043
pypal at iteration 75.         109 Pareto optimal points,         1799 discarded points,         1217 unclassified points.
Hypervolume 1510.5056185285043
pypal at iteration 76.         110 Pareto optimal points,         1800 discarded points,         1215 unclassified points.
Hypervolume 1510.5056185285043
pypal at iteration 77.         110 Pareto optimal points,         1801 discarded points,         1214 unclassified points.
Hypervolume 1510.5056185285043
pypal at iteration 78.         110 Pareto optimal points,         1808 discarded points,         1207 unclassified points.
Hypervolume 1510.5056185285043
pypal at iteration 79.         110 Pareto optimal points,         1809 discarded points,         1206 unclassified points.
Hypervolume 1510.5056185285043
pypal at iteration 80.         110 Pareto optimal points,         1814 discarded points,         1201 unclassified points.
Hypervolume 1510.5056185285043
Optimization restart 1/20, f = -1080.0947452275898
Optimization restart 2/20, f = -1075.2521109463473
Optimization restart 3/20, f = -1076.008375105223
Optimization restart 4/20, f = -1076.9203589271074
Optimization restart 5/20, f = -1055.7961609027222
Optimization restart 6/20, f = -1079.189669474249
Optimization restart 7/20, f = -1076.8457142471993
Optimization restart 8/20, f = -1070.5875440370837
Optimization restart 9/20, f = -1066.7359605498953
Optimization restart 10/20, f = -1076.7043590837975
Optimization restart 11/20, f = -1077.000408251129
Optimization restart 12/20, f = -1076.705342525158
Optimization restart 13/20, f = -1074.1648037763616
Optimization restart 14/20, f = -1077.212919462204
Optimization restart 15/20, f = -1076.6039933331276
Optimization restart 16/20, f = -1077.1140430405817
Optimization restart 17/20, f = -1070.9022120739055
Optimization restart 18/20, f = -1056.444864169065
Optimization restart 19/20, f = -1068.9146636479727
Optimization restart 20/20, f = -1056.1457111953405
pypal at iteration 81.         110 Pareto optimal points,         1825 discarded points,         1190 unclassified points.
Hypervolume 1510.5056185285043
pypal at iteration 82.         110 Pareto optimal points,         1888 discarded points,         1127 unclassified points.
Hypervolume 1510.5056185285043
pypal at iteration 83.         110 Pareto optimal points,         1889 discarded points,         1126 unclassified points.
Hypervolume 1510.5056185285043
pypal at iteration 84.         110 Pareto optimal points,         1890 discarded points,         1125 unclassified points.
Hypervolume 1510.5056185285043
pypal at iteration 85.         111 Pareto optimal points,         1891 discarded points,         1123 unclassified points.
Hypervolume 1510.5056185285043
pypal at iteration 86.         111 Pareto optimal points,         1892 discarded points,         1122 unclassified points.
Hypervolume 1510.5056185285043
pypal at iteration 87.         112 Pareto optimal points,         1939 discarded points,         1074 unclassified points.
Hypervolume 1510.505618528504
pypal at iteration 88.         123 Pareto optimal points,         2387 discarded points,         615 unclassified points.
Hypervolume 1510.9610631024489
pypal at iteration 89.         123 Pareto optimal points,         2387 discarded points,         615 unclassified points.
Hypervolume 1510.9610631024489
pypal at iteration 90.         123 Pareto optimal points,         2387 discarded points,         615 unclassified points.
Hypervolume 1510.9610631024489
Optimization restart 1/20, f = -1144.126892165419
Optimization restart 2/20, f = -1133.6113021795938
Optimization restart 3/20, f = -1131.6040496186793
Optimization restart 4/20, f = -1138.5772809925822
Optimization restart 5/20, f = -1138.2543160710684
Optimization restart 6/20, f = -1141.4984078632574
Optimization restart 7/20, f = -1140.9756622491363
Optimization restart 8/20, f = -1138.2350224399188
Optimization restart 9/20, f = -1139.888655968887
Optimization restart 10/20, f = -1133.7949323510784
Optimization restart 11/20, f = -1139.6418264411154
Optimization restart 12/20, f = -1134.8138427567133
Optimization restart 13/20, f = -1139.8541083003347
Optimization restart 14/20, f = -1140.8504528493982
Optimization restart 15/20, f = -1140.5343270887217
Optimization restart 16/20, f = -1142.3949637294554
Optimization restart 17/20, f = -1139.9545587887533
Optimization restart 18/20, f = -1139.4302659257492
Optimization restart 19/20, f = -1139.256208197161
Optimization restart 20/20, f = -1131.3518320683638
pypal at iteration 91.         123 Pareto optimal points,         2387 discarded points,         615 unclassified points.
Hypervolume 1510.9610631024489
pypal at iteration 92.         127 Pareto optimal points,         2387 discarded points,         611 unclassified points.
Hypervolume 1510.9610631024486
pypal at iteration 93.         127 Pareto optimal points,         2387 discarded points,         611 unclassified points.
Hypervolume 1510.9610631024486
pypal at iteration 94.         127 Pareto optimal points,         2387 discarded points,         611 unclassified points.
Hypervolume 1510.9610631024486
pypal at iteration 95.         127 Pareto optimal points,         2387 discarded points,         611 unclassified points.
Hypervolume 1510.9610631024486
pypal at iteration 96.         127 Pareto optimal points,         2389 discarded points,         609 unclassified points.
Hypervolume 1510.9610631024486
pypal at iteration 97.         127 Pareto optimal points,         2389 discarded points,         609 unclassified points.
Hypervolume 1510.9610631024486
pypal at iteration 98.         127 Pareto optimal points,         2389 discarded points,         609 unclassified points.
Hypervolume 1510.9610631024486
pypal at iteration 99.         127 Pareto optimal points,         2389 discarded points,         609 unclassified points.
Hypervolume 1510.9610631024486
pypal at iteration 100.         127 Pareto optimal points,         2389 discarded points,         609 unclassified points.
Hypervolume 1510.9610631024486
Optimization restart 1/20, f = -1207.4043834198983
Optimization restart 2/20, f = -1202.1136584779124
Optimization restart 3/20, f = -1202.804251754218
Optimization restart 4/20, f = -1204.629780062589
Optimization restart 5/20, f = -1201.445234502593
Optimization restart 6/20, f = -1204.0326057671598
Optimization restart 7/20, f = -1204.647989892811
Optimization restart 8/20, f = -1178.677136015769
Optimization restart 9/20, f = -1203.2059140990827
Optimization restart 10/20, f = -1203.3650505502742
Optimization restart 11/20, f = -1204.3352840861303
Optimization restart 12/20, f = -962.944426191164
Optimization restart 13/20, f = -1204.1812436170253
Optimization restart 14/20, f = -1196.0975634232746
Optimization restart 15/20, f = -1204.5206487426321
Optimization restart 16/20, f = -1203.4078963951113
Optimization restart 17/20, f = -1204.3911787008406
Optimization restart 18/20, f = -1201.6114891184745
Optimization restart 19/20, f = -1202.9961689779923
Optimization restart 20/20, f = -1203.8852848440047
pypal at iteration 101.         127 Pareto optimal points,         2389 discarded points,         609 unclassified points.
Hypervolume 1510.9610631024486
pypal at iteration 102.         127 Pareto optimal points,         2389 discarded points,         609 unclassified points.
Hypervolume 1510.9610631024486
pypal at iteration 103.         127 Pareto optimal points,         2389 discarded points,         609 unclassified points.
Hypervolume 1510.9610631024486
pypal at iteration 104.         127 Pareto optimal points,         2389 discarded points,         609 unclassified points.
Hypervolume 1510.9610631024486
pypal at iteration 105.         127 Pareto optimal points,         2389 discarded points,         609 unclassified points.
Hypervolume 1510.9610631024486
pypal at iteration 106.         127 Pareto optimal points,         2389 discarded points,         609 unclassified points.
Hypervolume 1510.9610631024486
pypal at iteration 107.         133 Pareto optimal points,         2389 discarded points,         603 unclassified points.
Hypervolume 1510.9610631024486
pypal at iteration 108.         133 Pareto optimal points,         2982 discarded points,         10 unclassified points.
Hypervolume 1510.9610631024486
pypal at iteration 109.         133 Pareto optimal points,         2982 discarded points,         10 unclassified points.
Hypervolume 1510.9610631024486
pypal at iteration 110.         133 Pareto optimal points,         2982 discarded points,         10 unclassified points.
Hypervolume 1510.9610631024486
Optimization restart 1/20, f = -1271.7221518627985
Optimization restart 2/20, f = -1263.604380903242
Optimization restart 3/20, f = -1260.6000263474875
Optimization restart 4/20, f = -1264.958119291797
Optimization restart 5/20, f = -1267.8405887030406
Optimization restart 6/20, f = -1262.2979909859405
Optimization restart 7/20, f = -1267.499069392371
Optimization restart 8/20, f = -1255.0239181185038
Optimization restart 9/20, f = -1260.4991906125674
Optimization restart 10/20, f = -1264.834198748123
Optimization restart 11/20, f = -1270.3656951889013
Optimization restart 12/20, f = -1266.2929274517332
Optimization restart 13/20, f = -1024.6588425940595
Optimization restart 14/20, f = -1268.4476589854994
Optimization restart 15/20, f = -1242.4743352190312
Optimization restart 16/20, f = -1268.1920527503498
Optimization restart 17/20, f = -1260.552095808127
Optimization restart 18/20, f = -1262.3239366224334
Optimization restart 19/20, f = -1268.5015791787403
Optimization restart 20/20, f = -1260.7458014072513
pypal at iteration 111.         133 Pareto optimal points,         2982 discarded points,         10 unclassified points.
Hypervolume 1510.9610631024486
pypal at iteration 112.         133 Pareto optimal points,         2982 discarded points,         10 unclassified points.
Hypervolume 1510.9610631024486
pypal at iteration 113.         133 Pareto optimal points,         2982 discarded points,         10 unclassified points.
Hypervolume 1510.9610631024486
pypal at iteration 114.         133 Pareto optimal points,         2982 discarded points,         10 unclassified points.
Hypervolume 1510.9610631024486
pypal at iteration 115.         133 Pareto optimal points,         2982 discarded points,         10 unclassified points.
Hypervolume 1510.9610631024486
pypal at iteration 116.         133 Pareto optimal points,         2982 discarded points,         10 unclassified points.
Hypervolume 1510.9610631024486
pypal at iteration 117.         133 Pareto optimal points,         2982 discarded points,         10 unclassified points.
Hypervolume 1510.9610631024486
pypal at iteration 118.         133 Pareto optimal points,         2982 discarded points,         10 unclassified points.
Hypervolume 1510.9610631024486
pypal at iteration 119.         133 Pareto optimal points,         2982 discarded points,         10 unclassified points.
Hypervolume 1510.9610631024486
pypal at iteration 120.         133 Pareto optimal points,         2982 discarded points,         10 unclassified points.
Hypervolume 1510.9610631024486
Optimization restart 1/20, f = -1342.7200335218677
Optimization restart 2/20, f = -1335.7909042406222
Optimization restart 3/20, f = -1340.2545536829464
Optimization restart 4/20, f = -1330.9207554087377
Optimization restart 5/20, f = -1339.5893921523257
Optimization restart 6/20, f = -1339.9759865837823
Optimization restart 7/20, f = -1330.2093532959861
Optimization restart 8/20, f = -1338.5276359987715
Optimization restart 9/20, f = -1338.150363548807
Optimization restart 10/20, f = -1337.2827231263127
Optimization restart 11/20, f = -1337.2927748352463
Optimization restart 12/20, f = -1335.0043627524753
Optimization restart 13/20, f = -1337.6630517272683
Optimization restart 14/20, f = -1335.1722586362341
Optimization restart 15/20, f = -1221.402319017235
Optimization restart 16/20, f = -1328.8785192703926
Optimization restart 17/20, f = -1334.0363876261135
Optimization restart 18/20, f = -1339.1838520325
Optimization restart 19/20, f = -1338.0089720704364
Optimization restart 20/20, f = -1335.992344465904
pypal at iteration 121.         133 Pareto optimal points,         2982 discarded points,         10 unclassified points.
Hypervolume 1510.9610631024486
pypal at iteration 122.         133 Pareto optimal points,         2982 discarded points,         10 unclassified points.
Hypervolume 1510.9610631024486
pypal at iteration 123.         133 Pareto optimal points,         2982 discarded points,         10 unclassified points.
Hypervolume 1510.9610631024486
pypal at iteration 124.         133 Pareto optimal points,         2982 discarded points,         10 unclassified points.
Hypervolume 1510.9610631024486
pypal at iteration 125.         133 Pareto optimal points,         2982 discarded points,         10 unclassified points.
Hypervolume 1510.9610631024486
pypal at iteration 126.         133 Pareto optimal points,         2982 discarded points,         10 unclassified points.
Hypervolume 1510.9610631024486
pypal at iteration 127.         133 Pareto optimal points,         2982 discarded points,         10 unclassified points.
Hypervolume 1510.9610631024486
pypal at iteration 128.         133 Pareto optimal points,         2982 discarded points,         10 unclassified points.
Hypervolume 1510.9610631024486
pypal at iteration 129.         133 Pareto optimal points,         2982 discarded points,         10 unclassified points.
Hypervolume 1510.9610631024486
pypal at iteration 130.         133 Pareto optimal points,         2982 discarded points,         10 unclassified points.
Hypervolume 1510.9610631024486
Optimization restart 1/20, f = -1408.5950361555256
Optimization restart 2/20, f = -1400.6124309740571
Optimization restart 3/20, f = -1404.2663797118544
Optimization restart 4/20, f = -1405.5237755375492
Optimization restart 5/20, f = -1406.0648970784669
Optimization restart 6/20, f = -1394.199338867437
Optimization restart 7/20, f = -1403.2025132263684
Optimization restart 8/20, f = -1402.0323369821176
Optimization restart 9/20, f = -1395.6367685672753
Optimization restart 10/20, f = -1406.0353493523176
Optimization restart 11/20, f = -1405.6489109816623
Optimization restart 12/20, f = -1392.4173027781326
Optimization restart 13/20, f = -1405.9043545490463
Optimization restart 14/20, f = -1396.9106363506598
Optimization restart 15/20, f = -1404.8621606327456
Optimization restart 16/20, f = -1398.783087555454
Optimization restart 17/20, f = -1405.6852723024574
Optimization restart 18/20, f = -1394.670777125804
Optimization restart 19/20, f = -1398.3554722736221
Optimization restart 20/20, f = -1237.5907481026968
pypal at iteration 131.         133 Pareto optimal points,         2982 discarded points,         10 unclassified points.
Hypervolume 1510.9610631024486
pypal at iteration 132.         133 Pareto optimal points,         2983 discarded points,         9 unclassified points.
Hypervolume 1510.9610631024486
pypal at iteration 133.         133 Pareto optimal points,         2983 discarded points,         9 unclassified points.
Hypervolume 1510.9610631024486
pypal at iteration 134.         133 Pareto optimal points,         2983 discarded points,         9 unclassified points.
Hypervolume 1510.9610631024486
pypal at iteration 135.         133 Pareto optimal points,         2983 discarded points,         9 unclassified points.
Hypervolume 1510.9610631024486
pypal at iteration 136.         133 Pareto optimal points,         2983 discarded points,         9 unclassified points.
Hypervolume 1510.9610631024486
pypal at iteration 137.         133 Pareto optimal points,         2983 discarded points,         9 unclassified points.
Hypervolume 1510.9610631024486
pypal at iteration 138.         133 Pareto optimal points,         2983 discarded points,         9 unclassified points.
Hypervolume 1510.9610631024486
pypal at iteration 139.         133 Pareto optimal points,         2983 discarded points,         9 unclassified points.
Hypervolume 1510.9610631024486
pypal at iteration 140.         133 Pareto optimal points,         2983 discarded points,         9 unclassified points.
Hypervolume 1510.9610631024486
Optimization restart 1/20, f = -1459.8877406356678
Optimization restart 2/20, f = -1453.499730953389
Optimization restart 3/20, f = -1410.9891422198352
Optimization restart 4/20, f = -1457.4503645882837
Optimization restart 5/20, f = -1457.5574288563894
Optimization restart 6/20, f = -1454.0288724110387
Optimization restart 7/20, f = -1457.754076777401
Optimization restart 8/20, f = -1452.411601908943
Optimization restart 9/20, f = -1452.7522956655166
Optimization restart 10/20, f = -1456.0935555261376
Optimization restart 11/20, f = -1444.433743370034
Optimization restart 12/20, f = -1457.2295918173452
Optimization restart 13/20, f = -1457.1754555727114
Optimization restart 14/20, f = -1456.2149800871134
Optimization restart 15/20, f = -1456.309144515739
Optimization restart 16/20, f = -1406.124150900002
Optimization restart 17/20, f = -1450.5245843902621
Optimization restart 18/20, f = -1450.8238290937034
Optimization restart 19/20, f = -1458.249361534576
Optimization restart 20/20, f = -1458.4703101092996
pypal at iteration 141.         133 Pareto optimal points,         2983 discarded points,         9 unclassified points.
Hypervolume 1510.9610631024486
pypal at iteration 142.         133 Pareto optimal points,         2983 discarded points,         9 unclassified points.
Hypervolume 1510.9610631024486
pypal at iteration 143.         133 Pareto optimal points,         2984 discarded points,         8 unclassified points.
Hypervolume 1510.9610631024486
pypal at iteration 144.         133 Pareto optimal points,         2984 discarded points,         8 unclassified points.
Hypervolume 1510.9610631024486
pypal at iteration 145.         133 Pareto optimal points,         2984 discarded points,         8 unclassified points.
Hypervolume 1510.9610631024486
pypal at iteration 146.         133 Pareto optimal points,         2984 discarded points,         8 unclassified points.
Hypervolume 1510.9610631024486
pypal at iteration 147.         133 Pareto optimal points,         2984 discarded points,         8 unclassified points.
Hypervolume 1510.9610631024486
pypal at iteration 148.         133 Pareto optimal points,         2984 discarded points,         8 unclassified points.
Hypervolume 1510.9610631024486
pypal at iteration 149.         133 Pareto optimal points,         2984 discarded points,         8 unclassified points.
Hypervolume 1510.9610631024486
pypal at iteration 150.         133 Pareto optimal points,         2984 discarded points,         8 unclassified points.
Hypervolume 1510.9610631024486
Optimization restart 1/20, f = -1513.5463997650932
Optimization restart 2/20, f = -1506.696401555775
Optimization restart 3/20, f = -1509.6212787058466
Optimization restart 4/20, f = -1506.559371455965
Optimization restart 5/20, f = -1508.0653144020778
Optimization restart 6/20, f = -1506.2123383052822
Optimization restart 7/20, f = -1511.4688319895026
Optimization restart 8/20, f = -1504.8432946545197
Optimization restart 9/20, f = -1504.5283034466497
Optimization restart 10/20, f = -1508.7490105571626
Optimization restart 11/20, f = -1507.7640603009386
Optimization restart 12/20, f = -1509.3725742980328
Optimization restart 13/20, f = -1486.9931879931628
Optimization restart 14/20, f = -1511.9331697243329
Optimization restart 15/20, f = -1509.6321049520866
Optimization restart 16/20, f = -1509.378028267171
Optimization restart 17/20, f = -1510.6280398422753
Optimization restart 18/20, f = -1146.9751568261538
Optimization restart 19/20, f = -1509.2545340066151
Optimization restart 20/20, f = -1495.3945625622023
pypal at iteration 151.         133 Pareto optimal points,         2984 discarded points,         8 unclassified points.
Hypervolume 1510.9610631024486
pypal at iteration 152.         133 Pareto optimal points,         2984 discarded points,         8 unclassified points.
Hypervolume 1510.9610631024486
pypal at iteration 153.         133 Pareto optimal points,         2984 discarded points,         8 unclassified points.
Hypervolume 1510.9610631024486
pypal at iteration 154.         133 Pareto optimal points,         2984 discarded points,         8 unclassified points.
Hypervolume 1510.9610631024486
pypal at iteration 155.         133 Pareto optimal points,         2984 discarded points,         8 unclassified points.
Hypervolume 1510.9610631024486
pypal at iteration 156.         133 Pareto optimal points,         2984 discarded points,         8 unclassified points.
Hypervolume 1510.9610631024486
pypal at iteration 157.         133 Pareto optimal points,         2984 discarded points,         8 unclassified points.
Hypervolume 1510.9610631024486
pypal at iteration 158.         133 Pareto optimal points,         2984 discarded points,         8 unclassified points.
Hypervolume 1510.9610631024486
pypal at iteration 159.         133 Pareto optimal points,         2984 discarded points,         8 unclassified points.
Hypervolume 1510.9610631024486
pypal at iteration 160.         133 Pareto optimal points,         2984 discarded points,         8 unclassified points.
Hypervolume 1510.9610631024486
Optimization restart 1/20, f = -1557.8150686869214
Optimization restart 2/20, f = -1553.2226157053133
Optimization restart 3/20, f = -1550.5001745593804
Optimization restart 4/20, f = -1538.532392940383
Optimization restart 5/20, f = -1442.7203508155153
Optimization restart 6/20, f = -1545.9401670277202
Optimization restart 7/20, f = -1552.7089544347887
Optimization restart 8/20, f = -1525.0550067505485
Optimization restart 9/20, f = -1379.7514829437966
Optimization restart 10/20, f = -1553.551975474856
Optimization restart 11/20, f = -1546.7440779084652
Optimization restart 12/20, f = -1542.409522559171
Optimization restart 13/20, f = -1555.821997880959
Optimization restart 14/20, f = -1550.0898720557793
Optimization restart 15/20, f = -1556.0319795760913
Optimization restart 16/20, f = -1545.152989545197
Optimization restart 17/20, f = -1547.3935830901846
Optimization restart 18/20, f = -1543.9576221647803
Optimization restart 19/20, f = -1532.8771937355423
Optimization restart 20/20, f = -1554.0201790367228
pypal at iteration 161.         133 Pareto optimal points,         2984 discarded points,         8 unclassified points.
Hypervolume 1510.9610631024486
pypal at iteration 162.         133 Pareto optimal points,         2984 discarded points,         8 unclassified points.
Hypervolume 1510.9610631024486
pypal at iteration 163.         133 Pareto optimal points,         2985 discarded points,         7 unclassified points.
Hypervolume 1510.9610631024486
pypal at iteration 164.         133 Pareto optimal points,         2985 discarded points,         7 unclassified points.
Hypervolume 1510.9610631024486
pypal at iteration 165.         133 Pareto optimal points,         2985 discarded points,         7 unclassified points.
Hypervolume 1510.9610631024486
pypal at iteration 166.         133 Pareto optimal points,         2985 discarded points,         7 unclassified points.
Hypervolume 1510.9610631024486
pypal at iteration 167.         133 Pareto optimal points,         2985 discarded points,         7 unclassified points.
Hypervolume 1510.9610631024486
pypal at iteration 168.         133 Pareto optimal points,         2985 discarded points,         7 unclassified points.
Hypervolume 1510.9610631024486
pypal at iteration 169.         133 Pareto optimal points,         2985 discarded points,         7 unclassified points.
Hypervolume 1510.9610631024486
pypal at iteration 170.         133 Pareto optimal points,         2986 discarded points,         6 unclassified points.
Hypervolume 1510.9610631024486
Optimization restart 1/20, f = -1617.4600080976127
Optimization restart 2/20, f = -1615.8179256504363
Optimization restart 3/20, f = -1616.978656376296
Optimization restart 4/20, f = -1607.6098400752771
Optimization restart 5/20, f = -1606.3082927930743
Optimization restart 6/20, f = -1609.3085228556952
Optimization restart 7/20, f = -1613.5455110200799
Optimization restart 8/20, f = -1612.7359519514066
Optimization restart 9/20, f = -1612.8625124130276
Optimization restart 10/20, f = -1613.7368095159648
Optimization restart 11/20, f = -1615.2682508058263
Optimization restart 12/20, f = -1612.541851709082
Optimization restart 13/20, f = -1604.871736877914
Optimization restart 14/20, f = -1614.778096286595
Optimization restart 15/20, f = -1610.8409458657547
Optimization restart 16/20, f = -1614.3103600600539
Optimization restart 17/20, f = -1615.0596335210528
Optimization restart 18/20, f = -1615.6031259645556
Optimization restart 19/20, f = -1612.7551594250451
Optimization restart 20/20, f = -1610.1029258173764
pypal at iteration 171.         133 Pareto optimal points,         2986 discarded points,         6 unclassified points.
Hypervolume 1510.9610631024486
pypal at iteration 172.         133 Pareto optimal points,         2986 discarded points,         6 unclassified points.
Hypervolume 1510.9610631024486
pypal at iteration 173.         133 Pareto optimal points,         2986 discarded points,         6 unclassified points.
Hypervolume 1510.9610631024486
pypal at iteration 174.         133 Pareto optimal points,         2986 discarded points,         6 unclassified points.
Hypervolume 1510.9610631024486
pypal at iteration 175.         133 Pareto optimal points,         2986 discarded points,         6 unclassified points.
Hypervolume 1510.9610631024486
pypal at iteration 176.         133 Pareto optimal points,         2986 discarded points,         6 unclassified points.
Hypervolume 1510.9610631024486
pypal at iteration 177.         133 Pareto optimal points,         2987 discarded points,         5 unclassified points.
Hypervolume 1510.9610631024486
pypal at iteration 178.         133 Pareto optimal points,         2988 discarded points,         4 unclassified points.
Hypervolume 1510.9610631024486
pypal at iteration 179.         133 Pareto optimal points,         2988 discarded points,         4 unclassified points.
Hypervolume 1510.9610631024486
pypal at iteration 180.         133 Pareto optimal points,         2988 discarded points,         4 unclassified points.
Hypervolume 1510.9610631024486
Optimization restart 1/20, f = -1669.2713503176149
Optimization restart 2/20, f = -1658.0168992880774
Optimization restart 3/20, f = -1655.7543075545768
Optimization restart 4/20, f = -1644.2542033967375
Optimization restart 5/20, f = -1658.4340826277955
Optimization restart 6/20, f = -1666.7485857951515
Optimization restart 7/20, f = -1654.453954540573
Optimization restart 8/20, f = -1665.764060050685
Optimization restart 9/20, f = -1665.57034402539
Optimization restart 10/20, f = -1662.7255662018072
Optimization restart 11/20, f = -1664.7667826181823
Optimization restart 12/20, f = -1666.2386667274538
Optimization restart 13/20, f = -1667.4609874725888
Optimization restart 14/20, f = -1630.868898667058
Optimization restart 15/20, f = -1667.0950512202583
Optimization restart 16/20, f = -1655.701381386214
Optimization restart 17/20, f = -1661.8242333596072
Optimization restart 18/20, f = -1628.123614155803
Optimization restart 19/20, f = -1658.1015222179208
Optimization restart 20/20, f = -1668.0736461439228
pypal at iteration 181.         133 Pareto optimal points,         2988 discarded points,         4 unclassified points.
Hypervolume 1510.9610631024486
pypal at iteration 182.         133 Pareto optimal points,         2988 discarded points,         4 unclassified points.
Hypervolume 1510.9610631024486
pypal at iteration 183.         133 Pareto optimal points,         2988 discarded points,         4 unclassified points.
Hypervolume 1510.9610631024486
pypal at iteration 184.         133 Pareto optimal points,         2988 discarded points,         4 unclassified points.
Hypervolume 1510.9610631024486
pypal at iteration 185.         133 Pareto optimal points,         2988 discarded points,         4 unclassified points.
Hypervolume 1510.9610631024486
pypal at iteration 186.         133 Pareto optimal points,         2988 discarded points,         4 unclassified points.
Hypervolume 1510.9610631024486
pypal at iteration 187.         133 Pareto optimal points,         2988 discarded points,         4 unclassified points.
Hypervolume 1510.9610631024486
pypal at iteration 188.         133 Pareto optimal points,         2989 discarded points,         3 unclassified points.
Hypervolume 1510.9610631024486
pypal at iteration 189.         133 Pareto optimal points,         2990 discarded points,         2 unclassified points.
Hypervolume 1510.9610631024486
pypal at iteration 190.         133 Pareto optimal points,         2991 discarded points,         1 unclassified points.
Hypervolume 1510.9610631024486
Optimization restart 1/20, f = -1725.7802769392429
Optimization restart 2/20, f = -1714.6322551659769
Optimization restart 3/20, f = -1722.1486098823493
Optimization restart 4/20, f = -1713.4455174372451
Optimization restart 5/20, f = -1716.9499144763506
Optimization restart 6/20, f = -1722.8730520841877
Optimization restart 7/20, f = -1711.051286442316
Optimization restart 8/20, f = -1694.8578932111066
Optimization restart 9/20, f = -1720.4726829704598
Optimization restart 10/20, f = -1697.9566532166332
Optimization restart 11/20, f = -1722.6174180001328
Optimization restart 12/20, f = -1708.0888606073215
Optimization restart 13/20, f = -1689.6901203839311
Optimization restart 14/20, f = -1717.8011463843695
Optimization restart 15/20, f = -1722.5163898005774
Optimization restart 16/20, f = -1723.2175056889005
Optimization restart 17/20, f = -1724.3560406660943
Optimization restart 18/20, f = -1713.8789997995764
Optimization restart 19/20, f = -1713.0635804586186
Optimization restart 20/20, f = -1713.8551998472412
pypal at iteration 191.         133 Pareto optimal points,         2991 discarded points,         1 unclassified points.
Hypervolume 1510.9610631024486
pypal at iteration 192.         133 Pareto optimal points,         2991 discarded points,         1 unclassified points.
Hypervolume 1510.9610631024486
Done. No unclassified point left
pypal at iteration 192.         133 Pareto optimal points,         2992 discarded points,         0 unclassified points.
Hypervolume 1510.9610631024486
