 /home/kjablonk/anaconda3/envs/dispersant_screener/lib/python3.7/site-packages/sklearn/utils/deprecation.py:143: FutureWarning:The sklearn.preprocessing.data module is  deprecated in version 0.22 and will be removed in version 0.24. The corresponding classes / functions should instead be imported from sklearn.preprocessing. Anything that cannot be imported from sklearn.preprocessing is now part of the private API.
 /home/kjablonk/programs/pypal/pypal/pal/validate_inputs.py:146: UserWarning:No goals provided,                 will assume that every dimension should be maximized
 /home/kjablonk/anaconda3/envs/dispersant_screener/lib/python3.7/site-packages/GPy/kern/src/stationary.py:166: RuntimeWarning:overflow encountered in true_divide
 /home/kjablonk/anaconda3/envs/dispersant_screener/lib/python3.7/site-packages/GPy/kern/src/stationary.py:137: RuntimeWarning:overflow encountered in square
 /home/kjablonk/anaconda3/envs/dispersant_screener/lib/python3.7/site-packages/GPy/kern/src/stationary.py:138: RuntimeWarning:invalid value encountered in add
 /home/kjablonk/anaconda3/envs/dispersant_screener/lib/python3.7/site-packages/GPy/kern/src/stationary.py:565: RuntimeWarning:invalid value encountered in multiply
 /home/kjablonk/anaconda3/envs/dispersant_screener/lib/python3.7/site-packages/GPy/kern/src/stationary.py:568: RuntimeWarning:invalid value encountered in subtract
 /home/kjablonk/anaconda3/envs/dispersant_screener/lib/python3.7/site-packages/GPy/kern/src/stationary.py:243: RuntimeWarning:invalid value encountered in true_divide
 /home/kjablonk/anaconda3/envs/dispersant_screener/lib/python3.7/site-packages/paramz/transformations.py:111: RuntimeWarning:overflow encountered in expm1
 /home/kjablonk/anaconda3/envs/dispersant_screener/lib/python3.7/site-packages/GPy/kern/src/stationary.py:137: RuntimeWarning:overflow encountered in square
 /home/kjablonk/anaconda3/envs/dispersant_screener/lib/python3.7/site-packages/GPy/kern/src/stationary.py:138: RuntimeWarning:invalid value encountered in add
 /home/kjablonk/anaconda3/envs/dispersant_screener/lib/python3.7/site-packages/GPy/kern/src/stationary.py:565: RuntimeWarning:invalid value encountered in multiply
 /home/kjablonk/anaconda3/envs/dispersant_screener/lib/python3.7/site-packages/GPy/kern/src/stationary.py:568: RuntimeWarning:invalid value encountered in subtract
 /home/kjablonk/anaconda3/envs/dispersant_screener/lib/python3.7/site-packages/GPy/kern/src/stationary.py:166: RuntimeWarning:overflow encountered in true_divide
 /home/kjablonk/anaconda3/envs/dispersant_screener/lib/python3.7/site-packages/GPy/kern/src/stationary.py:243: RuntimeWarning:invalid value encountered in true_divide
 /home/kjablonk/anaconda3/envs/dispersant_screener/lib/python3.7/site-packages/GPy/kern/src/stationary.py:565: RuntimeWarning:overflow encountered in multiply
 /home/kjablonk/anaconda3/envs/dispersant_screener/lib/python3.7/site-packages/GPy/kern/src/stationary.py:568: RuntimeWarning:overflow encountered in multiply
 /home/kjablonk/anaconda3/envs/dispersant_screener/lib/python3.7/site-packages/GPy/kern/src/stationary.py:568: RuntimeWarning:invalid value encountered in multiply
 /home/kjablonk/anaconda3/envs/dispersant_screener/lib/python3.7/site-packages/GPy/kern/src/stationary.py:138: RuntimeWarning:overflow encountered in multiply
 /home/kjablonk/anaconda3/envs/dispersant_screener/lib/python3.7/site-packages/GPy/kern/src/stationary.py:138: RuntimeWarning:overflow encountered in add
 /home/kjablonk/anaconda3/envs/dispersant_screener/lib/python3.7/site-packages/numpy/core/_asarray.py:136: VisibleDeprecationWarning:Creating an ndarray from ragged nested sequences (which is a list-or-tuple of lists-or-tuples-or ndarrays with different lengths or shapes) is deprecated. If you meant to do this, you must specify 'dtype=object' when creating the ndarray
Maximum hypervolume 1536.0438526567837
STARTING PAL
Optimization restart 1/20, f = -229.84347702155497
Optimization restart 2/20, f = -229.11749143739848
Optimization restart 3/20, f = -219.6400296772164
Optimization restart 4/20, f = -229.78441851637103
Optimization restart 5/20, f = -229.58191084766824
Optimization restart 6/20, f = -228.59980454069114
Optimization restart 7/20, f = -228.96704945590517
Optimization restart 8/20, f = -227.03534226304632
Optimization restart 9/20, f = -210.57647927125976
Optimization restart 10/20, f = -184.59710872626687
Optimization restart 11/20, f = -230.01844322395135
Optimization restart 12/20, f = -218.18147652769522
Optimization restart 13/20, f = -212.2469645398572
Optimization restart 14/20, f = -229.48771426535586
Optimization restart 15/20, f = -229.54290310239384
Optimization restart 16/20, f = -205.29778020813723
Optimization restart 17/20, f = -230.1640976586211
Optimization restart 18/20, f = -229.47243880885617
Optimization restart 19/20, f = -229.902035798486
Optimization restart 20/20, f = -229.8092950272221
pypal at iteration 1.         6 Pareto optimal points,         598 discarded points,         2521 unclassified points.
Hypervolume 854.3505352041
pypal at iteration 2.         39 Pareto optimal points,         658 discarded points,         2428 unclassified points.
Hypervolume 1402.4474396535884
pypal at iteration 3.         42 Pareto optimal points,         699 discarded points,         2384 unclassified points.
Hypervolume 1427.353623300969
pypal at iteration 4.         45 Pareto optimal points,         701 discarded points,         2379 unclassified points.
Hypervolume 1486.0218068468578
pypal at iteration 5.         50 Pareto optimal points,         701 discarded points,         2374 unclassified points.
Hypervolume 1486.4223982115368
pypal at iteration 6.         50 Pareto optimal points,         701 discarded points,         2374 unclassified points.
Hypervolume 1486.4223982115368
pypal at iteration 7.         50 Pareto optimal points,         701 discarded points,         2374 unclassified points.
Hypervolume 1486.4223982115368
pypal at iteration 8.         50 Pareto optimal points,         701 discarded points,         2374 unclassified points.
Hypervolume 1486.4223982115368
pypal at iteration 9.         50 Pareto optimal points,         701 discarded points,         2374 unclassified points.
Hypervolume 1486.4223982115368
pypal at iteration 10.         50 Pareto optimal points,         701 discarded points,         2374 unclassified points.
Hypervolume 1486.4223982115368
Optimization restart 1/20, f = -343.5811908494473
Optimization restart 2/20, f = -252.98784473993538
Optimization restart 3/20, f = -342.70211460843814
Optimization restart 4/20, f = -342.9409519135999
Optimization restart 5/20, f = -204.3698965634449
Optimization restart 6/20, f = -343.25176755272054
Optimization restart 7/20, f = -338.88854646323375
Optimization restart 8/20, f = -336.57976158102286
Optimization restart 9/20, f = -343.3306356787191
Optimization restart 10/20, f = -333.77551682333416
Optimization restart 11/20, f = -343.2538042878305
Optimization restart 12/20, f = -311.83664851406536
Optimization restart 13/20, f = -343.21370430204405
Optimization restart 14/20, f = -318.6632367629819
Optimization restart 15/20, f = -343.22287963545205
Optimization restart 16/20, f = -343.4832836055235
Optimization restart 17/20, f = -343.0716503360197
Optimization restart 18/20, f = -341.312913134132
Optimization restart 19/20, f = -343.46704383267945
Optimization restart 20/20, f = -342.4787774515239
pypal at iteration 11.         60 Pareto optimal points,         901 discarded points,         2164 unclassified points.
Hypervolume 1486.4223982115368
pypal at iteration 12.         60 Pareto optimal points,         901 discarded points,         2164 unclassified points.
Hypervolume 1486.4223982115368
pypal at iteration 13.         60 Pareto optimal points,         901 discarded points,         2164 unclassified points.
Hypervolume 1486.4223982115368
pypal at iteration 14.         60 Pareto optimal points,         902 discarded points,         2163 unclassified points.
Hypervolume 1486.4223982115368
pypal at iteration 15.         60 Pareto optimal points,         1305 discarded points,         1760 unclassified points.
Hypervolume 1486.4223982115368
pypal at iteration 16.         60 Pareto optimal points,         1305 discarded points,         1760 unclassified points.
Hypervolume 1486.4223982115368
pypal at iteration 17.         60 Pareto optimal points,         1305 discarded points,         1760 unclassified points.
Hypervolume 1486.4223982115368
pypal at iteration 18.         60 Pareto optimal points,         1305 discarded points,         1760 unclassified points.
Hypervolume 1486.4223982115368
pypal at iteration 19.         60 Pareto optimal points,         1305 discarded points,         1760 unclassified points.
Hypervolume 1486.4223982115368
pypal at iteration 20.         60 Pareto optimal points,         1305 discarded points,         1760 unclassified points.
Hypervolume 1486.4223982115368
Optimization restart 1/20, f = -419.65939193742435
Optimization restart 2/20, f = -418.7134126410272
Optimization restart 3/20, f = -419.0665937979727
Optimization restart 4/20, f = -388.12362066990187
Optimization restart 5/20, f = -419.22954015501784
Optimization restart 6/20, f = -386.2178595032966
Optimization restart 7/20, f = -419.3167007689098
Optimization restart 8/20, f = -415.3473960392398
Optimization restart 9/20, f = -417.5169597554278
Optimization restart 10/20, f = -322.8899837035017
Optimization restart 11/20, f = -418.28397671126675
Optimization restart 12/20, f = -417.95327407294957
Optimization restart 13/20, f = -416.33840933895135
Optimization restart 14/20, f = -419.1212913438914
Optimization restart 15/20, f = -419.34303202028224
Optimization restart 16/20, f = -418.99936573182777
Optimization restart 17/20, f = -418.6402294207465
Optimization restart 18/20, f = -416.1552584832354
Optimization restart 19/20, f = -418.8382858978309
Optimization restart 20/20, f = -419.3088906064897
pypal at iteration 21.         60 Pareto optimal points,         1305 discarded points,         1760 unclassified points.
Hypervolume 1486.4223982115368
pypal at iteration 22.         60 Pareto optimal points,         1309 discarded points,         1756 unclassified points.
Hypervolume 1486.4223982115368
pypal at iteration 23.         69 Pareto optimal points,         1629 discarded points,         1427 unclassified points.
Hypervolume 1486.422398211537
pypal at iteration 24.         69 Pareto optimal points,         1631 discarded points,         1425 unclassified points.
Hypervolume 1486.422398211537
pypal at iteration 25.         69 Pareto optimal points,         1639 discarded points,         1417 unclassified points.
Hypervolume 1486.422398211537
pypal at iteration 26.         69 Pareto optimal points,         1640 discarded points,         1416 unclassified points.
Hypervolume 1486.422398211537
pypal at iteration 27.         69 Pareto optimal points,         1642 discarded points,         1414 unclassified points.
Hypervolume 1486.422398211537
pypal at iteration 28.         69 Pareto optimal points,         1643 discarded points,         1413 unclassified points.
Hypervolume 1486.422398211537
pypal at iteration 29.         72 Pareto optimal points,         1644 discarded points,         1409 unclassified points.
Hypervolume 1488.1840443724354
pypal at iteration 30.         72 Pareto optimal points,         1644 discarded points,         1409 unclassified points.
Hypervolume 1488.1840443724354
Optimization restart 1/20, f = -487.51241456037707
Optimization restart 2/20, f = -488.2469073664395
Optimization restart 3/20, f = -485.9728845666938
Optimization restart 4/20, f = -488.4759967560126
Optimization restart 5/20, f = -489.3417341747219
Optimization restart 6/20, f = -488.09132014463404
Optimization restart 7/20, f = -489.82940129089246
Optimization restart 8/20, f = -488.5313851779616
Optimization restart 9/20, f = -488.77786036500265
Optimization restart 10/20, f = -394.17831494106696
Optimization restart 11/20, f = -486.4864587875849
Optimization restart 12/20, f = -488.82030927175845
Optimization restart 13/20, f = -488.2452431647225
Optimization restart 14/20, f = -487.7031165236546
Optimization restart 15/20, f = -488.6353434524712
Optimization restart 16/20, f = -484.7264755151316
Optimization restart 17/20, f = -487.2696362709796
Optimization restart 18/20, f = -489.5689735655356
Optimization restart 19/20, f = -489.2014828472658
Optimization restart 20/20, f = -484.53606721190124
pypal at iteration 31.         77 Pareto optimal points,         2034 discarded points,         1014 unclassified points.
Hypervolume 1489.740175318775
pypal at iteration 32.         77 Pareto optimal points,         2044 discarded points,         1004 unclassified points.
Hypervolume 1489.740175318775
pypal at iteration 33.         78 Pareto optimal points,         2873 discarded points,         174 unclassified points.
Hypervolume 1503.320914545997
pypal at iteration 34.         78 Pareto optimal points,         2873 discarded points,         174 unclassified points.
Hypervolume 1503.320914545997
pypal at iteration 35.         78 Pareto optimal points,         2873 discarded points,         174 unclassified points.
Hypervolume 1503.320914545997
pypal at iteration 36.         78 Pareto optimal points,         2873 discarded points,         174 unclassified points.
Hypervolume 1503.320914545997
pypal at iteration 37.         78 Pareto optimal points,         2873 discarded points,         174 unclassified points.
Hypervolume 1503.320914545997
pypal at iteration 38.         78 Pareto optimal points,         2873 discarded points,         174 unclassified points.
Hypervolume 1503.320914545997
pypal at iteration 39.         78 Pareto optimal points,         2873 discarded points,         174 unclassified points.
Hypervolume 1503.320914545997
pypal at iteration 40.         78 Pareto optimal points,         2873 discarded points,         174 unclassified points.
Hypervolume 1503.320914545997
Optimization restart 1/20, f = -549.5853032945644
Optimization restart 2/20, f = -545.190474434924
Optimization restart 3/20, f = -549.7148593978673
Optimization restart 4/20, f = -546.5502696990873
Optimization restart 5/20, f = -547.8334771489754
Optimization restart 6/20, f = -548.3882085092591
Optimization restart 7/20, f = -547.3978339240448
Optimization restart 8/20, f = -548.963139011025
Optimization restart 9/20, f = -543.4585112846153
Optimization restart 10/20, f = -539.1650429607873
Optimization restart 11/20, f = -547.6930729809135
Optimization restart 12/20, f = -547.0290941665683
Optimization restart 13/20, f = -546.3982758978486
Optimization restart 14/20, f = -546.5403444348932
Optimization restart 15/20, f = -546.2479675646961
Optimization restart 16/20, f = -545.9227160984058
Optimization restart 17/20, f = -548.1596966041834
Optimization restart 18/20, f = -548.3857939896045
Optimization restart 19/20, f = -545.919239171178
Optimization restart 20/20, f = -546.660941818707
pypal at iteration 41.         78 Pareto optimal points,         2877 discarded points,         170 unclassified points.
Hypervolume 1503.320914545997
pypal at iteration 42.         78 Pareto optimal points,         2877 discarded points,         170 unclassified points.
Hypervolume 1503.320914545997
pypal at iteration 43.         78 Pareto optimal points,         2877 discarded points,         170 unclassified points.
Hypervolume 1503.320914545997
pypal at iteration 44.         78 Pareto optimal points,         2877 discarded points,         170 unclassified points.
Hypervolume 1503.320914545997
pypal at iteration 45.         78 Pareto optimal points,         2877 discarded points,         170 unclassified points.
Hypervolume 1503.320914545997
pypal at iteration 46.         78 Pareto optimal points,         2881 discarded points,         166 unclassified points.
Hypervolume 1503.320914545997
pypal at iteration 47.         78 Pareto optimal points,         2881 discarded points,         166 unclassified points.
Hypervolume 1503.320914545997
pypal at iteration 48.         78 Pareto optimal points,         2881 discarded points,         166 unclassified points.
Hypervolume 1503.320914545997
pypal at iteration 49.         78 Pareto optimal points,         2881 discarded points,         166 unclassified points.
Hypervolume 1503.320914545997
pypal at iteration 50.         78 Pareto optimal points,         2881 discarded points,         166 unclassified points.
Hypervolume 1503.320914545997
Optimization restart 1/20, f = -612.4460418833587
Optimization restart 2/20, f = -598.5438053976948
Optimization restart 3/20, f = -608.4195188158735
Optimization restart 4/20, f = -610.2755430922666
Optimization restart 5/20, f = -609.7448106058605
Optimization restart 6/20, f = -484.35737645869585
Optimization restart 7/20, f = -611.0192659153329
Optimization restart 8/20, f = -611.3238711336273
Optimization restart 9/20, f = -501.50468243703426
Optimization restart 10/20, f = -610.0895880854196
Optimization restart 11/20, f = -608.9955833256362
Optimization restart 12/20, f = -607.2483916035974
Optimization restart 13/20, f = -607.1677551647236
Optimization restart 14/20, f = -608.386936673483
Optimization restart 15/20, f = -596.1359041991019
Optimization restart 16/20, f = -589.2584296639909
Optimization restart 17/20, f = -608.6604378252632
Optimization restart 18/20, f = -602.5568371423446
Optimization restart 19/20, f = -606.1277672450105
Optimization restart 20/20, f = -609.3547120670514
pypal at iteration 51.         78 Pareto optimal points,         2881 discarded points,         166 unclassified points.
Hypervolume 1503.320914545997
pypal at iteration 52.         78 Pareto optimal points,         2881 discarded points,         166 unclassified points.
Hypervolume 1503.320914545997
pypal at iteration 53.         78 Pareto optimal points,         2881 discarded points,         166 unclassified points.
Hypervolume 1503.320914545997
pypal at iteration 54.         78 Pareto optimal points,         2881 discarded points,         166 unclassified points.
Hypervolume 1503.320914545997
pypal at iteration 55.         78 Pareto optimal points,         2881 discarded points,         166 unclassified points.
Hypervolume 1503.320914545997
pypal at iteration 56.         78 Pareto optimal points,         2881 discarded points,         166 unclassified points.
Hypervolume 1503.320914545997
pypal at iteration 57.         78 Pareto optimal points,         2883 discarded points,         164 unclassified points.
Hypervolume 1503.320914545997
pypal at iteration 58.         78 Pareto optimal points,         2883 discarded points,         164 unclassified points.
Hypervolume 1503.320914545997
pypal at iteration 59.         78 Pareto optimal points,         2883 discarded points,         164 unclassified points.
Hypervolume 1503.320914545997
pypal at iteration 60.         78 Pareto optimal points,         2883 discarded points,         164 unclassified points.
Hypervolume 1503.320914545997
Optimization restart 1/20, f = -661.9877196991715
Optimization restart 2/20, f = -654.9235112261117
Optimization restart 3/20, f = -659.5103204897505
Optimization restart 4/20, f = -659.3274956477803
Optimization restart 5/20, f = -656.3743382606514
Optimization restart 6/20, f = -660.8958358092641
Optimization restart 7/20, f = -661.5431290530643
Optimization restart 8/20, f = -659.7059067180137
Optimization restart 9/20, f = -657.374826142756
Optimization restart 10/20, f = -653.44439715094
Optimization restart 11/20, f = -646.5040929175861
Optimization restart 12/20, f = -660.1421863741069
Optimization restart 13/20, f = -654.5717029867842
Optimization restart 14/20, f = -654.8344801739233
Optimization restart 15/20, f = -657.6648847983363
Optimization restart 16/20, f = -659.7078815376824
Optimization restart 17/20, f = -657.1533113845588
Optimization restart 18/20, f = -656.6160641484561
Optimization restart 19/20, f = -660.8911490699955
Optimization restart 20/20, f = -656.5614970377027
pypal at iteration 61.         78 Pareto optimal points,         2883 discarded points,         164 unclassified points.
Hypervolume 1503.320914545997
pypal at iteration 62.         78 Pareto optimal points,         2883 discarded points,         164 unclassified points.
Hypervolume 1503.320914545997
pypal at iteration 63.         78 Pareto optimal points,         2883 discarded points,         164 unclassified points.
Hypervolume 1503.320914545997
pypal at iteration 64.         78 Pareto optimal points,         2883 discarded points,         164 unclassified points.
Hypervolume 1503.320914545997
pypal at iteration 65.         78 Pareto optimal points,         2884 discarded points,         163 unclassified points.
Hypervolume 1503.320914545997
pypal at iteration 66.         78 Pareto optimal points,         2885 discarded points,         162 unclassified points.
Hypervolume 1503.320914545997
pypal at iteration 67.         78 Pareto optimal points,         2886 discarded points,         161 unclassified points.
Hypervolume 1503.320914545997
pypal at iteration 68.         78 Pareto optimal points,         2887 discarded points,         160 unclassified points.
Hypervolume 1503.320914545997
pypal at iteration 69.         78 Pareto optimal points,         2888 discarded points,         159 unclassified points.
Hypervolume 1503.320914545997
pypal at iteration 70.         78 Pareto optimal points,         2889 discarded points,         158 unclassified points.
Hypervolume 1503.320914545997
Optimization restart 1/20, f = -711.2782779848164
Optimization restart 2/20, f = -709.3176943719764
Optimization restart 3/20, f = -705.9009345218817
Optimization restart 4/20, f = -703.7514955728261
Optimization restart 5/20, f = -701.8115955752295
Optimization restart 6/20, f = -706.3173323192507
Optimization restart 7/20, f = -708.7923244872363
Optimization restart 8/20, f = -659.1526817584368
Optimization restart 9/20, f = -706.5593819797577
Optimization restart 10/20, f = -708.0817716283716
Optimization restart 11/20, f = -709.4743661865036
Optimization restart 12/20, f = -327.49049945397246
Optimization restart 13/20, f = -708.6075783100614
Optimization restart 14/20, f = -698.9679347024713
Optimization restart 15/20, f = -704.0015477492334
Optimization restart 16/20, f = -685.5054607586301
Optimization restart 17/20, f = -708.4591555758157
Optimization restart 18/20, f = -574.7255086383343
Optimization restart 19/20, f = -701.9200567727348
Optimization restart 20/20, f = -706.7917397615662
pypal at iteration 71.         78 Pareto optimal points,         2890 discarded points,         157 unclassified points.
Hypervolume 1503.320914545997
pypal at iteration 72.         78 Pareto optimal points,         2891 discarded points,         156 unclassified points.
Hypervolume 1503.320914545997
pypal at iteration 73.         78 Pareto optimal points,         2892 discarded points,         155 unclassified points.
Hypervolume 1503.320914545997
pypal at iteration 74.         78 Pareto optimal points,         2893 discarded points,         154 unclassified points.
Hypervolume 1503.320914545997
pypal at iteration 75.         78 Pareto optimal points,         2894 discarded points,         153 unclassified points.
Hypervolume 1503.320914545997
pypal at iteration 76.         78 Pareto optimal points,         2895 discarded points,         152 unclassified points.
Hypervolume 1503.320914545997
pypal at iteration 77.         78 Pareto optimal points,         2898 discarded points,         149 unclassified points.
Hypervolume 1503.320914545997
pypal at iteration 78.         78 Pareto optimal points,         2900 discarded points,         147 unclassified points.
Hypervolume 1503.320914545997
pypal at iteration 79.         78 Pareto optimal points,         2901 discarded points,         146 unclassified points.
Hypervolume 1503.320914545997
pypal at iteration 80.         78 Pareto optimal points,         2902 discarded points,         145 unclassified points.
Hypervolume 1503.320914545997
Optimization restart 1/20, f = -769.2525187620327
Optimization restart 2/20, f = -766.065817312298
Optimization restart 3/20, f = -765.9387886657355
Optimization restart 4/20, f = -765.5536295012129
Optimization restart 5/20, f = -763.7004360432351
Optimization restart 6/20, f = -764.8839333197711
Optimization restart 7/20, f = -737.9447642586389
Optimization restart 8/20, f = -766.204364215603
Optimization restart 9/20, f = -765.3957963314043
Optimization restart 10/20, f = -761.5484167776794
Optimization restart 11/20, f = -766.8509379975026
Optimization restart 12/20, f = -766.244812510841
Optimization restart 13/20, f = -758.263235150655
Optimization restart 14/20, f = -743.4835286846051
Optimization restart 15/20, f = -762.4264984035772
Optimization restart 16/20, f = -764.9521970731013
Optimization restart 17/20, f = -766.6860651264653
Optimization restart 18/20, f = -765.0465683710815
Optimization restart 19/20, f = -766.3960596585484
Optimization restart 20/20, f = -764.1253387366412
pypal at iteration 81.         78 Pareto optimal points,         2905 discarded points,         142 unclassified points.
Hypervolume 1503.320914545997
pypal at iteration 82.         78 Pareto optimal points,         2906 discarded points,         141 unclassified points.
Hypervolume 1503.320914545997
pypal at iteration 83.         78 Pareto optimal points,         2907 discarded points,         140 unclassified points.
Hypervolume 1503.320914545997
pypal at iteration 84.         78 Pareto optimal points,         2908 discarded points,         139 unclassified points.
Hypervolume 1503.320914545997
pypal at iteration 85.         78 Pareto optimal points,         2909 discarded points,         138 unclassified points.
Hypervolume 1503.320914545997
pypal at iteration 86.         78 Pareto optimal points,         2909 discarded points,         138 unclassified points.
Hypervolume 1503.320914545997
pypal at iteration 87.         78 Pareto optimal points,         2910 discarded points,         137 unclassified points.
Hypervolume 1503.320914545997
pypal at iteration 88.         78 Pareto optimal points,         2911 discarded points,         136 unclassified points.
Hypervolume 1503.320914545997
pypal at iteration 89.         78 Pareto optimal points,         2912 discarded points,         135 unclassified points.
Hypervolume 1503.320914545997
pypal at iteration 90.         78 Pareto optimal points,         2913 discarded points,         134 unclassified points.
Hypervolume 1503.320914545997
Optimization restart 1/20, f = -813.9409681965224
Optimization restart 2/20, f = -747.5877851497444
Optimization restart 3/20, f = -811.2220832702208
Optimization restart 4/20, f = -808.4644631685685
Optimization restart 5/20, f = -811.3025704313445
Optimization restart 6/20, f = -810.1078253195845
Optimization restart 7/20, f = -809.101104212361
Optimization restart 8/20, f = -811.7650374071238
Optimization restart 9/20, f = -768.0316833009681
Optimization restart 10/20, f = -806.7783336438431
Optimization restart 11/20, f = -807.8964050073552
Optimization restart 12/20, f = -804.4363522766565
Optimization restart 13/20, f = -802.8130133835468
Optimization restart 14/20, f = -804.8204064633087
Optimization restart 15/20, f = -810.732345995012
Optimization restart 16/20, f = -811.2913026288263
Optimization restart 17/20, f = -808.5702837386394
Optimization restart 18/20, f = -805.6949186911435
Optimization restart 19/20, f = -809.9698308193782
Optimization restart 20/20, f = -811.079265183017
pypal at iteration 91.         78 Pareto optimal points,         2914 discarded points,         133 unclassified points.
Hypervolume 1503.320914545997
pypal at iteration 92.         78 Pareto optimal points,         2915 discarded points,         132 unclassified points.
Hypervolume 1503.320914545997
pypal at iteration 93.         79 Pareto optimal points,         3027 discarded points,         19 unclassified points.
Hypervolume 1512.5556493423114
pypal at iteration 94.         79 Pareto optimal points,         3027 discarded points,         19 unclassified points.
Hypervolume 1512.5556493423114
pypal at iteration 95.         79 Pareto optimal points,         3027 discarded points,         19 unclassified points.
Hypervolume 1512.5556493423114
pypal at iteration 96.         79 Pareto optimal points,         3027 discarded points,         19 unclassified points.
Hypervolume 1512.5556493423114
pypal at iteration 97.         79 Pareto optimal points,         3028 discarded points,         18 unclassified points.
Hypervolume 1512.5556493423114
pypal at iteration 98.         79 Pareto optimal points,         3028 discarded points,         18 unclassified points.
Hypervolume 1512.5556493423114
pypal at iteration 99.         79 Pareto optimal points,         3028 discarded points,         18 unclassified points.
Hypervolume 1512.5556493423114
pypal at iteration 100.         79 Pareto optimal points,         3028 discarded points,         18 unclassified points.
Hypervolume 1512.5556493423114
Optimization restart 1/20, f = -862.850306836194
Optimization restart 2/20, f = -858.5443887149233
Optimization restart 3/20, f = -857.7897407527408
Optimization restart 4/20, f = -859.7521378024985
Optimization restart 5/20, f = -856.6476211200554
Optimization restart 6/20, f = -857.3242812967906
Optimization restart 7/20, f = -857.1719469593946
Optimization restart 8/20, f = -858.0308502814755
Optimization restart 9/20, f = -846.1144170167826
Optimization restart 10/20, f = -858.1443875840439
Optimization restart 11/20, f = -858.9593909277439
Optimization restart 12/20, f = -854.304667221188
Optimization restart 13/20, f = 243.54412687756684
Optimization restart 14/20, f = -859.6103463440339
Optimization restart 15/20, f = -855.0239774055489
Optimization restart 16/20, f = -857.5257589908697
Optimization restart 17/20, f = -857.9485549436224
Optimization restart 18/20, f = -857.9011608153623
Optimization restart 19/20, f = -850.8174504916401
Optimization restart 20/20, f = -858.4126966243613
pypal at iteration 101.         79 Pareto optimal points,         3029 discarded points,         17 unclassified points.
Hypervolume 1512.5556493423114
pypal at iteration 102.         79 Pareto optimal points,         3030 discarded points,         16 unclassified points.
Hypervolume 1512.5556493423114
pypal at iteration 103.         79 Pareto optimal points,         3030 discarded points,         16 unclassified points.
Hypervolume 1512.5556493423114
pypal at iteration 104.         79 Pareto optimal points,         3030 discarded points,         16 unclassified points.
Hypervolume 1512.5556493423114
pypal at iteration 105.         79 Pareto optimal points,         3031 discarded points,         15 unclassified points.
Hypervolume 1512.5556493423114
pypal at iteration 106.         79 Pareto optimal points,         3031 discarded points,         15 unclassified points.
Hypervolume 1512.5556493423114
pypal at iteration 107.         79 Pareto optimal points,         3032 discarded points,         14 unclassified points.
Hypervolume 1512.5556493423114
pypal at iteration 108.         79 Pareto optimal points,         3033 discarded points,         13 unclassified points.
Hypervolume 1512.5556493423114
pypal at iteration 109.         79 Pareto optimal points,         3034 discarded points,         12 unclassified points.
Hypervolume 1512.5556493423114
pypal at iteration 110.         79 Pareto optimal points,         3035 discarded points,         11 unclassified points.
Hypervolume 1512.5556493423114
Optimization restart 1/20, f = -922.1633260522703
Optimization restart 2/20, f = -920.018787123104
Optimization restart 3/20, f = -916.6064894800437
Optimization restart 4/20, f = -917.8731447949117
Optimization restart 5/20, f = -911.8498892322627
Optimization restart 6/20, f = -919.5251363869922
Optimization restart 7/20, f = -918.1650417074914
Optimization restart 8/20, f = -912.5911559940464
Optimization restart 9/20, f = -916.792126898994
Optimization restart 10/20, f = -919.5757142055947
Optimization restart 11/20, f = -872.0480589367553
Optimization restart 12/20, f = -918.4540861115764
Optimization restart 13/20, f = -909.2883105524409
Optimization restart 14/20, f = -917.8202182658551
Optimization restart 15/20, f = -916.40150905278
Optimization restart 16/20, f = -909.0202886981858
Optimization restart 17/20, f = -919.0033246978408
Optimization restart 18/20, f = -917.9544365858555
Optimization restart 19/20, f = -915.980657904218
Optimization restart 20/20, f = -917.6843273202547
pypal at iteration 111.         79 Pareto optimal points,         3036 discarded points,         10 unclassified points.
Hypervolume 1512.5556493423114
pypal at iteration 112.         79 Pareto optimal points,         3037 discarded points,         9 unclassified points.
Hypervolume 1512.5556493423114
pypal at iteration 113.         79 Pareto optimal points,         3038 discarded points,         8 unclassified points.
Hypervolume 1512.5556493423114
pypal at iteration 114.         79 Pareto optimal points,         3039 discarded points,         7 unclassified points.
Hypervolume 1512.5556493423114
pypal at iteration 115.         79 Pareto optimal points,         3040 discarded points,         6 unclassified points.
Hypervolume 1512.5556493423114
pypal at iteration 116.         79 Pareto optimal points,         3040 discarded points,         6 unclassified points.
Hypervolume 1512.5556493423114
pypal at iteration 117.         79 Pareto optimal points,         3041 discarded points,         5 unclassified points.
Hypervolume 1512.5556493423114
pypal at iteration 118.         79 Pareto optimal points,         3041 discarded points,         5 unclassified points.
Hypervolume 1512.5556493423114
pypal at iteration 119.         79 Pareto optimal points,         3042 discarded points,         4 unclassified points.
Hypervolume 1512.5556493423114
pypal at iteration 120.         79 Pareto optimal points,         3043 discarded points,         3 unclassified points.
Hypervolume 1512.5556493423114
Optimization restart 1/20, f = -979.3651028641417
Optimization restart 2/20, f = -969.85017922403
Optimization restart 3/20, f = -975.7645050483729
Optimization restart 4/20, f = -975.5655771340411
Optimization restart 5/20, f = -971.3043948816655
Optimization restart 6/20, f = -937.1501859892846
Optimization restart 7/20, f = -969.9905190523207
Optimization restart 8/20, f = -971.9999620496903
Optimization restart 9/20, f = -976.5651102595981
Optimization restart 10/20, f = -868.6437956951881
Optimization restart 11/20, f = -974.6141167943468
Optimization restart 12/20, f = -968.8371937017884
Optimization restart 13/20, f = -822.8547211878899
Optimization restart 14/20, f = -974.9663972905961
Optimization restart 15/20, f = -971.5754513129206
Optimization restart 16/20, f = -973.9522879869689
Optimization restart 17/20, f = -971.6426184587783
Optimization restart 18/20, f = -971.7946116851464
Optimization restart 19/20, f = -865.1881947099763
Optimization restart 20/20, f = -969.6774327524292
pypal at iteration 121.         79 Pareto optimal points,         3043 discarded points,         3 unclassified points.
Hypervolume 1512.5556493423114
pypal at iteration 122.         79 Pareto optimal points,         3044 discarded points,         2 unclassified points.
Hypervolume 1512.5556493423114
pypal at iteration 123.         79 Pareto optimal points,         3045 discarded points,         1 unclassified points.
Hypervolume 1512.5556493423114
Done. No unclassified point left
pypal at iteration 123.         79 Pareto optimal points,         3046 discarded points,         0 unclassified points.
Hypervolume 1512.5556493423114
