 /home/kjablonk/anaconda3/envs/dispersant_screener/lib/python3.7/site-packages/sklearn/utils/deprecation.py:143: FutureWarning:The sklearn.preprocessing.data module is  deprecated in version 0.22 and will be removed in version 0.24. The corresponding classes / functions should instead be imported from sklearn.preprocessing. Anything that cannot be imported from sklearn.preprocessing is now part of the private API.
 /home/kjablonk/programs/pypal/pypal/pal/validate_inputs.py:146: UserWarning:No goals provided,                 will assume that every dimension should be maximized
 /home/kjablonk/anaconda3/envs/dispersant_screener/lib/python3.7/site-packages/GPy/kern/src/stationary.py:137: RuntimeWarning:overflow encountered in square
 /home/kjablonk/anaconda3/envs/dispersant_screener/lib/python3.7/site-packages/GPy/kern/src/stationary.py:138: RuntimeWarning:invalid value encountered in add
 /home/kjablonk/anaconda3/envs/dispersant_screener/lib/python3.7/site-packages/GPy/kern/src/stationary.py:565: RuntimeWarning:invalid value encountered in multiply
 /home/kjablonk/anaconda3/envs/dispersant_screener/lib/python3.7/site-packages/GPy/kern/src/stationary.py:568: RuntimeWarning:invalid value encountered in subtract
 /home/kjablonk/anaconda3/envs/dispersant_screener/lib/python3.7/site-packages/GPy/kern/src/stationary.py:166: RuntimeWarning:overflow encountered in true_divide
 /home/kjablonk/anaconda3/envs/dispersant_screener/lib/python3.7/site-packages/GPy/kern/src/stationary.py:243: RuntimeWarning:invalid value encountered in true_divide
 /home/kjablonk/anaconda3/envs/dispersant_screener/lib/python3.7/site-packages/paramz/transformations.py:111: RuntimeWarning:overflow encountered in expm1
 /home/kjablonk/anaconda3/envs/dispersant_screener/lib/python3.7/site-packages/GPy/kern/src/stationary.py:166: RuntimeWarning:overflow encountered in true_divide
 /home/kjablonk/anaconda3/envs/dispersant_screener/lib/python3.7/site-packages/GPy/kern/src/stationary.py:137: RuntimeWarning:overflow encountered in square
 /home/kjablonk/anaconda3/envs/dispersant_screener/lib/python3.7/site-packages/GPy/kern/src/stationary.py:138: RuntimeWarning:invalid value encountered in add
 /home/kjablonk/anaconda3/envs/dispersant_screener/lib/python3.7/site-packages/GPy/kern/src/stationary.py:565: RuntimeWarning:invalid value encountered in multiply
 /home/kjablonk/anaconda3/envs/dispersant_screener/lib/python3.7/site-packages/GPy/kern/src/stationary.py:568: RuntimeWarning:invalid value encountered in subtract
 /home/kjablonk/anaconda3/envs/dispersant_screener/lib/python3.7/site-packages/GPy/kern/src/stationary.py:243: RuntimeWarning:invalid value encountered in true_divide
 /home/kjablonk/anaconda3/envs/dispersant_screener/lib/python3.7/site-packages/GPy/kern/src/stationary.py:138: RuntimeWarning:overflow encountered in multiply
 /home/kjablonk/anaconda3/envs/dispersant_screener/lib/python3.7/site-packages/GPy/kern/src/stationary.py:138: RuntimeWarning:overflow encountered in add
 /home/kjablonk/anaconda3/envs/dispersant_screener/lib/python3.7/site-packages/GPy/kern/src/stationary.py:565: RuntimeWarning:overflow encountered in multiply
 /home/kjablonk/anaconda3/envs/dispersant_screener/lib/python3.7/site-packages/GPy/kern/src/stationary.py:568: RuntimeWarning:overflow encountered in multiply
 /home/kjablonk/anaconda3/envs/dispersant_screener/lib/python3.7/site-packages/GPy/kern/src/stationary.py:568: RuntimeWarning:invalid value encountered in multiply
 /home/kjablonk/anaconda3/envs/dispersant_screener/lib/python3.7/site-packages/numpy/core/_asarray.py:136: VisibleDeprecationWarning:Creating an ndarray from ragged nested sequences (which is a list-or-tuple of lists-or-tuples-or ndarrays with different lengths or shapes) is deprecated. If you meant to do this, you must specify 'dtype=object' when creating the ndarray
Maximum hypervolume 1536.0438526567837
STARTING PAL
Optimization restart 1/20, f = -133.56642483120504
Optimization restart 2/20, f = -133.48236879352456
Optimization restart 3/20, f = -132.19214712802133
Optimization restart 4/20, f = -126.42439100556454
Optimization restart 5/20, f = -91.36600106690938
Optimization restart 6/20, f = -133.26947519691998
Optimization restart 7/20, f = -127.52532085041004
Optimization restart 8/20, f = -133.65974348938693
Optimization restart 9/20, f = -133.45609397410598
Optimization restart 10/20, f = -133.8227345436815
Optimization restart 11/20, f = -116.000773192875
Optimization restart 12/20, f = -133.166184656626
Optimization restart 13/20, f = -133.44151871673932
Optimization restart 14/20, f = -133.07875744346455
Optimization restart 15/20, f = -126.96276325500212
Optimization restart 16/20, f = -133.3700187626793
Optimization restart 17/20, f = -120.94385657744999
Optimization restart 18/20, f = -133.61274752208968
Optimization restart 19/20, f = -127.57866705648797
Optimization restart 20/20, f = -126.1697809604376
pypal at iteration 1.         4 Pareto optimal points,         65 discarded points,         3056 unclassified points.
Hypervolume 719.4442821612049
pypal at iteration 2.         4 Pareto optimal points,         71 discarded points,         3050 unclassified points.
Hypervolume 719.4442821612049
pypal at iteration 3.         5 Pareto optimal points,         72 discarded points,         3048 unclassified points.
Hypervolume 1273.242222379546
pypal at iteration 4.         5 Pareto optimal points,         73 discarded points,         3047 unclassified points.
Hypervolume 1273.242222379546
pypal at iteration 5.         22 Pareto optimal points,         167 discarded points,         2936 unclassified points.
Hypervolume 1448.4628107972976
pypal at iteration 6.         22 Pareto optimal points,         168 discarded points,         2935 unclassified points.
Hypervolume 1448.4628107972976
pypal at iteration 7.         23 Pareto optimal points,         168 discarded points,         2934 unclassified points.
Hypervolume 1448.4628107972976
pypal at iteration 8.         24 Pareto optimal points,         171 discarded points,         2930 unclassified points.
Hypervolume 1456.8929828064136
pypal at iteration 9.         24 Pareto optimal points,         181 discarded points,         2920 unclassified points.
Hypervolume 1456.8929828064136
pypal at iteration 10.         24 Pareto optimal points,         182 discarded points,         2919 unclassified points.
Hypervolume 1456.8929828064136
Optimization restart 1/20, f = -246.15001604785442
Optimization restart 2/20, f = -242.33024909089298
Optimization restart 3/20, f = -233.17660125395685
Optimization restart 4/20, f = -243.1124204004997
Optimization restart 5/20, f = -246.0645149782393
Optimization restart 6/20, f = -245.07021286553356
Optimization restart 7/20, f = -244.25423847692622
Optimization restart 8/20, f = -245.64725453841663
Optimization restart 9/20, f = -243.68073574469884
Optimization restart 10/20, f = -246.15082416197413
Optimization restart 11/20, f = -245.39716208055833
Optimization restart 12/20, f = -245.35315984723107
Optimization restart 13/20, f = -244.41572919427082
Optimization restart 14/20, f = -245.80479314368202
Optimization restart 15/20, f = -245.75034163925062
Optimization restart 16/20, f = -243.6799309116546
Optimization restart 17/20, f = -245.92082388629376
Optimization restart 18/20, f = -245.21179717515275
Optimization restart 19/20, f = -243.15754951573484
Optimization restart 20/20, f = -238.2264703371464
pypal at iteration 11.         69 Pareto optimal points,         744 discarded points,         2312 unclassified points.
Hypervolume 1475.9988838292402
pypal at iteration 12.         69 Pareto optimal points,         745 discarded points,         2311 unclassified points.
Hypervolume 1475.9988838292402
pypal at iteration 13.         69 Pareto optimal points,         746 discarded points,         2310 unclassified points.
Hypervolume 1475.9988838292402
pypal at iteration 14.         69 Pareto optimal points,         747 discarded points,         2309 unclassified points.
Hypervolume 1475.9988838292402
pypal at iteration 15.         69 Pareto optimal points,         749 discarded points,         2307 unclassified points.
Hypervolume 1475.9988838292402
pypal at iteration 16.         70 Pareto optimal points,         750 discarded points,         2305 unclassified points.
Hypervolume 1475.9988838292402
pypal at iteration 17.         70 Pareto optimal points,         750 discarded points,         2305 unclassified points.
Hypervolume 1475.9988838292402
pypal at iteration 18.         70 Pareto optimal points,         751 discarded points,         2304 unclassified points.
Hypervolume 1475.9988838292402
pypal at iteration 19.         70 Pareto optimal points,         756 discarded points,         2299 unclassified points.
Hypervolume 1475.9988838292402
pypal at iteration 20.         70 Pareto optimal points,         761 discarded points,         2294 unclassified points.
Hypervolume 1475.9988838292402
Optimization restart 1/20, f = -337.9617551279416
Optimization restart 2/20, f = -336.2255786648283
Optimization restart 3/20, f = -336.05145658000316
Optimization restart 4/20, f = -333.34714295311494
Optimization restart 5/20, f = -336.5076589233182
Optimization restart 6/20, f = -269.5801966403763
Optimization restart 7/20, f = -309.1710929859472
Optimization restart 8/20, f = -335.98868544067915
Optimization restart 9/20, f = -337.65927643355064
Optimization restart 10/20, f = -331.4022188144289
Optimization restart 11/20, f = -324.82956022476026
Optimization restart 12/20, f = -326.39066488441244
Optimization restart 13/20, f = -331.87441223419245
Optimization restart 14/20, f = -335.65504896847654
Optimization restart 15/20, f = -336.6218711908172
Optimization restart 16/20, f = -333.884076628387
Optimization restart 17/20, f = -336.63753618821295
Optimization restart 18/20, f = -328.555037825859
Optimization restart 19/20, f = -332.9588026281454
Optimization restart 20/20, f = -336.72544333408484
pypal at iteration 21.         83 Pareto optimal points,         891 discarded points,         2151 unclassified points.
Hypervolume 1480.5715531673143
pypal at iteration 22.         85 Pareto optimal points,         892 discarded points,         2148 unclassified points.
Hypervolume 1480.587141707782
pypal at iteration 23.         85 Pareto optimal points,         898 discarded points,         2142 unclassified points.
Hypervolume 1480.587141707782
pypal at iteration 24.         91 Pareto optimal points,         899 discarded points,         2135 unclassified points.
Hypervolume 1488.3851469042593
pypal at iteration 25.         91 Pareto optimal points,         899 discarded points,         2135 unclassified points.
Hypervolume 1488.3851469042593
pypal at iteration 26.         92 Pareto optimal points,         899 discarded points,         2134 unclassified points.
Hypervolume 1489.8604480341564
pypal at iteration 27.         94 Pareto optimal points,         899 discarded points,         2132 unclassified points.
Hypervolume 1489.8687796086347
pypal at iteration 28.         94 Pareto optimal points,         899 discarded points,         2132 unclassified points.
Hypervolume 1489.8687796086347
pypal at iteration 29.         94 Pareto optimal points,         899 discarded points,         2132 unclassified points.
Hypervolume 1489.8687796086347
pypal at iteration 30.         94 Pareto optimal points,         899 discarded points,         2132 unclassified points.
Hypervolume 1489.8687796086347
Optimization restart 1/20, f = -412.653739175919
Optimization restart 2/20, f = -379.0589424892235
Optimization restart 3/20, f = -411.6530434672007
Optimization restart 4/20, f = -331.3331928791356
Optimization restart 5/20, f = -409.3849823001023
Optimization restart 6/20, f = -412.1895173224894
Optimization restart 7/20, f = -412.1412829697084
Optimization restart 8/20, f = -411.03738793786215
Optimization restart 9/20, f = -406.19558948552486
Optimization restart 10/20, f = -412.7174708227559
Optimization restart 11/20, f = -411.94444148265416
Optimization restart 12/20, f = -411.1823837318762
Optimization restart 13/20, f = -412.1050710639913
Optimization restart 14/20, f = -412.3493518473257
Optimization restart 15/20, f = -411.873538451524
Optimization restart 16/20, f = -402.77169908303364
Optimization restart 17/20, f = -411.9426301387159
Optimization restart 18/20, f = -407.9093289479744
Optimization restart 19/20, f = -403.65219220087164
Optimization restart 20/20, f = -411.8847068191411
pypal at iteration 31.         98 Pareto optimal points,         961 discarded points,         2066 unclassified points.
Hypervolume 1489.8822296446567
pypal at iteration 32.         104 Pareto optimal points,         968 discarded points,         2053 unclassified points.
Hypervolume 1491.9545832274976
pypal at iteration 33.         104 Pareto optimal points,         971 discarded points,         2050 unclassified points.
Hypervolume 1491.9545832274976
pypal at iteration 34.         104 Pareto optimal points,         972 discarded points,         2049 unclassified points.
Hypervolume 1491.9545832274976
pypal at iteration 35.         104 Pareto optimal points,         975 discarded points,         2046 unclassified points.
Hypervolume 1491.9545832274976
pypal at iteration 36.         104 Pareto optimal points,         981 discarded points,         2040 unclassified points.
Hypervolume 1491.9545832274976
pypal at iteration 37.         104 Pareto optimal points,         981 discarded points,         2040 unclassified points.
Hypervolume 1491.9545832274976
pypal at iteration 38.         104 Pareto optimal points,         981 discarded points,         2040 unclassified points.
Hypervolume 1491.9545832274976
pypal at iteration 39.         104 Pareto optimal points,         981 discarded points,         2040 unclassified points.
Hypervolume 1491.9545832274976
pypal at iteration 40.         104 Pareto optimal points,         1132 discarded points,         1889 unclassified points.
Hypervolume 1491.9545832274976
Optimization restart 1/20, f = -475.90415587551445
Optimization restart 2/20, f = -470.0244937519606
Optimization restart 3/20, f = -474.8525058221741
Optimization restart 4/20, f = -462.47384313772363
Optimization restart 5/20, f = -474.47289691385686
Optimization restart 6/20, f = -469.87555440746956
Optimization restart 7/20, f = -473.2675170291729
Optimization restart 8/20, f = -473.81429711729123
Optimization restart 9/20, f = -458.26539781269946
Optimization restart 10/20, f = -466.82394659792425
Optimization restart 11/20, f = -473.74893707295763
Optimization restart 12/20, f = -473.4924351962209
Optimization restart 13/20, f = -465.35780092562356
Optimization restart 14/20, f = -472.73010634419927
Optimization restart 15/20, f = -462.1709012775403
Optimization restart 16/20, f = -474.0601372752777
Optimization restart 17/20, f = -474.6675774040366
Optimization restart 18/20, f = -474.99293648882883
Optimization restart 19/20, f = -474.6409336883648
Optimization restart 20/20, f = -465.970301750409
pypal at iteration 41.         105 Pareto optimal points,         1150 discarded points,         1870 unclassified points.
Hypervolume 1491.9545832274976
pypal at iteration 42.         105 Pareto optimal points,         1152 discarded points,         1868 unclassified points.
Hypervolume 1491.9545832274976
pypal at iteration 43.         105 Pareto optimal points,         1152 discarded points,         1868 unclassified points.
Hypervolume 1491.9545832274976
pypal at iteration 44.         105 Pareto optimal points,         1152 discarded points,         1868 unclassified points.
Hypervolume 1491.9545832274976
pypal at iteration 45.         105 Pareto optimal points,         1152 discarded points,         1868 unclassified points.
Hypervolume 1491.9545832274976
pypal at iteration 46.         107 Pareto optimal points,         1172 discarded points,         1846 unclassified points.
Hypervolume 1491.9545832274976
pypal at iteration 47.         108 Pareto optimal points,         1189 discarded points,         1828 unclassified points.
Hypervolume 1492.4960797049694
pypal at iteration 48.         109 Pareto optimal points,         1199 discarded points,         1817 unclassified points.
Hypervolume 1492.4960797049696
pypal at iteration 49.         109 Pareto optimal points,         1219 discarded points,         1797 unclassified points.
Hypervolume 1492.4960797049696
pypal at iteration 50.         111 Pareto optimal points,         1219 discarded points,         1795 unclassified points.
Hypervolume 1492.4960797049696
Optimization restart 1/20, f = -535.1448653805578
Optimization restart 2/20, f = -525.1171716143622
Optimization restart 3/20, f = -522.7234406796332
Optimization restart 4/20, f = -534.2599496105324
Optimization restart 5/20, f = -534.2089513289467
Optimization restart 6/20, f = -532.8051268642485
Optimization restart 7/20, f = -533.9317457191955
Optimization restart 8/20, f = -529.6357851269902
Optimization restart 9/20, f = -525.4608064835197
Optimization restart 10/20, f = -517.6397661425519
Optimization restart 11/20, f = -534.1239402743407
Optimization restart 12/20, f = -534.1761276982018
Optimization restart 13/20, f = -533.1948211113729
Optimization restart 14/20, f = -534.1134131030549
Optimization restart 15/20, f = -534.0952107068823
Optimization restart 16/20, f = -533.3011777285374
Optimization restart 17/20, f = -524.9651050815735
Optimization restart 18/20, f = -534.7444699631792
Optimization restart 19/20, f = -533.9002570515768
Optimization restart 20/20, f = -534.6176022843101
pypal at iteration 51.         113 Pareto optimal points,         1250 discarded points,         1762 unclassified points.
Hypervolume 1492.4960797049694
pypal at iteration 52.         113 Pareto optimal points,         1251 discarded points,         1761 unclassified points.
Hypervolume 1492.4960797049694
pypal at iteration 53.         117 Pareto optimal points,         1252 discarded points,         1756 unclassified points.
Hypervolume 1492.5653083785296
pypal at iteration 54.         122 Pareto optimal points,         1252 discarded points,         1751 unclassified points.
Hypervolume 1492.56530837853
pypal at iteration 55.         124 Pareto optimal points,         1252 discarded points,         1749 unclassified points.
Hypervolume 1492.56530837853
pypal at iteration 56.         125 Pareto optimal points,         1252 discarded points,         1748 unclassified points.
Hypervolume 1492.56530837853
pypal at iteration 57.         125 Pareto optimal points,         1253 discarded points,         1747 unclassified points.
Hypervolume 1492.56530837853
pypal at iteration 58.         125 Pareto optimal points,         1254 discarded points,         1746 unclassified points.
Hypervolume 1492.56530837853
pypal at iteration 59.         125 Pareto optimal points,         1255 discarded points,         1745 unclassified points.
Hypervolume 1492.56530837853
pypal at iteration 60.         125 Pareto optimal points,         1256 discarded points,         1744 unclassified points.
Hypervolume 1492.56530837853
Optimization restart 1/20, f = -598.0731446219602
Optimization restart 2/20, f = -596.99436359755
Optimization restart 3/20, f = -597.1563458770734
Optimization restart 4/20, f = -596.0871508319804
Optimization restart 5/20, f = -597.1893576789633
Optimization restart 6/20, f = -596.0041609762213
Optimization restart 7/20, f = -595.0286847497607
Optimization restart 8/20, f = -593.2808687737098
Optimization restart 9/20, f = -595.5130669024418
Optimization restart 10/20, f = -594.7328227528266
Optimization restart 11/20, f = -587.0018365516289
Optimization restart 12/20, f = -596.7408051013927
Optimization restart 13/20, f = -596.6822761592073
Optimization restart 14/20, f = -596.7614657375141
Optimization restart 15/20, f = -596.1101967999157
Optimization restart 16/20, f = -596.6920366067061
Optimization restart 17/20, f = -596.2260289173907
Optimization restart 18/20, f = -596.4056363365271
Optimization restart 19/20, f = -596.493812880949
Optimization restart 20/20, f = -487.11925662281976
pypal at iteration 61.         126 Pareto optimal points,         1263 discarded points,         1736 unclassified points.
Hypervolume 1492.56530837853
pypal at iteration 62.         126 Pareto optimal points,         1265 discarded points,         1734 unclassified points.
Hypervolume 1492.56530837853
pypal at iteration 63.         127 Pareto optimal points,         1268 discarded points,         1730 unclassified points.
Hypervolume 1492.56530837853
pypal at iteration 64.         127 Pareto optimal points,         1268 discarded points,         1730 unclassified points.
Hypervolume 1492.56530837853
pypal at iteration 65.         127 Pareto optimal points,         1276 discarded points,         1722 unclassified points.
Hypervolume 1492.56530837853
pypal at iteration 66.         127 Pareto optimal points,         1277 discarded points,         1721 unclassified points.
Hypervolume 1492.56530837853
pypal at iteration 67.         128 Pareto optimal points,         1563 discarded points,         1434 unclassified points.
Hypervolume 1493.0641819785862
pypal at iteration 68.         139 Pareto optimal points,         1564 discarded points,         1422 unclassified points.
Hypervolume 1500.6360802336683
pypal at iteration 69.         143 Pareto optimal points,         1564 discarded points,         1418 unclassified points.
Hypervolume 1500.6360802336683
pypal at iteration 70.         143 Pareto optimal points,         1565 discarded points,         1417 unclassified points.
Hypervolume 1500.6360802336683
Optimization restart 1/20, f = -650.1175229031423
Optimization restart 2/20, f = -648.908201422519
Optimization restart 3/20, f = -648.8586789789081
Optimization restart 4/20, f = -636.0194816678026
Optimization restart 5/20, f = -647.1566227663263
Optimization restart 6/20, f = -645.7101606659401
Optimization restart 7/20, f = -643.0631527369098
Optimization restart 8/20, f = -650.4318036270714
Optimization restart 9/20, f = -648.6722835793585
Optimization restart 10/20, f = -636.5167618675287
Optimization restart 11/20, f = -648.1186305888889
Optimization restart 12/20, f = -649.6213200995142
Optimization restart 13/20, f = -646.3228639051358
Optimization restart 14/20, f = -649.2972044373531
Optimization restart 15/20, f = -479.4129439012785
Optimization restart 16/20, f = -647.9342123807196
Optimization restart 17/20, f = -650.3787281188389
Optimization restart 18/20, f = -645.123308329256
Optimization restart 19/20, f = -617.0826989947964
Optimization restart 20/20, f = -649.2448385300709
pypal at iteration 71.         143 Pareto optimal points,         1566 discarded points,         1416 unclassified points.
Hypervolume 1500.6360802336683
pypal at iteration 72.         149 Pareto optimal points,         1567 discarded points,         1409 unclassified points.
Hypervolume 1500.8697047935336
pypal at iteration 73.         149 Pareto optimal points,         1567 discarded points,         1409 unclassified points.
Hypervolume 1500.8697047935336
pypal at iteration 74.         149 Pareto optimal points,         1568 discarded points,         1408 unclassified points.
Hypervolume 1500.8697047935336
pypal at iteration 75.         150 Pareto optimal points,         1568 discarded points,         1407 unclassified points.
Hypervolume 1500.8697047935336
pypal at iteration 76.         152 Pareto optimal points,         1764 discarded points,         1209 unclassified points.
Hypervolume 1500.8697047935336
pypal at iteration 77.         156 Pareto optimal points,         1764 discarded points,         1205 unclassified points.
Hypervolume 1500.8697047935336
pypal at iteration 78.         160 Pareto optimal points,         1764 discarded points,         1201 unclassified points.
Hypervolume 1500.8697047935339
pypal at iteration 79.         160 Pareto optimal points,         1764 discarded points,         1201 unclassified points.
Hypervolume 1500.8697047935339
pypal at iteration 80.         160 Pareto optimal points,         1764 discarded points,         1201 unclassified points.
Hypervolume 1500.8697047935339
Optimization restart 1/20, f = -715.7941868866576
Optimization restart 2/20, f = -707.4685372500323
Optimization restart 3/20, f = -709.8489077304077
Optimization restart 4/20, f = -706.7329679408396
Optimization restart 5/20, f = -710.0102834823176
Optimization restart 6/20, f = -708.6237770539307
Optimization restart 7/20, f = -709.4452991818695
Optimization restart 8/20, f = -713.8257577561122
Optimization restart 9/20, f = -714.4104754902088
Optimization restart 10/20, f = -714.2621571259712
Optimization restart 11/20, f = -713.9174348417497
Optimization restart 12/20, f = -714.9892876632305
Optimization restart 13/20, f = -713.4843193855303
Optimization restart 14/20, f = -706.2238737999234
Optimization restart 15/20, f = -713.6948703787092
Optimization restart 16/20, f = -713.411198931877
Optimization restart 17/20, f = -710.6876845309788
Optimization restart 18/20, f = -713.115327951149
Optimization restart 19/20, f = -708.0325492523582
Optimization restart 20/20, f = -713.4007498389794
pypal at iteration 81.         166 Pareto optimal points,         1764 discarded points,         1195 unclassified points.
Hypervolume 1500.8697047935339
pypal at iteration 82.         167 Pareto optimal points,         1765 discarded points,         1193 unclassified points.
Hypervolume 1500.8697047935339
pypal at iteration 83.         174 Pareto optimal points,         1796 discarded points,         1155 unclassified points.
Hypervolume 1500.8697047935339
pypal at iteration 84.         174 Pareto optimal points,         1797 discarded points,         1154 unclassified points.
Hypervolume 1500.8697047935339
pypal at iteration 85.         174 Pareto optimal points,         1798 discarded points,         1153 unclassified points.
Hypervolume 1500.8697047935339
pypal at iteration 86.         180 Pareto optimal points,         1799 discarded points,         1146 unclassified points.
Hypervolume 1500.8697047935339
pypal at iteration 87.         180 Pareto optimal points,         1800 discarded points,         1145 unclassified points.
Hypervolume 1500.8697047935339
pypal at iteration 88.         180 Pareto optimal points,         1810 discarded points,         1135 unclassified points.
Hypervolume 1500.8697047935339
pypal at iteration 89.         180 Pareto optimal points,         1817 discarded points,         1128 unclassified points.
Hypervolume 1500.8697047935339
pypal at iteration 90.         180 Pareto optimal points,         1822 discarded points,         1123 unclassified points.
Hypervolume 1500.8697047935339
Optimization restart 1/20, f = -763.1953107804688
Optimization restart 2/20, f = -762.4270450386945
Optimization restart 3/20, f = -760.9774007518829
Optimization restart 4/20, f = -750.6632932292482
Optimization restart 5/20, f = -750.1350225720618
Optimization restart 6/20, f = -750.8613365322118
Optimization restart 7/20, f = -752.5015858119427
Optimization restart 8/20, f = -761.7437605384639
Optimization restart 9/20, f = -754.4484430945297
Optimization restart 10/20, f = -761.4877108728242
Optimization restart 11/20, f = -760.9253178366091
Optimization restart 12/20, f = -762.7255940817645
Optimization restart 13/20, f = -749.7007272658152
Optimization restart 14/20, f = -760.9056537043355
Optimization restart 15/20, f = -762.5010879546637
Optimization restart 16/20, f = -744.3495483049444
Optimization restart 17/20, f = -761.2868501085309
Optimization restart 18/20, f = -757.7266856787801
Optimization restart 19/20, f = -760.1371653756675
Optimization restart 20/20, f = -761.0852665688666
pypal at iteration 91.         180 Pareto optimal points,         1824 discarded points,         1121 unclassified points.
Hypervolume 1500.8697047935339
pypal at iteration 92.         180 Pareto optimal points,         1825 discarded points,         1120 unclassified points.
Hypervolume 1500.8697047935339
pypal at iteration 93.         180 Pareto optimal points,         1826 discarded points,         1119 unclassified points.
Hypervolume 1500.8697047935339
pypal at iteration 94.         180 Pareto optimal points,         1827 discarded points,         1118 unclassified points.
Hypervolume 1500.8697047935339
pypal at iteration 95.         180 Pareto optimal points,         1828 discarded points,         1117 unclassified points.
Hypervolume 1500.8697047935339
pypal at iteration 96.         180 Pareto optimal points,         1829 discarded points,         1116 unclassified points.
Hypervolume 1500.8697047935339
pypal at iteration 97.         180 Pareto optimal points,         1831 discarded points,         1114 unclassified points.
Hypervolume 1500.8697047935339
pypal at iteration 98.         180 Pareto optimal points,         1839 discarded points,         1106 unclassified points.
Hypervolume 1500.8697047935339
pypal at iteration 99.         180 Pareto optimal points,         1840 discarded points,         1105 unclassified points.
Hypervolume 1500.8697047935339
pypal at iteration 100.         180 Pareto optimal points,         1841 discarded points,         1104 unclassified points.
Hypervolume 1500.8697047935339
Optimization restart 1/20, f = -818.1244794240804
Optimization restart 2/20, f = -800.8785962159336
Optimization restart 3/20, f = -815.7060266936421
Optimization restart 4/20, f = -808.4223844067915
Optimization restart 5/20, f = -816.4197025256954
Optimization restart 6/20, f = -816.6314290044581
Optimization restart 7/20, f = -816.7697137326561
Optimization restart 8/20, f = -814.6621459097597
Optimization restart 9/20, f = -807.7452511715152
Optimization restart 10/20, f = -812.8579586027543
Optimization restart 11/20, f = -806.3467297242508
Optimization restart 12/20, f = -816.3865716775811
Optimization restart 13/20, f = -810.9518417251263
Optimization restart 14/20, f = -816.5058901230855
Optimization restart 15/20, f = -810.5479118470055
Optimization restart 16/20, f = -816.789951489442
Optimization restart 17/20, f = -817.2491361232466
Optimization restart 18/20, f = -815.2092504281701
Optimization restart 19/20, f = -801.2470127427152
Optimization restart 20/20, f = -816.6110044403234
pypal at iteration 101.         180 Pareto optimal points,         1846 discarded points,         1099 unclassified points.
Hypervolume 1500.8697047935339
pypal at iteration 102.         181 Pareto optimal points,         2271 discarded points,         673 unclassified points.
Hypervolume 1501.0251121142737
pypal at iteration 103.         181 Pareto optimal points,         2271 discarded points,         673 unclassified points.
Hypervolume 1501.0251121142737
pypal at iteration 104.         181 Pareto optimal points,         2271 discarded points,         673 unclassified points.
Hypervolume 1501.0251121142737
pypal at iteration 105.         181 Pareto optimal points,         2271 discarded points,         673 unclassified points.
Hypervolume 1501.0251121142737
pypal at iteration 106.         181 Pareto optimal points,         2272 discarded points,         672 unclassified points.
Hypervolume 1501.0251121142737
pypal at iteration 107.         181 Pareto optimal points,         2273 discarded points,         671 unclassified points.
Hypervolume 1501.0251121142737
pypal at iteration 108.         181 Pareto optimal points,         2274 discarded points,         670 unclassified points.
Hypervolume 1501.0251121142737
pypal at iteration 109.         181 Pareto optimal points,         2287 discarded points,         657 unclassified points.
Hypervolume 1501.0251121142737
pypal at iteration 110.         181 Pareto optimal points,         2287 discarded points,         657 unclassified points.
Hypervolume 1501.0251121142737
Optimization restart 1/20, f = -872.0302371053103
Optimization restart 2/20, f = -868.6204596458681
Optimization restart 3/20, f = -865.0996174462814
Optimization restart 4/20, f = -864.1951712863199
Optimization restart 5/20, f = -870.4803317769546
Optimization restart 6/20, f = -867.7482522259146
Optimization restart 7/20, f = -867.5505572219287
Optimization restart 8/20, f = -868.2720990156042
Optimization restart 9/20, f = -857.9500864847707
Optimization restart 10/20, f = -869.3802009255044
Optimization restart 11/20, f = -862.5204881396862
Optimization restart 12/20, f = -869.7640356327981
Optimization restart 13/20, f = -760.6627227687068
Optimization restart 14/20, f = -858.7326259541326
Optimization restart 15/20, f = -473.41276791851146
Optimization restart 16/20, f = -860.0848635575098
Optimization restart 17/20, f = -868.8916542900871
Optimization restart 18/20, f = -865.0302758966586
Optimization restart 19/20, f = -869.9891092964634
Optimization restart 20/20, f = -865.0206579818089
pypal at iteration 111.         181 Pareto optimal points,         2289 discarded points,         655 unclassified points.
Hypervolume 1501.0251121142737
pypal at iteration 112.         181 Pareto optimal points,         2290 discarded points,         654 unclassified points.
Hypervolume 1501.0251121142737
pypal at iteration 113.         181 Pareto optimal points,         2291 discarded points,         653 unclassified points.
Hypervolume 1501.0251121142737
pypal at iteration 114.         181 Pareto optimal points,         2292 discarded points,         652 unclassified points.
Hypervolume 1501.0251121142737
pypal at iteration 115.         181 Pareto optimal points,         2293 discarded points,         651 unclassified points.
Hypervolume 1501.0251121142737
pypal at iteration 116.         181 Pareto optimal points,         2293 discarded points,         651 unclassified points.
Hypervolume 1501.0251121142737
pypal at iteration 117.         181 Pareto optimal points,         2293 discarded points,         651 unclassified points.
Hypervolume 1501.0251121142737
pypal at iteration 118.         181 Pareto optimal points,         2293 discarded points,         651 unclassified points.
Hypervolume 1501.0251121142737
pypal at iteration 119.         181 Pareto optimal points,         2294 discarded points,         650 unclassified points.
Hypervolume 1501.0251121142737
pypal at iteration 120.         181 Pareto optimal points,         2294 discarded points,         650 unclassified points.
Hypervolume 1501.0251121142737
Optimization restart 1/20, f = -932.7863957136037
Optimization restart 2/20, f = -924.7673177731637
Optimization restart 3/20, f = -926.4422405471463
Optimization restart 4/20, f = -928.8404819823613
Optimization restart 5/20, f = -926.0333209170647
Optimization restart 6/20, f = -928.4196296093796
Optimization restart 7/20, f = -917.4620848802645
Optimization restart 8/20, f = -930.9935124767371
Optimization restart 9/20, f = -900.646698885963
Optimization restart 10/20, f = -929.6925904957577
Optimization restart 11/20, f = -929.6277905832846
Optimization restart 12/20, f = -922.2585828067457
Optimization restart 13/20, f = -925.6336521492606
Optimization restart 14/20, f = -929.019207040333
Optimization restart 15/20, f = -903.9144767355576
Optimization restart 16/20, f = -916.9530406590209
Optimization restart 17/20, f = -925.2940260276974
Optimization restart 18/20, f = -930.6923387206546
Optimization restart 19/20, f = -917.671724419849
Optimization restart 20/20, f = -926.4101788305074
pypal at iteration 121.         181 Pareto optimal points,         2295 discarded points,         649 unclassified points.
Hypervolume 1501.0251121142737
pypal at iteration 122.         181 Pareto optimal points,         2296 discarded points,         648 unclassified points.
Hypervolume 1501.0251121142737
pypal at iteration 123.         181 Pareto optimal points,         2297 discarded points,         647 unclassified points.
Hypervolume 1501.0251121142737
pypal at iteration 124.         181 Pareto optimal points,         2298 discarded points,         646 unclassified points.
Hypervolume 1501.0251121142737
pypal at iteration 125.         181 Pareto optimal points,         2298 discarded points,         646 unclassified points.
Hypervolume 1501.0251121142737
pypal at iteration 126.         181 Pareto optimal points,         2298 discarded points,         646 unclassified points.
Hypervolume 1501.0251121142737
pypal at iteration 127.         181 Pareto optimal points,         2299 discarded points,         645 unclassified points.
Hypervolume 1501.0251121142737
pypal at iteration 128.         181 Pareto optimal points,         2300 discarded points,         644 unclassified points.
Hypervolume 1501.0251121142737
pypal at iteration 129.         181 Pareto optimal points,         2301 discarded points,         643 unclassified points.
Hypervolume 1501.0251121142737
pypal at iteration 130.         181 Pareto optimal points,         2302 discarded points,         642 unclassified points.
Hypervolume 1501.0251121142737
Optimization restart 1/20, f = -988.9393273269814
Optimization restart 2/20, f = -984.9514345122436
Optimization restart 3/20, f = -985.6126736370577
Optimization restart 4/20, f = -985.1633900702075
Optimization restart 5/20, f = -984.6633633011106
Optimization restart 6/20, f = -983.7330398529407
Optimization restart 7/20, f = -983.5982305087718
Optimization restart 8/20, f = -961.3435944539946
Optimization restart 9/20, f = -987.3429858580362
Optimization restart 10/20, f = -987.3936274395714
Optimization restart 11/20, f = -983.5003428715221
Optimization restart 12/20, f = -983.1740888465301
Optimization restart 13/20, f = -984.3137038631851
Optimization restart 14/20, f = -988.1997226243948
Optimization restart 15/20, f = -983.4060655741084
Optimization restart 16/20, f = -984.7673117937302
Optimization restart 17/20, f = -979.7986271888707
Optimization restart 18/20, f = -982.4542789998594
Optimization restart 19/20, f = -986.3523462354123
Optimization restart 20/20, f = -983.2616023879643
pypal at iteration 131.         181 Pareto optimal points,         2302 discarded points,         642 unclassified points.
Hypervolume 1501.0251121142737
pypal at iteration 132.         181 Pareto optimal points,         2303 discarded points,         641 unclassified points.
Hypervolume 1501.0251121142737
pypal at iteration 133.         181 Pareto optimal points,         2304 discarded points,         640 unclassified points.
Hypervolume 1501.0251121142737
pypal at iteration 134.         181 Pareto optimal points,         2305 discarded points,         639 unclassified points.
Hypervolume 1501.0251121142737
pypal at iteration 135.         181 Pareto optimal points,         2306 discarded points,         638 unclassified points.
Hypervolume 1501.0251121142737
pypal at iteration 136.         181 Pareto optimal points,         2309 discarded points,         635 unclassified points.
Hypervolume 1501.0251121142737
pypal at iteration 137.         181 Pareto optimal points,         2311 discarded points,         633 unclassified points.
Hypervolume 1501.0251121142737
pypal at iteration 138.         181 Pareto optimal points,         2312 discarded points,         632 unclassified points.
Hypervolume 1501.0251121142737
pypal at iteration 139.         181 Pareto optimal points,         2313 discarded points,         631 unclassified points.
Hypervolume 1501.0251121142737
pypal at iteration 140.         181 Pareto optimal points,         2314 discarded points,         630 unclassified points.
Hypervolume 1501.0251121142737
Optimization restart 1/20, f = -1039.8088528638623
Optimization restart 2/20, f = -1036.665501939548
Optimization restart 3/20, f = -1034.5480175066161
Optimization restart 4/20, f = -1038.2878763039887
Optimization restart 5/20, f = -1034.2115382875809
Optimization restart 6/20, f = -1032.1448144670312
Optimization restart 7/20, f = -1033.455931264648
Optimization restart 8/20, f = -1027.9903486465923
Optimization restart 9/20, f = -1037.5479141624087
Optimization restart 10/20, f = -1035.1034534206533
Optimization restart 11/20, f = -1035.3169169770674
Optimization restart 12/20, f = -1038.011930893966
Optimization restart 13/20, f = -1035.7120401665984
Optimization restart 14/20, f = -1037.9298882870737
Optimization restart 15/20, f = -1037.092585301346
Optimization restart 16/20, f = -1037.234088215785
Optimization restart 17/20, f = -990.1542876476469
Optimization restart 18/20, f = -1030.513274347041
Optimization restart 19/20, f = -1028.8196624971342
Optimization restart 20/20, f = -1031.1537473753524
pypal at iteration 141.         181 Pareto optimal points,         2315 discarded points,         629 unclassified points.
Hypervolume 1501.0251121142737
pypal at iteration 142.         181 Pareto optimal points,         2316 discarded points,         628 unclassified points.
Hypervolume 1501.0251121142737
pypal at iteration 143.         181 Pareto optimal points,         2317 discarded points,         627 unclassified points.
Hypervolume 1501.0251121142737
pypal at iteration 144.         181 Pareto optimal points,         2318 discarded points,         626 unclassified points.
Hypervolume 1501.0251121142737
pypal at iteration 145.         181 Pareto optimal points,         2319 discarded points,         625 unclassified points.
Hypervolume 1501.0251121142737
pypal at iteration 146.         181 Pareto optimal points,         2320 discarded points,         624 unclassified points.
Hypervolume 1501.0251121142737
pypal at iteration 147.         181 Pareto optimal points,         2321 discarded points,         623 unclassified points.
Hypervolume 1501.0251121142737
pypal at iteration 148.         181 Pareto optimal points,         2458 discarded points,         486 unclassified points.
Hypervolume 1501.0251121142737
pypal at iteration 149.         181 Pareto optimal points,         2458 discarded points,         486 unclassified points.
Hypervolume 1501.0251121142737
pypal at iteration 150.         181 Pareto optimal points,         2458 discarded points,         486 unclassified points.
Hypervolume 1501.0251121142737
Optimization restart 1/20, f = -1101.1086439852968
Optimization restart 2/20, f = -1093.7639747426533
Optimization restart 3/20, f = -1099.6107465640891
Optimization restart 4/20, f = -1101.0607201278312
Optimization restart 5/20, f = -1098.5499324341442
Optimization restart 6/20, f = -1098.7176311990252
Optimization restart 7/20, f = -1099.6708186400556
Optimization restart 8/20, f = -1090.0915105816234
Optimization restart 9/20, f = -1088.8396355063346
Optimization restart 10/20, f = -1099.9380751755593
Optimization restart 11/20, f = -1093.7125424457772
Optimization restart 12/20, f = -1099.0272178385726
Optimization restart 13/20, f = -1094.0013024857244
Optimization restart 14/20, f = -1023.56530120496
Optimization restart 15/20, f = -1099.9389189472001
Optimization restart 16/20, f = -1089.0693555658079
Optimization restart 17/20, f = -1086.393686407864
Optimization restart 18/20, f = -1097.2258677143057
Optimization restart 19/20, f = -1095.9102987046776
Optimization restart 20/20, f = -1098.7429718106314
pypal at iteration 151.         181 Pareto optimal points,         2459 discarded points,         485 unclassified points.
Hypervolume 1501.0251121142737
pypal at iteration 152.         181 Pareto optimal points,         2460 discarded points,         484 unclassified points.
Hypervolume 1501.0251121142737
pypal at iteration 153.         181 Pareto optimal points,         2461 discarded points,         483 unclassified points.
Hypervolume 1501.0251121142737
pypal at iteration 154.         181 Pareto optimal points,         2461 discarded points,         483 unclassified points.
Hypervolume 1501.0251121142737
pypal at iteration 155.         182 Pareto optimal points,         2537 discarded points,         406 unclassified points.
Hypervolume 1501.3751663723538
pypal at iteration 156.         182 Pareto optimal points,         2538 discarded points,         405 unclassified points.
Hypervolume 1501.3751663723538
pypal at iteration 157.         182 Pareto optimal points,         2539 discarded points,         404 unclassified points.
Hypervolume 1501.3751663723538
pypal at iteration 158.         182 Pareto optimal points,         2540 discarded points,         403 unclassified points.
Hypervolume 1501.3751663723538
pypal at iteration 159.         182 Pareto optimal points,         2541 discarded points,         402 unclassified points.
Hypervolume 1501.3751663723538
pypal at iteration 160.         182 Pareto optimal points,         2542 discarded points,         401 unclassified points.
Hypervolume 1501.3751663723538
Optimization restart 1/20, f = -1148.7151255730846
Optimization restart 2/20, f = -1139.5657884857114
Optimization restart 3/20, f = -1138.7723774422686
Optimization restart 4/20, f = -1143.769865866402
Optimization restart 5/20, f = -1140.6146231675039
Optimization restart 6/20, f = -1143.118398144934
Optimization restart 7/20, f = -1140.4788770999398
Optimization restart 8/20, f = -1145.7588392764328
Optimization restart 9/20, f = -1120.1025301033062
Optimization restart 10/20, f = -1141.860925201452
Optimization restart 11/20, f = -1146.711156729202
Optimization restart 12/20, f = -1143.800321947199
Optimization restart 13/20, f = -1145.9812629058047
Optimization restart 14/20, f = -970.7886518484019
Optimization restart 15/20, f = -1099.7674820584587
Optimization restart 16/20, f = -1136.9504756049255
Optimization restart 17/20, f = -1143.0263110402057
Optimization restart 18/20, f = -1145.1059563487565
Optimization restart 19/20, f = -1142.3444289845008
Optimization restart 20/20, f = -1140.131575653158
pypal at iteration 161.         182 Pareto optimal points,         2543 discarded points,         400 unclassified points.
Hypervolume 1501.3751663723538
pypal at iteration 162.         182 Pareto optimal points,         2543 discarded points,         400 unclassified points.
Hypervolume 1501.3751663723538
pypal at iteration 163.         182 Pareto optimal points,         2544 discarded points,         399 unclassified points.
Hypervolume 1501.3751663723538
pypal at iteration 164.         182 Pareto optimal points,         2545 discarded points,         398 unclassified points.
Hypervolume 1501.3751663723538
pypal at iteration 165.         182 Pareto optimal points,         2546 discarded points,         397 unclassified points.
Hypervolume 1501.3751663723538
pypal at iteration 166.         182 Pareto optimal points,         2547 discarded points,         396 unclassified points.
Hypervolume 1501.3751663723538
pypal at iteration 167.         182 Pareto optimal points,         2548 discarded points,         395 unclassified points.
Hypervolume 1501.3751663723538
pypal at iteration 168.         182 Pareto optimal points,         2548 discarded points,         395 unclassified points.
Hypervolume 1501.3751663723538
pypal at iteration 169.         182 Pareto optimal points,         2549 discarded points,         394 unclassified points.
Hypervolume 1501.3751663723538
pypal at iteration 170.         182 Pareto optimal points,         2549 discarded points,         394 unclassified points.
Hypervolume 1501.3751663723538
Optimization restart 1/20, f = -1191.9474967765793
Optimization restart 2/20, f = -1175.334925412821
Optimization restart 3/20, f = -1189.6569082422893
Optimization restart 4/20, f = -1188.0662527362724
Optimization restart 5/20, f = -1187.891051458117
Optimization restart 6/20, f = -1188.9353435924095
Optimization restart 7/20, f = -1178.68973869235
Optimization restart 8/20, f = -1183.987353098867
Optimization restart 9/20, f = -1189.3334336817527
Optimization restart 10/20, f = -1183.0088670250498
Optimization restart 11/20, f = -1026.9217447638666
Optimization restart 12/20, f = -1190.6129181235574
Optimization restart 13/20, f = -1188.492953629529
Optimization restart 14/20, f = -1185.1852906313911
Optimization restart 15/20, f = -1189.8953206936656
Optimization restart 16/20, f = -1187.794412922796
Optimization restart 17/20, f = -1189.4184188595282
Optimization restart 18/20, f = -1189.4662837657932
Optimization restart 19/20, f = -1179.1097184039454
Optimization restart 20/20, f = -1189.8907938481752
pypal at iteration 171.         182 Pareto optimal points,         2549 discarded points,         394 unclassified points.
Hypervolume 1501.3751663723538
pypal at iteration 172.         182 Pareto optimal points,         2550 discarded points,         393 unclassified points.
Hypervolume 1501.3751663723538
pypal at iteration 173.         182 Pareto optimal points,         2550 discarded points,         393 unclassified points.
Hypervolume 1501.3751663723538
pypal at iteration 174.         182 Pareto optimal points,         2551 discarded points,         392 unclassified points.
Hypervolume 1501.3751663723538
pypal at iteration 175.         182 Pareto optimal points,         2552 discarded points,         391 unclassified points.
Hypervolume 1501.3751663723538
pypal at iteration 176.         182 Pareto optimal points,         2553 discarded points,         390 unclassified points.
Hypervolume 1501.3751663723538
pypal at iteration 177.         182 Pareto optimal points,         2553 discarded points,         390 unclassified points.
Hypervolume 1501.3751663723538
pypal at iteration 178.         182 Pareto optimal points,         2553 discarded points,         390 unclassified points.
Hypervolume 1501.3751663723538
pypal at iteration 179.         182 Pareto optimal points,         2554 discarded points,         389 unclassified points.
Hypervolume 1501.3751663723538
pypal at iteration 180.         182 Pareto optimal points,         2555 discarded points,         388 unclassified points.
Hypervolume 1501.3751663723538
Optimization restart 1/20, f = -1246.3559704078805
Optimization restart 2/20, f = -1220.707709987868
Optimization restart 3/20, f = -1240.145247461383
Optimization restart 4/20, f = -1235.8574060193937
Optimization restart 5/20, f = -1242.7839746756708
Optimization restart 6/20, f = -1239.302961938117
Optimization restart 7/20, f = -1245.2914169152245
Optimization restart 8/20, f = -1237.90863437008
Optimization restart 9/20, f = -1241.7572011739835
Optimization restart 10/20, f = -1237.0769105331296
Optimization restart 11/20, f = -1240.671218141999
Optimization restart 12/20, f = -1242.0777706119725
Optimization restart 13/20, f = -1246.5326548455223
Optimization restart 14/20, f = -1239.9332410097168
Optimization restart 15/20, f = -1234.501170281093
Optimization restart 16/20, f = -1242.4683884978904
Optimization restart 17/20, f = -1226.371754633483
Optimization restart 18/20, f = -1244.5035296571687
Optimization restart 19/20, f = -1236.4652580287411
Optimization restart 20/20, f = -1172.1167160098985
pypal at iteration 181.         182 Pareto optimal points,         2555 discarded points,         388 unclassified points.
Hypervolume 1501.3751663723538
pypal at iteration 182.         182 Pareto optimal points,         2556 discarded points,         387 unclassified points.
Hypervolume 1501.3751663723538
pypal at iteration 183.         182 Pareto optimal points,         2556 discarded points,         387 unclassified points.
Hypervolume 1501.3751663723538
pypal at iteration 184.         182 Pareto optimal points,         2556 discarded points,         387 unclassified points.
Hypervolume 1501.3751663723538
pypal at iteration 185.         182 Pareto optimal points,         2556 discarded points,         387 unclassified points.
Hypervolume 1501.3751663723538
pypal at iteration 186.         182 Pareto optimal points,         2556 discarded points,         387 unclassified points.
Hypervolume 1501.3751663723538
pypal at iteration 187.         182 Pareto optimal points,         2556 discarded points,         387 unclassified points.
Hypervolume 1501.3751663723538
pypal at iteration 188.         182 Pareto optimal points,         2556 discarded points,         387 unclassified points.
Hypervolume 1501.3751663723538
pypal at iteration 189.         182 Pareto optimal points,         2556 discarded points,         387 unclassified points.
Hypervolume 1501.3751663723538
pypal at iteration 190.         182 Pareto optimal points,         2556 discarded points,         387 unclassified points.
Hypervolume 1501.3751663723538
Optimization restart 1/20, f = -1294.6320659588614
Optimization restart 2/20, f = -1290.0552768845769
Optimization restart 3/20, f = -1289.6706304324307
Optimization restart 4/20, f = -1286.021846799681
Optimization restart 5/20, f = -1293.3756784173925
Optimization restart 6/20, f = -1293.185781858384
Optimization restart 7/20, f = -1153.623182683158
Optimization restart 8/20, f = -1282.911564878464
Optimization restart 9/20, f = -1293.3878242007409
Optimization restart 10/20, f = -1292.6495157064458
Optimization restart 11/20, f = -1289.2426318533876
Optimization restart 12/20, f = -1248.7747839873657
Optimization restart 13/20, f = -1291.611094428409
Optimization restart 14/20, f = -1279.9779647293935
Optimization restart 15/20, f = -1286.5872250999198
Optimization restart 16/20, f = -1281.707502076987
Optimization restart 17/20, f = -1285.200375107701
Optimization restart 18/20, f = -1291.1564375531775
Optimization restart 19/20, f = -1295.2068317796866
Optimization restart 20/20, f = -1288.473586797162
pypal at iteration 191.         183 Pareto optimal points,         2927 discarded points,         15 unclassified points.
Hypervolume 1508.0672619696888
pypal at iteration 192.         183 Pareto optimal points,         2927 discarded points,         15 unclassified points.
Hypervolume 1508.0672619696888
pypal at iteration 193.         183 Pareto optimal points,         2927 discarded points,         15 unclassified points.
Hypervolume 1508.0672619696888
pypal at iteration 194.         183 Pareto optimal points,         2927 discarded points,         15 unclassified points.
Hypervolume 1508.0672619696888
pypal at iteration 195.         183 Pareto optimal points,         2927 discarded points,         15 unclassified points.
Hypervolume 1508.0672619696888
pypal at iteration 196.         183 Pareto optimal points,         2927 discarded points,         15 unclassified points.
Hypervolume 1508.0672619696888
pypal at iteration 197.         183 Pareto optimal points,         2927 discarded points,         15 unclassified points.
Hypervolume 1508.0672619696888
pypal at iteration 198.         183 Pareto optimal points,         2928 discarded points,         14 unclassified points.
Hypervolume 1508.0672619696888
pypal at iteration 199.         183 Pareto optimal points,         2928 discarded points,         14 unclassified points.
Hypervolume 1508.0672619696888
pypal at iteration 200.         183 Pareto optimal points,         2928 discarded points,         14 unclassified points.
Hypervolume 1508.0672619696888
Optimization restart 1/20, f = -1350.6706711000425
Optimization restart 2/20, f = -1344.5620934797284
Optimization restart 3/20, f = -1332.6688317143744
Optimization restart 4/20, f = -1335.7202793435893
Optimization restart 5/20, f = -1347.271676258786
Optimization restart 6/20, f = -1343.5499737960517
Optimization restart 7/20, f = -1338.664975531437
Optimization restart 8/20, f = -1331.0012226066865
Optimization restart 9/20, f = -1344.5623625716375
Optimization restart 10/20, f = -1339.5255950967985
Optimization restart 11/20, f = -1341.1218839394746
Optimization restart 12/20, f = -1181.6521368786516
Optimization restart 13/20, f = -1343.3928780275687
Optimization restart 14/20, f = -1334.9964345798203
Optimization restart 15/20, f = -1339.5426816021586
Optimization restart 16/20, f = -1344.0018518099932
Optimization restart 17/20, f = -1342.8275970080215
Optimization restart 18/20, f = -1181.691104479232
Optimization restart 19/20, f = -1344.1257559717887
Optimization restart 20/20, f = -1317.0618953040346
pypal at iteration 201.         183 Pareto optimal points,         2929 discarded points,         13 unclassified points.
Hypervolume 1508.0672619696888
pypal at iteration 202.         183 Pareto optimal points,         2929 discarded points,         13 unclassified points.
Hypervolume 1508.0672619696888
pypal at iteration 203.         183 Pareto optimal points,         2929 discarded points,         13 unclassified points.
Hypervolume 1508.0672619696888
pypal at iteration 204.         183 Pareto optimal points,         2929 discarded points,         13 unclassified points.
Hypervolume 1508.0672619696888
pypal at iteration 205.         183 Pareto optimal points,         2929 discarded points,         13 unclassified points.
Hypervolume 1508.0672619696888
pypal at iteration 206.         183 Pareto optimal points,         2929 discarded points,         13 unclassified points.
Hypervolume 1508.0672619696888
pypal at iteration 207.         183 Pareto optimal points,         2929 discarded points,         13 unclassified points.
Hypervolume 1508.0672619696888
pypal at iteration 208.         183 Pareto optimal points,         2930 discarded points,         12 unclassified points.
Hypervolume 1508.0672619696888
pypal at iteration 209.         183 Pareto optimal points,         2930 discarded points,         12 unclassified points.
Hypervolume 1508.0672619696888
pypal at iteration 210.         183 Pareto optimal points,         2930 discarded points,         12 unclassified points.
Hypervolume 1508.0672619696888
Optimization restart 1/20, f = -1405.7272082016407
Optimization restart 2/20, f = -1385.909565515618
Optimization restart 3/20, f = -1400.0317068066538
Optimization restart 4/20, f = -1401.973468166655
Optimization restart 5/20, f = -1399.7292149183531
Optimization restart 6/20, f = -1397.2946362827136
Optimization restart 7/20, f = -1397.1956626069555
Optimization restart 8/20, f = -1401.032443957673
Optimization restart 9/20, f = -1398.8661132096684
Optimization restart 10/20, f = -1390.6538938554363
Optimization restart 11/20, f = -1372.9767964345906
Optimization restart 12/20, f = -1399.4510601827308
Optimization restart 13/20, f = -1391.7447193272865
Optimization restart 14/20, f = -1397.5495208443133
Optimization restart 15/20, f = -1398.8928167287318
Optimization restart 16/20, f = -1248.5228137993747
Optimization restart 17/20, f = -1400.6825491659524
Optimization restart 18/20, f = -1392.58768495848
Optimization restart 19/20, f = -1369.503480377943
Optimization restart 20/20, f = -1398.5697589576487
pypal at iteration 211.         183 Pareto optimal points,         2930 discarded points,         12 unclassified points.
Hypervolume 1508.0672619696888
pypal at iteration 212.         183 Pareto optimal points,         2930 discarded points,         12 unclassified points.
Hypervolume 1508.0672619696888
pypal at iteration 213.         183 Pareto optimal points,         2930 discarded points,         12 unclassified points.
Hypervolume 1508.0672619696888
pypal at iteration 214.         183 Pareto optimal points,         2930 discarded points,         12 unclassified points.
Hypervolume 1508.0672619696888
pypal at iteration 215.         183 Pareto optimal points,         2930 discarded points,         12 unclassified points.
Hypervolume 1508.0672619696888
pypal at iteration 216.         183 Pareto optimal points,         2930 discarded points,         12 unclassified points.
Hypervolume 1508.0672619696888
pypal at iteration 217.         183 Pareto optimal points,         2930 discarded points,         12 unclassified points.
Hypervolume 1508.0672619696888
pypal at iteration 218.         183 Pareto optimal points,         2930 discarded points,         12 unclassified points.
Hypervolume 1508.0672619696888
pypal at iteration 219.         183 Pareto optimal points,         2930 discarded points,         12 unclassified points.
Hypervolume 1508.0672619696888
pypal at iteration 220.         183 Pareto optimal points,         2930 discarded points,         12 unclassified points.
Hypervolume 1508.0672619696888
Optimization restart 1/20, f = -1463.3907432255128
Optimization restart 2/20, f = -1457.3817425253542
Optimization restart 3/20, f = -1459.8657258278934
Optimization restart 4/20, f = -1453.904793652618
Optimization restart 5/20, f = -1458.020103818981
Optimization restart 6/20, f = -1458.3481359069904
Optimization restart 7/20, f = -1442.060479145909
Optimization restart 8/20, f = -1446.4986574385885
Optimization restart 9/20, f = -1448.4122685647174
Optimization restart 10/20, f = -1454.7427653291957
Optimization restart 11/20, f = -1451.6242087547387
Optimization restart 12/20, f = -1453.713106142133
Optimization restart 13/20, f = -1440.440945962071
Optimization restart 14/20, f = -1443.222304744594
Optimization restart 15/20, f = -1453.6462691519355
Optimization restart 16/20, f = -1445.6576281380562
Optimization restart 17/20, f = -1446.1997660453553
Optimization restart 18/20, f = -1456.1485290392939
Optimization restart 19/20, f = -1299.6365981705758
Optimization restart 20/20, f = -1450.50369804236
pypal at iteration 221.         183 Pareto optimal points,         2933 discarded points,         9 unclassified points.
Hypervolume 1508.0672619696888
pypal at iteration 222.         183 Pareto optimal points,         2933 discarded points,         9 unclassified points.
Hypervolume 1508.0672619696888
pypal at iteration 223.         183 Pareto optimal points,         2933 discarded points,         9 unclassified points.
Hypervolume 1508.0672619696888
pypal at iteration 224.         183 Pareto optimal points,         2933 discarded points,         9 unclassified points.
Hypervolume 1508.0672619696888
pypal at iteration 225.         183 Pareto optimal points,         2933 discarded points,         9 unclassified points.
Hypervolume 1508.0672619696888
pypal at iteration 226.         183 Pareto optimal points,         2933 discarded points,         9 unclassified points.
Hypervolume 1508.0672619696888
pypal at iteration 227.         183 Pareto optimal points,         2933 discarded points,         9 unclassified points.
Hypervolume 1508.0672619696888
pypal at iteration 228.         183 Pareto optimal points,         2933 discarded points,         9 unclassified points.
Hypervolume 1508.0672619696888
pypal at iteration 229.         183 Pareto optimal points,         2933 discarded points,         9 unclassified points.
Hypervolume 1508.0672619696888
pypal at iteration 230.         183 Pareto optimal points,         2933 discarded points,         9 unclassified points.
Hypervolume 1508.0672619696888
Optimization restart 1/20, f = -1521.3282950963885
Optimization restart 2/20, f = -1515.062027787009
Optimization restart 3/20, f = -1511.7863679770962
Optimization restart 4/20, f = -1514.093379400672
Optimization restart 5/20, f = -1511.059289403991
Optimization restart 6/20, f = -1514.5591708867523
Optimization restart 7/20, f = -1512.6030305108106
Optimization restart 8/20, f = -1509.199900623795
Optimization restart 9/20, f = -1504.764209239956
Optimization restart 10/20, f = -1481.3178708671257
Optimization restart 11/20, f = -1515.9675814960747
Optimization restart 12/20, f = -1504.0063862410755
Optimization restart 13/20, f = -1509.408933063713
Optimization restart 14/20, f = -1506.462365610358
Optimization restart 15/20, f = -1515.9033915030504
Optimization restart 16/20, f = -1513.5643981879819
Optimization restart 17/20, f = -1509.3574916235607
Optimization restart 18/20, f = -1515.1268444745797
Optimization restart 19/20, f = -1374.5424820221454
Optimization restart 20/20, f = -1518.0387296669633
pypal at iteration 231.         183 Pareto optimal points,         2933 discarded points,         9 unclassified points.
Hypervolume 1508.0672619696888
pypal at iteration 232.         183 Pareto optimal points,         2933 discarded points,         9 unclassified points.
Hypervolume 1508.0672619696888
pypal at iteration 233.         183 Pareto optimal points,         2933 discarded points,         9 unclassified points.
Hypervolume 1508.0672619696888
pypal at iteration 234.         183 Pareto optimal points,         2934 discarded points,         8 unclassified points.
Hypervolume 1508.0672619696888
pypal at iteration 235.         183 Pareto optimal points,         2934 discarded points,         8 unclassified points.
Hypervolume 1508.0672619696888
pypal at iteration 236.         183 Pareto optimal points,         2934 discarded points,         8 unclassified points.
Hypervolume 1508.0672619696888
pypal at iteration 237.         183 Pareto optimal points,         2934 discarded points,         8 unclassified points.
Hypervolume 1508.0672619696888
pypal at iteration 238.         183 Pareto optimal points,         2934 discarded points,         8 unclassified points.
Hypervolume 1508.0672619696888
pypal at iteration 239.         183 Pareto optimal points,         2935 discarded points,         7 unclassified points.
Hypervolume 1508.0672619696888
pypal at iteration 240.         183 Pareto optimal points,         2936 discarded points,         6 unclassified points.
Hypervolume 1508.0672619696888
Optimization restart 1/20, f = -1570.8348004417992
Optimization restart 2/20, f = -1564.0252736546638
Optimization restart 3/20, f = -1518.8105194092154
Optimization restart 4/20, f = -1559.2693335027552
Optimization restart 5/20, f = -1565.8955305787385
Optimization restart 6/20, f = -1561.1271252353513
Optimization restart 7/20, f = -1567.2180866769322
Optimization restart 8/20, f = -1409.47197755185
Optimization restart 9/20, f = -1567.1729408610202
Optimization restart 10/20, f = -1535.56210936792
Optimization restart 11/20, f = -1550.5438954638003
Optimization restart 12/20, f = -1564.1214306365366
Optimization restart 13/20, f = -1564.0884141427161
Optimization restart 14/20, f = -1557.9183204783644
Optimization restart 15/20, f = -1561.8061683672672
Optimization restart 16/20, f = -1563.1582566255101
Optimization restart 17/20, f = -1566.0743092883054
Optimization restart 18/20, f = -1563.4839407465447
Optimization restart 19/20, f = -1562.603025375387
Optimization restart 20/20, f = -1530.1931274728959
pypal at iteration 241.         183 Pareto optimal points,         2936 discarded points,         6 unclassified points.
Hypervolume 1508.0672619696888
pypal at iteration 242.         183 Pareto optimal points,         2937 discarded points,         5 unclassified points.
Hypervolume 1508.0672619696888
pypal at iteration 243.         183 Pareto optimal points,         2938 discarded points,         4 unclassified points.
Hypervolume 1508.0672619696888
pypal at iteration 244.         183 Pareto optimal points,         2938 discarded points,         4 unclassified points.
Hypervolume 1508.0672619696888
pypal at iteration 245.         183 Pareto optimal points,         2939 discarded points,         3 unclassified points.
Hypervolume 1508.0672619696888
pypal at iteration 246.         183 Pareto optimal points,         2940 discarded points,         2 unclassified points.
Hypervolume 1508.0672619696888
pypal at iteration 247.         183 Pareto optimal points,         2940 discarded points,         2 unclassified points.
Hypervolume 1508.0672619696888
pypal at iteration 248.         183 Pareto optimal points,         2941 discarded points,         1 unclassified points.
Hypervolume 1508.0672619696888
pypal at iteration 249.         183 Pareto optimal points,         2941 discarded points,         1 unclassified points.
Hypervolume 1508.0672619696888
pypal at iteration 250.         183 Pareto optimal points,         2941 discarded points,         1 unclassified points.
Hypervolume 1508.0672619696888
Optimization restart 1/20, f = -1618.7421761497214
Optimization restart 2/20, f = -1614.709070623972
Optimization restart 3/20, f = -1613.9717614006997
Optimization restart 4/20, f = -1611.3220660167399
Optimization restart 5/20, f = -1614.707993418566
Optimization restart 6/20, f = -1613.8771431724338
Optimization restart 7/20, f = -1606.063215232573
Optimization restart 8/20, f = -1579.1905513881836
Optimization restart 9/20, f = -1611.5074496205748
Optimization restart 10/20, f = -1610.344215093634
Optimization restart 11/20, f = -1577.6331086193093
Optimization restart 12/20, f = -1609.2686632614832
Optimization restart 13/20, f = -1613.0453128983272
Optimization restart 14/20, f = -1585.9917726060542
Optimization restart 15/20, f = -1610.383875655804
Optimization restart 16/20, f = -1610.4094003426703
Optimization restart 17/20, f = -1608.979333394073
Optimization restart 18/20, f = -1601.0699690620283
Optimization restart 19/20, f = -1614.2526091672357
Optimization restart 20/20, f = -1607.9034953524483
pypal at iteration 251.         183 Pareto optimal points,         2941 discarded points,         1 unclassified points.
Hypervolume 1508.0672619696888
pypal at iteration 252.         183 Pareto optimal points,         2941 discarded points,         1 unclassified points.
Hypervolume 1508.0672619696888
pypal at iteration 253.         183 Pareto optimal points,         2941 discarded points,         1 unclassified points.
Hypervolume 1508.0672619696888
pypal at iteration 254.         183 Pareto optimal points,         2941 discarded points,         1 unclassified points.
Hypervolume 1508.0672619696888
pypal at iteration 255.         183 Pareto optimal points,         2941 discarded points,         1 unclassified points.
Hypervolume 1508.0672619696888
pypal at iteration 256.         183 Pareto optimal points,         2941 discarded points,         1 unclassified points.
Hypervolume 1508.0672619696888
pypal at iteration 257.         183 Pareto optimal points,         2941 discarded points,         1 unclassified points.
Hypervolume 1508.0672619696888
pypal at iteration 258.         183 Pareto optimal points,         2941 discarded points,         1 unclassified points.
Hypervolume 1508.0672619696888
pypal at iteration 259.         183 Pareto optimal points,         2941 discarded points,         1 unclassified points.
Hypervolume 1508.0672619696888
pypal at iteration 260.         183 Pareto optimal points,         2941 discarded points,         1 unclassified points.
Hypervolume 1508.0672619696888
Optimization restart 1/20, f = -1672.6071971592273
Optimization restart 2/20, f = -1654.4163430771036
Optimization restart 3/20, f = -1655.3473432720475
Optimization restart 4/20, f = -1657.2131893685018
Optimization restart 5/20, f = -1667.4143483893656
Optimization restart 6/20, f = -1668.4862347940998
Optimization restart 7/20, f = -1665.0983185859936
Optimization restart 8/20, f = -1651.66561439743
Optimization restart 9/20, f = -1656.5254087359635
Optimization restart 10/20, f = -1659.7170992244905
Optimization restart 11/20, f = -1491.794512937422
Optimization restart 12/20, f = -1652.4577428714563
Optimization restart 13/20, f = -1649.8643244368513
Optimization restart 14/20, f = -1665.1873252289724
Optimization restart 15/20, f = -1666.174212231415
Optimization restart 16/20, f = -1659.2866649719235
Optimization restart 17/20, f = -1658.794441410417
Optimization restart 18/20, f = -1170.8917340654154
Optimization restart 19/20, f = -1668.3742808515963
Optimization restart 20/20, f = -1658.7230239904875
pypal at iteration 261.         183 Pareto optimal points,         2941 discarded points,         1 unclassified points.
Hypervolume 1508.0672619696888
pypal at iteration 262.         183 Pareto optimal points,         2941 discarded points,         1 unclassified points.
Hypervolume 1508.0672619696888
pypal at iteration 263.         183 Pareto optimal points,         2941 discarded points,         1 unclassified points.
Hypervolume 1508.0672619696888
pypal at iteration 264.         183 Pareto optimal points,         2941 discarded points,         1 unclassified points.
Hypervolume 1508.0672619696888
pypal at iteration 265.         183 Pareto optimal points,         2941 discarded points,         1 unclassified points.
Hypervolume 1508.0672619696888
pypal at iteration 266.         183 Pareto optimal points,         2941 discarded points,         1 unclassified points.
Hypervolume 1508.0672619696888
pypal at iteration 267.         183 Pareto optimal points,         2941 discarded points,         1 unclassified points.
Hypervolume 1508.0672619696888
pypal at iteration 268.         183 Pareto optimal points,         2941 discarded points,         1 unclassified points.
Hypervolume 1508.0672619696888
pypal at iteration 269.         183 Pareto optimal points,         2941 discarded points,         1 unclassified points.
Hypervolume 1508.0672619696888
pypal at iteration 270.         183 Pareto optimal points,         2941 discarded points,         1 unclassified points.
Hypervolume 1508.0672619696888
Optimization restart 1/20, f = -1728.3476033221955
Optimization restart 2/20, f = -1716.3714836229758
Optimization restart 3/20, f = -1714.0813219512333
Optimization restart 4/20, f = -1721.9283922637471
Optimization restart 5/20, f = -1703.4222420888277
Optimization restart 6/20, f = -1719.6963782799166
Optimization restart 7/20, f = -1722.5904688758842
Optimization restart 8/20, f = -1714.383776550771
Optimization restart 9/20, f = -1719.793411410924
Optimization restart 10/20, f = -1719.9075769965807
Optimization restart 11/20, f = -1719.212416091985
Optimization restart 12/20, f = -1721.653298144195
Optimization restart 13/20, f = -1722.1285354632162
Optimization restart 14/20, f = -1719.7972649305266
Optimization restart 15/20, f = -1717.0351516331807
Optimization restart 16/20, f = -1706.189740247447
Optimization restart 17/20, f = -1713.0997538496922
Optimization restart 18/20, f = -1715.8698705069448
Optimization restart 19/20, f = -1715.0965226681287
Optimization restart 20/20, f = -1711.6814064199218
pypal at iteration 271.         183 Pareto optimal points,         2941 discarded points,         1 unclassified points.
Hypervolume 1508.0672619696888
pypal at iteration 272.         183 Pareto optimal points,         2941 discarded points,         1 unclassified points.
Hypervolume 1508.0672619696888
pypal at iteration 273.         183 Pareto optimal points,         2941 discarded points,         1 unclassified points.
Hypervolume 1508.0672619696888
pypal at iteration 274.         183 Pareto optimal points,         2941 discarded points,         1 unclassified points.
Hypervolume 1508.0672619696888
pypal at iteration 275.         183 Pareto optimal points,         2941 discarded points,         1 unclassified points.
Hypervolume 1508.0672619696888
pypal at iteration 276.         183 Pareto optimal points,         2941 discarded points,         1 unclassified points.
Hypervolume 1508.0672619696888
pypal at iteration 277.         183 Pareto optimal points,         2941 discarded points,         1 unclassified points.
Hypervolume 1508.0672619696888
pypal at iteration 278.         183 Pareto optimal points,         2941 discarded points,         1 unclassified points.
Hypervolume 1508.0672619696888
pypal at iteration 279.         183 Pareto optimal points,         2941 discarded points,         1 unclassified points.
Hypervolume 1508.0672619696888
pypal at iteration 280.         183 Pareto optimal points,         2941 discarded points,         1 unclassified points.
Hypervolume 1508.0672619696888
Optimization restart 1/20, f = -1774.0002096013345
Optimization restart 2/20, f = -1767.5670330009907
Optimization restart 3/20, f = -1768.4704311280125
Optimization restart 4/20, f = -1765.301363214313
Optimization restart 5/20, f = -1765.741552380574
Optimization restart 6/20, f = -1726.051619134012
Optimization restart 7/20, f = -1761.1682561829039
Optimization restart 8/20, f = -1754.9279123285237
Optimization restart 9/20, f = -1758.4164354717884
Optimization restart 10/20, f = -1768.997076436791
Optimization restart 11/20, f = -1764.4965116850537
Optimization restart 12/20, f = -1721.7988133541692
Optimization restart 13/20, f = -1765.3076261337987
Optimization restart 14/20, f = -1770.545359076625
Optimization restart 15/20, f = -1764.3532862742309
Optimization restart 16/20, f = -1758.7178490966626
Optimization restart 17/20, f = -1760.9277996411308
Optimization restart 18/20, f = -1757.7179573722337
Optimization restart 19/20, f = -1763.5406168964587
Optimization restart 20/20, f = -1764.1409964870786
pypal at iteration 281.         183 Pareto optimal points,         2941 discarded points,         1 unclassified points.
Hypervolume 1508.0672619696888
pypal at iteration 282.         183 Pareto optimal points,         2941 discarded points,         1 unclassified points.
Hypervolume 1508.0672619696888
pypal at iteration 283.         183 Pareto optimal points,         2941 discarded points,         1 unclassified points.
Hypervolume 1508.0672619696888
pypal at iteration 284.         183 Pareto optimal points,         2941 discarded points,         1 unclassified points.
Hypervolume 1508.0672619696888
pypal at iteration 285.         183 Pareto optimal points,         2941 discarded points,         1 unclassified points.
Hypervolume 1508.0672619696888
pypal at iteration 286.         183 Pareto optimal points,         2941 discarded points,         1 unclassified points.
Hypervolume 1508.0672619696888
pypal at iteration 287.         183 Pareto optimal points,         2941 discarded points,         1 unclassified points.
Hypervolume 1508.0672619696888
pypal at iteration 288.         183 Pareto optimal points,         2941 discarded points,         1 unclassified points.
Hypervolume 1508.0672619696888
pypal at iteration 289.         183 Pareto optimal points,         2941 discarded points,         1 unclassified points.
Hypervolume 1508.0672619696888
Done. No unclassified point left
pypal at iteration 289.         183 Pareto optimal points,         2942 discarded points,         0 unclassified points.
Hypervolume 1508.0672619696888
