 /home/kjablonk/anaconda3/envs/dispersant_screener/lib/python3.7/site-packages/sklearn/utils/deprecation.py:143: FutureWarning:The sklearn.preprocessing.data module is  deprecated in version 0.22 and will be removed in version 0.24. The corresponding classes / functions should instead be imported from sklearn.preprocessing. Anything that cannot be imported from sklearn.preprocessing is now part of the private API.
 /home/kjablonk/programs/pypal/pypal/pal/validate_inputs.py:146: UserWarning:No goals provided,                 will assume that every dimension should be maximized
 /home/kjablonk/anaconda3/envs/dispersant_screener/lib/python3.7/site-packages/GPy/kern/src/stationary.py:166: RuntimeWarning:overflow encountered in true_divide
 /home/kjablonk/anaconda3/envs/dispersant_screener/lib/python3.7/site-packages/GPy/kern/src/stationary.py:137: RuntimeWarning:overflow encountered in square
 /home/kjablonk/anaconda3/envs/dispersant_screener/lib/python3.7/site-packages/GPy/kern/src/stationary.py:138: RuntimeWarning:invalid value encountered in add
 /home/kjablonk/anaconda3/envs/dispersant_screener/lib/python3.7/site-packages/GPy/kern/src/stationary.py:565: RuntimeWarning:invalid value encountered in multiply
 /home/kjablonk/anaconda3/envs/dispersant_screener/lib/python3.7/site-packages/GPy/kern/src/stationary.py:568: RuntimeWarning:invalid value encountered in subtract
 /home/kjablonk/anaconda3/envs/dispersant_screener/lib/python3.7/site-packages/paramz/transformations.py:111: RuntimeWarning:overflow encountered in expm1
 /home/kjablonk/anaconda3/envs/dispersant_screener/lib/python3.7/site-packages/GPy/kern/src/stationary.py:137: RuntimeWarning:overflow encountered in square
 /home/kjablonk/anaconda3/envs/dispersant_screener/lib/python3.7/site-packages/GPy/kern/src/stationary.py:138: RuntimeWarning:invalid value encountered in add
 /home/kjablonk/anaconda3/envs/dispersant_screener/lib/python3.7/site-packages/GPy/kern/src/stationary.py:565: RuntimeWarning:invalid value encountered in multiply
 /home/kjablonk/anaconda3/envs/dispersant_screener/lib/python3.7/site-packages/GPy/kern/src/stationary.py:568: RuntimeWarning:invalid value encountered in subtract
 /home/kjablonk/anaconda3/envs/dispersant_screener/lib/python3.7/site-packages/GPy/kern/src/stationary.py:166: RuntimeWarning:overflow encountered in true_divide
 /home/kjablonk/anaconda3/envs/dispersant_screener/lib/python3.7/site-packages/GPy/kern/src/stationary.py:243: RuntimeWarning:invalid value encountered in true_divide
 /home/kjablonk/anaconda3/envs/dispersant_screener/lib/python3.7/site-packages/GPy/kern/src/stationary.py:138: RuntimeWarning:overflow encountered in multiply
 /home/kjablonk/anaconda3/envs/dispersant_screener/lib/python3.7/site-packages/GPy/kern/src/stationary.py:138: RuntimeWarning:overflow encountered in add
 /home/kjablonk/anaconda3/envs/dispersant_screener/lib/python3.7/site-packages/GPy/kern/src/stationary.py:565: RuntimeWarning:overflow encountered in multiply
 /home/kjablonk/anaconda3/envs/dispersant_screener/lib/python3.7/site-packages/GPy/kern/src/stationary.py:568: RuntimeWarning:overflow encountered in multiply
 /home/kjablonk/anaconda3/envs/dispersant_screener/lib/python3.7/site-packages/GPy/kern/src/stationary.py:568: RuntimeWarning:invalid value encountered in multiply
Maximum hypervolume 1536.0438526567837
STARTING PAL
Optimization restart 1/20, f = -36.1207943065361
Optimization restart 2/20, f = -23.39484957281484
Optimization restart 3/20, f = -27.816216524230835
Optimization restart 4/20, f = -20.793394058906685
Optimization restart 5/20, f = -28.386953632469872
Optimization restart 6/20, f = -36.11928563473326
Optimization restart 7/20, f = -29.385626616691138
Optimization restart 8/20, f = -36.10902908176355
Optimization restart 9/20, f = -36.11071604407812
Optimization restart 10/20, f = -23.61025348486049
Optimization restart 11/20, f = -28.63355827796579
Optimization restart 12/20, f = -5.220517268725462
Optimization restart 13/20, f = -24.080989717788235
Optimization restart 14/20, f = -19.610201772104197
Optimization restart 15/20, f = -36.12041403497797
Optimization restart 16/20, f = -23.825752724601706
Optimization restart 17/20, f = -23.900501101165144
Optimization restart 18/20, f = -22.31124287301637
Optimization restart 19/20, f = -36.11898102309178
Optimization restart 20/20, f = -31.97041447983416
pypal at iteration 1.         0 Pareto optimal points,         5 discarded points,         3120 unclassified points.
Hypervolume 0
pypal at iteration 2.         0 Pareto optimal points,         8 discarded points,         3117 unclassified points.
Hypervolume 0
pypal at iteration 3.         0 Pareto optimal points,         8 discarded points,         3117 unclassified points.
Hypervolume 0
pypal at iteration 4.         0 Pareto optimal points,         9 discarded points,         3116 unclassified points.
Hypervolume 0
pypal at iteration 5.         1 Pareto optimal points,         10 discarded points,         3114 unclassified points.
Hypervolume 1204.6929879669724
pypal at iteration 6.         2 Pareto optimal points,         18 discarded points,         3105 unclassified points.
Hypervolume 1283.6739332389388
pypal at iteration 7.         2 Pareto optimal points,         19 discarded points,         3104 unclassified points.
Hypervolume 1283.6739332389388
pypal at iteration 8.         4 Pareto optimal points,         53 discarded points,         3068 unclassified points.
Hypervolume 1323.4300057166108
pypal at iteration 9.         4 Pareto optimal points,         54 discarded points,         3067 unclassified points.
Hypervolume 1323.4300057166108
pypal at iteration 10.         4 Pareto optimal points,         55 discarded points,         3066 unclassified points.
Hypervolume 1323.4300057166108
Optimization restart 1/20, f = -47.57825434837926
Optimization restart 2/20, f = -94.02390321536373
Optimization restart 3/20, f = -94.45675930357741
Optimization restart 4/20, f = -72.26911421091577
Optimization restart 5/20, f = -94.34135076850117
Optimization restart 6/20, f = -64.73334700400426
Optimization restart 7/20, f = -95.07497619928427
Optimization restart 8/20, f = -94.75567522480812
Optimization restart 9/20, f = -94.92794805629323
Optimization restart 10/20, f = -94.88838930237287
Optimization restart 11/20, f = -95.05033433498633
Optimization restart 12/20, f = -94.84788984494043
Optimization restart 13/20, f = -92.3925824847667
Optimization restart 14/20, f = -88.1596118314847
Optimization restart 15/20, f = -95.65554806761286
Optimization restart 16/20, f = -94.9953541860649
Optimization restart 17/20, f = -85.14718282404152
Optimization restart 18/20, f = -71.38048825513866
Optimization restart 19/20, f = -94.82213835373204
Optimization restart 20/20, f = -95.00583850021474
pypal at iteration 11.         15 Pareto optimal points,         648 discarded points,         2462 unclassified points.
Hypervolume 1345.6137544173112
pypal at iteration 12.         15 Pareto optimal points,         817 discarded points,         2293 unclassified points.
Hypervolume 1345.6137544173112
pypal at iteration 13.         15 Pareto optimal points,         820 discarded points,         2290 unclassified points.
Hypervolume 1345.6137544173112
pypal at iteration 14.         15 Pareto optimal points,         829 discarded points,         2281 unclassified points.
Hypervolume 1345.6137544173112
pypal at iteration 15.         15 Pareto optimal points,         833 discarded points,         2277 unclassified points.
Hypervolume 1345.6137544173112
pypal at iteration 16.         15 Pareto optimal points,         835 discarded points,         2275 unclassified points.
Hypervolume 1345.6137544173112
pypal at iteration 17.         15 Pareto optimal points,         836 discarded points,         2274 unclassified points.
Hypervolume 1345.6137544173112
pypal at iteration 18.         15 Pareto optimal points,         838 discarded points,         2272 unclassified points.
Hypervolume 1345.6137544173112
pypal at iteration 19.         15 Pareto optimal points,         840 discarded points,         2270 unclassified points.
Hypervolume 1345.6137544173112
pypal at iteration 20.         18 Pareto optimal points,         845 discarded points,         2262 unclassified points.
Hypervolume 1360.5921531552715
Optimization restart 1/20, f = -173.8714380074001
Optimization restart 2/20, f = -162.46256459247365
Optimization restart 3/20, f = -161.9270112411531
Optimization restart 4/20, f = -173.84439061610212
Optimization restart 5/20, f = -162.61020666273484
Optimization restart 6/20, f = -173.74648875925237
Optimization restart 7/20, f = -155.44258772571038
Optimization restart 8/20, f = -172.7971777287747
Optimization restart 9/20, f = -159.67762424659227
Optimization restart 10/20, f = -157.44554552197476
Optimization restart 11/20, f = -153.24525918824688
Optimization restart 12/20, f = -140.7612603146248
Optimization restart 13/20, f = -155.35136768950824
Optimization restart 14/20, f = -162.4759349561735
Optimization restart 15/20, f = -172.64868898601222
Optimization restart 16/20, f = -160.6579220190822
Optimization restart 17/20, f = -91.60294445980563
Optimization restart 18/20, f = -162.48744676666234
Optimization restart 19/20, f = -163.46042426911842
Optimization restart 20/20, f = -161.97490674410847
pypal at iteration 21.         18 Pareto optimal points,         1132 discarded points,         1975 unclassified points.
Hypervolume 1360.5921531552715
pypal at iteration 22.         18 Pareto optimal points,         1135 discarded points,         1972 unclassified points.
Hypervolume 1360.5921531552715
pypal at iteration 23.         18 Pareto optimal points,         1136 discarded points,         1971 unclassified points.
Hypervolume 1360.5921531552715
pypal at iteration 24.         18 Pareto optimal points,         1137 discarded points,         1970 unclassified points.
Hypervolume 1360.5921531552715
pypal at iteration 25.         18 Pareto optimal points,         1138 discarded points,         1969 unclassified points.
Hypervolume 1360.5921531552715
pypal at iteration 26.         19 Pareto optimal points,         1138 discarded points,         1968 unclassified points.
Hypervolume 1383.302579706473
pypal at iteration 27.         19 Pareto optimal points,         1139 discarded points,         1967 unclassified points.
Hypervolume 1383.302579706473
pypal at iteration 28.         19 Pareto optimal points,         1140 discarded points,         1966 unclassified points.
Hypervolume 1383.302579706473
pypal at iteration 29.         19 Pareto optimal points,         1171 discarded points,         1935 unclassified points.
Hypervolume 1383.302579706473
pypal at iteration 30.         19 Pareto optimal points,         1172 discarded points,         1934 unclassified points.
Hypervolume 1383.302579706473
Optimization restart 1/20, f = -247.02563027572023
Optimization restart 2/20, f = -231.17927601226904
Optimization restart 3/20, f = -219.25440886016355
Optimization restart 4/20, f = -230.53103266643063
Optimization restart 5/20, f = -218.90181860439856
Optimization restart 6/20, f = -219.41481388783063
Optimization restart 7/20, f = -231.97154523707678
Optimization restart 8/20, f = -219.39270572918883
Optimization restart 9/20, f = -219.49377264153992
Optimization restart 10/20, f = -232.1079716113246
Optimization restart 11/20, f = -232.41423148622908
Optimization restart 12/20, f = -219.60635580836237
Optimization restart 13/20, f = -232.13111156939073
Optimization restart 14/20, f = -231.52512585571688
Optimization restart 15/20, f = -232.10078043832596
Optimization restart 16/20, f = -228.2201337237908
Optimization restart 17/20, f = -232.383054154903
Optimization restart 18/20, f = -230.6769055286459
Optimization restart 19/20, f = -219.46274723357936
Optimization restart 20/20, f = -216.41674086750442
pypal at iteration 31.         19 Pareto optimal points,         1220 discarded points,         1886 unclassified points.
Hypervolume 1383.302579706473
pypal at iteration 32.         19 Pareto optimal points,         1224 discarded points,         1882 unclassified points.
Hypervolume 1383.302579706473
pypal at iteration 33.         19 Pareto optimal points,         1225 discarded points,         1881 unclassified points.
Hypervolume 1383.302579706473
pypal at iteration 34.         19 Pareto optimal points,         1232 discarded points,         1874 unclassified points.
Hypervolume 1383.302579706473
pypal at iteration 35.         19 Pareto optimal points,         1239 discarded points,         1867 unclassified points.
Hypervolume 1383.302579706473
pypal at iteration 36.         19 Pareto optimal points,         1249 discarded points,         1857 unclassified points.
Hypervolume 1383.302579706473
pypal at iteration 37.         19 Pareto optimal points,         1250 discarded points,         1856 unclassified points.
Hypervolume 1383.302579706473
pypal at iteration 38.         19 Pareto optimal points,         1251 discarded points,         1855 unclassified points.
Hypervolume 1383.302579706473
pypal at iteration 39.         19 Pareto optimal points,         1253 discarded points,         1853 unclassified points.
Hypervolume 1383.302579706473
pypal at iteration 40.         19 Pareto optimal points,         1254 discarded points,         1852 unclassified points.
Hypervolume 1383.302579706473
Optimization restart 1/20, f = -309.8951675199344
Optimization restart 2/20, f = -274.6654761755725
Optimization restart 3/20, f = -280.6252305596137
Optimization restart 4/20, f = -283.4239039201344
Optimization restart 5/20, f = -281.28680183829835
Optimization restart 6/20, f = -274.82238773156894
Optimization restart 7/20, f = -273.83484726062187
Optimization restart 8/20, f = -282.6562769793378
Optimization restart 9/20, f = -282.94517084806364
Optimization restart 10/20, f = -310.33061058039584
Optimization restart 11/20, f = -282.5912639169886
Optimization restart 12/20, f = -310.0217722914433
Optimization restart 13/20, f = -282.4808609026212
Optimization restart 14/20, f = -281.00129568714783
Optimization restart 15/20, f = -309.29748779654597
Optimization restart 16/20, f = -282.82585197175683
Optimization restart 17/20, f = -281.07043893409514
Optimization restart 18/20, f = -282.5649344235487
Optimization restart 19/20, f = -274.8918146078065
Optimization restart 20/20, f = -309.7537729556182
pypal at iteration 41.         19 Pareto optimal points,         1290 discarded points,         1816 unclassified points.
Hypervolume 1383.302579706473
pypal at iteration 42.         19 Pareto optimal points,         1291 discarded points,         1815 unclassified points.
Hypervolume 1383.302579706473
pypal at iteration 43.         19 Pareto optimal points,         1293 discarded points,         1813 unclassified points.
Hypervolume 1383.302579706473
pypal at iteration 44.         19 Pareto optimal points,         1294 discarded points,         1812 unclassified points.
Hypervolume 1383.302579706473
pypal at iteration 45.         19 Pareto optimal points,         1295 discarded points,         1811 unclassified points.
Hypervolume 1383.302579706473
pypal at iteration 46.         19 Pareto optimal points,         1300 discarded points,         1806 unclassified points.
Hypervolume 1383.302579706473
pypal at iteration 47.         19 Pareto optimal points,         1340 discarded points,         1766 unclassified points.
Hypervolume 1383.302579706473
pypal at iteration 48.         19 Pareto optimal points,         1341 discarded points,         1765 unclassified points.
Hypervolume 1383.302579706473
pypal at iteration 49.         19 Pareto optimal points,         1343 discarded points,         1763 unclassified points.
Hypervolume 1383.302579706473
pypal at iteration 50.         19 Pareto optimal points,         1345 discarded points,         1761 unclassified points.
Hypervolume 1383.302579706473
Optimization restart 1/20, f = -363.4317523809258
Optimization restart 2/20, f = -317.68444101244324
Optimization restart 3/20, f = -317.701063168867
Optimization restart 4/20, f = -346.3621424181706
Optimization restart 5/20, f = -362.7866226110234
Optimization restart 6/20, f = -317.7565432836357
Optimization restart 7/20, f = -247.73802037247884
Optimization restart 8/20, f = -317.8579417737762
Optimization restart 9/20, f = -317.34827758588165
Optimization restart 10/20, f = -317.93133036728585
Optimization restart 11/20, f = -317.85340769170375
Optimization restart 12/20, f = -317.591526762287
Optimization restart 13/20, f = -317.4800954544641
Optimization restart 14/20, f = -317.3935460286532
Optimization restart 15/20, f = -317.4597921186156
Optimization restart 16/20, f = -317.6285961679836
Optimization restart 17/20, f = -316.70503237175933
Optimization restart 18/20, f = -240.74838931076408
Optimization restart 19/20, f = -361.08339190101276
Optimization restart 20/20, f = -318.1122543715092
pypal at iteration 51.         19 Pareto optimal points,         1346 discarded points,         1760 unclassified points.
Hypervolume 1383.302579706473
pypal at iteration 52.         19 Pareto optimal points,         1348 discarded points,         1758 unclassified points.
Hypervolume 1383.302579706473
pypal at iteration 53.         19 Pareto optimal points,         1349 discarded points,         1757 unclassified points.
Hypervolume 1383.302579706473
pypal at iteration 54.         19 Pareto optimal points,         1360 discarded points,         1746 unclassified points.
Hypervolume 1383.302579706473
pypal at iteration 55.         19 Pareto optimal points,         1360 discarded points,         1746 unclassified points.
Hypervolume 1383.302579706473
pypal at iteration 56.         19 Pareto optimal points,         1361 discarded points,         1745 unclassified points.
Hypervolume 1383.302579706473
pypal at iteration 57.         19 Pareto optimal points,         1362 discarded points,         1744 unclassified points.
Hypervolume 1383.302579706473
pypal at iteration 58.         19 Pareto optimal points,         1363 discarded points,         1743 unclassified points.
Hypervolume 1383.302579706473
pypal at iteration 59.         19 Pareto optimal points,         1364 discarded points,         1742 unclassified points.
Hypervolume 1383.302579706473
pypal at iteration 60.         19 Pareto optimal points,         1365 discarded points,         1741 unclassified points.
Hypervolume 1383.302579706473
Optimization restart 1/20, f = -417.4455739173712
Optimization restart 2/20, f = -365.85716526370754
Optimization restart 3/20, f = -364.5633161877337
Optimization restart 4/20, f = -413.69687203550325
Optimization restart 5/20, f = -305.9987687905916
Optimization restart 6/20, f = -365.0641207309621
Optimization restart 7/20, f = -365.3876500545804
Optimization restart 8/20, f = -365.16960519007245
Optimization restart 9/20, f = -416.0196050911032
Optimization restart 10/20, f = -415.93336648723766
Optimization restart 11/20, f = -365.5848966295965
Optimization restart 12/20, f = -414.24331661359946
Optimization restart 13/20, f = -330.86497967871816
Optimization restart 14/20, f = -266.94690969450227
Optimization restart 15/20, f = -413.5806407741402
Optimization restart 16/20, f = -366.2824902291569
Optimization restart 17/20, f = -365.78288913852595
Optimization restart 18/20, f = -365.3919450326184
Optimization restart 19/20, f = -333.6912463114862
Optimization restart 20/20, f = -364.9861166229209
pypal at iteration 61.         19 Pareto optimal points,         1366 discarded points,         1740 unclassified points.
Hypervolume 1383.302579706473
pypal at iteration 62.         19 Pareto optimal points,         1367 discarded points,         1739 unclassified points.
Hypervolume 1383.302579706473
pypal at iteration 63.         19 Pareto optimal points,         1368 discarded points,         1738 unclassified points.
Hypervolume 1383.302579706473
pypal at iteration 64.         19 Pareto optimal points,         1369 discarded points,         1737 unclassified points.
Hypervolume 1383.302579706473
pypal at iteration 65.         19 Pareto optimal points,         1370 discarded points,         1736 unclassified points.
Hypervolume 1383.302579706473
pypal at iteration 66.         19 Pareto optimal points,         1371 discarded points,         1735 unclassified points.
Hypervolume 1383.302579706473
pypal at iteration 67.         19 Pareto optimal points,         1372 discarded points,         1734 unclassified points.
Hypervolume 1383.302579706473
pypal at iteration 68.         19 Pareto optimal points,         1373 discarded points,         1733 unclassified points.
Hypervolume 1383.302579706473
pypal at iteration 69.         19 Pareto optimal points,         1374 discarded points,         1732 unclassified points.
Hypervolume 1383.302579706473
pypal at iteration 70.         19 Pareto optimal points,         1375 discarded points,         1731 unclassified points.
Hypervolume 1383.302579706473
Optimization restart 1/20, f = -480.09000444066345
Optimization restart 2/20, f = -476.84938033291564
Optimization restart 3/20, f = -410.45524460642963
Optimization restart 4/20, f = -410.43494964639194
Optimization restart 5/20, f = -379.6407144299387
Optimization restart 6/20, f = -471.36285051410175
Optimization restart 7/20, f = -477.2979100954485
Optimization restart 8/20, f = -474.1684070577444
Optimization restart 9/20, f = -410.60813702147783
Optimization restart 10/20, f = -474.6302984857635
Optimization restart 11/20, f = -476.2517815288677
Optimization restart 12/20, f = -403.82316099620476
Optimization restart 13/20, f = -410.5995856031931
Optimization restart 14/20, f = -409.2328174563349
Optimization restart 15/20, f = -409.4222958226635
Optimization restart 16/20, f = -409.0398120423881
Optimization restart 17/20, f = -477.1245933848178
Optimization restart 18/20, f = -477.6386840196481
Optimization restart 19/20, f = -404.8870293442956
Optimization restart 20/20, f = -472.00103402840784
pypal at iteration 71.         19 Pareto optimal points,         1376 discarded points,         1730 unclassified points.
Hypervolume 1383.302579706473
pypal at iteration 72.         19 Pareto optimal points,         1377 discarded points,         1729 unclassified points.
Hypervolume 1383.302579706473
pypal at iteration 73.         19 Pareto optimal points,         1378 discarded points,         1728 unclassified points.
Hypervolume 1383.302579706473
pypal at iteration 74.         19 Pareto optimal points,         1379 discarded points,         1727 unclassified points.
Hypervolume 1383.302579706473
pypal at iteration 75.         19 Pareto optimal points,         1380 discarded points,         1726 unclassified points.
Hypervolume 1383.302579706473
pypal at iteration 76.         19 Pareto optimal points,         1381 discarded points,         1725 unclassified points.
Hypervolume 1383.302579706473
pypal at iteration 77.         19 Pareto optimal points,         1382 discarded points,         1724 unclassified points.
Hypervolume 1383.302579706473
pypal at iteration 78.         19 Pareto optimal points,         1383 discarded points,         1723 unclassified points.
Hypervolume 1383.302579706473
pypal at iteration 79.         19 Pareto optimal points,         1383 discarded points,         1723 unclassified points.
Hypervolume 1383.302579706473
pypal at iteration 80.         19 Pareto optimal points,         1384 discarded points,         1722 unclassified points.
Hypervolume 1383.302579706473
Optimization restart 1/20, f = -544.4722280174624
Optimization restart 2/20, f = -541.8872940278764
Optimization restart 3/20, f = -541.126911433585
Optimization restart 4/20, f = -541.4605005231293
Optimization restart 5/20, f = -536.4786317284958
Optimization restart 6/20, f = -542.1432538941923
Optimization restart 7/20, f = -542.0866256302771
Optimization restart 8/20, f = -542.1228879744601
Optimization restart 9/20, f = -533.2256343166804
Optimization restart 10/20, f = -541.5708967841715
Optimization restart 11/20, f = -542.4948473371817
Optimization restart 12/20, f = -543.6720370484802
Optimization restart 13/20, f = -542.9974251215095
Optimization restart 14/20, f = -536.5754161538757
Optimization restart 15/20, f = -536.9379997361925
Optimization restart 16/20, f = -543.0702162957955
Optimization restart 17/20, f = -540.1493009417466
Optimization restart 18/20, f = -540.5810527384928
Optimization restart 19/20, f = -538.6128964054499
Optimization restart 20/20, f = -541.1714582662012
pypal at iteration 81.         19 Pareto optimal points,         1385 discarded points,         1721 unclassified points.
Hypervolume 1383.302579706473
pypal at iteration 82.         19 Pareto optimal points,         1386 discarded points,         1720 unclassified points.
Hypervolume 1383.302579706473
pypal at iteration 83.         19 Pareto optimal points,         1387 discarded points,         1719 unclassified points.
Hypervolume 1383.302579706473
pypal at iteration 84.         19 Pareto optimal points,         1388 discarded points,         1718 unclassified points.
Hypervolume 1383.302579706473
pypal at iteration 85.         19 Pareto optimal points,         1389 discarded points,         1717 unclassified points.
Hypervolume 1383.302579706473
pypal at iteration 86.         19 Pareto optimal points,         1390 discarded points,         1716 unclassified points.
Hypervolume 1383.302579706473
pypal at iteration 87.         19 Pareto optimal points,         1391 discarded points,         1715 unclassified points.
Hypervolume 1383.302579706473
pypal at iteration 88.         19 Pareto optimal points,         1392 discarded points,         1714 unclassified points.
Hypervolume 1383.302579706473
pypal at iteration 89.         19 Pareto optimal points,         2183 discarded points,         923 unclassified points.
Hypervolume 1383.302579706473
pypal at iteration 90.         19 Pareto optimal points,         2183 discarded points,         923 unclassified points.
Hypervolume 1383.302579706473
Optimization restart 1/20, f = -590.7210450073633
Optimization restart 2/20, f = -561.6624546592873
Optimization restart 3/20, f = -582.3138427909857
Optimization restart 4/20, f = -588.6208003226928
Optimization restart 5/20, f = -582.9204965709569
Optimization restart 6/20, f = -588.4681289568471
Optimization restart 7/20, f = -588.4471456454363
Optimization restart 8/20, f = -585.4762214168657
Optimization restart 9/20, f = -459.1954523711745
Optimization restart 10/20, f = -589.0930703961559
Optimization restart 11/20, f = -583.2432891612518
Optimization restart 12/20, f = -582.9607135010056
Optimization restart 13/20, f = -588.3844449824246
Optimization restart 14/20, f = -589.9527729571774
Optimization restart 15/20, f = -586.4846470911058
Optimization restart 16/20, f = -566.1904743877445
Optimization restart 17/20, f = -566.4885867005063
Optimization restart 18/20, f = -585.1097703757332
Optimization restart 19/20, f = -581.0221631734057
Optimization restart 20/20, f = -588.5212294356127
pypal at iteration 91.         19 Pareto optimal points,         2184 discarded points,         922 unclassified points.
Hypervolume 1383.302579706473
pypal at iteration 92.         19 Pareto optimal points,         2185 discarded points,         921 unclassified points.
Hypervolume 1383.302579706473
pypal at iteration 93.         19 Pareto optimal points,         2186 discarded points,         920 unclassified points.
Hypervolume 1383.302579706473
pypal at iteration 94.         19 Pareto optimal points,         2187 discarded points,         919 unclassified points.
Hypervolume 1383.302579706473
pypal at iteration 95.         19 Pareto optimal points,         2188 discarded points,         918 unclassified points.
Hypervolume 1383.302579706473
pypal at iteration 96.         19 Pareto optimal points,         2189 discarded points,         917 unclassified points.
Hypervolume 1383.302579706473
pypal at iteration 97.         19 Pareto optimal points,         2190 discarded points,         916 unclassified points.
Hypervolume 1383.302579706473
pypal at iteration 98.         19 Pareto optimal points,         2191 discarded points,         915 unclassified points.
Hypervolume 1383.302579706473
pypal at iteration 99.         19 Pareto optimal points,         2192 discarded points,         914 unclassified points.
Hypervolume 1383.302579706473
pypal at iteration 100.         19 Pareto optimal points,         2193 discarded points,         913 unclassified points.
Hypervolume 1383.302579706473
Optimization restart 1/20, f = -661.8419091898464
Optimization restart 2/20, f = -656.2644539729417
Optimization restart 3/20, f = -651.561685061154
Optimization restart 4/20, f = -659.8400225670566
Optimization restart 5/20, f = -658.5725360446122
Optimization restart 6/20, f = -658.6379016654937
Optimization restart 7/20, f = -658.3080829944746
Optimization restart 8/20, f = -658.5142303580801
Optimization restart 9/20, f = -657.1474814456924
Optimization restart 10/20, f = -658.4593273720668
Optimization restart 11/20, f = -655.3618798454763
Optimization restart 12/20, f = -551.7707764141434
Optimization restart 13/20, f = -550.8814394973722
Optimization restart 14/20, f = -660.606751834247
Optimization restart 15/20, f = -653.7889822183099
Optimization restart 16/20, f = -658.0785310013651
Optimization restart 17/20, f = -658.6895260469446
Optimization restart 18/20, f = -657.5842348812354
Optimization restart 19/20, f = -657.1525847174601
Optimization restart 20/20, f = -659.0254401775654
pypal at iteration 101.         19 Pareto optimal points,         2194 discarded points,         912 unclassified points.
Hypervolume 1383.302579706473
pypal at iteration 102.         19 Pareto optimal points,         2195 discarded points,         911 unclassified points.
Hypervolume 1383.302579706473
pypal at iteration 103.         19 Pareto optimal points,         2196 discarded points,         910 unclassified points.
Hypervolume 1383.302579706473
pypal at iteration 104.         19 Pareto optimal points,         2196 discarded points,         910 unclassified points.
Hypervolume 1383.302579706473
pypal at iteration 105.         19 Pareto optimal points,         2196 discarded points,         910 unclassified points.
Hypervolume 1383.302579706473
pypal at iteration 106.         35 Pareto optimal points,         2196 discarded points,         894 unclassified points.
Hypervolume 1389.0874660847373
pypal at iteration 107.         36 Pareto optimal points,         2196 discarded points,         893 unclassified points.
Hypervolume 1389.0874660847376
pypal at iteration 108.         36 Pareto optimal points,         2197 discarded points,         892 unclassified points.
Hypervolume 1389.0874660847376
pypal at iteration 109.         36 Pareto optimal points,         2197 discarded points,         892 unclassified points.
Hypervolume 1389.0874660847376
pypal at iteration 110.         36 Pareto optimal points,         2197 discarded points,         892 unclassified points.
Hypervolume 1389.0874660847376
Optimization restart 1/20, f = -721.2178027113362
Optimization restart 2/20, f = -691.1828919503764
Optimization restart 3/20, f = -718.0309469954102
Optimization restart 4/20, f = -711.6667316907963
Optimization restart 5/20, f = -668.9064637589022
Optimization restart 6/20, f = -716.1784234539439
Optimization restart 7/20, f = -711.057824437718
Optimization restart 8/20, f = -715.9549197471861
Optimization restart 9/20, f = -714.2390826110279
Optimization restart 10/20, f = -712.8023761567714
Optimization restart 11/20, f = -710.3216116221131
Optimization restart 12/20, f = -716.3623756855151
Optimization restart 13/20, f = -652.0678648982941
Optimization restart 14/20, f = -672.9059403989648
Optimization restart 15/20, f = -713.1703339320775
Optimization restart 16/20, f = -718.1847370262166
Optimization restart 17/20, f = -719.7982780323155
Optimization restart 18/20, f = -715.4782021290944
Optimization restart 19/20, f = -713.7250914442756
Optimization restart 20/20, f = -571.0412840271497
pypal at iteration 111.         36 Pareto optimal points,         2198 discarded points,         891 unclassified points.
Hypervolume 1389.0874660847376
pypal at iteration 112.         36 Pareto optimal points,         2198 discarded points,         891 unclassified points.
Hypervolume 1389.0874660847376
pypal at iteration 113.         36 Pareto optimal points,         2198 discarded points,         891 unclassified points.
Hypervolume 1389.0874660847376
pypal at iteration 114.         36 Pareto optimal points,         2199 discarded points,         890 unclassified points.
Hypervolume 1389.0874660847376
pypal at iteration 115.         36 Pareto optimal points,         2200 discarded points,         889 unclassified points.
Hypervolume 1389.0874660847376
pypal at iteration 116.         36 Pareto optimal points,         2201 discarded points,         888 unclassified points.
Hypervolume 1389.0874660847376
pypal at iteration 117.         36 Pareto optimal points,         2202 discarded points,         887 unclassified points.
Hypervolume 1389.0874660847376
pypal at iteration 118.         36 Pareto optimal points,         2203 discarded points,         886 unclassified points.
Hypervolume 1389.0874660847376
pypal at iteration 119.         36 Pareto optimal points,         2203 discarded points,         886 unclassified points.
Hypervolume 1389.0874660847376
pypal at iteration 120.         36 Pareto optimal points,         2204 discarded points,         885 unclassified points.
Hypervolume 1389.0874660847376
Optimization restart 1/20, f = -783.2069289098322
Optimization restart 2/20, f = -760.9978724472742
Optimization restart 3/20, f = -771.9967200390613
Optimization restart 4/20, f = -774.02994182316
Optimization restart 5/20, f = -756.7952884675917
Optimization restart 6/20, f = -778.2708753031908
Optimization restart 7/20, f = -774.9815384139863
Optimization restart 8/20, f = -779.9852888722743
Optimization restart 9/20, f = -777.5502558806023
Optimization restart 10/20, f = -768.705965121623
Optimization restart 11/20, f = -778.921296597717
Optimization restart 12/20, f = -773.5304057093304
Optimization restart 13/20, f = -776.7261211357097
Optimization restart 14/20, f = -777.7900019936174
Optimization restart 15/20, f = -781.4987671991415
Optimization restart 16/20, f = -780.2929489077989
Optimization restart 17/20, f = -646.8564577065152
Optimization restart 18/20, f = -775.1807358977474
Optimization restart 19/20, f = -780.0223017031874
Optimization restart 20/20, f = -773.2307914158503
pypal at iteration 121.         36 Pareto optimal points,         2204 discarded points,         885 unclassified points.
Hypervolume 1389.0874660847376
pypal at iteration 122.         36 Pareto optimal points,         2204 discarded points,         885 unclassified points.
Hypervolume 1389.0874660847376
pypal at iteration 123.         36 Pareto optimal points,         2205 discarded points,         884 unclassified points.
Hypervolume 1389.0874660847376
pypal at iteration 124.         36 Pareto optimal points,         2206 discarded points,         883 unclassified points.
Hypervolume 1389.0874660847376
pypal at iteration 125.         36 Pareto optimal points,         2207 discarded points,         882 unclassified points.
Hypervolume 1389.0874660847376
pypal at iteration 126.         36 Pareto optimal points,         2207 discarded points,         882 unclassified points.
Hypervolume 1389.0874660847376
pypal at iteration 127.         37 Pareto optimal points,         2207 discarded points,         881 unclassified points.
Hypervolume 1409.1009731188228
pypal at iteration 128.         37 Pareto optimal points,         2208 discarded points,         880 unclassified points.
Hypervolume 1409.1009731188228
pypal at iteration 129.         37 Pareto optimal points,         2209 discarded points,         879 unclassified points.
Hypervolume 1409.1009731188228
pypal at iteration 130.         37 Pareto optimal points,         2210 discarded points,         878 unclassified points.
Hypervolume 1409.1009731188228
Optimization restart 1/20, f = -850.4861852194531
Optimization restart 2/20, f = -847.2889315732433
Optimization restart 3/20, f = -844.5017419686174
Optimization restart 4/20, f = -844.4969028793995
Optimization restart 5/20, f = -846.3505417612226
Optimization restart 6/20, f = -841.6301669390753
Optimization restart 7/20, f = -838.2155518877705
Optimization restart 8/20, f = -840.1262872603497
Optimization restart 9/20, f = -844.0194288740727
Optimization restart 10/20, f = -843.7810556576095
Optimization restart 11/20, f = -686.2369715837538
Optimization restart 12/20, f = -845.3133411112155
Optimization restart 13/20, f = -837.5505395835005
Optimization restart 14/20, f = -848.2144746738963
Optimization restart 15/20, f = -846.7690581103082
Optimization restart 16/20, f = -836.5554685242994
Optimization restart 17/20, f = -847.2159986280429
Optimization restart 18/20, f = -839.8246051062775
Optimization restart 19/20, f = -843.6583291275749
Optimization restart 20/20, f = -809.1585011447644
pypal at iteration 131.         37 Pareto optimal points,         2211 discarded points,         877 unclassified points.
Hypervolume 1409.1009731188228
pypal at iteration 132.         37 Pareto optimal points,         2211 discarded points,         877 unclassified points.
Hypervolume 1409.1009731188228
pypal at iteration 133.         37 Pareto optimal points,         2211 discarded points,         877 unclassified points.
Hypervolume 1409.1009731188228
pypal at iteration 134.         37 Pareto optimal points,         2212 discarded points,         876 unclassified points.
Hypervolume 1409.1009731188228
pypal at iteration 135.         37 Pareto optimal points,         2212 discarded points,         876 unclassified points.
Hypervolume 1409.1009731188228
pypal at iteration 136.         37 Pareto optimal points,         2213 discarded points,         875 unclassified points.
Hypervolume 1409.1009731188228
pypal at iteration 137.         37 Pareto optimal points,         2214 discarded points,         874 unclassified points.
Hypervolume 1409.1009731188228
pypal at iteration 138.         37 Pareto optimal points,         2215 discarded points,         873 unclassified points.
Hypervolume 1409.1009731188228
pypal at iteration 139.         37 Pareto optimal points,         2216 discarded points,         872 unclassified points.
Hypervolume 1409.1009731188228
pypal at iteration 140.         37 Pareto optimal points,         2217 discarded points,         871 unclassified points.
Hypervolume 1409.1009731188228
Optimization restart 1/20, f = -909.1741227846433
Optimization restart 2/20, f = -905.9625152682075
Optimization restart 3/20, f = -903.921681864088
Optimization restart 4/20, f = -904.737725782075
Optimization restart 5/20, f = -905.6495788349305
Optimization restart 6/20, f = -907.110593915867
Optimization restart 7/20, f = -906.2855342353769
Optimization restart 8/20, f = -905.3820302365739
Optimization restart 9/20, f = -907.4464454430188
Optimization restart 10/20, f = -898.5072086296074
Optimization restart 11/20, f = -904.6599049435765
Optimization restart 12/20, f = -903.3863138028532
Optimization restart 13/20, f = -907.6264550231332
Optimization restart 14/20, f = -906.2151464704432
Optimization restart 15/20, f = -903.2287544004921
Optimization restart 16/20, f = -905.6182575841392
Optimization restart 17/20, f = -899.0108979249628
Optimization restart 18/20, f = -904.952867002602
Optimization restart 19/20, f = -904.4243583321338
Optimization restart 20/20, f = -906.0110836155909
pypal at iteration 141.         37 Pareto optimal points,         2218 discarded points,         870 unclassified points.
Hypervolume 1409.1009731188228
pypal at iteration 142.         37 Pareto optimal points,         2219 discarded points,         869 unclassified points.
Hypervolume 1409.1009731188228
pypal at iteration 143.         37 Pareto optimal points,         2220 discarded points,         868 unclassified points.
Hypervolume 1409.1009731188228
pypal at iteration 144.         37 Pareto optimal points,         2220 discarded points,         868 unclassified points.
Hypervolume 1409.1009731188228
pypal at iteration 145.         37 Pareto optimal points,         2221 discarded points,         867 unclassified points.
Hypervolume 1409.1009731188228
pypal at iteration 146.         37 Pareto optimal points,         2222 discarded points,         866 unclassified points.
Hypervolume 1409.1009731188228
pypal at iteration 147.         37 Pareto optimal points,         2223 discarded points,         865 unclassified points.
Hypervolume 1409.1009731188228
pypal at iteration 148.         37 Pareto optimal points,         2224 discarded points,         864 unclassified points.
Hypervolume 1409.1009731188228
pypal at iteration 149.         37 Pareto optimal points,         2225 discarded points,         863 unclassified points.
Hypervolume 1409.1009731188228
pypal at iteration 150.         37 Pareto optimal points,         2226 discarded points,         862 unclassified points.
Hypervolume 1409.1009731188228
Optimization restart 1/20, f = -961.0370535735873
Optimization restart 2/20, f = -957.9511438839056
Optimization restart 3/20, f = -955.7802556124614
Optimization restart 4/20, f = -948.1988443301268
Optimization restart 5/20, f = -953.8630090751275
Optimization restart 6/20, f = -932.3131984660938
Optimization restart 7/20, f = -953.910620675498
Optimization restart 8/20, f = -947.6524657071642
Optimization restart 9/20, f = -957.298970072054
Optimization restart 10/20, f = -959.697788610488
Optimization restart 11/20, f = -953.8027961399459
Optimization restart 12/20, f = -828.819415946761
Optimization restart 13/20, f = -929.2630112041584
Optimization restart 14/20, f = -957.9956450713496
Optimization restart 15/20, f = -955.6037630269489
Optimization restart 16/20, f = -945.2719469224852
Optimization restart 17/20, f = -958.2567044011511
Optimization restart 18/20, f = -956.1570743189968
Optimization restart 19/20, f = -946.2509639503369
Optimization restart 20/20, f = -945.7923359478536
pypal at iteration 151.         37 Pareto optimal points,         2227 discarded points,         861 unclassified points.
Hypervolume 1409.1009731188228
pypal at iteration 152.         37 Pareto optimal points,         2228 discarded points,         860 unclassified points.
Hypervolume 1409.1009731188228
pypal at iteration 153.         37 Pareto optimal points,         2229 discarded points,         859 unclassified points.
Hypervolume 1409.1009731188228
pypal at iteration 154.         37 Pareto optimal points,         2230 discarded points,         858 unclassified points.
Hypervolume 1409.1009731188228
pypal at iteration 155.         37 Pareto optimal points,         2231 discarded points,         857 unclassified points.
Hypervolume 1409.1009731188228
pypal at iteration 156.         37 Pareto optimal points,         2232 discarded points,         856 unclassified points.
Hypervolume 1409.1009731188228
pypal at iteration 157.         37 Pareto optimal points,         2233 discarded points,         855 unclassified points.
Hypervolume 1409.1009731188228
pypal at iteration 158.         37 Pareto optimal points,         2234 discarded points,         854 unclassified points.
Hypervolume 1409.1009731188228
pypal at iteration 159.         37 Pareto optimal points,         2235 discarded points,         853 unclassified points.
Hypervolume 1409.1009731188228
pypal at iteration 160.         37 Pareto optimal points,         2235 discarded points,         853 unclassified points.
Hypervolume 1409.1009731188228
Optimization restart 1/20, f = -1019.0010312419708
Optimization restart 2/20, f = -1015.5316565802333
Optimization restart 3/20, f = -1016.0941115164229
Optimization restart 4/20, f = -1013.8931968290883
Optimization restart 5/20, f = -935.8346016205724
Optimization restart 6/20, f = -1009.3575642492904
Optimization restart 7/20, f = -867.0391411033593
Optimization restart 8/20, f = -1005.8788754651846
Optimization restart 9/20, f = -1016.527345293697
Optimization restart 10/20, f = -990.5474382173755
Optimization restart 11/20, f = -1004.8803462557477
Optimization restart 12/20, f = -1013.0515439288458
Optimization restart 13/20, f = -1014.116479402951
Optimization restart 14/20, f = -1017.5873844901294
Optimization restart 15/20, f = -1006.713089074759
Optimization restart 16/20, f = -1014.9050649105998
Optimization restart 17/20, f = -1016.3167492822221
Optimization restart 18/20, f = -1016.9990413430359
Optimization restart 19/20, f = -1014.2631252880603
Optimization restart 20/20, f = -1015.612345978082
pypal at iteration 161.         37 Pareto optimal points,         2236 discarded points,         852 unclassified points.
Hypervolume 1409.1009731188228
pypal at iteration 162.         37 Pareto optimal points,         2237 discarded points,         851 unclassified points.
Hypervolume 1409.1009731188228
pypal at iteration 163.         37 Pareto optimal points,         2238 discarded points,         850 unclassified points.
Hypervolume 1409.1009731188228
pypal at iteration 164.         37 Pareto optimal points,         2239 discarded points,         849 unclassified points.
Hypervolume 1409.1009731188228
pypal at iteration 165.         37 Pareto optimal points,         2239 discarded points,         849 unclassified points.
Hypervolume 1409.1009731188228
pypal at iteration 166.         37 Pareto optimal points,         2240 discarded points,         848 unclassified points.
Hypervolume 1409.1009731188228
pypal at iteration 167.         37 Pareto optimal points,         2241 discarded points,         847 unclassified points.
Hypervolume 1409.1009731188228
pypal at iteration 168.         37 Pareto optimal points,         2242 discarded points,         846 unclassified points.
Hypervolume 1409.1009731188228
pypal at iteration 169.         37 Pareto optimal points,         2242 discarded points,         846 unclassified points.
Hypervolume 1409.1009731188228
pypal at iteration 170.         37 Pareto optimal points,         2242 discarded points,         846 unclassified points.
Hypervolume 1409.1009731188228
Optimization restart 1/20, f = -1077.6645198780816
Optimization restart 2/20, f = -1076.2037698632694
Optimization restart 3/20, f = -1074.770950806746
Optimization restart 4/20, f = -1048.1625719636377
Optimization restart 5/20, f = -1075.7615889802335
Optimization restart 6/20, f = -263.27522494003625
Optimization restart 7/20, f = -1069.303134653748
Optimization restart 8/20, f = -872.6596568815087
Optimization restart 9/20, f = -1074.5570716921761
Optimization restart 10/20, f = -895.8816112508748
Optimization restart 11/20, f = -1069.9163286818666
Optimization restart 12/20, f = -1064.6720753210434
Optimization restart 13/20, f = -1074.6597117216322
Optimization restart 14/20, f = -1064.707630465194
Optimization restart 15/20, f = -1073.8290739078138
Optimization restart 16/20, f = -1072.2393216548567
Optimization restart 17/20, f = -1074.3794460295496
Optimization restart 18/20, f = -1076.6008641805822
Optimization restart 19/20, f = -1026.890278721896
Optimization restart 20/20, f = -1068.3617098446614
pypal at iteration 171.         37 Pareto optimal points,         2242 discarded points,         846 unclassified points.
Hypervolume 1409.1009731188228
pypal at iteration 172.         37 Pareto optimal points,         2243 discarded points,         845 unclassified points.
Hypervolume 1409.1009731188228
pypal at iteration 173.         37 Pareto optimal points,         2244 discarded points,         844 unclassified points.
Hypervolume 1409.1009731188228
pypal at iteration 174.         37 Pareto optimal points,         2245 discarded points,         843 unclassified points.
Hypervolume 1409.1009731188228
pypal at iteration 175.         37 Pareto optimal points,         2246 discarded points,         842 unclassified points.
Hypervolume 1409.1009731188228
pypal at iteration 176.         37 Pareto optimal points,         2247 discarded points,         841 unclassified points.
Hypervolume 1409.1009731188228
pypal at iteration 177.         37 Pareto optimal points,         2248 discarded points,         840 unclassified points.
Hypervolume 1409.1009731188228
pypal at iteration 178.         37 Pareto optimal points,         2249 discarded points,         839 unclassified points.
Hypervolume 1409.1009731188228
pypal at iteration 179.         37 Pareto optimal points,         2250 discarded points,         838 unclassified points.
Hypervolume 1409.1009731188228
pypal at iteration 180.         37 Pareto optimal points,         2251 discarded points,         837 unclassified points.
Hypervolume 1409.1009731188228
Optimization restart 1/20, f = -1132.4932506818584
Optimization restart 2/20, f = -1108.36442645369
Optimization restart 3/20, f = -1124.0298966776222
Optimization restart 4/20, f = -1122.4612345990113
Optimization restart 5/20, f = -1101.6628496496392
Optimization restart 6/20, f = -1126.2875911583874
Optimization restart 7/20, f = -1114.564918539579
Optimization restart 8/20, f = -1128.7363653646082
Optimization restart 9/20, f = -1130.4620561638992
Optimization restart 10/20, f = -1125.0454128189847
Optimization restart 11/20, f = -1129.1393973656513
Optimization restart 12/20, f = -1129.991213834124
Optimization restart 13/20, f = -1131.2921218916374
Optimization restart 14/20, f = -1104.5385810526054
Optimization restart 15/20, f = -1131.4723783057839
Optimization restart 16/20, f = -1125.0974971929472
Optimization restart 17/20, f = -1127.01432809584
Optimization restart 18/20, f = -1130.2626213196536
Optimization restart 19/20, f = -1128.2173527965706
Optimization restart 20/20, f = -1130.1416166240015
pypal at iteration 181.         37 Pareto optimal points,         2252 discarded points,         836 unclassified points.
Hypervolume 1409.1009731188228
pypal at iteration 182.         37 Pareto optimal points,         2253 discarded points,         835 unclassified points.
Hypervolume 1409.1009731188228
pypal at iteration 183.         37 Pareto optimal points,         2254 discarded points,         834 unclassified points.
Hypervolume 1409.1009731188228
pypal at iteration 184.         37 Pareto optimal points,         2255 discarded points,         833 unclassified points.
Hypervolume 1409.1009731188228
pypal at iteration 185.         37 Pareto optimal points,         2256 discarded points,         832 unclassified points.
Hypervolume 1409.1009731188228
pypal at iteration 186.         37 Pareto optimal points,         2256 discarded points,         832 unclassified points.
Hypervolume 1409.1009731188228
pypal at iteration 187.         37 Pareto optimal points,         2257 discarded points,         831 unclassified points.
Hypervolume 1409.1009731188228
pypal at iteration 188.         37 Pareto optimal points,         2258 discarded points,         830 unclassified points.
Hypervolume 1409.1009731188228
pypal at iteration 189.         37 Pareto optimal points,         2259 discarded points,         829 unclassified points.
Hypervolume 1409.1009731188228
pypal at iteration 190.         37 Pareto optimal points,         2260 discarded points,         828 unclassified points.
Hypervolume 1409.1009731188228
Optimization restart 1/20, f = -1190.4482111360708
Optimization restart 2/20, f = -1186.5388521566515
Optimization restart 3/20, f = -1183.2122392225037
Optimization restart 4/20, f = -1158.5197046718836
Optimization restart 5/20, f = -1181.3407081728187
Optimization restart 6/20, f = -1187.611388272046
Optimization restart 7/20, f = -1185.016894685061
Optimization restart 8/20, f = -1179.7437285443832
Optimization restart 9/20, f = -1188.8249363471577
Optimization restart 10/20, f = -1185.5250476739498
Optimization restart 11/20, f = -1181.2602578754775
Optimization restart 12/20, f = -1187.3019695704543
Optimization restart 13/20, f = -1185.0484595472892
Optimization restart 14/20, f = -1005.1798104374138
Optimization restart 15/20, f = -1154.67661256485
Optimization restart 16/20, f = -1183.4631679431818
Optimization restart 17/20, f = -1173.462054517255
Optimization restart 18/20, f = -1186.3604297743113
Optimization restart 19/20, f = -1185.5490298977702
Optimization restart 20/20, f = -1158.5459050333834
pypal at iteration 191.         37 Pareto optimal points,         2261 discarded points,         827 unclassified points.
Hypervolume 1409.1009731188228
pypal at iteration 192.         37 Pareto optimal points,         2262 discarded points,         826 unclassified points.
Hypervolume 1409.1009731188228
pypal at iteration 193.         37 Pareto optimal points,         2263 discarded points,         825 unclassified points.
Hypervolume 1409.1009731188228
pypal at iteration 194.         37 Pareto optimal points,         2264 discarded points,         824 unclassified points.
Hypervolume 1409.1009731188228
pypal at iteration 195.         37 Pareto optimal points,         2264 discarded points,         824 unclassified points.
Hypervolume 1409.1009731188228
pypal at iteration 196.         37 Pareto optimal points,         2265 discarded points,         823 unclassified points.
Hypervolume 1409.1009731188228
pypal at iteration 197.         38 Pareto optimal points,         2273 discarded points,         814 unclassified points.
Hypervolume 1422.3829753350578
pypal at iteration 198.         38 Pareto optimal points,         2275 discarded points,         812 unclassified points.
Hypervolume 1422.3829753350578
pypal at iteration 199.         38 Pareto optimal points,         2276 discarded points,         811 unclassified points.
Hypervolume 1422.3829753350578
pypal at iteration 200.         38 Pareto optimal points,         2277 discarded points,         810 unclassified points.
Hypervolume 1422.3829753350578
Optimization restart 1/20, f = -1244.4233647361864
Optimization restart 2/20, f = -1197.2838031025067
Optimization restart 3/20, f = -1236.1694016792376
Optimization restart 4/20, f = -1242.4182698625264
Optimization restart 5/20, f = -1243.2101098694195
Optimization restart 6/20, f = -1231.555663153878
Optimization restart 7/20, f = -1242.668157074776
Optimization restart 8/20, f = -1234.0555247618186
Optimization restart 9/20, f = -1241.57299952118
Optimization restart 10/20, f = -1238.71880263224
Optimization restart 11/20, f = -1241.5728445492
Optimization restart 12/20, f = -1241.2205424608896
Optimization restart 13/20, f = -1229.7456422254295
Optimization restart 14/20, f = -1204.6605368882847
Optimization restart 15/20, f = -1235.5702679239482
Optimization restart 16/20, f = -1239.4007882083924
Optimization restart 17/20, f = -1235.1636169129974
Optimization restart 18/20, f = -1236.8522721174159
Optimization restart 19/20, f = -1243.6232506468643
Optimization restart 20/20, f = -1241.7329498620265
pypal at iteration 201.         38 Pareto optimal points,         2278 discarded points,         809 unclassified points.
Hypervolume 1422.3829753350578
pypal at iteration 202.         38 Pareto optimal points,         2279 discarded points,         808 unclassified points.
Hypervolume 1422.3829753350578
pypal at iteration 203.         38 Pareto optimal points,         2280 discarded points,         807 unclassified points.
Hypervolume 1422.3829753350578
pypal at iteration 204.         38 Pareto optimal points,         2281 discarded points,         806 unclassified points.
Hypervolume 1422.3829753350578
pypal at iteration 205.         38 Pareto optimal points,         2282 discarded points,         805 unclassified points.
Hypervolume 1422.3829753350578
pypal at iteration 206.         38 Pareto optimal points,         2283 discarded points,         804 unclassified points.
Hypervolume 1422.3829753350578
pypal at iteration 207.         38 Pareto optimal points,         2284 discarded points,         803 unclassified points.
Hypervolume 1422.3829753350578
pypal at iteration 208.         38 Pareto optimal points,         2285 discarded points,         802 unclassified points.
Hypervolume 1422.3829753350578
pypal at iteration 209.         38 Pareto optimal points,         2286 discarded points,         801 unclassified points.
Hypervolume 1422.3829753350578
pypal at iteration 210.         38 Pareto optimal points,         2287 discarded points,         800 unclassified points.
Hypervolume 1422.3829753350578
Optimization restart 1/20, f = -1297.2051870160844
Optimization restart 2/20, f = -1293.2892182797912
Optimization restart 3/20, f = -1295.254327324689
Optimization restart 4/20, f = -1291.7256292763773
Optimization restart 5/20, f = -1290.720454341901
Optimization restart 6/20, f = -1292.889200120631
Optimization restart 7/20, f = -1295.0041866433678
Optimization restart 8/20, f = -1287.3861342626878
Optimization restart 9/20, f = -1295.467902855933
Optimization restart 10/20, f = -1285.5320020258446
Optimization restart 11/20, f = -1292.836921809059
Optimization restart 12/20, f = -1293.6887345914288
Optimization restart 13/20, f = -1286.7784442197612
Optimization restart 14/20, f = -1293.1310149770807
Optimization restart 15/20, f = -1293.3918985663895
Optimization restart 16/20, f = -1292.8262247472956
Optimization restart 17/20, f = -1290.3416157445217
Optimization restart 18/20, f = -1290.8159000792502
Optimization restart 19/20, f = -1294.459688046262
Optimization restart 20/20, f = -1291.1524252125755
pypal at iteration 211.         38 Pareto optimal points,         2288 discarded points,         799 unclassified points.
Hypervolume 1422.3829753350578
pypal at iteration 212.         38 Pareto optimal points,         2289 discarded points,         798 unclassified points.
Hypervolume 1422.3829753350578
pypal at iteration 213.         38 Pareto optimal points,         2290 discarded points,         797 unclassified points.
Hypervolume 1422.3829753350578
pypal at iteration 214.         38 Pareto optimal points,         2291 discarded points,         796 unclassified points.
Hypervolume 1422.3829753350578
pypal at iteration 215.         38 Pareto optimal points,         2292 discarded points,         795 unclassified points.
Hypervolume 1422.3829753350578
pypal at iteration 216.         38 Pareto optimal points,         2293 discarded points,         794 unclassified points.
Hypervolume 1422.3829753350578
pypal at iteration 217.         38 Pareto optimal points,         2294 discarded points,         793 unclassified points.
Hypervolume 1422.3829753350578
pypal at iteration 218.         38 Pareto optimal points,         2295 discarded points,         792 unclassified points.
Hypervolume 1422.3829753350578
pypal at iteration 219.         38 Pareto optimal points,         2296 discarded points,         791 unclassified points.
Hypervolume 1422.3829753350578
pypal at iteration 220.         38 Pareto optimal points,         2297 discarded points,         790 unclassified points.
Hypervolume 1422.3829753350578
Optimization restart 1/20, f = -1356.7513020699207
Optimization restart 2/20, f = -1341.8998468281582
Optimization restart 3/20, f = -1348.9148564743593
Optimization restart 4/20, f = -1354.8345533023737
Optimization restart 5/20, f = -1350.1735415963358
Optimization restart 6/20, f = -1344.7659116802552
Optimization restart 7/20, f = -1351.9237540220347
Optimization restart 8/20, f = -1343.61424999889
Optimization restart 9/20, f = -1352.2474175618904
Optimization restart 10/20, f = -1347.3666158470203
Optimization restart 11/20, f = -1349.7716296309572
Optimization restart 12/20, f = -1353.2372830904376
Optimization restart 13/20, f = -1355.6714537087178
Optimization restart 14/20, f = -1353.2967390894592
Optimization restart 15/20, f = -1322.6181158583163
Optimization restart 16/20, f = -1353.926525326337
Optimization restart 17/20, f = -1354.6617787886084
Optimization restart 18/20, f = -1352.499800610731
Optimization restart 19/20, f = -1345.4735301420546
Optimization restart 20/20, f = -1169.7987263879306
pypal at iteration 221.         38 Pareto optimal points,         2298 discarded points,         789 unclassified points.
Hypervolume 1422.3829753350578
pypal at iteration 222.         38 Pareto optimal points,         2299 discarded points,         788 unclassified points.
Hypervolume 1422.3829753350578
pypal at iteration 223.         38 Pareto optimal points,         2300 discarded points,         787 unclassified points.
Hypervolume 1422.3829753350578
pypal at iteration 224.         38 Pareto optimal points,         2301 discarded points,         786 unclassified points.
Hypervolume 1422.3829753350578
pypal at iteration 225.         38 Pareto optimal points,         2302 discarded points,         785 unclassified points.
Hypervolume 1422.3829753350578
pypal at iteration 226.         38 Pareto optimal points,         2303 discarded points,         784 unclassified points.
Hypervolume 1422.3829753350578
pypal at iteration 227.         38 Pareto optimal points,         2304 discarded points,         783 unclassified points.
Hypervolume 1422.3829753350578
pypal at iteration 228.         38 Pareto optimal points,         2305 discarded points,         782 unclassified points.
Hypervolume 1422.3829753350578
pypal at iteration 229.         38 Pareto optimal points,         2306 discarded points,         781 unclassified points.
Hypervolume 1422.3829753350578
pypal at iteration 230.         38 Pareto optimal points,         2307 discarded points,         780 unclassified points.
Hypervolume 1422.3829753350578
Optimization restart 1/20, f = -1409.7640655239175
Optimization restart 2/20, f = -1407.3555778790856
Optimization restart 3/20, f = -1397.2189337645373
Optimization restart 4/20, f = -1367.7322020083202
Optimization restart 5/20, f = -1407.3304846594656
Optimization restart 6/20, f = -1408.623702417554
Optimization restart 7/20, f = -1406.6231747285647
Optimization restart 8/20, f = -1336.8726841384282
Optimization restart 9/20, f = -1408.0681306318324
Optimization restart 10/20, f = -1257.8478501985264
Optimization restart 11/20, f = -1392.0018113523051
Optimization restart 12/20, f = -1406.823016908402
Optimization restart 13/20, f = -1404.3301233725742
Optimization restart 14/20, f = -1408.4919426502138
Optimization restart 15/20, f = -1396.196895482969
Optimization restart 16/20, f = -1378.4378942006388
Optimization restart 17/20, f = -1406.1747781052939
Optimization restart 18/20, f = -1403.994377098857
Optimization restart 19/20, f = -1225.7763857345403
Optimization restart 20/20, f = -1398.788724172317
pypal at iteration 231.         38 Pareto optimal points,         2308 discarded points,         779 unclassified points.
Hypervolume 1422.3829753350578
pypal at iteration 232.         38 Pareto optimal points,         2309 discarded points,         778 unclassified points.
Hypervolume 1422.3829753350578
pypal at iteration 233.         38 Pareto optimal points,         2310 discarded points,         777 unclassified points.
Hypervolume 1422.3829753350578
pypal at iteration 234.         38 Pareto optimal points,         2311 discarded points,         776 unclassified points.
Hypervolume 1422.3829753350578
pypal at iteration 235.         38 Pareto optimal points,         2311 discarded points,         776 unclassified points.
Hypervolume 1422.3829753350578
pypal at iteration 236.         38 Pareto optimal points,         2311 discarded points,         776 unclassified points.
Hypervolume 1422.3829753350578
pypal at iteration 237.         38 Pareto optimal points,         2312 discarded points,         775 unclassified points.
Hypervolume 1422.3829753350578
pypal at iteration 238.         38 Pareto optimal points,         2332 discarded points,         755 unclassified points.
Hypervolume 1422.3829753350578
pypal at iteration 239.         38 Pareto optimal points,         2333 discarded points,         754 unclassified points.
Hypervolume 1422.3829753350578
pypal at iteration 240.         38 Pareto optimal points,         2334 discarded points,         753 unclassified points.
Hypervolume 1422.3829753350578
Optimization restart 1/20, f = -1464.464341028207
Optimization restart 2/20, f = -1460.6843191466546
Optimization restart 3/20, f = -1458.921099376701
Optimization restart 4/20, f = -1444.241618663164
Optimization restart 5/20, f = -1459.8108986457153
Optimization restart 6/20, f = -1461.141078906112
Optimization restart 7/20, f = -1458.2303722598285
Optimization restart 8/20, f = -1458.1879103162096
Optimization restart 9/20, f = -1461.3686600879482
Optimization restart 10/20, f = -1455.877412252261
Optimization restart 11/20, f = -1456.1012361603612
Optimization restart 12/20, f = -1461.3450635430618
Optimization restart 13/20, f = -1459.4169883193279
Optimization restart 14/20, f = -1450.296087353567
Optimization restart 15/20, f = -1463.4671265487102
Optimization restart 16/20, f = -1463.6917432116943
Optimization restart 17/20, f = -1460.6056451515442
Optimization restart 18/20, f = -1461.7047351695383
Optimization restart 19/20, f = -1461.413373333556
Optimization restart 20/20, f = -1462.3802843047692
pypal at iteration 241.         38 Pareto optimal points,         2335 discarded points,         752 unclassified points.
Hypervolume 1422.3829753350578
pypal at iteration 242.         38 Pareto optimal points,         2336 discarded points,         751 unclassified points.
Hypervolume 1422.3829753350578
pypal at iteration 243.         38 Pareto optimal points,         2337 discarded points,         750 unclassified points.
Hypervolume 1422.3829753350578
pypal at iteration 244.         38 Pareto optimal points,         2337 discarded points,         750 unclassified points.
Hypervolume 1422.3829753350578
pypal at iteration 245.         38 Pareto optimal points,         2338 discarded points,         749 unclassified points.
Hypervolume 1422.3829753350578
pypal at iteration 246.         38 Pareto optimal points,         2339 discarded points,         748 unclassified points.
Hypervolume 1422.3829753350578
pypal at iteration 247.         38 Pareto optimal points,         2340 discarded points,         747 unclassified points.
Hypervolume 1422.3829753350578
pypal at iteration 248.         38 Pareto optimal points,         2341 discarded points,         746 unclassified points.
Hypervolume 1422.3829753350578
pypal at iteration 249.         38 Pareto optimal points,         2342 discarded points,         745 unclassified points.
Hypervolume 1422.3829753350578
pypal at iteration 250.         38 Pareto optimal points,         2343 discarded points,         744 unclassified points.
Hypervolume 1422.3829753350578
Optimization restart 1/20, f = -1519.8923798316237
Optimization restart 2/20, f = -1513.671713494101
Optimization restart 3/20, f = -1515.0800978886198
Optimization restart 4/20, f = -1295.6912190600603
Optimization restart 5/20, f = -1336.6533852931063
Optimization restart 6/20, f = -1515.1598054599267
Optimization restart 7/20, f = -1482.4464163530743
Optimization restart 8/20, f = -1508.4045627896348
Optimization restart 9/20, f = -1519.1334912714058
Optimization restart 10/20, f = -1514.6744842637913
Optimization restart 11/20, f = -1516.2357351390256
Optimization restart 12/20, f = -1504.7633211667899
Optimization restart 13/20, f = -1515.506057560479
Optimization restart 14/20, f = -1510.945561025152
Optimization restart 15/20, f = -1516.5561030689355
Optimization restart 16/20, f = -1505.219660167621
Optimization restart 17/20, f = -1484.3594304349654
Optimization restart 18/20, f = -1494.5484392751791
Optimization restart 19/20, f = -1502.9078877532854
Optimization restart 20/20, f = -1512.9080910776047
pypal at iteration 251.         38 Pareto optimal points,         2344 discarded points,         743 unclassified points.
Hypervolume 1422.3829753350578
pypal at iteration 252.         38 Pareto optimal points,         2345 discarded points,         742 unclassified points.
Hypervolume 1422.3829753350578
pypal at iteration 253.         38 Pareto optimal points,         2346 discarded points,         741 unclassified points.
Hypervolume 1422.3829753350578
pypal at iteration 254.         38 Pareto optimal points,         2347 discarded points,         740 unclassified points.
Hypervolume 1422.3829753350578
pypal at iteration 255.         38 Pareto optimal points,         2348 discarded points,         739 unclassified points.
Hypervolume 1422.3829753350578
pypal at iteration 256.         38 Pareto optimal points,         2349 discarded points,         738 unclassified points.
Hypervolume 1422.3829753350578
pypal at iteration 257.         38 Pareto optimal points,         2350 discarded points,         737 unclassified points.
Hypervolume 1422.3829753350578
pypal at iteration 258.         38 Pareto optimal points,         2351 discarded points,         736 unclassified points.
Hypervolume 1422.3829753350578
pypal at iteration 259.         38 Pareto optimal points,         2352 discarded points,         735 unclassified points.
Hypervolume 1422.3829753350578
pypal at iteration 260.         38 Pareto optimal points,         2353 discarded points,         734 unclassified points.
Hypervolume 1422.3829753350578
Optimization restart 1/20, f = -1577.3634762150982
Optimization restart 2/20, f = -1570.9546269170075
Optimization restart 3/20, f = -1573.7979950619297
Optimization restart 4/20, f = -1574.473228528615
Optimization restart 5/20, f = -1571.0476595593964
Optimization restart 6/20, f = -1575.5817871616227
Optimization restart 7/20, f = -1572.685432533408
Optimization restart 8/20, f = -1576.5979231448387
Optimization restart 9/20, f = -1574.3842268052135
Optimization restart 10/20, f = -1030.0673151806975
Optimization restart 11/20, f = -1572.9137208898005
Optimization restart 12/20, f = -1562.042517488239
Optimization restart 13/20, f = -1564.2841512273349
Optimization restart 14/20, f = -1574.397656730694
Optimization restart 15/20, f = -1575.910067212816
Optimization restart 16/20, f = -1572.9737380458484
Optimization restart 17/20, f = -1466.3769136981616
Optimization restart 18/20, f = -1339.8111059265732
Optimization restart 19/20, f = -1567.7151394436864
Optimization restart 20/20, f = -1179.2521048858312
pypal at iteration 261.         38 Pareto optimal points,         2353 discarded points,         734 unclassified points.
Hypervolume 1422.3829753350578
pypal at iteration 262.         38 Pareto optimal points,         2362 discarded points,         725 unclassified points.
Hypervolume 1422.3829753350578
pypal at iteration 263.         38 Pareto optimal points,         2363 discarded points,         724 unclassified points.
Hypervolume 1422.3829753350578
pypal at iteration 264.         38 Pareto optimal points,         2364 discarded points,         723 unclassified points.
Hypervolume 1422.3829753350578
pypal at iteration 265.         38 Pareto optimal points,         2365 discarded points,         722 unclassified points.
Hypervolume 1422.3829753350578
pypal at iteration 266.         38 Pareto optimal points,         2366 discarded points,         721 unclassified points.
Hypervolume 1422.3829753350578
pypal at iteration 267.         38 Pareto optimal points,         2367 discarded points,         720 unclassified points.
Hypervolume 1422.3829753350578
pypal at iteration 268.         38 Pareto optimal points,         2368 discarded points,         719 unclassified points.
Hypervolume 1422.3829753350578
pypal at iteration 269.         38 Pareto optimal points,         2369 discarded points,         718 unclassified points.
Hypervolume 1422.3829753350578
pypal at iteration 270.         38 Pareto optimal points,         2370 discarded points,         717 unclassified points.
Hypervolume 1422.3829753350578
Optimization restart 1/20, f = -1636.0829798137852
Optimization restart 2/20, f = -1621.0000152518135
Optimization restart 3/20, f = -1628.307736682068
Optimization restart 4/20, f = -1627.8542598773715
Optimization restart 5/20, f = -1633.942837713748
Optimization restart 6/20, f = -1622.561973025026
Optimization restart 7/20, f = -1632.739637428285
Optimization restart 8/20, f = -1632.4557640206572
Optimization restart 9/20, f = -1630.9150660818962
Optimization restart 10/20, f = -1616.030962423815
Optimization restart 11/20, f = -1635.2897161392898
Optimization restart 12/20, f = -1622.6998234018722
Optimization restart 13/20, f = -1630.8840893083234
Optimization restart 14/20, f = -1609.0142751304068
Optimization restart 15/20, f = -1279.020457869624
Optimization restart 16/20, f = -1618.4036680915574
Optimization restart 17/20, f = -1632.5892355812907
Optimization restart 18/20, f = -1633.0855033708626
Optimization restart 19/20, f = -1635.0362977279456
Optimization restart 20/20, f = -1633.6256883742656
pypal at iteration 271.         38 Pareto optimal points,         2371 discarded points,         716 unclassified points.
Hypervolume 1422.3829753350578
pypal at iteration 272.         38 Pareto optimal points,         2372 discarded points,         715 unclassified points.
Hypervolume 1422.3829753350578
pypal at iteration 273.         38 Pareto optimal points,         2372 discarded points,         715 unclassified points.
Hypervolume 1422.3829753350578
pypal at iteration 274.         38 Pareto optimal points,         2373 discarded points,         714 unclassified points.
Hypervolume 1422.3829753350578
pypal at iteration 275.         38 Pareto optimal points,         2374 discarded points,         713 unclassified points.
Hypervolume 1422.3829753350578
pypal at iteration 276.         38 Pareto optimal points,         2375 discarded points,         712 unclassified points.
Hypervolume 1422.3829753350578
pypal at iteration 277.         38 Pareto optimal points,         2376 discarded points,         711 unclassified points.
Hypervolume 1422.3829753350578
pypal at iteration 278.         38 Pareto optimal points,         2377 discarded points,         710 unclassified points.
Hypervolume 1422.3829753350578
pypal at iteration 279.         38 Pareto optimal points,         2378 discarded points,         709 unclassified points.
Hypervolume 1422.3829753350578
pypal at iteration 280.         38 Pareto optimal points,         2379 discarded points,         708 unclassified points.
Hypervolume 1422.3829753350578
Optimization restart 1/20, f = -1692.6644736589853
Optimization restart 2/20, f = -1690.9862680874353
Optimization restart 3/20, f = -1677.6296570366076
Optimization restart 4/20, f = -1689.754416668698
Optimization restart 5/20, f = -1685.0442419770334
Optimization restart 6/20, f = -1689.3490374820137
Optimization restart 7/20, f = -1689.4021433407681
Optimization restart 8/20, f = -1682.1925447857877
Optimization restart 9/20, f = -1690.4376964440494
Optimization restart 10/20, f = -1670.1014528250425
Optimization restart 11/20, f = -1644.1465395529412
Optimization restart 12/20, f = -1687.6779285470016
Optimization restart 13/20, f = -1689.8105994700313
Optimization restart 14/20, f = -1690.068831166328
Optimization restart 15/20, f = -1688.2164866056823
Optimization restart 16/20, f = -1689.7921759318301
Optimization restart 17/20, f = -1690.0748241614197
Optimization restart 18/20, f = -1688.8539397899751
Optimization restart 19/20, f = -1679.0471682777768
Optimization restart 20/20, f = -1690.4712637633857
pypal at iteration 281.         38 Pareto optimal points,         2380 discarded points,         707 unclassified points.
Hypervolume 1422.3829753350578
pypal at iteration 282.         38 Pareto optimal points,         2381 discarded points,         706 unclassified points.
Hypervolume 1422.3829753350578
pypal at iteration 283.         38 Pareto optimal points,         2382 discarded points,         705 unclassified points.
Hypervolume 1422.3829753350578
pypal at iteration 284.         38 Pareto optimal points,         2383 discarded points,         704 unclassified points.
Hypervolume 1422.3829753350578
pypal at iteration 285.         38 Pareto optimal points,         2384 discarded points,         703 unclassified points.
Hypervolume 1422.3829753350578
pypal at iteration 286.         38 Pareto optimal points,         2385 discarded points,         702 unclassified points.
Hypervolume 1422.3829753350578
pypal at iteration 287.         38 Pareto optimal points,         2386 discarded points,         701 unclassified points.
Hypervolume 1422.3829753350578
pypal at iteration 288.         38 Pareto optimal points,         2387 discarded points,         700 unclassified points.
Hypervolume 1422.3829753350578
pypal at iteration 289.         38 Pareto optimal points,         2388 discarded points,         699 unclassified points.
Hypervolume 1422.3829753350578
pypal at iteration 290.         38 Pareto optimal points,         2389 discarded points,         698 unclassified points.
Hypervolume 1422.3829753350578
Optimization restart 1/20, f = -1747.7850036710724
Optimization restart 2/20, f = -1742.5220858451262
Optimization restart 3/20, f = -1743.9278722425286
Optimization restart 4/20, f = -1743.3521444001763
Optimization restart 5/20, f = -1740.018192847824
Optimization restart 6/20, f = -1738.790801452871
Optimization restart 7/20, f = -1741.5963871352042
Optimization restart 8/20, f = -1738.1729118697408
Optimization restart 9/20, f = -1709.2975272084864
Optimization restart 10/20, f = -1743.2571056149714
Optimization restart 11/20, f = -1744.2331041108996
Optimization restart 12/20, f = -1731.5287519916346
Optimization restart 13/20, f = -1734.0110648506775
Optimization restart 14/20, f = -1740.9400545641588
Optimization restart 15/20, f = -1738.3251562894038
Optimization restart 16/20, f = -1741.7817652236615
Optimization restart 17/20, f = -1741.945622052581
Optimization restart 18/20, f = -1733.0491160047673
Optimization restart 19/20, f = -1740.547726413099
Optimization restart 20/20, f = -1744.4954247462917
pypal at iteration 291.         38 Pareto optimal points,         2390 discarded points,         697 unclassified points.
Hypervolume 1422.3829753350578
pypal at iteration 292.         38 Pareto optimal points,         2391 discarded points,         696 unclassified points.
Hypervolume 1422.3829753350578
pypal at iteration 293.         38 Pareto optimal points,         2392 discarded points,         695 unclassified points.
Hypervolume 1422.3829753350578
pypal at iteration 294.         38 Pareto optimal points,         2393 discarded points,         694 unclassified points.
Hypervolume 1422.3829753350578
pypal at iteration 295.         38 Pareto optimal points,         2394 discarded points,         693 unclassified points.
Hypervolume 1422.3829753350578
pypal at iteration 296.         38 Pareto optimal points,         2395 discarded points,         692 unclassified points.
Hypervolume 1422.3829753350578
pypal at iteration 297.         38 Pareto optimal points,         2396 discarded points,         691 unclassified points.
Hypervolume 1422.3829753350578
pypal at iteration 298.         38 Pareto optimal points,         2397 discarded points,         690 unclassified points.
Hypervolume 1422.3829753350578
pypal at iteration 299.         38 Pareto optimal points,         2398 discarded points,         689 unclassified points.
Hypervolume 1422.3829753350578
pypal at iteration 300.         38 Pareto optimal points,         2399 discarded points,         688 unclassified points.
Hypervolume 1422.3829753350578
Optimization restart 1/20, f = -1801.057570359338
Optimization restart 2/20, f = -1788.0476074618155
Optimization restart 3/20, f = -1796.192424232599
Optimization restart 4/20, f = -1723.082584342926
Optimization restart 5/20, f = -1797.3666969815695
Optimization restart 6/20, f = -1751.631586172618
Optimization restart 7/20, f = -1790.049653457032
Optimization restart 8/20, f = -1797.377414768478
Optimization restart 9/20, f = -1577.7836208350557
Optimization restart 10/20, f = -1785.7948330604518
Optimization restart 11/20, f = -1796.238788655237
Optimization restart 12/20, f = -1796.6505477828816
Optimization restart 13/20, f = -1787.6035410875518
Optimization restart 14/20, f = -1617.2514083440747
Optimization restart 15/20, f = -1795.017782584705
Optimization restart 16/20, f = -1795.8212125491007
Optimization restart 17/20, f = -1795.6902521233706
Optimization restart 18/20, f = -1792.9474875966396
Optimization restart 19/20, f = -1797.1341095615212
Optimization restart 20/20, f = -1796.5405749364556
pypal at iteration 301.         38 Pareto optimal points,         2400 discarded points,         687 unclassified points.
Hypervolume 1422.3829753350578
pypal at iteration 302.         38 Pareto optimal points,         2401 discarded points,         686 unclassified points.
Hypervolume 1422.3829753350578
pypal at iteration 303.         38 Pareto optimal points,         2402 discarded points,         685 unclassified points.
Hypervolume 1422.3829753350578
pypal at iteration 304.         38 Pareto optimal points,         2411 discarded points,         676 unclassified points.
Hypervolume 1422.3829753350578
pypal at iteration 305.         38 Pareto optimal points,         2412 discarded points,         675 unclassified points.
Hypervolume 1422.3829753350578
pypal at iteration 306.         38 Pareto optimal points,         2413 discarded points,         674 unclassified points.
Hypervolume 1422.3829753350578
pypal at iteration 307.         38 Pareto optimal points,         2414 discarded points,         673 unclassified points.
Hypervolume 1422.3829753350578
pypal at iteration 308.         38 Pareto optimal points,         2415 discarded points,         672 unclassified points.
Hypervolume 1422.3829753350578
pypal at iteration 309.         38 Pareto optimal points,         2416 discarded points,         671 unclassified points.
Hypervolume 1422.3829753350578
pypal at iteration 310.         38 Pareto optimal points,         2417 discarded points,         670 unclassified points.
Hypervolume 1422.3829753350578
Optimization restart 1/20, f = -1851.4425463919579
Optimization restart 2/20, f = -1847.9453556501912
Optimization restart 3/20, f = -1834.158659277443
Optimization restart 4/20, f = -1844.4017413344222
Optimization restart 5/20, f = -1846.0600124561588
Optimization restart 6/20, f = -1808.8084423278908
Optimization restart 7/20, f = -1848.0870317684085
Optimization restart 8/20, f = -1833.8149170103156
Optimization restart 9/20, f = -1840.282433783218
Optimization restart 10/20, f = -1845.3669277579659
Optimization restart 11/20, f = -1838.2823316410395
Optimization restart 12/20, f = -1846.072200028919
Optimization restart 13/20, f = -1847.6462938086747
Optimization restart 14/20, f = -1835.444688510955
Optimization restart 15/20, f = -1847.3203491323898
Optimization restart 16/20, f = -1838.770468839608
Optimization restart 17/20, f = -1841.411147996304
Optimization restart 18/20, f = -1845.4302165165764
Optimization restart 19/20, f = -1673.3288428338296
Optimization restart 20/20, f = -1845.480420923826
pypal at iteration 311.         38 Pareto optimal points,         2418 discarded points,         669 unclassified points.
Hypervolume 1422.3829753350578
pypal at iteration 312.         38 Pareto optimal points,         2419 discarded points,         668 unclassified points.
Hypervolume 1422.3829753350578
pypal at iteration 313.         38 Pareto optimal points,         2420 discarded points,         667 unclassified points.
Hypervolume 1422.3829753350578
pypal at iteration 314.         38 Pareto optimal points,         2421 discarded points,         666 unclassified points.
Hypervolume 1422.3829753350578
pypal at iteration 315.         38 Pareto optimal points,         2422 discarded points,         665 unclassified points.
Hypervolume 1422.3829753350578
pypal at iteration 316.         38 Pareto optimal points,         2423 discarded points,         664 unclassified points.
Hypervolume 1422.3829753350578
pypal at iteration 317.         38 Pareto optimal points,         2424 discarded points,         663 unclassified points.
Hypervolume 1422.3829753350578
pypal at iteration 318.         38 Pareto optimal points,         2425 discarded points,         662 unclassified points.
Hypervolume 1422.3829753350578
pypal at iteration 319.         38 Pareto optimal points,         2426 discarded points,         661 unclassified points.
Hypervolume 1422.3829753350578
pypal at iteration 320.         38 Pareto optimal points,         2546 discarded points,         541 unclassified points.
Hypervolume 1422.3829753350578
Optimization restart 1/20, f = -1906.2972463766478
Optimization restart 2/20, f = -1893.6148217534546
Optimization restart 3/20, f = -1728.8282753730105
Optimization restart 4/20, f = -1900.442254226367
Optimization restart 5/20, f = -1866.0166747551484
Optimization restart 6/20, f = -1901.5882695936727
Traceback (most recent call last):
  File "run_pal_on_dispersant_repeats_cli.py", line 107, in <module>
    main()  # pylint:disable=no-value-for-parameter
  File "/home/kjablonk/anaconda3/envs/dispersant_screener/lib/python3.7/site-packages/click/core.py", line 829, in __call__
    return self.main(*args, **kwargs)
  File "/home/kjablonk/anaconda3/envs/dispersant_screener/lib/python3.7/site-packages/click/core.py", line 782, in main
    rv = self.invoke(ctx)
  File "/home/kjablonk/anaconda3/envs/dispersant_screener/lib/python3.7/site-packages/click/core.py", line 1066, in invoke
    return ctx.invoke(self.callback, **ctx.params)
  File "/home/kjablonk/anaconda3/envs/dispersant_screener/lib/python3.7/site-packages/click/core.py", line 610, in invoke
    return callback(*args, **kwargs)
  File "run_pal_on_dispersant_repeats_cli.py", line 78, in main
    idx = palinstance.run_one_step()
  File "/home/kjablonk/programs/pypal/pypal/pal/pal_base.py", line 205, in run_one_step
    self._set_hyperparameters()
  File "/home/kjablonk/programs/pypal/pypal/pal/pal_coregionalized.py", line 48, in _set_hyperparameters
    self.models[0].optimize_restarts(self.restarts, parallel=self.parallel)
  File "/home/kjablonk/anaconda3/envs/dispersant_screener/lib/python3.7/site-packages/paramz/model.py", line 182, in optimize_restarts
    raise e
  File "/home/kjablonk/anaconda3/envs/dispersant_screener/lib/python3.7/site-packages/paramz/model.py", line 172, in optimize_restarts
    self.optimize(**kwargs)
  File "/home/kjablonk/anaconda3/envs/dispersant_screener/lib/python3.7/site-packages/GPy/core/gp.py", line 675, in optimize
    ret = super(GP, self).optimize(optimizer, start, messages, max_iters, ipython_notebook, clear_after_finish, **kwargs)
  File "/home/kjablonk/anaconda3/envs/dispersant_screener/lib/python3.7/site-packages/paramz/model.py", line 111, in optimize
    opt.run(start, f_fp=self._objective_grads, f=self._objective, fp=self._grads)
  File "/home/kjablonk/anaconda3/envs/dispersant_screener/lib/python3.7/site-packages/paramz/optimization/optimization.py", line 51, in run
    self.opt(x_init, **kwargs)
  File "/home/kjablonk/anaconda3/envs/dispersant_screener/lib/python3.7/site-packages/paramz/optimization/optimization.py", line 124, in opt
    opt_result = optimize.fmin_l_bfgs_b(f_fp, x_init, maxfun=self.max_iters, maxiter=self.max_iters, **opt_dict)
  File "/home/kjablonk/anaconda3/envs/dispersant_screener/lib/python3.7/site-packages/scipy/optimize/lbfgsb.py", line 198, in fmin_l_bfgs_b
    **opts)
  File "/home/kjablonk/anaconda3/envs/dispersant_screener/lib/python3.7/site-packages/scipy/optimize/lbfgsb.py", line 360, in _minimize_lbfgsb
    f, g = func_and_grad(x)
  File "/home/kjablonk/anaconda3/envs/dispersant_screener/lib/python3.7/site-packages/scipy/optimize/_differentiable_functions.py", line 200, in fun_and_grad
    self._update_fun()
  File "/home/kjablonk/anaconda3/envs/dispersant_screener/lib/python3.7/site-packages/scipy/optimize/_differentiable_functions.py", line 166, in _update_fun
    self._update_fun_impl()
  File "/home/kjablonk/anaconda3/envs/dispersant_screener/lib/python3.7/site-packages/scipy/optimize/_differentiable_functions.py", line 73, in update_fun
    self.f = fun_wrapped(self.x)
  File "/home/kjablonk/anaconda3/envs/dispersant_screener/lib/python3.7/site-packages/scipy/optimize/_differentiable_functions.py", line 70, in fun_wrapped
    return fun(x, *args)
  File "/home/kjablonk/anaconda3/envs/dispersant_screener/lib/python3.7/site-packages/scipy/optimize/optimize.py", line 74, in __call__
    self._compute_if_needed(x, *args)
  File "/home/kjablonk/anaconda3/envs/dispersant_screener/lib/python3.7/site-packages/scipy/optimize/optimize.py", line 68, in _compute_if_needed
    fg = self.fun(x, *args)
  File "/home/kjablonk/anaconda3/envs/dispersant_screener/lib/python3.7/site-packages/paramz/model.py", line 273, in _objective_grads
    self.optimizer_array = x
  File "/home/kjablonk/anaconda3/envs/dispersant_screener/lib/python3.7/site-packages/paramz/parameterized.py", line 339, in __setattr__
    return object.__setattr__(self, name, val)
  File "/home/kjablonk/anaconda3/envs/dispersant_screener/lib/python3.7/site-packages/paramz/core/parameter_core.py", line 124, in optimizer_array
    self.trigger_update()
  File "/home/kjablonk/anaconda3/envs/dispersant_screener/lib/python3.7/site-packages/paramz/core/updateable.py", line 79, in trigger_update
    self._trigger_params_changed(trigger_parent)
  File "/home/kjablonk/anaconda3/envs/dispersant_screener/lib/python3.7/site-packages/paramz/core/parameter_core.py", line 134, in _trigger_params_changed
    self.notify_observers(None, None if trigger_parent else -np.inf)
  File "/home/kjablonk/anaconda3/envs/dispersant_screener/lib/python3.7/site-packages/paramz/core/observable.py", line 91, in notify_observers
    [callble(self, which=which) for _, _, callble in self.observers]
  File "/home/kjablonk/anaconda3/envs/dispersant_screener/lib/python3.7/site-packages/paramz/core/observable.py", line 91, in <listcomp>
    [callble(self, which=which) for _, _, callble in self.observers]
  File "/home/kjablonk/anaconda3/envs/dispersant_screener/lib/python3.7/site-packages/paramz/core/parameter_core.py", line 508, in _parameters_changed_notification
    self.parameters_changed()
  File "/home/kjablonk/anaconda3/envs/dispersant_screener/lib/python3.7/site-packages/GPy/core/gp.py", line 274, in parameters_changed
    self.posterior, self._log_marginal_likelihood, self.grad_dict = self.inference_method.inference(self.kern, self.X, self.likelihood, self.Y_normalized, self.mean_function, self.Y_metadata)
  File "/home/kjablonk/anaconda3/envs/dispersant_screener/lib/python3.7/site-packages/GPy/inference/latent_function_inference/exact_gaussian_inference.py", line 58, in inference
    Wi, LW, LWi, W_logdet = pdinv(Ky)
  File "/home/kjablonk/anaconda3/envs/dispersant_screener/lib/python3.7/site-packages/GPy/util/linalg.py", line 207, in pdinv
    L = jitchol(A, *args)
  File "/home/kjablonk/anaconda3/envs/dispersant_screener/lib/python3.7/site-packages/GPy/util/linalg.py", line 75, in jitchol
    raise linalg.LinAlgError("not positive definite, even with jitter.")
numpy.linalg.LinAlgError: not positive definite, even with jitter.
