 /home/kjablonk/anaconda3/envs/dispersant_screener/lib/python3.7/site-packages/sklearn/utils/deprecation.py:143: FutureWarning:The sklearn.preprocessing.data module is  deprecated in version 0.22 and will be removed in version 0.24. The corresponding classes / functions should instead be imported from sklearn.preprocessing. Anything that cannot be imported from sklearn.preprocessing is now part of the private API.
 /home/kjablonk/programs/pypal/pypal/pal/validate_inputs.py:146: UserWarning:No goals provided,                 will assume that every dimension should be maximized
 /home/kjablonk/anaconda3/envs/dispersant_screener/lib/python3.7/site-packages/GPy/kern/src/stationary.py:166: RuntimeWarning:overflow encountered in true_divide
 /home/kjablonk/anaconda3/envs/dispersant_screener/lib/python3.7/site-packages/GPy/kern/src/stationary.py:137: RuntimeWarning:overflow encountered in square
 /home/kjablonk/anaconda3/envs/dispersant_screener/lib/python3.7/site-packages/GPy/kern/src/stationary.py:138: RuntimeWarning:invalid value encountered in add
 /home/kjablonk/anaconda3/envs/dispersant_screener/lib/python3.7/site-packages/GPy/kern/src/stationary.py:565: RuntimeWarning:invalid value encountered in multiply
 /home/kjablonk/anaconda3/envs/dispersant_screener/lib/python3.7/site-packages/GPy/kern/src/stationary.py:568: RuntimeWarning:invalid value encountered in subtract
 /home/kjablonk/anaconda3/envs/dispersant_screener/lib/python3.7/site-packages/GPy/kern/src/stationary.py:243: RuntimeWarning:invalid value encountered in true_divide
 /home/kjablonk/anaconda3/envs/dispersant_screener/lib/python3.7/site-packages/paramz/transformations.py:111: RuntimeWarning:overflow encountered in expm1
 /home/kjablonk/anaconda3/envs/dispersant_screener/lib/python3.7/site-packages/GPy/kern/src/stationary.py:166: RuntimeWarning:overflow encountered in true_divide
 /home/kjablonk/anaconda3/envs/dispersant_screener/lib/python3.7/site-packages/GPy/kern/src/stationary.py:137: RuntimeWarning:overflow encountered in square
 /home/kjablonk/anaconda3/envs/dispersant_screener/lib/python3.7/site-packages/GPy/kern/src/stationary.py:138: RuntimeWarning:invalid value encountered in add
 /home/kjablonk/anaconda3/envs/dispersant_screener/lib/python3.7/site-packages/GPy/kern/src/stationary.py:565: RuntimeWarning:invalid value encountered in multiply
 /home/kjablonk/anaconda3/envs/dispersant_screener/lib/python3.7/site-packages/GPy/kern/src/stationary.py:568: RuntimeWarning:invalid value encountered in subtract
 /home/kjablonk/anaconda3/envs/dispersant_screener/lib/python3.7/site-packages/GPy/kern/src/stationary.py:243: RuntimeWarning:invalid value encountered in true_divide
 /home/kjablonk/anaconda3/envs/dispersant_screener/lib/python3.7/site-packages/GPy/kern/src/stationary.py:138: RuntimeWarning:overflow encountered in multiply
 /home/kjablonk/anaconda3/envs/dispersant_screener/lib/python3.7/site-packages/GPy/kern/src/stationary.py:138: RuntimeWarning:overflow encountered in add
 /home/kjablonk/anaconda3/envs/dispersant_screener/lib/python3.7/site-packages/GPy/kern/src/stationary.py:565: RuntimeWarning:overflow encountered in multiply
 /home/kjablonk/anaconda3/envs/dispersant_screener/lib/python3.7/site-packages/GPy/kern/src/stationary.py:568: RuntimeWarning:overflow encountered in multiply
 /home/kjablonk/anaconda3/envs/dispersant_screener/lib/python3.7/site-packages/GPy/kern/src/stationary.py:568: RuntimeWarning:invalid value encountered in multiply
 /home/kjablonk/anaconda3/envs/dispersant_screener/lib/python3.7/site-packages/numpy/core/_asarray.py:136: VisibleDeprecationWarning:Creating an ndarray from ragged nested sequences (which is a list-or-tuple of lists-or-tuples-or ndarrays with different lengths or shapes) is deprecated. If you meant to do this, you must specify 'dtype=object' when creating the ndarray
Maximum hypervolume 1536.0438526567837
STARTING PAL
Optimization restart 1/20, f = -64.23763380266061
Optimization restart 2/20, f = -63.14257670672107
Optimization restart 3/20, f = -58.46797592512564
Optimization restart 4/20, f = -64.02414833825829
Optimization restart 5/20, f = -58.95706182581406
Optimization restart 6/20, f = -64.19101725044604
Optimization restart 7/20, f = -56.84483658206195
Optimization restart 8/20, f = -63.32272231999326
Optimization restart 9/20, f = -63.368209205209894
Optimization restart 10/20, f = -58.049395126230124
Optimization restart 11/20, f = -60.86994828521017
Optimization restart 12/20, f = -58.43781385048902
Optimization restart 13/20, f = -63.88940921031884
Optimization restart 14/20, f = -58.59286136466703
Optimization restart 15/20, f = -61.053156263976476
Optimization restart 16/20, f = -64.19759183131077
Optimization restart 17/20, f = -31.02182849040141
Optimization restart 18/20, f = -64.15778751511728
Optimization restart 19/20, f = -63.3335367655248
Optimization restart 20/20, f = -64.2176143833941
pypal at iteration 1.         1 Pareto optimal points,         19 discarded points,         3105 unclassified points.
Hypervolume 463.810344753898
pypal at iteration 2.         1 Pareto optimal points,         43 discarded points,         3081 unclassified points.
Hypervolume 463.810344753898
pypal at iteration 3.         1 Pareto optimal points,         61 discarded points,         3063 unclassified points.
Hypervolume 463.810344753898
pypal at iteration 4.         1 Pareto optimal points,         95 discarded points,         3029 unclassified points.
Hypervolume 463.810344753898
pypal at iteration 5.         1 Pareto optimal points,         169 discarded points,         2955 unclassified points.
Hypervolume 463.810344753898
pypal at iteration 6.         1 Pareto optimal points,         169 discarded points,         2955 unclassified points.
Hypervolume 463.810344753898
pypal at iteration 7.         1 Pareto optimal points,         169 discarded points,         2955 unclassified points.
Hypervolume 463.810344753898
pypal at iteration 8.         1 Pareto optimal points,         169 discarded points,         2955 unclassified points.
Hypervolume 463.810344753898
pypal at iteration 9.         1 Pareto optimal points,         173 discarded points,         2951 unclassified points.
Hypervolume 463.810344753898
pypal at iteration 10.         1 Pareto optimal points,         173 discarded points,         2951 unclassified points.
Hypervolume 463.810344753898
Optimization restart 1/20, f = -163.14218245388025
Optimization restart 2/20, f = -158.9352021959896
Optimization restart 3/20, f = -162.78203448340716
Optimization restart 4/20, f = -162.5991378946594
Optimization restart 5/20, f = -162.79941651785379
Optimization restart 6/20, f = -160.25458576238861
Optimization restart 7/20, f = -162.54437797224205
Optimization restart 8/20, f = -161.76396736528034
Optimization restart 9/20, f = -159.2235898999375
Optimization restart 10/20, f = -161.04783540302708
Optimization restart 11/20, f = -147.2064216900239
Optimization restart 12/20, f = -161.463619136786
Optimization restart 13/20, f = -161.49112596716202
Optimization restart 14/20, f = -128.8141818136924
Optimization restart 15/20, f = -162.4835098214022
Optimization restart 16/20, f = -161.13376024879818
Optimization restart 17/20, f = -160.6698068920174
Optimization restart 18/20, f = -157.2959551516992
Optimization restart 19/20, f = -162.80927746164363
Optimization restart 20/20, f = -162.690919438366
pypal at iteration 11.         1 Pareto optimal points,         327 discarded points,         2797 unclassified points.
Hypervolume 463.810344753898
pypal at iteration 12.         6 Pareto optimal points,         373 discarded points,         2746 unclassified points.
Hypervolume 1235.6423652026647
pypal at iteration 13.         6 Pareto optimal points,         375 discarded points,         2744 unclassified points.
Hypervolume 1235.6423652026647
pypal at iteration 14.         6 Pareto optimal points,         375 discarded points,         2744 unclassified points.
Hypervolume 1235.6423652026647
pypal at iteration 15.         6 Pareto optimal points,         376 discarded points,         2743 unclassified points.
Hypervolume 1235.6423652026647
pypal at iteration 16.         6 Pareto optimal points,         377 discarded points,         2742 unclassified points.
Hypervolume 1235.6423652026647
pypal at iteration 17.         6 Pareto optimal points,         378 discarded points,         2741 unclassified points.
Hypervolume 1235.6423652026647
pypal at iteration 18.         6 Pareto optimal points,         379 discarded points,         2740 unclassified points.
Hypervolume 1235.6423652026647
pypal at iteration 19.         6 Pareto optimal points,         379 discarded points,         2740 unclassified points.
Hypervolume 1235.6423652026647
pypal at iteration 20.         6 Pareto optimal points,         380 discarded points,         2739 unclassified points.
Hypervolume 1235.6423652026647
Optimization restart 1/20, f = -242.57473602887188
Optimization restart 2/20, f = -241.25323523718308
Optimization restart 3/20, f = -240.23906770465032
Optimization restart 4/20, f = -240.10209969247893
Optimization restart 5/20, f = -229.88068926402042
Optimization restart 6/20, f = -186.33767939333518
Optimization restart 7/20, f = -240.71369980563736
Optimization restart 8/20, f = -237.06179131042245
Optimization restart 9/20, f = -240.0340750636014
Optimization restart 10/20, f = -241.83083816004216
Optimization restart 11/20, f = -237.48632675890448
Optimization restart 12/20, f = -241.21807870570302
Optimization restart 13/20, f = -156.4178824798055
Optimization restart 14/20, f = -239.49146937009115
Optimization restart 15/20, f = -240.77160708744833
Optimization restart 16/20, f = -240.4823571761362
Optimization restart 17/20, f = -240.32304178348608
Optimization restart 18/20, f = -241.08815635667824
Optimization restart 19/20, f = -241.56059251011257
Optimization restart 20/20, f = -241.8379911363815
pypal at iteration 21.         6 Pareto optimal points,         454 discarded points,         2665 unclassified points.
Hypervolume 1235.6423652026647
pypal at iteration 22.         6 Pareto optimal points,         476 discarded points,         2643 unclassified points.
Hypervolume 1235.6423652026647
pypal at iteration 23.         6 Pareto optimal points,         483 discarded points,         2636 unclassified points.
Hypervolume 1235.6423652026647
pypal at iteration 24.         6 Pareto optimal points,         494 discarded points,         2625 unclassified points.
Hypervolume 1235.6423652026647
pypal at iteration 25.         6 Pareto optimal points,         508 discarded points,         2611 unclassified points.
Hypervolume 1235.6423652026647
pypal at iteration 26.         6 Pareto optimal points,         523 discarded points,         2596 unclassified points.
Hypervolume 1235.6423652026647
pypal at iteration 27.         7 Pareto optimal points,         525 discarded points,         2593 unclassified points.
Hypervolume 1235.8435524281078
pypal at iteration 28.         8 Pareto optimal points,         527 discarded points,         2590 unclassified points.
Hypervolume 1255.5623572694583
pypal at iteration 29.         8 Pareto optimal points,         528 discarded points,         2589 unclassified points.
Hypervolume 1255.5623572694583
pypal at iteration 30.         8 Pareto optimal points,         529 discarded points,         2588 unclassified points.
Hypervolume 1255.5623572694583
Optimization restart 1/20, f = -314.7495989534226
Optimization restart 2/20, f = -314.005171721841
Optimization restart 3/20, f = -239.96028916983914
Optimization restart 4/20, f = -306.10005153892604
Optimization restart 5/20, f = -311.16068828115715
Optimization restart 6/20, f = -313.9284388971445
Optimization restart 7/20, f = -312.55282132337913
Optimization restart 8/20, f = -310.49047500584766
Optimization restart 9/20, f = -313.11819970819033
Optimization restart 10/20, f = -313.5102232065843
Optimization restart 11/20, f = -311.16724504804546
Optimization restart 12/20, f = -275.7802953115839
Optimization restart 13/20, f = -313.6522172190043
Optimization restart 14/20, f = -313.3730388048358
Optimization restart 15/20, f = -308.6726636856115
Optimization restart 16/20, f = -313.9592845397924
Optimization restart 17/20, f = -258.998585535375
Optimization restart 18/20, f = -311.70819218266104
Optimization restart 19/20, f = -222.1512864470203
Optimization restart 20/20, f = -311.1674972053652
pypal at iteration 31.         8 Pareto optimal points,         652 discarded points,         2465 unclassified points.
Hypervolume 1255.5623572694583
pypal at iteration 32.         8 Pareto optimal points,         652 discarded points,         2465 unclassified points.
Hypervolume 1255.5623572694583
pypal at iteration 33.         8 Pareto optimal points,         653 discarded points,         2464 unclassified points.
Hypervolume 1255.5623572694583
pypal at iteration 34.         8 Pareto optimal points,         654 discarded points,         2463 unclassified points.
Hypervolume 1255.5623572694583
pypal at iteration 35.         8 Pareto optimal points,         655 discarded points,         2462 unclassified points.
Hypervolume 1255.5623572694583
pypal at iteration 36.         8 Pareto optimal points,         656 discarded points,         2461 unclassified points.
Hypervolume 1255.5623572694583
pypal at iteration 37.         8 Pareto optimal points,         657 discarded points,         2460 unclassified points.
Hypervolume 1255.5623572694583
pypal at iteration 38.         8 Pareto optimal points,         662 discarded points,         2455 unclassified points.
Hypervolume 1255.5623572694583
pypal at iteration 39.         8 Pareto optimal points,         663 discarded points,         2454 unclassified points.
Hypervolume 1255.5623572694583
pypal at iteration 40.         8 Pareto optimal points,         664 discarded points,         2453 unclassified points.
Hypervolume 1255.5623572694583
Optimization restart 1/20, f = -391.0509043680247
Optimization restart 2/20, f = -391.2098805532064
Optimization restart 3/20, f = -389.27777116187673
Optimization restart 4/20, f = -388.8071273423308
Optimization restart 5/20, f = -383.29932627302026
Optimization restart 6/20, f = -384.1963414776809
Optimization restart 7/20, f = -388.40304810467376
Optimization restart 8/20, f = -368.2067908062021
Optimization restart 9/20, f = -389.9025745438839
Optimization restart 10/20, f = -382.7515114495814
Optimization restart 11/20, f = -373.0729335679605
Optimization restart 12/20, f = -390.4600944790015
Optimization restart 13/20, f = -318.1075777391245
Optimization restart 14/20, f = -391.34181207638653
Optimization restart 15/20, f = -391.12861644430734
Optimization restart 16/20, f = -391.1240683351877
Optimization restart 17/20, f = -389.1815767516108
Optimization restart 18/20, f = -389.08148536817583
Optimization restart 19/20, f = -389.3916585260525
Optimization restart 20/20, f = -381.3729284885384
pypal at iteration 41.         8 Pareto optimal points,         672 discarded points,         2445 unclassified points.
Hypervolume 1255.5623572694583
pypal at iteration 42.         8 Pareto optimal points,         673 discarded points,         2444 unclassified points.
Hypervolume 1255.5623572694583
pypal at iteration 43.         8 Pareto optimal points,         694 discarded points,         2423 unclassified points.
Hypervolume 1255.5623572694583
pypal at iteration 44.         8 Pareto optimal points,         695 discarded points,         2422 unclassified points.
Hypervolume 1255.5623572694583
pypal at iteration 45.         8 Pareto optimal points,         696 discarded points,         2421 unclassified points.
Hypervolume 1255.5623572694583
pypal at iteration 46.         8 Pareto optimal points,         699 discarded points,         2418 unclassified points.
Hypervolume 1255.5623572694583
pypal at iteration 47.         8 Pareto optimal points,         699 discarded points,         2418 unclassified points.
Hypervolume 1255.5623572694583
pypal at iteration 48.         9 Pareto optimal points,         699 discarded points,         2417 unclassified points.
Hypervolume 1258.3142258432235
pypal at iteration 49.         9 Pareto optimal points,         700 discarded points,         2416 unclassified points.
Hypervolume 1258.3142258432235
pypal at iteration 50.         9 Pareto optimal points,         706 discarded points,         2410 unclassified points.
Hypervolume 1258.3142258432235
Optimization restart 1/20, f = -459.448766453219
Optimization restart 2/20, f = -458.73546830077805
Optimization restart 3/20, f = -457.01880194683827
Optimization restart 4/20, f = -458.717735329502
Optimization restart 5/20, f = -458.01047978425737
Optimization restart 6/20, f = -458.80131247465914
Optimization restart 7/20, f = -383.4554884270559
Optimization restart 8/20, f = -356.5981140875109
Optimization restart 9/20, f = -459.87403669683204
Optimization restart 10/20, f = -458.43289788419924
Optimization restart 11/20, f = -458.679019008772
Optimization restart 12/20, f = -440.93575263773107
Optimization restart 13/20, f = -456.9912628833306
Optimization restart 14/20, f = -392.8457916250793
Optimization restart 15/20, f = -458.55782411974866
Optimization restart 16/20, f = -460.1771854517083
Optimization restart 17/20, f = -459.9901151871025
Optimization restart 18/20, f = -433.9733696568986
Optimization restart 19/20, f = -413.58172190237985
Optimization restart 20/20, f = -460.00717196804356
pypal at iteration 51.         9 Pareto optimal points,         773 discarded points,         2343 unclassified points.
Hypervolume 1258.3142258432235
pypal at iteration 52.         9 Pareto optimal points,         774 discarded points,         2342 unclassified points.
Hypervolume 1258.3142258432235
pypal at iteration 53.         9 Pareto optimal points,         788 discarded points,         2328 unclassified points.
Hypervolume 1258.3142258432235
pypal at iteration 54.         9 Pareto optimal points,         793 discarded points,         2323 unclassified points.
Hypervolume 1258.3142258432235
pypal at iteration 55.         9 Pareto optimal points,         793 discarded points,         2323 unclassified points.
Hypervolume 1258.3142258432235
pypal at iteration 56.         9 Pareto optimal points,         795 discarded points,         2321 unclassified points.
Hypervolume 1258.3142258432235
pypal at iteration 57.         10 Pareto optimal points,         795 discarded points,         2320 unclassified points.
Hypervolume 1258.7632504698008
pypal at iteration 58.         10 Pareto optimal points,         796 discarded points,         2319 unclassified points.
Hypervolume 1258.7632504698008
pypal at iteration 59.         10 Pareto optimal points,         797 discarded points,         2318 unclassified points.
Hypervolume 1258.7632504698008
pypal at iteration 60.         11 Pareto optimal points,         801 discarded points,         2313 unclassified points.
Hypervolume 1259.0990301070572
Optimization restart 1/20, f = -521.4487685610404
Optimization restart 2/20, f = -503.72832290942495
Optimization restart 3/20, f = -521.1783345347801
Optimization restart 4/20, f = -522.1726329370575
Optimization restart 5/20, f = -519.6656243132037
Optimization restart 6/20, f = -521.2948463763024
Optimization restart 7/20, f = -520.1414995111315
Optimization restart 8/20, f = -518.1942773160852
Optimization restart 9/20, f = -518.414091259325
Optimization restart 10/20, f = -520.8628724049373
Optimization restart 11/20, f = -517.4769123866639
Optimization restart 12/20, f = -408.7303679388998
Optimization restart 13/20, f = -518.967645977504
Optimization restart 14/20, f = -521.1395190268352
Optimization restart 15/20, f = -518.586175938289
Optimization restart 16/20, f = -521.2434048376903
Optimization restart 17/20, f = -504.6944120698757
Optimization restart 18/20, f = -521.1211838713153
Optimization restart 19/20, f = -518.6813082911989
Optimization restart 20/20, f = -521.1487532371252
pypal at iteration 61.         11 Pareto optimal points,         801 discarded points,         2313 unclassified points.
Hypervolume 1259.0990301070572
pypal at iteration 62.         11 Pareto optimal points,         802 discarded points,         2312 unclassified points.
Hypervolume 1259.0990301070572
pypal at iteration 63.         12 Pareto optimal points,         802 discarded points,         2311 unclassified points.
Hypervolume 1267.0094383943192
pypal at iteration 64.         12 Pareto optimal points,         803 discarded points,         2310 unclassified points.
Hypervolume 1267.0094383943192
pypal at iteration 65.         13 Pareto optimal points,         1163 discarded points,         1949 unclassified points.
Hypervolume 1349.6586544877766
pypal at iteration 66.         13 Pareto optimal points,         1164 discarded points,         1948 unclassified points.
Hypervolume 1349.6586544877766
pypal at iteration 67.         13 Pareto optimal points,         1165 discarded points,         1947 unclassified points.
Hypervolume 1349.6586544877766
pypal at iteration 68.         13 Pareto optimal points,         1166 discarded points,         1946 unclassified points.
Hypervolume 1349.6586544877766
pypal at iteration 69.         14 Pareto optimal points,         1171 discarded points,         1940 unclassified points.
Hypervolume 1353.3122109376293
pypal at iteration 70.         14 Pareto optimal points,         1171 discarded points,         1940 unclassified points.
Hypervolume 1353.3122109376293
Optimization restart 1/20, f = -571.6456834101448
Optimization restart 2/20, f = -558.1954489262507
Optimization restart 3/20, f = -567.1889535272711
Optimization restart 4/20, f = -570.4855223127336
Optimization restart 5/20, f = -562.5778005876916
Optimization restart 6/20, f = -569.6333321291768
Optimization restart 7/20, f = -569.1347942851828
Optimization restart 8/20, f = -569.014655884147
Optimization restart 9/20, f = -569.6584659024679
Optimization restart 10/20, f = -571.1279874532249
Optimization restart 11/20, f = -557.6161452500647
Optimization restart 12/20, f = -455.12366412957124
Optimization restart 13/20, f = -569.7752352826683
Optimization restart 14/20, f = -563.7049936714059
Optimization restart 15/20, f = -569.3009868245829
Optimization restart 16/20, f = -568.6880077811574
Optimization restart 17/20, f = -558.4055100706707
Optimization restart 18/20, f = -549.960546813291
Optimization restart 19/20, f = -570.5859947105894
Optimization restart 20/20, f = -568.6871432830869
pypal at iteration 71.         15 Pareto optimal points,         1737 discarded points,         1373 unclassified points.
Hypervolume 1382.8798382051975
pypal at iteration 72.         15 Pareto optimal points,         1738 discarded points,         1372 unclassified points.
Hypervolume 1382.8798382051975
pypal at iteration 73.         15 Pareto optimal points,         1739 discarded points,         1371 unclassified points.
Hypervolume 1382.8798382051975
pypal at iteration 74.         15 Pareto optimal points,         1740 discarded points,         1370 unclassified points.
Hypervolume 1382.8798382051975
pypal at iteration 75.         15 Pareto optimal points,         1740 discarded points,         1370 unclassified points.
Hypervolume 1382.8798382051975
pypal at iteration 76.         15 Pareto optimal points,         1742 discarded points,         1368 unclassified points.
Hypervolume 1382.8798382051975
pypal at iteration 77.         15 Pareto optimal points,         1743 discarded points,         1367 unclassified points.
Hypervolume 1382.8798382051975
pypal at iteration 78.         15 Pareto optimal points,         1744 discarded points,         1366 unclassified points.
Hypervolume 1382.8798382051975
pypal at iteration 79.         15 Pareto optimal points,         1745 discarded points,         1365 unclassified points.
Hypervolume 1382.8798382051975
pypal at iteration 80.         15 Pareto optimal points,         1746 discarded points,         1364 unclassified points.
Hypervolume 1382.8798382051975
Optimization restart 1/20, f = -622.7664107191134
Optimization restart 2/20, f = -621.9103290462946
Optimization restart 3/20, f = -594.4611907259244
Optimization restart 4/20, f = -507.0990248015632
Optimization restart 5/20, f = -621.188573426135
Optimization restart 6/20, f = -619.1489670352992
Optimization restart 7/20, f = -598.3653257463687
Optimization restart 8/20, f = -615.7904088070446
Optimization restart 9/20, f = -621.2162069958099
Optimization restart 10/20, f = -621.9066969468597
Optimization restart 11/20, f = -619.2936985006112
Optimization restart 12/20, f = -620.6369099344752
Optimization restart 13/20, f = -515.187030737779
Optimization restart 14/20, f = -612.3428762507606
Optimization restart 15/20, f = -620.0632265138006
Optimization restart 16/20, f = -620.651565123709
Optimization restart 17/20, f = -584.6170381527459
Optimization restart 18/20, f = -485.32822851933656
Optimization restart 19/20, f = -621.2160159078159
Optimization restart 20/20, f = -621.290633548849
pypal at iteration 81.         16 Pareto optimal points,         1758 discarded points,         1351 unclassified points.
Hypervolume 1390.471793930937
pypal at iteration 82.         16 Pareto optimal points,         1759 discarded points,         1350 unclassified points.
Hypervolume 1390.471793930937
pypal at iteration 83.         16 Pareto optimal points,         1760 discarded points,         1349 unclassified points.
Hypervolume 1390.471793930937
pypal at iteration 84.         16 Pareto optimal points,         1761 discarded points,         1348 unclassified points.
Hypervolume 1390.471793930937
pypal at iteration 85.         17 Pareto optimal points,         1763 discarded points,         1345 unclassified points.
Hypervolume 1411.5760553976988
pypal at iteration 86.         18 Pareto optimal points,         1763 discarded points,         1344 unclassified points.
Hypervolume 1412.7122266941415
pypal at iteration 87.         18 Pareto optimal points,         1765 discarded points,         1342 unclassified points.
Hypervolume 1412.7122266941415
pypal at iteration 88.         19 Pareto optimal points,         1766 discarded points,         1340 unclassified points.
Hypervolume 1412.8362843179218
pypal at iteration 89.         19 Pareto optimal points,         1767 discarded points,         1339 unclassified points.
Hypervolume 1412.8362843179218
pypal at iteration 90.         20 Pareto optimal points,         1767 discarded points,         1338 unclassified points.
Hypervolume 1412.9180950756281
Optimization restart 1/20, f = -690.7396090172491
Optimization restart 2/20, f = -690.0224514044247
Optimization restart 3/20, f = -687.8794552749898
Optimization restart 4/20, f = -690.2946089383347
Optimization restart 5/20, f = -685.4494246243689
Optimization restart 6/20, f = -686.8070260304808
Optimization restart 7/20, f = -686.4017211722753
Optimization restart 8/20, f = -591.1814104387943
Optimization restart 9/20, f = -683.694050538797
Optimization restart 10/20, f = -689.184449126823
Optimization restart 11/20, f = -687.3747679494468
Optimization restart 12/20, f = -685.0703132045622
Optimization restart 13/20, f = -688.4062822064561
Optimization restart 14/20, f = -689.1212833091902
Optimization restart 15/20, f = -679.2365009812935
Optimization restart 16/20, f = -683.9647706053197
Optimization restart 17/20, f = -683.0943598772578
Optimization restart 18/20, f = -688.1723840317106
Optimization restart 19/20, f = -689.0597171912709
Optimization restart 20/20, f = -669.6628918245785
pypal at iteration 91.         20 Pareto optimal points,         1796 discarded points,         1309 unclassified points.
Hypervolume 1412.9180950756281
pypal at iteration 92.         20 Pareto optimal points,         1812 discarded points,         1293 unclassified points.
Hypervolume 1412.9180950756281
pypal at iteration 93.         20 Pareto optimal points,         1812 discarded points,         1293 unclassified points.
Hypervolume 1412.9180950756281
pypal at iteration 94.         20 Pareto optimal points,         1813 discarded points,         1292 unclassified points.
Hypervolume 1412.9180950756281
pypal at iteration 95.         20 Pareto optimal points,         1814 discarded points,         1291 unclassified points.
Hypervolume 1412.9180950756281
pypal at iteration 96.         20 Pareto optimal points,         1815 discarded points,         1290 unclassified points.
Hypervolume 1412.9180950756281
pypal at iteration 97.         20 Pareto optimal points,         1816 discarded points,         1289 unclassified points.
Hypervolume 1412.9180950756281
pypal at iteration 98.         20 Pareto optimal points,         1821 discarded points,         1284 unclassified points.
Hypervolume 1412.9180950756281
pypal at iteration 99.         20 Pareto optimal points,         1824 discarded points,         1281 unclassified points.
Hypervolume 1412.9180950756281
pypal at iteration 100.         20 Pareto optimal points,         1827 discarded points,         1278 unclassified points.
Hypervolume 1412.9180950756281
Optimization restart 1/20, f = -752.5232375838156
Optimization restart 2/20, f = -743.2546676734281
Optimization restart 3/20, f = -750.9453368559998
Optimization restart 4/20, f = -747.62902704468
Optimization restart 5/20, f = -727.6257164625488
Optimization restart 6/20, f = -751.0315957361584
Optimization restart 7/20, f = -747.8910524053455
Optimization restart 8/20, f = -738.1832596845549
Optimization restart 9/20, f = -707.0138527408004
Optimization restart 10/20, f = -749.3074281961949
Optimization restart 11/20, f = -752.0212086244705
Optimization restart 12/20, f = -741.9160562162758
Optimization restart 13/20, f = -750.1168132586793
Optimization restart 14/20, f = -750.6050685986254
Optimization restart 15/20, f = -750.320405854098
Optimization restart 16/20, f = -750.795280574782
Optimization restart 17/20, f = -729.1543375657822
Optimization restart 18/20, f = -745.7724684101029
Optimization restart 19/20, f = -741.2602714597541
Optimization restart 20/20, f = -751.4836472688685
pypal at iteration 101.         20 Pareto optimal points,         1834 discarded points,         1271 unclassified points.
Hypervolume 1412.9180950756281
pypal at iteration 102.         20 Pareto optimal points,         1835 discarded points,         1270 unclassified points.
Hypervolume 1412.9180950756281
pypal at iteration 103.         20 Pareto optimal points,         1836 discarded points,         1269 unclassified points.
Hypervolume 1412.9180950756281
pypal at iteration 104.         20 Pareto optimal points,         1837 discarded points,         1268 unclassified points.
Hypervolume 1412.9180950756281
pypal at iteration 105.         20 Pareto optimal points,         1843 discarded points,         1262 unclassified points.
Hypervolume 1412.9180950756281
pypal at iteration 106.         20 Pareto optimal points,         1844 discarded points,         1261 unclassified points.
Hypervolume 1412.9180950756281
pypal at iteration 107.         20 Pareto optimal points,         1848 discarded points,         1257 unclassified points.
Hypervolume 1412.9180950756281
pypal at iteration 108.         20 Pareto optimal points,         1849 discarded points,         1256 unclassified points.
Hypervolume 1412.9180950756281
pypal at iteration 109.         20 Pareto optimal points,         1850 discarded points,         1255 unclassified points.
Hypervolume 1412.9180950756281
pypal at iteration 110.         20 Pareto optimal points,         1851 discarded points,         1254 unclassified points.
Hypervolume 1412.9180950756281
Optimization restart 1/20, f = -810.4763608779854
Optimization restart 2/20, f = -732.6657783889893
Optimization restart 3/20, f = -804.6304618581025
Optimization restart 4/20, f = -806.316738563848
Optimization restart 5/20, f = -799.3018045631834
Optimization restart 6/20, f = -807.0488178991324
Optimization restart 7/20, f = -809.0255019820804
Optimization restart 8/20, f = -778.3859668724931
Optimization restart 9/20, f = -808.6245677104791
Optimization restart 10/20, f = -803.6597958640647
Optimization restart 11/20, f = -800.7309063856635
Optimization restart 12/20, f = -808.7777828592958
Optimization restart 13/20, f = -809.0334082343084
Optimization restart 14/20, f = -804.8053377331537
Optimization restart 15/20, f = -805.4185543021696
Optimization restart 16/20, f = -807.807515544804
Optimization restart 17/20, f = -758.3318488292657
Optimization restart 18/20, f = -806.6974247609476
Optimization restart 19/20, f = -801.9071337736491
Optimization restart 20/20, f = -784.5494737601321
pypal at iteration 111.         20 Pareto optimal points,         1852 discarded points,         1253 unclassified points.
Hypervolume 1412.9180950756281
pypal at iteration 112.         20 Pareto optimal points,         1872 discarded points,         1233 unclassified points.
Hypervolume 1412.9180950756281
pypal at iteration 113.         20 Pareto optimal points,         1873 discarded points,         1232 unclassified points.
Hypervolume 1412.9180950756281
pypal at iteration 114.         20 Pareto optimal points,         1874 discarded points,         1231 unclassified points.
Hypervolume 1412.9180950756281
pypal at iteration 115.         20 Pareto optimal points,         1887 discarded points,         1218 unclassified points.
Hypervolume 1412.9180950756281
pypal at iteration 116.         20 Pareto optimal points,         1888 discarded points,         1217 unclassified points.
Hypervolume 1412.9180950756281
pypal at iteration 117.         20 Pareto optimal points,         1889 discarded points,         1216 unclassified points.
Hypervolume 1412.9180950756281
pypal at iteration 118.         20 Pareto optimal points,         1892 discarded points,         1213 unclassified points.
Hypervolume 1412.9180950756281
pypal at iteration 119.         21 Pareto optimal points,         2080 discarded points,         1024 unclassified points.
Hypervolume 1422.7292565511573
pypal at iteration 120.         21 Pareto optimal points,         2081 discarded points,         1023 unclassified points.
Hypervolume 1422.7292565511573
Optimization restart 1/20, f = -868.4339027748109
Optimization restart 2/20, f = -866.4106735571495
Optimization restart 3/20, f = -856.09801722754
Optimization restart 4/20, f = -859.8368151021849
Optimization restart 5/20, f = -859.4360717009426
Optimization restart 6/20, f = -868.1569634003123
Optimization restart 7/20, f = -856.0518211429019
Optimization restart 8/20, f = -749.1256446287242
Optimization restart 9/20, f = -854.3776461539222
Optimization restart 10/20, f = -764.5825599725263
Optimization restart 11/20, f = -866.9155536267886
Optimization restart 12/20, f = -862.3471189821687
Optimization restart 13/20, f = -867.5644397596323
Optimization restart 14/20, f = -849.8757608024921
Optimization restart 15/20, f = -857.8581228228743
Optimization restart 16/20, f = -864.2825454911291
Optimization restart 17/20, f = -865.001553191713
Optimization restart 18/20, f = -866.3778420939162
Optimization restart 19/20, f = -616.8994322315218
Optimization restart 20/20, f = -860.5482894838826
pypal at iteration 121.         21 Pareto optimal points,         2082 discarded points,         1022 unclassified points.
Hypervolume 1422.7292565511573
pypal at iteration 122.         21 Pareto optimal points,         2243 discarded points,         861 unclassified points.
Hypervolume 1422.7292565511573
pypal at iteration 123.         23 Pareto optimal points,         2243 discarded points,         859 unclassified points.
Hypervolume 1442.798472911095
pypal at iteration 124.         24 Pareto optimal points,         2244 discarded points,         857 unclassified points.
Hypervolume 1442.801207502995
pypal at iteration 125.         24 Pareto optimal points,         2245 discarded points,         856 unclassified points.
Hypervolume 1442.801207502995
pypal at iteration 126.         24 Pareto optimal points,         2246 discarded points,         855 unclassified points.
Hypervolume 1442.801207502995
pypal at iteration 127.         24 Pareto optimal points,         2249 discarded points,         852 unclassified points.
Hypervolume 1442.801207502995
pypal at iteration 128.         24 Pareto optimal points,         2250 discarded points,         851 unclassified points.
Hypervolume 1442.801207502995
pypal at iteration 129.         24 Pareto optimal points,         2251 discarded points,         850 unclassified points.
Hypervolume 1442.801207502995
pypal at iteration 130.         24 Pareto optimal points,         2252 discarded points,         849 unclassified points.
Hypervolume 1442.801207502995
Optimization restart 1/20, f = -925.5287918373172
Optimization restart 2/20, f = -918.3489457521737
Optimization restart 3/20, f = -922.6161988884883
Optimization restart 4/20, f = -525.0897990674255
Optimization restart 5/20, f = -922.0684394153035
Optimization restart 6/20, f = -916.3801882739964
Optimization restart 7/20, f = -921.9203808116526
Optimization restart 8/20, f = -922.986458268835
Optimization restart 9/20, f = -917.669801405909
Optimization restart 10/20, f = -918.558936317087
Optimization restart 11/20, f = -916.2154543815111
Optimization restart 12/20, f = -923.8851305491766
Optimization restart 13/20, f = -914.4474935423843
Optimization restart 14/20, f = -861.3036706521347
Optimization restart 15/20, f = -911.4607971581999
Optimization restart 16/20, f = -921.3710773469222
Optimization restart 17/20, f = -913.4469078195019
Optimization restart 18/20, f = -916.4605764184882
Optimization restart 19/20, f = -922.8822605207417
Optimization restart 20/20, f = -892.0153982348219
pypal at iteration 131.         24 Pareto optimal points,         2253 discarded points,         848 unclassified points.
Hypervolume 1442.801207502995
pypal at iteration 132.         24 Pareto optimal points,         2254 discarded points,         847 unclassified points.
Hypervolume 1442.801207502995
pypal at iteration 133.         24 Pareto optimal points,         2256 discarded points,         845 unclassified points.
Hypervolume 1442.801207502995
pypal at iteration 134.         24 Pareto optimal points,         2258 discarded points,         843 unclassified points.
Hypervolume 1442.801207502995
pypal at iteration 135.         24 Pareto optimal points,         2261 discarded points,         840 unclassified points.
Hypervolume 1442.801207502995
pypal at iteration 136.         24 Pareto optimal points,         2262 discarded points,         839 unclassified points.
Hypervolume 1442.801207502995
pypal at iteration 137.         24 Pareto optimal points,         2263 discarded points,         838 unclassified points.
Hypervolume 1442.801207502995
pypal at iteration 138.         24 Pareto optimal points,         2264 discarded points,         837 unclassified points.
Hypervolume 1442.801207502995
pypal at iteration 139.         24 Pareto optimal points,         2265 discarded points,         836 unclassified points.
Hypervolume 1442.801207502995
pypal at iteration 140.         24 Pareto optimal points,         2267 discarded points,         834 unclassified points.
Hypervolume 1442.801207502995
Optimization restart 1/20, f = -978.0048915951721
Optimization restart 2/20, f = -974.1781398015635
Optimization restart 3/20, f = -975.6054045989453
Optimization restart 4/20, f = -964.1299951973444
Optimization restart 5/20, f = -975.4960311342328
Optimization restart 6/20, f = -975.9082866835518
Optimization restart 7/20, f = -975.2046398693033
Optimization restart 8/20, f = -975.5227767483302
Optimization restart 9/20, f = -971.26696595628
Optimization restart 10/20, f = -974.9949380606982
Optimization restart 11/20, f = -968.2267684143474
Optimization restart 12/20, f = -968.7085755676519
Optimization restart 13/20, f = -971.542547918318
Optimization restart 14/20, f = -864.2292013146371
Optimization restart 15/20, f = -974.027009370084
Optimization restart 16/20, f = -975.363102442047
Optimization restart 17/20, f = -967.9221755325302
Optimization restart 18/20, f = -965.4384822622866
Optimization restart 19/20, f = -975.8603427111307
Optimization restart 20/20, f = -973.9124238250181
pypal at iteration 141.         24 Pareto optimal points,         2269 discarded points,         832 unclassified points.
Hypervolume 1442.801207502995
pypal at iteration 142.         24 Pareto optimal points,         2271 discarded points,         830 unclassified points.
Hypervolume 1442.801207502995
pypal at iteration 143.         24 Pareto optimal points,         2272 discarded points,         829 unclassified points.
Hypervolume 1442.801207502995
pypal at iteration 144.         24 Pareto optimal points,         2338 discarded points,         763 unclassified points.
Hypervolume 1442.801207502995
pypal at iteration 145.         25 Pareto optimal points,         2338 discarded points,         762 unclassified points.
Hypervolume 1443.1698658914897
pypal at iteration 146.         25 Pareto optimal points,         2339 discarded points,         761 unclassified points.
Hypervolume 1443.1698658914897
pypal at iteration 147.         27 Pareto optimal points,         2339 discarded points,         759 unclassified points.
Hypervolume 1443.6805398669658
pypal at iteration 148.         27 Pareto optimal points,         2340 discarded points,         758 unclassified points.
Hypervolume 1443.6805398669658
pypal at iteration 149.         27 Pareto optimal points,         2341 discarded points,         757 unclassified points.
Hypervolume 1443.6805398669658
pypal at iteration 150.         27 Pareto optimal points,         2341 discarded points,         757 unclassified points.
Hypervolume 1443.6805398669658
Optimization restart 1/20, f = -1032.0191672537353
Optimization restart 2/20, f = -985.4715314380464
Optimization restart 3/20, f = -1029.2238529688157
Optimization restart 4/20, f = -1029.633643297046
Optimization restart 5/20, f = -1023.1388259893909
Optimization restart 6/20, f = -1025.7483685211587
Optimization restart 7/20, f = -1018.1509962735443
Optimization restart 8/20, f = -1023.5530448976633
Optimization restart 9/20, f = -1027.3920829333038
Optimization restart 10/20, f = -1028.1153743296181
Optimization restart 11/20, f = -1019.715648237196
Optimization restart 12/20, f = -1024.9434925114042
Optimization restart 13/20, f = -845.4364855389069
Optimization restart 14/20, f = -1017.7118145353884
Optimization restart 15/20, f = -1029.51970154366
Optimization restart 16/20, f = -1028.9973127735743
Optimization restart 17/20, f = -1001.4375722984512
Optimization restart 18/20, f = -1025.8758189231612
Optimization restart 19/20, f = -1019.579090826399
Optimization restart 20/20, f = -1030.8014739017522
pypal at iteration 151.         27 Pareto optimal points,         2342 discarded points,         756 unclassified points.
Hypervolume 1443.6805398669658
pypal at iteration 152.         28 Pareto optimal points,         2451 discarded points,         646 unclassified points.
Hypervolume 1451.0174982921192
pypal at iteration 153.         28 Pareto optimal points,         2452 discarded points,         645 unclassified points.
Hypervolume 1451.0174982921192
pypal at iteration 154.         28 Pareto optimal points,         2453 discarded points,         644 unclassified points.
Hypervolume 1451.0174982921192
pypal at iteration 155.         28 Pareto optimal points,         2454 discarded points,         643 unclassified points.
Hypervolume 1451.0174982921192
pypal at iteration 156.         28 Pareto optimal points,         2455 discarded points,         642 unclassified points.
Hypervolume 1451.0174982921192
pypal at iteration 157.         28 Pareto optimal points,         2456 discarded points,         641 unclassified points.
Hypervolume 1451.0174982921192
pypal at iteration 158.         28 Pareto optimal points,         2548 discarded points,         549 unclassified points.
Hypervolume 1451.0174982921192
pypal at iteration 159.         28 Pareto optimal points,         2549 discarded points,         548 unclassified points.
Hypervolume 1451.0174982921192
pypal at iteration 160.         28 Pareto optimal points,         2550 discarded points,         547 unclassified points.
Hypervolume 1451.0174982921192
Optimization restart 1/20, f = -1089.564510101039
Optimization restart 2/20, f = -1083.3202849697468
Optimization restart 3/20, f = -1085.104230225505
Optimization restart 4/20, f = -1085.516849877055
Optimization restart 5/20, f = -1076.946597899297
Optimization restart 6/20, f = -1086.5633274602467
Optimization restart 7/20, f = -1086.6206278677137
Optimization restart 8/20, f = -1073.8955462044562
Optimization restart 9/20, f = -1085.1625261784327
Optimization restart 10/20, f = -1082.765288040291
Optimization restart 11/20, f = -1084.169559208394
Optimization restart 12/20, f = -1080.5347798701705
Optimization restart 13/20, f = -1085.017941502163
Optimization restart 14/20, f = -1085.0400675183637
Optimization restart 15/20, f = -1081.8077047202296
Optimization restart 16/20, f = -1087.8460102173754
Optimization restart 17/20, f = -1086.3996084433352
Optimization restart 18/20, f = -1080.0956778272816
Optimization restart 19/20, f = -1083.577986706066
Optimization restart 20/20, f = -1082.630495137493
pypal at iteration 161.         28 Pareto optimal points,         2551 discarded points,         546 unclassified points.
Hypervolume 1451.0174982921192
pypal at iteration 162.         28 Pareto optimal points,         2552 discarded points,         545 unclassified points.
Hypervolume 1451.0174982921192
pypal at iteration 163.         28 Pareto optimal points,         2553 discarded points,         544 unclassified points.
Hypervolume 1451.0174982921192
pypal at iteration 164.         28 Pareto optimal points,         2553 discarded points,         544 unclassified points.
Hypervolume 1451.0174982921192
pypal at iteration 165.         28 Pareto optimal points,         2554 discarded points,         543 unclassified points.
Hypervolume 1451.0174982921192
pypal at iteration 166.         28 Pareto optimal points,         2555 discarded points,         542 unclassified points.
Hypervolume 1451.0174982921192
pypal at iteration 167.         28 Pareto optimal points,         2556 discarded points,         541 unclassified points.
Hypervolume 1451.0174982921192
pypal at iteration 168.         28 Pareto optimal points,         2557 discarded points,         540 unclassified points.
Hypervolume 1451.0174982921192
pypal at iteration 169.         28 Pareto optimal points,         2558 discarded points,         539 unclassified points.
Hypervolume 1451.0174982921192
pypal at iteration 170.         28 Pareto optimal points,         2559 discarded points,         538 unclassified points.
Hypervolume 1451.0174982921192
Optimization restart 1/20, f = -1146.903565613655
Optimization restart 2/20, f = -1139.7541369994988
Optimization restart 3/20, f = -1142.580919788395
Optimization restart 4/20, f = -1139.3454895955676
Optimization restart 5/20, f = -1130.1761906560464
Optimization restart 6/20, f = -1071.141061465616
Optimization restart 7/20, f = -971.9528995065044
Optimization restart 8/20, f = -1126.2208170694348
Optimization restart 9/20, f = -1138.4687029157428
Optimization restart 10/20, f = -1142.9351895823645
Optimization restart 11/20, f = -1130.7349403687956
Optimization restart 12/20, f = -1142.3831076652268
Optimization restart 13/20, f = -1144.368813129291
Optimization restart 14/20, f = -1140.1061214821395
Optimization restart 15/20, f = -1141.4086683703697
Optimization restart 16/20, f = -1138.2776065082255
Optimization restart 17/20, f = -1141.4313341282277
Optimization restart 18/20, f = -1132.9317410072101
Optimization restart 19/20, f = -1090.1855187097724
Optimization restart 20/20, f = -1143.1176391505994
pypal at iteration 171.         28 Pareto optimal points,         2560 discarded points,         537 unclassified points.
Hypervolume 1451.0174982921192
pypal at iteration 172.         28 Pareto optimal points,         2563 discarded points,         534 unclassified points.
Hypervolume 1451.0174982921192
pypal at iteration 173.         28 Pareto optimal points,         2564 discarded points,         533 unclassified points.
Hypervolume 1451.0174982921192
pypal at iteration 174.         28 Pareto optimal points,         2565 discarded points,         532 unclassified points.
Hypervolume 1451.0174982921192
pypal at iteration 175.         28 Pareto optimal points,         2568 discarded points,         529 unclassified points.
Hypervolume 1451.0174982921192
pypal at iteration 176.         28 Pareto optimal points,         2569 discarded points,         528 unclassified points.
Hypervolume 1451.0174982921192
pypal at iteration 177.         28 Pareto optimal points,         2570 discarded points,         527 unclassified points.
Hypervolume 1451.0174982921192
pypal at iteration 178.         28 Pareto optimal points,         2571 discarded points,         526 unclassified points.
Hypervolume 1451.0174982921192
pypal at iteration 179.         28 Pareto optimal points,         2572 discarded points,         525 unclassified points.
Hypervolume 1451.0174982921192
pypal at iteration 180.         28 Pareto optimal points,         2573 discarded points,         524 unclassified points.
Hypervolume 1451.0174982921192
Optimization restart 1/20, f = -1200.8263713477988
Optimization restart 2/20, f = -1193.707077195747
Optimization restart 3/20, f = -1196.9847459278399
Optimization restart 4/20, f = -1107.8729651259341
Optimization restart 5/20, f = -1075.1860214059386
Optimization restart 6/20, f = -1186.077237854579
Optimization restart 7/20, f = -1196.752846273553
Optimization restart 8/20, f = -991.7382409201372
Optimization restart 9/20, f = -1190.0387698083687
Optimization restart 10/20, f = -1188.448955328787
Optimization restart 11/20, f = -1193.4313543501414
Optimization restart 12/20, f = -1187.8686215628304
Optimization restart 13/20, f = -983.7835831779128
Optimization restart 14/20, f = -1188.447574584603
Optimization restart 15/20, f = -1185.0796109089154
Optimization restart 16/20, f = -1195.5681279960484
Optimization restart 17/20, f = -1012.0921391654446
Optimization restart 18/20, f = -1197.403949375801
Optimization restart 19/20, f = -1197.1092699902301
Optimization restart 20/20, f = -1188.0970446371198
pypal at iteration 181.         28 Pareto optimal points,         2574 discarded points,         523 unclassified points.
Hypervolume 1451.0174982921192
pypal at iteration 182.         28 Pareto optimal points,         2575 discarded points,         522 unclassified points.
Hypervolume 1451.0174982921192
pypal at iteration 183.         28 Pareto optimal points,         2576 discarded points,         521 unclassified points.
Hypervolume 1451.0174982921192
pypal at iteration 184.         28 Pareto optimal points,         2577 discarded points,         520 unclassified points.
Hypervolume 1451.0174982921192
pypal at iteration 185.         28 Pareto optimal points,         2578 discarded points,         519 unclassified points.
Hypervolume 1451.0174982921192
pypal at iteration 186.         28 Pareto optimal points,         2625 discarded points,         472 unclassified points.
Hypervolume 1451.0174982921192
pypal at iteration 187.         28 Pareto optimal points,         2639 discarded points,         458 unclassified points.
Hypervolume 1451.0174982921192
pypal at iteration 188.         28 Pareto optimal points,         2640 discarded points,         457 unclassified points.
Hypervolume 1451.0174982921192
pypal at iteration 189.         28 Pareto optimal points,         2641 discarded points,         456 unclassified points.
Hypervolume 1451.0174982921192
pypal at iteration 190.         28 Pareto optimal points,         2642 discarded points,         455 unclassified points.
Hypervolume 1451.0174982921192
Optimization restart 1/20, f = -1254.7005569919231
Optimization restart 2/20, f = -1249.9913402938112
Optimization restart 3/20, f = -1247.7410147088112
Optimization restart 4/20, f = -1095.7416116013453
Optimization restart 5/20, f = -1249.9764822989293
Optimization restart 6/20, f = -1248.7335442079332
Optimization restart 7/20, f = -1244.7542524612659
Optimization restart 8/20, f = -1246.2904501805428
Optimization restart 9/20, f = -1248.9108360158052
Optimization restart 10/20, f = -1206.1922820786674
Optimization restart 11/20, f = -1245.0251535373106
Optimization restart 12/20, f = -1246.1859922739397
Optimization restart 13/20, f = -1245.2079795889615
Optimization restart 14/20, f = -1246.8732664626887
Optimization restart 15/20, f = -1242.3556725441222
Optimization restart 16/20, f = -1241.140575859003
Optimization restart 17/20, f = -1242.7068852298826
Optimization restart 18/20, f = -1216.143084618791
Optimization restart 19/20, f = -1251.7937072303598
Optimization restart 20/20, f = -1222.6086018427122
pypal at iteration 191.         28 Pareto optimal points,         2643 discarded points,         454 unclassified points.
Hypervolume 1451.0174982921192
pypal at iteration 192.         28 Pareto optimal points,         2644 discarded points,         453 unclassified points.
Hypervolume 1451.0174982921192
pypal at iteration 193.         28 Pareto optimal points,         2644 discarded points,         453 unclassified points.
Hypervolume 1451.0174982921192
pypal at iteration 194.         28 Pareto optimal points,         2644 discarded points,         453 unclassified points.
Hypervolume 1451.0174982921192
pypal at iteration 195.         28 Pareto optimal points,         2645 discarded points,         452 unclassified points.
Hypervolume 1451.0174982921192
pypal at iteration 196.         28 Pareto optimal points,         2672 discarded points,         425 unclassified points.
Hypervolume 1451.0174982921192
pypal at iteration 197.         28 Pareto optimal points,         2673 discarded points,         424 unclassified points.
Hypervolume 1451.0174982921192
pypal at iteration 198.         28 Pareto optimal points,         2674 discarded points,         423 unclassified points.
Hypervolume 1451.0174982921192
pypal at iteration 199.         28 Pareto optimal points,         2675 discarded points,         422 unclassified points.
Hypervolume 1451.0174982921192
pypal at iteration 200.         28 Pareto optimal points,         2676 discarded points,         421 unclassified points.
Hypervolume 1451.0174982921192
Optimization restart 1/20, f = -1313.8512220977407
Optimization restart 2/20, f = -1307.9768763779903
Optimization restart 3/20, f = -1309.8590686208277
Optimization restart 4/20, f = -1307.4448720301252
Optimization restart 5/20, f = -1306.379329538961
Optimization restart 6/20, f = -1304.0912338521846
Optimization restart 7/20, f = -1297.4128634590597
Optimization restart 8/20, f = -1306.145671333923
Optimization restart 9/20, f = -1309.0039566266796
Optimization restart 10/20, f = -1307.0785162902548
Optimization restart 11/20, f = -1303.8738377258844
Optimization restart 12/20, f = -1309.467352577371
Optimization restart 13/20, f = -1307.7508448569
Optimization restart 14/20, f = -1308.89506990218
Optimization restart 15/20, f = -1304.4662335053508
Optimization restart 16/20, f = -1300.5477460823954
Optimization restart 17/20, f = -1309.227485265061
Optimization restart 18/20, f = -1308.920235436548
Optimization restart 19/20, f = -1178.502039769272
Optimization restart 20/20, f = -1293.7581131541356
pypal at iteration 201.         28 Pareto optimal points,         2677 discarded points,         420 unclassified points.
Hypervolume 1451.0174982921192
pypal at iteration 202.         28 Pareto optimal points,         2678 discarded points,         419 unclassified points.
Hypervolume 1451.0174982921192
pypal at iteration 203.         28 Pareto optimal points,         2696 discarded points,         401 unclassified points.
Hypervolume 1451.0174982921192
pypal at iteration 204.         28 Pareto optimal points,         2697 discarded points,         400 unclassified points.
Hypervolume 1451.0174982921192
pypal at iteration 205.         29 Pareto optimal points,         2781 discarded points,         315 unclassified points.
Hypervolume 1466.5381844179442
pypal at iteration 206.         29 Pareto optimal points,         2782 discarded points,         314 unclassified points.
Hypervolume 1466.5381844179442
pypal at iteration 207.         29 Pareto optimal points,         2783 discarded points,         313 unclassified points.
Hypervolume 1466.5381844179442
pypal at iteration 208.         29 Pareto optimal points,         2784 discarded points,         312 unclassified points.
Hypervolume 1466.5381844179442
pypal at iteration 209.         29 Pareto optimal points,         2785 discarded points,         311 unclassified points.
Hypervolume 1466.5381844179442
pypal at iteration 210.         29 Pareto optimal points,         2786 discarded points,         310 unclassified points.
Hypervolume 1466.5381844179442
Optimization restart 1/20, f = -1367.976813365578
Optimization restart 2/20, f = -1355.5578288837933
Optimization restart 3/20, f = -1210.7168384200586
Optimization restart 4/20, f = -1357.5850560341125
Optimization restart 5/20, f = -1362.0483984437128
Optimization restart 6/20, f = -1362.432186733563
Optimization restart 7/20, f = -1358.9513146490217
Optimization restart 8/20, f = -1362.5404850986492
Optimization restart 9/20, f = -1360.9070095288753
Optimization restart 10/20, f = -1356.4334929564388
Optimization restart 11/20, f = -1361.0350700693887
Optimization restart 12/20, f = -1360.7296119794685
Optimization restart 13/20, f = -1361.6104186155749
Optimization restart 14/20, f = -1361.078514531856
Optimization restart 15/20, f = -1364.3516729811427
Optimization restart 16/20, f = -1325.5637722362735
Optimization restart 17/20, f = -1364.6326014858842
Optimization restart 18/20, f = -1363.2756321731572
Optimization restart 19/20, f = -1330.1982713325651
Optimization restart 20/20, f = -1358.5308764486485
pypal at iteration 211.         29 Pareto optimal points,         2787 discarded points,         309 unclassified points.
Hypervolume 1466.5381844179442
pypal at iteration 212.         29 Pareto optimal points,         2788 discarded points,         308 unclassified points.
Hypervolume 1466.5381844179442
pypal at iteration 213.         29 Pareto optimal points,         2798 discarded points,         298 unclassified points.
Hypervolume 1466.5381844179442
pypal at iteration 214.         29 Pareto optimal points,         2799 discarded points,         297 unclassified points.
Hypervolume 1466.5381844179442
pypal at iteration 215.         29 Pareto optimal points,         2800 discarded points,         296 unclassified points.
Hypervolume 1466.5381844179442
pypal at iteration 216.         29 Pareto optimal points,         2801 discarded points,         295 unclassified points.
Hypervolume 1466.5381844179442
pypal at iteration 217.         31 Pareto optimal points,         2802 discarded points,         292 unclassified points.
Hypervolume 1466.5481055624384
pypal at iteration 218.         31 Pareto optimal points,         2803 discarded points,         291 unclassified points.
Hypervolume 1466.5481055624384
pypal at iteration 219.         31 Pareto optimal points,         2804 discarded points,         290 unclassified points.
Hypervolume 1466.5481055624384
pypal at iteration 220.         31 Pareto optimal points,         2805 discarded points,         289 unclassified points.
Hypervolume 1466.5481055624384
Optimization restart 1/20, f = -1419.190021557049
Optimization restart 2/20, f = -1412.9320156931265
Optimization restart 3/20, f = -1372.7383463729354
Optimization restart 4/20, f = -1411.3193218309693
Optimization restart 5/20, f = -1412.256989152368
Optimization restart 6/20, f = -1404.4848999432456
Optimization restart 7/20, f = -1411.8901890051875
Optimization restart 8/20, f = -1415.4304772546943
Optimization restart 9/20, f = -1410.8576773485077
Optimization restart 10/20, f = -1353.2297061323304
Optimization restart 11/20, f = -1408.03607056802
Optimization restart 12/20, f = -1408.8079200289917
Optimization restart 13/20, f = -1391.0969896858305
Optimization restart 14/20, f = -1264.5900541338547
Optimization restart 15/20, f = -1410.4700673820598
Optimization restart 16/20, f = -1411.5606891993893
Optimization restart 17/20, f = -1413.9601916722145
Optimization restart 18/20, f = -1414.6102392457678
Optimization restart 19/20, f = -1415.3244942846827
Optimization restart 20/20, f = -1414.4844066364299
pypal at iteration 221.         31 Pareto optimal points,         2806 discarded points,         288 unclassified points.
Hypervolume 1466.5481055624384
pypal at iteration 222.         31 Pareto optimal points,         2807 discarded points,         287 unclassified points.
Hypervolume 1466.5481055624384
pypal at iteration 223.         31 Pareto optimal points,         2808 discarded points,         286 unclassified points.
Hypervolume 1466.5481055624384
pypal at iteration 224.         31 Pareto optimal points,         2809 discarded points,         285 unclassified points.
Hypervolume 1466.5481055624384
pypal at iteration 225.         32 Pareto optimal points,         2881 discarded points,         212 unclassified points.
Hypervolume 1493.716714362296
pypal at iteration 226.         32 Pareto optimal points,         2882 discarded points,         211 unclassified points.
Hypervolume 1493.716714362296
pypal at iteration 227.         32 Pareto optimal points,         2883 discarded points,         210 unclassified points.
Hypervolume 1493.716714362296
pypal at iteration 228.         32 Pareto optimal points,         2884 discarded points,         209 unclassified points.
Hypervolume 1493.716714362296
pypal at iteration 229.         32 Pareto optimal points,         2885 discarded points,         208 unclassified points.
Hypervolume 1493.716714362296
pypal at iteration 230.         32 Pareto optimal points,         2885 discarded points,         208 unclassified points.
Hypervolume 1493.716714362296
Optimization restart 1/20, f = -1472.8176274266318
Optimization restart 2/20, f = -1462.5305059901366
Optimization restart 3/20, f = -1464.1313488350556
Optimization restart 4/20, f = -1449.582137340854
Optimization restart 5/20, f = -1215.7780969464768
Optimization restart 6/20, f = -1466.2803854626216
Optimization restart 7/20, f = -1459.6363970549494
Optimization restart 8/20, f = -1465.2337913293538
Optimization restart 9/20, f = -1467.0223432457133
Optimization restart 10/20, f = -1463.342922779167
Optimization restart 11/20, f = -1465.274705948866
Optimization restart 12/20, f = -1464.363497615202
Optimization restart 13/20, f = -1461.1055291458356
Optimization restart 14/20, f = -1443.5387216301347
Optimization restart 15/20, f = -1466.6417545483077
Optimization restart 16/20, f = -1465.6873964933684
Optimization restart 17/20, f = -1466.8449444615626
Optimization restart 18/20, f = -1469.1676111701327
Optimization restart 19/20, f = -1432.9466887180329
Optimization restart 20/20, f = -1321.9835968383563
pypal at iteration 231.         32 Pareto optimal points,         2886 discarded points,         207 unclassified points.
Hypervolume 1493.716714362296
pypal at iteration 232.         32 Pareto optimal points,         2887 discarded points,         206 unclassified points.
Hypervolume 1493.716714362296
pypal at iteration 233.         32 Pareto optimal points,         2888 discarded points,         205 unclassified points.
Hypervolume 1493.716714362296
pypal at iteration 234.         32 Pareto optimal points,         2889 discarded points,         204 unclassified points.
Hypervolume 1493.716714362296
pypal at iteration 235.         32 Pareto optimal points,         2890 discarded points,         203 unclassified points.
Hypervolume 1493.716714362296
pypal at iteration 236.         32 Pareto optimal points,         2891 discarded points,         202 unclassified points.
Hypervolume 1493.716714362296
pypal at iteration 237.         32 Pareto optimal points,         2892 discarded points,         201 unclassified points.
Hypervolume 1493.716714362296
pypal at iteration 238.         32 Pareto optimal points,         2893 discarded points,         200 unclassified points.
Hypervolume 1493.716714362296
pypal at iteration 239.         32 Pareto optimal points,         2894 discarded points,         199 unclassified points.
Hypervolume 1493.716714362296
pypal at iteration 240.         33 Pareto optimal points,         2933 discarded points,         159 unclassified points.
Hypervolume 1496.0389431039123
Optimization restart 1/20, f = -1529.9365829845847
Optimization restart 2/20, f = -1523.3728901339518
Optimization restart 3/20, f = -1355.261847479397
Optimization restart 4/20, f = -1468.9335277274736
Optimization restart 5/20, f = -1526.38308005013
Optimization restart 6/20, f = -1514.9369995617053
Optimization restart 7/20, f = -1524.881139789615
Optimization restart 8/20, f = -1514.2278573421509
Optimization restart 9/20, f = -1524.3155092869465
Optimization restart 10/20, f = -1515.9598936590205
Optimization restart 11/20, f = -1525.1322796683614
Optimization restart 12/20, f = -1493.242296387948
Optimization restart 13/20, f = -1266.2446672135113
Optimization restart 14/20, f = -1522.4464684338557
Optimization restart 15/20, f = -1518.9783905716376
Optimization restart 16/20, f = -1518.3928437831853
Optimization restart 17/20, f = -1524.0986928158686
Optimization restart 18/20, f = -1520.3793452305406
Optimization restart 19/20, f = -1525.7767395249564
Optimization restart 20/20, f = -1524.9860665716621
pypal at iteration 241.         33 Pareto optimal points,         2934 discarded points,         158 unclassified points.
Hypervolume 1496.0389431039123
pypal at iteration 242.         33 Pareto optimal points,         2934 discarded points,         158 unclassified points.
Hypervolume 1496.0389431039123
pypal at iteration 243.         33 Pareto optimal points,         2934 discarded points,         158 unclassified points.
Hypervolume 1496.0389431039123
pypal at iteration 244.         33 Pareto optimal points,         2935 discarded points,         157 unclassified points.
Hypervolume 1496.0389431039123
pypal at iteration 245.         33 Pareto optimal points,         2936 discarded points,         156 unclassified points.
Hypervolume 1496.0389431039123
pypal at iteration 246.         33 Pareto optimal points,         2937 discarded points,         155 unclassified points.
Hypervolume 1496.0389431039123
pypal at iteration 247.         34 Pareto optimal points,         2940 discarded points,         151 unclassified points.
Hypervolume 1497.218343358778
pypal at iteration 248.         34 Pareto optimal points,         2941 discarded points,         150 unclassified points.
Hypervolume 1497.218343358778
pypal at iteration 249.         35 Pareto optimal points,         2941 discarded points,         149 unclassified points.
Hypervolume 1497.8433079053755
pypal at iteration 250.         35 Pareto optimal points,         2942 discarded points,         148 unclassified points.
Hypervolume 1497.8433079053755
Optimization restart 1/20, f = -1585.2968765676803
Optimization restart 2/20, f = -1576.1134551939247
Optimization restart 3/20, f = -1580.4726336691922
Optimization restart 4/20, f = -1578.375097637118
Optimization restart 5/20, f = -1578.1141779930842
Optimization restart 6/20, f = -1577.0648743729425
Optimization restart 7/20, f = -1576.0185464430594
Optimization restart 8/20, f = -1548.7552392281727
Optimization restart 9/20, f = -1579.9284944937576
Optimization restart 10/20, f = -1559.8850943528068
Optimization restart 11/20, f = -1561.1909320374623
Optimization restart 12/20, f = -1580.7164006300973
Optimization restart 13/20, f = -1579.348201597399
Optimization restart 14/20, f = -1575.7262819965767
Optimization restart 15/20, f = -1574.3050385037432
Optimization restart 16/20, f = -1581.43934427895
Optimization restart 17/20, f = -1437.766284966549
Optimization restart 18/20, f = -1576.0275060280956
Optimization restart 19/20, f = -1581.0699414829842
Optimization restart 20/20, f = -1582.0118918471815
pypal at iteration 251.         36 Pareto optimal points,         2943 discarded points,         146 unclassified points.
Hypervolume 1498.1659671591149
pypal at iteration 252.         36 Pareto optimal points,         2944 discarded points,         145 unclassified points.
Hypervolume 1498.1659671591149
pypal at iteration 253.         37 Pareto optimal points,         2944 discarded points,         144 unclassified points.
Hypervolume 1498.21986202834
pypal at iteration 254.         37 Pareto optimal points,         2945 discarded points,         143 unclassified points.
Hypervolume 1498.21986202834
pypal at iteration 255.         37 Pareto optimal points,         2946 discarded points,         142 unclassified points.
Hypervolume 1498.21986202834
pypal at iteration 256.         37 Pareto optimal points,         2947 discarded points,         141 unclassified points.
Hypervolume 1498.21986202834
pypal at iteration 257.         37 Pareto optimal points,         2948 discarded points,         140 unclassified points.
Hypervolume 1498.21986202834
pypal at iteration 258.         38 Pareto optimal points,         2954 discarded points,         133 unclassified points.
Hypervolume 1500.2898399444343
pypal at iteration 259.         40 Pareto optimal points,         2955 discarded points,         130 unclassified points.
Hypervolume 1500.3163218139136
pypal at iteration 260.         41 Pareto optimal points,         3008 discarded points,         76 unclassified points.
Hypervolume 1502.0868848942519
Optimization restart 1/20, f = -1635.4824471496045
Optimization restart 2/20, f = -1629.2225168019972
Optimization restart 3/20, f = -1631.164634466432
Optimization restart 4/20, f = -1630.957062890674
Optimization restart 5/20, f = -1627.9770215988387
Optimization restart 6/20, f = -1628.449940192582
Optimization restart 7/20, f = -1630.9059718250992
Optimization restart 8/20, f = -1628.253138139191
Optimization restart 9/20, f = -1627.8290548653572
Optimization restart 10/20, f = -1615.310603528268
Optimization restart 11/20, f = -1633.156847685605
Optimization restart 12/20, f = -1629.41860440178
Optimization restart 13/20, f = -1628.54018218598
Optimization restart 14/20, f = -1591.8900343261676
Optimization restart 15/20, f = -1610.2845248874532
Optimization restart 16/20, f = -1630.535875714905
Optimization restart 17/20, f = -1629.4736337038798
Optimization restart 18/20, f = -1631.1340387986156
Optimization restart 19/20, f = -1440.8393491933866
Optimization restart 20/20, f = -1565.6525048929832
pypal at iteration 261.         41 Pareto optimal points,         3009 discarded points,         75 unclassified points.
Hypervolume 1502.0868848942519
pypal at iteration 262.         41 Pareto optimal points,         3010 discarded points,         74 unclassified points.
Hypervolume 1502.0868848942519
pypal at iteration 263.         41 Pareto optimal points,         3011 discarded points,         73 unclassified points.
Hypervolume 1502.0868848942519
pypal at iteration 264.         41 Pareto optimal points,         3015 discarded points,         69 unclassified points.
Hypervolume 1502.0868848942519
pypal at iteration 265.         41 Pareto optimal points,         3016 discarded points,         68 unclassified points.
Hypervolume 1502.0868848942519
pypal at iteration 266.         41 Pareto optimal points,         3017 discarded points,         67 unclassified points.
Hypervolume 1502.0868848942519
pypal at iteration 267.         41 Pareto optimal points,         3018 discarded points,         66 unclassified points.
Hypervolume 1502.0868848942519
pypal at iteration 268.         41 Pareto optimal points,         3019 discarded points,         65 unclassified points.
Hypervolume 1502.0868848942519
pypal at iteration 269.         41 Pareto optimal points,         3020 discarded points,         64 unclassified points.
Hypervolume 1502.0868848942519
pypal at iteration 270.         42 Pareto optimal points,         3031 discarded points,         52 unclassified points.
Hypervolume 1502.347554892524
Optimization restart 1/20, f = -1683.6818206305009
Optimization restart 2/20, f = -1674.418720182703
Optimization restart 3/20, f = -1654.1813009009068
Optimization restart 4/20, f = -1674.0941510018354
Optimization restart 5/20, f = -1680.670125409857
Optimization restart 6/20, f = -1677.5011660249054
Optimization restart 7/20, f = -1679.349828712966
Optimization restart 8/20, f = -1676.7812376073716
Optimization restart 9/20, f = -1680.142785433312
Optimization restart 10/20, f = -1676.0682996700584
Optimization restart 11/20, f = -1677.2942629506551
Optimization restart 12/20, f = -1670.1129421251046
Optimization restart 13/20, f = -1676.319724536005
Optimization restart 14/20, f = -1625.2614190927786
Optimization restart 15/20, f = -1677.8560830571064
Optimization restart 16/20, f = -1631.8818568397216
Optimization restart 17/20, f = -1676.9471884441045
Optimization restart 18/20, f = -1676.4688737971373
Optimization restart 19/20, f = -1676.2609327185644
Optimization restart 20/20, f = -1667.9605232490921
pypal at iteration 271.         42 Pareto optimal points,         3032 discarded points,         51 unclassified points.
Hypervolume 1502.347554892524
pypal at iteration 272.         42 Pareto optimal points,         3033 discarded points,         50 unclassified points.
Hypervolume 1502.347554892524
pypal at iteration 273.         42 Pareto optimal points,         3034 discarded points,         49 unclassified points.
Hypervolume 1502.347554892524
pypal at iteration 274.         42 Pareto optimal points,         3035 discarded points,         48 unclassified points.
Hypervolume 1502.347554892524
pypal at iteration 275.         42 Pareto optimal points,         3036 discarded points,         47 unclassified points.
Hypervolume 1502.347554892524
pypal at iteration 276.         42 Pareto optimal points,         3037 discarded points,         46 unclassified points.
Hypervolume 1502.347554892524
pypal at iteration 277.         43 Pareto optimal points,         3041 discarded points,         41 unclassified points.
Hypervolume 1502.5577846769575
pypal at iteration 278.         43 Pareto optimal points,         3042 discarded points,         40 unclassified points.
Hypervolume 1502.5577846769575
pypal at iteration 279.         43 Pareto optimal points,         3043 discarded points,         39 unclassified points.
Hypervolume 1502.5577846769575
pypal at iteration 280.         43 Pareto optimal points,         3044 discarded points,         38 unclassified points.
Hypervolume 1502.5577846769575
Optimization restart 1/20, f = -1734.4589731310061
Optimization restart 2/20, f = -1432.4633450237825
Optimization restart 3/20, f = -1720.2896877567537
Optimization restart 4/20, f = -1728.3068653382838
Optimization restart 5/20, f = -1729.913905447561
Optimization restart 6/20, f = -1556.2825824263473
Optimization restart 7/20, f = -1728.7198832467604
Optimization restart 8/20, f = -1717.534096065131
Optimization restart 9/20, f = -1729.1782274030038
Optimization restart 10/20, f = -1719.0346378792226
Optimization restart 11/20, f = -1712.6048256526487
Optimization restart 12/20, f = -1730.138165318318
Optimization restart 13/20, f = -1708.9045342661243
Optimization restart 14/20, f = -1713.9745837302505
Optimization restart 15/20, f = -1730.1325559919937
Optimization restart 16/20, f = -1725.2828978442692
Optimization restart 17/20, f = -1726.3389695454848
Optimization restart 18/20, f = -1726.2517446413824
Optimization restart 19/20, f = -1729.631734894804
Optimization restart 20/20, f = -1593.4006151122408
pypal at iteration 281.         43 Pareto optimal points,         3045 discarded points,         37 unclassified points.
Hypervolume 1502.5577846769575
pypal at iteration 282.         43 Pareto optimal points,         3046 discarded points,         36 unclassified points.
Hypervolume 1502.5577846769575
pypal at iteration 283.         43 Pareto optimal points,         3047 discarded points,         35 unclassified points.
Hypervolume 1502.5577846769575
pypal at iteration 284.         44 Pareto optimal points,         3048 discarded points,         33 unclassified points.
Hypervolume 1502.5612928126786
pypal at iteration 285.         44 Pareto optimal points,         3049 discarded points,         32 unclassified points.
Hypervolume 1502.5612928126786
pypal at iteration 286.         44 Pareto optimal points,         3050 discarded points,         31 unclassified points.
Hypervolume 1502.5612928126786
pypal at iteration 287.         44 Pareto optimal points,         3051 discarded points,         30 unclassified points.
Hypervolume 1502.5612928126786
pypal at iteration 288.         44 Pareto optimal points,         3052 discarded points,         29 unclassified points.
Hypervolume 1502.5612928126786
pypal at iteration 289.         44 Pareto optimal points,         3053 discarded points,         28 unclassified points.
Hypervolume 1502.5612928126786
pypal at iteration 290.         45 Pareto optimal points,         3053 discarded points,         27 unclassified points.
Hypervolume 1503.6294853198276
Optimization restart 1/20, f = -1783.6093030529178
Optimization restart 2/20, f = -1776.3292215698302
Optimization restart 3/20, f = -1778.7518579130476
Optimization restart 4/20, f = -1774.3915772064083
Optimization restart 5/20, f = -1764.5525805029147
Optimization restart 6/20, f = -1774.8171807191793
Optimization restart 7/20, f = -1775.3087643880124
Optimization restart 8/20, f = -1777.8656895677964
Optimization restart 9/20, f = -1778.4997053316977
Optimization restart 10/20, f = -1605.8089494742678
Optimization restart 11/20, f = -1773.4594023000577
Optimization restart 12/20, f = -1775.555117650863
Optimization restart 13/20, f = -1777.1055678257435
Optimization restart 14/20, f = -1778.645419417881
Optimization restart 15/20, f = -1773.7926642513767
Optimization restart 16/20, f = -1617.0569972831504
Optimization restart 17/20, f = -1777.306987116068
Optimization restart 18/20, f = -1768.459928261906
Optimization restart 19/20, f = -1770.878058488869
Optimization restart 20/20, f = -1772.7093974949976
pypal at iteration 291.         45 Pareto optimal points,         3054 discarded points,         26 unclassified points.
Hypervolume 1503.6294853198276
pypal at iteration 292.         45 Pareto optimal points,         3055 discarded points,         25 unclassified points.
Hypervolume 1503.6294853198276
pypal at iteration 293.         45 Pareto optimal points,         3056 discarded points,         24 unclassified points.
Hypervolume 1503.6294853198276
pypal at iteration 294.         45 Pareto optimal points,         3057 discarded points,         23 unclassified points.
Hypervolume 1503.6294853198276
pypal at iteration 295.         45 Pareto optimal points,         3058 discarded points,         22 unclassified points.
Hypervolume 1503.6294853198276
pypal at iteration 296.         45 Pareto optimal points,         3059 discarded points,         21 unclassified points.
Hypervolume 1503.6294853198276
pypal at iteration 297.         45 Pareto optimal points,         3060 discarded points,         20 unclassified points.
Hypervolume 1503.6294853198276
pypal at iteration 298.         45 Pareto optimal points,         3061 discarded points,         19 unclassified points.
Hypervolume 1503.6294853198276
pypal at iteration 299.         45 Pareto optimal points,         3062 discarded points,         18 unclassified points.
Hypervolume 1503.6294853198276
pypal at iteration 300.         45 Pareto optimal points,         3063 discarded points,         17 unclassified points.
Hypervolume 1503.6294853198276
Optimization restart 1/20, f = -1838.8219387782576
Optimization restart 2/20, f = -1833.2237606051635
Optimization restart 3/20, f = -1827.1506777575887
Optimization restart 4/20, f = -1828.6330047804315
Optimization restart 5/20, f = -1834.0274797993477
Optimization restart 6/20, f = -1833.6418949201857
Optimization restart 7/20, f = -1819.9703531723485
Optimization restart 8/20, f = -1808.2323583772547
Optimization restart 9/20, f = -1833.0559300581317
Optimization restart 10/20, f = -1837.8503558423222
Optimization restart 11/20, f = -1833.4326485433876
Optimization restart 12/20, f = -1835.015401960923
Optimization restart 13/20, f = -1832.395051051231
Optimization restart 14/20, f = -1824.6704635187061
Optimization restart 15/20, f = -1818.512158665972
Optimization restart 16/20, f = -1831.9460293727816
Optimization restart 17/20, f = -1833.349438097398
Optimization restart 18/20, f = -1824.053655633445
Optimization restart 19/20, f = -1829.3277049802425
Optimization restart 20/20, f = -1822.8462074462996
pypal at iteration 301.         45 Pareto optimal points,         3064 discarded points,         16 unclassified points.
Hypervolume 1503.6294853198276
pypal at iteration 302.         45 Pareto optimal points,         3065 discarded points,         15 unclassified points.
Hypervolume 1503.6294853198276
pypal at iteration 303.         45 Pareto optimal points,         3066 discarded points,         14 unclassified points.
Hypervolume 1503.6294853198276
pypal at iteration 304.         45 Pareto optimal points,         3067 discarded points,         13 unclassified points.
Hypervolume 1503.6294853198276
pypal at iteration 305.         45 Pareto optimal points,         3068 discarded points,         12 unclassified points.
Hypervolume 1503.6294853198276
pypal at iteration 306.         45 Pareto optimal points,         3069 discarded points,         11 unclassified points.
Hypervolume 1503.6294853198276
pypal at iteration 307.         45 Pareto optimal points,         3070 discarded points,         10 unclassified points.
Hypervolume 1503.6294853198276
pypal at iteration 308.         45 Pareto optimal points,         3071 discarded points,         9 unclassified points.
Hypervolume 1503.6294853198276
pypal at iteration 309.         45 Pareto optimal points,         3072 discarded points,         8 unclassified points.
Hypervolume 1503.6294853198276
pypal at iteration 310.         45 Pareto optimal points,         3073 discarded points,         7 unclassified points.
Hypervolume 1503.6294853198276
Optimization restart 1/20, f = -1891.3972101861518
Optimization restart 2/20, f = -1871.3557868185724
Optimization restart 3/20, f = -1886.912363111086
Optimization restart 4/20, f = -1879.5601529702587
Optimization restart 5/20, f = -1878.0477749686033
Optimization restart 6/20, f = -1883.6884289958311
Optimization restart 7/20, f = -1882.1105019725899
Optimization restart 8/20, f = -1886.2603811008385
Optimization restart 9/20, f = -1879.6073822942276
Optimization restart 10/20, f = -1886.6697318163128
Optimization restart 11/20, f = -1561.6552678241924
Optimization restart 12/20, f = -1883.995095443006
Optimization restart 13/20, f = -1872.1453298239446
Optimization restart 14/20, f = -1885.9487028133235
Optimization restart 15/20, f = -1875.6685426892725
Optimization restart 16/20, f = -1881.821092982003
Optimization restart 17/20, f = -1881.0762387951197
Optimization restart 18/20, f = -1884.0808941618147
Optimization restart 19/20, f = -1877.8530522158567
Optimization restart 20/20, f = -1884.4911768956968
pypal at iteration 311.         46 Pareto optimal points,         3075 discarded points,         4 unclassified points.
Hypervolume 1503.7402389940203
pypal at iteration 312.         46 Pareto optimal points,         3076 discarded points,         3 unclassified points.
Hypervolume 1503.7402389940203
pypal at iteration 313.         46 Pareto optimal points,         3077 discarded points,         2 unclassified points.
Hypervolume 1503.7402389940203
pypal at iteration 314.         46 Pareto optimal points,         3078 discarded points,         1 unclassified points.
Hypervolume 1503.7402389940203
Done. No unclassified point left
pypal at iteration 314.         46 Pareto optimal points,         3079 discarded points,         0 unclassified points.
Hypervolume 1503.7402389940203
