 /home/kjablonk/anaconda3/envs/dispersant_screener/lib/python3.7/site-packages/sklearn/utils/deprecation.py:143: FutureWarning:The sklearn.preprocessing.data module is  deprecated in version 0.22 and will be removed in version 0.24. The corresponding classes / functions should instead be imported from sklearn.preprocessing. Anything that cannot be imported from sklearn.preprocessing is now part of the private API.
 /home/kjablonk/programs/pypal/pypal/pal/validate_inputs.py:146: UserWarning:No goals provided,                 will assume that every dimension should be maximized
 /home/kjablonk/anaconda3/envs/dispersant_screener/lib/python3.7/site-packages/GPy/kern/src/stationary.py:166: RuntimeWarning:overflow encountered in true_divide
 /home/kjablonk/anaconda3/envs/dispersant_screener/lib/python3.7/site-packages/GPy/kern/src/stationary.py:137: RuntimeWarning:overflow encountered in square
 /home/kjablonk/anaconda3/envs/dispersant_screener/lib/python3.7/site-packages/GPy/kern/src/stationary.py:138: RuntimeWarning:invalid value encountered in add
 /home/kjablonk/anaconda3/envs/dispersant_screener/lib/python3.7/site-packages/GPy/kern/src/stationary.py:565: RuntimeWarning:invalid value encountered in multiply
 /home/kjablonk/anaconda3/envs/dispersant_screener/lib/python3.7/site-packages/GPy/kern/src/stationary.py:568: RuntimeWarning:invalid value encountered in subtract
 /home/kjablonk/anaconda3/envs/dispersant_screener/lib/python3.7/site-packages/paramz/transformations.py:111: RuntimeWarning:overflow encountered in expm1
 /home/kjablonk/anaconda3/envs/dispersant_screener/lib/python3.7/site-packages/GPy/kern/src/stationary.py:166: RuntimeWarning:overflow encountered in true_divide
 /home/kjablonk/anaconda3/envs/dispersant_screener/lib/python3.7/site-packages/GPy/kern/src/stationary.py:137: RuntimeWarning:overflow encountered in square
 /home/kjablonk/anaconda3/envs/dispersant_screener/lib/python3.7/site-packages/GPy/kern/src/stationary.py:138: RuntimeWarning:invalid value encountered in add
 /home/kjablonk/anaconda3/envs/dispersant_screener/lib/python3.7/site-packages/GPy/kern/src/stationary.py:565: RuntimeWarning:invalid value encountered in multiply
 /home/kjablonk/anaconda3/envs/dispersant_screener/lib/python3.7/site-packages/GPy/kern/src/stationary.py:568: RuntimeWarning:invalid value encountered in subtract
 /home/kjablonk/anaconda3/envs/dispersant_screener/lib/python3.7/site-packages/GPy/kern/src/stationary.py:243: RuntimeWarning:invalid value encountered in true_divide
 /home/kjablonk/anaconda3/envs/dispersant_screener/lib/python3.7/site-packages/GPy/kern/src/stationary.py:138: RuntimeWarning:overflow encountered in multiply
 /home/kjablonk/anaconda3/envs/dispersant_screener/lib/python3.7/site-packages/GPy/kern/src/stationary.py:138: RuntimeWarning:overflow encountered in add
 /home/kjablonk/anaconda3/envs/dispersant_screener/lib/python3.7/site-packages/GPy/kern/src/stationary.py:565: RuntimeWarning:overflow encountered in multiply
 /home/kjablonk/anaconda3/envs/dispersant_screener/lib/python3.7/site-packages/GPy/kern/src/stationary.py:568: RuntimeWarning:overflow encountered in multiply
 /home/kjablonk/anaconda3/envs/dispersant_screener/lib/python3.7/site-packages/GPy/kern/src/stationary.py:568: RuntimeWarning:invalid value encountered in multiply
 /home/kjablonk/anaconda3/envs/dispersant_screener/lib/python3.7/site-packages/numpy/core/_asarray.py:136: VisibleDeprecationWarning:Creating an ndarray from ragged nested sequences (which is a list-or-tuple of lists-or-tuples-or ndarrays with different lengths or shapes) is deprecated. If you meant to do this, you must specify 'dtype=object' when creating the ndarray
Maximum hypervolume 1536.0438526567837
STARTING PAL
Optimization restart 1/20, f = -430.6203224013987
Optimization restart 2/20, f = -432.5609206859291
Optimization restart 3/20, f = -430.30342518802644
Optimization restart 4/20, f = -432.34101196969607
Optimization restart 5/20, f = -432.12502503696896
Optimization restart 6/20, f = -428.45279279432856
Optimization restart 7/20, f = -432.67886239621697
Optimization restart 8/20, f = -432.16951039066885
Optimization restart 9/20, f = -426.7645728303985
Optimization restart 10/20, f = -431.3188847231306
Optimization restart 11/20, f = -433.20114761012934
Optimization restart 12/20, f = -432.67029209354297
Optimization restart 13/20, f = -428.6331846275476
Optimization restart 14/20, f = -430.5016245944486
Optimization restart 15/20, f = -431.53385841392435
Optimization restart 16/20, f = -431.61235176364943
Optimization restart 17/20, f = -431.5703016041869
Optimization restart 18/20, f = -398.66156043958415
Optimization restart 19/20, f = -384.2401651568994
Optimization restart 20/20, f = -431.89311251111087
pypal at iteration 1.         4 Pareto optimal points,         396 discarded points,         2725 unclassified points.
Hypervolume 771.1619205000709
pypal at iteration 2.         4 Pareto optimal points,         413 discarded points,         2708 unclassified points.
Hypervolume 771.1619205000709
pypal at iteration 3.         6 Pareto optimal points,         423 discarded points,         2696 unclassified points.
Hypervolume 1291.5400732369399
pypal at iteration 4.         6 Pareto optimal points,         424 discarded points,         2695 unclassified points.
Hypervolume 1291.5400732369399
pypal at iteration 5.         6 Pareto optimal points,         425 discarded points,         2694 unclassified points.
Hypervolume 1291.5400732369399
pypal at iteration 6.         6 Pareto optimal points,         426 discarded points,         2693 unclassified points.
Hypervolume 1291.5400732369399
pypal at iteration 7.         6 Pareto optimal points,         426 discarded points,         2693 unclassified points.
Hypervolume 1291.5400732369399
pypal at iteration 8.         6 Pareto optimal points,         427 discarded points,         2692 unclassified points.
Hypervolume 1291.5400732369399
pypal at iteration 9.         6 Pareto optimal points,         428 discarded points,         2691 unclassified points.
Hypervolume 1291.5400732369399
pypal at iteration 10.         6 Pareto optimal points,         429 discarded points,         2690 unclassified points.
Hypervolume 1291.5400732369399
Optimization restart 1/20, f = -546.9563216324748
Optimization restart 2/20, f = -544.4176268152421
Optimization restart 3/20, f = -546.5026333870911
Optimization restart 4/20, f = -543.6664653489928
Optimization restart 5/20, f = -545.1278042978448
Optimization restart 6/20, f = -543.4588249352557
Optimization restart 7/20, f = -545.3625242010576
Optimization restart 8/20, f = -545.6806682035178
Optimization restart 9/20, f = -540.9308388922075
Optimization restart 10/20, f = -544.0888603369876
Optimization restart 11/20, f = -543.8456256499334
Optimization restart 12/20, f = -539.083867852124
Optimization restart 13/20, f = -539.1315805232296
Optimization restart 14/20, f = -541.8290465493815
Optimization restart 15/20, f = -541.9791064358328
Optimization restart 16/20, f = -542.8338682224833
Optimization restart 17/20, f = -493.5616290278442
Optimization restart 18/20, f = -545.4234690717574
Optimization restart 19/20, f = -545.4827951301895
Optimization restart 20/20, f = -544.5296567830778
pypal at iteration 11.         6 Pareto optimal points,         490 discarded points,         2629 unclassified points.
Hypervolume 1291.5400732369399
pypal at iteration 12.         6 Pareto optimal points,         492 discarded points,         2627 unclassified points.
Hypervolume 1291.5400732369399
pypal at iteration 13.         6 Pareto optimal points,         506 discarded points,         2613 unclassified points.
Hypervolume 1291.5400732369399
pypal at iteration 14.         6 Pareto optimal points,         507 discarded points,         2612 unclassified points.
Hypervolume 1291.5400732369399
pypal at iteration 15.         6 Pareto optimal points,         508 discarded points,         2611 unclassified points.
Hypervolume 1291.5400732369399
pypal at iteration 16.         6 Pareto optimal points,         509 discarded points,         2610 unclassified points.
Hypervolume 1291.5400732369399
pypal at iteration 17.         6 Pareto optimal points,         511 discarded points,         2608 unclassified points.
Hypervolume 1291.5400732369399
pypal at iteration 18.         6 Pareto optimal points,         519 discarded points,         2600 unclassified points.
Hypervolume 1291.5400732369399
pypal at iteration 19.         6 Pareto optimal points,         560 discarded points,         2559 unclassified points.
Hypervolume 1291.5400732369399
pypal at iteration 20.         6 Pareto optimal points,         575 discarded points,         2544 unclassified points.
Hypervolume 1291.5400732369399
Optimization restart 1/20, f = -641.6489289887987
Optimization restart 2/20, f = -638.164396217066
Optimization restart 3/20, f = -635.7611795515294
Optimization restart 4/20, f = -632.5811702587552
Optimization restart 5/20, f = -636.738323900837
Optimization restart 6/20, f = -636.6396968307581
Optimization restart 7/20, f = -639.385421491119
Optimization restart 8/20, f = -637.910858466275
Optimization restart 9/20, f = -637.3379581698496
Optimization restart 10/20, f = -638.0692519792125
Optimization restart 11/20, f = -639.2538133722956
Optimization restart 12/20, f = -635.8138978218456
Optimization restart 13/20, f = -637.4585285614148
Optimization restart 14/20, f = -637.9143672995626
Optimization restart 15/20, f = -638.6789043463452
Optimization restart 16/20, f = -641.1608715326604
Optimization restart 17/20, f = -638.475460179072
Optimization restart 18/20, f = -636.9846260500267
Optimization restart 19/20, f = -637.0951476360405
Optimization restart 20/20, f = -631.7676740087282
pypal at iteration 21.         7 Pareto optimal points,         738 discarded points,         2380 unclassified points.
Hypervolume 1291.6046535137525
pypal at iteration 22.         7 Pareto optimal points,         746 discarded points,         2372 unclassified points.
Hypervolume 1291.6046535137525
pypal at iteration 23.         7 Pareto optimal points,         750 discarded points,         2368 unclassified points.
Hypervolume 1291.6046535137525
pypal at iteration 24.         7 Pareto optimal points,         764 discarded points,         2354 unclassified points.
Hypervolume 1291.6046535137525
pypal at iteration 25.         7 Pareto optimal points,         766 discarded points,         2352 unclassified points.
Hypervolume 1291.6046535137525
pypal at iteration 26.         8 Pareto optimal points,         767 discarded points,         2350 unclassified points.
Hypervolume 1308.800798552351
pypal at iteration 27.         9 Pareto optimal points,         791 discarded points,         2325 unclassified points.
Hypervolume 1339.0670217271745
pypal at iteration 28.         12 Pareto optimal points,         794 discarded points,         2319 unclassified points.
Hypervolume 1347.2329391242715
pypal at iteration 29.         12 Pareto optimal points,         796 discarded points,         2317 unclassified points.
Hypervolume 1347.2329391242715
pypal at iteration 30.         12 Pareto optimal points,         800 discarded points,         2313 unclassified points.
Hypervolume 1347.2329391242715
Optimization restart 1/20, f = -719.217753495227
Optimization restart 2/20, f = -707.7556737657201
Optimization restart 3/20, f = -716.332904999077
Optimization restart 4/20, f = -714.344590873297
Optimization restart 5/20, f = -716.5220045340684
Optimization restart 6/20, f = -714.0077380332386
Optimization restart 7/20, f = -712.9505463449786
Optimization restart 8/20, f = -711.9591873307415
Optimization restart 9/20, f = -595.8930830066445
Optimization restart 10/20, f = -710.8942875287929
Optimization restart 11/20, f = -716.1232333783639
Optimization restart 12/20, f = -712.6856785020359
Optimization restart 13/20, f = -712.3860728133691
Optimization restart 14/20, f = -713.9494290667665
Optimization restart 15/20, f = -715.8910553626408
Optimization restart 16/20, f = -668.8645150246614
Optimization restart 17/20, f = -709.1124724473416
Optimization restart 18/20, f = -715.4941082806921
Optimization restart 19/20, f = -714.1712550140692
Optimization restart 20/20, f = -714.3426298647336
pypal at iteration 31.         12 Pareto optimal points,         816 discarded points,         2297 unclassified points.
Hypervolume 1347.2329391242715
pypal at iteration 32.         12 Pareto optimal points,         817 discarded points,         2296 unclassified points.
Hypervolume 1347.2329391242715
pypal at iteration 33.         12 Pareto optimal points,         818 discarded points,         2295 unclassified points.
Hypervolume 1347.2329391242715
pypal at iteration 34.         12 Pareto optimal points,         819 discarded points,         2294 unclassified points.
Hypervolume 1347.2329391242715
pypal at iteration 35.         12 Pareto optimal points,         820 discarded points,         2293 unclassified points.
Hypervolume 1347.2329391242715
pypal at iteration 36.         12 Pareto optimal points,         821 discarded points,         2292 unclassified points.
Hypervolume 1347.2329391242715
pypal at iteration 37.         12 Pareto optimal points,         822 discarded points,         2291 unclassified points.
Hypervolume 1347.2329391242715
pypal at iteration 38.         12 Pareto optimal points,         824 discarded points,         2289 unclassified points.
Hypervolume 1347.2329391242715
pypal at iteration 39.         12 Pareto optimal points,         825 discarded points,         2288 unclassified points.
Hypervolume 1347.2329391242715
pypal at iteration 40.         12 Pareto optimal points,         826 discarded points,         2287 unclassified points.
Hypervolume 1347.2329391242715
Optimization restart 1/20, f = -795.4156246124483
Optimization restart 2/20, f = -795.6843546426848
Optimization restart 3/20, f = -790.9734504661844
Optimization restart 4/20, f = -792.7329377272735
Optimization restart 5/20, f = -789.4929834623018
Optimization restart 6/20, f = -791.5169340624094
Optimization restart 7/20, f = -793.4477790218923
Optimization restart 8/20, f = -795.0449101784202
Optimization restart 9/20, f = -789.491230817132
Optimization restart 10/20, f = -790.732116215282
Optimization restart 11/20, f = -788.8025653756386
Optimization restart 12/20, f = -793.8405279894722
Optimization restart 13/20, f = -790.9631379734907
Optimization restart 14/20, f = -792.6754954688846
Optimization restart 15/20, f = -791.6380015296413
Optimization restart 16/20, f = -772.1409089140781
Optimization restart 17/20, f = -793.3813549645661
Optimization restart 18/20, f = -792.0974600531996
Optimization restart 19/20, f = -787.3734183892661
Optimization restart 20/20, f = -789.8442167693403
pypal at iteration 41.         12 Pareto optimal points,         831 discarded points,         2282 unclassified points.
Hypervolume 1347.2329391242715
pypal at iteration 42.         12 Pareto optimal points,         833 discarded points,         2280 unclassified points.
Hypervolume 1347.2329391242715
pypal at iteration 43.         12 Pareto optimal points,         834 discarded points,         2279 unclassified points.
Hypervolume 1347.2329391242715
pypal at iteration 44.         12 Pareto optimal points,         844 discarded points,         2269 unclassified points.
Hypervolume 1347.2329391242715
pypal at iteration 45.         12 Pareto optimal points,         845 discarded points,         2268 unclassified points.
Hypervolume 1347.2329391242715
pypal at iteration 46.         12 Pareto optimal points,         864 discarded points,         2249 unclassified points.
Hypervolume 1347.2329391242715
pypal at iteration 47.         12 Pareto optimal points,         865 discarded points,         2248 unclassified points.
Hypervolume 1347.2329391242715
pypal at iteration 48.         13 Pareto optimal points,         881 discarded points,         2231 unclassified points.
Hypervolume 1366.2241309114893
pypal at iteration 49.         14 Pareto optimal points,         881 discarded points,         2230 unclassified points.
Hypervolume 1374.1876636404174
pypal at iteration 50.         16 Pareto optimal points,         881 discarded points,         2228 unclassified points.
Hypervolume 1375.5276674754398
Optimization restart 1/20, f = -860.8158203685254
Optimization restart 2/20, f = -856.4767301380355
Optimization restart 3/20, f = -855.6611716658764
Optimization restart 4/20, f = -825.4497255311151
Optimization restart 5/20, f = -855.2745567423572
Optimization restart 6/20, f = -851.5106938186011
Optimization restart 7/20, f = -748.3341869635465
Optimization restart 8/20, f = -851.0677721072292
Optimization restart 9/20, f = -859.994719604046
Optimization restart 10/20, f = -856.8481210052186
Optimization restart 11/20, f = -759.4334534215468
Optimization restart 12/20, f = -845.2684087366254
Optimization restart 13/20, f = -829.7522133314906
Optimization restart 14/20, f = -684.5733130312642
Optimization restart 15/20, f = -854.0318703480634
Optimization restart 16/20, f = -859.5707011433759
Optimization restart 17/20, f = -856.187461270352
Optimization restart 18/20, f = -855.7533600052485
Optimization restart 19/20, f = -852.9293192489488
Optimization restart 20/20, f = -855.6770157240597
pypal at iteration 51.         17 Pareto optimal points,         1622 discarded points,         1486 unclassified points.
Hypervolume 1417.0698459524447
pypal at iteration 52.         17 Pareto optimal points,         1623 discarded points,         1485 unclassified points.
Hypervolume 1417.0698459524447
pypal at iteration 53.         17 Pareto optimal points,         1624 discarded points,         1484 unclassified points.
Hypervolume 1417.0698459524447
pypal at iteration 54.         17 Pareto optimal points,         1625 discarded points,         1483 unclassified points.
Hypervolume 1417.0698459524447
pypal at iteration 55.         17 Pareto optimal points,         1648 discarded points,         1460 unclassified points.
Hypervolume 1417.0698459524447
pypal at iteration 56.         17 Pareto optimal points,         1649 discarded points,         1459 unclassified points.
Hypervolume 1417.0698459524447
pypal at iteration 57.         17 Pareto optimal points,         1650 discarded points,         1458 unclassified points.
Hypervolume 1417.0698459524447
pypal at iteration 58.         17 Pareto optimal points,         1651 discarded points,         1457 unclassified points.
Hypervolume 1417.0698459524447
pypal at iteration 59.         17 Pareto optimal points,         1652 discarded points,         1456 unclassified points.
Hypervolume 1417.0698459524447
pypal at iteration 60.         17 Pareto optimal points,         1653 discarded points,         1455 unclassified points.
Hypervolume 1417.0698459524447
Optimization restart 1/20, f = -935.300251997326
Optimization restart 2/20, f = -931.1903552401902
Optimization restart 3/20, f = -925.614207789275
Optimization restart 4/20, f = -930.433765350706
Optimization restart 5/20, f = -930.886578308065
Optimization restart 6/20, f = -930.4402413857676
Optimization restart 7/20, f = -925.5432677487465
Optimization restart 8/20, f = -929.5884485507579
Optimization restart 9/20, f = -931.2723595042056
Optimization restart 10/20, f = -930.924269110463
Optimization restart 11/20, f = -930.263440770306
Optimization restart 12/20, f = -930.4725853190498
Optimization restart 13/20, f = -931.2350405739519
Optimization restart 14/20, f = -930.8957306226292
Optimization restart 15/20, f = -933.2255631818074
Optimization restart 16/20, f = -929.158243403396
Optimization restart 17/20, f = -931.2333430494878
Optimization restart 18/20, f = -930.8831947321212
Optimization restart 19/20, f = -931.0782393230488
Optimization restart 20/20, f = -921.950371829229
pypal at iteration 61.         17 Pareto optimal points,         1656 discarded points,         1452 unclassified points.
Hypervolume 1417.0698459524447
pypal at iteration 62.         17 Pareto optimal points,         1657 discarded points,         1451 unclassified points.
Hypervolume 1417.0698459524447
pypal at iteration 63.         17 Pareto optimal points,         1665 discarded points,         1443 unclassified points.
Hypervolume 1417.0698459524447
pypal at iteration 64.         17 Pareto optimal points,         1666 discarded points,         1442 unclassified points.
Hypervolume 1417.0698459524447
pypal at iteration 65.         18 Pareto optimal points,         1761 discarded points,         1346 unclassified points.
Hypervolume 1427.6761097114681
pypal at iteration 66.         18 Pareto optimal points,         1762 discarded points,         1345 unclassified points.
Hypervolume 1427.6761097114681
pypal at iteration 67.         18 Pareto optimal points,         1763 discarded points,         1344 unclassified points.
Hypervolume 1427.6761097114681
pypal at iteration 68.         18 Pareto optimal points,         1764 discarded points,         1343 unclassified points.
Hypervolume 1427.6761097114681
pypal at iteration 69.         18 Pareto optimal points,         1765 discarded points,         1342 unclassified points.
Hypervolume 1427.6761097114681
pypal at iteration 70.         18 Pareto optimal points,         1768 discarded points,         1339 unclassified points.
Hypervolume 1427.6761097114681
Optimization restart 1/20, f = -1006.1069928626464
Optimization restart 2/20, f = -931.3776660463623
Optimization restart 3/20, f = -999.9426905712382
Optimization restart 4/20, f = -1000.3034116180343
Optimization restart 5/20, f = -1001.3533407582668
Optimization restart 6/20, f = -1001.3542002461254
Optimization restart 7/20, f = -1003.3432865002137
Optimization restart 8/20, f = -1002.1194925143715
Optimization restart 9/20, f = -1000.7901162793578
Optimization restart 10/20, f = -999.1299606907858
Optimization restart 11/20, f = -1001.1769657553203
Optimization restart 12/20, f = -999.590618800084
Optimization restart 13/20, f = -999.2166824135068
Optimization restart 14/20, f = -1000.5895792286137
Optimization restart 15/20, f = -1000.59694180898
Optimization restart 16/20, f = -1000.5686954122057
Optimization restart 17/20, f = -892.9406356616091
Optimization restart 18/20, f = -995.5327238036218
Optimization restart 19/20, f = -1002.5374944820624
Optimization restart 20/20, f = -1005.280887369523
pypal at iteration 71.         18 Pareto optimal points,         1771 discarded points,         1336 unclassified points.
Hypervolume 1427.6761097114681
pypal at iteration 72.         18 Pareto optimal points,         1771 discarded points,         1336 unclassified points.
Hypervolume 1427.6761097114681
pypal at iteration 73.         18 Pareto optimal points,         1772 discarded points,         1335 unclassified points.
Hypervolume 1427.6761097114681
pypal at iteration 74.         18 Pareto optimal points,         1773 discarded points,         1334 unclassified points.
Hypervolume 1427.6761097114681
pypal at iteration 75.         18 Pareto optimal points,         1774 discarded points,         1333 unclassified points.
Hypervolume 1427.6761097114681
pypal at iteration 76.         18 Pareto optimal points,         1775 discarded points,         1332 unclassified points.
Hypervolume 1427.6761097114681
pypal at iteration 77.         19 Pareto optimal points,         1777 discarded points,         1329 unclassified points.
Hypervolume 1448.7047163850061
pypal at iteration 78.         19 Pareto optimal points,         1778 discarded points,         1328 unclassified points.
Hypervolume 1448.7047163850061
pypal at iteration 79.         19 Pareto optimal points,         1778 discarded points,         1328 unclassified points.
Hypervolume 1448.7047163850061
pypal at iteration 80.         19 Pareto optimal points,         1782 discarded points,         1324 unclassified points.
Hypervolume 1448.7047163850061
Optimization restart 1/20, f = -1068.4327861697589
Optimization restart 2/20, f = -1064.7285237533988
Optimization restart 3/20, f = -927.5935133574736
Optimization restart 4/20, f = -1066.5216352091165
Optimization restart 5/20, f = -1063.218906954685
Optimization restart 6/20, f = -1048.4518802609523
Optimization restart 7/20, f = -1064.0251909568249
Optimization restart 8/20, f = -1066.121756250918
Optimization restart 9/20, f = -1060.4149241386408
Optimization restart 10/20, f = -1060.880071034726
Optimization restart 11/20, f = -1063.6451045641038
Optimization restart 12/20, f = -1063.6597233908603
Optimization restart 13/20, f = -1065.8494423522645
Optimization restart 14/20, f = -1059.1371525794298
Optimization restart 15/20, f = -1061.8241274874415
Optimization restart 16/20, f = -893.6362334546046
Optimization restart 17/20, f = -1067.5369116032377
Optimization restart 18/20, f = -1063.5410725605311
Optimization restart 19/20, f = -1062.8979418856934
Optimization restart 20/20, f = -1024.055553135864
pypal at iteration 81.         19 Pareto optimal points,         1783 discarded points,         1323 unclassified points.
Hypervolume 1448.7047163850061
pypal at iteration 82.         19 Pareto optimal points,         1785 discarded points,         1321 unclassified points.
Hypervolume 1448.7047163850061
pypal at iteration 83.         19 Pareto optimal points,         1786 discarded points,         1320 unclassified points.
Hypervolume 1448.7047163850061
pypal at iteration 84.         19 Pareto optimal points,         1786 discarded points,         1320 unclassified points.
Hypervolume 1448.7047163850061
pypal at iteration 85.         19 Pareto optimal points,         1787 discarded points,         1319 unclassified points.
Hypervolume 1448.7047163850061
pypal at iteration 86.         19 Pareto optimal points,         1788 discarded points,         1318 unclassified points.
Hypervolume 1448.7047163850061
pypal at iteration 87.         19 Pareto optimal points,         1789 discarded points,         1317 unclassified points.
Hypervolume 1448.7047163850061
pypal at iteration 88.         19 Pareto optimal points,         1790 discarded points,         1316 unclassified points.
Hypervolume 1448.7047163850061
pypal at iteration 89.         19 Pareto optimal points,         1791 discarded points,         1315 unclassified points.
Hypervolume 1448.7047163850061
pypal at iteration 90.         19 Pareto optimal points,         1792 discarded points,         1314 unclassified points.
Hypervolume 1448.7047163850061
Optimization restart 1/20, f = -1129.9709292509842
Optimization restart 2/20, f = -1120.7561799170064
Optimization restart 3/20, f = -1124.723891056487
Optimization restart 4/20, f = -1129.2014257074238
Optimization restart 5/20, f = -1121.9521476563716
Optimization restart 6/20, f = -1124.6247136139684
Optimization restart 7/20, f = -1125.1004646751435
Optimization restart 8/20, f = -1115.1867029553464
Optimization restart 9/20, f = -1124.849159913513
Optimization restart 10/20, f = -1075.2176278269371
Optimization restart 11/20, f = -1125.3882123502203
Optimization restart 12/20, f = -1123.0702753614878
Optimization restart 13/20, f = -1120.6465293263736
Optimization restart 14/20, f = -1099.528011139154
Optimization restart 15/20, f = -1129.4445127059705
Optimization restart 16/20, f = -1124.0955289558729
Optimization restart 17/20, f = -1127.106969381419
Optimization restart 18/20, f = -1122.5893935103597
Optimization restart 19/20, f = -1118.7916482294982
Optimization restart 20/20, f = -1127.746247398257
pypal at iteration 91.         19 Pareto optimal points,         1792 discarded points,         1314 unclassified points.
Hypervolume 1448.7047163850061
pypal at iteration 92.         19 Pareto optimal points,         1793 discarded points,         1313 unclassified points.
Hypervolume 1448.7047163850061
pypal at iteration 93.         19 Pareto optimal points,         1794 discarded points,         1312 unclassified points.
Hypervolume 1448.7047163850061
pypal at iteration 94.         19 Pareto optimal points,         1801 discarded points,         1305 unclassified points.
Hypervolume 1448.7047163850061
pypal at iteration 95.         19 Pareto optimal points,         1801 discarded points,         1305 unclassified points.
Hypervolume 1448.7047163850061
pypal at iteration 96.         19 Pareto optimal points,         1802 discarded points,         1304 unclassified points.
Hypervolume 1448.7047163850061
pypal at iteration 97.         19 Pareto optimal points,         1803 discarded points,         1303 unclassified points.
Hypervolume 1448.7047163850061
pypal at iteration 98.         19 Pareto optimal points,         1803 discarded points,         1303 unclassified points.
Hypervolume 1448.7047163850061
pypal at iteration 99.         19 Pareto optimal points,         1833 discarded points,         1273 unclassified points.
Hypervolume 1448.7047163850061
pypal at iteration 100.         19 Pareto optimal points,         1834 discarded points,         1272 unclassified points.
Hypervolume 1448.7047163850061
Optimization restart 1/20, f = -1193.177041614715
Optimization restart 2/20, f = -1178.6929783674823
Optimization restart 3/20, f = -1155.3643149359154
Optimization restart 4/20, f = -1179.066825293056
Optimization restart 5/20, f = -1188.039680337808
Optimization restart 6/20, f = -1191.6490674291426
Optimization restart 7/20, f = -1190.0633853223385
Optimization restart 8/20, f = -1180.6219338329772
Optimization restart 9/20, f = -1185.304763546279
Optimization restart 10/20, f = -1187.9980197311138
Optimization restart 11/20, f = -1179.8656129141564
Optimization restart 12/20, f = -1187.8931993934232
Optimization restart 13/20, f = -1188.273030825785
Optimization restart 14/20, f = -1186.537053574279
Optimization restart 15/20, f = -1188.0266031884855
Optimization restart 16/20, f = -1187.7702136657626
Optimization restart 17/20, f = -1046.739864559688
Optimization restart 18/20, f = -1183.4525247302377
Optimization restart 19/20, f = -1186.2995439456063
Optimization restart 20/20, f = -1032.6285183778673
pypal at iteration 101.         19 Pareto optimal points,         1835 discarded points,         1271 unclassified points.
Hypervolume 1448.7047163850061
pypal at iteration 102.         19 Pareto optimal points,         1836 discarded points,         1270 unclassified points.
Hypervolume 1448.7047163850061
pypal at iteration 103.         19 Pareto optimal points,         1865 discarded points,         1241 unclassified points.
Hypervolume 1448.7047163850061
pypal at iteration 104.         19 Pareto optimal points,         1865 discarded points,         1241 unclassified points.
Hypervolume 1448.7047163850061
pypal at iteration 105.         19 Pareto optimal points,         1866 discarded points,         1240 unclassified points.
Hypervolume 1448.7047163850061
pypal at iteration 106.         19 Pareto optimal points,         1867 discarded points,         1239 unclassified points.
Hypervolume 1448.7047163850061
pypal at iteration 107.         19 Pareto optimal points,         1868 discarded points,         1238 unclassified points.
Hypervolume 1448.7047163850061
pypal at iteration 108.         19 Pareto optimal points,         1869 discarded points,         1237 unclassified points.
Hypervolume 1448.7047163850061
pypal at iteration 109.         19 Pareto optimal points,         1870 discarded points,         1236 unclassified points.
Hypervolume 1448.7047163850061
pypal at iteration 110.         19 Pareto optimal points,         1870 discarded points,         1236 unclassified points.
Hypervolume 1448.7047163850061
Optimization restart 1/20, f = -1249.0052146366265
Optimization restart 2/20, f = -1239.6830430020027
Optimization restart 3/20, f = -1238.1659922497859
Optimization restart 4/20, f = -1243.3865321869116
Optimization restart 5/20, f = -1244.7505871232715
Optimization restart 6/20, f = -1216.9878744623788
Optimization restart 7/20, f = -1146.262723786749
Optimization restart 8/20, f = -1244.8202021471711
Optimization restart 9/20, f = -1243.681676573556
Optimization restart 10/20, f = -1244.1742586028745
Optimization restart 11/20, f = -1245.7705756746354
Optimization restart 12/20, f = -1244.1805262482922
Optimization restart 13/20, f = -1238.848175908558
Optimization restart 14/20, f = -1223.7432095222337
Optimization restart 15/20, f = -1241.461108401557
Optimization restart 16/20, f = -1244.4003848391349
Optimization restart 17/20, f = -1244.3429707322834
Optimization restart 18/20, f = -1234.5652011277498
Optimization restart 19/20, f = -1244.0991346126239
Optimization restart 20/20, f = -1244.2448115864827
pypal at iteration 111.         19 Pareto optimal points,         1871 discarded points,         1235 unclassified points.
Hypervolume 1448.7047163850061
pypal at iteration 112.         19 Pareto optimal points,         1872 discarded points,         1234 unclassified points.
Hypervolume 1448.7047163850061
pypal at iteration 113.         19 Pareto optimal points,         1873 discarded points,         1233 unclassified points.
Hypervolume 1448.7047163850061
pypal at iteration 114.         19 Pareto optimal points,         1874 discarded points,         1232 unclassified points.
Hypervolume 1448.7047163850061
pypal at iteration 115.         19 Pareto optimal points,         1877 discarded points,         1229 unclassified points.
Hypervolume 1448.7047163850061
pypal at iteration 116.         19 Pareto optimal points,         1878 discarded points,         1228 unclassified points.
Hypervolume 1448.7047163850061
pypal at iteration 117.         19 Pareto optimal points,         1878 discarded points,         1228 unclassified points.
Hypervolume 1448.7047163850061
pypal at iteration 118.         19 Pareto optimal points,         1879 discarded points,         1227 unclassified points.
Hypervolume 1448.7047163850061
pypal at iteration 119.         19 Pareto optimal points,         1880 discarded points,         1226 unclassified points.
Hypervolume 1448.7047163850061
pypal at iteration 120.         19 Pareto optimal points,         1881 discarded points,         1225 unclassified points.
Hypervolume 1448.7047163850061
Optimization restart 1/20, f = -1303.6676285452543
Optimization restart 2/20, f = -1300.333813630643
Optimization restart 3/20, f = -1298.9457910398555
Optimization restart 4/20, f = -1297.0739222607008
Optimization restart 5/20, f = -1300.238481587866
Optimization restart 6/20, f = -1298.9161645613422
Optimization restart 7/20, f = -1298.1109558593137
Optimization restart 8/20, f = -1158.5809646239798
Optimization restart 9/20, f = -1294.1444924936868
Optimization restart 10/20, f = -1271.6718207804356
Optimization restart 11/20, f = -1299.737574328085
Optimization restart 12/20, f = -1300.8967663572548
Optimization restart 13/20, f = -1300.3641318285343
Optimization restart 14/20, f = -1291.3694152223375
Optimization restart 15/20, f = -1286.491365329477
Optimization restart 16/20, f = -1294.7100082777265
Optimization restart 17/20, f = -1290.2989357885754
Optimization restart 18/20, f = -1289.1553353274157
Optimization restart 19/20, f = -1297.718643010595
Optimization restart 20/20, f = -1300.445034441556
pypal at iteration 121.         19 Pareto optimal points,         1883 discarded points,         1223 unclassified points.
Hypervolume 1448.7047163850061
pypal at iteration 122.         19 Pareto optimal points,         1884 discarded points,         1222 unclassified points.
Hypervolume 1448.7047163850061
pypal at iteration 123.         19 Pareto optimal points,         1885 discarded points,         1221 unclassified points.
Hypervolume 1448.7047163850061
pypal at iteration 124.         19 Pareto optimal points,         1886 discarded points,         1220 unclassified points.
Hypervolume 1448.7047163850061
pypal at iteration 125.         19 Pareto optimal points,         1887 discarded points,         1219 unclassified points.
Hypervolume 1448.7047163850061
pypal at iteration 126.         19 Pareto optimal points,         1888 discarded points,         1218 unclassified points.
Hypervolume 1448.7047163850061
pypal at iteration 127.         19 Pareto optimal points,         1889 discarded points,         1217 unclassified points.
Hypervolume 1448.7047163850061
pypal at iteration 128.         19 Pareto optimal points,         1890 discarded points,         1216 unclassified points.
Hypervolume 1448.7047163850061
pypal at iteration 129.         19 Pareto optimal points,         1891 discarded points,         1215 unclassified points.
Hypervolume 1448.7047163850061
pypal at iteration 130.         19 Pareto optimal points,         1893 discarded points,         1213 unclassified points.
Hypervolume 1448.7047163850061
Optimization restart 1/20, f = -1357.733672695756
Optimization restart 2/20, f = -1350.272486866874
Optimization restart 3/20, f = -1355.0443840392338
Optimization restart 4/20, f = -1329.9065143639345
Optimization restart 5/20, f = -1216.4132511937164
Optimization restart 6/20, f = -1354.052628666022
Optimization restart 7/20, f = -1355.3608682254298
Optimization restart 8/20, f = -1354.009029299233
Optimization restart 9/20, f = -1338.3827531873746
Optimization restart 10/20, f = -1347.6731173269623
Optimization restart 11/20, f = -1354.0825280169274
Optimization restart 12/20, f = -1348.3712579037024
Optimization restart 13/20, f = -1354.8721000087342
Optimization restart 14/20, f = -1195.0889515752947
Optimization restart 15/20, f = -1337.5982676700733
Optimization restart 16/20, f = -1356.6488198550944
Optimization restart 17/20, f = -1353.137278851782
Optimization restart 18/20, f = -1355.4389536854144
Optimization restart 19/20, f = -1346.6613347857353
Optimization restart 20/20, f = -1349.3453160350548
pypal at iteration 131.         19 Pareto optimal points,         1894 discarded points,         1212 unclassified points.
Hypervolume 1448.7047163850061
pypal at iteration 132.         19 Pareto optimal points,         1895 discarded points,         1211 unclassified points.
Hypervolume 1448.7047163850061
pypal at iteration 133.         19 Pareto optimal points,         1896 discarded points,         1210 unclassified points.
Hypervolume 1448.7047163850061
pypal at iteration 134.         19 Pareto optimal points,         1897 discarded points,         1209 unclassified points.
Hypervolume 1448.7047163850061
pypal at iteration 135.         19 Pareto optimal points,         1898 discarded points,         1208 unclassified points.
Hypervolume 1448.7047163850061
pypal at iteration 136.         19 Pareto optimal points,         1899 discarded points,         1207 unclassified points.
Hypervolume 1448.7047163850061
pypal at iteration 137.         19 Pareto optimal points,         1900 discarded points,         1206 unclassified points.
Hypervolume 1448.7047163850061
pypal at iteration 138.         19 Pareto optimal points,         1901 discarded points,         1205 unclassified points.
Hypervolume 1448.7047163850061
pypal at iteration 139.         19 Pareto optimal points,         1902 discarded points,         1204 unclassified points.
Hypervolume 1448.7047163850061
pypal at iteration 140.         20 Pareto optimal points,         2277 discarded points,         828 unclassified points.
Hypervolume 1464.6299772226919
Optimization restart 1/20, f = -1418.6616051220985
Optimization restart 2/20, f = -1411.8383589566804
Optimization restart 3/20, f = -1412.0327601819426
Optimization restart 4/20, f = -1413.050413800344
Optimization restart 5/20, f = -1396.5259624523515
Optimization restart 6/20, f = -1411.5393582775978
Optimization restart 7/20, f = -1399.0179819103078
Optimization restart 8/20, f = -1415.6491615875757
Optimization restart 9/20, f = -1411.6725526499777
Optimization restart 10/20, f = -1414.6895174186038
Optimization restart 11/20, f = -1410.0991357702414
Optimization restart 12/20, f = -1407.0530022492794
Optimization restart 13/20, f = -1413.378007011972
Optimization restart 14/20, f = -1412.968694795484
Optimization restart 15/20, f = -1408.1823125419157
Optimization restart 16/20, f = -1413.1931375106576
Optimization restart 17/20, f = -1410.955540349094
Optimization restart 18/20, f = -1409.1914381277415
Optimization restart 19/20, f = -1408.978593691648
Optimization restart 20/20, f = -1408.1583617612873
pypal at iteration 141.         21 Pareto optimal points,         2326 discarded points,         778 unclassified points.
Hypervolume 1466.392313488197
pypal at iteration 142.         22 Pareto optimal points,         2326 discarded points,         777 unclassified points.
Hypervolume 1466.5730149843844
pypal at iteration 143.         23 Pareto optimal points,         2329 discarded points,         773 unclassified points.
Hypervolume 1466.7932571595502
pypal at iteration 144.         23 Pareto optimal points,         2329 discarded points,         773 unclassified points.
Hypervolume 1466.7932571595502
pypal at iteration 145.         23 Pareto optimal points,         2329 discarded points,         773 unclassified points.
Hypervolume 1466.7932571595502
pypal at iteration 146.         23 Pareto optimal points,         2331 discarded points,         771 unclassified points.
Hypervolume 1466.7932571595502
pypal at iteration 147.         23 Pareto optimal points,         2332 discarded points,         770 unclassified points.
Hypervolume 1466.7932571595502
pypal at iteration 148.         23 Pareto optimal points,         2333 discarded points,         769 unclassified points.
Hypervolume 1466.7932571595502
pypal at iteration 149.         23 Pareto optimal points,         2335 discarded points,         767 unclassified points.
Hypervolume 1466.7932571595502
pypal at iteration 150.         24 Pareto optimal points,         2349 discarded points,         752 unclassified points.
Hypervolume 1470.6725675804207
Optimization restart 1/20, f = -1485.7347121338955
Optimization restart 2/20, f = -1480.9381808563928
Optimization restart 3/20, f = -1483.0234615683105
Optimization restart 4/20, f = -1477.814914165407
Optimization restart 5/20, f = -1472.461145563163
Optimization restart 6/20, f = -1479.6247166144758
Optimization restart 7/20, f = -1471.1416728601262
Optimization restart 8/20, f = -1483.588910494546
Optimization restart 9/20, f = -1484.1473254122595
Optimization restart 10/20, f = -1483.153144472661
Optimization restart 11/20, f = -1481.471854885907
Optimization restart 12/20, f = -1481.1981268101063
Optimization restart 13/20, f = -1484.6053313603165
Optimization restart 14/20, f = -1477.4699406066652
Optimization restart 15/20, f = -1476.6461114203132
Optimization restart 16/20, f = -1482.4750154998173
Optimization restart 17/20, f = -1483.7980820252815
Optimization restart 18/20, f = -1481.561537436563
Optimization restart 19/20, f = -1479.5003051508738
Optimization restart 20/20, f = -1481.7865171806052
pypal at iteration 151.         24 Pareto optimal points,         2352 discarded points,         749 unclassified points.
Hypervolume 1470.6725675804207
pypal at iteration 152.         24 Pareto optimal points,         2353 discarded points,         748 unclassified points.
Hypervolume 1470.6725675804207
pypal at iteration 153.         24 Pareto optimal points,         2354 discarded points,         747 unclassified points.
Hypervolume 1470.6725675804207
pypal at iteration 154.         24 Pareto optimal points,         2355 discarded points,         746 unclassified points.
Hypervolume 1470.6725675804207
pypal at iteration 155.         24 Pareto optimal points,         2356 discarded points,         745 unclassified points.
Hypervolume 1470.6725675804207
pypal at iteration 156.         24 Pareto optimal points,         2357 discarded points,         744 unclassified points.
Hypervolume 1470.6725675804207
pypal at iteration 157.         24 Pareto optimal points,         2358 discarded points,         743 unclassified points.
Hypervolume 1470.6725675804207
pypal at iteration 158.         24 Pareto optimal points,         2359 discarded points,         742 unclassified points.
Hypervolume 1470.6725675804207
pypal at iteration 159.         24 Pareto optimal points,         2360 discarded points,         741 unclassified points.
Hypervolume 1470.6725675804207
pypal at iteration 160.         24 Pareto optimal points,         2361 discarded points,         740 unclassified points.
Hypervolume 1470.6725675804207
Optimization restart 1/20, f = -1544.1974892543954
Optimization restart 2/20, f = -1539.4785389691483
Optimization restart 3/20, f = -1535.9264120935254
Optimization restart 4/20, f = -1535.1187030318456
Optimization restart 5/20, f = -1396.981162186285
Optimization restart 6/20, f = -1539.6825640732386
Optimization restart 7/20, f = -1540.5943022378663
Optimization restart 8/20, f = -1514.4571149293024
Optimization restart 9/20, f = -1540.0912870049688
Optimization restart 10/20, f = -1541.4734456407687
Optimization restart 11/20, f = -1534.2107408340091
Optimization restart 12/20, f = -1541.3881811169626
Optimization restart 13/20, f = -1401.9464139531376
Optimization restart 14/20, f = -1528.0356222867479
Optimization restart 15/20, f = -1536.577999532406
Optimization restart 16/20, f = -1537.0252395185653
Optimization restart 17/20, f = -1523.2051845893347
Optimization restart 18/20, f = -1530.3316284006655
Optimization restart 19/20, f = -1528.08073764872
Optimization restart 20/20, f = -1540.8992946244111
pypal at iteration 161.         24 Pareto optimal points,         2362 discarded points,         739 unclassified points.
Hypervolume 1470.6725675804207
pypal at iteration 162.         24 Pareto optimal points,         2363 discarded points,         738 unclassified points.
Hypervolume 1470.6725675804207
pypal at iteration 163.         24 Pareto optimal points,         2364 discarded points,         737 unclassified points.
Hypervolume 1470.6725675804207
pypal at iteration 164.         24 Pareto optimal points,         2365 discarded points,         736 unclassified points.
Hypervolume 1470.6725675804207
pypal at iteration 165.         24 Pareto optimal points,         2366 discarded points,         735 unclassified points.
Hypervolume 1470.6725675804207
pypal at iteration 166.         24 Pareto optimal points,         2367 discarded points,         734 unclassified points.
Hypervolume 1470.6725675804207
pypal at iteration 167.         24 Pareto optimal points,         2371 discarded points,         730 unclassified points.
Hypervolume 1470.6725675804207
pypal at iteration 168.         24 Pareto optimal points,         2371 discarded points,         730 unclassified points.
Hypervolume 1470.6725675804207
pypal at iteration 169.         24 Pareto optimal points,         2372 discarded points,         729 unclassified points.
Hypervolume 1470.6725675804207
pypal at iteration 170.         24 Pareto optimal points,         2373 discarded points,         728 unclassified points.
Hypervolume 1470.6725675804207
Optimization restart 1/20, f = -1603.260444446058
Optimization restart 2/20, f = -1586.0424367389323
Optimization restart 3/20, f = -1598.07504862616
Optimization restart 4/20, f = -1594.7288175356093
Optimization restart 5/20, f = -1600.9673420323415
Optimization restart 6/20, f = -1580.6248100098899
Optimization restart 7/20, f = -1599.001867156659
Optimization restart 8/20, f = -1522.0697514955468
Optimization restart 9/20, f = -1598.3556476868753
Optimization restart 10/20, f = -1593.0235171359805
Optimization restart 11/20, f = -1599.7399396416113
Optimization restart 12/20, f = -1597.1058323263442
Optimization restart 13/20, f = -1590.7853818020512
Optimization restart 14/20, f = -1585.705605744098
Optimization restart 15/20, f = -1581.5185309222527
Optimization restart 16/20, f = -1599.3847752812703
Optimization restart 17/20, f = -1599.9307495874627
Optimization restart 18/20, f = -1588.7660925496193
Optimization restart 19/20, f = -1597.614174788564
Optimization restart 20/20, f = -1543.9575523375515
pypal at iteration 171.         24 Pareto optimal points,         2374 discarded points,         727 unclassified points.
Hypervolume 1470.6725675804207
pypal at iteration 172.         24 Pareto optimal points,         2375 discarded points,         726 unclassified points.
Hypervolume 1470.6725675804207
pypal at iteration 173.         24 Pareto optimal points,         2376 discarded points,         725 unclassified points.
Hypervolume 1470.6725675804207
pypal at iteration 174.         24 Pareto optimal points,         2377 discarded points,         724 unclassified points.
Hypervolume 1470.6725675804207
pypal at iteration 175.         24 Pareto optimal points,         2378 discarded points,         723 unclassified points.
Hypervolume 1470.6725675804207
pypal at iteration 176.         24 Pareto optimal points,         2379 discarded points,         722 unclassified points.
Hypervolume 1470.6725675804207
pypal at iteration 177.         24 Pareto optimal points,         2380 discarded points,         721 unclassified points.
Hypervolume 1470.6725675804207
pypal at iteration 178.         25 Pareto optimal points,         2427 discarded points,         673 unclassified points.
Hypervolume 1471.8234737927864
pypal at iteration 179.         25 Pareto optimal points,         2428 discarded points,         672 unclassified points.
Hypervolume 1471.8234737927864
pypal at iteration 180.         25 Pareto optimal points,         2476 discarded points,         624 unclassified points.
Hypervolume 1471.8234737927864
Optimization restart 1/20, f = -1653.467225961676
Optimization restart 2/20, f = -1650.3650109993428
Optimization restart 3/20, f = -1640.4082749809552
Optimization restart 4/20, f = -1650.135857009362
Optimization restart 5/20, f = -1642.6140463719703
Optimization restart 6/20, f = -1638.8787681113408
Optimization restart 7/20, f = -1464.1532602982063
Optimization restart 8/20, f = -1645.7214149913884
Optimization restart 9/20, f = -1650.4138033280187
Optimization restart 10/20, f = -1645.1079021960586
Optimization restart 11/20, f = -1649.012379265102
Optimization restart 12/20, f = -1648.393083170964
Optimization restart 13/20, f = -1650.0728593311178
Optimization restart 14/20, f = -1644.7327968452255
Optimization restart 15/20, f = -1643.5945803911113
Optimization restart 16/20, f = -1641.0637728845752
Optimization restart 17/20, f = -1550.3724224779849
Optimization restart 18/20, f = -1644.484167168713
Optimization restart 19/20, f = -1514.6831770548608
Optimization restart 20/20, f = -1635.4076676669038
pypal at iteration 181.         25 Pareto optimal points,         2477 discarded points,         623 unclassified points.
Hypervolume 1471.8234737927864
pypal at iteration 182.         25 Pareto optimal points,         2478 discarded points,         622 unclassified points.
Hypervolume 1471.8234737927864
pypal at iteration 183.         25 Pareto optimal points,         2479 discarded points,         621 unclassified points.
Hypervolume 1471.8234737927864
pypal at iteration 184.         25 Pareto optimal points,         2483 discarded points,         617 unclassified points.
Hypervolume 1471.8234737927864
pypal at iteration 185.         25 Pareto optimal points,         2484 discarded points,         616 unclassified points.
Hypervolume 1471.8234737927864
pypal at iteration 186.         25 Pareto optimal points,         2485 discarded points,         615 unclassified points.
Hypervolume 1471.8234737927864
pypal at iteration 187.         25 Pareto optimal points,         2486 discarded points,         614 unclassified points.
Hypervolume 1471.8234737927864
pypal at iteration 188.         25 Pareto optimal points,         2487 discarded points,         613 unclassified points.
Hypervolume 1471.8234737927864
pypal at iteration 189.         26 Pareto optimal points,         2573 discarded points,         526 unclassified points.
Hypervolume 1474.6338799105
pypal at iteration 190.         26 Pareto optimal points,         2575 discarded points,         524 unclassified points.
Hypervolume 1474.6338799105
Optimization restart 1/20, f = -1695.5666684886419
Optimization restart 2/20, f = -1686.984740526906
Optimization restart 3/20, f = -1682.9224519864538
Optimization restart 4/20, f = -1690.742906043893
Optimization restart 5/20, f = -1680.3436430444335
Optimization restart 6/20, f = -1690.604458730163
Optimization restart 7/20, f = -1690.341034418994
Optimization restart 8/20, f = -1692.512552333691
Optimization restart 9/20, f = -1693.2808790959602
Optimization restart 10/20, f = -1693.593151263776
Optimization restart 11/20, f = -1675.913439090495
Optimization restart 12/20, f = -1672.9073173328638
Optimization restart 13/20, f = -1691.7524085218843
Optimization restart 14/20, f = -1625.155275804149
Optimization restart 15/20, f = -1686.8582397303628
Optimization restart 16/20, f = -1693.3723139993162
Optimization restart 17/20, f = -1681.0358145788446
Optimization restart 18/20, f = -1687.5379256222775
Optimization restart 19/20, f = -1683.019483098999
Optimization restart 20/20, f = -1654.1111443760983
pypal at iteration 191.         26 Pareto optimal points,         2576 discarded points,         523 unclassified points.
Hypervolume 1474.6338799105
pypal at iteration 192.         26 Pareto optimal points,         2577 discarded points,         522 unclassified points.
Hypervolume 1474.6338799105
pypal at iteration 193.         26 Pareto optimal points,         2578 discarded points,         521 unclassified points.
Hypervolume 1474.6338799105
pypal at iteration 194.         26 Pareto optimal points,         2579 discarded points,         520 unclassified points.
Hypervolume 1474.6338799105
pypal at iteration 195.         26 Pareto optimal points,         2580 discarded points,         519 unclassified points.
Hypervolume 1474.6338799105
pypal at iteration 196.         26 Pareto optimal points,         2581 discarded points,         518 unclassified points.
Hypervolume 1474.6338799105
pypal at iteration 197.         26 Pareto optimal points,         2582 discarded points,         517 unclassified points.
Hypervolume 1474.6338799105
pypal at iteration 198.         26 Pareto optimal points,         2583 discarded points,         516 unclassified points.
Hypervolume 1474.6338799105
pypal at iteration 199.         26 Pareto optimal points,         2606 discarded points,         493 unclassified points.
Hypervolume 1474.6338799105
pypal at iteration 200.         26 Pareto optimal points,         2607 discarded points,         492 unclassified points.
Hypervolume 1474.6338799105
Optimization restart 1/20, f = -1752.4437525829592
Optimization restart 2/20, f = -1730.8166184904135
Optimization restart 3/20, f = -1742.9895505843988
Optimization restart 4/20, f = -1745.0091211607357
Optimization restart 5/20, f = -1741.453810228978
Optimization restart 6/20, f = -1749.7122557014934
Optimization restart 7/20, f = -1749.2286422437278
Optimization restart 8/20, f = -1748.1203787925672
Optimization restart 9/20, f = -1745.06198035596
Optimization restart 10/20, f = -1750.384592755577
Optimization restart 11/20, f = -1748.6363767070652
Optimization restart 12/20, f = -1748.091936619443
Optimization restart 13/20, f = -1738.6572424404826
Optimization restart 14/20, f = -1745.8543227397663
Optimization restart 15/20, f = -1748.6901238610494
Optimization restart 16/20, f = -1737.0472375261775
Optimization restart 17/20, f = -1717.0239686164173
Optimization restart 18/20, f = -1748.255640329523
Optimization restart 19/20, f = -1748.571543413239
Optimization restart 20/20, f = -1749.4549780666582
pypal at iteration 201.         26 Pareto optimal points,         2608 discarded points,         491 unclassified points.
Hypervolume 1474.6338799105
pypal at iteration 202.         26 Pareto optimal points,         2609 discarded points,         490 unclassified points.
Hypervolume 1474.6338799105
pypal at iteration 203.         26 Pareto optimal points,         2610 discarded points,         489 unclassified points.
Hypervolume 1474.6338799105
pypal at iteration 204.         26 Pareto optimal points,         2611 discarded points,         488 unclassified points.
Hypervolume 1474.6338799105
pypal at iteration 205.         26 Pareto optimal points,         2612 discarded points,         487 unclassified points.
Hypervolume 1474.6338799105
pypal at iteration 206.         26 Pareto optimal points,         2613 discarded points,         486 unclassified points.
Hypervolume 1474.6338799105
pypal at iteration 207.         26 Pareto optimal points,         2614 discarded points,         485 unclassified points.
Hypervolume 1474.6338799105
pypal at iteration 208.         26 Pareto optimal points,         2614 discarded points,         485 unclassified points.
Hypervolume 1474.6338799105
pypal at iteration 209.         26 Pareto optimal points,         2615 discarded points,         484 unclassified points.
Hypervolume 1474.6338799105
pypal at iteration 210.         26 Pareto optimal points,         2616 discarded points,         483 unclassified points.
Hypervolume 1474.6338799105
Optimization restart 1/20, f = -1804.265484989225
Optimization restart 2/20, f = -1797.0216565129317
Optimization restart 3/20, f = -1785.0370442454264
Optimization restart 4/20, f = -1799.526201200893
Optimization restart 5/20, f = -1799.5863882083322
Optimization restart 6/20, f = -1617.6482482673462
Optimization restart 7/20, f = -1794.6235003879594
Optimization restart 8/20, f = -1796.214017100815
Optimization restart 9/20, f = -1798.9684378277934
Optimization restart 10/20, f = -1787.1667702681598
Optimization restart 11/20, f = -1800.4188106875065
Optimization restart 12/20, f = -1794.1787430960173
Optimization restart 13/20, f = -1800.4496215312581
Optimization restart 14/20, f = -1760.8913975642954
Optimization restart 15/20, f = -1799.9975847395012
Optimization restart 16/20, f = -1795.2294740695932
Optimization restart 17/20, f = -1783.9256866594615
Optimization restart 18/20, f = -1798.5669559772891
Optimization restart 19/20, f = -1798.1236571974678
Optimization restart 20/20, f = -1802.166591092924
pypal at iteration 211.         27 Pareto optimal points,         2831 discarded points,         267 unclassified points.
Hypervolume 1489.0829283795865
pypal at iteration 212.         27 Pareto optimal points,         2832 discarded points,         266 unclassified points.
Hypervolume 1489.0829283795865
pypal at iteration 213.         27 Pareto optimal points,         2833 discarded points,         265 unclassified points.
Hypervolume 1489.0829283795865
pypal at iteration 214.         27 Pareto optimal points,         2833 discarded points,         265 unclassified points.
Hypervolume 1489.0829283795865
pypal at iteration 215.         27 Pareto optimal points,         2834 discarded points,         264 unclassified points.
Hypervolume 1489.0829283795865
pypal at iteration 216.         27 Pareto optimal points,         2835 discarded points,         263 unclassified points.
Hypervolume 1489.0829283795865
pypal at iteration 217.         27 Pareto optimal points,         2836 discarded points,         262 unclassified points.
Hypervolume 1489.0829283795865
pypal at iteration 218.         27 Pareto optimal points,         2837 discarded points,         261 unclassified points.
Hypervolume 1489.0829283795865
pypal at iteration 219.         27 Pareto optimal points,         2838 discarded points,         260 unclassified points.
Hypervolume 1489.0829283795865
pypal at iteration 220.         27 Pareto optimal points,         2839 discarded points,         259 unclassified points.
Hypervolume 1489.0829283795865
Optimization restart 1/20, f = -1857.906431363545
Optimization restart 2/20, f = -1852.5061033272607
Optimization restart 3/20, f = -1836.6049515927225
Optimization restart 4/20, f = -1850.0135371968663
Optimization restart 5/20, f = -1852.353923366849
Optimization restart 6/20, f = -1851.1252201833754
Optimization restart 7/20, f = -1855.7638545011164
Optimization restart 8/20, f = -1852.6640877988593
Optimization restart 9/20, f = -1854.9566595470324
Optimization restart 10/20, f = -1848.5605103150383
Optimization restart 11/20, f = -1842.9469773444532
Optimization restart 12/20, f = -1855.2478056761042
Optimization restart 13/20, f = -1853.9995665931372
Optimization restart 14/20, f = -1855.798672657928
Optimization restart 15/20, f = -1854.358836889962
Optimization restart 16/20, f = -1846.5558808144574
Optimization restart 17/20, f = -1844.3022902075595
Optimization restart 18/20, f = -1844.7126891467599
Optimization restart 19/20, f = -1852.474148662196
Optimization restart 20/20, f = -1853.8030259070454
pypal at iteration 221.         28 Pareto optimal points,         2858 discarded points,         239 unclassified points.
Hypervolume 1489.1117841656885
pypal at iteration 222.         28 Pareto optimal points,         2870 discarded points,         227 unclassified points.
Hypervolume 1489.1117841656885
pypal at iteration 223.         28 Pareto optimal points,         2871 discarded points,         226 unclassified points.
Hypervolume 1489.1117841656885
pypal at iteration 224.         28 Pareto optimal points,         2872 discarded points,         225 unclassified points.
Hypervolume 1489.1117841656885
pypal at iteration 225.         28 Pareto optimal points,         2873 discarded points,         224 unclassified points.
Hypervolume 1489.1117841656885
pypal at iteration 226.         29 Pareto optimal points,         2906 discarded points,         190 unclassified points.
Hypervolume 1490.739479994174
pypal at iteration 227.         29 Pareto optimal points,         2907 discarded points,         189 unclassified points.
Hypervolume 1490.739479994174
pypal at iteration 228.         29 Pareto optimal points,         2908 discarded points,         188 unclassified points.
Hypervolume 1490.739479994174
pypal at iteration 229.         29 Pareto optimal points,         2910 discarded points,         186 unclassified points.
Hypervolume 1490.739479994174
pypal at iteration 230.         29 Pareto optimal points,         2911 discarded points,         185 unclassified points.
Hypervolume 1490.739479994174
Optimization restart 1/20, f = -1910.4282226613786
Optimization restart 2/20, f = -1639.7000616047844
Optimization restart 3/20, f = -1894.426482063017
Optimization restart 4/20, f = -1908.164040745719
Optimization restart 5/20, f = -1907.7367478377337
Optimization restart 6/20, f = -1904.3182940229026
Optimization restart 7/20, f = -1907.5172093945462
Optimization restart 8/20, f = -1900.3747379201357
Optimization restart 9/20, f = -1906.9680093338955
Optimization restart 10/20, f = -1901.6161800991035
Optimization restart 11/20, f = -1868.963547920941
Optimization restart 12/20, f = -1902.040536153137
Optimization restart 13/20, f = -1899.5482273865719
Optimization restart 14/20, f = -1905.7525398929697
Optimization restart 15/20, f = -1905.0081890718645
Optimization restart 16/20, f = -1907.2970324917078
Optimization restart 17/20, f = -1901.9549035090201
Optimization restart 18/20, f = -1902.54077115447
Optimization restart 19/20, f = -1907.358236489891
Optimization restart 20/20, f = -1908.4121105538939
pypal at iteration 231.         29 Pareto optimal points,         2913 discarded points,         183 unclassified points.
Hypervolume 1490.739479994174
pypal at iteration 232.         30 Pareto optimal points,         2915 discarded points,         180 unclassified points.
Hypervolume 1491.0079606545896
pypal at iteration 233.         31 Pareto optimal points,         2953 discarded points,         141 unclassified points.
Hypervolume 1495.676577091086
pypal at iteration 234.         31 Pareto optimal points,         2954 discarded points,         140 unclassified points.
Hypervolume 1495.676577091086
pypal at iteration 235.         31 Pareto optimal points,         2955 discarded points,         139 unclassified points.
Hypervolume 1495.676577091086
pypal at iteration 236.         32 Pareto optimal points,         2974 discarded points,         119 unclassified points.
Hypervolume 1496.368319212591
pypal at iteration 237.         32 Pareto optimal points,         2975 discarded points,         118 unclassified points.
Hypervolume 1496.368319212591
pypal at iteration 238.         32 Pareto optimal points,         2976 discarded points,         117 unclassified points.
Hypervolume 1496.368319212591
pypal at iteration 239.         32 Pareto optimal points,         2977 discarded points,         116 unclassified points.
Hypervolume 1496.368319212591
pypal at iteration 240.         32 Pareto optimal points,         2977 discarded points,         116 unclassified points.
Hypervolume 1496.368319212591
Optimization restart 1/20, f = -1966.2211455856675
Optimization restart 2/20, f = -1941.4534390137078
Optimization restart 3/20, f = -1199.6875971224454
Optimization restart 4/20, f = -1960.5304828008184
Optimization restart 5/20, f = -1939.41632844053
Optimization restart 6/20, f = -1948.0018727264683
Optimization restart 7/20, f = -1954.7031089424186
Optimization restart 8/20, f = -1955.9777877153101
Optimization restart 9/20, f = -1962.1043113835922
Optimization restart 10/20, f = -1962.3358241547921
Optimization restart 11/20, f = -1962.9170072127235
Optimization restart 12/20, f = -1956.072749585247
Optimization restart 13/20, f = -1955.6544348434768
Optimization restart 14/20, f = -1961.0042348321244
Optimization restart 15/20, f = -1960.590215979512
Optimization restart 16/20, f = -1957.5695789593508
Optimization restart 17/20, f = -1951.9429278844045
Optimization restart 18/20, f = -1943.370046802913
Optimization restart 19/20, f = -1939.6573471548015
Optimization restart 20/20, f = -1963.8649449835407
pypal at iteration 241.         32 Pareto optimal points,         2978 discarded points,         115 unclassified points.
Hypervolume 1496.368319212591
pypal at iteration 242.         33 Pareto optimal points,         2978 discarded points,         114 unclassified points.
Hypervolume 1496.5857597826637
pypal at iteration 243.         34 Pareto optimal points,         2992 discarded points,         99 unclassified points.
Hypervolume 1501.3326373760942
pypal at iteration 244.         34 Pareto optimal points,         2993 discarded points,         98 unclassified points.
Hypervolume 1501.3326373760942
pypal at iteration 245.         34 Pareto optimal points,         2994 discarded points,         97 unclassified points.
Hypervolume 1501.3326373760942
pypal at iteration 246.         35 Pareto optimal points,         2994 discarded points,         96 unclassified points.
Hypervolume 1501.8851277798235
pypal at iteration 247.         35 Pareto optimal points,         2995 discarded points,         95 unclassified points.
Hypervolume 1501.8851277798235
pypal at iteration 248.         35 Pareto optimal points,         2996 discarded points,         94 unclassified points.
Hypervolume 1501.8851277798235
pypal at iteration 249.         36 Pareto optimal points,         2996 discarded points,         93 unclassified points.
Hypervolume 1501.9750545853367
pypal at iteration 250.         37 Pareto optimal points,         2997 discarded points,         91 unclassified points.
Hypervolume 1502.0796960881976
Optimization restart 1/20, f = -2026.3166130810907
Optimization restart 2/20, f = -2022.7021415619542
Optimization restart 3/20, f = -2002.9427865422163
Optimization restart 4/20, f = -2021.811792907874
Optimization restart 5/20, f = -1849.2548799546248
Optimization restart 6/20, f = -2021.5353782205552
Optimization restart 7/20, f = -1958.9475652254268
Optimization restart 8/20, f = -1531.2965500523899
Optimization restart 9/20, f = -2008.5224792440588
Optimization restart 10/20, f = -2022.4716018591898
Optimization restart 11/20, f = -2018.7254873155662
Optimization restart 12/20, f = -2021.3369130304948
Optimization restart 13/20, f = -2009.525219975707
Optimization restart 14/20, f = -2023.4776531134935
Optimization restart 15/20, f = -2023.7614661571777
Optimization restart 16/20, f = -2019.0106954151324
Optimization restart 17/20, f = -2019.2125230509723
Optimization restart 18/20, f = -2016.4599939149532
Optimization restart 19/20, f = -2015.1945489675486
Optimization restart 20/20, f = -2022.73140551611
pypal at iteration 251.         37 Pareto optimal points,         2998 discarded points,         90 unclassified points.
Hypervolume 1502.0796960881976
pypal at iteration 252.         37 Pareto optimal points,         2999 discarded points,         89 unclassified points.
Hypervolume 1502.0796960881976
pypal at iteration 253.         37 Pareto optimal points,         3000 discarded points,         88 unclassified points.
Hypervolume 1502.0796960881976
pypal at iteration 254.         37 Pareto optimal points,         3001 discarded points,         87 unclassified points.
Hypervolume 1502.0796960881976
pypal at iteration 255.         38 Pareto optimal points,         3003 discarded points,         84 unclassified points.
Hypervolume 1503.4330982246265
pypal at iteration 256.         40 Pareto optimal points,         3005 discarded points,         80 unclassified points.
Hypervolume 1503.6585956593713
pypal at iteration 257.         40 Pareto optimal points,         3006 discarded points,         79 unclassified points.
Hypervolume 1503.6585956593713
pypal at iteration 258.         43 Pareto optimal points,         3006 discarded points,         76 unclassified points.
Hypervolume 1503.7312531634848
pypal at iteration 259.         44 Pareto optimal points,         3006 discarded points,         75 unclassified points.
Hypervolume 1509.0899858555995
pypal at iteration 260.         44 Pareto optimal points,         3007 discarded points,         74 unclassified points.
Hypervolume 1509.0899858555995
Optimization restart 1/20, f = -2086.746758338251
Optimization restart 2/20, f = -2077.1985220730335
Optimization restart 3/20, f = -2081.5313801687
Optimization restart 4/20, f = -2066.4561824595567
Optimization restart 5/20, f = -2084.5333032761446
Optimization restart 6/20, f = -2063.2780996955003
Optimization restart 7/20, f = -2073.300589300402
Optimization restart 8/20, f = -2070.6068072625303
Optimization restart 9/20, f = -1887.5088512520165
Optimization restart 10/20, f = -2071.364142462052
Optimization restart 11/20, f = -2082.4584585548755
Optimization restart 12/20, f = -2076.1122320405157
Optimization restart 13/20, f = -2072.587860853888
Optimization restart 14/20, f = -2084.9962225009494
Optimization restart 15/20, f = -2077.7793838959687
Optimization restart 16/20, f = -2073.8057851360163
Optimization restart 17/20, f = -2069.9138928626717
Optimization restart 18/20, f = -2072.56645345532
Optimization restart 19/20, f = -2081.5947939117113
Optimization restart 20/20, f = -2078.3099052080347
pypal at iteration 261.         44 Pareto optimal points,         3008 discarded points,         73 unclassified points.
Hypervolume 1509.0899858555995
pypal at iteration 262.         44 Pareto optimal points,         3009 discarded points,         72 unclassified points.
Hypervolume 1509.0899858555995
pypal at iteration 263.         44 Pareto optimal points,         3010 discarded points,         71 unclassified points.
Hypervolume 1509.0899858555995
pypal at iteration 264.         44 Pareto optimal points,         3011 discarded points,         70 unclassified points.
Hypervolume 1509.0899858555995
pypal at iteration 265.         44 Pareto optimal points,         3012 discarded points,         69 unclassified points.
Hypervolume 1509.0899858555995
pypal at iteration 266.         44 Pareto optimal points,         3013 discarded points,         68 unclassified points.
Hypervolume 1509.0899858555995
pypal at iteration 267.         44 Pareto optimal points,         3014 discarded points,         67 unclassified points.
Hypervolume 1509.0899858555995
pypal at iteration 268.         45 Pareto optimal points,         3022 discarded points,         58 unclassified points.
Hypervolume 1509.6286606953727
pypal at iteration 269.         45 Pareto optimal points,         3023 discarded points,         57 unclassified points.
Hypervolume 1509.6286606953727
pypal at iteration 270.         45 Pareto optimal points,         3024 discarded points,         56 unclassified points.
Hypervolume 1509.6286606953727
Optimization restart 1/20, f = -2135.9805674111276
Optimization restart 2/20, f = -1950.3135008908398
Optimization restart 3/20, f = -2128.1689277182495
Optimization restart 4/20, f = -2132.1334915133816
Optimization restart 5/20, f = -2133.026778802529
Optimization restart 6/20, f = -2133.163284729059
Optimization restart 7/20, f = -2132.324622332374
Optimization restart 8/20, f = -2129.9175137365046
Optimization restart 9/20, f = -2130.4230549342565
Optimization restart 10/20, f = -2123.032302415989
Optimization restart 11/20, f = -2134.0969573764255
Optimization restart 12/20, f = -1812.4116641609705
Optimization restart 13/20, f = -2130.4933465722725
Optimization restart 14/20, f = -2118.4533144541856
Optimization restart 15/20, f = -2123.9574865274767
Optimization restart 16/20, f = -2130.155668904177
Optimization restart 17/20, f = -2093.689079394898
Optimization restart 18/20, f = -2116.911971256499
Optimization restart 19/20, f = -2132.1048124343897
Optimization restart 20/20, f = -2121.8166963622134
pypal at iteration 271.         45 Pareto optimal points,         3025 discarded points,         55 unclassified points.
Hypervolume 1509.6286606953727
pypal at iteration 272.         45 Pareto optimal points,         3026 discarded points,         54 unclassified points.
Hypervolume 1509.6286606953727
pypal at iteration 273.         45 Pareto optimal points,         3027 discarded points,         53 unclassified points.
Hypervolume 1509.6286606953727
pypal at iteration 274.         45 Pareto optimal points,         3027 discarded points,         53 unclassified points.
Hypervolume 1509.6286606953727
pypal at iteration 275.         45 Pareto optimal points,         3027 discarded points,         53 unclassified points.
Hypervolume 1509.6286606953727
pypal at iteration 276.         45 Pareto optimal points,         3028 discarded points,         52 unclassified points.
Hypervolume 1509.6286606953727
pypal at iteration 277.         45 Pareto optimal points,         3029 discarded points,         51 unclassified points.
Hypervolume 1509.6286606953727
pypal at iteration 278.         45 Pareto optimal points,         3030 discarded points,         50 unclassified points.
Hypervolume 1509.6286606953727
pypal at iteration 279.         45 Pareto optimal points,         3031 discarded points,         49 unclassified points.
Hypervolume 1509.6286606953727
pypal at iteration 280.         45 Pareto optimal points,         3032 discarded points,         48 unclassified points.
Hypervolume 1509.6286606953727
Optimization restart 1/20, f = -2192.0548755679874
Optimization restart 2/20, f = -2188.437901177741
Optimization restart 3/20, f = -2165.3893567230766
Optimization restart 4/20, f = -2189.4015767693054
Optimization restart 5/20, f = -2185.051963533937
Optimization restart 6/20, f = -2180.3312468222884
Optimization restart 7/20, f = -2189.140303984022
Optimization restart 8/20, f = -2186.9750197670846
Optimization restart 9/20, f = -2182.5166710353387
Optimization restart 10/20, f = -2179.598384212818
Optimization restart 11/20, f = -2188.5375412806748
Optimization restart 12/20, f = -2184.8684796977873
Optimization restart 13/20, f = -2183.971985528651
Optimization restart 14/20, f = -2187.809073736864
Optimization restart 15/20, f = -2187.8805682935454
Optimization restart 16/20, f = -2174.2822243978817
Optimization restart 17/20, f = -2149.4620881215774
Optimization restart 18/20, f = -2188.4647573086286
Optimization restart 19/20, f = -2146.515936548782
Optimization restart 20/20, f = -2185.4318332952002
pypal at iteration 281.         45 Pareto optimal points,         3033 discarded points,         47 unclassified points.
Hypervolume 1509.6286606953727
pypal at iteration 282.         45 Pareto optimal points,         3035 discarded points,         45 unclassified points.
Hypervolume 1509.6286606953727
pypal at iteration 283.         45 Pareto optimal points,         3035 discarded points,         45 unclassified points.
Hypervolume 1509.6286606953727
pypal at iteration 284.         46 Pareto optimal points,         3037 discarded points,         42 unclassified points.
Hypervolume 1509.6317748632935
pypal at iteration 285.         47 Pareto optimal points,         3037 discarded points,         41 unclassified points.
Hypervolume 1509.9528374848642
pypal at iteration 286.         48 Pareto optimal points,         3041 discarded points,         36 unclassified points.
Hypervolume 1511.8638869221072
pypal at iteration 287.         48 Pareto optimal points,         3042 discarded points,         35 unclassified points.
Hypervolume 1511.8638869221072
pypal at iteration 288.         48 Pareto optimal points,         3042 discarded points,         35 unclassified points.
Hypervolume 1511.8638869221072
pypal at iteration 289.         48 Pareto optimal points,         3042 discarded points,         35 unclassified points.
Hypervolume 1511.8638869221072
pypal at iteration 290.         54 Pareto optimal points,         3042 discarded points,         29 unclassified points.
Hypervolume 1522.8377424910184
Optimization restart 1/20, f = -2254.043658108433
Optimization restart 2/20, f = -2252.641626905045
Optimization restart 3/20, f = -2242.1864492390405
Optimization restart 4/20, f = -2061.7455086389027
Optimization restart 5/20, f = -2248.684114602518
Optimization restart 6/20, f = -2250.074307983452
Optimization restart 7/20, f = -2246.9739343792417
Optimization restart 8/20, f = -2239.7930026126205
Optimization restart 9/20, f = -2245.354547633848
Optimization restart 10/20, f = -2241.07738791365
Optimization restart 11/20, f = -2208.6745651493443
Optimization restart 12/20, f = -2242.8898849610578
Optimization restart 13/20, f = -2245.3976428287083
Optimization restart 14/20, f = -2245.8542267479415
Optimization restart 15/20, f = -2249.7254847986987
Optimization restart 16/20, f = -2249.898598826352
Optimization restart 17/20, f = -2250.4748565215737
Optimization restart 18/20, f = -2251.030210321488
Optimization restart 19/20, f = -2245.218301613776
Optimization restart 20/20, f = -2246.6243191161475
pypal at iteration 291.         54 Pareto optimal points,         3043 discarded points,         28 unclassified points.
Hypervolume 1522.8377424910184
pypal at iteration 292.         54 Pareto optimal points,         3044 discarded points,         27 unclassified points.
Hypervolume 1522.8377424910184
pypal at iteration 293.         54 Pareto optimal points,         3045 discarded points,         26 unclassified points.
Hypervolume 1522.8377424910184
pypal at iteration 294.         54 Pareto optimal points,         3046 discarded points,         25 unclassified points.
Hypervolume 1522.8377424910184
pypal at iteration 295.         54 Pareto optimal points,         3047 discarded points,         24 unclassified points.
Hypervolume 1522.8377424910184
pypal at iteration 296.         54 Pareto optimal points,         3048 discarded points,         23 unclassified points.
Hypervolume 1522.8377424910184
pypal at iteration 297.         55 Pareto optimal points,         3048 discarded points,         22 unclassified points.
Hypervolume 1522.8381086396234
pypal at iteration 298.         55 Pareto optimal points,         3049 discarded points,         21 unclassified points.
Hypervolume 1522.8381086396234
pypal at iteration 299.         55 Pareto optimal points,         3050 discarded points,         20 unclassified points.
Hypervolume 1522.8381086396234
pypal at iteration 300.         56 Pareto optimal points,         3050 discarded points,         19 unclassified points.
Hypervolume 1522.8968104732458
Optimization restart 1/20, f = -2320.074278351136
Optimization restart 2/20, f = -2310.926117626763
Optimization restart 3/20, f = -2314.6261867113526
Optimization restart 4/20, f = -2311.199285689244
Optimization restart 5/20, f = -2303.803473999079
Optimization restart 6/20, f = -2306.3898483734106
Optimization restart 7/20, f = -2301.0553823104697
Optimization restart 8/20, f = -2237.9351581661003
Optimization restart 9/20, f = -2315.060535753393
Optimization restart 10/20, f = -2305.459150490009
Optimization restart 11/20, f = -2309.6292304543103
Optimization restart 12/20, f = -2316.7219148238146
Optimization restart 13/20, f = -2315.548155390884
Optimization restart 14/20, f = -2317.0925441284244
Optimization restart 15/20, f = -2315.7563340699053
Optimization restart 16/20, f = -2316.1106318299508
Optimization restart 17/20, f = -2311.45017660668
Optimization restart 18/20, f = -2258.9144349827684
Optimization restart 19/20, f = -2303.482959670629
Optimization restart 20/20, f = -2317.0685059084626
pypal at iteration 301.         56 Pareto optimal points,         3051 discarded points,         18 unclassified points.
Hypervolume 1522.8968104732458
pypal at iteration 302.         56 Pareto optimal points,         3052 discarded points,         17 unclassified points.
Hypervolume 1522.8968104732458
pypal at iteration 303.         56 Pareto optimal points,         3053 discarded points,         16 unclassified points.
Hypervolume 1522.8968104732458
pypal at iteration 304.         56 Pareto optimal points,         3054 discarded points,         15 unclassified points.
Hypervolume 1522.8968104732458
pypal at iteration 305.         56 Pareto optimal points,         3056 discarded points,         13 unclassified points.
Hypervolume 1522.8968104732458
pypal at iteration 306.         56 Pareto optimal points,         3057 discarded points,         12 unclassified points.
Hypervolume 1522.8968104732458
pypal at iteration 307.         57 Pareto optimal points,         3062 discarded points,         6 unclassified points.
Hypervolume 1523.4020344626933
pypal at iteration 308.         57 Pareto optimal points,         3063 discarded points,         5 unclassified points.
Hypervolume 1523.4020344626933
pypal at iteration 309.         58 Pareto optimal points,         3064 discarded points,         3 unclassified points.
Hypervolume 1523.4163534201125
pypal at iteration 310.         58 Pareto optimal points,         3066 discarded points,         1 unclassified points.
Hypervolume 1523.4163534201125
Optimization restart 1/20, f = -2368.1818559576004
Optimization restart 2/20, f = -2366.288736730714
Optimization restart 3/20, f = -2363.4051314429744
Optimization restart 4/20, f = -2365.213566156117
Optimization restart 5/20, f = -2339.825291433981
Optimization restart 6/20, f = -2362.891814347454
Optimization restart 7/20, f = -2360.5047373293623
Optimization restart 8/20, f = -2339.959697972961
Optimization restart 9/20, f = -2169.585716405688
Optimization restart 10/20, f = -2332.672019799281
Optimization restart 11/20, f = -2365.276763218167
Optimization restart 12/20, f = -2358.2914716649816
Optimization restart 13/20, f = -2358.7202571407606
Optimization restart 14/20, f = -2364.7192495864065
Optimization restart 15/20, f = -2359.4031145428235
Optimization restart 16/20, f = -2365.130511700203
Optimization restart 17/20, f = -2353.820835474256
Optimization restart 18/20, f = -2364.3373465653503
Optimization restart 19/20, f = -2363.125008559546
Optimization restart 20/20, f = -2356.7260002495555
Done. No unclassified point left
pypal at iteration 310.         58 Pareto optimal points,         3067 discarded points,         0 unclassified points.
Hypervolume 1523.4163534201125
