 /home/kjablonk/anaconda3/envs/dispersant_screener/lib/python3.7/site-packages/sklearn/utils/deprecation.py:143: FutureWarning:The sklearn.preprocessing.data module is  deprecated in version 0.22 and will be removed in version 0.24. The corresponding classes / functions should instead be imported from sklearn.preprocessing. Anything that cannot be imported from sklearn.preprocessing is now part of the private API.
 /home/kjablonk/programs/pypal/pypal/pal/validate_inputs.py:146: UserWarning:No goals provided,                 will assume that every dimension should be maximized
 /home/kjablonk/anaconda3/envs/dispersant_screener/lib/python3.7/site-packages/GPy/kern/src/stationary.py:166: RuntimeWarning:overflow encountered in true_divide
 /home/kjablonk/anaconda3/envs/dispersant_screener/lib/python3.7/site-packages/GPy/kern/src/stationary.py:137: RuntimeWarning:overflow encountered in square
 /home/kjablonk/anaconda3/envs/dispersant_screener/lib/python3.7/site-packages/GPy/kern/src/stationary.py:138: RuntimeWarning:invalid value encountered in add
 /home/kjablonk/anaconda3/envs/dispersant_screener/lib/python3.7/site-packages/GPy/kern/src/stationary.py:565: RuntimeWarning:invalid value encountered in multiply
 /home/kjablonk/anaconda3/envs/dispersant_screener/lib/python3.7/site-packages/GPy/kern/src/stationary.py:568: RuntimeWarning:invalid value encountered in subtract
 /home/kjablonk/anaconda3/envs/dispersant_screener/lib/python3.7/site-packages/GPy/kern/src/stationary.py:243: RuntimeWarning:invalid value encountered in true_divide
 /home/kjablonk/anaconda3/envs/dispersant_screener/lib/python3.7/site-packages/GPy/kern/src/stationary.py:166: RuntimeWarning:overflow encountered in true_divide
 /home/kjablonk/anaconda3/envs/dispersant_screener/lib/python3.7/site-packages/GPy/kern/src/stationary.py:137: RuntimeWarning:overflow encountered in square
 /home/kjablonk/anaconda3/envs/dispersant_screener/lib/python3.7/site-packages/GPy/kern/src/stationary.py:138: RuntimeWarning:invalid value encountered in add
 /home/kjablonk/anaconda3/envs/dispersant_screener/lib/python3.7/site-packages/GPy/kern/src/stationary.py:565: RuntimeWarning:invalid value encountered in multiply
 /home/kjablonk/anaconda3/envs/dispersant_screener/lib/python3.7/site-packages/GPy/kern/src/stationary.py:568: RuntimeWarning:invalid value encountered in subtract
 /home/kjablonk/anaconda3/envs/dispersant_screener/lib/python3.7/site-packages/GPy/kern/src/stationary.py:243: RuntimeWarning:invalid value encountered in true_divide
 /home/kjablonk/anaconda3/envs/dispersant_screener/lib/python3.7/site-packages/paramz/transformations.py:111: RuntimeWarning:overflow encountered in expm1
 /home/kjablonk/anaconda3/envs/dispersant_screener/lib/python3.7/site-packages/numpy/core/_asarray.py:136: VisibleDeprecationWarning:Creating an ndarray from ragged nested sequences (which is a list-or-tuple of lists-or-tuples-or ndarrays with different lengths or shapes) is deprecated. If you meant to do this, you must specify 'dtype=object' when creating the ndarray
Maximum hypervolume 1536.0438526567837
STARTING PAL
Optimization restart 1/20, f = -855.8628548032945
Optimization restart 2/20, f = -804.7790188137393
Optimization restart 3/20, f = -803.5096435591832
Optimization restart 4/20, f = -853.3464125851976
Optimization restart 5/20, f = -854.114456444421
Optimization restart 6/20, f = -854.5589125382438
Optimization restart 7/20, f = -822.9132186683524
Optimization restart 8/20, f = -856.0210093323243
Optimization restart 9/20, f = -854.5374211364608
Optimization restart 10/20, f = -857.1210211516991
Optimization restart 11/20, f = -856.2664271175638
Optimization restart 12/20, f = -798.3954197435403
Optimization restart 13/20, f = -760.9726712945687
Optimization restart 14/20, f = -856.9907717721521
Optimization restart 15/20, f = -856.3786866220837
Optimization restart 16/20, f = -851.4547088027481
Optimization restart 17/20, f = -857.3337434298146
Optimization restart 18/20, f = -855.2184787846204
Optimization restart 19/20, f = -853.1241159811918
Optimization restart 20/20, f = -841.2183364449149
pypal at iteration 1.         11 Pareto optimal points,         1275 discarded points,         1839 unclassified points.
Hypervolume 898.4895455714969
pypal at iteration 2.         11 Pareto optimal points,         1442 discarded points,         1672 unclassified points.
Hypervolume 898.4895455714969
pypal at iteration 3.         12 Pareto optimal points,         1456 discarded points,         1657 unclassified points.
Hypervolume 1217.1520032115588
pypal at iteration 4.         15 Pareto optimal points,         1456 discarded points,         1654 unclassified points.
Hypervolume 1327.3604315062942
pypal at iteration 5.         17 Pareto optimal points,         1457 discarded points,         1651 unclassified points.
Hypervolume 1327.3604315062942
pypal at iteration 6.         17 Pareto optimal points,         1459 discarded points,         1649 unclassified points.
Hypervolume 1327.3604315062942
pypal at iteration 7.         17 Pareto optimal points,         1459 discarded points,         1649 unclassified points.
Hypervolume 1327.3604315062942
pypal at iteration 8.         17 Pareto optimal points,         1460 discarded points,         1648 unclassified points.
Hypervolume 1327.3604315062942
pypal at iteration 9.         17 Pareto optimal points,         1461 discarded points,         1647 unclassified points.
Hypervolume 1327.3604315062942
pypal at iteration 10.         17 Pareto optimal points,         1462 discarded points,         1646 unclassified points.
Hypervolume 1327.3604315062942
Optimization restart 1/20, f = -977.1251458934187
Optimization restart 2/20, f = -968.3415360907403
Optimization restart 3/20, f = -974.5924592860816
Optimization restart 4/20, f = -976.065503850191
Optimization restart 5/20, f = -975.3941002335374
Optimization restart 6/20, f = -976.1167342051273
Optimization restart 7/20, f = -974.9839057161903
Optimization restart 8/20, f = -974.0229146789669
Optimization restart 9/20, f = -976.6502754759531
Optimization restart 10/20, f = -975.6471914083484
Optimization restart 11/20, f = -973.8211313736318
Optimization restart 12/20, f = -974.2692381727463
Optimization restart 13/20, f = -965.9909611988371
Optimization restart 14/20, f = -976.3719300230423
Optimization restart 15/20, f = -966.3624950939942
Optimization restart 16/20, f = -974.7122735530683
Optimization restart 17/20, f = -955.0504015786136
Optimization restart 18/20, f = -972.7787381683964
Optimization restart 19/20, f = -975.6031898928845
Optimization restart 20/20, f = -975.0375914404481
pypal at iteration 11.         17 Pareto optimal points,         1463 discarded points,         1645 unclassified points.
Hypervolume 1327.3604315062942
pypal at iteration 12.         17 Pareto optimal points,         1464 discarded points,         1644 unclassified points.
Hypervolume 1327.3604315062942
pypal at iteration 13.         17 Pareto optimal points,         1464 discarded points,         1644 unclassified points.
Hypervolume 1327.3604315062942
pypal at iteration 14.         17 Pareto optimal points,         1465 discarded points,         1643 unclassified points.
Hypervolume 1327.3604315062942
pypal at iteration 15.         17 Pareto optimal points,         1466 discarded points,         1642 unclassified points.
Hypervolume 1327.3604315062942
pypal at iteration 16.         17 Pareto optimal points,         1467 discarded points,         1641 unclassified points.
Hypervolume 1327.3604315062942
pypal at iteration 17.         17 Pareto optimal points,         1468 discarded points,         1640 unclassified points.
Hypervolume 1327.3604315062942
pypal at iteration 18.         17 Pareto optimal points,         1469 discarded points,         1639 unclassified points.
Hypervolume 1327.3604315062942
pypal at iteration 19.         17 Pareto optimal points,         1470 discarded points,         1638 unclassified points.
Hypervolume 1327.3604315062942
pypal at iteration 20.         17 Pareto optimal points,         1471 discarded points,         1637 unclassified points.
Hypervolume 1327.3604315062942
Optimization restart 1/20, f = -1078.1491307424494
Optimization restart 2/20, f = -1076.0124164738006
Optimization restart 3/20, f = -1076.4313289354964
Optimization restart 4/20, f = -1076.614544181162
Optimization restart 5/20, f = -1076.2467219063888
Optimization restart 6/20, f = -1074.5381130686665
Optimization restart 7/20, f = -1073.4337977489583
Optimization restart 8/20, f = -1077.5446674897755
Optimization restart 9/20, f = -1072.130570670754
Optimization restart 10/20, f = -1074.4497926340116
Optimization restart 11/20, f = -1027.1276652633921
Optimization restart 12/20, f = -1075.1433832502992
Optimization restart 13/20, f = -1072.6823549804049
Optimization restart 14/20, f = -1075.3253195847733
Optimization restart 15/20, f = -1062.8337726877096
Optimization restart 16/20, f = -1076.2484097144948
Optimization restart 17/20, f = -1075.7882541393424
Optimization restart 18/20, f = -1062.5632374087397
Optimization restart 19/20, f = -1076.7212071264942
Optimization restart 20/20, f = -1075.0298636805192
pypal at iteration 21.         17 Pareto optimal points,         1472 discarded points,         1636 unclassified points.
Hypervolume 1327.3604315062942
pypal at iteration 22.         17 Pareto optimal points,         1473 discarded points,         1635 unclassified points.
Hypervolume 1327.3604315062942
pypal at iteration 23.         17 Pareto optimal points,         1474 discarded points,         1634 unclassified points.
Hypervolume 1327.3604315062942
pypal at iteration 24.         17 Pareto optimal points,         1475 discarded points,         1633 unclassified points.
Hypervolume 1327.3604315062942
pypal at iteration 25.         17 Pareto optimal points,         1476 discarded points,         1632 unclassified points.
Hypervolume 1327.3604315062942
pypal at iteration 26.         17 Pareto optimal points,         1477 discarded points,         1631 unclassified points.
Hypervolume 1327.3604315062942
pypal at iteration 27.         17 Pareto optimal points,         1477 discarded points,         1631 unclassified points.
Hypervolume 1327.3604315062942
pypal at iteration 28.         17 Pareto optimal points,         1478 discarded points,         1630 unclassified points.
Hypervolume 1327.3604315062942
pypal at iteration 29.         17 Pareto optimal points,         1479 discarded points,         1629 unclassified points.
Hypervolume 1327.3604315062942
pypal at iteration 30.         17 Pareto optimal points,         1480 discarded points,         1628 unclassified points.
Hypervolume 1327.3604315062942
Optimization restart 1/20, f = -1189.793228405941
Optimization restart 2/20, f = -1156.1746871863616
Optimization restart 3/20, f = -1184.5434474886997
Optimization restart 4/20, f = -1187.9643732939558
Optimization restart 5/20, f = -1186.5924879633214
Optimization restart 6/20, f = -1187.6084964267143
Optimization restart 7/20, f = -1163.0398337608349
Optimization restart 8/20, f = -1185.60642551347
Optimization restart 9/20, f = -1187.9208077126655
Optimization restart 10/20, f = -1186.5641371337072
Optimization restart 11/20, f = -1005.0988815742498
Optimization restart 12/20, f = -1144.391651255694
Optimization restart 13/20, f = -1182.4136313327729
Optimization restart 14/20, f = -1186.6819583367242
Optimization restart 15/20, f = -1127.5901753410571
Optimization restart 16/20, f = -1186.8771991784033
Optimization restart 17/20, f = -1186.4015543017874
Optimization restart 18/20, f = -1186.4313973643975
Optimization restart 19/20, f = -1186.8122422434776
Optimization restart 20/20, f = -1062.7112242889757
pypal at iteration 31.         17 Pareto optimal points,         1481 discarded points,         1627 unclassified points.
Hypervolume 1327.3604315062942
pypal at iteration 32.         17 Pareto optimal points,         1482 discarded points,         1626 unclassified points.
Hypervolume 1327.3604315062942
pypal at iteration 33.         17 Pareto optimal points,         1483 discarded points,         1625 unclassified points.
Hypervolume 1327.3604315062942
pypal at iteration 34.         17 Pareto optimal points,         1484 discarded points,         1624 unclassified points.
Hypervolume 1327.3604315062942
pypal at iteration 35.         17 Pareto optimal points,         1485 discarded points,         1623 unclassified points.
Hypervolume 1327.3604315062942
pypal at iteration 36.         17 Pareto optimal points,         1486 discarded points,         1622 unclassified points.
Hypervolume 1327.3604315062942
pypal at iteration 37.         17 Pareto optimal points,         1487 discarded points,         1621 unclassified points.
Hypervolume 1327.3604315062942
pypal at iteration 38.         17 Pareto optimal points,         1488 discarded points,         1620 unclassified points.
Hypervolume 1327.3604315062942
pypal at iteration 39.         17 Pareto optimal points,         1489 discarded points,         1619 unclassified points.
Hypervolume 1327.3604315062942
pypal at iteration 40.         17 Pareto optimal points,         1490 discarded points,         1618 unclassified points.
Hypervolume 1327.3604315062942
Optimization restart 1/20, f = -1300.4073206582843
Optimization restart 2/20, f = -1269.5553271097679
Optimization restart 3/20, f = -1297.8690467162392
Optimization restart 4/20, f = -1295.9349465931768
Optimization restart 5/20, f = -1294.1986008242536
Optimization restart 6/20, f = -1296.455467832412
Optimization restart 7/20, f = -1299.43829886009
Optimization restart 8/20, f = -1297.6804523125184
Optimization restart 9/20, f = -1297.617497193292
Optimization restart 10/20, f = -1296.611541706282
Optimization restart 11/20, f = -1297.2236736975988
Optimization restart 12/20, f = -1293.4697504504195
Optimization restart 13/20, f = -1298.5820999246025
Optimization restart 14/20, f = -1289.8888079988678
Optimization restart 15/20, f = -1297.7798514950523
Optimization restart 16/20, f = -1298.5273200653455
Optimization restart 17/20, f = -1297.509104583988
Optimization restart 18/20, f = -1298.8912966973853
Optimization restart 19/20, f = -1297.702738907025
Optimization restart 20/20, f = -1191.4004762302184
pypal at iteration 41.         17 Pareto optimal points,         1491 discarded points,         1617 unclassified points.
Hypervolume 1327.3604315062942
pypal at iteration 42.         17 Pareto optimal points,         1492 discarded points,         1616 unclassified points.
Hypervolume 1327.3604315062942
pypal at iteration 43.         17 Pareto optimal points,         1493 discarded points,         1615 unclassified points.
Hypervolume 1327.3604315062942
pypal at iteration 44.         18 Pareto optimal points,         1493 discarded points,         1614 unclassified points.
Hypervolume 1334.0403777108847
pypal at iteration 45.         18 Pareto optimal points,         1494 discarded points,         1613 unclassified points.
Hypervolume 1334.0403777108847
pypal at iteration 46.         18 Pareto optimal points,         1495 discarded points,         1612 unclassified points.
Hypervolume 1334.0403777108847
pypal at iteration 47.         18 Pareto optimal points,         1496 discarded points,         1611 unclassified points.
Hypervolume 1334.0403777108847
pypal at iteration 48.         18 Pareto optimal points,         1497 discarded points,         1610 unclassified points.
Hypervolume 1334.0403777108847
pypal at iteration 49.         18 Pareto optimal points,         1498 discarded points,         1609 unclassified points.
Hypervolume 1334.0403777108847
pypal at iteration 50.         18 Pareto optimal points,         1499 discarded points,         1608 unclassified points.
Hypervolume 1334.0403777108847
Optimization restart 1/20, f = -1399.6516091528385
Optimization restart 2/20, f = -1392.0154679780717
Optimization restart 3/20, f = -1397.3288698006595
Optimization restart 4/20, f = -1386.9104016114472
Optimization restart 5/20, f = -1395.3946529615098
Optimization restart 6/20, f = -1396.4030586499434
Optimization restart 7/20, f = -1396.4271192805272
Optimization restart 8/20, f = -1397.9734015309361
Optimization restart 9/20, f = -1398.1447142594761
Optimization restart 10/20, f = -1397.269455696252
Optimization restart 11/20, f = -1373.813396505045
Optimization restart 12/20, f = -1395.931800993451
Optimization restart 13/20, f = -1397.0235660218402
Optimization restart 14/20, f = -1398.770017262037
Optimization restart 15/20, f = -1397.0956153282746
Optimization restart 16/20, f = -1396.9516692962
Optimization restart 17/20, f = -1397.2294883618056
Optimization restart 18/20, f = -1390.025447689734
Optimization restart 19/20, f = -1397.2875381991923
Optimization restart 20/20, f = -1398.6262857319573
pypal at iteration 51.         25 Pareto optimal points,         1500 discarded points,         1600 unclassified points.
Hypervolume 1433.203752387243
pypal at iteration 52.         25 Pareto optimal points,         1501 discarded points,         1599 unclassified points.
Hypervolume 1433.203752387243
pypal at iteration 53.         26 Pareto optimal points,         1502 discarded points,         1597 unclassified points.
Hypervolume 1441.8498657402727
pypal at iteration 54.         29 Pareto optimal points,         1503 discarded points,         1593 unclassified points.
Hypervolume 1455.9932892967213
pypal at iteration 55.         29 Pareto optimal points,         1504 discarded points,         1592 unclassified points.
Hypervolume 1455.9932892967213
pypal at iteration 56.         30 Pareto optimal points,         1505 discarded points,         1590 unclassified points.
Hypervolume 1455.9932892967213
pypal at iteration 57.         30 Pareto optimal points,         1506 discarded points,         1589 unclassified points.
Hypervolume 1455.9932892967213
pypal at iteration 58.         30 Pareto optimal points,         1507 discarded points,         1588 unclassified points.
Hypervolume 1455.9932892967213
pypal at iteration 59.         30 Pareto optimal points,         1508 discarded points,         1587 unclassified points.
Hypervolume 1455.9932892967213
pypal at iteration 60.         30 Pareto optimal points,         1509 discarded points,         1586 unclassified points.
Hypervolume 1455.9932892967213
Optimization restart 1/20, f = -1489.1000587084602
Optimization restart 2/20, f = -1481.968019724666
Optimization restart 3/20, f = -1486.409486446771
Optimization restart 4/20, f = -1485.9169058817436
Optimization restart 5/20, f = -1487.5347231317128
Optimization restart 6/20, f = -1476.7036580230924
Optimization restart 7/20, f = -1480.870627160592
Optimization restart 8/20, f = -1479.973931554271
Optimization restart 9/20, f = -1488.303577198713
Optimization restart 10/20, f = -1485.1129518540893
Optimization restart 11/20, f = -1478.9645370017047
Optimization restart 12/20, f = -1488.0504283380888
Optimization restart 13/20, f = -1485.2105949190561
Optimization restart 14/20, f = -1487.8769210977234
Optimization restart 15/20, f = -1486.5770530419372
Optimization restart 16/20, f = -1483.3446026072963
Optimization restart 17/20, f = -1481.9207122739133
Optimization restart 18/20, f = -1484.5306700346114
Optimization restart 19/20, f = -1484.898677841154
Optimization restart 20/20, f = -1487.3807747115668
pypal at iteration 61.         30 Pareto optimal points,         1510 discarded points,         1585 unclassified points.
Hypervolume 1455.9932892967213
pypal at iteration 62.         30 Pareto optimal points,         1511 discarded points,         1584 unclassified points.
Hypervolume 1455.9932892967213
pypal at iteration 63.         30 Pareto optimal points,         1512 discarded points,         1583 unclassified points.
Hypervolume 1455.9932892967213
pypal at iteration 64.         30 Pareto optimal points,         1513 discarded points,         1582 unclassified points.
Hypervolume 1455.9932892967213
pypal at iteration 65.         30 Pareto optimal points,         1514 discarded points,         1581 unclassified points.
Hypervolume 1455.9932892967213
pypal at iteration 66.         30 Pareto optimal points,         1515 discarded points,         1580 unclassified points.
Hypervolume 1455.9932892967213
pypal at iteration 67.         30 Pareto optimal points,         1516 discarded points,         1579 unclassified points.
Hypervolume 1455.9932892967213
pypal at iteration 68.         30 Pareto optimal points,         1517 discarded points,         1578 unclassified points.
Hypervolume 1455.9932892967213
pypal at iteration 69.         52 Pareto optimal points,         1518 discarded points,         1555 unclassified points.
Hypervolume 1480.4939067780379
pypal at iteration 70.         52 Pareto optimal points,         1519 discarded points,         1554 unclassified points.
Hypervolume 1480.4939067780379
Optimization restart 1/20, f = -1565.0092432261345
Optimization restart 2/20, f = -1550.2695876497805
Optimization restart 3/20, f = -1563.590199622188
Optimization restart 4/20, f = -1563.0891648430343
Optimization restart 5/20, f = -1563.5255001140622
Optimization restart 6/20, f = -1562.5272937969773
Optimization restart 7/20, f = -1560.9510622718967
Optimization restart 8/20, f = -1562.10027555601
Optimization restart 9/20, f = -1561.6606411596208
Optimization restart 10/20, f = -1556.2614951676178
Optimization restart 11/20, f = -1562.0411130818727
Optimization restart 12/20, f = -1560.5084734838115
Optimization restart 13/20, f = -1560.6410203656042
Optimization restart 14/20, f = -1563.7372359005958
Optimization restart 15/20, f = -1561.2830493445017
Optimization restart 16/20, f = -1558.660003739462
Optimization restart 17/20, f = -1562.317615254734
Optimization restart 18/20, f = -1563.9069096147862
Optimization restart 19/20, f = -1564.0030700940065
Optimization restart 20/20, f = -1496.7074307584335
pypal at iteration 71.         55 Pareto optimal points,         1520 discarded points,         1550 unclassified points.
Hypervolume 1480.4939067780379
pypal at iteration 72.         55 Pareto optimal points,         1521 discarded points,         1549 unclassified points.
Hypervolume 1480.4939067780379
pypal at iteration 73.         55 Pareto optimal points,         1553 discarded points,         1517 unclassified points.
Hypervolume 1480.4939067780379
pypal at iteration 74.         57 Pareto optimal points,         1556 discarded points,         1512 unclassified points.
Hypervolume 1480.4939067780379
pypal at iteration 75.         57 Pareto optimal points,         1557 discarded points,         1511 unclassified points.
Hypervolume 1480.4939067780379
pypal at iteration 76.         57 Pareto optimal points,         1572 discarded points,         1496 unclassified points.
Hypervolume 1480.4939067780379
pypal at iteration 77.         58 Pareto optimal points,         1573 discarded points,         1494 unclassified points.
Hypervolume 1480.4939067780376
pypal at iteration 78.         91 Pareto optimal points,         1574 discarded points,         1460 unclassified points.
Hypervolume 1497.2920404319693
pypal at iteration 79.         91 Pareto optimal points,         1575 discarded points,         1459 unclassified points.
Hypervolume 1497.2920404319693
pypal at iteration 80.         94 Pareto optimal points,         1591 discarded points,         1440 unclassified points.
Hypervolume 1497.5061234930854
Optimization restart 1/20, f = -1631.815336587363
Optimization restart 2/20, f = -1630.7581360600043
Optimization restart 3/20, f = -1629.3658287428434
Optimization restart 4/20, f = -1631.3765565009576
Optimization restart 5/20, f = -1629.3879664968908
Optimization restart 6/20, f = -1630.531491039787
Optimization restart 7/20, f = -1624.5544206144607
Optimization restart 8/20, f = -1631.6728457128465
Optimization restart 9/20, f = -1629.2162784945226
Optimization restart 10/20, f = -1630.0809185386506
Optimization restart 11/20, f = -1629.1400901996026
Optimization restart 12/20, f = -1630.3213855785464
Optimization restart 13/20, f = -1619.5972827416413
Optimization restart 14/20, f = -1631.9441263398671
Optimization restart 15/20, f = -1628.7242952485967
Optimization restart 16/20, f = -1626.6582260542111
Optimization restart 17/20, f = -1618.6403272100436
Optimization restart 18/20, f = -1485.526447504234
Optimization restart 19/20, f = -1628.6578205528367
Optimization restart 20/20, f = -1630.0227990931492
pypal at iteration 81.         121 Pareto optimal points,         1594 discarded points,         1410 unclassified points.
Hypervolume 1499.7932985220777
pypal at iteration 82.         122 Pareto optimal points,         1599 discarded points,         1404 unclassified points.
Hypervolume 1499.7932985220777
pypal at iteration 83.         123 Pareto optimal points,         1600 discarded points,         1402 unclassified points.
Hypervolume 1499.7932985220777
pypal at iteration 84.         123 Pareto optimal points,         1601 discarded points,         1401 unclassified points.
Hypervolume 1499.7932985220777
pypal at iteration 85.         140 Pareto optimal points,         1603 discarded points,         1382 unclassified points.
Hypervolume 1500.2921721221342
pypal at iteration 86.         142 Pareto optimal points,         1605 discarded points,         1378 unclassified points.
Hypervolume 1500.2921721221342
pypal at iteration 87.         142 Pareto optimal points,         1609 discarded points,         1374 unclassified points.
Hypervolume 1500.2921721221342
pypal at iteration 88.         142 Pareto optimal points,         1610 discarded points,         1373 unclassified points.
Hypervolume 1500.2921721221342
pypal at iteration 89.         142 Pareto optimal points,         1611 discarded points,         1372 unclassified points.
Hypervolume 1500.2921721221342
pypal at iteration 90.         142 Pareto optimal points,         1612 discarded points,         1371 unclassified points.
Hypervolume 1500.2921721221342
Optimization restart 1/20, f = -1696.1340352005186
Optimization restart 2/20, f = -1695.273043927224
Optimization restart 3/20, f = -1694.2346181282096
Optimization restart 4/20, f = -1254.0398317565337
Optimization restart 5/20, f = -1695.1221439683386
Optimization restart 6/20, f = -1694.6473961720912
Optimization restart 7/20, f = -1694.89729625187
Optimization restart 8/20, f = -1694.2479682472126
Optimization restart 9/20, f = -1694.4741774599916
Optimization restart 10/20, f = -1679.4543388941554
Optimization restart 11/20, f = -1655.4477002029084
Optimization restart 12/20, f = -1694.8234858925568
Optimization restart 13/20, f = -1693.4072262361842
Optimization restart 14/20, f = -1696.0539410280644
Optimization restart 15/20, f = -1694.9174530239402
Optimization restart 16/20, f = -1696.0123109029796
Optimization restart 17/20, f = -1693.70872650709
Optimization restart 18/20, f = -1693.159486026712
Optimization restart 19/20, f = -1693.0784990883826
Optimization restart 20/20, f = -1695.6669226522179
pypal at iteration 91.         142 Pareto optimal points,         1785 discarded points,         1198 unclassified points.
Hypervolume 1500.2921721221342
pypal at iteration 92.         145 Pareto optimal points,         1786 discarded points,         1194 unclassified points.
Hypervolume 1500.2921721221342
pypal at iteration 93.         147 Pareto optimal points,         1787 discarded points,         1191 unclassified points.
Hypervolume 1500.2921721221342
pypal at iteration 94.         147 Pareto optimal points,         1788 discarded points,         1190 unclassified points.
Hypervolume 1500.2921721221342
pypal at iteration 95.         147 Pareto optimal points,         1789 discarded points,         1189 unclassified points.
Hypervolume 1500.2921721221342
pypal at iteration 96.         147 Pareto optimal points,         1790 discarded points,         1188 unclassified points.
Hypervolume 1500.2921721221342
pypal at iteration 97.         147 Pareto optimal points,         1791 discarded points,         1187 unclassified points.
Hypervolume 1500.2921721221342
pypal at iteration 98.         147 Pareto optimal points,         1792 discarded points,         1186 unclassified points.
Hypervolume 1500.2921721221342
pypal at iteration 99.         147 Pareto optimal points,         1796 discarded points,         1182 unclassified points.
Hypervolume 1500.2921721221342
pypal at iteration 100.         147 Pareto optimal points,         1799 discarded points,         1179 unclassified points.
Hypervolume 1500.2921721221342
Optimization restart 1/20, f = -1774.8268619737164
Optimization restart 2/20, f = -1755.4872955761687
Optimization restart 3/20, f = -1751.4829395657853
Optimization restart 4/20, f = -1773.2434035684464
Optimization restart 5/20, f = -1771.114892869796
Optimization restart 6/20, f = -1772.6049270891738
Optimization restart 7/20, f = -1770.7605647992355
Optimization restart 8/20, f = -1746.0363259051173
Optimization restart 9/20, f = -1772.5858626797926
Optimization restart 10/20, f = -1770.994258286744
Optimization restart 11/20, f = -1771.3221101749555
Optimization restart 12/20, f = -1772.3683687725377
Optimization restart 13/20, f = -1773.001070627326
Optimization restart 14/20, f = -1769.4317838266743
Optimization restart 15/20, f = -1773.2766989044878
Optimization restart 16/20, f = -1770.504920586439
Optimization restart 17/20, f = -1706.5035340055626
Optimization restart 18/20, f = -1770.7632032397503
Optimization restart 19/20, f = -1772.2961902578372
Optimization restart 20/20, f = -1773.4441314133119
pypal at iteration 101.         147 Pareto optimal points,         1805 discarded points,         1173 unclassified points.
Hypervolume 1500.2921721221342
pypal at iteration 102.         147 Pareto optimal points,         1834 discarded points,         1144 unclassified points.
Hypervolume 1500.2921721221342
pypal at iteration 103.         147 Pareto optimal points,         1835 discarded points,         1143 unclassified points.
Hypervolume 1500.2921721221342
pypal at iteration 104.         147 Pareto optimal points,         1836 discarded points,         1142 unclassified points.
Hypervolume 1500.2921721221342
pypal at iteration 105.         147 Pareto optimal points,         1837 discarded points,         1141 unclassified points.
Hypervolume 1500.2921721221342
pypal at iteration 106.         147 Pareto optimal points,         1838 discarded points,         1140 unclassified points.
Hypervolume 1500.2921721221342
pypal at iteration 107.         147 Pareto optimal points,         1839 discarded points,         1139 unclassified points.
Hypervolume 1500.2921721221342
pypal at iteration 108.         147 Pareto optimal points,         1840 discarded points,         1138 unclassified points.
Hypervolume 1500.2921721221342
pypal at iteration 109.         147 Pareto optimal points,         1841 discarded points,         1137 unclassified points.
Hypervolume 1500.2921721221342
pypal at iteration 110.         147 Pareto optimal points,         1842 discarded points,         1136 unclassified points.
Hypervolume 1500.2921721221342
Optimization restart 1/20, f = -1852.4680030121144
Optimization restart 2/20, f = -1849.5793112855024
Optimization restart 3/20, f = -1848.997308786295
Optimization restart 4/20, f = -1817.5458760748386
Optimization restart 5/20, f = -1849.2627023399655
Optimization restart 6/20, f = -1814.5170164053634
Optimization restart 7/20, f = -1786.7587690084056
Optimization restart 8/20, f = -1850.7692447801328
Optimization restart 9/20, f = -1851.5899152016395
Optimization restart 10/20, f = -1846.4126980984217
Optimization restart 11/20, f = -1850.9277469304084
Optimization restart 12/20, f = -1848.26914889195
Optimization restart 13/20, f = -1835.1489275152555
Optimization restart 14/20, f = -1847.7067479063167
Optimization restart 15/20, f = -1848.8213755820516
Optimization restart 16/20, f = -1851.5888911589075
Optimization restart 17/20, f = -1850.1383261702047
Optimization restart 18/20, f = -1850.5594170958013
Optimization restart 19/20, f = -1815.3990703496302
Optimization restart 20/20, f = -1346.0700836848282
pypal at iteration 111.         147 Pareto optimal points,         1843 discarded points,         1135 unclassified points.
Hypervolume 1500.2921721221342
pypal at iteration 112.         147 Pareto optimal points,         1844 discarded points,         1134 unclassified points.
Hypervolume 1500.2921721221342
pypal at iteration 113.         149 Pareto optimal points,         1872 discarded points,         1104 unclassified points.
Hypervolume 1500.2921721221342
pypal at iteration 114.         149 Pareto optimal points,         1879 discarded points,         1097 unclassified points.
Hypervolume 1500.2921721221342
pypal at iteration 115.         149 Pareto optimal points,         1880 discarded points,         1096 unclassified points.
Hypervolume 1500.2921721221342
pypal at iteration 116.         149 Pareto optimal points,         1881 discarded points,         1095 unclassified points.
Hypervolume 1500.2921721221342
pypal at iteration 117.         149 Pareto optimal points,         1882 discarded points,         1094 unclassified points.
Hypervolume 1500.2921721221342
pypal at iteration 118.         149 Pareto optimal points,         1883 discarded points,         1093 unclassified points.
Hypervolume 1500.2921721221342
pypal at iteration 119.         149 Pareto optimal points,         1884 discarded points,         1092 unclassified points.
Hypervolume 1500.2921721221342
pypal at iteration 120.         149 Pareto optimal points,         1885 discarded points,         1091 unclassified points.
Hypervolume 1500.2921721221342
Optimization restart 1/20, f = -1929.630609650725
Optimization restart 2/20, f = -1912.402738637255
Optimization restart 3/20, f = -1917.1389629788996
Optimization restart 4/20, f = -1925.4374441441087
Optimization restart 5/20, f = -274.78915604304274
Optimization restart 6/20, f = -1888.0055351207259
Optimization restart 7/20, f = -1926.3872215656477
Optimization restart 8/20, f = -1924.0572920528236
Optimization restart 9/20, f = -1888.287306506943
Optimization restart 10/20, f = -1926.854269719376
Optimization restart 11/20, f = -1928.401704322985
Optimization restart 12/20, f = -1902.2251155649606
Optimization restart 13/20, f = -1928.9484842446814
Optimization restart 14/20, f = -1912.8611051311295
Optimization restart 15/20, f = -1927.2326436770295
Optimization restart 16/20, f = -1925.548645381682
Optimization restart 17/20, f = -1926.398108332041
Optimization restart 18/20, f = -1926.8055034828146
Optimization restart 19/20, f = -1925.8096694438905
Optimization restart 20/20, f = -1905.6327180223288
pypal at iteration 121.         153 Pareto optimal points,         1887 discarded points,         1085 unclassified points.
Hypervolume 1500.2921721221342
pypal at iteration 122.         153 Pareto optimal points,         1888 discarded points,         1084 unclassified points.
Hypervolume 1500.2921721221342
pypal at iteration 123.         153 Pareto optimal points,         1889 discarded points,         1083 unclassified points.
Hypervolume 1500.2921721221342
pypal at iteration 124.         153 Pareto optimal points,         1890 discarded points,         1082 unclassified points.
Hypervolume 1500.2921721221342
pypal at iteration 125.         156 Pareto optimal points,         1891 discarded points,         1078 unclassified points.
Hypervolume 1500.292172122134
pypal at iteration 126.         168 Pareto optimal points,         1892 discarded points,         1065 unclassified points.
Hypervolume 1501.1735996914917
pypal at iteration 127.         168 Pareto optimal points,         1893 discarded points,         1064 unclassified points.
Hypervolume 1501.1735996914917
pypal at iteration 128.         168 Pareto optimal points,         1894 discarded points,         1063 unclassified points.
Hypervolume 1501.1735996914917
pypal at iteration 129.         168 Pareto optimal points,         1895 discarded points,         1062 unclassified points.
Hypervolume 1501.1735996914917
pypal at iteration 130.         168 Pareto optimal points,         1896 discarded points,         1061 unclassified points.
Hypervolume 1501.1735996914917
Optimization restart 1/20, f = -2006.8419079379373
Optimization restart 2/20, f = -2003.6846891103924
Optimization restart 3/20, f = -1991.931605889122
Optimization restart 4/20, f = -2003.23516698094
Optimization restart 5/20, f = -2006.1602256863189
Optimization restart 6/20, f = -2001.9034425476452
Optimization restart 7/20, f = -2004.7358793971448
Optimization restart 8/20, f = -1992.9285755309847
Optimization restart 9/20, f = -1979.2088289358703
Optimization restart 10/20, f = -2004.3633477423218
Optimization restart 11/20, f = -2000.2678547749902
Optimization restart 12/20, f = -2006.1304634928974
Optimization restart 13/20, f = -2002.4034418454398
Optimization restart 14/20, f = -1986.0332686691595
Optimization restart 15/20, f = -1991.3011285607176
Optimization restart 16/20, f = -1970.3950600561438
Optimization restart 17/20, f = -2002.9400062576765
Optimization restart 18/20, f = -2004.9245147133674
Optimization restart 19/20, f = -1985.7882816259585
Optimization restart 20/20, f = -1964.4287183147742
pypal at iteration 131.         168 Pareto optimal points,         1897 discarded points,         1060 unclassified points.
Hypervolume 1501.1735996914917
pypal at iteration 132.         169 Pareto optimal points,         1898 discarded points,         1058 unclassified points.
Hypervolume 1501.1735996914917
pypal at iteration 133.         169 Pareto optimal points,         1899 discarded points,         1057 unclassified points.
Hypervolume 1501.1735996914917
pypal at iteration 134.         169 Pareto optimal points,         1900 discarded points,         1056 unclassified points.
Hypervolume 1501.1735996914917
pypal at iteration 135.         169 Pareto optimal points,         1901 discarded points,         1055 unclassified points.
Hypervolume 1501.1735996914917
pypal at iteration 136.         169 Pareto optimal points,         1902 discarded points,         1054 unclassified points.
Hypervolume 1501.1735996914917
pypal at iteration 137.         169 Pareto optimal points,         1903 discarded points,         1053 unclassified points.
Hypervolume 1501.1735996914917
pypal at iteration 138.         169 Pareto optimal points,         1904 discarded points,         1052 unclassified points.
Hypervolume 1501.1735996914917
pypal at iteration 139.         169 Pareto optimal points,         1905 discarded points,         1051 unclassified points.
Hypervolume 1501.1735996914917
pypal at iteration 140.         169 Pareto optimal points,         1906 discarded points,         1050 unclassified points.
Hypervolume 1501.1735996914917
Optimization restart 1/20, f = -2079.1345111280507
Optimization restart 2/20, f = -2077.763341996608
Optimization restart 3/20, f = -2075.8085605825345
Optimization restart 4/20, f = -2075.5883126375825
Optimization restart 5/20, f = -2050.4031210263893
Optimization restart 6/20, f = -2072.450074253992
Optimization restart 7/20, f = -2077.315027745293
Optimization restart 8/20, f = -2074.9108299537934
Optimization restart 9/20, f = -2072.729389152939
Optimization restart 10/20, f = -2076.151341249529
Optimization restart 11/20, f = -2076.4011894698992
Optimization restart 12/20, f = -2078.0198299112267
Optimization restart 13/20, f = -2075.0301419617763
Optimization restart 14/20, f = -2062.9466949391904
Optimization restart 15/20, f = -2077.2969135970297
Optimization restart 16/20, f = -2076.1136714574277
Optimization restart 17/20, f = -2077.7611685501174
Optimization restart 18/20, f = -2071.154858841501
Optimization restart 19/20, f = -2071.704735364412
Optimization restart 20/20, f = -2076.1414696900138
pypal at iteration 141.         169 Pareto optimal points,         1907 discarded points,         1049 unclassified points.
Hypervolume 1501.1735996914917
pypal at iteration 142.         169 Pareto optimal points,         1908 discarded points,         1048 unclassified points.
Hypervolume 1501.1735996914917
pypal at iteration 143.         169 Pareto optimal points,         1909 discarded points,         1047 unclassified points.
Hypervolume 1501.1735996914917
pypal at iteration 144.         169 Pareto optimal points,         1910 discarded points,         1046 unclassified points.
Hypervolume 1501.1735996914917
pypal at iteration 145.         169 Pareto optimal points,         1911 discarded points,         1045 unclassified points.
Hypervolume 1501.1735996914917
pypal at iteration 146.         169 Pareto optimal points,         1912 discarded points,         1044 unclassified points.
Hypervolume 1501.1735996914917
pypal at iteration 147.         169 Pareto optimal points,         1913 discarded points,         1043 unclassified points.
Hypervolume 1501.1735996914917
pypal at iteration 148.         169 Pareto optimal points,         1914 discarded points,         1042 unclassified points.
Hypervolume 1501.1735996914917
pypal at iteration 149.         169 Pareto optimal points,         1915 discarded points,         1041 unclassified points.
Hypervolume 1501.1735996914917
pypal at iteration 150.         169 Pareto optimal points,         1916 discarded points,         1040 unclassified points.
Hypervolume 1501.1735996914917
Optimization restart 1/20, f = -2146.1480381077376
Optimization restart 2/20, f = -2137.5692199127707
Optimization restart 3/20, f = -2142.8718836028256
Optimization restart 4/20, f = -2079.543439699096
Optimization restart 5/20, f = -2143.951831275961
Optimization restart 6/20, f = -2043.0360341808187
Optimization restart 7/20, f = -2134.3095918489453
Optimization restart 8/20, f = -2116.966647755653
Optimization restart 9/20, f = -2130.0765639917636
Optimization restart 10/20, f = -2143.183256130348
Optimization restart 11/20, f = -2143.673853969223
Optimization restart 12/20, f = -2139.03468954193
Optimization restart 13/20, f = -2132.6248614470965
Optimization restart 14/20, f = -2144.3826475133237
Optimization restart 15/20, f = -2143.1044720952746
Optimization restart 16/20, f = -2140.029282629214
Optimization restart 17/20, f = -1969.9062042421986
Optimization restart 18/20, f = -2141.7833456002277
Optimization restart 19/20, f = -2142.3599592906266
Optimization restart 20/20, f = -2140.9380422544937
pypal at iteration 151.         169 Pareto optimal points,         1917 discarded points,         1039 unclassified points.
Hypervolume 1501.1735996914917
pypal at iteration 152.         169 Pareto optimal points,         1918 discarded points,         1038 unclassified points.
Hypervolume 1501.1735996914917
pypal at iteration 153.         169 Pareto optimal points,         1919 discarded points,         1037 unclassified points.
Hypervolume 1501.1735996914917
pypal at iteration 154.         169 Pareto optimal points,         1920 discarded points,         1036 unclassified points.
Hypervolume 1501.1735996914917
pypal at iteration 155.         169 Pareto optimal points,         1921 discarded points,         1035 unclassified points.
Hypervolume 1501.1735996914917
pypal at iteration 156.         169 Pareto optimal points,         1922 discarded points,         1034 unclassified points.
Hypervolume 1501.1735996914917
pypal at iteration 157.         169 Pareto optimal points,         1923 discarded points,         1033 unclassified points.
Hypervolume 1501.1735996914917
pypal at iteration 158.         169 Pareto optimal points,         1924 discarded points,         1032 unclassified points.
Hypervolume 1501.1735996914917
pypal at iteration 159.         169 Pareto optimal points,         1925 discarded points,         1031 unclassified points.
Hypervolume 1501.1735996914917
pypal at iteration 160.         169 Pareto optimal points,         1926 discarded points,         1030 unclassified points.
Hypervolume 1501.1735996914917
Optimization restart 1/20, f = -2217.263846086583
Optimization restart 2/20, f = -2212.0033055062077
Optimization restart 3/20, f = -2214.8036720010637
Optimization restart 4/20, f = -2210.010566728776
Optimization restart 5/20, f = -2214.140366719344
Optimization restart 6/20, f = -2210.696460717704
Optimization restart 7/20, f = -2147.643410854269
Optimization restart 8/20, f = -2213.1986088741396
Optimization restart 9/20, f = -2208.9614179587334
Optimization restart 10/20, f = -2213.7275793967956
Optimization restart 11/20, f = -2212.857071550325
Optimization restart 12/20, f = -2212.9087192948327
Optimization restart 13/20, f = -2209.4880668424944
Optimization restart 14/20, f = -2216.406163185416
Optimization restart 15/20, f = -2215.4422730746637
Optimization restart 16/20, f = -2050.3739275961825
Optimization restart 17/20, f = -2210.182843087644
Optimization restart 18/20, f = -2214.7172427363375
Optimization restart 19/20, f = -2202.7482811925565
Optimization restart 20/20, f = -2210.8362337566264
pypal at iteration 161.         169 Pareto optimal points,         1927 discarded points,         1029 unclassified points.
Hypervolume 1501.1735996914917
pypal at iteration 162.         169 Pareto optimal points,         1928 discarded points,         1028 unclassified points.
Hypervolume 1501.1735996914917
pypal at iteration 163.         169 Pareto optimal points,         1929 discarded points,         1027 unclassified points.
Hypervolume 1501.1735996914917
pypal at iteration 164.         169 Pareto optimal points,         1930 discarded points,         1026 unclassified points.
Hypervolume 1501.1735996914917
pypal at iteration 165.         169 Pareto optimal points,         1931 discarded points,         1025 unclassified points.
Hypervolume 1501.1735996914917
pypal at iteration 166.         169 Pareto optimal points,         1932 discarded points,         1024 unclassified points.
Hypervolume 1501.1735996914917
pypal at iteration 167.         169 Pareto optimal points,         1933 discarded points,         1023 unclassified points.
Hypervolume 1501.1735996914917
pypal at iteration 168.         169 Pareto optimal points,         1934 discarded points,         1022 unclassified points.
Hypervolume 1501.1735996914917
pypal at iteration 169.         169 Pareto optimal points,         1935 discarded points,         1021 unclassified points.
Hypervolume 1501.1735996914917
pypal at iteration 170.         169 Pareto optimal points,         1936 discarded points,         1020 unclassified points.
Hypervolume 1501.1735996914917
Optimization restart 1/20, f = -2281.459865392336
Optimization restart 2/20, f = -2279.237641433257
Optimization restart 3/20, f = -2078.267043938362
Optimization restart 4/20, f = -2278.8260521823067
Optimization restart 5/20, f = -2262.811314603763
Optimization restart 6/20, f = -2276.7996104457347
Optimization restart 7/20, f = -2231.275583418106
Optimization restart 8/20, f = -2277.657887371168
Optimization restart 9/20, f = -2277.8046484762335
Optimization restart 10/20, f = -2264.2139130907285
Optimization restart 11/20, f = -2180.1609344649924
Optimization restart 12/20, f = -2276.744008313079
Optimization restart 13/20, f = -2279.5510910969297
Optimization restart 14/20, f = -2268.1010618047994
Optimization restart 15/20, f = -2271.3764535139244
Optimization restart 16/20, f = -2267.292816336376
Optimization restart 17/20, f = -2278.20320064547
Optimization restart 18/20, f = -2249.6303234817738
Optimization restart 19/20, f = -2266.4552352392675
Optimization restart 20/20, f = -2278.118781165903
pypal at iteration 171.         170 Pareto optimal points,         2654 discarded points,         301 unclassified points.
Hypervolume 1501.1735996914917
pypal at iteration 172.         170 Pareto optimal points,         2663 discarded points,         292 unclassified points.
Hypervolume 1501.1735996914917
pypal at iteration 173.         180 Pareto optimal points,         2663 discarded points,         282 unclassified points.
Hypervolume 1501.173599691492
pypal at iteration 174.         180 Pareto optimal points,         2663 discarded points,         282 unclassified points.
Hypervolume 1501.173599691492
pypal at iteration 175.         180 Pareto optimal points,         2663 discarded points,         282 unclassified points.
Hypervolume 1501.173599691492
pypal at iteration 176.         180 Pareto optimal points,         2664 discarded points,         281 unclassified points.
Hypervolume 1501.173599691492
pypal at iteration 177.         180 Pareto optimal points,         2665 discarded points,         280 unclassified points.
Hypervolume 1501.173599691492
pypal at iteration 178.         180 Pareto optimal points,         2665 discarded points,         280 unclassified points.
Hypervolume 1501.173599691492
pypal at iteration 179.         180 Pareto optimal points,         2666 discarded points,         279 unclassified points.
Hypervolume 1501.173599691492
pypal at iteration 180.         180 Pareto optimal points,         2667 discarded points,         278 unclassified points.
Hypervolume 1501.173599691492
Optimization restart 1/20, f = -2346.029603000781
Optimization restart 2/20, f = -2168.7644570737516
Optimization restart 3/20, f = -2339.865686962664
Optimization restart 4/20, f = -2270.3730365367337
Optimization restart 5/20, f = -2342.6556810819866
Optimization restart 6/20, f = -2339.8153941397004
Optimization restart 7/20, f = -2339.8069958555943
Optimization restart 8/20, f = -2332.618209814051
Optimization restart 9/20, f = -2343.6102960688318
Optimization restart 10/20, f = -2343.207310658666
Optimization restart 11/20, f = -2341.7742586161016
Optimization restart 12/20, f = -2336.2455437210965
Optimization restart 13/20, f = -2333.9987167192276
Optimization restart 14/20, f = -2343.5170949317912
Optimization restart 15/20, f = -2343.20065645779
Optimization restart 16/20, f = -2344.444886171501
Optimization restart 17/20, f = -2340.4664582554906
Optimization restart 18/20, f = -2331.857876727662
Optimization restart 19/20, f = -2343.3197010204813
Optimization restart 20/20, f = -2340.6020011718115
pypal at iteration 181.         180 Pareto optimal points,         2668 discarded points,         277 unclassified points.
Hypervolume 1501.173599691492
pypal at iteration 182.         180 Pareto optimal points,         2669 discarded points,         276 unclassified points.
Hypervolume 1501.173599691492
pypal at iteration 183.         180 Pareto optimal points,         2670 discarded points,         275 unclassified points.
Hypervolume 1501.173599691492
pypal at iteration 184.         180 Pareto optimal points,         2671 discarded points,         274 unclassified points.
Hypervolume 1501.173599691492
pypal at iteration 185.         181 Pareto optimal points,         2845 discarded points,         99 unclassified points.
Hypervolume 1501.1735996914917
pypal at iteration 186.         181 Pareto optimal points,         2845 discarded points,         99 unclassified points.
Hypervolume 1501.1735996914917
pypal at iteration 187.         184 Pareto optimal points,         2845 discarded points,         96 unclassified points.
Hypervolume 1501.1735996914917
pypal at iteration 188.         184 Pareto optimal points,         2845 discarded points,         96 unclassified points.
Hypervolume 1501.1735996914917
pypal at iteration 189.         184 Pareto optimal points,         2845 discarded points,         96 unclassified points.
Hypervolume 1501.1735996914917
pypal at iteration 190.         184 Pareto optimal points,         2845 discarded points,         96 unclassified points.
Hypervolume 1501.1735996914917
Optimization restart 1/20, f = -2402.230223719712
Optimization restart 2/20, f = -2394.7752249406585
Optimization restart 3/20, f = -2400.8266169963213
Optimization restart 4/20, f = -2399.30399406078
Optimization restart 5/20, f = -2399.212058807167
Optimization restart 6/20, f = -2397.9380180711823
Optimization restart 7/20, f = -2387.018173958783
Optimization restart 8/20, f = -2391.8692894789433
Optimization restart 9/20, f = -2398.1608352461526
Optimization restart 10/20, f = -2399.871429575134
Optimization restart 11/20, f = -2394.8036432377953
Optimization restart 12/20, f = -2399.7463762326265
Optimization restart 13/20, f = -2395.65056404851
Optimization restart 14/20, f = -2393.1616471407833
Optimization restart 15/20, f = -2392.903970253497
Optimization restart 16/20, f = -2388.98674751509
Optimization restart 17/20, f = -2250.263618015969
Optimization restart 18/20, f = -2386.8775727412035
Optimization restart 19/20, f = -2311.607016253476
Optimization restart 20/20, f = -2386.961967539523
pypal at iteration 191.         184 Pareto optimal points,         2845 discarded points,         96 unclassified points.
Hypervolume 1501.1735996914917
pypal at iteration 192.         184 Pareto optimal points,         2846 discarded points,         95 unclassified points.
Hypervolume 1501.1735996914917
pypal at iteration 193.         184 Pareto optimal points,         2847 discarded points,         94 unclassified points.
Hypervolume 1501.1735996914917
pypal at iteration 194.         184 Pareto optimal points,         2847 discarded points,         94 unclassified points.
Hypervolume 1501.1735996914917
pypal at iteration 195.         184 Pareto optimal points,         2848 discarded points,         93 unclassified points.
Hypervolume 1501.1735996914917
pypal at iteration 196.         184 Pareto optimal points,         2849 discarded points,         92 unclassified points.
Hypervolume 1501.1735996914917
pypal at iteration 197.         184 Pareto optimal points,         2850 discarded points,         91 unclassified points.
Hypervolume 1501.1735996914917
pypal at iteration 198.         184 Pareto optimal points,         2851 discarded points,         90 unclassified points.
Hypervolume 1501.1735996914917
pypal at iteration 199.         184 Pareto optimal points,         2852 discarded points,         89 unclassified points.
Hypervolume 1501.1735996914917
pypal at iteration 200.         184 Pareto optimal points,         2853 discarded points,         88 unclassified points.
Hypervolume 1501.1735996914917
Optimization restart 1/20, f = -2462.4824315104333
Optimization restart 2/20, f = -2461.146014051766
Optimization restart 3/20, f = -2459.120446821803
Optimization restart 4/20, f = -2453.7368084809727
Optimization restart 5/20, f = -2447.0850978558324
Optimization restart 6/20, f = -2454.254019812684
Optimization restart 7/20, f = -2457.4517032015137
Optimization restart 8/20, f = -2459.738934021615
Optimization restart 9/20, f = -2445.1394875389988
Optimization restart 10/20, f = -2459.0721455773237
Optimization restart 11/20, f = -2459.164403596028
Optimization restart 12/20, f = -2454.96117032883
Optimization restart 13/20, f = -2460.3344186146037
Optimization restart 14/20, f = -2460.6906389408987
Optimization restart 15/20, f = -2460.3865244667813
Optimization restart 16/20, f = -2201.950351523087
Optimization restart 17/20, f = -2413.5313564227745
Optimization restart 18/20, f = -2448.639063600488
Optimization restart 19/20, f = -2461.001541070248
Optimization restart 20/20, f = -2458.0384029273905
pypal at iteration 201.         184 Pareto optimal points,         2853 discarded points,         88 unclassified points.
Hypervolume 1501.1735996914917
pypal at iteration 202.         184 Pareto optimal points,         2854 discarded points,         87 unclassified points.
Hypervolume 1501.1735996914917
pypal at iteration 203.         184 Pareto optimal points,         2855 discarded points,         86 unclassified points.
Hypervolume 1501.1735996914917
pypal at iteration 204.         184 Pareto optimal points,         2856 discarded points,         85 unclassified points.
Hypervolume 1501.1735996914917
pypal at iteration 205.         185 Pareto optimal points,         2857 discarded points,         83 unclassified points.
Hypervolume 1501.173599691492
pypal at iteration 206.         185 Pareto optimal points,         2858 discarded points,         82 unclassified points.
Hypervolume 1501.173599691492
pypal at iteration 207.         185 Pareto optimal points,         2859 discarded points,         81 unclassified points.
Hypervolume 1501.173599691492
pypal at iteration 208.         185 Pareto optimal points,         2859 discarded points,         81 unclassified points.
Hypervolume 1501.173599691492
pypal at iteration 209.         185 Pareto optimal points,         2859 discarded points,         81 unclassified points.
Hypervolume 1501.173599691492
pypal at iteration 210.         189 Pareto optimal points,         2860 discarded points,         76 unclassified points.
Hypervolume 1501.1735996914917
Optimization restart 1/20, f = -2511.1900606453282
Optimization restart 2/20, f = -2508.1112205784957
Optimization restart 3/20, f = -2505.1387066573734
Optimization restart 4/20, f = -2508.9228652891643
Optimization restart 5/20, f = -2493.485389794354
Optimization restart 6/20, f = -2507.674284010758
Optimization restart 7/20, f = -2486.0813596468233
Optimization restart 8/20, f = -2510.480549081611
Optimization restart 9/20, f = -2509.2576440156754
Optimization restart 10/20, f = -2507.2289910550994
Optimization restart 11/20, f = -2509.9082513818353
Optimization restart 12/20, f = -2506.778681417888
Optimization restart 13/20, f = -2507.001989465026
Optimization restart 14/20, f = -2510.970498269191
Optimization restart 15/20, f = -2509.6246291406524
Optimization restart 16/20, f = -2506.5749255048595
Optimization restart 17/20, f = -2505.6818402487634
Optimization restart 18/20, f = -2507.1009902855612
Optimization restart 19/20, f = -2507.2668920462456
Optimization restart 20/20, f = -2508.664490683226
pypal at iteration 211.         189 Pareto optimal points,         2869 discarded points,         67 unclassified points.
Hypervolume 1501.1735996914917
pypal at iteration 212.         190 Pareto optimal points,         2931 discarded points,         4 unclassified points.
Hypervolume 1504.2551156592172
pypal at iteration 213.         190 Pareto optimal points,         2931 discarded points,         4 unclassified points.
Hypervolume 1504.2551156592172
pypal at iteration 214.         190 Pareto optimal points,         2931 discarded points,         4 unclassified points.
Hypervolume 1504.2551156592172
pypal at iteration 215.         190 Pareto optimal points,         2931 discarded points,         4 unclassified points.
Hypervolume 1504.2551156592172
pypal at iteration 216.         190 Pareto optimal points,         2931 discarded points,         4 unclassified points.
Hypervolume 1504.2551156592172
pypal at iteration 217.         190 Pareto optimal points,         2931 discarded points,         4 unclassified points.
Hypervolume 1504.2551156592172
pypal at iteration 218.         190 Pareto optimal points,         2931 discarded points,         4 unclassified points.
Hypervolume 1504.2551156592172
pypal at iteration 219.         190 Pareto optimal points,         2931 discarded points,         4 unclassified points.
Hypervolume 1504.2551156592172
pypal at iteration 220.         190 Pareto optimal points,         2931 discarded points,         4 unclassified points.
Hypervolume 1504.2551156592172
Optimization restart 1/20, f = -2568.9041148560864
Optimization restart 2/20, f = -2559.629712377261
Optimization restart 3/20, f = -2561.260330743474
Optimization restart 4/20, f = -2564.9813906773516
Optimization restart 5/20, f = -2566.7267432411704
Optimization restart 6/20, f = -2568.7729414008427
Optimization restart 7/20, f = -2567.6493570745356
Optimization restart 8/20, f = -2517.8666831247247
Optimization restart 9/20, f = -2554.3826244786396
Optimization restart 10/20, f = -2561.620273857505
Optimization restart 11/20, f = -2566.8685198839453
Optimization restart 12/20, f = -2568.6490336125703
Optimization restart 13/20, f = -2455.130518750836
Optimization restart 14/20, f = -2566.246784959291
Optimization restart 15/20, f = -2481.86477087655
Optimization restart 16/20, f = -2568.258790960418
Optimization restart 17/20, f = -2566.3971137944886
Optimization restart 18/20, f = -2567.4712056560393
Optimization restart 19/20, f = -2566.8489535058825
Optimization restart 20/20, f = -2566.1843319369227
pypal at iteration 221.         190 Pareto optimal points,         2931 discarded points,         4 unclassified points.
Hypervolume 1504.2551156592172
pypal at iteration 222.         190 Pareto optimal points,         2931 discarded points,         4 unclassified points.
Hypervolume 1504.2551156592172
pypal at iteration 223.         190 Pareto optimal points,         2931 discarded points,         4 unclassified points.
Hypervolume 1504.2551156592172
pypal at iteration 224.         190 Pareto optimal points,         2931 discarded points,         4 unclassified points.
Hypervolume 1504.2551156592172
pypal at iteration 225.         190 Pareto optimal points,         2931 discarded points,         4 unclassified points.
Hypervolume 1504.2551156592172
pypal at iteration 226.         190 Pareto optimal points,         2931 discarded points,         4 unclassified points.
Hypervolume 1504.2551156592172
pypal at iteration 227.         190 Pareto optimal points,         2932 discarded points,         3 unclassified points.
Hypervolume 1504.2551156592172
pypal at iteration 228.         190 Pareto optimal points,         2932 discarded points,         3 unclassified points.
Hypervolume 1504.2551156592172
pypal at iteration 229.         190 Pareto optimal points,         2932 discarded points,         3 unclassified points.
Hypervolume 1504.2551156592172
pypal at iteration 230.         190 Pareto optimal points,         2932 discarded points,         3 unclassified points.
Hypervolume 1504.2551156592172
Optimization restart 1/20, f = -2639.1307429480057
Optimization restart 2/20, f = -2638.740655704821
Optimization restart 3/20, f = -2637.022914621779
Optimization restart 4/20, f = -2624.0657112208582
Optimization restart 5/20, f = -2637.526678207244
Optimization restart 6/20, f = -2418.217966335733
Optimization restart 7/20, f = -2628.870994859944
Optimization restart 8/20, f = -2626.666155218366
Optimization restart 9/20, f = -2587.5671326915217
Optimization restart 10/20, f = -2635.0157328110845
Optimization restart 11/20, f = -2637.8987161869627
Optimization restart 12/20, f = -2626.3855186704486
Optimization restart 13/20, f = -2624.5234747828326
Optimization restart 14/20, f = -2638.409569459869
Optimization restart 15/20, f = -2636.289850939339
Optimization restart 16/20, f = -2634.646123337946
Optimization restart 17/20, f = -2635.660688344571
Optimization restart 18/20, f = -2637.8704840674955
Optimization restart 19/20, f = -2553.9940551591712
Optimization restart 20/20, f = -2633.747989139289
pypal at iteration 231.         190 Pareto optimal points,         2932 discarded points,         3 unclassified points.
Hypervolume 1504.2551156592172
pypal at iteration 232.         190 Pareto optimal points,         2932 discarded points,         3 unclassified points.
Hypervolume 1504.2551156592172
pypal at iteration 233.         190 Pareto optimal points,         2932 discarded points,         3 unclassified points.
Hypervolume 1504.2551156592172
pypal at iteration 234.         190 Pareto optimal points,         2932 discarded points,         3 unclassified points.
Hypervolume 1504.2551156592172
pypal at iteration 235.         190 Pareto optimal points,         2932 discarded points,         3 unclassified points.
Hypervolume 1504.2551156592172
pypal at iteration 236.         190 Pareto optimal points,         2932 discarded points,         3 unclassified points.
Hypervolume 1504.2551156592172
pypal at iteration 237.         190 Pareto optimal points,         2932 discarded points,         3 unclassified points.
Hypervolume 1504.2551156592172
pypal at iteration 238.         190 Pareto optimal points,         2932 discarded points,         3 unclassified points.
Hypervolume 1504.2551156592172
pypal at iteration 239.         190 Pareto optimal points,         2932 discarded points,         3 unclassified points.
Hypervolume 1504.2551156592172
pypal at iteration 240.         190 Pareto optimal points,         2932 discarded points,         3 unclassified points.
Hypervolume 1504.2551156592172
Optimization restart 1/20, f = -2691.7871549399797
Optimization restart 2/20, f = -2691.0968802151738
Optimization restart 3/20, f = -2689.6460227360158
Optimization restart 4/20, f = -2689.045506713782
Optimization restart 5/20, f = -2642.732547712013
Optimization restart 6/20, f = -2690.7940162922396
Optimization restart 7/20, f = -2690.7867949042047
Optimization restart 8/20, f = -2675.52816049577
Optimization restart 9/20, f = -2686.594021659971
Optimization restart 10/20, f = -2691.4802876750346
Optimization restart 11/20, f = -2690.1888609681873
Optimization restart 12/20, f = -2685.760027255823
Optimization restart 13/20, f = -2688.15983030394
Optimization restart 14/20, f = -2687.6941282508437
Optimization restart 15/20, f = -2690.4834813221346
Optimization restart 16/20, f = -2690.7560168155815
Optimization restart 17/20, f = -2687.1507042077055
Optimization restart 18/20, f = -2689.8839910008187
Optimization restart 19/20, f = -2479.5568754690757
Optimization restart 20/20, f = -2650.385724112437
pypal at iteration 241.         190 Pareto optimal points,         2932 discarded points,         3 unclassified points.
Hypervolume 1504.2551156592172
pypal at iteration 242.         190 Pareto optimal points,         2932 discarded points,         3 unclassified points.
Hypervolume 1504.2551156592172
pypal at iteration 243.         190 Pareto optimal points,         2932 discarded points,         3 unclassified points.
Hypervolume 1504.2551156592172
pypal at iteration 244.         190 Pareto optimal points,         2932 discarded points,         3 unclassified points.
Hypervolume 1504.2551156592172
pypal at iteration 245.         190 Pareto optimal points,         2932 discarded points,         3 unclassified points.
Hypervolume 1504.2551156592172
pypal at iteration 246.         190 Pareto optimal points,         2932 discarded points,         3 unclassified points.
Hypervolume 1504.2551156592172
pypal at iteration 247.         190 Pareto optimal points,         2932 discarded points,         3 unclassified points.
Hypervolume 1504.2551156592172
pypal at iteration 248.         190 Pareto optimal points,         2932 discarded points,         3 unclassified points.
Hypervolume 1504.2551156592172
pypal at iteration 249.         190 Pareto optimal points,         2932 discarded points,         3 unclassified points.
Hypervolume 1504.2551156592172
pypal at iteration 250.         190 Pareto optimal points,         2932 discarded points,         3 unclassified points.
Hypervolume 1504.2551156592172
Optimization restart 1/20, f = -2758.4407542685913
Optimization restart 2/20, f = -2749.735110301551
Optimization restart 3/20, f = -2756.0352438505615
Optimization restart 4/20, f = -2752.2814544365465
Optimization restart 5/20, f = -2757.244367922577
Optimization restart 6/20, f = -2675.5880846096034
Optimization restart 7/20, f = -2757.8234181848347
Optimization restart 8/20, f = -2755.546090784041
Optimization restart 9/20, f = -2743.6430803785984
Optimization restart 10/20, f = -2678.667280782145
Optimization restart 11/20, f = -2755.9437410657874
Optimization restart 12/20, f = -2754.022395908651
Optimization restart 13/20, f = -2753.5111843253953
Optimization restart 14/20, f = -2756.62382692219
Optimization restart 15/20, f = -2757.361900444217
Optimization restart 16/20, f = -2747.282764036266
Optimization restart 17/20, f = -2756.9179145539047
Optimization restart 18/20, f = -2739.680593867982
Optimization restart 19/20, f = -2757.4519308982763
Optimization restart 20/20, f = -2743.1951896427545
pypal at iteration 251.         190 Pareto optimal points,         2932 discarded points,         3 unclassified points.
Hypervolume 1504.2551156592172
pypal at iteration 252.         190 Pareto optimal points,         2932 discarded points,         3 unclassified points.
Hypervolume 1504.2551156592172
pypal at iteration 253.         190 Pareto optimal points,         2932 discarded points,         3 unclassified points.
Hypervolume 1504.2551156592172
pypal at iteration 254.         190 Pareto optimal points,         2932 discarded points,         3 unclassified points.
Hypervolume 1504.2551156592172
pypal at iteration 255.         190 Pareto optimal points,         2932 discarded points,         3 unclassified points.
Hypervolume 1504.2551156592172
pypal at iteration 256.         190 Pareto optimal points,         2933 discarded points,         2 unclassified points.
Hypervolume 1504.2551156592172
pypal at iteration 257.         190 Pareto optimal points,         2934 discarded points,         1 unclassified points.
Hypervolume 1504.2551156592172
pypal at iteration 258.         190 Pareto optimal points,         2934 discarded points,         1 unclassified points.
Hypervolume 1504.2551156592172
pypal at iteration 259.         190 Pareto optimal points,         2934 discarded points,         1 unclassified points.
Hypervolume 1504.2551156592172
pypal at iteration 260.         190 Pareto optimal points,         2934 discarded points,         1 unclassified points.
Hypervolume 1504.2551156592172
Optimization restart 1/20, f = -2810.2537109440404
Optimization restart 2/20, f = -2803.5393655608214
Optimization restart 3/20, f = -2807.6751227388513
Optimization restart 4/20, f = -2809.3112397844607
Optimization restart 5/20, f = -2808.073311786465
Optimization restart 6/20, f = -2808.1031032152296
Optimization restart 7/20, f = -2809.370787484262
Optimization restart 8/20, f = -2763.4304484619206
Optimization restart 9/20, f = -2808.362851259127
Optimization restart 10/20, f = -2809.532615651232
Optimization restart 11/20, f = -2808.3223845837747
Optimization restart 12/20, f = -2808.3532618933305
Optimization restart 13/20, f = -2807.530890158244
Optimization restart 14/20, f = -2588.722463115191
Optimization restart 15/20, f = -2803.2839575304697
Optimization restart 16/20, f = -2589.2142170394145
Optimization restart 17/20, f = -2809.1808485993383
Optimization restart 18/20, f = -2804.1507168845283
Optimization restart 19/20, f = -2800.6703164936753
Optimization restart 20/20, f = -2802.0165793684396
pypal at iteration 261.         190 Pareto optimal points,         2934 discarded points,         1 unclassified points.
Hypervolume 1504.2551156592172
pypal at iteration 262.         190 Pareto optimal points,         2934 discarded points,         1 unclassified points.
Hypervolume 1504.2551156592172
pypal at iteration 263.         190 Pareto optimal points,         2934 discarded points,         1 unclassified points.
Hypervolume 1504.2551156592172
pypal at iteration 264.         190 Pareto optimal points,         2934 discarded points,         1 unclassified points.
Hypervolume 1504.2551156592172
pypal at iteration 265.         190 Pareto optimal points,         2934 discarded points,         1 unclassified points.
Hypervolume 1504.2551156592172
pypal at iteration 266.         190 Pareto optimal points,         2934 discarded points,         1 unclassified points.
Hypervolume 1504.2551156592172
Done. No unclassified point left
pypal at iteration 266.         190 Pareto optimal points,         2935 discarded points,         0 unclassified points.
Hypervolume 1504.2551156592172
